1        1   (0)      1  : 0.1991 0.2562 0.0947 0.0000 0.0220 0.0343 0.1219 0.0676 0.1476 0.0566
2        2   (0)      1  : 0.0000 0.0000 0.0000 0.0237 0.8231 0.0880 0.0000 0.0000 0.0000 0.0652
3        3   (0)      1  : 0.0761 0.0000 0.0144 0.0132 0.2761 0.1638 0.3198 0.0881 0.0431 0.0054
4        4   (0)      1  : 0.5693 0.0000 0.0000 0.0000 0.0593 0.0781 0.2774 0.0159 0.0000 0.0000
5        5   (0)      1  : 0.0291 0.0268 0.0179 0.2002 0.0000 0.0245 0.2235 0.4459 0.0222 0.0098
6        6   (0)      1  : 0.2007 0.0000 0.0000 0.1116 0.0341 0.1669 0.0000 0.0128 0.3794 0.0944
7        7   (0)      1  : 0.0427 0.1861 0.0000 0.0627 0.1746 0.0000 0.1164 0.0000 0.0683 0.3492
8        8   (0)      1  : 0.0000 0.0000 0.0000 0.0000 0.1905 0.0000 0.1517 0.1578 0.5000 0.0000
9        9   (0)      1  : 0.0000 0.4589 0.0397 0.1427 0.0744 0.0000 0.0000 0.1995 0.0627 0.0220
10       10   (0)      1  : 0.3298 0.3051 0.0264 0.0000 0.0000 0.0000 0.3378 0.0009 0.0000 0.0000
11       11   (0)      1  : 0.0000 0.7500 0.0000 0.0000 0.0000 0.0000 0.0000 0.2500 0.0000 0.0000
12       12   (0)      1  : 0.0000 0.1642 0.0792 0.0000 0.2179 0.0000 0.1660 0.3674 0.0054 0.0000
13       13   (0)      2  : 0.0231 0.3988 0.0000 0.0000 0.4113 0.0329 0.0000 0.0000 0.1153 0.0186
14       14   (0)      2  : 0.0000 0.7500 0.0000 0.0000 0.0000 0.0000 0.0000 0.2500 0.0000 0.0000
15       15   (0)      2  : 0.0000 0.7614 0.0000 0.0000 0.0000 0.0000 0.0000 0.2386 0.0000 0.0000
16       16   (0)      2  : 0.0000 0.9717 0.0000 0.0000 0.0000 0.0000 0.0000 0.0000 0.0000 0.0283
17       17   (0)      2  : 0.0232 0.3819 0.0406 0.0449 0.1750 0.0133 0.0638 0.0893 0.0482 0.1196
18       18   (0)      2  : 0.0000 0.7837 0.0360 0.0000 0.0000 0.0000 0.0000 0.1803 0.0000 0.0000
19       19   (0)      2  : 0.0000 0.7201 0.0000 0.0000 0.0232 0.0000 0.0452 0.2114 0.0000 0.0000
20       20   (0)      2  : 0.0334 0.1551 0.0007 0.1087 0.1170 0.0023 0.3765 0.1650 0.0412 0.0000
21       21   (0)      2  : 0.1203 0.0000 0.2224 0.0292 0.2500 0.2494 0.0000 0.1280 0.0006 0.0000
22       22   (0)      2  : 0.1334 0.2433 0.0000 0.0036 0.0000 0.0336 0.0897 0.1357 0.0392 0.3214
23       23   (0)      2  : 0.0000 0.4531 0.0000 0.0000 0.1026 0.0000 0.0000 0.2500 0.1943 0.0000
24       24   (0)      2  : 0.0000 0.0000 0.0548 0.0000 0.0000 0.0000 0.7500 0.0000 0.1358 0.0594
25       25   (0)      2  : 0.0000 0.4112 0.0572 0.0000 0.1278 0.1441 0.1408 0.0567 0.0623 0.0000
26       26   (0)      2  : 0.0000 0.0093 0.0000 0.0000 0.1434 0.1648 0.1149 0.4471 0.0779 0.0425
27       27   (0)      2  : 0.0574 0.0541 0.0235 0.1978 0.0602 0.1252 0.2314 0.1424 0.0415 0.0665
28       28   (0)      2  : 0.0000 0.7393 0.0000 0.0000 0.1711 0.0000 0.0000 0.0000 0.0000 0.0896
29       29   (0)      2  : 0.0477 0.0000 0.0771 0.3542 0.1699 0.0030 0.2261 0.0001 0.0328 0.0893
30       30   (0)      2  : 0.0000 0.5290 0.0000 0.0320 0.0416 0.0000 0.0436 0.0029 0.3002 0.0508
31       31   (0)      2  : 0.0000 0.1629 0.1349 0.3848 0.0000 0.0569 0.0000 0.1575 0.0000 0.1030
32       32   (0)      2  : 0.0000 0.1856 0.2003 0.0000 0.0458 0.1777 0.1696 0.0948 0.0000 0.1262
33       33   (0)      2  : 0.0054 0.9946 0.0000 0.0000 0.0000 0.0000 0.0000 0.0000 0.0000 0.0000
34       34   (0)      3  : 0.0492 0.0000 0.0306 0.0591 0.0649 0.0303 0.6500 0.0310 0.0851 0.0000
35       35   (0)      3  : 0.0000 0.0000 0.0000 1.0000 0.0000 0.0000 0.0000 0.0000 0.0000 0.0000
36       36   (0)      3  : 0.0000 0.0000 0.8280 0.0256 0.0794 0.0000 0.0000 0.0110 0.0560 0.0000
37       37   (0)      3  : 0.3936 0.0380 0.0960 0.0000 0.3712 0.0000 0.0000 0.0000 0.0000 0.1013
38       38   (0)      3  : 0.4914 0.0000 0.0366 0.0000 0.0734 0.2564 0.0410 0.0000 0.0862 0.0151
39       39   (0)      3  : 0.7500 0.0000 0.0000 0.0000 0.0000 0.1387 0.0000 0.0000 0.0000 0.1113
40       40   (0)      3  : 0.0000 0.0000 0.0472 0.0587 0.0203 0.6624 0.0391 0.0175 0.1548 0.0000
41       41   (0)      3  : 0.0327 0.0721 0.0637 0.2189 0.0000 0.0000 0.6126 0.0000 0.0000 0.0000
42       42   (0)      3  : 0.0133 0.2267 0.0559 0.2556 0.0000 0.0000 0.0233 0.0079 0.3988 0.0185
43       43   (0)      3  : 0.0909 0.0000 0.3823 0.4386 0.0000 0.0883 0.0000 0.0000 0.0000 0.0000
44       44   (0)      3  : 0.0000 0.0271 0.0000 0.0383 0.0731 0.0985 0.0000 0.0574 0.7056 0.0000
45       45   (0)      3  : 0.0875 0.0000 0.0490 0.0068 0.1782 0.1379 0.0000 0.0000 0.5000 0.0406
46       46   (0)      3  : 0.0991 0.0000 0.0267 0.0000 0.0321 0.6657 0.1765 0.0000 0.0000 0.0000
47       47   (0)      3  : 0.3688 0.1103 0.0000 0.0637 0.0000 0.1083 0.1851 0.0000 0.0977 0.0660
48       48   (0)      3  : 0.2500 0.0000 0.0000 0.3749 0.0000 0.2500 0.0000 0.0000 0.1251 0.0000
49       49   (0)      3  : 0.0000 0.0000 0.0000 0.0000 1.0000 0.0000 0.0000 0.0000 0.0000 0.0000
50       50   (0)      3  : 0.2371 0.0063 0.3411 0.0949 0.0000 0.1177 0.0309 0.0137 0.1582 0.0000
51       51   (0)      3  : 0.2500 0.0000 0.0000 0.0000 0.0000 0.2500 0.2500 0.0000 0.0000 0.2500
52       52   (0)      3  : 0.0000 0.0810 0.1575 0.1130 0.0000 0.0363 0.0729 0.3373 0.2020 0.0000
53       53   (0)      3  : 0.0370 0.0000 0.0000 0.4941 0.3260 0.0000 0.0000 0.1097 0.0331 0.0000
54       54   (0)      3  : 0.4372 0.0000 0.0000 0.0000 0.0000 0.2894 0.0000 0.1842 0.0892 0.0000
55       55   (0)      3  : 0.0000 0.0018 0.0000 0.0000 0.3003 0.0802 0.0000 0.1152 0.3486 0.1539
56       56   (0)      3  : 0.5050 0.0000 0.1444 0.0000 0.0916 0.1254 0.0000 0.0000 0.1102 0.0234
57       57   (0)      3  : 0.1117 0.0000 0.3095 0.0000 0.3689 0.0000 0.0000 0.0000 0.0716 0.1383
58       58   (0)      3  : 0.0000 0.0000 0.0643 0.0000 0.3903 0.3806 0.0176 0.0140 0.1332 0.0000
59       59   (0)      3  : 0.7544 0.0304 0.0971 0.0000 0.0000 0.0000 0.1180 0.0000 0.0000 0.0000
60       60   (0)      4  : 0.1055 0.3600 0.0000 0.0000 0.0000 0.0807 0.0000 0.0964 0.1074 0.2500
61       61   (0)      4  : 0.0912 0.5579 0.0000 0.2249 0.0000 0.0269 0.0122 0.0868 0.0000 0.0000
62       62   (0)      4  : 0.1244 0.0521 0.1720 0.0904 0.0138 0.0526 0.0000 0.0700 0.0889 0.3358
63       63   (0)      4  : 0.1394 0.0000 0.0887 0.0000 0.1311 0.0597 0.0000 0.1815 0.3995 0.0000
64       64   (0)      4  : 0.0000 0.0000 0.7500 0.0000 0.0000 0.0000 0.0000 0.0000 0.0000 0.2500
65       65   (0)      4  : 0.1464 0.0032 0.0647 0.0509 0.0000 0.3530 0.0000 0.0282 0.1036 0.2500
66       66   (0)      4  : 0.2005 0.0000 0.2975 0.4103 0.0000 0.0000 0.0000 0.0000 0.0124 0.0793
67       67   (0)      4  : 0.0000 0.0942 0.2179 0.0000 0.2375 0.0275 0.0000 0.1277 0.0000 0.2954
68       68   (0)      4  : 0.3515 0.0200 0.0674 0.0000 0.0000 0.0686 0.1750 0.0224 0.0994 0.1957
69       69   (0)      4  : 0.1625 0.0000 0.0000 0.0210 0.2263 0.1215 0.0000 0.0000 0.2538 0.2148
70       70   (0)      4  : 0.0469 0.3686 0.1424 0.0002 0.0000 0.0986 0.0370 0.3063 0.0000 0.0000
71       71   (0)      4  : 0.1368 0.0000 0.1934 0.0294 0.0333 0.3651 0.0181 0.0000 0.1836 0.0403
72       72   (0)      4  : 0.0000 0.3656 0.0000 0.0000 0.0000 0.0000 0.0000 0.0000 0.0657 0.5687
73       73   (0)      4  : 0.0000 0.0000 0.0000 0.0863 0.0000 0.1393 0.2934 0.0433 0.4377 0.0000
74       74   (0)      4  : 0.0000 0.0000 0.0737 0.7171 0.0366 0.0000 0.0228 0.0190 0.1308 0.0000
75       75   (0)      4  : 0.0000 0.0000 0.0000 1.0000 0.0000 0.0000 0.0000 0.0000 0.0000 0.0000
76       76   (0)      4  : 0.0672 0.0000 0.0489 0.3275 0.1761 0.0000 0.1472 0.0351 0.1539 0.0441
77       77   (0)      4  : 0.1430 0.0000 0.0848 0.1081 0.0199 0.1547 0.0750 0.1239 0.2142 0.0764
78       78   (0)      4  : 0.1111 0.0000 0.0468 0.0597 0.0203 0.0453 0.1230 0.0000 0.4850 0.1087
79       79   (0)      4  : 0.1228 0.0000 0.0612 0.2715 0.3099 0.0000 0.2345 0.0000 0.0000 0.0000
80       80   (0)      4  : 0.4119 0.0070 0.1009 0.0301 0.0020 0.0889 0.2202 0.0000 0.1051 0.0339
81       81   (0)      4  : 0.1199 0.4838 0.0000 0.0000 0.0000 0.0484 0.1362 0.1026 0.0507 0.0585
82       82   (0)      4  : 0.0000 0.0000 0.0000 0.3082 0.1172 0.0000 0.5257 0.0179 0.0311 0.0000
83       83   (0)      4  : 0.0000 0.0000 0.1896 0.0000 0.3807 0.1891 0.0511 0.0000 0.1895 0.0000
84       84   (0)      4  : 0.1077 0.0187 0.2113 0.0000 0.1316 0.1337 0.0587 0.0281 0.0920 0.2183
85       85   (0)      4  : 0.0000 0.4873 0.1035 0.0061 0.0000 0.0376 0.1651 0.1659 0.0278 0.0067
86       86   (0)      5  : 0.0828 0.0480 0.1848 0.0486 0.0856 0.4090 0.0631 0.0782 0.0000 0.0000
87       87   (0)      5  : 0.0498 0.0416 0.0180 0.3604 0.0625 0.1564 0.0788 0.0848 0.0451 0.1026
88       88   (0)      5  : 0.1479 0.0400 0.2331 0.1473 0.0424 0.1597 0.0670 0.1198 0.0146 0.0283
89       89   (0)      5  : 0.1208 0.0000 0.1813 0.0000 0.2004 0.0000 0.1994 0.1176 0.1140 0.0664
90       90   (0)      5  : 0.0000 0.0000 0.0000 0.0000 0.0000 0.0000 1.0000 0.0000 0.0000 0.0000
91       91   (0)      5  : 0.1188 0.0283 0.0462 0.0579 0.1353 0.2377 0.0000 0.0231 0.2802 0.0726
92       92   (0)      5  : 0.0632 0.0000 0.2510 0.2661 0.0105 0.0775 0.3100 0.0130 0.0088 0.0000
93       93   (0)      5  : 0.0000 0.0000 0.0000 0.0000 0.8117 0.0000 0.0738 0.0000 0.1145 0.0000
94       94   (0)      5  : 0.4558 0.0110 0.1602 0.0552 0.0000 0.1311 0.0452 0.0000 0.0360 0.1056
95       95   (0)      5  : 0.0000 0.1627 0.0192 0.0000 0.0794 0.1073 0.0000 0.5754 0.0559 0.0000
96       96   (0)      5  : 0.0100 0.0000 0.0000 0.0000 0.0000 0.7096 0.0545 0.0000 0.1870 0.0389
97       97   (0)      5  : 0.0000 0.0419 0.0000 0.0000 0.0303 0.0050 0.0949 0.0482 0.2090 0.5707
98       98   (0)      5  : 0.0409 0.0835 0.4480 0.0000 0.0001 0.3860 0.0000 0.0000 0.0000 0.0416
99       99   (0)      5  : 0.1110 0.0000 0.0000 0.0800 0.1654 0.2560 0.0000 0.0000 0.3875 0.0000
100      100   (0)      5  : 0.0498 0.0000 0.8314 0.0000 0.0000 0.0000 0.1187 0.0000 0.0000 0.0000
101      101   (0)      5  : 0.0327 0.0000 0.0493 0.0653 0.0583 0.4775 0.0000 0.0371 0.2553 0.0246
102      102   (0)      5  : 0.0000 0.0000 0.0127 0.3735 0.1018 0.1892 0.0000 0.0000 0.3224 0.0004
103      103   (0)      5  : 0.1160 0.0000 0.0741 0.0000 0.0000 0.6743 0.0000 0.0000 0.1357 0.0000
104      104   (0)      5  : 0.0000 0.0786 0.0000 0.2612 0.1863 0.0311 0.0249 0.0000 0.0000 0.4179
105      105   (0)      5  : 0.1685 0.0000 0.2964 0.0000 0.2126 0.0464 0.1992 0.0000 0.0768 0.0000
106      106   (0)      5  : 0.0000 0.1153 0.0579 0.3199 0.1824 0.0000 0.3119 0.0000 0.0000 0.0126
107      107   (0)      5  : 0.0959 0.0000 0.0000 0.0403 0.0000 0.4510 0.3053 0.0000 0.0000 0.1076
108      108   (0)      5  : 0.1229 0.1060 0.0000 0.1017 0.2472 0.0000 0.3145 0.0305 0.0242 0.0529
109      109   (0)      5  : 0.0000 0.1981 0.0000 0.0000 0.5854 0.0211 0.0389 0.0380 0.0000 0.1185
110      110   (0)      5  : 0.4581 0.0502 0.0000 0.0000 0.1255 0.0000 0.0000 0.0000 0.1162 0.2500
111      111   (0)      5  : 0.1171 0.0000 0.2500 0.3836 0.1351 0.0636 0.0000 0.0000 0.0000 0.0506
112      112   (0)      5  : 0.0445 0.0000 0.0322 0.1640 0.3225 0.1502 0.0867 0.0000 0.1676 0.0325
113      113   (0)      4  : 0.0382 0.0000 0.2151 0.1127 0.0590 0.0000 0.3886 0.0000 0.1864 0.0000
114      114   (0)      6  : 0.0414 0.0000 0.2230 0.0580 0.1317 0.0258 0.0353 0.1336 0.3511 0.0000
115      115   (0)      6  : 0.0529 0.1649 0.3048 0.0006 0.0882 0.0353 0.0194 0.0839 0.0000 0.2500
116      116   (0)      6  : 0.0000 0.3092 0.1449 0.0000 0.0000 0.0423 0.0378 0.2490 0.0825 0.1343
117      117   (0)      6  : 0.0000 0.3105 0.0000 0.0000 0.0000 0.0000 0.0000 0.5000 0.0794 0.1101
118      118   (0)      6  : 0.0000 0.2151 0.0000 0.0000 0.0000 0.0000 0.2034 0.5000 0.0814 0.0000
119      119   (0)      6  : 0.0000 0.7962 0.0000 0.0425 0.0000 0.0230 0.0000 0.1383 0.0000 0.0000
120      120   (0)      6  : 0.0000 0.0000 0.0817 0.2819 0.0496 0.0805 0.0000 0.0006 0.4653 0.0405
121      121   (0)      6  : 0.1191 0.1181 0.0899 0.3279 0.0446 0.1005 0.1266 0.0010 0.0000 0.0723
122      122   (0)      6  : 0.0713 0.0000 0.0000 0.2843 0.5096 0.0000 0.0653 0.0000 0.0694 0.0000
123      123   (0)      6  : 0.0000 0.1605 0.0905 0.0000 0.1538 0.0000 0.0513 0.0000 0.0000 0.5439
124      124   (0)      6  : 0.3090 0.0000 0.1319 0.0609 0.0935 0.3175 0.0087 0.0000 0.0000 0.0784
125      125   (0)      6  : 0.0212 0.0345 0.0000 0.0000 0.5093 0.0364 0.0424 0.0999 0.2294 0.0270
126      126   (0)      6  : 0.0000 0.0000 0.0000 0.2682 0.0666 0.0792 0.2567 0.0343 0.2345 0.0606
127      127   (0)      6  : 0.2012 0.4276 0.0000 0.0000 0.1691 0.0000 0.0284 0.1110 0.0627 0.0000
128      128   (0)      6  : 0.1577 0.0000 0.0000 0.0023 0.3050 0.0358 0.0548 0.0000 0.3851 0.0593
129      129   (0)      6  : 0.1373 0.0000 0.3806 0.0453 0.0399 0.0000 0.3611 0.0000 0.0358 0.0000
130      130   (0)      6  : 0.0000 0.1161 0.0000 0.0477 0.1204 0.0845 0.0002 0.0000 0.2391 0.3920
131      131   (0)      6  : 0.0257 0.3928 0.0000 0.0000 0.0956 0.0309 0.1383 0.2265 0.0000 0.0902
132      132   (0)      6  : 0.0679 0.0680 0.0382 0.0749 0.2469 0.3643 0.0000 0.0000 0.0830 0.0567
133      133   (0)      6  : 0.0000 0.0000 0.0000 0.0000 0.9018 0.0000 0.0982 0.0000 0.0000 0.0000
134      134   (0)      6  : 0.2427 0.0340 0.0971 0.0923 0.0094 0.1182 0.1209 0.0262 0.0537 0.2054
135      135   (0)      6  : 0.0000 0.5650 0.0000 0.1302 0.0309 0.0618 0.0000 0.1242 0.0880 0.0000
136      136   (0)      6  : 0.0145 0.1255 0.0957 0.2675 0.1234 0.1465 0.1219 0.0154 0.0000 0.0895
137      137   (0)      6  : 0.0640 0.0113 0.0757 0.1092 0.0444 0.0864 0.1185 0.2144 0.2760 0.0002
138      138   (0)      6  : 0.0000 0.0000 0.0365 0.6068 0.1501 0.0927 0.1139 0.0000 0.0000 0.0000
139      139   (0)      6  : 0.2255 0.0000 0.5715 0.0114 0.0899 0.0304 0.0000 0.0710 0.0003 0.0000
140      140   (0)      6  : 0.2965 0.2797 0.0292 0.0000 0.0000 0.0417 0.0000 0.1406 0.1041 0.1082
141      141   (0)      6  : 0.0454 0.1264 0.0000 0.0664 0.0625 0.1001 0.2500 0.2759 0.0167 0.0566
142      142   (0)      7  : 0.1244 0.0000 0.0983 0.2695 0.2529 0.1063 0.0577 0.0000 0.0910 0.0000
143      143   (0)      7  : 0.0000 0.9016 0.0000 0.0000 0.0422 0.0000 0.0562 0.0000 0.0000 0.0000
144      144   (0)      7  : 0.0827 0.0414 0.3125 0.1390 0.1585 0.0000 0.0837 0.0313 0.1072 0.0436
145      145   (0)      7  : 0.0102 0.0016 0.3522 0.0506 0.1121 0.0703 0.0000 0.0000 0.3031 0.0999
146      146   (0)      7  : 0.0490 0.0110 0.0000 0.2443 0.0000 0.0389 0.0422 0.2475 0.0495 0.3177
147      147   (0)      7  : 0.1467 0.0000 0.0000 0.0000 0.2130 0.3903 0.0000 0.0000 0.2500 0.0000
148      148   (0)      7  : 0.2201 0.0000 0.1692 0.1430 0.2975 0.0762 0.0681 0.0153 0.0000 0.0107
149      149   (0)      7  : 0.0276 0.4259 0.1403 0.0000 0.0000 0.0625 0.0000 0.2698 0.0738 0.0000
150      150   (0)      7  : 0.0029 0.1249 0.0000 0.0684 0.0759 0.1429 0.1326 0.4130 0.0262 0.0132
151      151   (0)      7  : 0.1539 0.3995 0.0264 0.0471 0.0235 0.0218 0.0000 0.1493 0.0250 0.1535
152      152   (0)      7  : 0.1830 0.0000 0.1228 0.1700 0.0000 0.2637 0.0510 0.0202 0.1892 0.0000
153      153   (0)      7  : 0.0000 0.6124 0.0000 0.0000 0.0000 0.0000 0.0000 0.3876 0.0000 0.0000
154      154   (0)      7  : 0.0932 0.0113 0.0000 0.0000 0.2420 0.2500 0.0459 0.0000 0.1607 0.1969
155      155   (0)      7  : 0.1591 0.2930 0.0144 0.0334 0.0000 0.0376 0.0000 0.3903 0.0295 0.0427
156      156   (0)      7  : 0.0000 0.0000 0.3828 0.0000 0.0000 0.3672 0.2500 0.0000 0.0000 0.0000
157      157   (0)      7  : 0.6189 0.0000 0.3811 0.0000 0.0000 0.0000 0.0000 0.0000 0.0000 0.0000
158      158   (0)      7  : 0.0000 0.0349 0.2342 0.2644 0.0394 0.1999 0.0196 0.1103 0.0558 0.0415
159      159   (0)      7  : 0.0540 0.4290 0.0617 0.0009 0.0000 0.0803 0.0177 0.3155 0.0410 0.0000
160      160   (0)      7  : 0.0527 0.2174 0.0415 0.0000 0.0197 0.1017 0.0455 0.2162 0.2630 0.0423
161      161   (0)      7  : 0.0320 0.3554 0.0000 0.0000 0.0000 0.0000 0.0319 0.4087 0.0000 0.1720
162      162   (0)      7  : 0.0201 0.0661 0.0210 0.2160 0.0537 0.0000 0.0011 0.0741 0.5386 0.0093
163      163   (0)      7  : 0.1326 0.0000 0.7004 0.0000 0.0000 0.0543 0.0000 0.0209 0.0594 0.0324
164      164   (0)      7  : 0.0440 0.2307 0.0660 0.2533 0.0000 0.0662 0.1032 0.0213 0.0214 0.1940
165      165   (0)      7  : 0.0000 0.3137 0.0000 0.0808 0.0714 0.0000 0.0564 0.1042 0.2948 0.0786
166      166   (0)      7  : 0.0438 0.0523 0.2492 0.0000 0.0000 0.0289 0.0305 0.0495 0.1720 0.3737
167      167   (0)      7  : 0.2871 0.0000 0.1704 0.0079 0.0000 0.1906 0.0472 0.0000 0.2873 0.0096
168      168   (0)      7  : 0.0672 0.0448 0.0976 0.2911 0.0301 0.2078 0.0576 0.0000 0.0608 0.1431
169      169   (0)      7  : 0.0576 0.6170 0.0000 0.0000 0.0000 0.0638 0.0001 0.1339 0.1277 0.0000
