  1        1   (0)      1 :  0.8599 0.0691 0.0000 0.0710 
  2        2   (0)      1 :  0.8715 0.0698 0.0014 0.0574 
  3        3   (0)      1 :  0.0000 1.0000 0.0000 0.0000 
  4        4   (0)      1 :  0.8934 0.0382 0.0000 0.0684 
  5        5   (0)      1 :  0.9130 0.0000 0.0000 0.0870 
  6        6   (0)      1 :  0.7135 0.2076 0.0000 0.0789 
  7        7   (0)      1 :  0.9362 0.0000 0.0000 0.0638 
  8        8   (0)      1 :  0.9602 0.0000 0.0000 0.0398 
  9        9   (0)      1 :  0.0000 1.0000 0.0000 0.0000 
 10       10   (0)      1 :  0.8644 0.0686 0.0000 0.0670 
 11       11   (0)      1 :  0.9179 0.0000 0.0000 0.0821 
 12       12   (0)      1 :  0.9433 0.0000 0.0000 0.0567 
 13       13   (0)      1 :  0.8977 0.0368 0.0000 0.0655 
 14       14   (0)      1 :  0.9087 0.0000 0.0000 0.0913 
 15       15   (0)      2 :  0.9642 0.0000 0.0000 0.0358 
 16       16   (0)      2 :  0.0000 0.0000 0.6241 0.3759 
 17       17   (0)      2 :  0.0000 0.0000 0.9447 0.0553 
 18       18   (0)      2 :  0.0000 0.0000 0.5482 0.4518 
 19       19   (0)      2 :  0.0000 0.0000 0.9080 0.0920 
 20       20   (0)      2 :  0.0017 0.0000 0.7184 0.2799 
 21       21   (0)      2 :  0.0000 0.0000 0.9042 0.0958 
 22       22   (0)      2 :  0.0000 0.0000 0.5826 0.4174 
 23       23   (0)      1 :  0.8964 0.0039 0.0069 0.0928 
 24       24   (0)      1 :  0.8226 0.0474 0.0238 0.1061 
 25       25   (0)      1 :  0.0000 1.0000 0.0000 0.0000 
 26       26   (0)      1 :  0.9073 0.0076 0.0000 0.0851 
 27       27   (0)      2 :  0.0000 0.0000 0.3500 0.6500 
 28       28   (0)      2 :  0.0000 0.0000 0.6326 0.3674 
 29       29   (0)      2 :  0.0000 0.0000 0.6535 0.3465 
 30       30   (0)      2 :  0.0000 0.0000 0.6883 0.3117 
 31       31   (0)      2 :  0.0325 0.0000 0.9019 0.0656 
 32       32   (0)      2 :  0.0000 0.1394 0.7404 0.1201 
 33       33   (0)      2 :  0.0000 0.0000 0.8416 0.1584 
 34       34   (0)      1 :  0.7577 0.0168 0.0000 0.2255 
 35       35   (0)      2 :  0.0000 0.0000 0.9205 0.0795 
 36       36   (0)      2 :  0.0000 0.0000 0.6458 0.3542 
 37       37   (0)      2 :  0.0000 0.0000 0.6416 0.3584 
 38       38   (0)      2 :  0.0000 0.0000 0.9625 0.0375 
 39       39   (0)      2 :  0.9209 0.0058 0.0000 0.0733 
 40       40   (0)      2 :  0.9076 0.0000 0.0000 0.0924 
 41       41   (0)      2 :  0.9176 0.0000 0.0000 0.0824 
 42       42   (0)      2 :  0.9193 0.0055 0.0000 0.0752 
 43       43   (0)      2 :  0.9086 0.0014 0.0000 0.0900 
 44       44   (0)      2 :  0.0000 0.0000 0.6734 0.3266 
 45       45   (0)      2 :  0.0318 0.0000 0.7675 0.2006 
 46       46   (0)      2 :  0.0000 0.0000 0.9241 0.0759 
 47       47   (0)      2 :  0.8464 0.0003 0.0000 0.1533 
 48       48   (0)      2 :  0.0000 0.0000 0.7412 0.2588 
 49       49   (0)      1 :  0.9069 0.0131 0.0000 0.0800 
 50       50   (0)      1 :  0.9217 0.0000 0.0000 0.0783 
 51       51   (0)      1 :  0.9136 0.0000 0.0000 0.0864 
 52       52   (0)      1 :  0.8986 0.0000 0.0000 0.1014 
 53       53   (0)      1 :  0.7924 0.0579 0.0000 0.1497 
 54       54   (0)      1 :  0.9211 0.0249 0.0000 0.0539 
 55       55   (0)      1 :  0.9417 0.0100 0.0000 0.0482 
 56       56   (0)      3 :  0.0000 0.0000 0.8338 0.1662 
 57       57   (0)      3 :  0.0000 0.0000 0.7029 0.2971 
 58       58   (0)      3 :  0.0000 0.0000 0.6216 0.3784 
 59       59   (0)      3 :  0.0000 0.0000 0.8468 0.1532 
 60       60   (0)      3 :  0.0000 0.0000 0.6484 0.3516 
 61       61   (0)      3 :  0.0000 0.0041 0.7550 0.2409 
 62       62   (0)      3 :  0.0000 0.0000 0.9837 0.0163 
 63       63   (0)      4 :  0.0000 1.0000 0.0000 0.0000 
 64       64   (0)      4 :  0.9419 0.0000 0.0000 0.0581 
 65       65   (0)      4 :  0.8159 0.0307 0.0000 0.1534 
 66       66   (0)      3 :  0.0000 0.0000 0.8412 0.1588 
 67       67   (0)      3 :  0.0000 0.0000 0.8905 0.1095 
 68       68   (0)      3 :  0.0000 0.0000 0.3500 0.6500 
 69       69   (0)      3 :  0.0000 0.0000 0.7741 0.2259 
 70       70   (0)      3 :  0.0000 0.0000 0.9405 0.0595 
 71       71   (0)      3 :  0.0000 0.0000 0.5985 0.4015 
 72       72   (0)      4 :  0.9032 0.0371 0.0091 0.0505 
 73       73   (0)      4 :  0.8783 0.0000 0.0565 0.0652 
 74       74   (0)      4 :  0.9423 0.0000 0.0000 0.0577 
 75       75   (0)      4 :  0.8848 0.0269 0.0000 0.0882 
 76       76   (0)      4 :  0.8844 0.0433 0.0000 0.0724 
 77       77   (0)      4 :  0.9290 0.0000 0.0000 0.0710 
 78       78   (0)      4 :  0.9346 0.0000 0.0000 0.0654 
 79       79   (0)      3 :  0.8994 0.0000 0.0000 0.1006 
 80       80   (0)      3 :  0.0000 0.0000 0.8023 0.1977 
 81       81   (0)      3 :  0.0000 0.0066 0.8653 0.1281 
 82       82   (0)      3 :  0.0000 0.0000 0.8551 0.1449 
 83       83   (0)      3 :  0.9291 0.0000 0.0000 0.0709 
 84       84   (0)      3 :  0.7500 0.0000 0.0000 0.2500 
 85       85   (0)      3 :  0.0000 0.0000 0.8001 0.1999 
 86       86   (0)      3 :  0.0000 0.0000 0.7617 0.2383 
 87       87   (0)      3 :  0.0405 0.0000 0.6892 0.2704 
 88       88   (0)      3 :  0.0000 0.0000 0.9285 0.0715 
 89       89   (0)      4 :  0.8309 0.0505 0.0189 0.0997 
 90       90   (0)      3 :  0.0000 0.0000 0.8488 0.1512 
 91       91   (0)      3 :  0.0000 0.0000 0.7885 0.2115 
 92       92   (0)      3 :  0.0000 0.0000 0.4388 0.5612 
 93       93   (0)      3 :  0.0000 0.0000 0.8546 0.1454 
 94       94   (0)      3 :  0.1568 0.0000 0.6878 0.1554 
 95       95   (0)      4 :  0.8079 0.0182 0.1087 0.0651 
 96       96   (0)      4 :  0.9824 0.0000 0.0000 0.0176 
 97       97   (0)      4 :  0.9687 0.0000 0.0000 0.0313 
 98       98   (0)      4 :  0.7906 0.0557 0.0372 0.1165 
 99       99   (0)      4 :  0.8450 0.0579 0.0000 0.0972 
100      100   (0)      4 :  0.8915 0.0206 0.0000 0.0880 
101      101   (0)      4 :  0.9212 0.0000 0.0000 0.0788 
102      102   (0)      4 :  0.9552 0.0000 0.0000 0.0448 
103      103   (0)      4 :  0.0000 1.0000 0.0000 0.0000 
104      104   (0)      4 :  0.8888 0.0612 0.0000 0.0500 
105      105   (0)      4 :  0.9256 0.0195 0.0000 0.0548 
106      106   (0)      4 :  0.8074 0.0244 0.0229 0.1454 
107      107   (0)      4 :  0.8584 0.0655 0.0000 0.0761 
108      108   (0)      4 :  0.7458 0.0042 0.0000 0.2500 
109      109   (0)      4 :  0.8926 0.0074 0.0000 0.1000 
110      110   (0)      4 :  0.7918 0.1064 0.0000 0.1018 
111      111   (0)      4 :  0.0000 1.0000 0.0000 0.0000 
112      112   (0)      4 :  0.0000 1.0000 0.0000 0.0000 
113      113   (0)      4 :  0.0000 0.0000 0.8326 0.1674 
114      114   (0)      4 :  0.9105 0.0084 0.0000 0.0811 
115      115   (0)      4 :  0.9172 0.0000 0.0000 0.0828 
116      116   (0)      4 :  0.9063 0.0018 0.0000 0.0919 
