1        1   (0)      1  : 0.3421 0.0000 0.0513 0.0000 0.3455 0.0000 0.1809 0.0802
2        2   (0)      1  : 0.5530 0.0000 0.0443 0.0000 0.2042 0.0000 0.0836 0.1148
3        3   (0)      1  : 0.0000 0.0000 1.0000 0.0000 0.0000 0.0000 0.0000 0.0000
4        4   (0)      1  : 0.3609 0.0000 0.0079 0.0000 0.3735 0.0000 0.0895 0.1682
5        5   (0)      1  : 0.2266 0.0000 0.0000 0.0000 0.3798 0.0000 0.2598 0.1338
6        6   (0)      1  : 0.6161 0.0000 0.1928 0.0000 0.1400 0.0000 0.0207 0.0304
7        7   (0)      1  : 0.6039 0.0000 0.0000 0.0000 0.2433 0.0000 0.0879 0.0649
8        8   (0)      1  : 0.2028 0.0000 0.0000 0.0000 0.4992 0.0000 0.1313 0.1667
9        9   (0)      1  : 0.0000 0.0000 1.0000 0.0000 0.0000 0.0000 0.0000 0.0000
10       10   (0)      1  : 0.4300 0.0000 0.0409 0.0000 0.3084 0.0000 0.1421 0.0786
11       11   (0)      1  : 0.6315 0.0000 0.0000 0.0000 0.1815 0.0000 0.1380 0.0490
12       12   (0)      1  : 0.4280 0.0000 0.0000 0.0000 0.4025 0.0000 0.1110 0.0585
13       13   (0)      1  : 0.8074 0.0000 0.0046 0.0000 0.1094 0.0000 0.0000 0.0786
14       14   (0)      1  : 0.4433 0.0000 0.0000 0.0000 0.3153 0.0000 0.1796 0.0617
15       15   (0)      2  : 0.0000 0.0000 0.0000 0.0000 0.8918 0.0000 0.0000 0.1082
16       16   (0)      2  : 0.0000 0.9103 0.0000 0.0276 0.0000 0.0508 0.0000 0.0113
17       17   (0)      2  : 0.0000 0.1922 0.0000 0.3128 0.0000 0.0215 0.0000 0.4736
18       18   (0)      2  : 0.0000 0.7747 0.0000 0.0149 0.0000 0.1602 0.0000 0.0502
19       19   (0)      2  : 0.0000 0.0249 0.0000 0.6217 0.0000 0.0549 0.0000 0.2984
20       20   (0)      2  : 0.0000 0.5145 0.0000 0.1993 0.0000 0.1416 0.0000 0.1446
21       21   (0)      2  : 0.0000 0.0000 0.0000 0.8524 0.0000 0.0204 0.0000 0.1272
22       22   (0)      2  : 0.0000 0.7175 0.0000 0.0000 0.0000 0.2053 0.0000 0.0772
23       23   (0)      1  : 0.2028 0.0000 0.0012 0.0000 0.4857 0.0262 0.1697 0.1144
24       24   (0)      1  : 0.3753 0.0016 0.0120 0.0047 0.3908 0.0000 0.1314 0.0843
25       25   (0)      1  : 0.0000 0.0000 1.0000 0.0000 0.0000 0.0000 0.0000 0.0000
26       26   (0)      1  : 0.6033 0.0000 0.0000 0.0000 0.2438 0.0000 0.0811 0.0718
27       27   (0)      2  : 0.0000 0.0000 0.0000 0.0000 0.0000 1.0000 0.0000 0.0000
28       28   (0)      2  : 0.0000 0.9272 0.0000 0.0173 0.0000 0.0556 0.0000 0.0000
29       29   (0)      2  : 0.0000 0.0394 0.0000 0.4127 0.0000 0.2233 0.0000 0.3246
30       30   (0)      2  : 0.0000 0.8264 0.0000 0.0556 0.0000 0.0069 0.0000 0.1111
31       31   (0)      2  : 0.0000 0.1640 0.0000 0.5875 0.0115 0.0046 0.0031 0.2294
32       32   (0)      2  : 0.0000 0.1314 0.1355 0.5375 0.0000 0.0929 0.0000 0.1027
33       33   (0)      2  : 0.0000 0.1369 0.0000 0.3518 0.0000 0.0877 0.0000 0.4236
34       34   (0)      1  : 0.5409 0.0000 0.0000 0.0000 0.0556 0.0000 0.4035 0.0000
35       35   (0)      2  : 0.0000 0.1819 0.0000 0.4920 0.0000 0.0000 0.0000 0.3261
36       36   (0)      2  : 0.0000 0.4477 0.0000 0.4298 0.0000 0.0502 0.0000 0.0724
37       37   (0)      2  : 0.0000 0.5279 0.0000 0.1795 0.0000 0.1842 0.0000 0.1085
38       38   (0)      2  : 0.0000 0.2439 0.0000 0.2963 0.0000 0.0153 0.0000 0.4444
39       39   (0)      2  : 0.3527 0.0000 0.0000 0.0000 0.5045 0.0000 0.0623 0.0805
40       40   (0)      2  : 0.0887 0.0000 0.0000 0.0000 0.6003 0.0000 0.2103 0.1007
41       41   (0)      2  : 0.1078 0.0000 0.0000 0.0000 0.4709 0.0000 0.2719 0.1494
42       42   (0)      2  : 0.6512 0.0000 0.0004 0.0000 0.1821 0.0000 0.0561 0.1102
43       43   (0)      2  : 0.3653 0.0000 0.0000 0.0000 0.3499 0.0000 0.1865 0.0983
44       44   (0)      2  : 0.0000 0.8211 0.0000 0.0678 0.0000 0.0556 0.0000 0.0556
45       45   (0)      2  : 0.0026 0.3540 0.0000 0.1948 0.0000 0.0464 0.0178 0.3843
46       46   (0)      2  : 0.0000 0.5360 0.0000 0.3689 0.0000 0.0092 0.0000 0.0859
47       47   (0)      2  : 0.0855 0.0000 0.0000 0.0000 0.4219 0.0000 0.3234 0.1692
48       48   (0)      2  : 0.0000 0.5638 0.0000 0.0474 0.0000 0.0798 0.0000 0.3090
49       49   (0)      1  : 0.4305 0.0000 0.0017 0.0000 0.4016 0.0000 0.0542 0.1121
50       50   (0)      1  : 0.2030 0.0000 0.0000 0.0000 0.4377 0.0000 0.2630 0.0964
51       51   (0)      1  : 0.1284 0.0000 0.0000 0.0000 0.4384 0.0000 0.3728 0.0603
52       52   (0)      1  : 0.4218 0.0000 0.0000 0.0000 0.3755 0.0000 0.1150 0.0878
53       53   (0)      1  : 0.1516 0.0000 0.0277 0.0000 0.2613 0.0000 0.5192 0.0402
54       54   (0)      1  : 0.2636 0.0000 0.0048 0.0000 0.5164 0.0000 0.0985 0.1166
55       55   (0)      1  : 0.3929 0.0000 0.0001 0.0000 0.4409 0.0000 0.0375 0.1285
56       56   (0)      3  : 0.0000 0.0000 0.0000 0.6980 0.0000 0.2133 0.0000 0.0887
57       57   (0)      3  : 0.0000 0.5469 0.0000 0.3265 0.0000 0.0697 0.0000 0.0569
58       58   (0)      3  : 0.0000 0.8448 0.0000 0.0137 0.0000 0.0556 0.0000 0.0860
59       59   (0)      3  : 0.0000 0.1522 0.0000 0.7872 0.0000 0.0282 0.0000 0.0325
60       60   (0)      3  : 0.0000 0.3456 0.0000 0.2547 0.0000 0.1409 0.0000 0.2588
61       61   (0)      3  : 0.0000 0.7459 0.0000 0.1743 0.0000 0.0198 0.0000 0.0600
62       62   (0)      3  : 0.0000 0.2719 0.0000 0.3359 0.0000 0.0000 0.0000 0.3922
63       63   (0)      4  : 0.0000 0.0000 1.0000 0.0000 0.0000 0.0000 0.0000 0.0000
64       64   (0)      4  : 0.2114 0.0000 0.0000 0.0000 0.4391 0.0000 0.2378 0.1117
65       65   (0)      4  : 0.1142 0.0000 0.0177 0.0000 0.3519 0.0000 0.3866 0.1297
66       66   (0)      3  : 0.0000 0.3402 0.0000 0.5753 0.0000 0.0289 0.0000 0.0556
67       67   (0)      3  : 0.0000 0.2220 0.0000 0.6176 0.0000 0.0238 0.0000 0.1366
68       68   (0)      3  : 0.0000 0.0000 0.0000 0.0000 0.0000 1.0000 0.0000 0.0000
69       69   (0)      3  : 0.0000 0.0625 0.0000 0.7271 0.0000 0.1233 0.0000 0.0871
70       70   (0)      3  : 0.0000 0.1335 0.0000 0.8307 0.0000 0.0000 0.0000 0.0358
71       71   (0)      3  : 0.0000 0.6162 0.0000 0.0694 0.0000 0.1214 0.0000 0.1930
72       72   (0)      4  : 0.5143 0.0000 0.0083 0.0029 0.3158 0.0002 0.0291 0.1293
73       73   (0)      4  : 0.3563 0.0078 0.0000 0.0445 0.3589 0.0000 0.0959 0.1366
74       74   (0)      4  : 0.3877 0.0000 0.0000 0.0000 0.3637 0.0000 0.1080 0.1407
75       75   (0)      4  : 0.1572 0.0000 0.0067 0.0000 0.4431 0.0000 0.2159 0.1771
76       76   (0)      4  : 0.1613 0.0000 0.0020 0.0000 0.4864 0.0000 0.1836 0.1667
77       77   (0)      4  : 0.0661 0.0000 0.0000 0.0000 0.5813 0.0000 0.1653 0.1874
78       78   (0)      4  : 0.2732 0.0000 0.0000 0.0000 0.3925 0.0000 0.2309 0.1035
79       79   (0)      3  : 0.3654 0.0000 0.0000 0.0000 0.2092 0.0000 0.3888 0.0366
80       80   (0)      3  : 0.0000 0.3487 0.0000 0.5021 0.0000 0.0381 0.0000 0.1111
81       81   (0)      3  : 0.0000 0.5550 0.0000 0.2466 0.0000 0.0023 0.0000 0.1961
82       82   (0)      3  : 0.0000 0.1871 0.0000 0.3561 0.0000 0.0797 0.0000 0.3771
83       83   (0)      3  : 0.1451 0.0000 0.0000 0.0000 0.5878 0.0000 0.0977 0.1693
84       84   (0)      3  : 0.0000 0.0000 0.0000 0.0000 0.0000 0.0000 0.9444 0.0556
85       85   (0)      3  : 0.0000 0.4198 0.0000 0.5246 0.0000 0.0000 0.0000 0.0556
86       86   (0)      3  : 0.0000 0.7331 0.0000 0.1080 0.0000 0.0556 0.0000 0.1033
87       87   (0)      3  : 0.0000 0.6028 0.0000 0.1873 0.0000 0.0692 0.0501 0.0906
88       88   (0)      3  : 0.0000 0.1151 0.0000 0.7435 0.0000 0.0053 0.0000 0.1361
89       89   (0)      4  : 0.5667 0.0096 0.0268 0.0052 0.2288 0.0023 0.0929 0.0677
90       90   (0)      3  : 0.0000 0.3899 0.0000 0.3912 0.0000 0.0138 0.0000 0.2051
91       91   (0)      3  : 0.0000 0.8165 0.0000 0.1379 0.0000 0.0275 0.0000 0.0180
92       92   (0)      3  : 0.0000 0.5839 0.0000 0.0864 0.0000 0.3146 0.0000 0.0151
93       93   (0)      3  : 0.0000 0.0000 0.0000 0.7750 0.0000 0.0606 0.0000 0.1644
94       94   (0)      3  : 0.0140 0.3688 0.0000 0.3756 0.0689 0.0064 0.0828 0.0835
95       95   (0)      4  : 0.2532 0.0284 0.0095 0.0805 0.4247 0.0045 0.0971 0.1022
96       96   (0)      4  : 0.0511 0.0000 0.0000 0.0000 0.7638 0.0000 0.1006 0.0845
97       97   (0)      4  : 0.0676 0.0000 0.0000 0.0000 0.6527 0.0000 0.1797 0.1000
98       98   (0)      4  : 0.2393 0.0124 0.0553 0.0068 0.3877 0.0000 0.1900 0.1085
99       99   (0)      4  : 0.3842 0.0000 0.0336 0.0000 0.3004 0.0000 0.2092 0.0725
100      100   (0)      4  : 0.1735 0.0000 0.0006 0.0000 0.5709 0.0000 0.1772 0.0779
101      101   (0)      4  : 0.4204 0.0000 0.0000 0.0000 0.3890 0.0000 0.1351 0.0555
102      102   (0)      4  : 0.0493 0.0000 0.0000 0.0000 0.7537 0.0000 0.1237 0.0733
103      103   (0)      4  : 0.0000 0.0000 1.0000 0.0000 0.0000 0.0000 0.0000 0.0000
104      104   (0)      4  : 0.8208 0.0000 0.0064 0.0000 0.1304 0.0000 0.0237 0.0186
105      105   (0)      4  : 0.1443 0.0000 0.0100 0.0000 0.5983 0.0000 0.1102 0.1372
106      106   (0)      4  : 0.4074 0.0000 0.0087 0.0065 0.1832 0.0000 0.3258 0.0684
107      107   (0)      4  : 0.1699 0.0000 0.0480 0.0000 0.5965 0.0000 0.0758 0.1098
108      108   (0)      4  : 0.0000 0.0000 0.0000 0.0000 0.0000 0.0000 0.9444 0.0556
109      109   (0)      4  : 0.5885 0.0000 0.0000 0.0000 0.2274 0.0000 0.0297 0.1544
110      110   (0)      4  : 0.4075 0.0000 0.0937 0.0000 0.2672 0.0000 0.1648 0.0668
111      111   (0)      4  : 0.0000 0.0000 1.0000 0.0000 0.0000 0.0000 0.0000 0.0000
112      112   (0)      4  : 0.0000 0.0000 1.0000 0.0000 0.0000 0.0000 0.0000 0.0000
113      113   (0)      4  : 0.0000 0.2251 0.0000 0.6106 0.0000 0.0288 0.0000 0.1354
114      114   (0)      4  : 0.7221 0.0000 0.0001 0.0000 0.1538 0.0000 0.0644 0.0596
115      115   (0)      4  : 0.6453 0.0000 0.0000 0.0000 0.1280 0.0000 0.1156 0.1111
116      116   (0)      4  : 0.8911 0.0000 0.0000 0.0000 0.0352 0.0000 0.0737 0.0000
