  1        1   (0)      1 :  0.1231 0.1648 0.1724 0.1290 0.1261 0.0387 0.2459 
  2        2   (0)      1 :  0.0431 0.1005 0.1335 0.2645 0.2955 0.0254 0.1375 
  3        3   (0)      2 :  0.0011 0.0201 0.2991 0.1697 0.1932 0.2358 0.0810 
  4        4   (0)      2 :  0.0266 0.1259 0.1856 0.1986 0.0648 0.0953 0.3032 
  5        5   (0)      2 :  0.1866 0.0290 0.0530 0.0509 0.3161 0.2236 0.1408 
  6        6   (0)      2 :  0.1056 0.2971 0.1338 0.1416 0.0196 0.0575 0.2448 
  7        7   (0)      2 :  0.3748 0.2713 0.0014 0.0532 0.1169 0.1417 0.0408 
  8        8   (0)      2 :  0.1326 0.0332 0.1388 0.1314 0.0901 0.4370 0.0370 
  9        9   (0)      2 :  0.2670 0.1428 0.1909 0.1009 0.2502 0.0011 0.0471 
 10       10   (0)      2 :  0.1586 0.2540 0.0461 0.2106 0.0289 0.2549 0.0469 
 11       11   (0)      2 :  0.1314 0.2518 0.0498 0.1039 0.0835 0.2019 0.1776 
 12       12   (0)      2 :  0.0761 0.0286 0.0127 0.1725 0.0898 0.2687 0.3516 
 13       13   (0)      2 :  0.0945 0.0468 0.0312 0.1093 0.2950 0.3718 0.0514 
 14       14   (0)      2 :  0.4342 0.0074 0.0619 0.0482 0.1792 0.1176 0.1515 
 15       15   (0)      2 :  0.0899 0.1005 0.1956 0.2439 0.1932 0.1354 0.0416 
 16       16   (0)      2 :  0.0298 0.0719 0.1113 0.1337 0.3652 0.0864 0.2018 
 17       17   (0)      2 :  0.1824 0.2002 0.1294 0.0670 0.3846 0.0102 0.0262 
 18       18   (0)      2 :  0.1252 0.1450 0.2827 0.1539 0.0225 0.1504 0.1202 
 19       19   (0)      2 :  0.2450 0.0706 0.2616 0.1530 0.2115 0.0291 0.0293 
 20       20   (0)      2 :  0.3046 0.0503 0.3883 0.1094 0.0420 0.0472 0.0582 
 21       21   (0)      2 :  0.2929 0.1709 0.0036 0.0926 0.0335 0.1328 0.2737 
 22       22   (0)      2 :  0.3200 0.0410 0.0941 0.2932 0.0302 0.1916 0.0298 
 23       23   (0)      2 :  0.3163 0.1331 0.0250 0.1324 0.1589 0.0693 0.1651 
 24       24   (0)      2 :  0.0665 0.2014 0.3238 0.2454 0.0059 0.1010 0.0559 
 25       25   (0)      2 :  0.1159 0.1052 0.3183 0.1661 0.0655 0.1329 0.0960 
 26       26   (0)      2 :  0.0802 0.0158 0.1689 0.4084 0.0546 0.2394 0.0326 
 27       27   (0)      2 :  0.3041 0.0224 0.1110 0.0794 0.1350 0.2876 0.0605 
 28       28   (0)      2 :  0.0218 0.0741 0.0056 0.1150 0.0302 0.3397 0.4136 
 29       29   (0)      2 :  0.2224 0.0452 0.1354 0.1279 0.1239 0.3296 0.0156 
 30       30   (0)      3 :  0.0285 0.0346 0.2042 0.3718 0.0108 0.1801 0.1700 
 31       31   (0)      3 :  0.3088 0.0643 0.0471 0.1309 0.2996 0.0977 0.0515 
 32       32   (0)      3 :  0.1501 0.0729 0.1942 0.1360 0.0486 0.1986 0.1995 
 33       33   (0)      3 :  0.0780 0.2305 0.2278 0.0982 0.1611 0.1369 0.0677 
 34       34   (0)      3 :  0.3011 0.0916 0.1533 0.1741 0.1457 0.1341 0.0001 
 35       35   (0)      3 :  0.0374 0.0772 0.1595 0.1573 0.2132 0.0932 0.2622 
 36       36   (0)      3 :  0.2483 0.0510 0.0638 0.0843 0.2815 0.1896 0.0815 
 37       37   (0)      3 :  0.1224 0.1755 0.1060 0.1086 0.1349 0.1789 0.1735 
 38       38   (0)      3 :  0.0277 0.6221 0.2652 0.0115 0.0000 0.0000 0.0734 
 39       39   (0)      3 :  0.0781 0.2392 0.0306 0.2446 0.0374 0.1848 0.1853 
 40       40   (0)      3 :  0.1114 0.1667 0.1383 0.2263 0.1206 0.1210 0.1157 
 41       41   (0)      3 :  0.0606 0.0973 0.1730 0.1846 0.0864 0.0740 0.3240 
 42       42   (0)      3 :  0.3165 0.0537 0.0653 0.1175 0.1080 0.0615 0.2774 
 43       43   (0)      3 :  0.0765 0.0525 0.1235 0.2202 0.1892 0.1198 0.2183 
 44       44   (0)      3 :  0.1014 0.1093 0.0489 0.0335 0.1057 0.5359 0.0654 
 45       45   (0)      3 :  0.1382 0.1540 0.0153 0.0447 0.0528 0.5791 0.0159 
 46       46   (0)      3 :  0.1971 0.0151 0.5080 0.0559 0.1655 0.0325 0.0258 
 47       47   (0)      3 :  0.2193 0.1361 0.1409 0.0675 0.1657 0.2230 0.0474 
 48       48   (0)      3 :  0.0120 0.0392 0.3310 0.0919 0.3546 0.1318 0.0396 
 49       49   (0)      3 :  0.3113 0.1030 0.2892 0.1250 0.0179 0.0169 0.1367 
 50       50   (0)      3 :  0.0432 0.0117 0.1675 0.2418 0.2281 0.0884 0.2193 
 51       51   (0)      3 :  0.5477 0.0542 0.0377 0.0528 0.1720 0.0794 0.0563 
 52       52   (0)      3 :  0.0655 0.0551 0.1384 0.1092 0.4588 0.0412 0.1317 
 53       53   (0)      3 :  0.0997 0.0392 0.1528 0.0702 0.2075 0.4305 0.0002 
 54       54   (0)      3 :  0.1780 0.0505 0.0440 0.0724 0.2142 0.2446 0.1963 
 55       55   (0)      3 :  0.2418 0.0177 0.1522 0.3124 0.0325 0.2410 0.0023 
 56       56   (0)      3 :  0.0703 0.0328 0.1553 0.0700 0.1543 0.4933 0.0241 
 57       57   (0)      3 :  0.1686 0.0882 0.1754 0.0733 0.2035 0.1037 0.1873 
 58       58   (0)      3 :  0.1413 0.2009 0.1027 0.3068 0.0882 0.0078 0.1523 
 59       59   (0)      3 :  0.0204 0.0000 0.3264 0.2698 0.0323 0.2971 0.0539 
 60       60   (0)      4 :  0.0712 0.2406 0.3711 0.0861 0.1485 0.0284 0.0541 
 61       61   (0)      4 :  0.0620 0.0721 0.1404 0.0324 0.5567 0.0836 0.0529 
 62       62   (0)      4 :  0.0159 0.0480 0.5367 0.0923 0.1605 0.0416 0.1050 
 63       63   (0)      4 :  0.1112 0.1706 0.0765 0.0709 0.2500 0.1635 0.1574 
 64       64   (0)      4 :  0.2808 0.1757 0.1046 0.0904 0.2756 0.0141 0.0588 
 65       65   (0)      4 :  0.1435 0.0448 0.0752 0.0493 0.3986 0.2543 0.0342 
 66       66   (0)      4 :  0.0311 0.0658 0.0206 0.0478 0.0526 0.7616 0.0204 
 67       67   (0)      4 :  0.4318 0.1053 0.1750 0.1010 0.1536 0.0283 0.0052 
 68       68   (0)      4 :  0.1029 0.2667 0.0453 0.1835 0.1926 0.1195 0.0897 
 69       69   (0)      4 :  0.0938 0.0030 0.4053 0.1852 0.1769 0.1358 0.0000 
 70       70   (0)      4 :  0.1171 0.0315 0.0467 0.2993 0.0203 0.0284 0.4568 
 71       71   (0)      1 :  0.3600 0.2869 0.0711 0.1228 0.1028 0.0565 0.0000 
 72       72   (0)      1 :  0.0259 0.6310 0.2500 0.0143 0.0000 0.0038 0.0749 
 73       73   (0)      1 :  0.0221 0.0106 0.6048 0.0959 0.1945 0.0416 0.0304 
 74       74   (0)      1 :  0.1614 0.0206 0.2389 0.2083 0.1229 0.1307 0.1172 
 75       75   (0)      1 :  0.1112 0.0745 0.0769 0.1138 0.2936 0.2732 0.0566 
 76       76   (0)      1 :  0.0217 0.0185 0.0165 0.0121 0.2689 0.1289 0.5335 
 77       77   (0)      1 :  0.1385 0.2018 0.5467 0.0891 0.0128 0.0000 0.0110 
 78       78   (0)      1 :  0.0474 0.3770 0.0569 0.1544 0.0242 0.0755 0.2646 
 79       79   (0)      1 :  0.1962 0.2150 0.1740 0.1212 0.0145 0.1167 0.1623 
 80       80   (0)      1 :  0.5768 0.0833 0.0609 0.0606 0.0343 0.1370 0.0470 
 81       81   (0)      1 :  0.0000 0.0343 0.0000 0.0722 0.1186 0.0163 0.7585 
 82       82   (0)      1 :  0.3668 0.2215 0.0158 0.1047 0.1247 0.0051 0.1615 
 83       83   (0)      1 :  0.0953 0.2795 0.1617 0.1056 0.1648 0.0495 0.1436 
 84       84   (0)      1 :  0.1194 0.2239 0.0502 0.0723 0.2911 0.0791 0.1641 
 85       85   (0)      1 :  0.1105 0.1471 0.0060 0.1583 0.0277 0.4480 0.1024 
 86       86   (0)      1 :  0.1559 0.1101 0.3047 0.1984 0.0412 0.1828 0.0069 
 87       87   (0)      1 :  0.0900 0.1106 0.1010 0.3436 0.0382 0.0109 0.3057 
 88       88   (0)      1 :  0.0253 0.2381 0.2026 0.2140 0.1641 0.1112 0.0447 
 89       89   (0)      1 :  0.1564 0.2090 0.4300 0.1243 0.0095 0.0223 0.0485 
 90       90   (0)      1 :  0.0829 0.0611 0.0000 0.1456 0.3413 0.1409 0.2282 
 91       91   (0)      1 :  0.0514 0.7756 0.0062 0.0276 0.0842 0.0051 0.0500 
 92       92   (0)      1 :  0.1271 0.0085 0.0276 0.2658 0.2034 0.1690 0.1987 
 93       93   (0)      1 :  0.1758 0.0449 0.1310 0.0823 0.1810 0.1392 0.2457 
 94       94   (0)      1 :  0.3456 0.1457 0.2052 0.1239 0.0972 0.0338 0.0487 
 95       95   (0)      1 :  0.6684 0.0423 0.0317 0.0675 0.1300 0.0601 0.0000 
 96       96   (0)      1 :  0.4261 0.0620 0.1012 0.0895 0.1624 0.1127 0.0460 
 97       97   (0)      1 :  0.1242 0.0973 0.1023 0.1058 0.2557 0.1027 0.2119 
 98       98   (0)      1 :  0.1738 0.1035 0.3079 0.2495 0.0527 0.0609 0.0517 
 99       99   (0)      4 :  0.3698 0.3419 0.0301 0.0976 0.0000 0.1011 0.0595 
100      100   (0)      4 :  0.2215 0.0980 0.0944 0.1319 0.1368 0.2277 0.0899 
101      101   (0)      5 :  0.1378 0.1827 0.2398 0.1618 0.1566 0.0453 0.0760 
102      102   (0)      5 :  0.0287 0.1118 0.0660 0.3118 0.1619 0.1205 0.1993 
103      103   (0)      5 :  0.2940 0.0428 0.2279 0.1495 0.1301 0.0457 0.1100 
104      104   (0)      5 :  0.0517 0.1053 0.0188 0.0732 0.0870 0.4140 0.2500 
105      105   (0)      5 :  0.2398 0.3137 0.3101 0.1011 0.0096 0.0134 0.0123 
106      106   (0)      4 :  0.1026 0.0065 0.0743 0.3669 0.0160 0.2219 0.2117 
107      107   (0)      4 :  0.0366 0.1410 0.1272 0.0778 0.4650 0.0250 0.1274 
108      108   (0)      4 :  0.0715 0.1912 0.2537 0.0736 0.0591 0.0306 0.3204 
109      109   (0)      4 :  0.1373 0.0881 0.2158 0.1362 0.0990 0.1737 0.1498 
110      110   (0)      4 :  0.0482 0.0678 0.0645 0.2295 0.0219 0.2667 0.3014 
111      111   (0)      5 :  0.2152 0.1175 0.2705 0.0760 0.0992 0.1427 0.0790 
112      112   (0)      5 :  0.0654 0.1415 0.2344 0.1414 0.3098 0.0847 0.0228 
113      113   (0)      5 :  0.1578 0.1238 0.1218 0.0289 0.3162 0.1569 0.0946 
114      114   (0)      5 :  0.0859 0.0000 0.0339 0.3828 0.0176 0.2505 0.2293 
115      115   (0)      5 :  0.0847 0.0294 0.2415 0.4035 0.0433 0.0666 0.1310 
116      116   (0)      5 :  0.1487 0.0827 0.1045 0.1932 0.0527 0.2397 0.1785 
117      117   (0)      4 :  0.2313 0.1116 0.0508 0.0230 0.4963 0.0009 0.0860 
118      118   (0)      4 :  0.0433 0.2057 0.4444 0.0925 0.0486 0.0823 0.0833 
119      119   (0)      4 :  0.6062 0.0378 0.0068 0.0584 0.1563 0.0543 0.0801 
120      120   (0)      4 :  0.1551 0.1472 0.1569 0.1275 0.1303 0.1430 0.1400 
121      121   (0)      4 :  0.0062 0.0833 0.0802 0.1793 0.1002 0.2653 0.2855 
122      122   (0)      4 :  0.1198 0.0994 0.3471 0.1087 0.2058 0.0152 0.1040 
123      123   (0)      4 :  0.4655 0.1953 0.2329 0.0840 0.0092 0.0132 0.0000 
124      124   (0)      4 :  0.2224 0.1245 0.0588 0.0416 0.5067 0.0157 0.0304 
125      125   (0)      5 :  0.2462 0.2417 0.0345 0.1406 0.2274 0.0532 0.0564 
126      126   (0)      5 :  0.0128 0.1586 0.0791 0.1247 0.0478 0.2962 0.2808 
127      127   (0)      5 :  0.0000 0.2548 0.0096 0.0494 0.1825 0.0219 0.4818 
128      128   (0)      5 :  0.1769 0.0370 0.1409 0.2473 0.1199 0.1047 0.1734 
129      129   (0)      5 :  0.1646 0.0062 0.1871 0.1670 0.1112 0.3033 0.0606 
130      130   (0)      5 :  0.0615 0.0433 0.0061 0.1691 0.4031 0.0217 0.2952 
131      131   (0)      5 :  0.2118 0.0117 0.0694 0.1535 0.0943 0.4532 0.0062 
132      132   (0)      5 :  0.0224 0.2121 0.2063 0.2115 0.2473 0.0836 0.0168 
133      133   (0)      5 :  0.0146 0.0775 0.1031 0.1376 0.1469 0.1248 0.3955 
134      134   (0)      5 :  0.3924 0.0519 0.2081 0.0380 0.2204 0.0861 0.0032 
135      135   (0)      5 :  0.1880 0.0060 0.0000 0.1435 0.0232 0.0725 0.5668 
136      136   (0)      5 :  0.0189 0.0908 0.0292 0.2929 0.0350 0.1473 0.3859 
137      137   (0)      5 :  0.2090 0.0077 0.0837 0.0487 0.4045 0.1827 0.0638 
138      138   (0)      5 :  0.2611 0.0389 0.0295 0.3886 0.0363 0.1265 0.1191 
139      139   (0)      5 :  0.0816 0.0579 0.0296 0.1865 0.0052 0.0488 0.5903 
140      140   (0)      5 :  0.0000 0.0346 0.2200 0.3110 0.1095 0.0955 0.2294 
141      141   (0)      5 :  0.4634 0.0881 0.1058 0.1894 0.0691 0.0697 0.0146 
142      142   (0)      5 :  0.1369 0.0873 0.0202 0.2738 0.0220 0.0748 0.3849 
143      143   (0)      5 :  0.0258 0.1374 0.0241 0.0578 0.2781 0.2280 0.2489 
144      144   (0)      6 :  0.1712 0.1796 0.0906 0.0819 0.1815 0.1069 0.1882 
145      145   (0)      6 :  0.0321 0.0772 0.0560 0.2104 0.1401 0.1364 0.3477 
146      146   (0)      6 :  0.1066 0.1238 0.3095 0.1107 0.2235 0.1208 0.0051 
147      147   (0)      6 :  0.0519 0.0025 0.4126 0.3078 0.1224 0.0853 0.0174 
148      148   (0)      6 :  0.0029 0.0245 0.0449 0.0426 0.1716 0.5998 0.1138 
149      149   (0)      6 :  0.3402 0.0505 0.2612 0.1251 0.1953 0.0235 0.0041 
150      150   (0)      6 :  0.0315 0.0507 0.0267 0.5092 0.0223 0.0481 0.3116 
151      151   (0)      6 :  0.0359 0.0164 0.3561 0.0310 0.1801 0.3708 0.0097 
152      152   (0)      6 :  0.0764 0.0691 0.0940 0.1122 0.4282 0.0941 0.1261 
153      153   (0)      6 :  0.0272 0.0024 0.0246 0.1982 0.0140 0.7099 0.0237 
154      154   (0)      6 :  0.0209 0.0545 0.2074 0.1491 0.2944 0.1597 0.1140 
155      155   (0)      6 :  0.0646 0.0801 0.0383 0.1473 0.0747 0.0368 0.5581 
156      156   (0)      6 :  0.0184 0.2122 0.0000 0.0714 0.0359 0.1523 0.5098 
157      157   (0)      6 :  0.1429 0.1336 0.1402 0.1321 0.1500 0.2854 0.0158 
158      158   (0)      6 :  0.2767 0.1738 0.1985 0.0939 0.0167 0.1646 0.0759 
159      159   (0)      6 :  0.1622 0.1103 0.0988 0.0620 0.3012 0.1733 0.0922 
160      160   (0)      6 :  0.0500 0.0245 0.0238 0.4404 0.0503 0.3856 0.0255 
161      161   (0)      6 :  0.2325 0.1314 0.0414 0.1968 0.0411 0.1173 0.2396 
162      162   (0)      6 :  0.0894 0.0057 0.0029 0.2556 0.0928 0.2568 0.2968 
163      163   (0)      6 :  0.0977 0.2447 0.2024 0.1281 0.0807 0.0468 0.1998 
164      164   (0)      6 :  0.1568 0.0742 0.0397 0.2327 0.0162 0.2434 0.2370 
165      165   (0)      6 :  0.1431 0.1834 0.1255 0.1833 0.0453 0.2007 0.1188 
166      166   (0)      6 :  0.3038 0.0378 0.0507 0.1083 0.2275 0.2633 0.0087 
167      167   (0)      6 :  0.1180 0.1712 0.0635 0.0952 0.2150 0.1454 0.1917 
168      168   (0)      6 :  0.0000 0.0768 0.4808 0.2573 0.0705 0.1146 0.0000 
169      169   (0)      6 :  0.0639 0.2695 0.1038 0.1303 0.1364 0.0022 0.2940 
170      170   (0)      6 :  0.4263 0.0572 0.0145 0.1048 0.0000 0.1976 0.1996 
171      171   (0)      6 :  0.0209 0.1993 0.2319 0.0876 0.2341 0.0225 0.2036 
172      172   (0)      4 :  0.2041 0.0376 0.0347 0.3383 0.0578 0.0320 0.2956 
173      173   (0)      4 :  0.2046 0.1841 0.0834 0.1525 0.0637 0.0715 0.2402 
174      174   (0)      7 :  0.1048 0.0399 0.1197 0.1896 0.2229 0.2556 0.0676 
175      175   (0)      7 :  0.0622 0.7701 0.0000 0.0376 0.0683 0.0000 0.0618 
176      176   (0)      7 :  0.0243 0.0864 0.0926 0.1342 0.3891 0.0408 0.2325 
177      177   (0)      7 :  0.2460 0.2168 0.1196 0.1379 0.0931 0.1520 0.0346 
178      178   (0)      7 :  0.2452 0.1374 0.0691 0.1146 0.1350 0.0878 0.2109 
179      179   (0)      7 :  0.1296 0.0679 0.1793 0.2555 0.1403 0.0952 0.1322 
180      180   (0)      7 :  0.0391 0.0059 0.5838 0.0728 0.1544 0.1441 0.0000 
181      181   (0)      7 :  0.0818 0.2408 0.0544 0.1024 0.0956 0.0049 0.4202 
182      182   (0)      7 :  0.1372 0.2623 0.0396 0.0814 0.1676 0.1278 0.1843 
183      183   (0)      7 :  0.0255 0.1455 0.0345 0.2652 0.0808 0.0729 0.3757 
184      184   (0)      7 :  0.0205 0.1015 0.1967 0.0770 0.3672 0.1623 0.0748 
185      185   (0)      7 :  0.1535 0.1597 0.0327 0.0465 0.0463 0.5095 0.0518 
186      186   (0)      7 :  0.1282 0.0035 0.1341 0.1269 0.1476 0.2329 0.2267 
187      187   (0)      7 :  0.0667 0.0688 0.0816 0.2397 0.0524 0.2814 0.2094 
188      188   (0)      7 :  0.1453 0.0729 0.0880 0.0832 0.1931 0.2043 0.2132 
189      189   (0)      7 :  0.1443 0.1211 0.0838 0.0370 0.3831 0.1455 0.0853 
190      190   (0)      7 :  0.2655 0.0779 0.0487 0.1854 0.0200 0.1930 0.2096 
191      191   (0)      7 :  0.1443 0.1265 0.1256 0.1796 0.1591 0.0696 0.1953 
192      192   (0)      7 :  0.1926 0.0963 0.3070 0.2886 0.0000 0.0967 0.0188 
193      193   (0)      7 :  0.1737 0.2115 0.0736 0.0769 0.3345 0.0498 0.0800 
194      194   (0)      7 :  0.0605 0.0298 0.3643 0.0714 0.3967 0.0503 0.0269 
195      195   (0)      7 :  0.0520 0.2755 0.0508 0.0746 0.3671 0.0401 0.1399 
196      196   (0)      7 :  0.0265 0.2023 0.2309 0.0696 0.2891 0.0069 0.1748 
197      197   (0)      7 :  0.0448 0.0231 0.2079 0.1014 0.6023 0.0108 0.0098 
198      198   (0)      7 :  0.4118 0.0485 0.0139 0.1397 0.0397 0.0331 0.3133 
199      199   (0)      7 :  0.1611 0.2529 0.0165 0.1506 0.1654 0.1419 0.1116 
200      200   (0)      7 :  0.0751 0.1013 0.1294 0.0700 0.2488 0.1890 0.1864 
201      201   (0)      7 :  0.0963 0.3785 0.0083 0.1357 0.0952 0.2051 0.0808 
202      202   (0)      7 :  0.2122 0.0924 0.0415 0.0941 0.1684 0.0417 0.3497 
203      203   (0)      7 :  0.2829 0.1735 0.0629 0.0536 0.3456 0.0514 0.0301 
