  1        1   (0)      1 :  0.0690 0.1521 0.1534 0.1145 0.1803 0.0455 0.1155 0.0422 0.1047 0.0228 
  2        2   (0)      1 :  0.2179 0.0273 0.0409 0.0000 0.0729 0.0197 0.1760 0.3240 0.0000 0.1213 
  3        3   (0)      2 :  0.2541 0.1257 0.0140 0.0340 0.0000 0.0545 0.2218 0.0752 0.1351 0.0857 
  4        4   (0)      2 :  0.0899 0.0392 0.0179 0.0061 0.0794 0.0171 0.4567 0.0741 0.1766 0.0428 
  5        5   (0)      2 :  0.0264 0.0089 0.1212 0.2561 0.0048 0.2674 0.0425 0.0105 0.2058 0.0563 
  6        6   (0)      2 :  0.2613 0.0384 0.0385 0.0258 0.2726 0.0000 0.0883 0.0212 0.0492 0.2047 
  7        7   (0)      2 :  0.0470 0.0491 0.0540 0.2664 0.0695 0.0233 0.0000 0.2232 0.0466 0.2210 
  8        8   (0)      2 :  0.0273 0.1068 0.0370 0.0106 0.0208 0.1735 0.0405 0.0102 0.0063 0.5671 
  9        9   (0)      2 :  0.1045 0.0385 0.1054 0.2084 0.0294 0.0273 0.0143 0.1905 0.0280 0.2536 
 10       10   (0)      2 :  0.1551 0.0224 0.0678 0.0673 0.1663 0.0794 0.0000 0.1311 0.1451 0.1654 
 11       11   (0)      2 :  0.1623 0.0245 0.0663 0.0559 0.1836 0.1352 0.1511 0.0786 0.1100 0.0325 
 12       12   (0)      2 :  0.0332 0.0361 0.1360 0.0000 0.0659 0.1137 0.3265 0.0147 0.1569 0.1170 
 13       13   (0)      2 :  0.0819 0.0000 0.0539 0.0866 0.0304 0.6203 0.0270 0.0267 0.0264 0.0469 
 14       14   (0)      2 :  0.0192 0.1194 0.1267 0.2131 0.0241 0.1034 0.0067 0.0397 0.0699 0.2778 
 15       15   (0)      2 :  0.0479 0.0760 0.0712 0.0650 0.0066 0.0934 0.0594 0.4335 0.0453 0.1016 
 16       16   (0)      2 :  0.0482 0.0868 0.1150 0.0791 0.0077 0.0214 0.1951 0.1133 0.2541 0.0793 
 17       17   (0)      2 :  0.0635 0.0061 0.0912 0.4648 0.0820 0.0111 0.0149 0.1496 0.0747 0.0422 
 18       18   (0)      2 :  0.0465 0.1094 0.2497 0.0832 0.0351 0.1176 0.1856 0.0432 0.0749 0.0547 
 19       19   (0)      2 :  0.1625 0.0714 0.1067 0.1983 0.0086 0.0353 0.1015 0.2189 0.0564 0.0403 
 20       20   (0)      2 :  0.0870 0.0225 0.5858 0.0455 0.0616 0.0050 0.0451 0.0686 0.0526 0.0265 
 21       21   (0)      2 :  0.1566 0.0337 0.0373 0.3093 0.0298 0.0130 0.0224 0.0696 0.0669 0.2615 
 22       22   (0)      2 :  0.1922 0.0173 0.1743 0.2489 0.0199 0.1291 0.0871 0.0613 0.0499 0.0200 
 23       23   (0)      2 :  0.0888 0.0258 0.0901 0.1582 0.1147 0.0860 0.0213 0.1468 0.1547 0.1134 
 24       24   (0)      2 :  0.0645 0.0512 0.1501 0.0438 0.0724 0.1466 0.1156 0.2790 0.0000 0.0767 
 25       25   (0)      2 :  0.0908 0.3596 0.0199 0.1033 0.0305 0.0088 0.2104 0.0699 0.0468 0.0599 
 26       26   (0)      2 :  0.1223 0.0677 0.1523 0.0502 0.0038 0.0989 0.1598 0.1574 0.1605 0.0270 
 27       27   (0)      2 :  0.0033 0.0812 0.0515 0.1656 0.0270 0.4513 0.0264 0.0318 0.1107 0.0512 
 28       28   (0)      2 :  0.0690 0.1497 0.0240 0.0283 0.0033 0.2448 0.1362 0.1801 0.0277 0.1369 
 29       29   (0)      2 :  0.0277 0.0880 0.0830 0.2099 0.0000 0.2661 0.0916 0.1311 0.0388 0.0638 
 30       30   (0)      3 :  0.1267 0.0608 0.0462 0.0000 0.0213 0.0656 0.5925 0.0247 0.0475 0.0147 
 31       31   (0)      3 :  0.0493 0.0865 0.1782 0.0740 0.0869 0.0546 0.0000 0.1353 0.0379 0.2971 
 32       32   (0)      3 :  0.1491 0.1519 0.0071 0.0347 0.0184 0.1148 0.1964 0.0914 0.0349 0.2013 
 33       33   (0)      3 :  0.2085 0.0618 0.0216 0.0529 0.1572 0.1777 0.0440 0.1379 0.0386 0.0998 
 34       34   (0)      3 :  0.1221 0.0357 0.2472 0.3146 0.0337 0.0668 0.0158 0.0389 0.0598 0.0656 
 35       35   (0)      3 :  0.2046 0.0183 0.0000 0.0570 0.0382 0.0120 0.1946 0.1367 0.2545 0.0840 
 36       36   (0)      3 :  0.0519 0.0511 0.0703 0.0940 0.0000 0.0444 0.0001 0.0452 0.1384 0.5046 
 37       37   (0)      3 :  0.1288 0.1310 0.0422 0.1641 0.0591 0.1509 0.1234 0.0959 0.0219 0.0828 
 38       38   (0)      3 :  0.0000 0.0230 0.1042 0.0000 0.7785 0.0000 0.0270 0.0674 0.0000 0.0000 
 39       39   (0)      3 :  0.4337 0.0552 0.0547 0.0205 0.1424 0.1174 0.0450 0.0491 0.0282 0.0538 
 40       40   (0)      3 :  0.1098 0.0303 0.3758 0.0849 0.1181 0.0195 0.0710 0.1250 0.0553 0.0103 
 41       41   (0)      3 :  0.0260 0.1287 0.0158 0.0088 0.1017 0.1760 0.1997 0.1563 0.0665 0.1204 
 42       42   (0)      3 :  0.0415 0.0000 0.0783 0.2405 0.0288 0.1171 0.1528 0.0411 0.0418 0.2582 
 43       43   (0)      3 :  0.1255 0.0703 0.0063 0.0166 0.0368 0.1274 0.1373 0.0671 0.2295 0.1832 
 44       44   (0)      3 :  0.0231 0.1293 0.1492 0.1017 0.0589 0.2204 0.0672 0.0039 0.2039 0.0423 
 45       45   (0)      3 :  0.0000 0.2255 0.1021 0.0753 0.0321 0.3819 0.0211 0.0535 0.1000 0.0085 
 46       46   (0)      3 :  0.1249 0.2375 0.1614 0.1230 0.0000 0.0064 0.0102 0.1202 0.1531 0.0633 
 47       47   (0)      3 :  0.0610 0.0367 0.4032 0.0479 0.1163 0.2013 0.0000 0.0447 0.0128 0.0761 
 48       48   (0)      3 :  0.1101 0.2323 0.0159 0.0000 0.0000 0.0000 0.0112 0.1191 0.4305 0.0809 
 49       49   (0)      3 :  0.2430 0.3492 0.0367 0.1640 0.0634 0.0360 0.0201 0.0588 0.0092 0.0195 
 50       50   (0)      3 :  0.2309 0.0440 0.0242 0.0101 0.0187 0.1695 0.1199 0.1465 0.0503 0.1859 
 51       51   (0)      3 :  0.0371 0.0231 0.0379 0.5487 0.0862 0.0208 0.0217 0.0925 0.0933 0.0385 
 52       52   (0)      3 :  0.0365 0.0391 0.0493 0.0664 0.0062 0.0544 0.0192 0.0559 0.5419 0.1312 
 53       53   (0)      3 :  0.0215 0.2455 0.0309 0.1524 0.0000 0.1065 0.0222 0.0311 0.3246 0.0652 
 54       54   (0)      3 :  0.0228 0.1150 0.2015 0.0730 0.0193 0.2866 0.0481 0.0000 0.1301 0.1035 
 55       55   (0)      3 :  0.0226 0.1079 0.0547 0.5118 0.0116 0.1841 0.0102 0.0021 0.0846 0.0103 
 56       56   (0)      3 :  0.0068 0.0385 0.0122 0.0905 0.0095 0.3804 0.0533 0.0300 0.0415 0.3374 
 57       57   (0)      3 :  0.1093 0.1321 0.1277 0.0570 0.0476 0.0692 0.0511 0.1930 0.1009 0.1122 
 58       58   (0)      3 :  0.0166 0.0000 0.0250 0.0143 0.2301 0.0836 0.4874 0.1201 0.0173 0.0055 
 59       59   (0)      3 :  0.0393 0.1231 0.0860 0.0082 0.0000 0.1276 0.3462 0.1444 0.0084 0.1169 
 60       60   (0)      4 :  0.1820 0.2150 0.1320 0.0851 0.1763 0.0383 0.0312 0.0318 0.0062 0.1022 
 61       61   (0)      4 :  0.0187 0.1401 0.1215 0.0714 0.0926 0.0266 0.0194 0.0187 0.4811 0.0099 
 62       62   (0)      4 :  0.1811 0.3675 0.0296 0.0234 0.0033 0.0027 0.0461 0.3268 0.0094 0.0100 
 63       63   (0)      4 :  0.0993 0.0586 0.0383 0.0891 0.1287 0.1083 0.0258 0.2022 0.1388 0.1109 
 64       64   (0)      4 :  0.0202 0.0335 0.1709 0.2143 0.0793 0.0040 0.1424 0.1422 0.0767 0.1164 
 65       65   (0)      4 :  0.0188 0.0110 0.2249 0.0159 0.0368 0.4808 0.0133 0.1207 0.0412 0.0366 
 66       66   (0)      4 :  0.0273 0.0000 0.0372 0.0514 0.0224 0.7378 0.0363 0.0601 0.0223 0.0051 
 67       67   (0)      4 :  0.0610 0.1572 0.0644 0.3081 0.0939 0.0195 0.0129 0.0600 0.1890 0.0339 
 68       68   (0)      4 :  0.0302 0.0195 0.0988 0.1189 0.1582 0.1418 0.0115 0.2622 0.0427 0.1162 
 69       69   (0)      4 :  0.4053 0.0255 0.0774 0.0414 0.0000 0.1388 0.1397 0.0767 0.0351 0.0601 
 70       70   (0)      4 :  0.1327 0.1786 0.0271 0.0097 0.0000 0.0474 0.2362 0.0713 0.0870 0.2099 
 71       71   (0)      1 :  0.0184 0.0346 0.6116 0.2260 0.0000 0.0000 0.0000 0.0523 0.0500 0.0071 
 72       72   (0)      1 :  0.0167 0.0153 0.0598 0.0114 0.7955 0.0000 0.0452 0.0244 0.0000 0.0318 
 73       73   (0)      1 :  0.5784 0.1994 0.0128 0.0192 0.0134 0.0423 0.0292 0.0495 0.0363 0.0196 
 74       74   (0)      1 :  0.0319 0.0000 0.5047 0.0000 0.0151 0.0659 0.0161 0.0459 0.0531 0.2673 
 75       75   (0)      1 :  0.0845 0.0283 0.1307 0.0777 0.0263 0.1546 0.0956 0.0372 0.2150 0.1501 
 76       76   (0)      1 :  0.0152 0.6888 0.0259 0.0000 0.0066 0.0877 0.0316 0.0000 0.1042 0.0400 
 77       77   (0)      1 :  0.0571 0.1863 0.5097 0.0000 0.1487 0.0084 0.0267 0.0150 0.0000 0.0482 
 78       78   (0)      1 :  0.0805 0.1520 0.0463 0.0299 0.1916 0.0247 0.0978 0.1606 0.0130 0.2038 
 79       79   (0)      1 :  0.0503 0.0912 0.0626 0.0371 0.0848 0.0573 0.0428 0.5198 0.0267 0.0275 
 80       80   (0)      1 :  0.0556 0.1092 0.0245 0.3376 0.0320 0.1047 0.0110 0.0260 0.0267 0.2727 
 81       81   (0)      1 :  0.2317 0.0966 0.0000 0.0000 0.0804 0.0617 0.3012 0.0159 0.1414 0.0712 
 82       82   (0)      1 :  0.0170 0.0090 0.2500 0.0543 0.1603 0.0619 0.0078 0.0393 0.1519 0.2485 
 83       83   (0)      1 :  0.2626 0.0336 0.1517 0.0885 0.2114 0.0045 0.0259 0.1203 0.0214 0.0801 
 84       84   (0)      1 :  0.0000 0.0781 0.0361 0.5086 0.0298 0.1649 0.0307 0.1054 0.0000 0.0465 
 85       85   (0)      1 :  0.3464 0.0544 0.0431 0.0903 0.1065 0.2152 0.0604 0.0382 0.0181 0.0276 
 86       86   (0)      1 :  0.0941 0.0436 0.1347 0.0330 0.0834 0.1273 0.0452 0.1526 0.1815 0.1047 
 87       87   (0)      1 :  0.0050 0.0476 0.0488 0.0250 0.0697 0.0934 0.3028 0.1691 0.0187 0.2199 
 88       88   (0)      1 :  0.5059 0.0177 0.0000 0.0061 0.2423 0.0549 0.0797 0.0873 0.0000 0.0061 
 89       89   (0)      1 :  0.1172 0.2360 0.2044 0.0049 0.1073 0.0157 0.1402 0.0831 0.0694 0.0219 
 90       90   (0)      1 :  0.0656 0.0273 0.0322 0.0525 0.0274 0.0572 0.0508 0.0036 0.6694 0.0140 
 91       91   (0)      1 :  0.1500 0.0000 0.0114 0.0171 0.6329 0.0174 0.0000 0.1529 0.0000 0.0183 
 92       92   (0)      1 :  0.0493 0.0160 0.0495 0.1061 0.0146 0.2516 0.1606 0.2528 0.0338 0.0657 
 93       93   (0)      1 :  0.0096 0.3252 0.0115 0.1099 0.0657 0.1070 0.0844 0.0617 0.1250 0.1001 
 94       94   (0)      1 :  0.0716 0.0500 0.4235 0.1516 0.1236 0.0066 0.0256 0.0646 0.0470 0.0359 
 95       95   (0)      1 :  0.0576 0.0119 0.2545 0.4201 0.0114 0.0000 0.0385 0.0022 0.0822 0.1216 
 96       96   (0)      1 :  0.0205 0.0502 0.0668 0.6744 0.0092 0.0097 0.0470 0.0566 0.0464 0.0191 
 97       97   (0)      1 :  0.0903 0.0667 0.0338 0.0615 0.0187 0.0450 0.0248 0.0492 0.5187 0.0912 
 98       98   (0)      1 :  0.4752 0.0925 0.0458 0.0596 0.0976 0.0322 0.0418 0.0209 0.0299 0.1044 
 99       99   (0)      4 :  0.1265 0.0851 0.0500 0.5374 0.0000 0.0000 0.0000 0.0572 0.0000 0.1439 
100      100   (0)      4 :  0.1301 0.0345 0.0652 0.1844 0.0572 0.2356 0.0275 0.0648 0.0353 0.1653 
101      101   (0)      5 :  0.1054 0.1271 0.0830 0.0742 0.0478 0.0107 0.0451 0.4283 0.0201 0.0583 
102      102   (0)      5 :  0.5879 0.0000 0.0730 0.0181 0.0579 0.0000 0.0745 0.0116 0.1000 0.0770 
103      103   (0)      5 :  0.1596 0.0622 0.0401 0.1687 0.0287 0.0025 0.0484 0.0076 0.0268 0.4554 
104      104   (0)      5 :  0.0374 0.2149 0.0177 0.0456 0.0437 0.1278 0.1317 0.0404 0.0104 0.3304 
105      105   (0)      5 :  0.0393 0.5860 0.0554 0.0304 0.1422 0.0000 0.0000 0.0320 0.0572 0.0574 
106      106   (0)      4 :  0.1315 0.0145 0.0552 0.0000 0.0274 0.0244 0.7313 0.0000 0.0157 0.0000 
107      107   (0)      4 :  0.1886 0.1622 0.0112 0.0576 0.0930 0.0748 0.0225 0.0200 0.2230 0.1471 
108      108   (0)      4 :  0.0479 0.2088 0.0716 0.0278 0.3669 0.0231 0.0647 0.0154 0.0714 0.1025 
109      109   (0)      4 :  0.0629 0.2230 0.0394 0.0361 0.0668 0.0422 0.1180 0.0292 0.1420 0.2403 
110      110   (0)      4 :  0.1998 0.0345 0.0105 0.0442 0.0469 0.2204 0.3312 0.0278 0.0132 0.0716 
111      111   (0)      5 :  0.0457 0.5122 0.0305 0.0943 0.0505 0.0049 0.0972 0.0182 0.1052 0.0414 
112      112   (0)      5 :  0.4084 0.0365 0.0140 0.0639 0.1252 0.0706 0.0106 0.2384 0.0051 0.0274 
113      113   (0)      5 :  0.0087 0.0688 0.1375 0.0390 0.0984 0.1428 0.0038 0.1766 0.2871 0.0372 
114      114   (0)      5 :  0.2721 0.0101 0.0001 0.0600 0.0500 0.1044 0.1756 0.0050 0.0978 0.2248 
115      115   (0)      5 :  0.1880 0.0390 0.1773 0.0041 0.0000 0.0375 0.2292 0.1335 0.1914 0.0000 
116      116   (0)      5 :  0.0794 0.1307 0.1408 0.0628 0.0227 0.1498 0.1782 0.0934 0.0602 0.0820 
117      117   (0)      4 :  0.0000 0.0218 0.0555 0.0549 0.0123 0.0720 0.0044 0.2929 0.0476 0.4387 
118      118   (0)      4 :  0.0136 0.2564 0.1490 0.0086 0.1608 0.0742 0.1641 0.0896 0.0803 0.0035 
119      119   (0)      4 :  0.0257 0.0222 0.0647 0.2025 0.0362 0.0279 0.0155 0.0436 0.0365 0.5251 
120      120   (0)      4 :  0.1161 0.0894 0.0242 0.2007 0.1967 0.0267 0.0840 0.0275 0.0605 0.1743 
121      121   (0)      4 :  0.1938 0.0930 0.0044 0.0381 0.1274 0.3469 0.1177 0.0343 0.0138 0.0306 
122      122   (0)      4 :  0.0539 0.0894 0.2131 0.0389 0.0720 0.0000 0.0600 0.4627 0.0000 0.0100 
123      123   (0)      4 :  0.0359 0.0359 0.6891 0.0418 0.0927 0.0052 0.0000 0.0030 0.0061 0.0904 
124      124   (0)      4 :  0.0260 0.0121 0.0232 0.2417 0.1521 0.0615 0.0109 0.3513 0.0708 0.0505 
125      125   (0)      5 :  0.0331 0.0000 0.0000 0.1479 0.0898 0.0846 0.0545 0.4360 0.0043 0.1499 
126      126   (0)      5 :  0.0487 0.1302 0.0300 0.0218 0.1223 0.2613 0.1703 0.0324 0.1437 0.0392 
127      127   (0)      5 :  0.0603 0.0290 0.0000 0.0000 0.6256 0.1055 0.1143 0.0265 0.0371 0.0017 
128      128   (0)      5 :  0.0918 0.0614 0.1341 0.0826 0.0446 0.0376 0.2747 0.1720 0.0739 0.0271 
129      129   (0)      5 :  0.0408 0.0659 0.0936 0.0153 0.0097 0.2351 0.0334 0.0985 0.1645 0.2433 
130      130   (0)      5 :  0.0316 0.0000 0.1007 0.0107 0.0052 0.0365 0.1399 0.0455 0.6099 0.0200 
131      131   (0)      5 :  0.0174 0.0873 0.1287 0.4693 0.0180 0.2200 0.0000 0.0017 0.0386 0.0190 
132      132   (0)      5 :  0.1678 0.1099 0.0492 0.0124 0.1785 0.0848 0.0426 0.3076 0.0116 0.0356 
133      133   (0)      5 :  0.1404 0.1255 0.0216 0.0221 0.0261 0.1313 0.3246 0.0440 0.1352 0.0292 
134      134   (0)      5 :  0.0006 0.1186 0.6956 0.1033 0.0064 0.0098 0.0152 0.0048 0.0337 0.0120 
135      135   (0)      5 :  0.1501 0.0700 0.0183 0.0728 0.0333 0.0976 0.2516 0.0000 0.0181 0.2880 
136      136   (0)      5 :  0.0970 0.1262 0.0336 0.0022 0.1123 0.1630 0.3823 0.0410 0.0252 0.0173 
137      137   (0)      5 :  0.0175 0.1084 0.0000 0.1494 0.0318 0.2069 0.0001 0.0550 0.2505 0.1804 
138      138   (0)      5 :  0.1182 0.0190 0.0114 0.1384 0.0348 0.0415 0.0206 0.3808 0.2043 0.0310 
139      139   (0)      5 :  0.0933 0.0827 0.0000 0.0076 0.0672 0.0132 0.5619 0.0500 0.0366 0.0875 
140      140   (0)      5 :  0.1961 0.0974 0.0000 0.0161 0.0618 0.0493 0.2660 0.1717 0.1098 0.0318 
141      141   (0)      5 :  0.0391 0.0155 0.0503 0.1567 0.0538 0.0418 0.0396 0.0062 0.0718 0.5252 
142      142   (0)      5 :  0.0196 0.0165 0.3482 0.0158 0.0473 0.0307 0.4626 0.0011 0.0495 0.0088 
143      143   (0)      5 :  0.1108 0.0384 0.0901 0.0062 0.0785 0.3194 0.0356 0.0437 0.1372 0.1401 
144      144   (0)      6 :  0.0271 0.1062 0.1649 0.1331 0.1759 0.0401 0.1394 0.0924 0.0644 0.0565 
145      145   (0)      6 :  0.1241 0.0148 0.0587 0.0512 0.0337 0.2082 0.2819 0.1427 0.0673 0.0175 
146      146   (0)      6 :  0.1275 0.1476 0.0531 0.1064 0.0471 0.0580 0.0233 0.2354 0.1321 0.0695 
147      147   (0)      6 :  0.1804 0.0984 0.0783 0.0000 0.0142 0.0272 0.0763 0.2075 0.2603 0.0574 
148      148   (0)      6 :  0.0565 0.1476 0.0251 0.0093 0.0045 0.6284 0.0203 0.0048 0.0547 0.0488 
149      149   (0)      6 :  0.1595 0.1397 0.0496 0.3598 0.0462 0.0057 0.0104 0.0578 0.0526 0.1187 
150      150   (0)      6 :  0.1004 0.0486 0.0405 0.0000 0.0000 0.0320 0.2105 0.4335 0.1253 0.0091 
151      151   (0)      6 :  0.0538 0.4328 0.2327 0.0792 0.0112 0.1179 0.0000 0.0119 0.0573 0.0033 
152      152   (0)      6 :  0.1541 0.0737 0.0328 0.1472 0.0189 0.1667 0.0123 0.1245 0.0623 0.2074 
153      153   (0)      6 :  0.0553 0.0290 0.0027 0.0385 0.0000 0.2958 0.5495 0.0047 0.0089 0.0156 
154      154   (0)      6 :  0.0879 0.0298 0.0416 0.0142 0.0711 0.2649 0.0283 0.2928 0.1055 0.0639 
155      155   (0)      6 :  0.0566 0.1858 0.0246 0.0230 0.1388 0.0500 0.4297 0.0082 0.0609 0.0225 
156      156   (0)      6 :  0.0188 0.0491 0.0319 0.0758 0.1488 0.0997 0.2387 0.0155 0.1203 0.2014 
157      157   (0)      6 :  0.0517 0.1059 0.0880 0.1283 0.0711 0.2029 0.0091 0.1898 0.0539 0.0991 
158      158   (0)      6 :  0.0375 0.1480 0.1753 0.0095 0.2120 0.0252 0.0279 0.0972 0.0068 0.2605 
159      159   (0)      6 :  0.0376 0.0989 0.0752 0.1333 0.0929 0.1513 0.0140 0.0623 0.2279 0.1066 
160      160   (0)      6 :  0.2380 0.0064 0.0000 0.0279 0.1167 0.3047 0.2688 0.0282 0.0094 0.0000 
161      161   (0)      6 :  0.1484 0.0927 0.0496 0.1677 0.0424 0.0425 0.1662 0.1294 0.0027 0.1583 
162      162   (0)      6 :  0.1044 0.0552 0.0240 0.0173 0.0028 0.3024 0.1392 0.0685 0.1905 0.0956 
163      163   (0)      6 :  0.0508 0.0603 0.2429 0.0000 0.2612 0.0234 0.1506 0.1315 0.0774 0.0019 
164      164   (0)      6 :  0.0963 0.0286 0.0058 0.1347 0.0850 0.0712 0.3111 0.0068 0.0437 0.2168 
165      165   (0)      6 :  0.2058 0.0623 0.0832 0.0956 0.1133 0.1794 0.0536 0.1106 0.0569 0.0394 
166      166   (0)      6 :  0.0242 0.0290 0.0384 0.4074 0.0055 0.0936 0.0180 0.0210 0.3160 0.0471 
167      167   (0)      6 :  0.0355 0.0890 0.0688 0.0670 0.2156 0.1062 0.1962 0.0534 0.1223 0.0460 
168      168   (0)      6 :  0.0874 0.0153 0.4919 0.0346 0.0000 0.0016 0.0534 0.2020 0.0000 0.1139 
169      169   (0)      6 :  0.0503 0.0946 0.0659 0.0951 0.2284 0.0662 0.1713 0.1959 0.0003 0.0321 
170      170   (0)      6 :  0.0115 0.1182 0.2789 0.1827 0.0339 0.2180 0.1568 0.0000 0.0000 0.0000 
171      171   (0)      6 :  0.0984 0.1809 0.0309 0.0000 0.1980 0.0208 0.0755 0.0857 0.2023 0.1074 
172      172   (0)      4 :  0.0714 0.0016 0.4049 0.0347 0.0000 0.0000 0.2732 0.0000 0.2000 0.0142 
173      173   (0)      4 :  0.0632 0.2667 0.0202 0.1152 0.0009 0.0101 0.0128 0.0323 0.4372 0.0415 
174      174   (0)      7 :  0.0442 0.0223 0.0119 0.0292 0.0056 0.3405 0.0726 0.2108 0.1377 0.1251 
175      175   (0)      7 :  0.1500 0.0000 0.0000 0.0000 0.6500 0.0149 0.0000 0.1651 0.0000 0.0199 
176      176   (0)      7 :  0.2424 0.0640 0.0030 0.0388 0.0740 0.1482 0.0995 0.0772 0.2291 0.0238 
177      177   (0)      7 :  0.0337 0.0307 0.1252 0.2865 0.0937 0.0681 0.0280 0.2118 0.0359 0.0864 
178      178   (0)      7 :  0.1952 0.1236 0.0387 0.0485 0.0846 0.0901 0.0401 0.2094 0.0314 0.1386 
179      179   (0)      7 :  0.2080 0.0433 0.0164 0.0719 0.0315 0.0058 0.1045 0.0670 0.3070 0.1445 
180      180   (0)      7 :  0.1276 0.5491 0.0424 0.0303 0.0036 0.0226 0.0083 0.0859 0.1230 0.0072 
181      181   (0)      7 :  0.0379 0.2114 0.1735 0.0256 0.2177 0.0268 0.1922 0.0717 0.0051 0.0381 
182      182   (0)      7 :  0.1082 0.1187 0.0410 0.1772 0.1535 0.1287 0.0108 0.1340 0.0707 0.0571 
183      183   (0)      7 :  0.1927 0.0474 0.0333 0.0343 0.1971 0.0714 0.1297 0.2099 0.0405 0.0437 
184      184   (0)      7 :  0.0698 0.0458 0.0773 0.0076 0.0526 0.4509 0.0705 0.1357 0.0798 0.0101 
185      185   (0)      7 :  0.0559 0.0423 0.0058 0.0344 0.1632 0.3505 0.0955 0.0768 0.0760 0.0996 
186      186   (0)      7 :  0.1466 0.1428 0.0987 0.0650 0.0064 0.3310 0.0488 0.0304 0.1133 0.0171 
187      187   (0)      7 :  0.3051 0.0565 0.0885 0.0154 0.1391 0.1858 0.1257 0.0228 0.0303 0.0307 
188      188   (0)      7 :  0.0411 0.0250 0.0743 0.0216 0.0056 0.3573 0.0349 0.0366 0.0203 0.3832 
189      189   (0)      7 :  0.0946 0.0666 0.0361 0.0782 0.1235 0.2296 0.0369 0.0758 0.2250 0.0337 
190      190   (0)      7 :  0.0550 0.0553 0.0959 0.1326 0.0524 0.1499 0.4031 0.0513 0.0000 0.0044 
191      191   (0)      7 :  0.1503 0.0440 0.1286 0.1310 0.0586 0.0919 0.0509 0.1639 0.0729 0.1079 
192      192   (0)      7 :  0.3188 0.0353 0.1695 0.1383 0.0049 0.0408 0.2137 0.0013 0.0275 0.0500 
193      193   (0)      7 :  0.0082 0.0457 0.2563 0.0382 0.1333 0.0278 0.0000 0.1612 0.0795 0.2497 
194      194   (0)      7 :  0.2522 0.0119 0.3777 0.0500 0.1607 0.0000 0.0000 0.0191 0.0783 0.0500 
195      195   (0)      7 :  0.0558 0.1066 0.0299 0.0120 0.1988 0.1004 0.0262 0.2993 0.0449 0.1259 
196      196   (0)      7 :  0.2491 0.0852 0.0923 0.0522 0.0756 0.0146 0.0123 0.2088 0.0736 0.1362 
197      197   (0)      7 :  0.1303 0.0528 0.1251 0.0961 0.0362 0.0255 0.0024 0.2685 0.1543 0.1088 
198      198   (0)      7 :  0.0819 0.0727 0.0079 0.0192 0.0381 0.0108 0.0588 0.1546 0.0308 0.5252 
199      199   (0)      7 :  0.0384 0.0000 0.0932 0.2250 0.1776 0.0706 0.0500 0.1181 0.2009 0.0262 
200      200   (0)      7 :  0.0603 0.0888 0.0903 0.0205 0.1305 0.1969 0.0203 0.0142 0.2051 0.1733 
201      201   (0)      7 :  0.0306 0.0029 0.2578 0.0707 0.0770 0.1768 0.0000 0.2046 0.0194 0.1603 
202      202   (0)      7 :  0.1086 0.3381 0.0358 0.0358 0.0044 0.0369 0.0367 0.0410 0.0893 0.2733 
203      203   (0)      7 :  0.0192 0.0730 0.0449 0.2712 0.1617 0.1306 0.0045 0.0950 0.0754 0.1246 
