1        1   (0)      1  : 0.1770 0.1098 0.0578 0.0000 0.1006 0.3184 0.0807 0.0000 0.1556 0.0000
2        2   (0)      1  : 0.2280 0.3433 0.0000 0.0000 0.0000 0.0000 0.0000 0.0000 0.0000 0.4287
3        3   (0)      2  : 0.0000 0.2414 0.0000 0.0000 0.0000 0.0000 0.0000 0.3375 0.4211 0.0000
4        4   (0)      2  : 0.0554 0.1383 0.1713 0.0000 0.1189 0.1794 0.0000 0.0000 0.3357 0.0010
5        5   (0)      2  : 0.0000 0.0000 0.1741 0.0000 0.2010 0.3044 0.3205 0.0000 0.0000 0.0000
6        6   (0)      2  : 0.3875 0.3828 0.0000 0.0052 0.0000 0.2245 0.0000 0.0000 0.0000 0.0000
7        7   (0)      2  : 0.0002 0.0000 0.0000 0.6630 0.0000 0.0000 0.3368 0.0000 0.0000 0.0000
8        8   (0)      2  : 0.0000 0.0000 0.0025 0.6094 0.0000 0.0000 0.0000 0.3881 0.0000 0.0000
9        9   (0)      2  : 0.1117 0.0000 0.0000 0.3789 0.1756 0.0000 0.1729 0.0000 0.1609 0.0000
10       10   (0)      2  : 0.4202 0.0000 0.1684 0.4114 0.0000 0.0000 0.0000 0.0000 0.0000 0.0000
11       11   (0)      2  : 0.3584 0.0001 0.0000 0.1084 0.0000 0.1436 0.0247 0.0716 0.0020 0.2912
12       12   (0)      2  : 0.0603 0.1961 0.1620 0.1051 0.2300 0.2465 0.0000 0.0000 0.0000 0.0000
13       13   (0)      2  : 0.1796 0.0000 0.2710 0.3053 0.1750 0.0000 0.0137 0.0000 0.0554 0.0000
14       14   (0)      2  : 0.0000 0.0306 0.0905 0.2047 0.1994 0.0000 0.2212 0.0702 0.0000 0.1834
15       15   (0)      2  : 0.0000 0.1212 0.1978 0.1026 0.0000 0.0000 0.1705 0.2658 0.0000 0.1420
16       16   (0)      2  : 0.0000 0.0435 0.0729 0.0901 0.2619 0.2241 0.0758 0.0918 0.1398 0.0000
17       17   (0)      2  : 0.4486 0.0000 0.0000 0.3202 0.0000 0.0003 0.2308 0.0000 0.0000 0.0000
18       18   (0)      2  : 0.0000 0.0000 0.0481 0.0000 0.3505 0.2983 0.1431 0.0000 0.1601 0.0000
19       19   (0)      2  : 0.0000 0.0000 0.1835 0.0000 0.0000 0.0000 0.2117 0.0675 0.2983 0.2390
20       20   (0)      2  : 0.0000 0.0000 0.0000 0.0000 0.0000 0.4082 0.0000 0.0000 0.5918 0.0000
21       21   (0)      2  : 0.0000 0.0000 0.0000 1.0000 0.0000 0.0000 0.0000 0.0000 0.0000 0.0000
22       22   (0)      2  : 0.1545 0.2006 0.2310 0.0000 0.0000 0.2017 0.1160 0.0000 0.0961 0.0000
23       23   (0)      2  : 0.1194 0.1157 0.0000 0.2782 0.0000 0.0000 0.2414 0.1283 0.0000 0.1170
24       24   (0)      2  : 0.0000 0.0000 0.0000 0.0000 0.0000 0.0000 0.0000 0.0000 0.0000 1.0000
25       25   (0)      2  : 0.0000 0.0000 0.0000 0.0000 0.0000 0.0130 0.2346 0.4694 0.2830 0.0000
26       26   (0)      2  : 0.0000 0.0000 0.6164 0.0000 0.0000 0.3836 0.0000 0.0000 0.0000 0.0000
27       27   (0)      2  : 0.0000 0.0000 0.0000 0.0000 0.1916 0.0000 0.0000 0.4905 0.0000 0.3179
28       28   (0)      2  : 0.0000 0.2776 0.1989 0.2656 0.0884 0.0000 0.0000 0.1694 0.0000 0.0000
29       29   (0)      2  : 0.0000 0.0000 0.2257 0.1028 0.0425 0.0706 0.2307 0.2215 0.0000 0.1063
30       30   (0)      3  : 0.0833 0.1812 0.1781 0.0000 0.0000 0.1901 0.0000 0.1643 0.1650 0.0379
31       31   (0)      3  : 0.0698 0.0000 0.0000 0.1715 0.1131 0.0851 0.2456 0.0000 0.1172 0.1977
32       32   (0)      3  : 0.0000 0.1741 0.0000 0.3058 0.0000 0.0000 0.0000 0.2498 0.2703 0.0000
33       33   (0)      3  : 0.0778 0.0781 0.1549 0.0208 0.0371 0.0000 0.1865 0.1240 0.3206 0.0000
34       34   (0)      3  : 0.1807 0.0000 0.0000 0.2909 0.0000 0.0258 0.3374 0.0363 0.0004 0.1285
35       35   (0)      3  : 0.0000 0.1836 0.0000 0.3407 0.0000 0.0000 0.0000 0.0000 0.4757 0.0000
36       36   (0)      3  : 0.0000 0.0007 0.2429 0.0775 0.2467 0.0000 0.2377 0.0807 0.1138 0.0000
37       37   (0)      3  : 0.0939 0.0819 0.0368 0.1380 0.0024 0.0000 0.1859 0.0954 0.1693 0.1964
38       38   (0)      3  : 0.4583 0.0000 0.0000 0.0000 0.0000 0.5417 0.0000 0.0000 0.0000 0.0000
39       39   (0)      3  : 0.4402 0.3419 0.2180 0.0000 0.0000 0.0000 0.0000 0.0000 0.0000 0.0000
40       40   (0)      3  : 0.0000 0.0000 0.0000 0.0000 0.0000 1.0000 0.0000 0.0000 0.0000 0.0000
41       41   (0)      3  : 0.0000 0.0000 1.0000 0.0000 0.0000 0.0000 0.0000 0.0000 0.0000 0.0000
42       42   (0)      3  : 0.0000 0.3708 0.0000 0.0000 0.0000 0.0015 0.2840 0.0000 0.0000 0.3437
43       43   (0)      3  : 0.0422 0.2731 0.0590 0.1396 0.2017 0.0113 0.0000 0.1563 0.0000 0.1168
44       44   (0)      3  : 0.1875 0.0000 0.2235 0.0000 0.2446 0.0000 0.0000 0.3444 0.0000 0.0000
45       45   (0)      3  : 0.0000 0.0000 0.4165 0.0000 0.0000 0.0000 0.0000 0.5835 0.0000 0.0000
46       46   (0)      3  : 0.0000 0.0000 0.0000 0.2081 0.0000 0.0000 0.0592 0.2214 0.3368 0.1745
47       47   (0)      3  : 1.0000 0.0000 0.0000 0.0000 0.0000 0.0000 0.0000 0.0000 0.0000 0.0000
48       48   (0)      3  : 0.0000 0.0000 0.0000 0.0000 0.0000 0.0000 0.0000 1.0000 0.0000 0.0000
49       49   (0)      3  : 0.0000 0.0000 0.0000 0.0000 0.0000 0.0000 0.0000 0.0000 1.0000 0.0000
50       50   (0)      3  : 0.0000 0.4261 0.2000 0.0000 0.0000 0.0000 0.0000 0.0000 0.1336 0.2403
51       51   (0)      3  : 0.0000 0.0801 0.1331 0.0000 0.0000 0.0000 0.4188 0.1426 0.2253 0.0000
52       52   (0)      3  : 0.0000 0.0000 0.0000 0.3881 0.2075 0.0000 0.0000 0.2174 0.0000 0.1870
53       53   (0)      3  : 0.0000 0.0000 0.0000 0.0000 0.0000 0.0000 0.0000 1.0000 0.0000 0.0000
54       54   (0)      3  : 0.0000 0.0000 0.0806 0.2282 0.3349 0.2728 0.0293 0.0543 0.0000 0.0000
55       55   (0)      3  : 0.0000 0.0000 1.0000 0.0000 0.0000 0.0000 0.0000 0.0000 0.0000 0.0000
56       56   (0)      3  : 0.0000 0.0000 0.0000 1.0000 0.0000 0.0000 0.0000 0.0000 0.0000 0.0000
57       57   (0)      3  : 0.0000 0.0000 0.0000 0.1696 0.0000 0.2147 0.2160 0.0000 0.3997 0.0000
58       58   (0)      3  : 0.0000 0.0000 0.0000 0.0000 0.0000 0.0000 0.0000 0.0000 0.0000 1.0000
59       59   (0)      3  : 0.0000 0.0000 0.0000 0.0000 0.0000 0.0000 0.0000 1.0000 0.0000 0.0000
60       60   (0)      4  : 0.3579 0.0000 0.0000 0.0000 0.0000 0.0000 0.0000 0.0000 0.6421 0.0000
61       61   (0)      4  : 0.0000 0.0000 0.0000 0.0000 1.0000 0.0000 0.0000 0.0000 0.0000 0.0000
62       62   (0)      4  : 0.0000 0.0000 0.0000 0.0000 0.0000 0.0000 0.0000 0.0000 1.0000 0.0000
63       63   (0)      4  : 0.2219 0.1613 0.1783 0.2675 0.0000 0.0000 0.0000 0.0589 0.1121 0.0000
64       64   (0)      4  : 0.0058 0.0000 0.0000 0.1502 0.1305 0.2026 0.1687 0.2100 0.0285 0.1037
65       65   (0)      4  : 0.0881 0.0000 0.1985 0.0000 0.2740 0.0006 0.0556 0.0000 0.0000 0.3832
66       66   (0)      4  : 0.0000 0.0000 1.0000 0.0000 0.0000 0.0000 0.0000 0.0000 0.0000 0.0000
67       67   (0)      4  : 0.0000 0.0000 0.0000 0.0000 0.1298 0.0000 0.2134 0.3108 0.0006 0.3455
68       68   (0)      4  : 0.0000 0.0000 0.3899 0.0000 0.0000 0.0000 0.0000 0.0000 0.0000 0.6101
69       69   (0)      4  : 0.0000 0.0000 0.0000 0.0000 0.0000 0.0000 0.0000 0.0000 1.0000 0.0000
70       70   (0)      4  : 0.0000 0.5393 0.0000 0.0000 0.4607 0.0000 0.0000 0.0000 0.0000 0.0000
71       71   (0)      1  : 0.0000 0.0000 0.0000 0.0000 0.0000 0.0000 1.0000 0.0000 0.0000 0.0000
72       72   (0)      1  : 0.3131 0.2308 0.0000 0.1909 0.0000 0.2652 0.0000 0.0000 0.0000 0.0000
73       73   (0)      1  : 0.0000 0.0000 0.0000 0.0000 0.0000 0.0000 0.0000 0.0000 1.0000 0.0000
74       74   (0)      1  : 0.1371 0.1098 0.1456 0.2822 0.1292 0.0000 0.0000 0.0000 0.0000 0.1961
75       75   (0)      1  : 0.1545 0.0000 0.0004 0.0620 0.2246 0.0230 0.1741 0.0817 0.1332 0.1465
76       76   (0)      1  : 0.0000 0.0000 0.0000 0.0000 1.0000 0.0000 0.0000 0.0000 0.0000 0.0000
77       77   (0)      1  : 0.0000 0.0000 0.0000 0.0000 0.0000 1.0000 0.0000 0.0000 0.0000 0.0000
78       78   (0)      1  : 0.0000 0.3815 0.0000 0.1828 0.0000 0.0000 0.0000 0.0000 0.0000 0.4357
79       79   (0)      1  : 0.0475 0.1175 0.1602 0.0000 0.0000 0.0000 0.1572 0.2494 0.0000 0.2683
80       80   (0)      1  : 0.1330 0.0995 0.0000 0.1987 0.0290 0.0000 0.2744 0.2654 0.0000 0.0000
81       81   (0)      1  : 0.0000 1.0000 0.0000 0.0000 0.0000 0.0000 0.0000 0.0000 0.0000 0.0000
82       82   (0)      1  : 0.0000 0.0000 0.0000 1.0000 0.0000 0.0000 0.0000 0.0000 0.0000 0.0000
83       83   (0)      1  : 0.3629 0.0000 0.0000 0.0000 0.2140 0.0960 0.1190 0.0000 0.0000 0.2081
84       84   (0)      1  : 0.0000 0.0000 0.0000 0.0000 0.0000 0.0000 0.4463 0.0000 0.0000 0.5537
85       85   (0)      1  : 0.4706 0.1895 0.2337 0.0003 0.0000 0.0749 0.0310 0.0000 0.0000 0.0000
86       86   (0)      1  : 0.0000 0.0000 0.2070 0.2422 0.0000 0.1832 0.0000 0.0984 0.1718 0.0975
87       87   (0)      1  : 0.0000 0.1377 0.1958 0.2135 0.0000 0.2674 0.0000 0.0000 0.0000 0.1856
88       88   (0)      1  : 1.0000 0.0000 0.0000 0.0000 0.0000 0.0000 0.0000 0.0000 0.0000 0.0000
89       89   (0)      1  : 0.1888 0.0380 0.0781 0.0000 0.1192 0.3273 0.0000 0.1086 0.1401 0.0000
90       90   (0)      1  : 0.2129 0.0000 0.0000 0.0000 0.4235 0.0911 0.0000 0.2725 0.0000 0.0000
91       91   (0)      1  : 1.0000 0.0000 0.0000 0.0000 0.0000 0.0000 0.0000 0.0000 0.0000 0.0000
92       92   (0)      1  : 0.0000 0.2636 0.1868 0.2075 0.0000 0.1479 0.1409 0.0000 0.0000 0.0532
93       93   (0)      1  : 0.0000 0.2533 0.0000 0.0000 0.4098 0.0000 0.0000 0.3369 0.0000 0.0000
94       94   (0)      1  : 0.3174 0.0000 0.0000 0.2543 0.0000 0.2857 0.0000 0.0000 0.1427 0.0000
95       95   (0)      1  : 0.0000 0.0000 0.0000 0.5236 0.0000 0.0000 0.4764 0.0000 0.0000 0.0000
96       96   (0)      1  : 0.0000 0.0000 0.0000 0.0000 0.0000 0.0000 1.0000 0.0000 0.0000 0.0000
97       97   (0)      1  : 0.0000 0.1839 0.0000 0.2324 0.3221 0.0775 0.0000 0.0000 0.0000 0.1841
98       98   (0)      1  : 0.3810 0.0988 0.0000 0.1703 0.0000 0.0000 0.0000 0.1302 0.2197 0.0000
99       99   (0)      4  : 0.0000 0.0000 0.0000 0.0000 0.0000 0.0000 1.0000 0.0000 0.0000 0.0000
100      100   (0)      4  : 0.1320 0.2755 0.0900 0.3330 0.0738 0.0000 0.0000 0.0000 0.0958 0.0000
101      101   (0)      5  : 0.2293 0.2052 0.0000 0.0000 0.0000 0.0000 0.2418 0.1442 0.1795 0.0000
102      102   (0)      5  : 0.4767 0.5233 0.0000 0.0000 0.0000 0.0000 0.0000 0.0000 0.0000 0.0000
103      103   (0)      5  : 0.0000 0.0000 0.0000 0.5020 0.0000 0.0852 0.0000 0.0000 0.4129 0.0000
104      104   (0)      5  : 0.0000 0.2905 0.1009 0.0000 0.0000 0.0000 0.1568 0.2952 0.0000 0.1566
105      105   (0)      5  : 0.0000 0.0000 0.0000 0.0000 0.0000 0.0000 0.0000 1.0000 0.0000 0.0000
106      106   (0)      4  : 0.1205 0.3990 0.1018 0.0000 0.0000 0.1734 0.0000 0.0000 0.2053 0.0000
107      107   (0)      4  : 0.0000 0.0000 0.0000 0.0000 1.0000 0.0000 0.0000 0.0000 0.0000 0.0000
108      108   (0)      4  : 0.1691 0.2392 0.0000 0.0000 0.1022 0.1818 0.0000 0.2204 0.0000 0.0873
109      109   (0)      4  : 0.0000 0.0000 0.0000 0.0000 1.0000 0.0000 0.0000 0.0000 0.0000 0.0000
110      110   (0)      4  : 0.1280 0.3160 0.2525 0.0000 0.0097 0.0000 0.0000 0.0000 0.1399 0.1538
111      111   (0)      5  : 0.0000 0.0000 0.0000 0.0000 0.0000 0.0000 0.0000 1.0000 0.0000 0.0000
112      112   (0)      5  : 0.4341 0.0000 0.0000 0.0000 0.0000 0.0000 0.0000 0.0000 0.3326 0.2333
113      113   (0)      5  : 0.0000 0.0000 0.0000 0.0000 1.0000 0.0000 0.0000 0.0000 0.0000 0.0000
114      114   (0)      5  : 0.0000 1.0000 0.0000 0.0000 0.0000 0.0000 0.0000 0.0000 0.0000 0.0000
115      115   (0)      5  : 0.0000 0.0000 0.0000 0.0000 0.0000 0.4456 0.0000 0.0000 0.0000 0.5544
116      116   (0)      5  : 0.0000 0.2226 0.0000 0.0000 0.3273 0.1354 0.3147 0.0000 0.0000 0.0000
117      117   (0)      4  : 0.0000 0.0000 0.0000 0.6421 0.3579 0.0000 0.0000 0.0000 0.0000 0.0000
118      118   (0)      4  : 0.0000 0.0000 0.0000 0.0000 0.5064 0.4936 0.0000 0.0000 0.0000 0.0000
119      119   (0)      4  : 0.0000 0.0000 0.0000 1.0000 0.0000 0.0000 0.0000 0.0000 0.0000 0.0000
120      120   (0)      4  : 0.0000 0.2345 0.1792 0.1071 0.0073 0.0230 0.1247 0.0000 0.3241 0.0001
121      121   (0)      4  : 0.1727 0.2658 0.2383 0.0000 0.0000 0.0000 0.0000 0.0679 0.2553 0.0000
122      122   (0)      4  : 0.0000 0.0000 0.0000 0.0000 0.0000 0.2499 0.3169 0.0000 0.4332 0.0000
123      123   (0)      4  : 0.0000 0.0000 0.0000 0.0000 0.0000 1.0000 0.0000 0.0000 0.0000 0.0000
124      124   (0)      4  : 0.0000 0.0144 0.0002 0.2548 0.3110 0.0000 0.1624 0.0000 0.2172 0.0400
125      125   (0)      5  : 0.0000 0.0000 0.0000 1.0000 0.0000 0.0000 0.0000 0.0000 0.0000 0.0000
126      126   (0)      5  : 0.1021 0.1589 0.2424 0.0000 0.0787 0.2173 0.0000 0.2005 0.0000 0.0000
127      127   (0)      5  : 0.2809 0.2543 0.0000 0.0000 0.2002 0.0000 0.0000 0.0000 0.0000 0.2646
128      128   (0)      5  : 0.0591 0.0602 0.1810 0.0000 0.1257 0.2455 0.1263 0.0819 0.0000 0.1204
129      129   (0)      5  : 0.0000 0.0000 1.0000 0.0000 0.0000 0.0000 0.0000 0.0000 0.0000 0.0000
130      130   (0)      5  : 0.0000 0.0408 0.0936 0.0000 0.3710 0.3402 0.1074 0.0000 0.0000 0.0469
131      131   (0)      5  : 0.0000 0.0000 1.0000 0.0000 0.0000 0.0000 0.0000 0.0000 0.0000 0.0000
132      132   (0)      5  : 0.2614 0.0000 0.0035 0.0000 0.0000 0.0000 0.1244 0.2715 0.0000 0.3392
133      133   (0)      5  : 0.0000 0.2399 0.0000 0.1597 0.2693 0.1186 0.0000 0.0000 0.2092 0.0033
134      134   (0)      5  : 0.0000 0.0000 0.0000 0.0000 0.0000 0.5891 0.0000 0.4109 0.0000 0.0000
135      135   (0)      5  : 0.0000 1.0000 0.0000 0.0000 0.0000 0.0000 0.0000 0.0000 0.0000 0.0000
136      136   (0)      5  : 0.0748 0.3657 0.0000 0.0000 0.0000 0.1629 0.0000 0.2300 0.0000 0.1666
137      137   (0)      5  : 0.0000 0.0000 0.2470 0.3139 0.0172 0.0000 0.0000 0.2564 0.0000 0.1656
138      138   (0)      5  : 0.1087 0.1534 0.1546 0.1712 0.0000 0.0164 0.2296 0.0397 0.0000 0.1266
139      139   (0)      5  : 0.0000 1.0000 0.0000 0.0000 0.0000 0.0000 0.0000 0.0000 0.0000 0.0000
140      140   (0)      5  : 0.0000 0.0000 0.0000 0.0000 0.0000 0.0000 0.0000 0.0000 0.0000 1.0000
141      141   (0)      5  : 0.0000 0.0000 0.0000 1.0000 0.0000 0.0000 0.0000 0.0000 0.0000 0.0000
142      142   (0)      5  : 0.0000 0.0000 0.0000 0.0000 0.0000 1.0000 0.0000 0.0000 0.0000 0.0000
143      143   (0)      5  : 0.1065 0.1882 0.1306 0.0000 0.3392 0.0521 0.0000 0.0000 0.0000 0.1833
144      144   (0)      6  : 0.0000 0.3026 0.0000 0.0000 0.0000 0.3116 0.1797 0.1836 0.0000 0.0226
145      145   (0)      6  : 0.0000 0.0000 0.0000 0.0000 0.0000 0.0000 0.0000 0.0000 0.0000 1.0000
146      146   (0)      6  : 0.1202 0.0000 0.0711 0.0000 0.0000 0.0000 0.0895 0.3255 0.2022 0.1915
147      147   (0)      6  : 0.0000 0.0000 0.0000 0.0000 0.0000 0.1778 0.0000 0.5289 0.0000 0.2934
148      148   (0)      6  : 0.0000 0.1463 0.3965 0.0002 0.0000 0.0000 0.0000 0.1931 0.2639 0.0000
149      149   (0)      6  : 0.0000 0.0000 0.0000 0.3010 0.0000 0.0000 0.2021 0.1057 0.2023 0.1889
150      150   (0)      6  : 0.0000 0.4291 0.2758 0.0000 0.0000 0.2951 0.0000 0.0000 0.0000 0.0000
151      151   (0)      6  : 0.1119 0.0000 0.3439 0.0000 0.2189 0.1910 0.0000 0.1343 0.0000 0.0000
152      152   (0)      6  : 0.0709 0.0754 0.0000 0.2460 0.2018 0.0000 0.0828 0.0000 0.3232 0.0000
153      153   (0)      6  : 0.0000 0.0000 1.0000 0.0000 0.0000 0.0000 0.0000 0.0000 0.0000 0.0000
154      154   (0)      6  : 0.0694 0.0092 0.1169 0.2272 0.3147 0.0000 0.0000 0.0000 0.2626 0.0000
155      155   (0)      6  : 0.0000 1.0000 0.0000 0.0000 0.0000 0.0000 0.0000 0.0000 0.0000 0.0000
156      156   (0)      6  : 0.0000 0.3353 0.4598 0.0000 0.0000 0.2049 0.0000 0.0000 0.0000 0.0000
157      157   (0)      6  : 0.0000 0.0000 0.2611 0.0000 0.0000 0.0000 0.4415 0.2974 0.0000 0.0000
158      158   (0)      6  : 0.0832 0.2794 0.0000 0.0000 0.0000 0.1598 0.0000 0.4777 0.0000 0.0000
159      159   (0)      6  : 0.0000 0.0000 0.0000 0.0000 0.3250 0.0000 0.2810 0.2595 0.1183 0.0161
160      160   (0)      6  : 0.3245 0.0000 0.3032 0.0000 0.0935 0.0000 0.2788 0.0000 0.0000 0.0000
161      161   (0)      6  : 0.0000 1.0000 0.0000 0.0000 0.0000 0.0000 0.0000 0.0000 0.0000 0.0000
162      162   (0)      6  : 0.0000 0.4577 0.0000 0.0000 0.5423 0.0000 0.0000 0.0000 0.0000 0.0000
163      163   (0)      6  : 0.0000 0.0000 0.0000 0.0000 0.0000 1.0000 0.0000 0.0000 0.0000 0.0000
164      164   (0)      6  : 0.0000 0.4148 0.2368 0.0844 0.0000 0.0000 0.0760 0.1881 0.0000 0.0000
165      165   (0)      6  : 0.3891 0.1736 0.0823 0.1900 0.0008 0.0000 0.0705 0.0000 0.0937 0.0000
166      166   (0)      6  : 0.0000 0.0000 0.0000 0.0000 0.0000 0.0000 1.0000 0.0000 0.0000 0.0000
167      167   (0)      6  : 0.1416 0.0545 0.0001 0.0496 0.3160 0.2232 0.0000 0.2151 0.0000 0.0000
168      168   (0)      6  : 0.0000 0.0000 0.0000 0.0000 0.0000 0.0000 0.3460 0.0000 0.6540 0.0000
169      169   (0)      6  : 0.0000 0.1709 0.0000 0.0000 0.0000 0.1475 0.2599 0.0000 0.0000 0.4218
170      170   (0)      6  : 0.0000 0.0000 0.0000 0.0000 0.0000 0.5477 0.4523 0.0000 0.0000 0.0000
171      171   (0)      6  : 0.2110 0.1253 0.0000 0.0322 0.3052 0.0000 0.0000 0.1363 0.0560 0.1339
172      172   (0)      4  : 0.0000 0.0000 0.0000 0.0000 0.0000 1.0000 0.0000 0.0000 0.0000 0.0000
173      173   (0)      4  : 0.0000 0.0000 0.0000 0.0000 0.0000 0.0000 1.0000 0.0000 0.0000 0.0000
174      174   (0)      7  : 0.0000 0.0049 0.3471 0.2144 0.0974 0.0000 0.0491 0.1518 0.0986 0.0366
175      175   (0)      7  : 1.0000 0.0000 0.0000 0.0000 0.0000 0.0000 0.0000 0.0000 0.0000 0.0000
176      176   (0)      7  : 0.0000 0.0000 0.0000 0.0000 0.5163 0.0000 0.0000 0.0000 0.4837 0.0000
177      177   (0)      7  : 0.0000 0.0000 0.1832 0.3207 0.0000 0.0000 0.1196 0.1250 0.0000 0.2515
178      178   (0)      7  : 0.1604 0.2086 0.0000 0.2341 0.1722 0.0000 0.0000 0.0000 0.2247 0.0000
179      179   (0)      7  : 0.0000 0.0000 0.0000 0.4879 0.0000 0.0000 0.0000 0.0000 0.5121 0.0000
180      180   (0)      7  : 0.0000 0.0000 0.0000 0.0000 0.0000 0.0000 0.0000 0.5754 0.4246 0.0000
181      181   (0)      7  : 0.0000 0.3983 0.0000 0.0000 0.0000 0.2908 0.2003 0.0251 0.0000 0.0856
182      182   (0)      7  : 0.0723 0.0000 0.1218 0.1768 0.1967 0.0000 0.2137 0.0000 0.0000 0.2188
183      183   (0)      7  : 0.0000 0.5050 0.0000 0.0000 0.0000 0.0000 0.0000 0.0000 0.0000 0.4950
184      184   (0)      7  : 0.0865 0.0000 0.0000 0.0000 0.3231 0.1823 0.0000 0.0963 0.3118 0.0000
185      185   (0)      7  : 0.2778 0.0000 0.2077 0.1326 0.0389 0.0000 0.0000 0.3430 0.0000 0.0000
186      186   (0)      7  : 0.0000 0.1262 0.0620 0.0000 0.2357 0.0000 0.1584 0.0000 0.4178 0.0000
187      187   (0)      7  : 0.5673 0.4327 0.0000 0.0000 0.0000 0.0000 0.0000 0.0000 0.0000 0.0000
188      188   (0)      7  : 0.0000 0.3495 0.4300 0.0000 0.1340 0.0000 0.0000 0.0000 0.0865 0.0000
189      189   (0)      7  : 0.0000 0.0000 0.0000 0.0000 0.3271 0.0000 0.1787 0.2271 0.2671 0.0000
190      190   (0)      7  : 0.0000 0.0005 0.1576 0.0000 0.0000 0.4118 0.1477 0.0000 0.2823 0.0000
191      191   (0)      7  : 0.0000 0.1675 0.0420 0.0005 0.0000 0.1271 0.2137 0.0000 0.0000 0.4492
192      192   (0)      7  : 0.0000 0.0000 0.0000 0.0000 0.0000 0.0000 0.0000 0.0000 1.0000 0.0000
193      193   (0)      7  : 0.2144 0.0000 0.0000 0.3134 0.4722 0.0000 0.0000 0.0000 0.0000 0.0000
194      194   (0)      7  : 1.0000 0.0000 0.0000 0.0000 0.0000 0.0000 0.0000 0.0000 0.0000 0.0000
195      195   (0)      7  : 0.1250 0.1298 0.1089 0.2006 0.3173 0.0000 0.0000 0.0000 0.0614 0.0571
196      196   (0)      7  : 0.1343 0.0000 0.0000 0.0000 0.3044 0.0000 0.1201 0.0000 0.4412 0.0000
197      197   (0)      7  : 0.1760 0.0000 0.0000 0.0000 0.1623 0.0000 0.0000 0.3200 0.0609 0.2807
198      198   (0)      7  : 0.0000 0.5878 0.0000 0.4122 0.0000 0.0000 0.0000 0.0000 0.0000 0.0000
199      199   (0)      7  : 0.0451 0.1626 0.1602 0.0592 0.0000 0.2556 0.2543 0.0000 0.0000 0.0630
200      200   (0)      7  : 0.0000 0.0000 0.0000 0.0000 1.0000 0.0000 0.0000 0.0000 0.0000 0.0000
201      201   (0)      7  : 0.0000 0.0000 1.0000 0.0000 0.0000 0.0000 0.0000 0.0000 0.0000 0.0000
202      202   (0)      7  : 0.0000 0.0000 0.0000 0.4909 0.5091 0.0000 0.0000 0.0000 0.0000 0.0000
203      203   (0)      7  : 0.3342 0.0000 0.0000 0.0000 0.0000 0.0000 0.4070 0.0000 0.0000 0.2588
