1        1   (0)      1  : 0.0000 1.0000 0.0000 0.0000 0.0000
2        2   (0)      1  : 0.0468 0.0133 0.9258 0.0141 0.0000
3        3   (0)      1  : 0.0000 1.0000 0.0000 0.0000 0.0000
4        4   (0)      1  : 0.0000 0.0000 0.7642 0.2259 0.0099
5        5   (0)      1  : 0.0000 1.0000 0.0000 0.0000 0.0000
6        6   (0)      1  : 0.0000 1.0000 0.0000 0.0000 0.0000
7        7   (0)      1  : 0.0784 0.0508 0.8708 0.0000 0.0000
8        8   (0)      1  : 0.0000 0.0000 0.8972 0.1028 0.0000
9        9   (0)      1  : 0.0000 1.0000 0.0000 0.0000 0.0000
10       10   (0)      2  : 0.0000 0.0000 1.0000 0.0000 0.0000
11       11   (0)      2  : 0.0000 0.0000 1.0000 0.0000 0.0000
12       12   (0)      2  : 0.0000 0.0000 1.0000 0.0000 0.0000
13       13   (0)      3  : 0.0000 0.3632 0.0000 0.0000 0.6368
14       14   (0)      3  : 0.0000 0.3891 0.0000 0.0000 0.6109
15       15   (0)      3  : 0.0000 0.5161 0.0183 0.0000 0.4656
16       16   (0)      3  : 0.0000 0.5855 0.0079 0.0000 0.4066
17       17   (0)      3  : 0.0000 0.6366 0.0000 0.0000 0.3634
18       18   (0)      3  : 0.0000 0.4409 0.0000 0.0000 0.5591
19       19   (0)      3  : 0.0000 0.0005 0.6619 0.3167 0.0210
20       20   (0)      3  : 0.2066 0.0000 0.4340 0.3595 0.0000
21       21   (0)      2  : 0.0000 0.1534 0.8427 0.0000 0.0039
22       22   (0)      2  : 0.0000 0.0000 0.9970 0.0000 0.0030
23       23   (0)      2  : 0.0000 0.0000 1.0000 0.0000 0.0000
24       24   (0)      2  : 0.0000 0.0000 1.0000 0.0000 0.0000
25       25   (0)      2  : 0.0000 0.0000 1.0000 0.0000 0.0000
26       26   (0)      2  : 0.0000 0.0000 0.9995 0.0000 0.0005
27       27   (0)      2  : 0.0000 0.0000 0.9720 0.0000 0.0280
28       28   (0)      2  : 0.0001 0.0000 0.9999 0.0000 0.0000
29       29   (0)      2  : 0.0540 0.0674 0.8696 0.0090 0.0000
30       30   (0)      2  : 0.0000 0.0000 0.9993 0.0007 0.0000
31       31   (0)      2  : 0.0000 0.3586 0.6414 0.0000 0.0000
32       32   (0)      2  : 0.0395 0.1439 0.7135 0.0000 0.1031
33       33   (0)      2  : 0.0000 0.0306 0.9694 0.0000 0.0000
34       34   (0)      2  : 0.0000 0.0000 1.0000 0.0000 0.0000
35       35   (0)      2  : 0.0000 0.0000 1.0000 0.0000 0.0000
36       36   (0)      2  : 0.0000 0.0000 1.0000 0.0000 0.0000
37       37   (0)      2  : 0.0000 0.8701 0.0545 0.0000 0.0754
38       38   (0)      2  : 0.0537 0.0000 0.9463 0.0000 0.0000
39       39   (0)      2  : 0.0339 0.0060 0.8902 0.0078 0.0623
40       40   (0)      2  : 0.0000 0.0044 0.9738 0.0000 0.0219
41       41   (0)      2  : 0.0000 0.0000 0.9144 0.0000 0.0856
42       42   (0)      2  : 0.0000 0.0000 1.0000 0.0000 0.0000
43       43   (0)      4  : 1.0000 0.0000 0.0000 0.0000 0.0000
44       44   (0)      4  : 0.9641 0.0359 0.0000 0.0000 0.0000
45       45   (0)      4  : 1.0000 0.0000 0.0000 0.0000 0.0000
46       46   (0)      4  : 0.7968 0.0000 0.0000 0.2032 0.0000
47       47   (0)      4  : 0.9140 0.0000 0.0000 0.0000 0.0860
48       48   (0)      4  : 0.2296 0.0489 0.0000 0.0000 0.7215
49       49   (0)      4  : 0.0963 0.1247 0.0000 0.0000 0.7790
50       50   (0)      4  : 1.0000 0.0000 0.0000 0.0000 0.0000
51       51   (0)      4  : 1.0000 0.0000 0.0000 0.0000 0.0000
52       52   (0)      4  : 0.6641 0.0318 0.0429 0.1881 0.0732
53       53   (0)      4  : 0.8460 0.0000 0.0000 0.0052 0.1488
54       54   (0)      4  : 0.0921 0.1659 0.0000 0.0000 0.7420
55       55   (0)      4  : 0.0987 0.2341 0.0000 0.0000 0.6673
56       56   (0)      4  : 0.2366 0.1754 0.0000 0.0000 0.5880
57       57   (0)      4  : 0.9427 0.0000 0.0000 0.0330 0.0242
58       58   (0)      4  : 1.0000 0.0000 0.0000 0.0000 0.0000
59       59   (0)      4  : 1.0000 0.0000 0.0000 0.0000 0.0000
60       60   (0)      4  : 1.0000 0.0000 0.0000 0.0000 0.0000
61       61   (0)      4  : 1.0000 0.0000 0.0000 0.0000 0.0000
62       62   (0)      4  : 0.9987 0.0012 0.0001 0.0000 0.0000
63       63   (0)      4  : 1.0000 0.0000 0.0000 0.0000 0.0000
64       64   (0)      4  : 0.9935 0.0000 0.0000 0.0000 0.0065
65       65   (0)      4  : 0.0000 0.1662 0.0000 0.0000 0.8338
66       66   (0)      4  : 1.0000 0.0000 0.0000 0.0000 0.0000
67       67   (0)      4  : 0.8977 0.0000 0.0000 0.1023 0.0000
68       68   (0)      4  : 0.1406 0.2078 0.0000 0.0000 0.6516
69       69   (0)      4  : 0.9100 0.0000 0.0000 0.0900 0.0000
70       70   (0)      4  : 1.0000 0.0000 0.0000 0.0000 0.0000
71       71   (0)      4  : 0.0160 0.1242 0.0000 0.0000 0.8598
72       72   (0)      5  : 0.2067 0.0003 0.1036 0.6894 0.0000
73       73   (0)      5  : 0.1236 0.0000 0.0814 0.7819 0.0131
74       74   (0)      5  : 0.1920 0.0000 0.0108 0.7972 0.0000
75       75   (0)      5  : 0.2298 0.0000 0.0333 0.7369 0.0000
76       76   (0)      5  : 0.2212 0.0746 0.1543 0.5499 0.0000
77       77   (0)      5  : 0.0354 0.0000 0.0000 0.9646 0.0000
78       78   (0)      5  : 0.0826 0.0000 0.0000 0.9174 0.0000
79       79   (0)      5  : 0.1558 0.0000 0.1403 0.7039 0.0000
80       80   (0)      5  : 0.0007 0.3661 0.0000 0.1424 0.4907
81       81   (0)      5  : 0.2043 0.4615 0.0000 0.3227 0.0115
82       82   (0)      5  : 0.3582 0.0000 0.0000 0.6418 0.0000
83       83   (0)      5  : 0.0089 0.0419 0.0192 0.9300 0.0000
84       84   (0)      5  : 0.0182 0.0000 0.0000 0.9818 0.0000
85       85   (0)      5  : 0.0335 0.0000 0.0000 0.9665 0.0000
86       86   (0)      5  : 0.2000 0.0000 0.0000 0.7981 0.0019
87       87   (0)      5  : 0.0985 0.0000 0.1156 0.7859 0.0000
88       88   (0)      5  : 0.0000 0.0000 0.1326 0.8674 0.0000
89       89   (0)      5  : 0.2998 0.0000 0.0810 0.6191 0.0000
90       90   (0)      5  : 0.0554 0.0000 0.0407 0.9039 0.0000
91       91   (0)      5  : 0.0001 0.0041 0.0334 0.9624 0.0000
92       92   (0)      5  : 0.0908 0.2817 0.0000 0.0884 0.5391
93       93   (0)      5  : 0.2110 0.0000 0.0213 0.7677 0.0000
94       94   (0)      5  : 0.1997 0.0000 0.0000 0.8003 0.0000
95       95   (0)      5  : 0.2449 0.0000 0.0000 0.7551 0.0000
96       96   (0)      5  : 0.2433 0.0000 0.0352 0.7215 0.0000
97       97   (0)      6  : 0.2335 0.0015 0.3779 0.3871 0.0000
98       98   (0)      6  : 0.0000 0.0000 0.8351 0.1649 0.0000
99       99   (0)      6  : 0.0000 0.8367 0.0000 0.0000 0.1633
100      100   (0)      6  : 0.2217 0.0023 0.6308 0.1426 0.0026
101      101   (0)      6  : 0.0000 0.8197 0.0000 0.0000 0.1803
102      102   (0)      6  : 0.0000 0.8724 0.0000 0.0000 0.1276
103      103   (0)      6  : 0.0000 0.7407 0.0000 0.0006 0.2587
104      104   (0)      6  : 0.1608 0.1600 0.3718 0.3074 0.0000
105      105   (0)      6  : 0.0000 1.0000 0.0000 0.0000 0.0000
106      106   (0)      6  : 0.0412 0.0000 0.7588 0.2000 0.0000
107      107   (0)      3  : 0.0175 0.9333 0.0000 0.0000 0.0492
108      108   (0)      3  : 0.2755 0.0106 0.3560 0.3579 0.0000
109      109   (0)      3  : 0.0000 0.5494 0.0000 0.0000 0.4506
110      110   (0)      2  : 0.0000 0.0000 1.0000 0.0000 0.0000
111      111   (0)      2  : 0.0000 0.9270 0.0000 0.0000 0.0730
112      112   (0)      3  : 0.0053 0.6288 0.0000 0.0219 0.3439
113      113   (0)      2  : 0.0000 0.0000 1.0000 0.0000 0.0000
114      114   (0)      2  : 0.0000 0.9993 0.0000 0.0000 0.0007
115      115   (0)      3  : 0.0000 0.7571 0.0000 0.0000 0.2429
116      116   (0)      3  : 0.0000 0.4599 0.0060 0.0000 0.5341
117      117   (0)      3  : 0.0016 0.4865 0.0000 0.0000 0.5119
118      118   (0)      3  : 0.0000 0.5376 0.0000 0.0000 0.4624
119      119   (0)      3  : 0.0000 0.6869 0.0000 0.0000 0.3131
120      120   (0)      3  : 0.1115 0.0000 0.5446 0.3439 0.0000
121      121   (0)      3  : 0.0000 0.4951 0.0000 0.0000 0.5049
122      122   (0)      3  : 0.0000 0.4741 0.0000 0.0000 0.5259
123      123   (0)      3  : 0.0000 0.3554 0.0000 0.0436 0.6010
124      124   (0)      3  : 0.0000 0.5011 0.0000 0.0000 0.4989
125      125   (0)      3  : 0.1320 0.0000 0.7054 0.1402 0.0224
126      126   (0)      3  : 0.0000 0.6028 0.0000 0.0039 0.3933
127      127   (0)      3  : 0.0433 0.0000 0.8281 0.1286 0.0000
128      128   (0)      3  : 0.0000 0.4958 0.0000 0.0000 0.5042
129      129   (0)      6  : 0.0946 0.8287 0.0378 0.0000 0.0390
130      130   (0)      6  : 0.0526 0.0000 0.5394 0.4080 0.0000
131      131   (0)      6  : 0.0000 0.6836 0.0000 0.0000 0.3164
132      132   (0)      6  : 0.0000 0.0020 0.7047 0.2932 0.0000
133      133   (0)      6  : 0.0000 1.0000 0.0000 0.0000 0.0000
134      134   (0)      6  : 0.0000 0.7822 0.0151 0.0189 0.1837
135      135   (0)      6  : 0.0000 0.7888 0.0000 0.0000 0.2112
136      136   (0)      6  : 0.0000 0.8091 0.0000 0.0000 0.1909
137      137   (0)      6  : 0.0000 0.9111 0.0000 0.0000 0.0889
138      138   (0)      6  : 0.0000 0.9376 0.0000 0.0000 0.0624
139      139   (0)      6  : 0.0187 0.6186 0.0000 0.0552 0.3076
140      140   (0)      6  : 0.1500 0.0159 0.6297 0.2045 0.0000
141      141   (0)      1  : 0.0000 0.0000 0.9460 0.0540 0.0000
142      142   (0)      1  : 0.0000 0.9101 0.0899 0.0000 0.0000
143      143   (0)      1  : 0.0000 0.0000 0.8428 0.1572 0.0000
144      144   (0)      1  : 0.0000 0.0000 0.9494 0.0000 0.0506
145      145   (0)      1  : 0.0000 0.0000 1.0000 0.0000 0.0000
146      146   (0)      1  : 0.0000 1.0000 0.0000 0.0000 0.0000
147      147   (0)      6  : 0.0000 0.9788 0.0000 0.0000 0.0212
148      148   (0)      6  : 0.0723 0.0266 0.8185 0.0826 0.0000
149      149   (0)      6  : 0.0063 0.8357 0.0250 0.0000 0.1330
150      150   (0)      6  : 0.0874 0.9126 0.0000 0.0000 0.0000
151      151   (0)      6  : 0.0000 1.0000 0.0000 0.0000 0.0000
152      152   (0)      6  : 0.0000 0.7760 0.0000 0.0000 0.2240
153      153   (0)      6  : 0.2138 0.0000 0.6308 0.1554 0.0000
154      154   (0)      1  : 0.0000 0.0000 1.0000 0.0000 0.0000
155      155   (0)      1  : 0.0000 1.0000 0.0000 0.0000 0.0000
156      156   (0)      1  : 0.0000 1.0000 0.0000 0.0000 0.0000
157      157   (0)      1  : 0.0000 1.0000 0.0000 0.0000 0.0000
158      158   (0)      1  : 0.0000 0.0007 0.9993 0.0000 0.0000
159      159   (0)      1  : 0.0000 0.0000 1.0000 0.0000 0.0000
160      160   (0)      1  : 0.0000 0.0000 0.9710 0.0290 0.0000
161      161   (0)      1  : 0.0000 1.0000 0.0000 0.0000 0.0000
162      162   (0)      1  : 0.0230 0.0000 0.9531 0.0239 0.0000
163      163   (0)      1  : 0.0000 0.0000 1.0000 0.0000 0.0000
164      164   (0)      1  : 0.0000 1.0000 0.0000 0.0000 0.0000
165      165   (0)      1  : 0.0000 1.0000 0.0000 0.0000 0.0000
166      166   (0)      1  : 0.0000 0.0079 0.9921 0.0000 0.0000
167      167   (0)      1  : 0.0000 1.0000 0.0000 0.0000 0.0000
168      168   (0)      7  : 0.0000 0.0000 0.2595 0.6656 0.0750
169      169   (0)      7  : 0.0000 0.0000 0.1540 0.8211 0.0249
170      170   (0)      7  : 0.0000 0.0360 0.0000 0.6754 0.2886
171      171   (0)      7  : 0.0000 0.0043 0.0000 0.6907 0.3050
172      172   (0)      7  : 0.0000 0.0000 0.0000 0.9555 0.0445
173      173   (0)      7  : 0.0000 0.0000 0.0000 0.9034 0.0966
174      174   (0)      7  : 0.0000 0.0000 0.0000 0.9085 0.0915
175      175   (0)      7  : 0.0000 0.0000 0.0000 0.0000 1.0000
176      176   (0)      7  : 0.0000 0.0000 0.0000 0.9604 0.0396
177      177   (0)      7  : 0.0000 0.0000 0.0000 0.9234 0.0766
178      178   (0)      7  : 0.0000 0.0000 0.0000 0.0000 1.0000
179      179   (0)      7  : 0.0000 0.0000 0.0000 0.0000 1.0000
180      180   (0)      7  : 0.0000 0.0000 0.0000 0.9640 0.0360
181      181   (0)      7  : 0.0000 0.0000 0.0000 0.8687 0.1313
182      182   (0)      7  : 0.0000 0.0000 0.0000 0.8996 0.1004
183      183   (0)      7  : 0.0000 0.0000 0.0000 0.6372 0.3628
184      184   (0)      7  : 0.0000 0.0001 0.0000 0.0000 0.9999
185      185   (0)      7  : 0.0000 0.0000 0.0000 0.7581 0.2419
186      186   (0)      7  : 0.0000 0.0000 0.0000 0.0000 1.0000
187      187   (0)      7  : 0.0000 0.0000 0.0000 0.9357 0.0643
188      188   (0)      7  : 0.0000 0.0000 0.0000 0.0000 1.0000
189      189   (0)      7  : 0.0000 0.0000 0.0000 0.6185 0.3815
190      190   (0)      7  : 0.0000 0.0000 0.0551 0.7713 0.1736
191      191   (0)      7  : 0.0535 0.0000 0.0494 0.7995 0.0976
192      192   (0)      7  : 0.0627 0.0000 0.0274 0.4926 0.4173
193      193   (0)      7  : 0.0617 0.0000 0.0000 0.7839 0.1544
194      194   (0)      7  : 0.0000 0.0000 0.0000 0.0000 1.0000
195      195   (0)      7  : 0.0000 0.0000 0.0000 0.8757 0.1243
196      196   (0)      7  : 0.0000 0.0000 0.0000 0.0000 1.0000
197      197   (0)      7  : 0.0000 0.0000 0.0000 0.0000 1.0000
