  1        1   (0)      1 :  0.2258 0.2471 0.2169 0.1278 0.1824 
  2        2   (0)      1 :  0.3695 0.0171 0.1184 0.2665 0.2286 
  3        3   (0)      1 :  0.5671 0.0174 0.1751 0.0908 0.1497 
  4        4   (0)      1 :  0.1987 0.0152 0.1045 0.5477 0.1339 
  5        5   (0)      1 :  0.1487 0.1773 0.2342 0.0733 0.3664 
  6        6   (0)      1 :  0.3117 0.0017 0.1192 0.3073 0.2601 
  7        7   (0)      1 :  0.1674 0.2524 0.1756 0.0588 0.3457 
  8        8   (0)      1 :  0.5676 0.0176 0.1483 0.0000 0.2666 
  9        9   (0)      1 :  0.0313 0.5917 0.1312 0.0435 0.2023 
 10       10   (0)      1 :  0.1199 0.2313 0.2503 0.3538 0.0447 
 11       11   (0)      1 :  0.0000 0.9672 0.0328 0.0000 0.0000 
 12       12   (0)      1 :  0.2032 0.3665 0.3080 0.0585 0.0638 
 13       13   (0)      2 :  0.3736 0.3703 0.1705 0.0286 0.0569 
 14       14   (0)      2 :  0.0000 0.9822 0.0178 0.0000 0.0000 
 15       15   (0)      2 :  0.0000 0.9259 0.0704 0.0000 0.0036 
 16       16   (0)      2 :  0.0037 0.8863 0.1094 0.0000 0.0006 
 17       17   (0)      2 :  0.1949 0.5086 0.0328 0.0671 0.1966 
 18       18   (0)      2 :  0.0000 0.7583 0.2215 0.0085 0.0117 
 19       19   (0)      2 :  0.0116 0.7771 0.1938 0.0000 0.0175 
 20       20   (0)      2 :  0.3781 0.2136 0.1832 0.0771 0.1480 
 21       21   (0)      2 :  0.2977 0.0000 0.0801 0.1410 0.4812 
 22       22   (0)      2 :  0.1701 0.3533 0.2902 0.1024 0.0839 
 23       23   (0)      2 :  0.2573 0.6027 0.0585 0.0089 0.0726 
 24       24   (0)      2 :  0.5128 0.0061 0.0721 0.0847 0.3243 
 25       25   (0)      2 :  0.2243 0.3865 0.1279 0.0488 0.2124 
 26       26   (0)      2 :  0.3490 0.1758 0.3377 0.1139 0.0237 
 27       27   (0)      2 :  0.3460 0.0947 0.2668 0.1515 0.1410 
 28       28   (0)      2 :  0.0735 0.7260 0.1551 0.0065 0.0389 
 29       29   (0)      2 :  0.4005 0.0048 0.1919 0.0789 0.3239 
 30       30   (0)      2 :  0.0916 0.4494 0.1714 0.0350 0.2526 
 31       31   (0)      2 :  0.0250 0.2639 0.1348 0.3260 0.2503 
 32       32   (0)      2 :  0.0448 0.2434 0.1623 0.5002 0.0492 
 33       33   (0)      2 :  0.0000 0.8906 0.1094 0.0000 0.0000 
 34       34   (0)      3 :  0.3486 0.0039 0.1332 0.0990 0.4152 
 35       35   (0)      3 :  0.0484 0.0002 0.0490 0.0715 0.8308 
 36       36   (0)      3 :  0.0912 0.0437 0.0831 0.4302 0.3518 
 37       37   (0)      3 :  0.2682 0.0493 0.1509 0.3317 0.1999 
 38       38   (0)      3 :  0.4348 0.0110 0.1901 0.3418 0.0222 
 39       39   (0)      3 :  0.2505 0.0204 0.1195 0.4798 0.1298 
 40       40   (0)      3 :  0.2760 0.0128 0.2594 0.2668 0.1850 
 41       41   (0)      3 :  0.2747 0.1012 0.1806 0.1848 0.2588 
 42       42   (0)      3 :  0.0893 0.1895 0.1527 0.0830 0.4855 
 43       43   (0)      3 :  0.0609 0.0135 0.0913 0.4354 0.3988 
 44       44   (0)      3 :  0.2968 0.0733 0.1241 0.0470 0.4589 
 45       45   (0)      3 :  0.4030 0.0000 0.0347 0.1915 0.3708 
 46       46   (0)      3 :  0.3542 0.0280 0.1431 0.4444 0.0304 
 47       47   (0)      3 :  0.1602 0.1551 0.1508 0.3000 0.2339 
 48       48   (0)      3 :  0.1609 0.0001 0.0309 0.0968 0.7113 
 49       49   (0)      3 :  0.6228 0.0000 0.0432 0.0459 0.2882 
 50       50   (0)      3 :  0.1547 0.0229 0.0858 0.5001 0.2366 
 51       51   (0)      3 :  0.1362 0.0162 0.0885 0.6682 0.0908 
 52       52   (0)      3 :  0.1670 0.2829 0.1803 0.2254 0.1445 
 53       53   (0)      3 :  0.1343 0.0916 0.0884 0.2355 0.4501 
 54       54   (0)      3 :  0.3326 0.0437 0.3073 0.2698 0.0466 
 55       55   (0)      3 :  0.4916 0.1051 0.1034 0.0314 0.2684 
 56       56   (0)      3 :  0.3333 0.0007 0.1386 0.4085 0.1189 
 57       57   (0)      3 :  0.2589 0.0058 0.0533 0.4183 0.2637 
 58       58   (0)      3 :  0.6583 0.0000 0.1553 0.0922 0.0942 
 59       59   (0)      3 :  0.0441 0.0721 0.0740 0.6806 0.1293 
 60       60   (0)      4 :  0.1579 0.4492 0.2461 0.1361 0.0107 
 61       61   (0)      4 :  0.0149 0.5737 0.1313 0.0977 0.1824 
 62       62   (0)      4 :  0.0606 0.1679 0.1388 0.3771 0.2556 
 63       63   (0)      4 :  0.2625 0.0655 0.1986 0.1047 0.3686 
 64       64   (0)      4 :  0.0502 0.1414 0.0812 0.5537 0.1735 
 65       65   (0)      4 :  0.0899 0.0907 0.1095 0.4409 0.2689 
 66       66   (0)      4 :  0.0195 0.0176 0.0486 0.6552 0.2591 
 67       67   (0)      4 :  0.1975 0.2630 0.1401 0.2743 0.1251 
 68       68   (0)      4 :  0.2855 0.0783 0.1981 0.2802 0.1578 
 69       69   (0)      4 :  0.2455 0.0065 0.0979 0.1218 0.5283 
 70       70   (0)      4 :  0.1387 0.4962 0.2213 0.0839 0.0598 
 71       71   (0)      4 :  0.2580 0.0079 0.1273 0.4369 0.1699 
 72       72   (0)      4 :  0.1610 0.5360 0.0816 0.0528 0.1687 
 73       73   (0)      4 :  0.3783 0.0122 0.1778 0.0532 0.3785 
 74       74   (0)      4 :  0.1588 0.0044 0.0539 0.1127 0.6701 
 75       75   (0)      4 :  0.0651 0.0000 0.0084 0.0859 0.8406 
 76       76   (0)      4 :  0.2846 0.0184 0.0774 0.1371 0.4825 
 77       77   (0)      4 :  0.3003 0.0439 0.2396 0.1288 0.2874 
 78       78   (0)      4 :  0.3333 0.0413 0.1624 0.2118 0.2512 
 79       79   (0)      4 :  0.4018 0.0000 0.0650 0.1399 0.3933 
 80       80   (0)      4 :  0.2570 0.0274 0.0834 0.4387 0.1936 
 81       81   (0)      4 :  0.0433 0.5339 0.1460 0.1468 0.1300 
 82       82   (0)      4 :  0.4016 0.0553 0.1771 0.0884 0.2775 
 83       83   (0)      4 :  0.3026 0.0027 0.0698 0.4695 0.1554 
 84       84   (0)      4 :  0.2103 0.0924 0.1109 0.4488 0.1377 
 85       85   (0)      4 :  0.1560 0.5010 0.2049 0.0358 0.1023 
 86       86   (0)      5 :  0.2516 0.0859 0.2525 0.3835 0.0265 
 87       87   (0)      5 :  0.2736 0.1083 0.1589 0.1103 0.3490 
 88       88   (0)      5 :  0.2076 0.0933 0.1688 0.4119 0.1184 
 89       89   (0)      5 :  0.6481 0.0109 0.1390 0.0761 0.1260 
 90       90   (0)      5 :  0.5283 0.0425 0.1489 0.1645 0.1158 
 91       91   (0)      5 :  0.4919 0.0756 0.2232 0.1621 0.0471 
 92       92   (0)      5 :  0.1487 0.0052 0.0732 0.4697 0.3032 
 93       93   (0)      5 :  0.9354 0.0000 0.0422 0.0223 0.0000 
 94       94   (0)      5 :  0.1285 0.0363 0.1215 0.5315 0.1822 
 95       95   (0)      5 :  0.2090 0.4757 0.2423 0.0297 0.0433 
 96       96   (0)      5 :  0.4644 0.0000 0.1293 0.2740 0.1323 
 97       97   (0)      5 :  0.2563 0.1616 0.2202 0.1790 0.1829 
 98       98   (0)      5 :  0.0525 0.1194 0.1694 0.5124 0.1463 
 99       99   (0)      5 :  0.5160 0.0034 0.0579 0.1212 0.3014 
100      100   (0)      5 :  0.1089 0.0487 0.1236 0.4514 0.2674 
101      101   (0)      5 :  0.3314 0.0084 0.1565 0.2872 0.2165 
102      102   (0)      5 :  0.3774 0.0002 0.1248 0.1490 0.3486 
103      103   (0)      5 :  0.2034 0.0131 0.2230 0.4009 0.1596 
104      104   (0)      5 :  0.2576 0.1730 0.2076 0.1864 0.1753 
105      105   (0)      5 :  0.3579 0.0003 0.0380 0.5008 0.1030 
106      106   (0)      5 :  0.2352 0.1230 0.0754 0.0886 0.4777 
107      107   (0)      5 :  0.3580 0.0770 0.1765 0.2593 0.1292 
108      108   (0)      5 :  0.3682 0.1380 0.1341 0.1357 0.2240 
109      109   (0)      5 :  0.4814 0.2749 0.1183 0.0163 0.1091 
110      110   (0)      5 :  0.2854 0.1202 0.1627 0.1824 0.2493 
111      111   (0)      5 :  0.1286 0.0000 0.0364 0.3890 0.4460 
112      112   (0)      5 :  0.4959 0.0000 0.0059 0.0910 0.4072 
113      113   (0)      4 :  0.3148 0.0000 0.1164 0.1468 0.4220 
114      114   (0)      6 :  0.2934 0.1156 0.1565 0.1857 0.2488 
115      115   (0)      6 :  0.0437 0.3426 0.0185 0.5059 0.0892 
116      116   (0)      6 :  0.0707 0.3996 0.3247 0.0936 0.1115 
117      117   (0)      6 :  0.1017 0.5323 0.2902 0.0332 0.0426 
118      118   (0)      6 :  0.2947 0.3924 0.1732 0.0354 0.1042 
119      119   (0)      6 :  0.0078 0.7432 0.1896 0.0086 0.0508 
120      120   (0)      6 :  0.2273 0.0003 0.0979 0.2292 0.4453 
121      121   (0)      6 :  0.1039 0.1532 0.0411 0.4313 0.2705 
122      122   (0)      6 :  0.4085 0.0038 0.0408 0.1525 0.3944 
123      123   (0)      6 :  0.1430 0.3148 0.1163 0.1745 0.2514 
124      124   (0)      6 :  0.1853 0.0055 0.0859 0.4409 0.2824 
125      125   (0)      6 :  0.4875 0.0869 0.1472 0.0295 0.2489 
126      126   (0)      6 :  0.4359 0.0133 0.1144 0.0459 0.3905 
127      127   (0)      6 :  0.1589 0.4013 0.2426 0.1433 0.0539 
128      128   (0)      6 :  0.5148 0.0011 0.0726 0.2363 0.1751 
129      129   (0)      6 :  0.1086 0.0006 0.0443 0.5144 0.3321 
130      130   (0)      6 :  0.2270 0.1667 0.1550 0.0617 0.3896 
131      131   (0)      6 :  0.2211 0.4973 0.1600 0.0318 0.0898 
132      132   (0)      6 :  0.2966 0.0722 0.0700 0.2575 0.3036 
133      133   (0)      6 :  0.8118 0.0001 0.0145 0.0407 0.1329 
134      134   (0)      6 :  0.2539 0.0906 0.1520 0.3427 0.1608 
135      135   (0)      6 :  0.0260 0.5836 0.1602 0.0653 0.1649 
136      136   (0)      6 :  0.1995 0.1616 0.1133 0.3469 0.1786 
137      137   (0)      6 :  0.3362 0.0863 0.1776 0.1329 0.2670 
138      138   (0)      6 :  0.2060 0.0182 0.0572 0.2447 0.4739 
139      139   (0)      6 :  0.1356 0.0773 0.1655 0.4941 0.1274 
140      140   (0)      6 :  0.0670 0.2973 0.2403 0.2419 0.1537 
141      141   (0)      6 :  0.2776 0.1933 0.3752 0.0808 0.0731 
142      142   (0)      7 :  0.2686 0.0012 0.0720 0.2467 0.4115 
143      143   (0)      7 :  0.0348 0.8362 0.1203 0.0000 0.0087 
144      144   (0)      7 :  0.1701 0.1052 0.1093 0.3443 0.2711 
145      145   (0)      7 :  0.1263 0.0397 0.0397 0.5290 0.2652 
146      146   (0)      7 :  0.2115 0.2068 0.3921 0.1189 0.0708 
147      147   (0)      7 :  0.5920 0.0000 0.1475 0.2458 0.0147 
148      148   (0)      7 :  0.1295 0.0002 0.1222 0.5210 0.2270 
149      149   (0)      7 :  0.0845 0.5737 0.2361 0.0534 0.0523 
150      150   (0)      7 :  0.2789 0.2433 0.2999 0.0982 0.0797 
151      151   (0)      7 :  0.0425 0.5009 0.2489 0.1490 0.0587 
152      152   (0)      7 :  0.2367 0.0093 0.2093 0.3581 0.1865 
153      153   (0)      7 :  0.0000 0.9643 0.0357 0.0000 0.0000 
154      154   (0)      7 :  0.5375 0.0345 0.1919 0.1779 0.0582 
155      155   (0)      7 :  0.0635 0.4258 0.3268 0.0330 0.1510 
156      156   (0)      7 :  0.0550 0.0025 0.0696 0.8562 0.0167 
157      157   (0)      7 :  0.2234 0.0000 0.1598 0.5942 0.0225 
158      158   (0)      7 :  0.2045 0.0628 0.1938 0.2780 0.2608 
159      159   (0)      7 :  0.0232 0.6059 0.1803 0.1572 0.0334 
160      160   (0)      7 :  0.3453 0.3448 0.1613 0.0847 0.0639 
161      161   (0)      7 :  0.0692 0.5668 0.3283 0.0000 0.0357 
162      162   (0)      7 :  0.1153 0.1244 0.1452 0.0909 0.5242 
163      163   (0)      7 :  0.0593 0.0129 0.1596 0.6220 0.1462 
164      164   (0)      7 :  0.0800 0.2831 0.1029 0.1996 0.3344 
165      165   (0)      7 :  0.0947 0.3430 0.1722 0.0185 0.3717 
166      166   (0)      7 :  0.0580 0.1984 0.0740 0.2480 0.4216 
167      167   (0)      7 :  0.3245 0.0000 0.1864 0.3949 0.0942 
168      168   (0)      7 :  0.0895 0.0731 0.1669 0.3499 0.3205 
169      169   (0)      7 :  0.0621 0.6885 0.1227 0.0100 0.1167 
