1        1   (0)      1  : 0.1371 0.2412 0.0339 0.0893 0.2222 0.0039 0.0769 0.1077 0.0878
2        2   (0)      1  : 0.1162 0.0000 0.3063 0.2085 0.2359 0.0000 0.1089 0.0243 0.0000
3        3   (0)      1  : 0.0513 0.0000 0.0000 0.1035 0.2335 0.1628 0.2597 0.1126 0.0765
4        4   (0)      1  : 0.1262 0.0089 0.0767 0.0000 0.1872 0.0000 0.0000 0.0000 0.6010
5        5   (0)      1  : 0.0469 0.0071 0.0000 0.1826 0.1025 0.0000 0.1955 0.3681 0.0972
6        6   (0)      1  : 0.0922 0.0000 0.0000 0.0560 0.1636 0.0325 0.0000 0.0000 0.6557
7        7   (0)      1  : 0.0000 0.2211 0.0418 0.2663 0.0834 0.0000 0.3874 0.0000 0.0000
8        8   (0)      1  : 0.0000 0.0000 0.1490 0.1416 0.6010 0.0000 0.0000 0.1084 0.0000
9        9   (0)      1  : 0.0000 0.2704 0.1286 0.0000 0.0250 0.0160 0.0000 0.4801 0.0800
10       10   (0)      1  : 0.1844 0.1408 0.3269 0.0000 0.0791 0.0768 0.0002 0.1918 0.0000
11       11   (0)      1  : 0.0000 1.0000 0.0000 0.0000 0.0000 0.0000 0.0000 0.0000 0.0000
12       12   (0)      1  : 0.0000 0.1043 0.1506 0.0000 0.0708 0.0902 0.2003 0.3839 0.0000
13       13   (0)      2  : 0.0551 0.3654 0.0010 0.0325 0.2659 0.0302 0.1574 0.0392 0.0534
14       14   (0)      2  : 0.0000 1.0000 0.0000 0.0000 0.0000 0.0000 0.0000 0.0000 0.0000
15       15   (0)      2  : 0.0000 0.8499 0.0000 0.0000 0.0000 0.0000 0.0000 0.1258 0.0243
16       16   (0)      2  : 0.0000 1.0000 0.0000 0.0000 0.0000 0.0000 0.0000 0.0000 0.0000
17       17   (0)      2  : 0.0000 0.4700 0.0680 0.0431 0.1560 0.0830 0.1114 0.0175 0.0509
18       18   (0)      2  : 0.0000 0.7907 0.0000 0.0000 0.0000 0.1028 0.0753 0.0313 0.0000
19       19   (0)      2  : 0.0000 0.8229 0.0000 0.0582 0.0000 0.0000 0.1188 0.0000 0.0000
20       20   (0)      2  : 0.0409 0.1236 0.0098 0.1547 0.1553 0.0000 0.4187 0.0600 0.0370
21       21   (0)      2  : 0.0006 0.0000 0.0159 0.1584 0.2756 0.0483 0.0357 0.1934 0.2721
22       22   (0)      2  : 0.0331 0.3912 0.0979 0.0301 0.0612 0.0651 0.2073 0.0388 0.0753
23       23   (0)      2  : 0.0000 0.5225 0.0000 0.0000 0.1976 0.0000 0.0380 0.1406 0.1013
24       24   (0)      2  : 0.0000 0.0000 0.0000 0.0000 0.2500 0.2500 0.5000 0.0000 0.0000
25       25   (0)      2  : 0.0139 0.1089 0.3166 0.0700 0.0576 0.0219 0.0525 0.3337 0.0249
26       26   (0)      2  : 0.1484 0.0000 0.0000 0.0000 0.0736 0.1025 0.0903 0.5852 0.0000
27       27   (0)      2  : 0.1382 0.0020 0.0257 0.0077 0.0498 0.1496 0.5005 0.1143 0.0122
28       28   (0)      2  : 0.0000 0.7265 0.1198 0.0283 0.0556 0.0697 0.0000 0.0000 0.0000
29       29   (0)      2  : 0.0101 0.0000 0.0078 0.2464 0.1696 0.1590 0.1656 0.0391 0.2024
30       30   (0)      2  : 0.0138 0.4714 0.0989 0.0641 0.1221 0.1547 0.0647 0.0000 0.0103
31       31   (0)      2  : 0.0000 0.2224 0.0591 0.0878 0.0000 0.1585 0.2500 0.0000 0.2222
32       32   (0)      2  : 0.0000 0.2047 0.3531 0.0000 0.0000 0.0300 0.2099 0.0000 0.2023
33       33   (0)      2  : 0.0000 0.9992 0.0000 0.0000 0.0000 0.0008 0.0000 0.0000 0.0000
34       34   (0)      3  : 0.0000 0.0000 0.0000 0.5585 0.1003 0.0887 0.1357 0.0000 0.1167
35       35   (0)      3  : 0.0000 0.0000 0.0012 0.4433 0.0000 0.1918 0.2616 0.0000 0.1021
36       36   (0)      3  : 0.0000 0.0000 0.6395 0.1679 0.0810 0.0000 0.0000 0.0697 0.0418
37       37   (0)      3  : 0.1309 0.0708 0.0000 0.2960 0.1584 0.0000 0.1106 0.0000 0.2333
38       38   (0)      3  : 0.8796 0.0000 0.0000 0.0000 0.1073 0.0000 0.0000 0.0131 0.0000
39       39   (0)      3  : 0.5553 0.0167 0.0628 0.2350 0.0000 0.0482 0.0492 0.0000 0.0328
40       40   (0)      3  : 0.5575 0.0000 0.0159 0.1177 0.0120 0.1971 0.0970 0.0028 0.0000
41       41   (0)      3  : 0.0934 0.0187 0.0054 0.2666 0.0262 0.0398 0.5500 0.0000 0.0000
42       42   (0)      3  : 0.0753 0.2102 0.0989 0.3483 0.0988 0.0000 0.0166 0.0000 0.1520
43       43   (0)      3  : 0.1575 0.0000 0.3234 0.0772 0.0021 0.2303 0.0000 0.0521 0.1574
44       44   (0)      3  : 0.0988 0.0153 0.0321 0.1526 0.3352 0.2834 0.0000 0.0630 0.0195
45       45   (0)      3  : 0.1125 0.0000 0.0842 0.0000 0.4131 0.3901 0.0000 0.0000 0.0000
46       46   (0)      3  : 0.4122 0.0000 0.2176 0.0000 0.0674 0.1376 0.1033 0.0000 0.0619
47       47   (0)      3  : 0.0000 0.0539 0.0000 0.0000 0.0621 0.5607 0.0000 0.0000 0.3232
48       48   (0)      3  : 0.0000 0.0000 0.0000 0.8697 0.0000 0.0461 0.0842 0.0000 0.0000
49       49   (0)      3  : 0.0000 0.0000 0.0448 0.3638 0.3414 0.0000 0.2500 0.0000 0.0000
50       50   (0)      3  : 0.2335 0.0000 0.3021 0.0248 0.0778 0.2068 0.0000 0.0000 0.1551
51       51   (0)      3  : 0.2500 0.0000 0.5000 0.0000 0.0000 0.0000 0.0000 0.0000 0.2500
52       52   (0)      3  : 0.3421 0.2720 0.0534 0.0810 0.0411 0.1439 0.0000 0.0665 0.0000
53       53   (0)      3  : 0.0000 0.0000 0.1100 0.2236 0.1507 0.0000 0.0000 0.3376 0.1780
54       54   (0)      3  : 0.9052 0.0000 0.0000 0.0000 0.0000 0.0000 0.0000 0.0948 0.0000
55       55   (0)      3  : 0.0000 0.0133 0.0344 0.2722 0.4027 0.0425 0.0646 0.1703 0.0000
56       56   (0)      3  : 0.6566 0.0000 0.0504 0.0478 0.0145 0.0805 0.0000 0.0000 0.1501
57       57   (0)      3  : 0.0653 0.0000 0.4509 0.1308 0.2759 0.0000 0.0000 0.0000 0.0770
58       58   (0)      3  : 0.2498 0.0000 0.0000 0.0000 0.2114 0.4302 0.1085 0.0000 0.0000
59       59   (0)      3  : 0.0242 0.0074 0.0542 0.0000 0.0000 0.1467 0.0000 0.0891 0.6784
60       60   (0)      4  : 0.1051 0.5655 0.0392 0.0000 0.1065 0.0000 0.0724 0.0000 0.1114
61       61   (0)      4  : 0.0000 0.6291 0.0000 0.0305 0.0000 0.1385 0.0000 0.0000 0.2020
62       62   (0)      4  : 0.0699 0.2111 0.0945 0.0930 0.0000 0.3341 0.0031 0.0000 0.1943
63       63   (0)      4  : 0.0985 0.0000 0.0006 0.4263 0.0916 0.0575 0.0701 0.2553 0.0000
64       64   (0)      4  : 0.0539 0.0337 0.7125 0.0000 0.1248 0.0000 0.0000 0.0000 0.0751
65       65   (0)      4  : 0.0000 0.0000 0.0000 0.1196 0.0000 0.3367 0.0000 0.2377 0.3060
66       66   (0)      4  : 0.0000 0.0030 0.2062 0.0000 0.0000 0.1651 0.0000 0.0000 0.6257
67       67   (0)      4  : 0.1408 0.2600 0.3630 0.0308 0.0826 0.0144 0.0335 0.0074 0.0676
68       68   (0)      4  : 0.1666 0.0274 0.0236 0.0319 0.1447 0.1281 0.1840 0.0856 0.2082
69       69   (0)      4  : 0.0000 0.0000 0.0781 0.4219 0.2500 0.0620 0.1880 0.0000 0.0000
70       70   (0)      4  : 0.1519 0.4713 0.0718 0.0057 0.0003 0.1066 0.0043 0.1606 0.0275
71       71   (0)      4  : 0.3114 0.0000 0.0897 0.0293 0.0560 0.2370 0.0880 0.0000 0.1886
72       72   (0)      4  : 0.0000 0.5351 0.1593 0.0200 0.1176 0.0509 0.1171 0.0000 0.0000
73       73   (0)      4  : 0.1292 0.0000 0.0439 0.1755 0.4221 0.0868 0.0870 0.0338 0.0216
74       74   (0)      4  : 0.0397 0.0000 0.0000 0.4622 0.0000 0.0561 0.1811 0.0224 0.2385
75       75   (0)      4  : 0.0000 0.0000 0.0000 0.8589 0.0000 0.0000 0.0000 0.0000 0.1411
76       76   (0)      4  : 0.0000 0.0074 0.0000 0.2717 0.1768 0.1983 0.1049 0.0041 0.2370
77       77   (0)      4  : 0.3071 0.0000 0.1403 0.0000 0.3158 0.0000 0.2022 0.0000 0.0347
78       78   (0)      4  : 0.2170 0.0000 0.0815 0.1213 0.1802 0.0909 0.2822 0.0000 0.0270
79       79   (0)      4  : 0.1064 0.0000 0.0000 0.3818 0.1332 0.0000 0.1923 0.0023 0.1839
80       80   (0)      4  : 0.0561 0.0000 0.1250 0.0174 0.2148 0.0885 0.1242 0.0485 0.3255
81       81   (0)      4  : 0.0145 0.5558 0.0550 0.0745 0.0180 0.0574 0.0491 0.0521 0.1235
82       82   (0)      4  : 0.1023 0.0000 0.0000 0.0819 0.0614 0.0000 0.7544 0.0000 0.0000
83       83   (0)      4  : 0.0000 0.0000 0.5568 0.0003 0.1842 0.0898 0.0000 0.0494 0.1194
84       84   (0)      4  : 0.0454 0.0768 0.1979 0.0001 0.1498 0.0676 0.0000 0.0000 0.4624
85       85   (0)      4  : 0.0000 0.0961 0.3238 0.0000 0.0000 0.0000 0.0000 0.5800 0.0000
86       86   (0)      5  : 0.6060 0.0000 0.0518 0.0000 0.0000 0.0725 0.0000 0.1258 0.1439
87       87   (0)      5  : 0.2781 0.0399 0.0648 0.3319 0.0663 0.0127 0.0560 0.0728 0.0776
88       88   (0)      5  : 0.1573 0.0656 0.1406 0.0597 0.0847 0.0613 0.0747 0.0827 0.2736
89       89   (0)      5  : 0.1338 0.0000 0.0193 0.1849 0.2614 0.0008 0.1569 0.1691 0.0738
90       90   (0)      5  : 0.0000 0.0000 0.0831 0.0000 0.1752 0.1030 0.6092 0.0294 0.0000
91       91   (0)      5  : 0.8097 0.0489 0.0110 0.0285 0.0541 0.0478 0.0000 0.0000 0.0000
92       92   (0)      5  : 0.0000 0.0000 0.1692 0.0604 0.1577 0.1020 0.1723 0.0000 0.3384
93       93   (0)      5  : 0.0821 0.0000 0.0000 0.0000 0.8393 0.0000 0.0786 0.0000 0.0000
94       94   (0)      5  : 0.4238 0.0368 0.0667 0.1609 0.0189 0.0129 0.1127 0.0000 0.1673
95       95   (0)      5  : 0.0000 0.0000 0.0000 0.0000 0.0000 0.0000 0.0000 1.0000 0.0000
96       96   (0)      5  : 0.2015 0.0000 0.0975 0.0000 0.3468 0.3401 0.0000 0.0140 0.0001
97       97   (0)      5  : 0.0000 0.1734 0.2877 0.0000 0.3416 0.0000 0.0000 0.0000 0.1973
98       98   (0)      5  : 0.0000 0.0640 0.0534 0.0000 0.0000 0.7519 0.0404 0.0000 0.0904
99       99   (0)      5  : 0.1297 0.0000 0.0934 0.0206 0.4999 0.1815 0.0000 0.0191 0.0557
100      100   (0)      5  : 0.0000 0.0000 0.6101 0.0000 0.2500 0.1399 0.0000 0.0000 0.0000
101      101   (0)      5  : 0.4031 0.0000 0.0000 0.0869 0.1106 0.3898 0.0000 0.0095 0.0000
102      102   (0)      5  : 0.3304 0.0000 0.0072 0.2951 0.1538 0.0948 0.1057 0.0000 0.0130
103      103   (0)      5  : 0.1152 0.0000 0.0000 0.0000 0.0000 0.8848 0.0000 0.0000 0.0000
104      104   (0)      5  : 0.0340 0.0396 0.1279 0.0000 0.1406 0.0614 0.4506 0.1295 0.0163
105      105   (0)      5  : 0.0578 0.0000 0.6338 0.0000 0.3084 0.0000 0.0000 0.0000 0.0000
106      106   (0)      5  : 0.0000 0.0242 0.0395 0.3047 0.0632 0.1034 0.4650 0.0000 0.0000
107      107   (0)      5  : 0.2346 0.0101 0.0346 0.0193 0.0398 0.3477 0.2142 0.0380 0.0618
108      108   (0)      5  : 0.0024 0.0727 0.0000 0.3623 0.1324 0.0509 0.3407 0.0000 0.0386
109      109   (0)      5  : 0.0000 0.2637 0.0657 0.1568 0.3108 0.0000 0.1766 0.0264 0.0000
110      110   (0)      5  : 0.3755 0.0828 0.0000 0.0000 0.3045 0.1688 0.0000 0.0000 0.0685
111      111   (0)      5  : 0.0640 0.0000 0.0670 0.1699 0.2500 0.0580 0.0000 0.0000 0.3911
112      112   (0)      5  : 0.0000 0.0000 0.0620 0.2200 0.2239 0.3443 0.1433 0.0000 0.0065
113      113   (0)      4  : 0.0000 0.0000 0.0000 0.3645 0.5000 0.1355 0.0000 0.0000 0.0000
114      114   (0)      6  : 0.0999 0.0134 0.0702 0.2050 0.1062 0.1072 0.1533 0.2071 0.0377
115      115   (0)      6  : 0.0000 0.2923 0.3201 0.0000 0.0000 0.0000 0.0000 0.0241 0.3635
116      116   (0)      6  : 0.0000 0.4772 0.0000 0.0361 0.0000 0.1802 0.2102 0.0004 0.0958
117      117   (0)      6  : 0.0513 0.6819 0.0000 0.0819 0.1503 0.0000 0.0346 0.0000 0.0000
118      118   (0)      6  : 0.0000 0.0000 0.0000 0.0000 0.0000 0.0000 0.0000 1.0000 0.0000
119      119   (0)      6  : 0.0000 0.6612 0.0000 0.0467 0.0000 0.0370 0.0803 0.1748 0.0000
120      120   (0)      6  : 0.1227 0.0000 0.0957 0.2922 0.3184 0.0222 0.0000 0.0008 0.1480
121      121   (0)      6  : 0.0176 0.1174 0.0468 0.1381 0.1232 0.0000 0.0765 0.0000 0.4804
122      122   (0)      6  : 0.0038 0.0000 0.0000 0.5346 0.2667 0.0000 0.0005 0.0000 0.1943
123      123   (0)      6  : 0.0000 0.3275 0.1899 0.2781 0.1445 0.0016 0.0506 0.0000 0.0077
124      124   (0)      6  : 0.1632 0.0000 0.0000 0.1612 0.1009 0.1068 0.1416 0.0000 0.3263
125      125   (0)      6  : 0.1013 0.0312 0.0411 0.1189 0.2845 0.0000 0.3483 0.0747 0.0000
126      126   (0)      6  : 0.0443 0.0000 0.0000 0.5123 0.2202 0.0000 0.2233 0.0000 0.0000
127      127   (0)      6  : 0.1087 0.5214 0.0000 0.0316 0.2482 0.0000 0.0506 0.0000 0.0395
128      128   (0)      6  : 0.0994 0.0000 0.0073 0.0684 0.6016 0.0231 0.0123 0.0000 0.1879
129      129   (0)      6  : 0.0000 0.0000 0.4346 0.2295 0.0450 0.0050 0.0000 0.0000 0.2858
130      130   (0)      6  : 0.0000 0.2189 0.0481 0.3822 0.2637 0.0216 0.0655 0.0000 0.0000
131      131   (0)      6  : 0.0000 0.0000 0.0000 0.0000 0.0000 0.0000 0.0000 1.0000 0.0000
132      132   (0)      6  : 0.0691 0.0074 0.0016 0.3639 0.0794 0.4517 0.0000 0.0268 0.0000
133      133   (0)      6  : 0.0000 0.0000 0.0000 0.0000 0.6511 0.0491 0.2998 0.0000 0.0000
134      134   (0)      6  : 0.0741 0.0066 0.0000 0.0000 0.0677 0.0424 0.0407 0.0997 0.6687
135      135   (0)      6  : 0.0000 0.6581 0.0000 0.0657 0.0240 0.1901 0.0000 0.0000 0.0621
136      136   (0)      6  : 0.0482 0.1119 0.2779 0.0000 0.0979 0.0699 0.2574 0.0000 0.1368
137      137   (0)      6  : 0.2018 0.0427 0.0517 0.2175 0.1690 0.1288 0.0059 0.1368 0.0458
138      138   (0)      6  : 0.0000 0.0000 0.0000 0.7793 0.0000 0.1107 0.0000 0.0000 0.1100
139      139   (0)      6  : 0.2801 0.0601 0.1601 0.0445 0.0958 0.0610 0.0000 0.0051 0.2933
140      140   (0)      6  : 0.1395 0.4215 0.1034 0.0463 0.1086 0.0598 0.0054 0.0000 0.1155
141      141   (0)      6  : 0.0487 0.0549 0.0000 0.0654 0.0000 0.2500 0.4277 0.1532 0.0000
142      142   (0)      7  : 0.0571 0.0000 0.1138 0.3396 0.1902 0.1336 0.0000 0.0000 0.1656
143      143   (0)      7  : 0.0000 0.8333 0.0000 0.0478 0.0313 0.0000 0.0876 0.0000 0.0000
144      144   (0)      7  : 0.0248 0.0128 0.4163 0.2380 0.0804 0.0266 0.0556 0.0800 0.0655
145      145   (0)      7  : 0.0000 0.0128 0.0940 0.1311 0.0182 0.2381 0.0000 0.0000 0.5057
146      146   (0)      7  : 0.1893 0.0607 0.0000 0.0000 0.0000 0.0000 0.6463 0.1037 0.0000
147      147   (0)      7  : 0.4796 0.0000 0.0531 0.0000 0.2076 0.2170 0.0000 0.0000 0.0427
148      148   (0)      7  : 0.1294 0.0000 0.0639 0.1875 0.0335 0.1414 0.0197 0.0020 0.4227
149      149   (0)      7  : 0.0452 0.4774 0.0397 0.0000 0.0866 0.1011 0.0000 0.2500 0.0000
150      150   (0)      7  : 0.0000 0.1283 0.0000 0.0000 0.0235 0.3362 0.4532 0.0589 0.0000
151      151   (0)      7  : 0.0595 0.5526 0.0424 0.0506 0.0414 0.0000 0.1503 0.0425 0.0608
152      152   (0)      7  : 0.3965 0.0000 0.0140 0.0294 0.0619 0.2474 0.0370 0.0000 0.2137
153      153   (0)      7  : 0.0000 1.0000 0.0000 0.0000 0.0000 0.0000 0.0000 0.0000 0.0000
154      154   (0)      7  : 0.1931 0.0000 0.0485 0.0000 0.2682 0.0021 0.2380 0.0000 0.2500
155      155   (0)      7  : 0.0036 0.5331 0.0222 0.2562 0.0000 0.0462 0.0649 0.0611 0.0126
156      156   (0)      7  : 0.0000 0.0000 0.5163 0.0000 0.0000 0.0719 0.0000 0.0000 0.4118
157      157   (0)      7  : 0.8642 0.0000 0.1005 0.0000 0.0000 0.0354 0.0000 0.0000 0.0000
158      158   (0)      7  : 0.2977 0.0000 0.2040 0.1322 0.0536 0.0596 0.0332 0.1979 0.0219
159      159   (0)      7  : 0.1030 0.5654 0.0000 0.0000 0.0238 0.0092 0.0279 0.1135 0.1573
160      160   (0)      7  : 0.2346 0.1783 0.0134 0.0000 0.1545 0.0473 0.0219 0.2900 0.0600
161      161   (0)      7  : 0.0000 0.7684 0.0000 0.0542 0.0000 0.0526 0.0905 0.0000 0.0343
162      162   (0)      7  : 0.0706 0.0796 0.0965 0.3485 0.0622 0.1488 0.0380 0.0879 0.0679
163      163   (0)      7  : 0.1858 0.0000 0.2877 0.0000 0.1468 0.0000 0.0000 0.0000 0.3797
164      164   (0)      7  : 0.0474 0.2684 0.0317 0.2403 0.0000 0.1101 0.1563 0.0000 0.1457
165      165   (0)      7  : 0.0000 0.4068 0.0355 0.4658 0.0919 0.0000 0.0000 0.0000 0.0000
166      166   (0)      7  : 0.0000 0.1371 0.3876 0.0563 0.1405 0.1570 0.0000 0.0341 0.0874
167      167   (0)      7  : 0.3599 0.0000 0.0178 0.0000 0.1273 0.1172 0.0259 0.0000 0.3518
168      168   (0)      7  : 0.0743 0.0504 0.1453 0.1296 0.0443 0.2279 0.1503 0.0000 0.1779
169      169   (0)      7  : 0.0277 0.7339 0.0423 0.0300 0.0571 0.1090 0.0000 0.0000 0.0000
