1        1   (0)      1  : 0.2683 0.3211 0.1933 0.2173
2        2   (0)      1  : 0.3242 0.0312 0.2522 0.3924
3        3   (0)      1  : 0.5145 0.0384 0.0978 0.3493
4        4   (0)      1  : 0.4714 0.0410 0.1617 0.3259
5        5   (0)      1  : 0.2869 0.2212 0.1816 0.3104
6        6   (0)      1  : 0.3795 0.0015 0.2964 0.3225
7        7   (0)      1  : 0.0626 0.3399 0.0399 0.5576
8        8   (0)      1  : 0.4393 0.0194 0.0000 0.5414
9        9   (0)      1  : 0.0923 0.6446 0.1028 0.1604
10       10   (0)      1  : 0.3795 0.3633 0.2167 0.0406
11       11   (0)      1  : 0.0055 0.9945 0.0000 0.0000
12       12   (0)      1  : 0.3738 0.4663 0.0844 0.0755
13       13   (0)      2  : 0.3579 0.4337 0.0093 0.1991
14       14   (0)      2  : 0.0000 1.0000 0.0000 0.0000
15       15   (0)      2  : 0.0072 0.9852 0.0075 0.0000
16       16   (0)      2  : 0.0000 1.0000 0.0000 0.0000
17       17   (0)      2  : 0.0748 0.5170 0.0261 0.3820
18       18   (0)      2  : 0.0221 0.9202 0.0490 0.0087
19       19   (0)      2  : 0.0359 0.9257 0.0084 0.0300
20       20   (0)      2  : 0.3241 0.2530 0.0866 0.3363
21       21   (0)      2  : 0.3171 0.0000 0.2306 0.4523
22       22   (0)      2  : 0.3176 0.4694 0.0566 0.1564
23       23   (0)      2  : 0.2333 0.5839 0.0070 0.1759
24       24   (0)      2  : 0.4160 0.0214 0.0811 0.4815
25       25   (0)      2  : 0.1882 0.4019 0.1537 0.2562
26       26   (0)      2  : 0.5206 0.2635 0.0674 0.1485
27       27   (0)      2  : 0.5432 0.1484 0.1561 0.1523
28       28   (0)      2  : 0.0431 0.8051 0.0473 0.1044
29       29   (0)      2  : 0.3354 0.0072 0.1344 0.5230
30       30   (0)      2  : 0.1112 0.5426 0.0325 0.3137
31       31   (0)      2  : 0.1169 0.3106 0.3506 0.2218
32       32   (0)      2  : 0.1881 0.2990 0.4725 0.0404
33       33   (0)      2  : 0.0000 1.0000 0.0000 0.0000
34       34   (0)      3  : 0.3454 0.0105 0.0966 0.5475
35       35   (0)      3  : 0.0630 0.0137 0.2235 0.6999
36       36   (0)      3  : 0.0875 0.0482 0.6752 0.1890
37       37   (0)      3  : 0.2335 0.0841 0.2775 0.4049
38       38   (0)      3  : 0.5819 0.0170 0.2583 0.1428
39       39   (0)      3  : 0.3784 0.0326 0.2813 0.3078
40       40   (0)      3  : 0.3564 0.0166 0.4155 0.2115
41       41   (0)      3  : 0.2214 0.1414 0.3152 0.3220
42       42   (0)      3  : 0.1011 0.2549 0.1409 0.5032
43       43   (0)      3  : 0.0363 0.0044 0.8524 0.1069
44       44   (0)      3  : 0.2508 0.0950 0.1723 0.4819
45       45   (0)      3  : 0.2763 0.0000 0.2600 0.4637
46       46   (0)      3  : 0.5122 0.0349 0.3735 0.0794
47       47   (0)      3  : 0.3267 0.2223 0.2065 0.2445
48       48   (0)      3  : 0.0443 0.0025 0.1335 0.8197
49       49   (0)      3  : 0.3856 0.0000 0.0410 0.5734
50       50   (0)      3  : 0.2374 0.0266 0.5412 0.1949
51       51   (0)      3  : 0.3506 0.0381 0.4758 0.1356
52       52   (0)      3  : 0.1942 0.3190 0.3438 0.1430
53       53   (0)      3  : 0.1756 0.1198 0.3451 0.3595
54       54   (0)      3  : 0.5828 0.0670 0.3032 0.0471
55       55   (0)      3  : 0.3456 0.1250 0.0381 0.4913
56       56   (0)      3  : 0.3980 0.0018 0.4332 0.1670
57       57   (0)      3  : 0.1864 0.0044 0.3275 0.4818
58       58   (0)      3  : 0.5233 0.0008 0.2182 0.2577
59       59   (0)      3  : 0.2239 0.0758 0.6671 0.0332
60       60   (0)      4  : 0.3661 0.5744 0.0365 0.0230
61       61   (0)      4  : 0.0264 0.6508 0.1808 0.1419
62       62   (0)      4  : 0.1268 0.2090 0.4270 0.2372
63       63   (0)      4  : 0.2356 0.0886 0.1850 0.4908
64       64   (0)      4  : 0.1100 0.1359 0.7253 0.0288
65       65   (0)      4  : 0.1444 0.0982 0.5359 0.2215
66       66   (0)      4  : 0.0830 0.0199 0.7637 0.1333
67       67   (0)      4  : 0.2040 0.3028 0.2901 0.2031
68       68   (0)      4  : 0.3672 0.1210 0.2245 0.2873
69       69   (0)      4  : 0.1883 0.0062 0.0866 0.7189
70       70   (0)      4  : 0.0975 0.5789 0.2793 0.0443
71       71   (0)      4  : 0.3284 0.0053 0.4268 0.2395
72       72   (0)      4  : 0.1020 0.5804 0.0305 0.2871
73       73   (0)      4  : 0.3352 0.0109 0.1596 0.4943
74       74   (0)      4  : 0.1093 0.0078 0.3647 0.5181
75       75   (0)      4  : 0.0330 0.0073 0.3368 0.6229
76       76   (0)      4  : 0.1903 0.0269 0.1668 0.6161
77       77   (0)      4  : 0.3361 0.0799 0.1566 0.4274
78       78   (0)      4  : 0.3252 0.0510 0.2514 0.3724
79       79   (0)      4  : 0.3878 0.0000 0.2159 0.3963
80       80   (0)      4  : 0.3867 0.0268 0.3031 0.2834
81       81   (0)      4  : 0.1442 0.6225 0.1203 0.1130
82       82   (0)      4  : 0.4879 0.0690 0.1323 0.3107
83       83   (0)      4  : 0.3509 0.0000 0.3762 0.2729
84       84   (0)      4  : 0.2440 0.1261 0.4238 0.2061
85       85   (0)      4  : 0.2377 0.5694 0.1178 0.0751
86       86   (0)      5  : 0.4123 0.1037 0.4840 0.0000
87       87   (0)      5  : 0.3082 0.1260 0.1476 0.4182
88       88   (0)      5  : 0.3533 0.1313 0.4187 0.0967
89       89   (0)      5  : 0.4901 0.0185 0.1433 0.3481
90       90   (0)      5  : 0.5995 0.0558 0.1049 0.2397
91       91   (0)      5  : 0.5280 0.1016 0.1899 0.1804
92       92   (0)      5  : 0.3374 0.0031 0.4258 0.2338
93       93   (0)      5  : 0.6299 0.0000 0.0158 0.3543
94       94   (0)      5  : 0.2982 0.0562 0.3924 0.2532
95       95   (0)      5  : 0.3301 0.5146 0.1024 0.0529
96       96   (0)      5  : 0.5254 0.0000 0.2828 0.1919
97       97   (0)      5  : 0.2732 0.2416 0.1089 0.3763
98       98   (0)      5  : 0.1287 0.1691 0.6037 0.0985
99       99   (0)      5  : 0.4644 0.0011 0.0710 0.4635
100      100   (0)      5  : 0.0551 0.0487 0.7975 0.0987
101      101   (0)      5  : 0.3456 0.0046 0.3962 0.2536
102      102   (0)      5  : 0.2556 0.0000 0.3308 0.4136
103      103   (0)      5  : 0.2468 0.0085 0.6337 0.1110
104      104   (0)      5  : 0.2894 0.2160 0.2659 0.2286
105      105   (0)      5  : 0.4650 0.0024 0.3806 0.1521
106      106   (0)      5  : 0.1576 0.1544 0.2181 0.4699
107      107   (0)      5  : 0.5071 0.0785 0.1750 0.2394
108      108   (0)      5  : 0.2442 0.1872 0.1846 0.3840
109      109   (0)      5  : 0.3278 0.3117 0.0000 0.3606
110      110   (0)      5  : 0.2794 0.1697 0.0910 0.4600
111      111   (0)      5  : 0.1660 0.0000 0.5096 0.3243
112      112   (0)      5  : 0.2563 0.0000 0.1223 0.6215
113      113   (0)      4  : 0.1756 0.0003 0.3462 0.4779
114      114   (0)      6  : 0.2329 0.1337 0.3483 0.2852
115      115   (0)      6  : 0.1144 0.3468 0.4781 0.0607
116      116   (0)      6  : 0.1492 0.5249 0.1782 0.1476
117      117   (0)      6  : 0.1273 0.6932 0.0085 0.1711
118      118   (0)      6  : 0.3488 0.4216 0.0655 0.1641
119      119   (0)      6  : 0.0485 0.8388 0.0322 0.0805
120      120   (0)      6  : 0.2664 0.0000 0.3074 0.4262
121      121   (0)      6  : 0.2365 0.1603 0.3466 0.2565
122      122   (0)      6  : 0.3199 0.0000 0.0864 0.5937
123      123   (0)      6  : 0.0676 0.3738 0.1448 0.4137
124      124   (0)      6  : 0.3313 0.0024 0.3118 0.3545
125      125   (0)      6  : 0.4054 0.1119 0.0189 0.4638
126      126   (0)      6  : 0.3329 0.0172 0.0941 0.5558
127      127   (0)      6  : 0.2170 0.5315 0.0497 0.2017
128      128   (0)      6  : 0.3878 0.0000 0.1642 0.4480
129      129   (0)      6  : 0.1424 0.0039 0.4843 0.3693
130      130   (0)      6  : 0.0935 0.2433 0.1493 0.5139
131      131   (0)      6  : 0.2502 0.5342 0.0803 0.1354
132      132   (0)      6  : 0.2445 0.0786 0.3188 0.3580
133      133   (0)      6  : 0.5641 0.0000 0.0113 0.4246
134      134   (0)      6  : 0.3762 0.1162 0.3462 0.1614
135      135   (0)      6  : 0.0357 0.6799 0.1505 0.1338
136      136   (0)      6  : 0.2674 0.1940 0.3386 0.1999
137      137   (0)      6  : 0.3441 0.1289 0.1440 0.3830
138      138   (0)      6  : 0.1248 0.0250 0.3061 0.5442
139      139   (0)      6  : 0.1675 0.0901 0.5545 0.1880
140      140   (0)      6  : 0.1340 0.4152 0.1942 0.2567
141      141   (0)      6  : 0.4542 0.3194 0.1022 0.1242
142      142   (0)      7  : 0.2249 0.0007 0.3408 0.4337
143      143   (0)      7  : 0.0183 0.9340 0.0000 0.0477
144      144   (0)      7  : 0.1686 0.1159 0.4077 0.3079
145      145   (0)      7  : 0.1923 0.0440 0.4572 0.3065
146      146   (0)      7  : 0.3133 0.2912 0.2154 0.1801
147      147   (0)      7  : 0.5840 0.0000 0.3049 0.1111
148      148   (0)      7  : 0.2498 0.0000 0.4672 0.2830
149      149   (0)      7  : 0.0699 0.6897 0.2088 0.0316
150      150   (0)      7  : 0.4091 0.3271 0.1009 0.1628
151      151   (0)      7  : 0.1368 0.6092 0.1659 0.0881
152      152   (0)      7  : 0.4094 0.0092 0.4675 0.1139
153      153   (0)      7  : 0.0000 1.0000 0.0000 0.0000
154      154   (0)      7  : 0.5826 0.0693 0.1738 0.1742
155      155   (0)      7  : 0.1379 0.5768 0.0146 0.2707
156      156   (0)      7  : 0.2165 0.0000 0.7727 0.0108
157      157   (0)      7  : 0.3140 0.0000 0.6739 0.0120
158      158   (0)      7  : 0.2510 0.0917 0.4133 0.2439
159      159   (0)      7  : 0.1389 0.6797 0.1102 0.0712
160      160   (0)      7  : 0.3630 0.3625 0.1391 0.1353
161      161   (0)      7  : 0.1368 0.7507 0.0000 0.1125
162      162   (0)      7  : 0.0896 0.1784 0.2184 0.5136
163      163   (0)      7  : 0.1750 0.0097 0.7593 0.0561
164      164   (0)      7  : 0.0426 0.3177 0.3002 0.3394
165      165   (0)      7  : 0.0352 0.4203 0.0245 0.5199
166      166   (0)      7  : 0.0555 0.2161 0.3390 0.3894
167      167   (0)      7  : 0.4521 0.0000 0.4404 0.1076
168      168   (0)      7  : 0.2018 0.1134 0.3944 0.2904
169      169   (0)      7  : 0.0486 0.7560 0.0000 0.1955
