1        1   (0)      1  : 0.1926 0.3290 0.4784
2        2   (0)      1  : 0.2653 0.1465 0.5881
3        3   (0)      2  : 0.1965 0.4328 0.3707
4        4   (0)      2  : 0.0915 0.4671 0.4414
5        5   (0)      2  : 0.2577 0.5183 0.2240
6        6   (0)      2  : 0.3487 0.3861 0.2652
7        7   (0)      2  : 0.8757 0.1089 0.0154
8        8   (0)      2  : 0.4501 0.4423 0.1076
9        9   (0)      2  : 0.7700 0.0792 0.1508
10       10   (0)      2  : 0.7522 0.1710 0.0768
11       11   (0)      2  : 0.4524 0.3791 0.1685
12       12   (0)      2  : 0.2111 0.5443 0.2446
13       13   (0)      2  : 0.4706 0.4361 0.0933
14       14   (0)      2  : 0.2353 0.4468 0.3180
15       15   (0)      2  : 0.3689 0.3444 0.2867
16       16   (0)      2  : 0.3471 0.2776 0.3753
17       17   (0)      2  : 0.7244 0.0438 0.2318
18       18   (0)      2  : 0.2635 0.3928 0.3437
19       19   (0)      2  : 0.5059 0.1041 0.3900
20       20   (0)      2  : 0.2636 0.1113 0.6251
21       21   (0)      2  : 0.5495 0.3824 0.0681
22       22   (0)      2  : 0.2448 0.4007 0.3545
23       23   (0)      2  : 0.4950 0.2748 0.2303
24       24   (0)      2  : 0.2601 0.1738 0.5660
25       25   (0)      2  : 0.3150 0.2605 0.4245
26       26   (0)      2  : 0.3390 0.2850 0.3760
27       27   (0)      2  : 0.1371 0.5502 0.3127
28       28   (0)      2  : 0.1894 0.7345 0.0760
29       29   (0)      2  : 0.3752 0.3879 0.2369
30       30   (0)      3  : 0.0154 0.4839 0.5007
31       31   (0)      3  : 0.4848 0.1579 0.3573
32       32   (0)      3  : 0.2100 0.4704 0.3196
33       33   (0)      3  : 0.5481 0.3216 0.1303
34       34   (0)      3  : 0.5407 0.1080 0.3514
35       35   (0)      3  : 0.3190 0.3935 0.2874
36       36   (0)      3  : 0.5514 0.3841 0.0645
37       37   (0)      3  : 0.4587 0.4184 0.1229
38       38   (0)      3  : 0.5228 0.0610 0.4162
39       39   (0)      3  : 0.3958 0.4742 0.1300
40       40   (0)      3  : 0.3362 0.1996 0.4642
41       41   (0)      3  : 0.2183 0.4320 0.3497
42       42   (0)      3  : 0.0419 0.5300 0.4281
43       43   (0)      3  : 0.2452 0.5078 0.2470
44       44   (0)      3  : 0.3428 0.5641 0.0931
45       45   (0)      3  : 0.1752 0.7426 0.0822
46       46   (0)      3  : 0.2701 0.1564 0.5735
47       47   (0)      3  : 0.5510 0.2808 0.1682
48       48   (0)      3  : 0.1023 0.3028 0.5949
49       49   (0)      3  : 0.2660 0.0773 0.6567
50       50   (0)      3  : 0.1462 0.5449 0.3089
51       51   (0)      3  : 0.4680 0.2430 0.2890
52       52   (0)      3  : 0.4928 0.2237 0.2835
53       53   (0)      3  : 0.2434 0.4713 0.2853
54       54   (0)      3  : 0.2215 0.5585 0.2200
55       55   (0)      3  : 0.4307 0.2862 0.2831
56       56   (0)      3  : 0.3461 0.4034 0.2505
57       57   (0)      3  : 0.3358 0.3500 0.3142
58       58   (0)      3  : 0.0831 0.0724 0.8445
59       59   (0)      3  : 0.0513 0.4571 0.4915
60       60   (0)      4  : 0.5769 0.1041 0.3191
61       61   (0)      4  : 0.6316 0.2092 0.1592
62       62   (0)      4  : 0.0997 0.1458 0.7546
63       63   (0)      4  : 0.5311 0.3692 0.0997
64       64   (0)      4  : 0.5757 0.1134 0.3109
65       65   (0)      4  : 0.3846 0.3403 0.2751
66       66   (0)      4  : 0.1724 0.6933 0.1342
67       67   (0)      4  : 0.4495 0.0949 0.4556
68       68   (0)      4  : 0.5026 0.2204 0.2770
69       69   (0)      4  : 0.3229 0.2064 0.4707
70       70   (0)      4  : 0.2996 0.5880 0.1125
71       71   (0)      1  : 0.6985 0.0780 0.2235
72       72   (0)      1  : 0.5124 0.2320 0.2555
73       73   (0)      1  : 0.2577 0.2880 0.4543
74       74   (0)      1  : 0.3477 0.3016 0.3507
75       75   (0)      1  : 0.3119 0.4854 0.2027
76       76   (0)      1  : 0.1769 0.7448 0.0783
77       77   (0)      1  : 0.1969 0.0083 0.7948
78       78   (0)      1  : 0.4126 0.3429 0.2445
79       79   (0)      1  : 0.4092 0.3187 0.2721
80       80   (0)      1  : 0.5308 0.4049 0.0643
81       81   (0)      1  : 0.0343 0.8541 0.1116
82       82   (0)      1  : 0.4673 0.2568 0.2758
83       83   (0)      1  : 0.5447 0.2531 0.2022
84       84   (0)      1  : 0.5462 0.3552 0.0985
85       85   (0)      1  : 0.4078 0.5451 0.0471
86       86   (0)      1  : 0.4009 0.0549 0.5442
87       87   (0)      1  : 0.1532 0.3480 0.4989
88       88   (0)      1  : 0.5314 0.2425 0.2261
89       89   (0)      1  : 0.2385 0.2517 0.5097
90       90   (0)      1  : 0.3092 0.5064 0.1843
91       91   (0)      1  : 0.9577 0.0041 0.0381
92       92   (0)      1  : 0.1993 0.5011 0.2995
93       93   (0)      1  : 0.2222 0.5878 0.1900
94       94   (0)      1  : 0.5007 0.0405 0.4587
95       95   (0)      1  : 0.5841 0.1379 0.2781
96       96   (0)      1  : 0.4587 0.2594 0.2819
97       97   (0)      1  : 0.4391 0.3512 0.2097
98       98   (0)      1  : 0.4996 0.1594 0.3409
99       99   (0)      4  : 0.5811 0.2257 0.1932
100      100   (0)      4  : 0.4340 0.4251 0.1409
101      101   (0)      5  : 0.5696 0.2446 0.1858
102      102   (0)      5  : 0.4009 0.4944 0.1047
103      103   (0)      5  : 0.3370 0.1980 0.4650
104      104   (0)      5  : 0.1508 0.7788 0.0703
105      105   (0)      5  : 0.6980 0.0297 0.2723
106      106   (0)      4  : 0.1634 0.4900 0.3466
107      107   (0)      4  : 0.5185 0.3030 0.1785
108      108   (0)      4  : 0.0965 0.4735 0.4300
109      109   (0)      4  : 0.3560 0.4284 0.2155
110      110   (0)      4  : 0.1715 0.6961 0.1323
111      111   (0)      5  : 0.3508 0.2078 0.4414
112      112   (0)      5  : 0.5940 0.1256 0.2804
113      113   (0)      5  : 0.3968 0.3787 0.2245
114      114   (0)      5  : 0.3135 0.6305 0.0561
115      115   (0)      5  : 0.0263 0.1204 0.8533
116      116   (0)      5  : 0.2617 0.5088 0.2295
117      117   (0)      4  : 0.7335 0.1775 0.0889
118      118   (0)      4  : 0.2236 0.2818 0.4946
119      119   (0)      4  : 0.6540 0.2327 0.1133
120      120   (0)      4  : 0.4063 0.3465 0.2472
121      121   (0)      4  : 0.0405 0.8470 0.1125
122      122   (0)      4  : 0.1910 0.0855 0.7235
123      123   (0)      4  : 0.5528 0.0443 0.4029
124      124   (0)      4  : 0.6812 0.0915 0.2274
125      125   (0)      5  : 0.7126 0.1236 0.1638
126      126   (0)      5  : 0.0320 0.7858 0.1822
127      127   (0)      5  : 0.2644 0.5447 0.1910
128      128   (0)      5  : 0.2373 0.3131 0.4496
129      129   (0)      5  : 0.2210 0.5190 0.2600
130      130   (0)      5  : 0.1473 0.3659 0.4867
131      131   (0)      5  : 0.3505 0.4503 0.1992
132      132   (0)      5  : 0.5188 0.0601 0.4212
133      133   (0)      5  : 0.2451 0.4696 0.2853
134      134   (0)      5  : 0.4485 0.1545 0.3969
135      135   (0)      5  : 0.0667 0.8613 0.0721
136      136   (0)      5  : 0.0393 0.7509 0.2099
137      137   (0)      5  : 0.3726 0.4557 0.1717
138      138   (0)      5  : 0.4494 0.2889 0.2618
139      139   (0)      5  : 0.0706 0.5907 0.3388
140      140   (0)      5  : 0.2235 0.2562 0.5203
141      141   (0)      5  : 0.4667 0.1323 0.4009
142      142   (0)      5  : 0.1368 0.3437 0.5195
143      143   (0)      5  : 0.3843 0.5272 0.0886
144      144   (0)      6  : 0.3521 0.3553 0.2925
145      145   (0)      6  : 0.1514 0.4397 0.4089
146      146   (0)      6  : 0.4800 0.1518 0.3681
147      147   (0)      6  : 0.0887 0.2923 0.6190
148      148   (0)      6  : 0.0904 0.7357 0.1738
149      149   (0)      6  : 0.4300 0.1294 0.4406
150      150   (0)      6  : 0.0092 0.4101 0.5806
151      151   (0)      6  : 0.2662 0.3865 0.3473
152      152   (0)      6  : 0.5123 0.3630 0.1246
153      153   (0)      6  : 0.1319 0.5074 0.3607
154      154   (0)      6  : 0.3729 0.3652 0.2619
155      155   (0)      6  : 0.0486 0.4140 0.5374
156      156   (0)      6  : 0.2987 0.5526 0.1487
157      157   (0)      6  : 0.5286 0.3373 0.1341
158      158   (0)      6  : 0.4104 0.3472 0.2424
159      159   (0)      6  : 0.3652 0.3720 0.2628
160      160   (0)      6  : 0.0991 0.7071 0.1938
161      161   (0)      6  : 0.3986 0.4338 0.1676
162      162   (0)      6  : 0.0739 0.8629 0.0632
163      163   (0)      6  : 0.1971 0.2487 0.5542
164      164   (0)      6  : 0.1296 0.5545 0.3159
165      165   (0)      6  : 0.4336 0.3894 0.1770
166      166   (0)      6  : 0.4805 0.3230 0.1965
167      167   (0)      6  : 0.3180 0.4217 0.2603
168      168   (0)      6  : 0.4437 0.0390 0.5173
169      169   (0)      6  : 0.3183 0.2308 0.4509
170      170   (0)      6  : 0.0637 0.5268 0.4096
171      171   (0)      6  : 0.3354 0.3450 0.3196
172      172   (0)      4  : 0.0313 0.1382 0.8306
173      173   (0)      4  : 0.5419 0.3878 0.0702
174      174   (0)      7  : 0.3607 0.5019 0.1374
175      175   (0)      7  : 0.9553 0.0101 0.0346
176      176   (0)      7  : 0.2795 0.4868 0.2337
177      177   (0)      7  : 0.6722 0.1135 0.2143
178      178   (0)      7  : 0.4387 0.3830 0.1783
179      179   (0)      7  : 0.3826 0.1674 0.4500
180      180   (0)      7  : 0.1194 0.1579 0.7227
181      181   (0)      7  : 0.2315 0.3284 0.4401
182      182   (0)      7  : 0.5473 0.3790 0.0736
183      183   (0)      7  : 0.4083 0.4257 0.1660
184      184   (0)      7  : 0.2817 0.4250 0.2934
185      185   (0)      7  : 0.4192 0.5217 0.0591
186      186   (0)      7  : 0.1690 0.5427 0.2883
187      187   (0)      7  : 0.1329 0.6080 0.2590
188      188   (0)      7  : 0.3067 0.6228 0.0706
189      189   (0)      7  : 0.4559 0.3508 0.1933
190      190   (0)      7  : 0.1015 0.4363 0.4622
191      191   (0)      7  : 0.3344 0.3444 0.3212
192      192   (0)      7  : 0.1696 0.0508 0.7796
193      193   (0)      7  : 0.8010 0.0911 0.1078
194      194   (0)      7  : 0.3373 0.2217 0.4410
195      195   (0)      7  : 0.6650 0.1737 0.1612
196      196   (0)      7  : 0.6030 0.2635 0.1335
197      197   (0)      7  : 0.5260 0.1056 0.3685
198      198   (0)      7  : 0.5049 0.3764 0.1188
199      199   (0)      7  : 0.4852 0.3155 0.1993
200      200   (0)      7  : 0.3416 0.5151 0.1433
201      201   (0)      7  : 0.8774 0.0944 0.0282
202      202   (0)      7  : 0.5427 0.3945 0.0629
203      203   (0)      7  : 0.6304 0.1600 0.2097
