1 3e-04
2 3e-04
3 3e-04
4 5e-04
5 3e-04
6 2e-04
7 3e-04
8 3e-04
9 2e-04
10 3e-04
11 2e-04
12 3e-04
13 4e-04
14 4e-04
15 4e-04
16 3e-04
17 3e-04
18 4e-04
19 4e-04
20 3e-04
21 2e-04
22 3e-04
23 3e-04
24 3e-04
25 2e-04
26 3e-04
27 5e-04
28 3e-04
29 3e-04
30 3e-04
31 3e-04
32 3e-04
33 3e-04
34 5e-04
35 2e-04
36 3e-04
37 2e-04
38 3e-04
39 3e-04
40 4e-04
41 3e-04
42 3e-04
43 3e-04
44 2e-04
45 4e-04
46 3e-04
47 3e-04
48 3e-04
49 3e-04
50 2e-04
51 2e-04
52 5e-04
53 3e-04
54 4e-04
55 3e-04
56 3e-04
57 2e-04
58 2e-04
59 2e-04
60 3e-04
61 2e-04
62 2e-04
63 2e-04
64 3e-04
65 4e-04
66 3e-04
67 3e-04
68 4e-04
69 3e-04
70 3e-04
71 3e-04
72 2e-04
73 4e-04
74 4e-04
75 5e-04
76 5e-04
77 3e-04
78 3e-04
79 4e-04
80 5e-04
81 4e-04
82 3e-04
83 4e-04
84 2e-04
85 2e-04
86 2e-04
87 4e-04
88 2e-04
89 3e-04
90 2e-04
91 2e-04
92 5e-04
93 5e-04
94 3e-04
95 2e-04
96 3e-04
97 4e-04
98 3e-04
99 3e-04
100 3e-04
101 3e-04
102 4e-04
103 5e-04
104 5e-04
105 3e-04
106 4e-04
107 3e-04
108 4e-04
109 3e-04
110 5e-04
111 5e-04
112 3e-04
113 3e-04
114 5e-04
115 5e-04
116 3e-04
117 4e-04
118 5e-04
119 5e-04
120 3e-04
121 6e-04
122 5e-04
123 4e-04
124 4e-04
125 4e-04
126 4e-04
127 5e-04
128 5e-04
129 6e-04
130 2e-04
131 3e-04
132 2e-04
133 5e-04
134 7e-04
135 5e-04
136 3e-04
137 4e-04
138 3e-04
139 3e-04
140 4e-04
141 3e-04
142 3e-04
143 3e-04
144 4e-04
145 3e-04
146 5e-04
147 5e-04
148 5e-04
149 3e-04
150 5e-04
151 3e-04
152 5e-04
153 6e-04
154 2e-04
155 3e-04
156 3e-04
157 4e-04
158 3e-04
159 2e-04
160 3e-04
161 3e-04
162 4e-04
163 3e-04
164 3e-04
165 3e-04
166 3e-04
167 2e-04
168 5e-04
169 2e-04
170 2e-04
171 2e-04
172 3e-04
173 2e-04
174 3e-04
175 2e-04
176 2e-04
177 3e-04
178 3e-04
179 2e-04
180 5e-04
181 3e-04
182 2e-04
183 2e-04
184 3e-04
185 2e-04
186 3e-04
187 3e-04
188 2e-04
189 3e-04
190 2e-04
191 2e-04
192 1e-04
193 2e-04
194 3e-04
195 2e-04
196 4e-04
197 4e-04
