1        1   (0)      1  : 0.9306 0.0000 0.0694 0.0000 0.0000
2        2   (0)      1  : 0.9239 0.0076 0.0685 0.0000 0.0000
3        3   (0)      1  : 0.0000 0.0000 1.0000 0.0000 0.0000
4        4   (0)      1  : 0.9605 0.0000 0.0395 0.0000 0.0000
5        5   (0)      1  : 1.0000 0.0000 0.0000 0.0000 0.0000
6        6   (0)      1  : 0.7928 0.0000 0.2072 0.0000 0.0000
7        7   (0)      1  : 1.0000 0.0000 0.0000 0.0000 0.0000
8        8   (0)      1  : 1.0000 0.0000 0.0000 0.0000 0.0000
9        9   (0)      1  : 0.0000 0.0000 1.0000 0.0000 0.0000
10       10   (0)      1  : 0.9300 0.0000 0.0700 0.0000 0.0000
11       11   (0)      1  : 1.0000 0.0000 0.0000 0.0000 0.0000
12       12   (0)      1  : 1.0000 0.0000 0.0000 0.0000 0.0000
13       13   (0)      1  : 0.9586 0.0000 0.0414 0.0000 0.0000
14       14   (0)      1  : 1.0000 0.0000 0.0000 0.0000 0.0000
15       15   (0)      2  : 1.0000 0.0000 0.0000 0.0000 0.0000
16       16   (0)      2  : 0.0000 0.0000 0.0000 0.9565 0.0435
17       17   (0)      2  : 0.0000 1.0000 0.0000 0.0000 0.0000
18       18   (0)      2  : 0.0000 0.0662 0.0000 0.8068 0.1270
19       19   (0)      2  : 0.0000 0.9391 0.0000 0.0000 0.0609
20       20   (0)      2  : 0.0000 0.0002 0.0000 0.7600 0.2397
21       21   (0)      2  : 0.0000 0.7368 0.0000 0.2070 0.0562
22       22   (0)      2  : 0.0000 0.1974 0.0000 0.5719 0.2307
23       23   (0)      1  : 0.9691 0.0000 0.0020 0.0000 0.0289
24       24   (0)      1  : 0.9169 0.0101 0.0532 0.0163 0.0035
25       25   (0)      1  : 0.0000 0.0000 1.0000 0.0000 0.0000
26       26   (0)      1  : 0.9906 0.0000 0.0094 0.0000 0.0000
27       27   (0)      2  : 0.0000 0.0000 0.0000 0.0000 1.0000
28       28   (0)      2  : 0.0000 0.0000 0.0000 1.0000 0.0000
29       29   (0)      2  : 0.0000 0.6271 0.0000 0.0000 0.3729
30       30   (0)      2  : 0.0000 0.3333 0.0000 0.6667 0.0000
31       31   (0)      2  : 0.0271 0.3336 0.0000 0.6130 0.0263
32       32   (0)      2  : 0.0000 0.4924 0.1400 0.2556 0.1120
33       33   (0)      2  : 0.0000 0.9385 0.0000 0.0000 0.0615
34       34   (0)      1  : 0.9769 0.0000 0.0231 0.0000 0.0000
35       35   (0)      2  : 0.0000 0.5635 0.0000 0.3983 0.0382
36       36   (0)      2  : 0.0000 0.0004 0.0000 0.8766 0.1230
37       37   (0)      2  : 0.0000 0.3513 0.0000 0.4503 0.1983
38       38   (0)      2  : 0.0000 1.0000 0.0000 0.0000 0.0000
39       39   (0)      2  : 0.9915 0.0000 0.0085 0.0000 0.0000
40       40   (0)      2  : 1.0000 0.0000 0.0000 0.0000 0.0000
41       41   (0)      2  : 1.0000 0.0000 0.0000 0.0000 0.0000
42       42   (0)      2  : 0.9930 0.0000 0.0070 0.0000 0.0000
43       43   (0)      2  : 0.9982 0.0000 0.0018 0.0000 0.0000
44       44   (0)      2  : 0.0000 0.0000 0.0000 1.0000 0.0000
45       45   (0)      2  : 0.0123 0.8353 0.0000 0.1319 0.0205
46       46   (0)      2  : 0.0000 0.2102 0.0000 0.7898 0.0000
47       47   (0)      2  : 1.0000 0.0000 0.0000 0.0000 0.0000
48       48   (0)      2  : 0.0000 0.2765 0.0000 0.6478 0.0758
49       49   (0)      1  : 0.9865 0.0000 0.0135 0.0000 0.0000
50       50   (0)      1  : 1.0000 0.0000 0.0000 0.0000 0.0000
51       51   (0)      1  : 1.0000 0.0000 0.0000 0.0000 0.0000
52       52   (0)      1  : 1.0000 0.0000 0.0000 0.0000 0.0000
53       53   (0)      1  : 0.9355 0.0000 0.0645 0.0000 0.0000
54       54   (0)      1  : 0.9724 0.0000 0.0276 0.0000 0.0000
55       55   (0)      1  : 0.9876 0.0000 0.0124 0.0000 0.0000
56       56   (0)      3  : 0.0000 0.5390 0.0000 0.0000 0.4610
57       57   (0)      3  : 0.0000 0.0772 0.0000 0.8332 0.0896
58       58   (0)      3  : 0.0000 0.0000 0.0000 1.0000 0.0000
59       59   (0)      3  : 0.0000 0.0000 0.0000 0.8709 0.1291
60       60   (0)      3  : 0.0000 0.4953 0.0000 0.3443 0.1604
61       61   (0)      3  : 0.0000 0.0270 0.0000 0.9730 0.0000
62       62   (0)      3  : 0.0000 0.5820 0.0000 0.4180 0.0000
63       63   (0)      4  : 0.0000 0.0000 1.0000 0.0000 0.0000
64       64   (0)      4  : 1.0000 0.0000 0.0000 0.0000 0.0000
65       65   (0)      4  : 0.9660 0.0000 0.0340 0.0000 0.0000
66       66   (0)      3  : 0.0000 0.0000 0.0000 0.9855 0.0145
67       67   (0)      3  : 0.0000 0.6322 0.0000 0.3272 0.0406
68       68   (0)      3  : 0.0000 0.0000 0.0000 0.0000 1.0000
69       69   (0)      3  : 0.0000 0.5010 0.0000 0.2864 0.2126
70       70   (0)      3  : 0.0000 0.0000 0.0000 1.0000 0.0000
71       71   (0)      3  : 0.0000 0.5983 0.0000 0.2616 0.1401
72       72   (0)      4  : 0.9439 0.0000 0.0384 0.0052 0.0125
73       73   (0)      4  : 0.9340 0.0000 0.0000 0.0660 0.0000
74       74   (0)      4  : 1.0000 0.0000 0.0000 0.0000 0.0000
75       75   (0)      4  : 0.9716 0.0000 0.0284 0.0000 0.0000
76       76   (0)      4  : 0.9534 0.0000 0.0466 0.0000 0.0000
77       77   (0)      4  : 1.0000 0.0000 0.0000 0.0000 0.0000
78       78   (0)      4  : 1.0000 0.0000 0.0000 0.0000 0.0000
79       79   (0)      3  : 1.0000 0.0000 0.0000 0.0000 0.0000
80       80   (0)      3  : 0.0000 0.4624 0.0000 0.4638 0.0738
81       81   (0)      3  : 0.0000 0.3170 0.0000 0.6830 0.0000
82       82   (0)      3  : 0.0000 0.8519 0.0000 0.0945 0.0536
83       83   (0)      3  : 1.0000 0.0000 0.0000 0.0000 0.0000
84       84   (0)      3  : 1.0000 0.0000 0.0000 0.0000 0.0000
85       85   (0)      3  : 0.0000 0.0000 0.0000 1.0000 0.0000
86       86   (0)      3  : 0.0000 0.4348 0.0000 0.5652 0.0000
87       87   (0)      3  : 0.0477 0.1575 0.0000 0.7063 0.0885
88       88   (0)      3  : 0.0000 0.6854 0.0000 0.2968 0.0178
89       89   (0)      4  : 0.9084 0.0000 0.0516 0.0400 0.0000
90       90   (0)      3  : 0.0000 0.3431 0.0000 0.6414 0.0156
91       91   (0)      3  : 0.0000 0.0000 0.0000 0.9880 0.0120
92       92   (0)      3  : 0.0000 0.2203 0.0000 0.4463 0.3334
93       93   (0)      3  : 0.0000 0.5484 0.0000 0.2759 0.1756
94       94   (0)      3  : 0.1871 0.2238 0.0000 0.5890 0.0000
95       95   (0)      4  : 0.8635 0.0000 0.0175 0.1154 0.0036
96       96   (0)      4  : 1.0000 0.0000 0.0000 0.0000 0.0000
97       97   (0)      4  : 1.0000 0.0000 0.0000 0.0000 0.0000
98       98   (0)      4  : 0.9013 0.0336 0.0565 0.0086 0.0000
99       99   (0)      4  : 0.9395 0.0000 0.0605 0.0000 0.0000
100      100   (0)      4  : 0.9767 0.0000 0.0233 0.0000 0.0000
101      101   (0)      4  : 1.0000 0.0000 0.0000 0.0000 0.0000
102      102   (0)      4  : 1.0000 0.0000 0.0000 0.0000 0.0000
103      103   (0)      4  : 0.0000 0.0000 1.0000 0.0000 0.0000
104      104   (0)      4  : 0.9315 0.0000 0.0685 0.0000 0.0000
105      105   (0)      4  : 0.9800 0.0000 0.0200 0.0000 0.0000
106      106   (0)      4  : 0.9446 0.0309 0.0245 0.0000 0.0000
107      107   (0)      4  : 0.9288 0.0000 0.0712 0.0000 0.0000
108      108   (0)      4  : 0.9939 0.0000 0.0061 0.0000 0.0000
109      109   (0)      4  : 0.9890 0.0000 0.0110 0.0000 0.0000
110      110   (0)      4  : 0.8918 0.0000 0.1082 0.0000 0.0000
111      111   (0)      4  : 0.0000 0.0000 1.0000 0.0000 0.0000
112      112   (0)      4  : 0.0000 0.0000 1.0000 0.0000 0.0000
113      113   (0)      4  : 0.0000 0.3376 0.0000 0.6073 0.0551
114      114   (0)      4  : 0.9885 0.0000 0.0115 0.0000 0.0000
115      115   (0)      4  : 1.0000 0.0000 0.0000 0.0000 0.0000
116      116   (0)      4  : 0.9980 0.0000 0.0020 0.0000 0.0000
