1        1   (0)      1  : 0.1184 0.0382 0.0584 0.1475 0.2177 0.2777 0.1421
2        2   (0)      1  : 0.0978 0.3287 0.0211 0.0662 0.1103 0.2078 0.1681
3        3   (0)      2  : 0.0428 0.1809 0.2133 0.0019 0.1797 0.1350 0.2464
4        4   (0)      2  : 0.0080 0.0295 0.1872 0.0125 0.2647 0.4289 0.0693
5        5   (0)      2  : 0.0475 0.0495 0.1852 0.2320 0.0243 0.1175 0.3440
6        6   (0)      2  : 0.2010 0.1023 0.0877 0.1353 0.2252 0.2158 0.0327
7        7   (0)      2  : 0.4049 0.0448 0.1700 0.2975 0.0258 0.0000 0.0569
8        8   (0)      2  : 0.0815 0.0553 0.4768 0.1355 0.1021 0.0104 0.1384
9        9   (0)      2  : 0.1881 0.1156 0.0219 0.2958 0.1762 0.0043 0.1981
10       10   (0)      2  : 0.2520 0.3299 0.2111 0.0956 0.0838 0.0000 0.0277
11       11   (0)      2  : 0.2918 0.0512 0.2163 0.1393 0.0590 0.1635 0.0788
12       12   (0)      2  : 0.0302 0.1320 0.3067 0.0611 0.0212 0.3379 0.1108
13       13   (0)      2  : 0.1074 0.2122 0.3316 0.1282 0.0000 0.0000 0.2206
14       14   (0)      2  : 0.0027 0.0489 0.0478 0.6109 0.0243 0.0875 0.1779
15       15   (0)      2  : 0.1674 0.4812 0.0286 0.0847 0.1282 0.0002 0.1096
16       16   (0)      2  : 0.0794 0.0844 0.1300 0.0000 0.0861 0.2559 0.3642
17       17   (0)      2  : 0.2994 0.0793 0.0170 0.2006 0.1566 0.0252 0.2219
18       18   (0)      2  : 0.1794 0.1166 0.1609 0.1308 0.2398 0.1451 0.0274
19       19   (0)      2  : 0.1016 0.2367 0.0166 0.2603 0.2046 0.0374 0.1429
20       20   (0)      2  : 0.0479 0.1392 0.0411 0.3347 0.2870 0.0970 0.0532
21       21   (0)      2  : 0.2529 0.1016 0.1431 0.2782 0.0000 0.2115 0.0127
22       22   (0)      2  : 0.0516 0.3057 0.1417 0.3493 0.1159 0.0186 0.0172
23       23   (0)      2  : 0.1829 0.1417 0.0669 0.3235 0.0280 0.1578 0.0991
24       24   (0)      2  : 0.1920 0.4155 0.0320 0.0645 0.2294 0.0568 0.0099
25       25   (0)      2  : 0.0781 0.1355 0.1648 0.0681 0.3394 0.1492 0.0650
26       26   (0)      2  : 0.0046 0.6797 0.0912 0.0891 0.1102 0.0000 0.0253
27       27   (0)      2  : 0.0179 0.0701 0.2528 0.3105 0.1164 0.0299 0.2025
28       28   (0)      2  : 0.1235 0.1321 0.3534 0.0363 0.0094 0.3357 0.0097
29       29   (0)      2  : 0.0551 0.1777 0.2930 0.2894 0.1277 0.0092 0.0479
30       30   (0)      3  : 0.0000 0.2729 0.1365 0.0475 0.2698 0.2553 0.0181
31       31   (0)      3  : 0.1017 0.1730 0.0548 0.3224 0.0341 0.0229 0.2912
32       32   (0)      3  : 0.1450 0.0766 0.2589 0.1360 0.1319 0.2193 0.0323
33       33   (0)      3  : 0.2481 0.1625 0.1467 0.0303 0.2403 0.0455 0.1266
34       34   (0)      3  : 0.1196 0.2735 0.0829 0.3002 0.1300 0.0001 0.0937
35       35   (0)      3  : 0.0555 0.1406 0.1249 0.0051 0.0667 0.3159 0.2913
36       36   (0)      3  : 0.0749 0.0513 0.2162 0.2622 0.0348 0.0000 0.3606
37       37   (0)      3  : 0.1394 0.1172 0.2056 0.1401 0.1780 0.0890 0.1306
38       38   (0)      3  : 0.2869 0.0000 0.0192 0.0462 0.5254 0.1223 0.0000
39       39   (0)      3  : 0.3248 0.4088 0.1040 0.0885 0.0246 0.0428 0.0066
40       40   (0)      3  : 0.2192 0.2630 0.0659 0.1059 0.1623 0.1546 0.0291
41       41   (0)      3  : 0.0617 0.1412 0.1127 0.0513 0.1758 0.3827 0.0747
42       42   (0)      3  : 0.0625 0.0695 0.0364 0.3958 0.0065 0.2711 0.1583
43       43   (0)      3  : 0.0243 0.2616 0.0920 0.1088 0.0833 0.1590 0.2710
44       44   (0)      3  : 0.1844 0.0093 0.5957 0.0639 0.0014 0.0000 0.1454
45       45   (0)      3  : 0.2119 0.0144 0.6879 0.0285 0.0255 0.0071 0.0246
46       46   (0)      3  : 0.0252 0.0868 0.0210 0.2783 0.2870 0.0429 0.2587
47       47   (0)      3  : 0.2091 0.0250 0.2738 0.2082 0.1241 0.0078 0.1521
48       48   (0)      3  : 0.0000 0.0482 0.1911 0.0000 0.2599 0.0654 0.4355
49       49   (0)      3  : 0.0627 0.0696 0.0117 0.2717 0.3784 0.1891 0.0168
50       50   (0)      3  : 0.0305 0.3250 0.0415 0.0501 0.0854 0.1382 0.3292
51       51   (0)      3  : 0.0598 0.0043 0.0607 0.5742 0.0534 0.0889 0.1588
52       52   (0)      3  : 0.0905 0.0742 0.0205 0.0323 0.0507 0.0582 0.6736
53       53   (0)      3  : 0.0299 0.0455 0.4870 0.0000 0.1285 0.0003 0.3088
54       54   (0)      3  : 0.0083 0.0291 0.2406 0.2249 0.0733 0.1689 0.2548
55       55   (0)      3  : 0.0296 0.5745 0.0630 0.1880 0.1026 0.0038 0.0385
56       56   (0)      3  : 0.0679 0.0913 0.5673 0.0425 0.0664 0.0060 0.1588
57       57   (0)      3  : 0.0652 0.0128 0.1280 0.1814 0.1754 0.2104 0.2267
58       58   (0)      3  : 0.0224 0.2613 0.0000 0.2138 0.1457 0.2538 0.1030
59       59   (0)      3  : 0.0000 0.3534 0.2613 0.0341 0.2736 0.0777 0.0000
60       60   (0)      4  : 0.2702 0.0000 0.0724 0.0545 0.4050 0.0000 0.1979
61       61   (0)      4  : 0.0610 0.0075 0.0811 0.0223 0.1546 0.0000 0.6735
62       62   (0)      4  : 0.0364 0.1002 0.0437 0.0121 0.4773 0.1332 0.1971
63       63   (0)      4  : 0.1583 0.1090 0.1607 0.1601 0.0943 0.1174 0.2002
64       64   (0)      4  : 0.2437 0.0996 0.0037 0.2504 0.1497 0.0664 0.1864
65       65   (0)      4  : 0.0637 0.0857 0.2721 0.2028 0.0215 0.0311 0.3232
66       66   (0)      4  : 0.0801 0.0766 0.8027 0.0217 0.0000 0.0000 0.0189
67       67   (0)      4  : 0.1261 0.0268 0.0187 0.3214 0.2930 0.0000 0.2140
68       68   (0)      4  : 0.3219 0.1958 0.1044 0.1057 0.0557 0.0657 0.1508
69       69   (0)      4  : 0.0261 0.3234 0.0921 0.1257 0.2465 0.0000 0.1862
70       70   (0)      4  : 0.0525 0.2214 0.0500 0.1619 0.0288 0.4737 0.0116
71       71   (0)      1  : 0.4781 0.2002 0.0345 0.1745 0.0546 0.0000 0.0581
72       72   (0)      1  : 0.3017 0.0064 0.0239 0.0431 0.5000 0.1249 0.0000
73       73   (0)      1  : 0.0264 0.1900 0.0203 0.0192 0.4444 0.0240 0.2757
74       74   (0)      1  : 0.0155 0.3219 0.1069 0.1860 0.1684 0.0183 0.1830
75       75   (0)      1  : 0.1009 0.1134 0.2388 0.1355 0.0195 0.0182 0.3737
76       76   (0)      1  : 0.0308 0.0201 0.2148 0.0361 0.0275 0.3458 0.3249
77       77   (0)      1  : 0.0567 0.0762 0.0000 0.1708 0.6566 0.0183 0.0214
78       78   (0)      1  : 0.4757 0.1436 0.1035 0.0350 0.0557 0.1865 0.0000
79       79   (0)      1  : 0.2718 0.1433 0.1548 0.0507 0.1514 0.2271 0.0009
80       80   (0)      1  : 0.1491 0.0154 0.1292 0.6331 0.0188 0.0130 0.0414
81       81   (0)      1  : 0.0000 0.0155 0.0272 0.0001 0.0000 0.7857 0.1715
82       82   (0)      1  : 0.1987 0.0513 0.0329 0.5136 0.0151 0.1236 0.0648
83       83   (0)      1  : 0.2604 0.1981 0.0293 0.1392 0.2320 0.0568 0.0843
84       84   (0)      1  : 0.3715 0.0607 0.0388 0.1355 0.0234 0.0657 0.3043
85       85   (0)      1  : 0.1308 0.2505 0.4320 0.1619 0.0002 0.0238 0.0007
86       86   (0)      1  : 0.1036 0.3979 0.1051 0.1071 0.2532 0.0114 0.0217
87       87   (0)      1  : 0.0000 0.2075 0.0282 0.1310 0.0837 0.4858 0.0637
88       88   (0)      1  : 0.2622 0.3379 0.0739 0.0421 0.1817 0.0501 0.0522
89       89   (0)      1  : 0.3090 0.0180 0.0626 0.0744 0.4883 0.0317 0.0159
90       90   (0)      1  : 0.0439 0.0195 0.1573 0.0455 0.0000 0.2483 0.4857
91       91   (0)      1  : 0.9626 0.0000 0.0000 0.0000 0.0374 0.0000 0.0000
92       92   (0)      1  : 0.0024 0.3741 0.1056 0.2089 0.0000 0.1809 0.1281
93       93   (0)      1  : 0.0265 0.0001 0.1763 0.2044 0.1465 0.2051 0.2412
94       94   (0)      1  : 0.2150 0.1393 0.0133 0.3057 0.1922 0.0811 0.0533
95       95   (0)      1  : 0.1001 0.0763 0.0170 0.7063 0.0265 0.0000 0.0738
96       96   (0)      1  : 0.1101 0.0988 0.1207 0.3516 0.0902 0.0736 0.1549
97       97   (0)      1  : 0.0983 0.1521 0.1130 0.1152 0.0927 0.0941 0.3347
98       98   (0)      1  : 0.1291 0.3151 0.0502 0.1096 0.3446 0.0245 0.0269
99       99   (0)      4  : 0.6261 0.0508 0.1253 0.1620 0.0359 0.0000 0.0000
100      100   (0)      4  : 0.1014 0.1456 0.2445 0.2086 0.1369 0.0142 0.1488
101      101   (0)      5  : 0.2570 0.1792 0.0685 0.1658 0.2651 0.0208 0.0435
102      102   (0)      5  : 0.1956 0.3664 0.0821 0.0273 0.0230 0.0891 0.2165
103      103   (0)      5  : 0.0467 0.0731 0.0643 0.2430 0.2223 0.1383 0.2122
104      104   (0)      5  : 0.1437 0.0018 0.5345 0.0138 0.0000 0.1821 0.1241
105      105   (0)      5  : 0.3260 0.0000 0.0447 0.0833 0.5459 0.0000 0.0000
106      106   (0)      4  : 0.0135 0.4075 0.1379 0.1155 0.0246 0.3010 0.0000
107      107   (0)      4  : 0.2391 0.0058 0.0223 0.0276 0.0617 0.0535 0.5900
108      108   (0)      4  : 0.1112 0.0425 0.0438 0.0508 0.3128 0.3666 0.0722
109      109   (0)      4  : 0.1186 0.0194 0.2633 0.1027 0.2442 0.1004 0.1514
110      110   (0)      4  : 0.0737 0.3452 0.2002 0.0786 0.0833 0.1825 0.0365
111      111   (0)      5  : 0.1357 0.0661 0.1214 0.1446 0.3326 0.1152 0.0843
112      112   (0)      5  : 0.1020 0.2943 0.0788 0.0590 0.2579 0.0252 0.1829
113      113   (0)      5  : 0.1062 0.0168 0.1433 0.1885 0.1478 0.0685 0.3289
114      114   (0)      5  : 0.0000 0.7122 0.1172 0.1106 0.0000 0.0307 0.0293
115      115   (0)      5  : 0.0000 0.3993 0.0417 0.1025 0.1906 0.1938 0.0721
116      116   (0)      5  : 0.1169 0.2822 0.1731 0.1534 0.0695 0.1490 0.0558
117      117   (0)      4  : 0.0941 0.0000 0.0214 0.3475 0.1004 0.0000 0.4366
118      118   (0)      4  : 0.0624 0.0496 0.0513 0.0566 0.5950 0.1227 0.0625
119      119   (0)      4  : 0.0386 0.0550 0.0074 0.6972 0.0114 0.0152 0.1752
120      120   (0)      4  : 0.0735 0.1068 0.1814 0.1863 0.1679 0.0953 0.1888
121      121   (0)      4  : 0.1448 0.0928 0.3294 0.0059 0.0343 0.2733 0.1194
122      122   (0)      4  : 0.1274 0.1281 0.0253 0.1780 0.3165 0.1733 0.0514
123      123   (0)      4  : 0.1350 0.0769 0.0263 0.4324 0.3223 0.0000 0.0070
124      124   (0)      4  : 0.1014 0.0718 0.0052 0.3343 0.0901 0.0378 0.3595
125      125   (0)      5  : 0.3028 0.2558 0.0000 0.3207 0.0236 0.0000 0.0971
126      126   (0)      5  : 0.0823 0.0100 0.3910 0.0214 0.0664 0.3618 0.0671
127      127   (0)      5  : 0.0891 0.0038 0.0366 0.0000 0.0355 0.5504 0.2846
128      128   (0)      5  : 0.0363 0.2197 0.0664 0.2072 0.1446 0.2467 0.0792
129      129   (0)      5  : 0.0000 0.1998 0.2814 0.1721 0.1527 0.0153 0.1788
130      130   (0)      5  : 0.0004 0.0594 0.0177 0.0407 0.0101 0.3712 0.5005
131      131   (0)      5  : 0.0195 0.2572 0.3623 0.2676 0.0649 0.0000 0.0284
132      132   (0)      5  : 0.1881 0.4059 0.0434 0.0263 0.2476 0.0000 0.0888
133      133   (0)      5  : 0.0612 0.0553 0.1800 0.0179 0.1096 0.4566 0.1194
134      134   (0)      5  : 0.0416 0.0189 0.0204 0.4516 0.3067 0.0054 0.1554
135      135   (0)      5  : 0.0100 0.1492 0.0465 0.3133 0.0000 0.4424 0.0386
136      136   (0)      5  : 0.0399 0.2448 0.1401 0.0315 0.0444 0.4410 0.0583
137      137   (0)      5  : 0.0000 0.0512 0.1586 0.2436 0.0638 0.0035 0.4794
138      138   (0)      5  : 0.0633 0.5167 0.0376 0.2683 0.0166 0.0833 0.0141
139      139   (0)      5  : 0.0448 0.0579 0.0959 0.0350 0.0210 0.7456 0.0000
140      140   (0)      5  : 0.0000 0.3459 0.0272 0.0000 0.2015 0.2970 0.1284
141      141   (0)      5  : 0.0922 0.2367 0.0339 0.4096 0.1068 0.0209 0.0998
142      142   (0)      5  : 0.0642 0.0427 0.1075 0.1170 0.0439 0.5942 0.0305
143      143   (0)      5  : 0.1779 0.1365 0.2048 0.0389 0.0151 0.1382 0.2886
144      144   (0)      6  : 0.1336 0.0511 0.1093 0.1610 0.1369 0.2257 0.1826
145      145   (0)      6  : 0.0857 0.2226 0.1174 0.0331 0.0407 0.3983 0.1022
146      146   (0)      6  : 0.1564 0.1418 0.1085 0.0518 0.3225 0.0053 0.2137
147      147   (0)      6  : 0.0000 0.3614 0.0089 0.0574 0.3447 0.0235 0.2041
148      148   (0)      6  : 0.0408 0.0779 0.6111 0.0048 0.0462 0.0644 0.1548
149      149   (0)      6  : 0.0427 0.1182 0.0000 0.3254 0.2757 0.0058 0.2322
150      150   (0)      6  : 0.0000 0.4377 0.0142 0.0257 0.0173 0.4728 0.0323
151      151   (0)      6  : 0.0187 0.1001 0.3468 0.0320 0.3626 0.0000 0.1398
152      152   (0)      6  : 0.1953 0.0770 0.1127 0.0683 0.0257 0.0215 0.4996
153      153   (0)      6  : 0.0000 0.3237 0.6037 0.0344 0.0254 0.0129 0.0000
154      154   (0)      6  : 0.0329 0.2449 0.1549 0.0162 0.1567 0.1160 0.2785
155      155   (0)      6  : 0.0054 0.0530 0.0278 0.0370 0.0368 0.7441 0.0959
156      156   (0)      6  : 0.2806 0.0442 0.2176 0.0152 0.0006 0.4083 0.0336
157      157   (0)      6  : 0.2030 0.1876 0.3086 0.0653 0.0916 0.0000 0.1440
158      158   (0)      6  : 0.1644 0.0000 0.3151 0.1489 0.2770 0.0803 0.0143
159      159   (0)      6  : 0.1492 0.0516 0.1653 0.1630 0.0862 0.0601 0.3245
160      160   (0)      6  : 0.1242 0.4167 0.2937 0.0833 0.0397 0.0424 0.0000
161      161   (0)      6  : 0.1932 0.2727 0.0962 0.2352 0.0149 0.1620 0.0259
162      162   (0)      6  : 0.0252 0.3722 0.1686 0.1279 0.0048 0.2014 0.0999
163      163   (0)      6  : 0.1105 0.0022 0.0226 0.1231 0.3203 0.3330 0.0883
164      164   (0)      6  : 0.0705 0.2606 0.2500 0.1432 0.0168 0.2455 0.0133
165      165   (0)      6  : 0.3178 0.1898 0.1750 0.1044 0.1313 0.0742 0.0074
166      166   (0)      6  : 0.0667 0.1360 0.2602 0.2297 0.0477 0.0071 0.2525
167      167   (0)      6  : 0.1096 0.0420 0.1715 0.1055 0.1261 0.2713 0.1741
168      168   (0)      6  : 0.1216 0.4914 0.0506 0.0000 0.2682 0.0000 0.0682
169      169   (0)      6  : 0.2216 0.0661 0.0000 0.0805 0.1623 0.3768 0.0928
170      170   (0)      6  : 0.0000 0.0000 0.1698 0.5512 0.0217 0.2573 0.0000
171      171   (0)      6  : 0.0767 0.0069 0.0247 0.0000 0.3239 0.2254 0.3423
172      172   (0)      4  : 0.0237 0.1950 0.0340 0.1737 0.0272 0.4722 0.0741
173      173   (0)      4  : 0.2518 0.2099 0.0270 0.2435 0.0850 0.0766 0.1062
174      174   (0)      7  : 0.0664 0.3604 0.1843 0.1049 0.0412 0.0093 0.2336
175      175   (0)      7  : 0.9665 0.0000 0.0000 0.0000 0.0335 0.0000 0.0000
176      176   (0)      7  : 0.0620 0.0572 0.0198 0.0368 0.1470 0.1889 0.4884
177      177   (0)      7  : 0.2812 0.2195 0.1350 0.2390 0.0962 0.0128 0.0163
178      178   (0)      7  : 0.1856 0.0566 0.1397 0.2690 0.0528 0.1608 0.1355
179      179   (0)      7  : 0.0313 0.3636 0.0463 0.0623 0.1201 0.1615 0.2148
180      180   (0)      7  : 0.0000 0.1528 0.1025 0.0303 0.5322 0.0000 0.1822
181      181   (0)      7  : 0.2000 0.0421 0.0082 0.0581 0.0860 0.5138 0.0918
182      182   (0)      7  : 0.3506 0.1069 0.1212 0.1746 0.0501 0.0793 0.1173
183      183   (0)      7  : 0.1545 0.4806 0.0280 0.0348 0.0000 0.2946 0.0075
184      184   (0)      7  : 0.0953 0.0064 0.2114 0.0341 0.1994 0.1247 0.3286
185      185   (0)      7  : 0.1778 0.0000 0.6782 0.0513 0.0513 0.0201 0.0213
186      186   (0)      7  : 0.0126 0.1714 0.2036 0.1575 0.0788 0.1906 0.1856
187      187   (0)      7  : 0.0751 0.3565 0.1986 0.0888 0.0923 0.1626 0.0261
188      188   (0)      7  : 0.1035 0.0358 0.2981 0.2104 0.0376 0.0662 0.2485
189      189   (0)      7  : 0.1166 0.0214 0.1963 0.0785 0.1126 0.0814 0.3933
190      190   (0)      7  : 0.0242 0.1261 0.1788 0.3058 0.0505 0.3146 0.0000
191      191   (0)      7  : 0.1428 0.2280 0.0543 0.1988 0.0684 0.1371 0.1706
192      192   (0)      7  : 0.1751 0.3519 0.0664 0.1204 0.2649 0.0214 0.0000
193      193   (0)      7  : 0.2198 0.0537 0.1161 0.1711 0.1252 0.0500 0.2641
194      194   (0)      7  : 0.0280 0.0864 0.0152 0.0576 0.4842 0.0449 0.2836
195      195   (0)      7  : 0.2683 0.1272 0.0409 0.0849 0.1002 0.1122 0.2663
196      196   (0)      7  : 0.3311 0.0544 0.0009 0.0233 0.1466 0.0667 0.3771
197      197   (0)      7  : 0.0125 0.1883 0.0000 0.0673 0.1775 0.0087 0.5457
198      198   (0)      7  : 0.0432 0.0802 0.1214 0.5713 0.0572 0.0872 0.0393
199      199   (0)      7  : 0.2840 0.1924 0.1204 0.1415 0.0119 0.1128 0.1370
200      200   (0)      7  : 0.0739 0.0139 0.2217 0.0691 0.1957 0.1407 0.2851
201      201   (0)      7  : 0.5546 0.1593 0.1513 0.0767 0.0413 0.0000 0.0166
202      202   (0)      7  : 0.1364 0.0957 0.0680 0.2522 0.0692 0.2256 0.1531
203      203   (0)      7  : 0.2342 0.0475 0.0219 0.3213 0.0244 0.0175 0.3331
