  1        1   (0)      1 :  0.0446 0.0381 0.1720 0.0992 0.0921 0.2293 0.1204 0.0715 0.1327 
  2        2   (0)      1 :  0.1499 0.1158 0.1270 0.1355 0.0251 0.0019 0.1070 0.2924 0.0454 
  3        3   (0)      1 :  0.0095 0.0355 0.4257 0.2035 0.0598 0.0013 0.1289 0.0619 0.0738 
  4        4   (0)      1 :  0.0153 0.0531 0.0172 0.1026 0.0120 0.0095 0.2762 0.3570 0.1571 
  5        5   (0)      1 :  0.0849 0.1862 0.1658 0.0570 0.3574 0.0548 0.0369 0.0440 0.0131 
  6        6   (0)      1 :  0.0817 0.1372 0.0759 0.2132 0.0287 0.0010 0.1108 0.2693 0.0822 
  7        7   (0)      1 :  0.0000 0.0716 0.2178 0.0824 0.0960 0.1145 0.0011 0.0065 0.4101 
  8        8   (0)      1 :  0.0202 0.0368 0.2059 0.4283 0.1139 0.0027 0.0089 0.0717 0.1116 
  9        9   (0)      1 :  0.0370 0.0651 0.0449 0.0702 0.2270 0.3906 0.0000 0.0868 0.0783 
 10       10   (0)      1 :  0.1632 0.0000 0.0980 0.0351 0.1276 0.1519 0.2351 0.0782 0.1109 
 11       11   (0)      1 :  0.0000 0.0000 0.0000 0.0000 0.1739 0.7253 0.0000 0.0000 0.1009 
 12       12   (0)      1 :  0.0788 0.0126 0.2519 0.0920 0.2800 0.1172 0.0000 0.0648 0.1027 
 13       13   (0)      2 :  0.0131 0.0345 0.0729 0.2716 0.1458 0.3303 0.0261 0.0662 0.0395 
 14       14   (0)      2 :  0.0000 0.0000 0.0000 0.0000 0.1500 0.7763 0.0000 0.0000 0.0737 
 15       15   (0)      2 :  0.0000 0.0000 0.0000 0.0055 0.1802 0.7713 0.0000 0.0103 0.0326 
 16       16   (0)      2 :  0.0000 0.0000 0.0595 0.0000 0.0555 0.8346 0.0004 0.0000 0.0500 
 17       17   (0)      2 :  0.0758 0.1153 0.0598 0.0754 0.0847 0.3630 0.0204 0.0512 0.1544 
 18       18   (0)      2 :  0.0139 0.0036 0.1008 0.0000 0.1774 0.6123 0.0000 0.0000 0.0921 
 19       19   (0)      2 :  0.0000 0.0170 0.0582 0.0000 0.0630 0.7968 0.0000 0.0336 0.0314 
 20       20   (0)      2 :  0.0400 0.0647 0.2776 0.2075 0.1861 0.1170 0.0410 0.0291 0.0370 
 21       21   (0)      2 :  0.0922 0.2299 0.0808 0.1207 0.0809 0.0000 0.1083 0.1758 0.1113 
 22       22   (0)      2 :  0.0562 0.0447 0.1469 0.0375 0.1575 0.2844 0.0801 0.0631 0.1295 
 23       23   (0)      2 :  0.0068 0.0002 0.0728 0.2255 0.1649 0.4517 0.0000 0.0394 0.0387 
 24       24   (0)      2 :  0.0557 0.0554 0.3708 0.2282 0.0000 0.0000 0.1000 0.0139 0.1760 
 25       25   (0)      2 :  0.0647 0.1027 0.0370 0.1622 0.2917 0.1303 0.0160 0.0231 0.1722 
 26       26   (0)      2 :  0.0415 0.0000 0.2046 0.1407 0.3308 0.0482 0.0831 0.0879 0.0632 
 27       27   (0)      2 :  0.0504 0.0572 0.3558 0.0928 0.1166 0.0522 0.1395 0.0841 0.0514 
 28       28   (0)      2 :  0.0122 0.0057 0.1118 0.0899 0.1711 0.5183 0.0000 0.0000 0.0909 
 29       29   (0)      2 :  0.0608 0.1613 0.1994 0.2678 0.0395 0.0034 0.0090 0.1689 0.0899 
 30       30   (0)      2 :  0.0024 0.0988 0.0975 0.1113 0.0273 0.4244 0.0539 0.0157 0.1686 
 31       31   (0)      2 :  0.1311 0.2461 0.0790 0.0262 0.0385 0.1914 0.0358 0.1589 0.0930 
 32       32   (0)      2 :  0.2876 0.0018 0.1013 0.0001 0.1965 0.1129 0.0940 0.1498 0.0559 
 33       33   (0)      2 :  0.0000 0.0000 0.0000 0.0000 0.0311 0.9073 0.0000 0.0002 0.0614 
 34       34   (0)      3 :  0.0511 0.2107 0.4199 0.0905 0.0038 0.0010 0.0873 0.0452 0.0904 
 35       35   (0)      3 :  0.0210 0.7942 0.0824 0.0002 0.0290 0.0000 0.0000 0.0348 0.0384 
 36       36   (0)      3 :  0.5940 0.1211 0.0706 0.0369 0.0410 0.0030 0.0099 0.0778 0.0458 
 37       37   (0)      3 :  0.0989 0.0739 0.1147 0.1365 0.0255 0.0225 0.0777 0.2956 0.1546 
 38       38   (0)      3 :  0.1614 0.0000 0.0024 0.1578 0.0234 0.0030 0.4837 0.1541 0.0142 
 39       39   (0)      3 :  0.0126 0.0624 0.0098 0.0064 0.0148 0.0077 0.6202 0.2029 0.0632 
 40       40   (0)      3 :  0.0766 0.1820 0.0815 0.1917 0.0609 0.0014 0.3255 0.0527 0.0277 
 41       41   (0)      3 :  0.0411 0.1477 0.3345 0.0730 0.1766 0.0416 0.1168 0.0297 0.0390 
 42       42   (0)      3 :  0.0614 0.2462 0.0612 0.1683 0.0127 0.1784 0.0175 0.1166 0.1377 
 43       43   (0)      3 :  0.3219 0.3176 0.0000 0.0861 0.0197 0.0000 0.1132 0.1177 0.0238 
 44       44   (0)      3 :  0.0988 0.2360 0.0282 0.3975 0.0816 0.0256 0.0418 0.0259 0.0644 
 45       45   (0)      3 :  0.1804 0.2635 0.0702 0.2609 0.0000 0.0000 0.0851 0.0509 0.0890 
 46       46   (0)      3 :  0.1540 0.0146 0.0812 0.0708 0.0150 0.0020 0.5544 0.0776 0.0303 
 47       47   (0)      3 :  0.0815 0.2596 0.0416 0.0934 0.0165 0.1195 0.0811 0.1081 0.1988 
 48       48   (0)      3 :  0.0000 0.6673 0.0845 0.1004 0.0076 0.0000 0.0005 0.1000 0.0397 
 49       49   (0)      3 :  0.0260 0.1398 0.1330 0.5219 0.0113 0.0000 0.0122 0.1058 0.0500 
 50       50   (0)      3 :  0.4270 0.2374 0.0118 0.0587 0.0180 0.0039 0.0911 0.0793 0.0727 
 51       51   (0)      3 :  0.1881 0.0062 0.0663 0.0188 0.0220 0.0041 0.3953 0.2749 0.0244 
 52       52   (0)      3 :  0.1865 0.0769 0.0632 0.0654 0.1800 0.1518 0.1223 0.0743 0.0795 
 53       53   (0)      3 :  0.1044 0.2823 0.0500 0.1043 0.0865 0.0184 0.0000 0.3252 0.0288 
 54       54   (0)      3 :  0.1136 0.0196 0.0234 0.0402 0.1648 0.0179 0.4844 0.1222 0.0139 
 55       55   (0)      3 :  0.0584 0.0829 0.1131 0.4443 0.0532 0.0182 0.0066 0.0806 0.1427 
 56       56   (0)      3 :  0.1770 0.0589 0.0271 0.1571 0.0044 0.0000 0.3817 0.1613 0.0326 
 57       57   (0)      3 :  0.3613 0.0611 0.0219 0.1478 0.0000 0.0000 0.1043 0.1827 0.1209 
 58       58   (0)      3 :  0.1085 0.0585 0.0590 0.3034 0.0373 0.0000 0.3007 0.0965 0.0361 
 59       59   (0)      3 :  0.2219 0.1215 0.0000 0.0239 0.0400 0.0285 0.2535 0.2063 0.1043 
 60       60   (0)      4 :  0.0078 0.0000 0.0898 0.0419 0.0257 0.4611 0.1215 0.0631 0.1891 
 61       61   (0)      4 :  0.0286 0.1499 0.0000 0.0000 0.0722 0.4915 0.0078 0.0767 0.1734 
 62       62   (0)      4 :  0.1366 0.2523 0.0150 0.0198 0.0127 0.1281 0.1301 0.1713 0.1340 
 63       63   (0)      4 :  0.1448 0.1603 0.0832 0.1948 0.1431 0.0084 0.0659 0.0577 0.1418 
 64       64   (0)      4 :  0.6359 0.0725 0.0000 0.0627 0.0031 0.0495 0.0607 0.0637 0.0520 
 65       65   (0)      4 :  0.1299 0.2002 0.0806 0.0295 0.1067 0.0174 0.1186 0.2782 0.0389 
 66       66   (0)      4 :  0.2613 0.3832 0.0000 0.0000 0.0051 0.0081 0.0689 0.2563 0.0172 
 67       67   (0)      4 :  0.2671 0.0443 0.0734 0.0565 0.0264 0.1823 0.1423 0.1047 0.1032 
 68       68   (0)      4 :  0.0604 0.0407 0.1183 0.1119 0.0639 0.0297 0.2117 0.1546 0.2088 
 69       69   (0)      4 :  0.0280 0.2499 0.1294 0.1794 0.0044 0.0000 0.1004 0.1094 0.1991 
 70       70   (0)      4 :  0.0764 0.0343 0.0867 0.0226 0.2884 0.3706 0.0579 0.0422 0.0209 
 71       71   (0)      4 :  0.0689 0.1550 0.0665 0.0581 0.0147 0.0017 0.3444 0.2370 0.0537 
 72       72   (0)      4 :  0.0358 0.0705 0.0435 0.0808 0.0579 0.3971 0.0355 0.0547 0.2243 
 73       73   (0)      4 :  0.1637 0.1441 0.1082 0.3098 0.1332 0.0003 0.0270 0.0397 0.0740 
 74       74   (0)      4 :  0.0363 0.4886 0.1823 0.1139 0.0045 0.0000 0.0439 0.0866 0.0438 
 75       75   (0)      4 :  0.0233 0.6834 0.0971 0.0415 0.0054 0.0000 0.0000 0.1131 0.0363 
 76       76   (0)      4 :  0.0606 0.4157 0.1237 0.1726 0.0160 0.0056 0.0200 0.1079 0.0779 
 77       77   (0)      4 :  0.0967 0.0818 0.1155 0.2400 0.1493 0.0237 0.1461 0.0818 0.0650 
 78       78   (0)      4 :  0.0512 0.0432 0.2799 0.1144 0.0462 0.0079 0.2763 0.0474 0.1336 
 79       79   (0)      4 :  0.0490 0.2089 0.3411 0.0975 0.0082 0.0000 0.1276 0.1015 0.0662 
 80       80   (0)      4 :  0.2141 0.0969 0.0688 0.1215 0.0323 0.0031 0.1343 0.1960 0.1330 
 81       81   (0)      4 :  0.0160 0.0572 0.0858 0.0335 0.1119 0.4849 0.0845 0.0504 0.0757 
 82       82   (0)      4 :  0.0000 0.0484 0.5911 0.0297 0.0969 0.0337 0.1140 0.0718 0.0143 
 83       83   (0)      4 :  0.3373 0.0957 0.0894 0.0683 0.0251 0.0015 0.1218 0.2266 0.0343 
 84       84   (0)      4 :  0.3262 0.0325 0.0678 0.1338 0.0272 0.0658 0.0656 0.2131 0.0681 
 85       85   (0)      4 :  0.0868 0.0366 0.0415 0.0941 0.3118 0.2912 0.0000 0.0064 0.1316 
 86       86   (0)      5 :  0.2234 0.0094 0.0950 0.0219 0.1726 0.0177 0.2997 0.1392 0.0210 
 87       87   (0)      5 :  0.0531 0.2440 0.0512 0.2173 0.0791 0.0283 0.0891 0.1507 0.0872 
 88       88   (0)      5 :  0.2441 0.0965 0.0846 0.0859 0.0669 0.0783 0.1244 0.1566 0.0627 
 89       89   (0)      5 :  0.1158 0.0491 0.2459 0.2681 0.1057 0.0021 0.1224 0.0285 0.0624 
 90       90   (0)      5 :  0.0251 0.0153 0.4850 0.0863 0.1379 0.0000 0.1579 0.0352 0.0572 
 91       91   (0)      5 :  0.0290 0.0819 0.0629 0.2035 0.0472 0.0606 0.4457 0.0341 0.0349 
 92       92   (0)      5 :  0.2623 0.2206 0.1068 0.0483 0.0400 0.0000 0.1153 0.1436 0.0631 
 93       93   (0)      5 :  0.0179 0.0071 0.1670 0.6328 0.0000 0.0000 0.0919 0.0000 0.0833 
 94       94   (0)      5 :  0.0921 0.0741 0.0357 0.0135 0.0208 0.0260 0.3593 0.3056 0.0729 
 95       95   (0)      5 :  0.0766 0.0195 0.0506 0.1152 0.4460 0.2402 0.0221 0.0193 0.0104 
 96       96   (0)      5 :  0.0881 0.0499 0.0814 0.2289 0.0028 0.0000 0.3334 0.1285 0.0870 
 97       97   (0)      5 :  0.0512 0.0379 0.0184 0.2199 0.1114 0.0897 0.0518 0.1281 0.2916 
 98       98   (0)      5 :  0.3170 0.0854 0.0319 0.0082 0.0645 0.0726 0.0897 0.1774 0.1532 
 99       99   (0)      5 :  0.0580 0.3138 0.0340 0.2173 0.0147 0.0032 0.2513 0.0402 0.0674 
100      100   (0)      5 :  0.6827 0.0429 0.0427 0.0166 0.0333 0.0000 0.0315 0.0740 0.0761 
101      101   (0)      5 :  0.1157 0.1009 0.0650 0.2745 0.0241 0.0002 0.2424 0.1316 0.0455 
102      102   (0)      5 :  0.0106 0.2455 0.0836 0.3788 0.0229 0.0000 0.1858 0.0661 0.0067 
103      103   (0)      5 :  0.2281 0.1166 0.0402 0.0843 0.0242 0.0034 0.1838 0.1887 0.1307 
104      104   (0)      5 :  0.0577 0.1120 0.1628 0.1387 0.1113 0.0669 0.0298 0.2565 0.0642 
105      105   (0)      5 :  0.4257 0.0203 0.0197 0.0802 0.0000 0.0000 0.1886 0.2441 0.0215 
106      106   (0)      5 :  0.0423 0.3434 0.2334 0.0267 0.0668 0.0382 0.0091 0.1355 0.1046 
107      107   (0)      5 :  0.0182 0.0882 0.1886 0.0414 0.0341 0.0335 0.4517 0.0592 0.0851 
108      108   (0)      5 :  0.0104 0.1355 0.2509 0.1613 0.0534 0.0929 0.0811 0.0836 0.1309 
109      109   (0)      5 :  0.0783 0.0373 0.2097 0.3024 0.0793 0.1942 0.0238 0.0067 0.0683 
110      110   (0)      5 :  0.0728 0.0682 0.0658 0.2811 0.0211 0.0924 0.1392 0.0984 0.1611 
111      111   (0)      5 :  0.0933 0.4147 0.0000 0.1662 0.0081 0.0000 0.0761 0.2257 0.0160 
112      112   (0)      5 :  0.0392 0.2817 0.1634 0.1922 0.0000 0.0000 0.1137 0.1123 0.0974 
113      113   (0)      4 :  0.0750 0.2734 0.1330 0.3700 0.0110 0.0000 0.0254 0.0631 0.0492 
114      114   (0)      6 :  0.2106 0.0968 0.1505 0.1821 0.1334 0.0160 0.0749 0.0794 0.0564 
115      115   (0)      6 :  0.2801 0.0211 0.0236 0.0044 0.0823 0.1933 0.0315 0.2944 0.0694 
116      116   (0)      6 :  0.0829 0.0288 0.1358 0.0248 0.1068 0.3120 0.0109 0.1695 0.1286 
117      117   (0)      6 :  0.0319 0.0164 0.1024 0.0937 0.0341 0.4737 0.0103 0.0000 0.2376 
118      118   (0)      6 :  0.0347 0.0453 0.0462 0.0373 0.5947 0.1496 0.0429 0.0047 0.0445 
119      119   (0)      6 :  0.0000 0.0235 0.0298 0.0000 0.2708 0.5871 0.0000 0.0202 0.0685 
120      120   (0)      6 :  0.2351 0.1723 0.0494 0.2404 0.0002 0.0000 0.0325 0.2032 0.0670 
121      121   (0)      6 :  0.0839 0.1783 0.0324 0.0725 0.0664 0.1002 0.0907 0.3520 0.0238 
122      122   (0)      6 :  0.0215 0.3192 0.1163 0.4116 0.0000 0.0000 0.0107 0.0950 0.0257 
123      123   (0)      6 :  0.0739 0.0585 0.0691 0.0842 0.0511 0.1131 0.0000 0.1176 0.4324 
124      124   (0)      6 :  0.0183 0.1536 0.0283 0.0847 0.0005 0.0024 0.1692 0.4865 0.0564 
125      125   (0)      6 :  0.0151 0.0672 0.2691 0.3298 0.0921 0.0202 0.0421 0.0541 0.1102 
126      126   (0)      6 :  0.0345 0.2016 0.2833 0.2577 0.0283 0.0024 0.0404 0.1068 0.0450 
127      127   (0)      6 :  0.0891 0.0265 0.0281 0.1006 0.0671 0.4143 0.0701 0.0660 0.1381 
128      128   (0)      6 :  0.0565 0.0447 0.1103 0.5347 0.0000 0.0000 0.0832 0.0944 0.0763 
129      129   (0)      6 :  0.3951 0.0946 0.0586 0.0266 0.0103 0.0000 0.1006 0.2099 0.1042 
130      130   (0)      6 :  0.0163 0.1356 0.1203 0.1402 0.0071 0.1006 0.0233 0.0837 0.3728 
131      131   (0)      6 :  0.0359 0.0523 0.0987 0.0000 0.4872 0.2494 0.0063 0.0451 0.0251 
132      132   (0)      6 :  0.0308 0.3105 0.0218 0.1371 0.0329 0.0161 0.1671 0.1878 0.0959 
133      133   (0)      6 :  0.0241 0.0292 0.2828 0.4044 0.0000 0.0000 0.0661 0.1170 0.0765 
134      134   (0)      6 :  0.0782 0.1285 0.0741 0.1047 0.0702 0.0394 0.1889 0.2189 0.0972 
135      135   (0)      6 :  0.0161 0.1393 0.0277 0.0261 0.1915 0.5124 0.0043 0.0461 0.0365 
136      136   (0)      6 :  0.1290 0.1312 0.1271 0.0811 0.1008 0.0913 0.1516 0.1318 0.0561 
137      137   (0)      6 :  0.1000 0.2035 0.0858 0.1565 0.1299 0.0329 0.1353 0.0582 0.0980 
138      138   (0)      6 :  0.0438 0.4605 0.1391 0.0281 0.0055 0.0000 0.0411 0.2401 0.0418 
139      139   (0)      6 :  0.4356 0.0287 0.0258 0.1107 0.0314 0.0346 0.1450 0.1215 0.0668 
140      140   (0)      6 :  0.0631 0.1312 0.0148 0.0459 0.1109 0.3242 0.1059 0.1054 0.0986 
141      141   (0)      6 :  0.0001 0.0464 0.2821 0.0503 0.2669 0.1003 0.0864 0.0820 0.0856 
142      142   (0)      7 :  0.1547 0.2865 0.1566 0.1146 0.0000 0.0000 0.0729 0.1569 0.0579 
143      143   (0)      7 :  0.0000 0.0096 0.0175 0.0063 0.2176 0.6991 0.0000 0.0000 0.0500 
144      144   (0)      7 :  0.4802 0.1061 0.0778 0.0314 0.0623 0.0193 0.0608 0.0588 0.1033 
145      145   (0)      7 :  0.2411 0.1038 0.0079 0.1191 0.0000 0.0090 0.0267 0.4055 0.0869 
146      146   (0)      7 :  0.0085 0.0657 0.2856 0.0343 0.2566 0.0808 0.1328 0.0841 0.0516 
147      147   (0)      7 :  0.0106 0.0289 0.1119 0.0794 0.0000 0.0000 0.6478 0.0934 0.0279 
148      148   (0)      7 :  0.2488 0.1119 0.0850 0.1326 0.0004 0.0000 0.1006 0.2660 0.0547 
149      149   (0)      7 :  0.0918 0.0271 0.0210 0.0660 0.1699 0.4791 0.0458 0.0117 0.0876 
150      150   (0)      7 :  0.0250 0.0592 0.3040 0.1033 0.1642 0.1312 0.0735 0.0444 0.0953 
151      151   (0)      7 :  0.0507 0.0101 0.0671 0.0273 0.1346 0.4159 0.0390 0.1400 0.1152 
152      152   (0)      7 :  0.2185 0.1330 0.0488 0.1280 0.0325 0.0103 0.2542 0.0850 0.0897 
153      153   (0)      7 :  0.0000 0.0000 0.0500 0.0000 0.2688 0.6034 0.0000 0.0000 0.0778 
154      154   (0)      7 :  0.0872 0.0000 0.1690 0.2958 0.0063 0.0085 0.2461 0.0527 0.1344 
155      155   (0)      7 :  0.0044 0.0843 0.1023 0.0000 0.1115 0.3295 0.0340 0.0654 0.2686 
156      156   (0)      7 :  0.4754 0.0000 0.0314 0.0000 0.0323 0.0000 0.2627 0.1982 0.0000 
157      157   (0)      7 :  0.1416 0.0000 0.0500 0.0000 0.0000 0.0000 0.7572 0.0512 0.0000 
158      158   (0)      7 :  0.1939 0.2373 0.0292 0.0469 0.1576 0.0236 0.1810 0.1118 0.0187 
159      159   (0)      7 :  0.0351 0.0050 0.0397 0.0295 0.1497 0.4766 0.0682 0.1559 0.0402 
160      160   (0)      7 :  0.0904 0.0175 0.0397 0.2332 0.2466 0.1744 0.0994 0.0453 0.0535 
161      161   (0)      7 :  0.0000 0.0108 0.1181 0.0070 0.0829 0.5465 0.0161 0.0467 0.1719 
162      162   (0)      7 :  0.0888 0.3015 0.0447 0.1777 0.0535 0.0726 0.0233 0.0731 0.1648 
163      163   (0)      7 :  0.5863 0.0121 0.0150 0.0700 0.0598 0.0000 0.0943 0.1437 0.0187 
164      164   (0)      7 :  0.0483 0.1573 0.1701 0.0253 0.0385 0.1986 0.0572 0.1394 0.1652 
165      165   (0)      7 :  0.0225 0.1130 0.1089 0.0524 0.0656 0.2120 0.0000 0.1174 0.3081 
166      166   (0)      7 :  0.2184 0.1615 0.0207 0.1049 0.0342 0.0965 0.0166 0.1347 0.2125 
167      167   (0)      7 :  0.1414 0.0462 0.0591 0.2382 0.0000 0.0000 0.2929 0.1375 0.0847 
168      168   (0)      7 :  0.1163 0.2575 0.0800 0.0536 0.0213 0.0295 0.1303 0.1553 0.1561 
169      169   (0)      7 :  0.0319 0.0484 0.0155 0.0618 0.1047 0.5928 0.0132 0.0076 0.1240 
