1        1   (0)      1  : 0.0000 1.0000 0.0000 0.0000 0.0000 0.0000 0.0000
2        2   (0)      1  : 0.0000 0.0456 0.8400 0.0000 0.0000 0.1145 0.0000
3        3   (0)      1  : 0.0000 0.8826 0.0000 0.0000 0.1174 0.0000 0.0000
4        4   (0)      1  : 0.0000 0.0000 0.7419 0.0414 0.0064 0.2103 0.0000
5        5   (0)      1  : 0.0000 0.9483 0.0000 0.0000 0.0517 0.0000 0.0000
6        6   (0)      1  : 0.0000 0.7879 0.0000 0.0000 0.2121 0.0000 0.0000
7        7   (0)      1  : 0.0847 0.0474 0.8679 0.0000 0.0000 0.0000 0.0000
8        8   (0)      1  : 0.0000 0.0000 0.8750 0.0000 0.0000 0.1250 0.0000
9        9   (0)      1  : 0.0000 1.0000 0.0000 0.0000 0.0000 0.0000 0.0000
10       10   (0)      2  : 0.0000 0.0000 1.0000 0.0000 0.0000 0.0000 0.0000
11       11   (0)      2  : 0.0000 0.0000 0.9993 0.0007 0.0000 0.0000 0.0000
12       12   (0)      2  : 0.0000 0.0000 1.0000 0.0000 0.0000 0.0000 0.0000
13       13   (0)      3  : 0.0000 0.0000 0.0000 0.0000 0.7953 0.0000 0.2047
14       14   (0)      3  : 0.0000 0.0000 0.0000 0.0000 0.9962 0.0000 0.0038
15       15   (0)      3  : 0.0000 0.0000 0.0000 0.0000 1.0000 0.0000 0.0000
16       16   (0)      3  : 0.0000 0.0000 0.0000 0.0000 1.0000 0.0000 0.0000
17       17   (0)      3  : 0.0000 0.3759 0.0000 0.0000 0.4251 0.0000 0.1990
18       18   (0)      3  : 0.0000 0.0000 0.0000 0.0000 1.0000 0.0000 0.0000
19       19   (0)      3  : 0.0000 0.0000 0.6178 0.0309 0.0423 0.3089 0.0000
20       20   (0)      3  : 0.1536 0.0000 0.4346 0.0305 0.0000 0.3813 0.0000
21       21   (0)      2  : 0.0000 0.1397 0.8470 0.0000 0.0023 0.0000 0.0110
22       22   (0)      2  : 0.0000 0.0034 0.9896 0.0000 0.0000 0.0000 0.0070
23       23   (0)      2  : 0.0000 0.0000 1.0000 0.0000 0.0000 0.0000 0.0000
24       24   (0)      2  : 0.0000 0.0000 1.0000 0.0000 0.0000 0.0000 0.0000
25       25   (0)      2  : 0.0000 0.0000 1.0000 0.0000 0.0000 0.0000 0.0000
26       26   (0)      2  : 0.0000 0.0000 0.9258 0.0000 0.0349 0.0393 0.0000
27       27   (0)      2  : 0.0000 0.0000 0.9702 0.0000 0.0282 0.0000 0.0017
28       28   (0)      2  : 0.0055 0.0000 0.9945 0.0000 0.0000 0.0000 0.0000
29       29   (0)      2  : 0.0556 0.0612 0.8623 0.0208 0.0000 0.0000 0.0000
30       30   (0)      2  : 0.0000 0.0000 1.0000 0.0000 0.0000 0.0000 0.0000
31       31   (0)      2  : 0.0000 0.2322 0.6447 0.0000 0.1230 0.0000 0.0000
32       32   (0)      2  : 0.0208 0.0157 0.7142 0.0000 0.2013 0.0004 0.0476
33       33   (0)      2  : 0.0000 0.0000 0.9691 0.0000 0.0309 0.0000 0.0000
34       34   (0)      2  : 0.0000 0.0000 1.0000 0.0000 0.0000 0.0000 0.0000
35       35   (0)      2  : 0.0000 0.0000 1.0000 0.0000 0.0000 0.0000 0.0000
36       36   (0)      2  : 0.0000 0.0000 0.9614 0.0386 0.0000 0.0000 0.0000
37       37   (0)      2  : 0.0000 0.7100 0.0547 0.0000 0.2353 0.0000 0.0000
38       38   (0)      2  : 0.0433 0.0000 0.9388 0.0179 0.0000 0.0000 0.0000
39       39   (0)      2  : 0.0388 0.0328 0.8399 0.0112 0.0273 0.0454 0.0045
40       40   (0)      2  : 0.0000 0.0000 0.9625 0.0000 0.0375 0.0000 0.0000
41       41   (0)      2  : 0.0000 0.0000 0.9071 0.0000 0.0000 0.0000 0.0929
42       42   (0)      2  : 0.0000 0.0000 1.0000 0.0000 0.0000 0.0000 0.0000
43       43   (0)      4  : 1.0000 0.0000 0.0000 0.0000 0.0000 0.0000 0.0000
44       44   (0)      4  : 0.9642 0.0300 0.0000 0.0000 0.0000 0.0000 0.0058
45       45   (0)      4  : 0.9108 0.0000 0.0000 0.0892 0.0000 0.0000 0.0000
46       46   (0)      4  : 0.7830 0.0000 0.0000 0.0847 0.0000 0.1323 0.0000
47       47   (0)      4  : 0.9263 0.0315 0.0000 0.0000 0.0000 0.0000 0.0421
48       48   (0)      4  : 0.2476 0.0000 0.0000 0.0000 0.3979 0.0000 0.3545
49       49   (0)      4  : 0.1117 0.0000 0.0000 0.0000 0.5145 0.0000 0.3738
50       50   (0)      4  : 1.0000 0.0000 0.0000 0.0000 0.0000 0.0000 0.0000
51       51   (0)      4  : 0.9412 0.0000 0.0000 0.0000 0.0000 0.0588 0.0000
52       52   (0)      4  : 0.6527 0.0362 0.0396 0.2315 0.0220 0.0000 0.0179
53       53   (0)      4  : 0.7721 0.0000 0.0000 0.1516 0.0000 0.0000 0.0763
54       54   (0)      4  : 0.1135 0.0895 0.0000 0.0000 0.2360 0.0000 0.5610
55       55   (0)      4  : 0.1184 0.0569 0.0000 0.0000 0.3965 0.0000 0.4282
56       56   (0)      4  : 0.2603 0.0000 0.0000 0.0000 0.4994 0.0000 0.2403
57       57   (0)      4  : 0.8394 0.0000 0.0000 0.1606 0.0000 0.0000 0.0000
58       58   (0)      4  : 0.9578 0.0000 0.0000 0.0000 0.0000 0.0422 0.0000
59       59   (0)      4  : 1.0000 0.0000 0.0000 0.0000 0.0000 0.0000 0.0000
60       60   (0)      4  : 1.0000 0.0000 0.0000 0.0000 0.0000 0.0000 0.0000
61       61   (0)      4  : 0.9254 0.0000 0.0000 0.0000 0.0000 0.0746 0.0000
62       62   (0)      4  : 0.9821 0.0013 0.0049 0.0000 0.0000 0.0117 0.0000
63       63   (0)      4  : 1.0000 0.0000 0.0000 0.0000 0.0000 0.0000 0.0000
64       64   (0)      4  : 0.9796 0.0000 0.0000 0.0000 0.0000 0.0000 0.0204
65       65   (0)      4  : 0.0000 0.0309 0.0000 0.0000 0.4037 0.0000 0.5655
66       66   (0)      4  : 0.9278 0.0000 0.0000 0.0000 0.0000 0.0722 0.0000
67       67   (0)      4  : 0.8591 0.0000 0.0000 0.1409 0.0000 0.0000 0.0000
68       68   (0)      4  : 0.1672 0.0706 0.0000 0.0000 0.3935 0.0000 0.3687
69       69   (0)      4  : 0.9105 0.0000 0.0000 0.0000 0.0000 0.0895 0.0000
70       70   (0)      4  : 0.9970 0.0000 0.0000 0.0000 0.0000 0.0000 0.0030
71       71   (0)      4  : 0.0361 0.0000 0.0000 0.0000 0.4379 0.0000 0.5261
72       72   (0)      5  : 0.0000 0.0000 0.0000 0.0000 0.0000 1.0000 0.0000
73       73   (0)      5  : 0.0366 0.0000 0.0200 0.3839 0.0319 0.5277 0.0000
74       74   (0)      5  : 0.0750 0.0000 0.0000 0.1974 0.0000 0.7276 0.0000
75       75   (0)      5  : 0.0414 0.0000 0.0000 0.0000 0.0000 0.9586 0.0000
76       76   (0)      5  : 0.1484 0.0774 0.1181 0.2054 0.0000 0.4507 0.0000
77       77   (0)      5  : 0.0000 0.0000 0.0000 0.0799 0.0000 0.9201 0.0000
78       78   (0)      5  : 0.0000 0.0000 0.0000 0.0000 0.0000 1.0000 0.0000
79       79   (0)      5  : 0.0000 0.0000 0.0000 0.0000 0.0000 1.0000 0.0000
80       80   (0)      5  : 0.0000 0.0000 0.0000 0.0240 0.7136 0.0954 0.1671
81       81   (0)      5  : 0.0000 0.0000 0.0000 0.0000 0.5055 0.4945 0.0000
82       82   (0)      5  : 0.2631 0.0000 0.0000 0.2381 0.0000 0.4988 0.0000
83       83   (0)      5  : 0.0000 0.0000 0.0000 0.0025 0.0000 0.9975 0.0000
84       84   (0)      5  : 0.0000 0.0000 0.0000 0.0000 0.0000 1.0000 0.0000
85       85   (0)      5  : 0.0000 0.0000 0.0000 0.0000 0.0000 1.0000 0.0000
86       86   (0)      5  : 0.0000 0.0000 0.0000 0.0000 0.0000 1.0000 0.0000
87       87   (0)      5  : 0.0000 0.0000 0.0000 0.0000 0.0000 1.0000 0.0000
88       88   (0)      5  : 0.0000 0.0000 0.0000 0.0000 0.0000 1.0000 0.0000
89       89   (0)      5  : 0.0000 0.0000 0.0000 0.0000 0.0000 1.0000 0.0000
90       90   (0)      5  : 0.0000 0.0000 0.0000 0.0000 0.0000 1.0000 0.0000
91       91   (0)      5  : 0.0000 0.0000 0.0000 0.0000 0.0000 1.0000 0.0000
92       92   (0)      5  : 0.0000 0.0000 0.0000 0.0000 0.6838 0.1873 0.1290
93       93   (0)      5  : 0.0672 0.0000 0.0000 0.0433 0.0000 0.8889 0.0006
94       94   (0)      5  : 0.0289 0.0000 0.0000 0.2889 0.0000 0.6822 0.0000
95       95   (0)      5  : 0.1642 0.0000 0.0000 0.0730 0.0000 0.7628 0.0000
96       96   (0)      5  : 0.1408 0.0000 0.0012 0.1946 0.0000 0.6633 0.0000
97       97   (0)      6  : 0.1556 0.0000 0.3909 0.0000 0.0127 0.4409 0.0000
98       98   (0)      6  : 0.0000 0.0000 0.8300 0.0389 0.0000 0.1311 0.0000
99       99   (0)      6  : 0.0000 0.7455 0.0000 0.0000 0.1169 0.0000 0.1376
100      100   (0)      6  : 0.1675 0.0000 0.6055 0.0000 0.0096 0.2174 0.0000
101      101   (0)      6  : 0.0000 0.2127 0.0000 0.0000 0.7873 0.0000 0.0000
102      102   (0)      6  : 0.0000 0.8178 0.0000 0.0000 0.0629 0.0000 0.1193
103      103   (0)      6  : 0.0000 0.4066 0.0000 0.0000 0.5793 0.0000 0.0141
104      104   (0)      6  : 0.0943 0.0991 0.3325 0.0540 0.0809 0.3393 0.0000
105      105   (0)      6  : 0.0000 0.6895 0.0000 0.0000 0.3105 0.0000 0.0000
106      106   (0)      6  : 0.0000 0.0000 0.6888 0.0000 0.0000 0.3112 0.0000
107      107   (0)      3  : 0.0000 0.2450 0.0000 0.0000 0.7550 0.0000 0.0000
108      108   (0)      3  : 0.1773 0.0002 0.2888 0.0991 0.0134 0.4213 0.0000
109      109   (0)      3  : 0.0000 0.0000 0.0000 0.0000 1.0000 0.0000 0.0000
110      110   (0)      2  : 0.0000 0.0000 1.0000 0.0000 0.0000 0.0000 0.0000
111      111   (0)      2  : 0.0000 0.4281 0.0000 0.0000 0.5719 0.0000 0.0000
112      112   (0)      3  : 0.0000 0.0000 0.0000 0.0000 1.0000 0.0000 0.0000
113      113   (0)      2  : 0.0000 0.0000 1.0000 0.0000 0.0000 0.0000 0.0000
114      114   (0)      2  : 0.0000 0.3685 0.0000 0.0000 0.6315 0.0000 0.0000
115      115   (0)      3  : 0.0000 0.1502 0.0000 0.0000 0.8498 0.0000 0.0000
116      116   (0)      3  : 0.0000 0.0000 0.0000 0.0000 0.9827 0.0000 0.0173
117      117   (0)      3  : 0.0000 0.0017 0.0000 0.0000 0.8739 0.0000 0.1245
118      118   (0)      3  : 0.0000 0.1441 0.0000 0.0000 0.8559 0.0000 0.0000
119      119   (0)      3  : 0.0000 0.1488 0.0000 0.0000 0.8512 0.0000 0.0000
120      120   (0)      3  : 0.0695 0.0000 0.5210 0.0008 0.0000 0.4087 0.0000
121      121   (0)      3  : 0.0000 0.0000 0.0000 0.0000 1.0000 0.0000 0.0000
122      122   (0)      3  : 0.0000 0.1557 0.0000 0.0179 0.7305 0.0000 0.0959
123      123   (0)      3  : 0.0000 0.0379 0.0000 0.1241 0.7502 0.0000 0.0877
124      124   (0)      3  : 0.0000 0.0000 0.0000 0.0000 1.0000 0.0000 0.0000
125      125   (0)      3  : 0.1001 0.0000 0.6702 0.0272 0.0355 0.1670 0.0000
126      126   (0)      3  : 0.0000 0.0000 0.0000 0.0000 1.0000 0.0000 0.0000
127      127   (0)      3  : 0.0000 0.0000 0.7166 0.0000 0.0000 0.2834 0.0000
128      128   (0)      3  : 0.0000 0.0000 0.0000 0.0000 1.0000 0.0000 0.0000
129      129   (0)      6  : 0.0010 0.2100 0.0765 0.0000 0.7125 0.0000 0.0000
130      130   (0)      6  : 0.0037 0.0000 0.4927 0.1738 0.0000 0.3297 0.0000
131      131   (0)      6  : 0.0000 0.3495 0.0000 0.0000 0.5928 0.0000 0.0577
132      132   (0)      6  : 0.0000 0.0000 0.6978 0.0000 0.0000 0.3022 0.0000
133      133   (0)      6  : 0.0000 1.0000 0.0000 0.0000 0.0000 0.0000 0.0000
134      134   (0)      6  : 0.0000 0.3640 0.0278 0.0000 0.6076 0.0006 0.0000
135      135   (0)      6  : 0.0000 0.3407 0.0000 0.0000 0.6593 0.0000 0.0000
136      136   (0)      6  : 0.0000 0.3920 0.0000 0.0000 0.5833 0.0000 0.0248
137      137   (0)      6  : 0.0000 0.4036 0.0000 0.0000 0.5964 0.0000 0.0000
138      138   (0)      6  : 0.0000 0.3790 0.0000 0.0000 0.6210 0.0000 0.0000
139      139   (0)      6  : 0.0000 0.1504 0.0000 0.0000 0.7894 0.0602 0.0000
140      140   (0)      6  : 0.1186 0.0000 0.6047 0.1256 0.0319 0.1193 0.0000
141      141   (0)      1  : 0.0000 0.0000 0.9358 0.0000 0.0000 0.0642 0.0000
142      142   (0)      1  : 0.0000 0.3836 0.0857 0.0000 0.5307 0.0000 0.0000
143      143   (0)      1  : 0.0000 0.0000 0.8489 0.1511 0.0000 0.0000 0.0000
144      144   (0)      1  : 0.0000 0.0000 0.9497 0.0140 0.0000 0.0000 0.0362
145      145   (0)      1  : 0.0000 0.0000 0.9478 0.0000 0.0000 0.0522 0.0000
146      146   (0)      1  : 0.0000 1.0000 0.0000 0.0000 0.0000 0.0000 0.0000
147      147   (0)      6  : 0.0000 0.5220 0.0000 0.0000 0.4780 0.0000 0.0000
148      148   (0)      6  : 0.0000 0.0476 0.7166 0.0000 0.0000 0.2359 0.0000
149      149   (0)      6  : 0.0015 0.7425 0.0241 0.0006 0.1251 0.0000 0.1062
150      150   (0)      6  : 0.0564 0.5520 0.0063 0.0000 0.3852 0.0000 0.0000
151      151   (0)      6  : 0.0000 0.9555 0.0000 0.0000 0.0445 0.0000 0.0000
152      152   (0)      6  : 0.0000 0.3744 0.0000 0.0000 0.6256 0.0000 0.0000
153      153   (0)      6  : 0.0713 0.0000 0.4595 0.0000 0.0000 0.4692 0.0000
154      154   (0)      1  : 0.0000 0.0000 1.0000 0.0000 0.0000 0.0000 0.0000
155      155   (0)      1  : 0.0000 1.0000 0.0000 0.0000 0.0000 0.0000 0.0000
156      156   (0)      1  : 0.0000 1.0000 0.0000 0.0000 0.0000 0.0000 0.0000
157      157   (0)      1  : 0.0000 1.0000 0.0000 0.0000 0.0000 0.0000 0.0000
158      158   (0)      1  : 0.0000 0.0173 0.9827 0.0000 0.0000 0.0000 0.0000
159      159   (0)      1  : 0.0000 0.0000 0.9717 0.0000 0.0000 0.0283 0.0000
160      160   (0)      1  : 0.0000 0.0000 0.9676 0.0305 0.0000 0.0019 0.0000
161      161   (0)      1  : 0.0000 1.0000 0.0000 0.0000 0.0000 0.0000 0.0000
162      162   (0)      1  : 0.0000 0.0000 0.9046 0.0000 0.0000 0.0954 0.0000
163      163   (0)      1  : 0.0000 0.0000 0.9902 0.0000 0.0000 0.0000 0.0098
164      164   (0)      1  : 0.0000 1.0000 0.0000 0.0000 0.0000 0.0000 0.0000
165      165   (0)      1  : 0.0000 1.0000 0.0000 0.0000 0.0000 0.0000 0.0000
166      166   (0)      1  : 0.0000 0.0279 0.8302 0.0000 0.0000 0.1419 0.0000
167      167   (0)      1  : 0.0000 1.0000 0.0000 0.0000 0.0000 0.0000 0.0000
168      168   (0)      7  : 0.0000 0.0000 0.3419 0.6122 0.0000 0.0458 0.0000
169      169   (0)      7  : 0.0000 0.0000 0.1563 0.7156 0.0000 0.1281 0.0000
170      170   (0)      7  : 0.0000 0.0702 0.0000 0.8096 0.0000 0.0000 0.1202
171      171   (0)      7  : 0.0000 0.0210 0.0000 0.8307 0.0000 0.0000 0.1482
172      172   (0)      7  : 0.0000 0.0000 0.0000 1.0000 0.0000 0.0000 0.0000
173      173   (0)      7  : 0.0000 0.0000 0.0000 0.8119 0.0000 0.1881 0.0000
174      174   (0)      7  : 0.0000 0.0000 0.0000 1.0000 0.0000 0.0000 0.0000
175      175   (0)      7  : 0.0000 0.0000 0.0000 0.0000 0.0000 0.0000 1.0000
176      176   (0)      7  : 0.0000 0.0000 0.0000 1.0000 0.0000 0.0000 0.0000
177      177   (0)      7  : 0.0000 0.0000 0.0000 1.0000 0.0000 0.0000 0.0000
178      178   (0)      7  : 0.0000 0.0000 0.0000 0.0000 0.1121 0.0000 0.8879
179      179   (0)      7  : 0.0000 0.0000 0.0000 0.0000 0.0000 0.0000 1.0000
180      180   (0)      7  : 0.0000 0.0000 0.0000 1.0000 0.0000 0.0000 0.0000
181      181   (0)      7  : 0.0080 0.0000 0.0000 0.9428 0.0000 0.0492 0.0000
182      182   (0)      7  : 0.0000 0.0000 0.0000 0.9133 0.0000 0.0867 0.0000
183      183   (0)      7  : 0.0000 0.0000 0.0000 0.7714 0.0000 0.0000 0.2286
184      184   (0)      7  : 0.0000 0.0000 0.0000 0.0000 0.0000 0.0000 1.0000
185      185   (0)      7  : 0.0000 0.0000 0.0000 1.0000 0.0000 0.0000 0.0000
186      186   (0)      7  : 0.0000 0.0000 0.0000 0.0000 0.0000 0.0000 1.0000
187      187   (0)      7  : 0.0000 0.0000 0.0000 0.8716 0.0000 0.1284 0.0000
188      188   (0)      7  : 0.0000 0.0000 0.0000 0.0000 0.0000 0.0000 1.0000
189      189   (0)      7  : 0.0000 0.0000 0.0000 0.5887 0.0000 0.1332 0.2780
190      190   (0)      7  : 0.0000 0.0000 0.0797 0.6650 0.0000 0.1485 0.1068
191      191   (0)      7  : 0.0000 0.0000 0.0000 1.0000 0.0000 0.0000 0.0000
192      192   (0)      7  : 0.0566 0.0000 0.0000 0.6175 0.0000 0.0000 0.3259
193      193   (0)      7  : 0.0327 0.0000 0.0000 0.9435 0.0000 0.0000 0.0238
194      194   (0)      7  : 0.0000 0.0000 0.0000 0.0000 0.0000 0.0000 1.0000
195      195   (0)      7  : 0.0000 0.0000 0.0000 0.7341 0.0000 0.2304 0.0355
196      196   (0)      7  : 0.0000 0.0000 0.0000 0.0000 0.0000 0.0000 1.0000
197      197   (0)      7  : 0.0000 0.0000 0.0000 0.0000 0.0000 0.0000 1.0000
