1        1   (0)      1  : 0.1334 0.0411 0.0232 0.0790 0.1485 0.0000 0.1970 0.0800 0.2978
2        2   (0)      1  : 0.0000 0.0000 0.0133 0.0729 0.0935 0.0114 0.4074 0.4015 0.0000
3        3   (0)      1  : 0.1574 0.0000 0.0904 0.0000 0.0651 0.0014 0.5602 0.1256 0.0000
4        4   (0)      1  : 0.2272 0.0000 0.0000 0.0000 0.0749 0.0000 0.0706 0.5799 0.0473
5        5   (0)      1  : 0.0961 0.1881 0.1586 0.2724 0.0412 0.0299 0.1789 0.0347 0.0001
6        6   (0)      1  : 0.0597 0.0000 0.0810 0.0750 0.3333 0.0373 0.0000 0.4070 0.0066
7        7   (0)      1  : 0.0000 0.0142 0.0926 0.0646 0.6667 0.0000 0.0575 0.0099 0.0946
8        8   (0)      1  : 0.0593 0.0000 0.5223 0.0564 0.1794 0.0000 0.1035 0.0791 0.0000
9        9   (0)      1  : 0.0000 0.5910 0.0000 0.1463 0.0101 0.0000 0.1527 0.0718 0.0281
10       10   (0)      1  : 0.4755 0.1908 0.0000 0.0000 0.0000 0.0000 0.2765 0.0530 0.0042
11       11   (0)      1  : 0.0000 1.0000 0.0000 0.0000 0.0000 0.0000 0.0000 0.0000 0.0000
12       12   (0)      1  : 0.0000 0.2773 0.1179 0.0000 0.0000 0.0000 0.5534 0.0513 0.0000
13       13   (0)      2  : 0.0000 0.0000 0.3016 0.0000 0.0000 0.0489 0.0022 0.1531 0.4942
14       14   (0)      2  : 0.0000 1.0000 0.0000 0.0000 0.0000 0.0000 0.0000 0.0000 0.0000
15       15   (0)      2  : 0.0000 0.8817 0.0000 0.0000 0.0000 0.0000 0.0000 0.0000 0.1183
16       16   (0)      2  : 0.0000 0.0996 0.0000 0.0000 0.0000 0.0000 0.0000 0.0000 0.9004
17       17   (0)      2  : 0.0000 0.4784 0.0000 0.1112 0.1905 0.0319 0.0740 0.1140 0.0000
18       18   (0)      2  : 0.0000 0.3514 0.0000 0.0000 0.0000 0.0477 0.0488 0.0000 0.5522
19       19   (0)      2  : 0.0000 0.0000 0.0000 0.0000 0.0000 0.0000 0.0000 0.0000 1.0000
20       20   (0)      2  : 0.1149 0.0691 0.2726 0.0473 0.0589 0.0000 0.1832 0.0979 0.1562
21       21   (0)      2  : 0.0018 0.0000 0.0000 0.1872 0.2836 0.3332 0.0125 0.1817 0.0000
22       22   (0)      2  : 0.0684 0.1198 0.0245 0.0000 0.0888 0.0827 0.1570 0.1519 0.3069
23       23   (0)      2  : 0.0000 0.4625 0.2625 0.0010 0.0682 0.0000 0.0000 0.0577 0.1480
24       24   (0)      2  : 0.0000 0.0000 0.1882 0.3694 0.2580 0.0381 0.1463 0.0000 0.0000
25       25   (0)      2  : 0.0000 0.3875 0.1770 0.4355 0.0000 0.0000 0.0000 0.0000 0.0000
26       26   (0)      2  : 0.0000 0.2215 0.2286 0.0000 0.0000 0.0000 0.4152 0.1347 0.0000
27       27   (0)      2  : 0.0473 0.0000 0.0686 0.1541 0.0000 0.0000 0.5397 0.1426 0.0477
28       28   (0)      2  : 0.0000 0.3687 0.1142 0.0001 0.0000 0.0286 0.0000 0.0000 0.4883
29       29   (0)      2  : 0.0348 0.0000 0.3099 0.1931 0.1366 0.1006 0.2023 0.0000 0.0228
30       30   (0)      2  : 0.0320 0.0586 0.0778 0.1872 0.1475 0.0000 0.0767 0.0000 0.4203
31       31   (0)      2  : 0.0380 0.2046 0.0000 0.2252 0.0630 0.1962 0.0749 0.1376 0.0604
32       32   (0)      2  : 0.1265 0.1384 0.0000 0.0000 0.0763 0.2554 0.2210 0.0961 0.0863
33       33   (0)      2  : 0.0000 0.0000 0.0000 0.0000 0.0000 0.0000 0.0000 0.0000 1.0000
34       34   (0)      3  : 0.1529 0.0000 0.0985 0.1963 0.1038 0.0000 0.3778 0.0708 0.0000
35       35   (0)      3  : 0.0000 0.0000 0.0000 0.9044 0.0000 0.0000 0.0000 0.0956 0.0000
36       36   (0)      3  : 0.0494 0.0000 0.0000 0.1860 0.2402 0.5097 0.0000 0.0000 0.0147
37       37   (0)      3  : 0.0000 0.0000 0.0000 0.0000 0.2752 0.0000 0.1804 0.5221 0.0223
38       38   (0)      3  : 0.2977 0.0018 0.3257 0.0000 0.0000 0.0000 0.0000 0.3546 0.0203
39       39   (0)      3  : 0.4620 0.0000 0.0000 0.0000 0.0000 0.0000 0.0000 0.5149 0.0232
40       40   (0)      3  : 0.0509 0.0000 0.5958 0.0000 0.0002 0.2972 0.0498 0.0061 0.0000
41       41   (0)      3  : 0.1602 0.0000 0.2028 0.1986 0.0964 0.0000 0.2515 0.0000 0.0907
42       42   (0)      3  : 0.0000 0.0000 0.0432 0.4454 0.2138 0.0227 0.0000 0.0507 0.2242
43       43   (0)      3  : 0.0000 0.0000 0.1382 0.1960 0.0000 0.6658 0.0000 0.0000 0.0000
44       44   (0)      3  : 0.0000 0.0338 0.5621 0.2056 0.0000 0.0760 0.0000 0.0763 0.0461
45       45   (0)      3  : 0.0000 0.0000 0.5521 0.1604 0.0000 0.2807 0.0000 0.0068 0.0000
46       46   (0)      3  : 0.5864 0.0046 0.1867 0.0000 0.0000 0.0056 0.0797 0.1370 0.0000
47       47   (0)      3  : 0.2236 0.1097 0.0000 0.0000 0.0000 0.2877 0.0555 0.1877 0.1357
48       48   (0)      3  : 0.0000 0.0000 0.1019 0.1360 0.0955 0.0000 0.0000 0.6667 0.0000
49       49   (0)      3  : 0.0000 0.0000 0.8276 0.0829 0.0000 0.0000 0.0895 0.0000 0.0000
50       50   (0)      3  : 0.0000 0.0000 0.0000 0.0806 0.1188 0.7027 0.0000 0.0979 0.0000
51       51   (0)      3  : 0.4283 0.0000 0.0000 0.0000 0.0000 0.0839 0.1196 0.3682 0.0000
52       52   (0)      3  : 0.0289 0.2803 0.0731 0.1358 0.0798 0.2079 0.0000 0.1558 0.0383
53       53   (0)      3  : 0.0000 0.0307 0.0000 0.1201 0.1161 0.3333 0.3333 0.0664 0.0000
54       54   (0)      3  : 0.4658 0.0377 0.1632 0.0000 0.0000 0.0000 0.0000 0.3333 0.0000
55       55   (0)      3  : 0.0000 0.0425 0.5173 0.0740 0.2206 0.0000 0.0000 0.1340 0.0116
56       56   (0)      3  : 0.1578 0.0000 0.1697 0.0000 0.0890 0.3790 0.0988 0.1057 0.0000
57       57   (0)      3  : 0.3960 0.0000 0.0000 0.0000 0.3836 0.1263 0.0000 0.0941 0.0000
58       58   (0)      3  : 0.3333 0.0000 0.6667 0.0000 0.0000 0.0000 0.0000 0.0000 0.0000
59       59   (0)      3  : 0.0853 0.0594 0.0000 0.0000 0.0000 0.7214 0.0000 0.1339 0.0000
60       60   (0)      4  : 0.1268 0.0733 0.0000 0.0000 0.0000 0.0000 0.0728 0.1258 0.6013
61       61   (0)      4  : 0.0518 0.3218 0.0000 0.1652 0.0000 0.0761 0.0000 0.0000 0.3851
62       62   (0)      4  : 0.0871 0.0841 0.0232 0.1321 0.0826 0.3346 0.0218 0.1467 0.0879
63       63   (0)      4  : 0.0850 0.0152 0.0562 0.1417 0.4112 0.0000 0.1314 0.1431 0.0162
64       64   (0)      4  : 0.0000 0.0000 0.0000 0.3333 0.0000 0.5547 0.0000 0.0608 0.0511
65       65   (0)      4  : 0.0000 0.0534 0.0686 0.0426 0.0179 0.3666 0.0816 0.3693 0.0000
66       66   (0)      4  : 0.0000 0.0000 0.0000 0.0809 0.0000 0.5473 0.0000 0.3401 0.0316
67       67   (0)      4  : 0.1550 0.1132 0.0192 0.0737 0.1579 0.1416 0.0637 0.1045 0.1712
68       68   (0)      4  : 0.1277 0.0000 0.0176 0.0226 0.1494 0.1696 0.2410 0.2059 0.0662
69       69   (0)      4  : 0.1234 0.0000 0.1255 0.4101 0.1860 0.0000 0.0000 0.1549 0.0000
70       70   (0)      4  : 0.0680 0.1778 0.0542 0.0000 0.0000 0.1638 0.1012 0.0010 0.4339
71       71   (0)      4  : 0.2363 0.0000 0.0186 0.0886 0.0588 0.0899 0.1857 0.3221 0.0000
72       72   (0)      4  : 0.0000 0.2546 0.0251 0.1481 0.2814 0.0000 0.0000 0.0331 0.2578
73       73   (0)      4  : 0.0000 0.0000 0.4449 0.2154 0.1381 0.1839 0.0176 0.0000 0.0000
74       74   (0)      4  : 0.0650 0.0000 0.1310 0.3283 0.0496 0.1280 0.1174 0.1808 0.0000
75       75   (0)      4  : 0.0000 0.0000 0.0206 0.4430 0.2417 0.0655 0.0000 0.2293 0.0000
76       76   (0)      4  : 0.0173 0.0200 0.1140 0.4088 0.0811 0.0854 0.0906 0.1828 0.0000
77       77   (0)      4  : 0.2306 0.0620 0.3151 0.0922 0.1135 0.0312 0.0579 0.0975 0.0000
78       78   (0)      4  : 0.3379 0.0144 0.0396 0.1186 0.2912 0.0153 0.1830 0.0000 0.0000
79       79   (0)      4  : 0.2061 0.0000 0.0745 0.2117 0.1805 0.1000 0.1897 0.0376 0.0000
80       80   (0)      4  : 0.0661 0.0000 0.0460 0.2357 0.1282 0.1511 0.0899 0.2830 0.0000
81       81   (0)      4  : 0.1013 0.1833 0.0000 0.0748 0.0000 0.0000 0.1048 0.0509 0.4848
82       82   (0)      4  : 0.1928 0.0619 0.0758 0.0796 0.0000 0.0000 0.4502 0.1397 0.0000
83       83   (0)      4  : 0.2487 0.0000 0.0133 0.0648 0.1091 0.1564 0.3050 0.1027 0.0000
84       84   (0)      4  : 0.0269 0.0000 0.1529 0.0143 0.1498 0.4099 0.0251 0.1387 0.0824
85       85   (0)      4  : 0.0000 0.4723 0.1137 0.2440 0.0000 0.0000 0.0351 0.0000 0.1349
86       86   (0)      5  : 0.2521 0.0736 0.0901 0.0000 0.0000 0.2573 0.2001 0.0906 0.0363
87       87   (0)      5  : 0.0000 0.0768 0.3456 0.2480 0.1003 0.0863 0.0000 0.1153 0.0277
88       88   (0)      5  : 0.0145 0.0000 0.0892 0.0000 0.0423 0.3373 0.1817 0.1872 0.1478
89       89   (0)      5  : 0.0965 0.0140 0.3433 0.0000 0.1162 0.1907 0.2393 0.0000 0.0000
90       90   (0)      5  : 0.4471 0.0000 0.1183 0.0000 0.0000 0.0000 0.4346 0.0000 0.0000
91       91   (0)      5  : 0.2723 0.0000 0.4855 0.0000 0.0000 0.0871 0.0000 0.0000 0.1551
92       92   (0)      5  : 0.2294 0.0000 0.0626 0.2034 0.0639 0.1943 0.0881 0.1582 0.0000
93       93   (0)      5  : 0.0000 0.0000 0.9335 0.0000 0.0000 0.0000 0.0665 0.0000 0.0000
94       94   (0)      5  : 0.2250 0.0000 0.0000 0.0167 0.1734 0.0680 0.0000 0.4468 0.0701
95       95   (0)      5  : 0.0000 0.4626 0.1551 0.0000 0.0000 0.1095 0.2121 0.0000 0.0607
96       96   (0)      5  : 0.2551 0.0000 0.3567 0.1000 0.0686 0.1199 0.0020 0.0978 0.0000
97       97   (0)      5  : 0.0915 0.0756 0.0805 0.2530 0.4227 0.0000 0.0293 0.0000 0.0475
98       98   (0)      5  : 0.0729 0.0000 0.0000 0.0000 0.0000 0.3144 0.1298 0.2786 0.2043
99       99   (0)      5  : 0.1503 0.0000 0.0000 0.6230 0.0000 0.0000 0.2267 0.0000 0.0000
100      100   (0)      5  : 0.0000 0.0000 0.0000 0.0000 0.2031 0.7755 0.0214 0.0000 0.0000
101      101   (0)      5  : 0.1910 0.0000 0.4503 0.0000 0.0195 0.2228 0.0017 0.1134 0.0013
102      102   (0)      5  : 0.1196 0.0000 0.6678 0.0761 0.0000 0.0000 0.0223 0.1141 0.0000
103      103   (0)      5  : 0.0481 0.0000 0.2554 0.0000 0.0000 0.4273 0.0544 0.1920 0.0228
104      104   (0)      5  : 0.0000 0.0887 0.2167 0.1407 0.0697 0.1266 0.1113 0.1614 0.0849
105      105   (0)      5  : 0.4724 0.0000 0.0858 0.0665 0.0086 0.0405 0.0259 0.3003 0.0000
106      106   (0)      5  : 0.0609 0.0000 0.0000 0.5544 0.1188 0.0743 0.0444 0.0661 0.0811
107      107   (0)      5  : 0.5395 0.0096 0.1494 0.0728 0.0394 0.0237 0.0527 0.0733 0.0396
108      108   (0)      5  : 0.1800 0.0000 0.2612 0.0024 0.2031 0.0693 0.0974 0.0383 0.1483
109      109   (0)      5  : 0.0758 0.0929 0.4696 0.0394 0.0260 0.0000 0.0811 0.0000 0.2153
110      110   (0)      5  : 0.0431 0.0000 0.1619 0.0967 0.2406 0.0000 0.0841 0.2509 0.1227
111      111   (0)      5  : 0.0000 0.0000 0.1355 0.4366 0.0000 0.2614 0.0000 0.1665 0.0000
112      112   (0)      5  : 0.2278 0.0000 0.1756 0.3457 0.1564 0.0404 0.0022 0.0519 0.0000
113      113   (0)      4  : 0.0526 0.0000 0.4910 0.0887 0.0843 0.0978 0.0033 0.1822 0.0000
114      114   (0)      6  : 0.0385 0.1164 0.1497 0.1216 0.2171 0.1482 0.0784 0.1300 0.0000
115      115   (0)      6  : 0.0746 0.3281 0.0000 0.1165 0.0063 0.0864 0.0888 0.2994 0.0000
116      116   (0)      6  : 0.0000 0.1804 0.0000 0.0000 0.1771 0.2165 0.1605 0.0000 0.2654
117      117   (0)      6  : 0.0000 0.2271 0.0000 0.0000 0.1895 0.0000 0.0298 0.0000 0.5536
118      118   (0)      6  : 0.1660 0.4606 0.1313 0.0913 0.1366 0.0000 0.0142 0.0000 0.0000
119      119   (0)      6  : 0.0000 0.5895 0.0000 0.0000 0.0000 0.0000 0.0772 0.0000 0.3333
120      120   (0)      6  : 0.0524 0.0000 0.0403 0.2170 0.3681 0.0218 0.0843 0.2161 0.0000
121      121   (0)      6  : 0.0917 0.0000 0.0000 0.2509 0.0000 0.0814 0.0435 0.3907 0.1418
122      122   (0)      6  : 0.0000 0.0000 0.4969 0.1830 0.0392 0.0000 0.0347 0.2463 0.0000
123      123   (0)      6  : 0.0000 0.1246 0.0992 0.0000 0.7221 0.0000 0.0000 0.0528 0.0012
124      124   (0)      6  : 0.0000 0.0000 0.1978 0.1355 0.0000 0.0000 0.0000 0.6667 0.0000
125      125   (0)      6  : 0.0131 0.0257 0.4726 0.1466 0.1327 0.0000 0.1912 0.0000 0.0180
126      126   (0)      6  : 0.1312 0.0000 0.4598 0.1261 0.1638 0.0000 0.0259 0.0932 0.0000
127      127   (0)      6  : 0.0000 0.0637 0.0451 0.0000 0.0886 0.0271 0.0000 0.2546 0.5209
128      128   (0)      6  : 0.0936 0.0000 0.6797 0.0000 0.0803 0.0000 0.0000 0.1464 0.0000
129      129   (0)      6  : 0.4465 0.0000 0.0000 0.0637 0.3333 0.1564 0.0000 0.0000 0.0000
130      130   (0)      6  : 0.0000 0.0000 0.1094 0.0517 0.7496 0.0000 0.0000 0.0000 0.0893
131      131   (0)      6  : 0.0000 0.5077 0.0000 0.0502 0.0394 0.0000 0.2171 0.1178 0.0678
132      132   (0)      6  : 0.2330 0.0092 0.2051 0.2783 0.0272 0.0450 0.1218 0.0578 0.0227
133      133   (0)      6  : 0.1401 0.0000 0.3263 0.1158 0.0000 0.0000 0.2336 0.1842 0.0000
134      134   (0)      6  : 0.1202 0.0904 0.1391 0.0768 0.0240 0.2792 0.0351 0.2069 0.0284
135      135   (0)      6  : 0.0000 0.0882 0.0000 0.1407 0.0000 0.0968 0.0000 0.0000 0.6743
136      136   (0)      6  : 0.2559 0.0545 0.1469 0.1556 0.0474 0.1228 0.0972 0.0274 0.0923
137      137   (0)      6  : 0.1664 0.0944 0.2236 0.1563 0.0556 0.1087 0.0902 0.0623 0.0426
138      138   (0)      6  : 0.0249 0.0000 0.0000 0.4740 0.0900 0.0780 0.1162 0.2169 0.0000
139      139   (0)      6  : 0.1868 0.0695 0.0403 0.0000 0.2033 0.4850 0.0150 0.0000 0.0000
140      140   (0)      6  : 0.0968 0.0000 0.0450 0.0222 0.0369 0.0838 0.0000 0.2434 0.4719
141      141   (0)      6  : 0.1251 0.0874 0.0000 0.1135 0.0001 0.0000 0.5620 0.0000 0.1120
142      142   (0)      7  : 0.0792 0.0000 0.0829 0.1695 0.1549 0.2369 0.1057 0.1709 0.0000
143      143   (0)      7  : 0.0000 0.0000 0.0000 0.0000 0.0000 0.0000 0.0000 0.0000 1.0000
144      144   (0)      7  : 0.1443 0.0663 0.0000 0.1842 0.2307 0.2397 0.0625 0.0359 0.0364
145      145   (0)      7  : 0.0000 0.0000 0.0382 0.1245 0.0988 0.1772 0.0527 0.5023 0.0064
146      146   (0)      7  : 0.0386 0.0914 0.2053 0.0557 0.1051 0.0565 0.2792 0.0402 0.1281
147      147   (0)      7  : 0.6793 0.0000 0.1917 0.0000 0.0000 0.0000 0.0000 0.1290 0.0000
148      148   (0)      7  : 0.0364 0.0000 0.0000 0.0469 0.1168 0.1546 0.1491 0.4962 0.0000
149      149   (0)      7  : 0.1551 0.4378 0.0004 0.0000 0.0242 0.0684 0.0000 0.0000 0.3140
150      150   (0)      7  : 0.0259 0.1100 0.0000 0.0000 0.0000 0.0394 0.7859 0.0389 0.0000
151      151   (0)      7  : 0.0000 0.2691 0.0000 0.0000 0.1012 0.1056 0.0685 0.1553 0.3003
152      152   (0)      7  : 0.0965 0.0000 0.2339 0.0679 0.0000 0.5083 0.0000 0.0626 0.0308
153      153   (0)      7  : 0.0000 1.0000 0.0000 0.0000 0.0000 0.0000 0.0000 0.0000 0.0000
154      154   (0)      7  : 0.0783 0.0419 0.5020 0.0000 0.0000 0.3333 0.0000 0.0000 0.0445
155      155   (0)      7  : 0.0000 0.3770 0.0000 0.0000 0.1671 0.0000 0.3333 0.1225 0.0000
156      156   (0)      7  : 0.4073 0.0000 0.0000 0.0000 0.0000 0.2678 0.2097 0.1152 0.0000
157      157   (0)      7  : 1.0000 0.0000 0.0000 0.0000 0.0000 0.0000 0.0000 0.0000 0.0000
158      158   (0)      7  : 0.1664 0.0205 0.1433 0.1108 0.1198 0.2540 0.0691 0.0279 0.0882
159      159   (0)      7  : 0.0020 0.4671 0.0000 0.0000 0.0000 0.0000 0.0098 0.2917 0.2293
160      160   (0)      7  : 0.0349 0.3710 0.3478 0.0000 0.0085 0.0787 0.0227 0.1364 0.0000
161      161   (0)      7  : 0.0000 0.3510 0.0000 0.0000 0.1001 0.0000 0.1282 0.0632 0.3575
162      162   (0)      7  : 0.0000 0.0610 0.1296 0.5855 0.1786 0.0000 0.0000 0.0000 0.0453
163      163   (0)      7  : 0.0000 0.0000 0.0561 0.0000 0.1250 0.7353 0.0525 0.0311 0.0000
164      164   (0)      7  : 0.0000 0.0848 0.0000 0.1664 0.4232 0.0765 0.0762 0.0644 0.1085
165      165   (0)      7  : 0.0000 0.1900 0.0000 0.0736 0.5507 0.0000 0.0869 0.0399 0.0589
166      166   (0)      7  : 0.0000 0.1225 0.0000 0.3197 0.2929 0.2648 0.0000 0.0000 0.0000
167      167   (0)      7  : 0.0000 0.0000 0.4683 0.0000 0.0000 0.3481 0.0000 0.1835 0.0000
168      168   (0)      7  : 0.1132 0.0313 0.0101 0.2301 0.1698 0.3268 0.0000 0.1011 0.0176
169      169   (0)      7  : 0.0504 0.6088 0.0000 0.0751 0.0310 0.0398 0.0000 0.0000 0.1949
