  1        1   (0)      1 :  0.0000 0.0001 0.3765 0.3053 0.2062 0.0403 0.0000 0.0227 0.0488 
  2        2   (0)      1 :  0.0000 0.0171 0.3565 0.2332 0.3400 0.0040 0.0001 0.0000 0.0490 
  3        3   (0)      1 :  0.0000 0.0000 0.0000 0.0000 0.0000 0.0500 0.0000 0.0000 0.9500 
  4        4   (0)      1 :  0.0000 0.0091 0.1661 0.1766 0.6430 0.0009 0.0000 0.0000 0.0043 
  5        5   (0)      1 :  0.0000 0.0000 0.0949 0.2399 0.5940 0.0555 0.0000 0.0158 0.0000 
  6        6   (0)      1 :  0.0000 0.0228 0.5684 0.0544 0.1647 0.0042 0.0000 0.0000 0.1856 
  7        7   (0)      1 :  0.0000 0.0147 0.4259 0.2884 0.2686 0.0024 0.0000 0.0000 0.0000 
  8        8   (0)      1 :  0.0000 0.0000 0.1021 0.2601 0.6378 0.0000 0.0000 0.0000 0.0000 
  9        9   (0)      1 :  0.0000 0.0000 0.0000 0.0000 0.0000 0.0500 0.0000 0.0000 0.9500 
 10       10   (0)      1 :  0.0000 0.0500 0.5624 0.2003 0.1080 0.0437 0.0000 0.0000 0.0355 
 11       11   (0)      1 :  0.0000 0.0308 0.5220 0.1790 0.2266 0.0262 0.0000 0.0155 0.0000 
 12       12   (0)      1 :  0.0000 0.0201 0.5909 0.1878 0.2012 0.0000 0.0000 0.0000 0.0000 
 13       13   (0)      1 :  0.0000 0.0585 0.4991 0.1712 0.2622 0.0000 0.0000 0.0000 0.0090 
 14       14   (0)      1 :  0.0000 0.0296 0.2420 0.4648 0.1642 0.0994 0.0000 0.0000 0.0000 
 15       15   (0)      2 :  0.0000 0.0000 0.0000 0.9117 0.0383 0.0000 0.0000 0.0500 0.0000 
 16       16   (0)      2 :  0.5178 0.1329 0.0000 0.0000 0.0000 0.1236 0.2002 0.0254 0.0000 
 17       17   (0)      2 :  0.2000 0.6500 0.0000 0.0000 0.0000 0.0000 0.1000 0.0500 0.0000 
 18       18   (0)      2 :  0.4831 0.2680 0.0000 0.0000 0.0000 0.0948 0.0516 0.1026 0.0000 
 19       19   (0)      2 :  0.0587 0.3681 0.0000 0.0000 0.0000 0.0000 0.4709 0.1023 0.0000 
 20       20   (0)      2 :  0.5119 0.1123 0.0000 0.0000 0.0000 0.0268 0.2581 0.0909 0.0000 
 21       21   (0)      2 :  0.0050 0.2979 0.0000 0.0000 0.0000 0.1206 0.5542 0.0222 0.0000 
 22       22   (0)      2 :  0.7359 0.1231 0.0000 0.0000 0.0000 0.0000 0.0270 0.1140 0.0000 
 23       23   (0)      1 :  0.0000 0.0097 0.1492 0.5338 0.2085 0.0496 0.0000 0.0486 0.0006 
 24       24   (0)      1 :  0.0000 0.1000 0.0769 0.6053 0.1562 0.0550 0.0021 0.0000 0.0044 
 25       25   (0)      1 :  0.0000 0.0000 0.0000 0.0000 0.0000 0.0000 0.0000 0.0000 1.0000 
 26       26   (0)      1 :  0.0000 0.0289 0.5216 0.1829 0.2186 0.0219 0.0000 0.0256 0.0005 
 27       27   (0)      2 :  0.0000 0.0000 0.0000 0.0000 0.0000 0.0000 0.0500 0.9500 0.0000 
 28       28   (0)      2 :  0.6115 0.1823 0.0000 0.0000 0.0000 0.1692 0.0370 0.0000 0.0000 
 29       29   (0)      2 :  0.0132 0.3276 0.0000 0.0000 0.0000 0.0264 0.4482 0.1846 0.0000 
 30       30   (0)      2 :  1.0000 0.0000 0.0000 0.0000 0.0000 0.0000 0.0000 0.0000 0.0000 
 31       31   (0)      2 :  0.2993 0.2635 0.0000 0.0028 0.0043 0.0000 0.4302 0.0000 0.0000 
 32       32   (0)      2 :  0.2224 0.3296 0.0000 0.0000 0.0000 0.0485 0.2206 0.0458 0.1332 
 33       33   (0)      2 :  0.2667 0.4885 0.0000 0.0000 0.0000 0.0195 0.1638 0.0615 0.0000 
 34       34   (0)      1 :  0.0000 0.0500 0.1500 0.3257 0.3743 0.1000 0.0000 0.0000 0.0000 
 35       35   (0)      2 :  0.2075 0.3419 0.0000 0.0000 0.0000 0.0000 0.4506 0.0000 0.0000 
 36       36   (0)      2 :  0.1764 0.0880 0.0000 0.0000 0.0000 0.0500 0.6793 0.0063 0.0000 
 37       37   (0)      2 :  0.2546 0.3564 0.0000 0.0000 0.0000 0.1050 0.1731 0.1108 0.0000 
 38       38   (0)      2 :  0.2196 0.6687 0.0000 0.0000 0.0000 0.0000 0.0813 0.0304 0.0000 
 39       39   (0)      2 :  0.0000 0.0000 0.0923 0.7644 0.0923 0.0010 0.0000 0.0500 0.0000 
 40       40   (0)      2 :  0.0000 0.0000 0.1928 0.5386 0.1676 0.0783 0.0000 0.0227 0.0000 
 41       41   (0)      2 :  0.0000 0.0000 0.2598 0.4004 0.1688 0.1210 0.0000 0.0500 0.0000 
 42       42   (0)      2 :  0.0000 0.0000 0.5815 0.1026 0.2509 0.0150 0.0000 0.0500 0.0001 
 43       43   (0)      2 :  0.0000 0.0166 0.3439 0.3289 0.2193 0.0791 0.0000 0.0121 0.0000 
 44       44   (0)      2 :  0.4232 0.3282 0.0000 0.0000 0.0000 0.1551 0.0926 0.0009 0.0000 
 45       45   (0)      2 :  0.3194 0.4204 0.0000 0.0012 0.0000 0.1179 0.1170 0.0241 0.0000 
 46       46   (0)      2 :  0.2712 0.3206 0.0000 0.0000 0.0000 0.1594 0.2488 0.0000 0.0000 
 47       47   (0)      2 :  0.0000 0.0000 0.1156 0.2947 0.4977 0.0920 0.0000 0.0000 0.0000 
 48       48   (0)      2 :  0.4682 0.3037 0.0000 0.0000 0.0000 0.0480 0.0882 0.0918 0.0000 
 49       49   (0)      1 :  0.0000 0.0000 0.2290 0.6870 0.0521 0.0020 0.0000 0.0287 0.0012 
 50       50   (0)      1 :  0.0000 0.0000 0.0737 0.3802 0.5143 0.0138 0.0000 0.0179 0.0000 
 51       51   (0)      1 :  0.0000 0.0000 0.1080 0.3285 0.4380 0.1105 0.0000 0.0150 0.0000 
 52       52   (0)      1 :  0.0000 0.0300 0.3992 0.3650 0.1490 0.0568 0.0000 0.0000 0.0000 
 53       53   (0)      1 :  0.0000 0.0135 0.3278 0.1694 0.1983 0.2671 0.0000 0.0000 0.0239 
 54       54   (0)      1 :  0.0000 0.0229 0.4965 0.4002 0.0331 0.0247 0.0000 0.0201 0.0025 
 55       55   (0)      1 :  0.0000 0.0131 0.3047 0.4036 0.2740 0.0042 0.0000 0.0000 0.0004 
 56       56   (0)      3 :  0.0172 0.1842 0.0000 0.0000 0.0000 0.0000 0.6468 0.1518 0.0000 
 57       57   (0)      3 :  0.5222 0.0456 0.0000 0.0000 0.0000 0.0589 0.3510 0.0223 0.0000 
 58       58   (0)      3 :  0.8822 0.0178 0.0000 0.0000 0.0000 0.0000 0.1000 0.0000 0.0000 
 59       59   (0)      3 :  0.1625 0.0139 0.0000 0.0000 0.0000 0.0000 0.8067 0.0168 0.0000 
 60       60   (0)      3 :  0.1507 0.3763 0.0000 0.0000 0.0000 0.1123 0.2639 0.0969 0.0000 
 61       61   (0)      3 :  0.6639 0.1040 0.0000 0.0000 0.0000 0.0498 0.1702 0.0121 0.0000 
 62       62   (0)      3 :  0.3895 0.4817 0.0000 0.0000 0.0000 0.0000 0.1288 0.0000 0.0000 
 63       63   (0)      4 :  0.0000 0.0000 0.0000 0.0000 0.0000 0.0000 0.0000 0.0000 1.0000 
 64       64   (0)      4 :  0.0000 0.0027 0.3795 0.3115 0.2650 0.0413 0.0000 0.0000 0.0000 
 65       65   (0)      4 :  0.0000 0.0044 0.4048 0.1773 0.1597 0.2505 0.0000 0.0000 0.0034 
 66       66   (0)      3 :  0.2334 0.2862 0.0000 0.0000 0.0000 0.1203 0.3601 0.0000 0.0000 
 67       67   (0)      3 :  0.2160 0.2511 0.0000 0.0000 0.0000 0.0467 0.4460 0.0402 0.0000 
 68       68   (0)      3 :  0.0000 0.0000 0.0000 0.0000 0.0000 0.0000 0.0500 0.9500 0.0000 
 69       69   (0)      3 :  0.1203 0.2150 0.0000 0.0000 0.0000 0.0000 0.5718 0.0929 0.0000 
 70       70   (0)      3 :  0.1480 0.0500 0.0000 0.0000 0.0000 0.0000 0.8020 0.0000 0.0000 
 71       71   (0)      3 :  0.5026 0.2916 0.0000 0.0000 0.0000 0.0195 0.1115 0.0748 0.0000 
 72       72   (0)      4 :  0.0005 0.0068 0.4072 0.3314 0.1885 0.0000 0.0040 0.0514 0.0102 
 73       73   (0)      4 :  0.0095 0.0000 0.3014 0.3742 0.2387 0.0072 0.0513 0.0178 0.0000 
 74       74   (0)      4 :  0.0000 0.0000 0.3474 0.1944 0.4246 0.0160 0.0000 0.0177 0.0000 
 75       75   (0)      4 :  0.0000 0.0000 0.5188 0.3362 0.0697 0.0724 0.0000 0.0000 0.0030 
 76       76   (0)      4 :  0.0000 0.0000 0.0152 0.3319 0.6503 0.0020 0.0000 0.0000 0.0006 
 77       77   (0)      4 :  0.0000 0.0000 0.0991 0.6435 0.1882 0.0563 0.0000 0.0129 0.0000 
 78       78   (0)      4 :  0.0000 0.0196 0.2323 0.3274 0.3857 0.0277 0.0000 0.0072 0.0000 
 79       79   (0)      3 :  0.0000 0.0000 0.6732 0.0330 0.1500 0.1438 0.0000 0.0000 0.0000 
 80       80   (0)      3 :  0.1735 0.1281 0.0000 0.0000 0.0000 0.0500 0.6298 0.0185 0.0000 
 81       81   (0)      3 :  0.6332 0.1880 0.0000 0.0000 0.0000 0.0225 0.1551 0.0014 0.0000 
 82       82   (0)      3 :  0.1586 0.5017 0.0000 0.0000 0.0000 0.0000 0.2362 0.1035 0.0000 
 83       83   (0)      3 :  0.0000 0.0064 0.0642 0.4554 0.4619 0.0122 0.0000 0.0000 0.0000 
 84       84   (0)      3 :  0.0000 0.0000 0.0000 0.0500 0.2000 0.7500 0.0000 0.0000 0.0000 
 85       85   (0)      3 :  0.3845 0.0255 0.0000 0.0000 0.0000 0.0000 0.5900 0.0000 0.0000 
 86       86   (0)      3 :  0.2891 0.3926 0.0000 0.0000 0.0000 0.2000 0.1184 0.0000 0.0000 
 87       87   (0)      3 :  0.5027 0.2259 0.0000 0.0000 0.0089 0.0766 0.1446 0.0413 0.0000 
 88       88   (0)      3 :  0.0953 0.3783 0.0000 0.0000 0.0000 0.0650 0.4576 0.0037 0.0000 
 89       89   (0)      4 :  0.0112 0.0526 0.5662 0.2037 0.0938 0.0349 0.0060 0.0069 0.0246 
 90       90   (0)      3 :  0.2826 0.3718 0.0000 0.0000 0.0000 0.0107 0.3335 0.0014 0.0000 
 91       91   (0)      3 :  0.5804 0.2322 0.0000 0.0000 0.0000 0.1500 0.0284 0.0090 0.0000 
 92       92   (0)      3 :  0.2394 0.2799 0.0000 0.0000 0.0000 0.0859 0.1400 0.2548 0.0000 
 93       93   (0)      3 :  0.0267 0.1533 0.0000 0.0000 0.0000 0.0125 0.7835 0.0240 0.0000 
 94       94   (0)      3 :  0.3058 0.1363 0.0737 0.0281 0.0386 0.1182 0.2993 0.0000 0.0000 
 95       95   (0)      4 :  0.0244 0.0416 0.3121 0.3778 0.1403 0.0346 0.0438 0.0152 0.0102 
 96       96   (0)      4 :  0.0000 0.0000 0.0992 0.8105 0.0294 0.0110 0.0000 0.0500 0.0000 
 97       97   (0)      4 :  0.0000 0.0000 0.1635 0.3968 0.4183 0.0044 0.0000 0.0170 0.0000 
 98       98   (0)      4 :  0.0069 0.0317 0.2631 0.4237 0.1314 0.0784 0.0162 0.0000 0.0485 
 99       99   (0)      4 :  0.0000 0.0136 0.3230 0.3391 0.1103 0.1676 0.0000 0.0148 0.0316 
100      100   (0)      4 :  0.0000 0.0196 0.1442 0.7763 0.0353 0.0246 0.0000 0.0000 0.0000 
101      101   (0)      4 :  0.0000 0.0500 0.6574 0.1260 0.1416 0.0250 0.0000 0.0000 0.0000 
102      102   (0)      4 :  0.0000 0.0000 0.0000 0.6631 0.3207 0.0003 0.0000 0.0158 0.0000 
103      103   (0)      4 :  0.0000 0.0000 0.0000 0.0000 0.0000 0.0000 0.0000 0.0000 1.0000 
104      104   (0)      4 :  0.0000 0.0351 0.5179 0.1216 0.3137 0.0000 0.0000 0.0000 0.0117 
105      105   (0)      4 :  0.0000 0.0000 0.2262 0.4661 0.2642 0.0243 0.0000 0.0103 0.0089 
106      106   (0)      4 :  0.0000 0.0514 0.6791 0.0800 0.0718 0.1102 0.0034 0.0000 0.0041 
107      107   (0)      4 :  0.0000 0.0151 0.0607 0.6337 0.2209 0.0046 0.0000 0.0238 0.0412 
108      108   (0)      4 :  0.0000 0.0000 0.0000 0.0500 0.2000 0.7500 0.0000 0.0000 0.0000 
109      109   (0)      4 :  0.0000 0.0153 0.6930 0.0646 0.1988 0.0110 0.0000 0.0173 0.0000 
110      110   (0)      4 :  0.0000 0.0161 0.2537 0.4479 0.1028 0.0664 0.0000 0.0172 0.0959 
111      111   (0)      4 :  0.0000 0.0000 0.0000 0.0000 0.0000 0.0500 0.0000 0.0000 0.9500 
112      112   (0)      4 :  0.0000 0.0000 0.0000 0.0000 0.0000 0.0000 0.0000 0.0000 1.0000 
113      113   (0)      4 :  0.1681 0.1089 0.0000 0.0000 0.0000 0.0599 0.6523 0.0108 0.0000 
114      114   (0)      4 :  0.0000 0.0142 0.6217 0.1420 0.1861 0.0099 0.0000 0.0256 0.0005 
115      115   (0)      4 :  0.0000 0.0500 0.5661 0.1983 0.1856 0.0000 0.0000 0.0000 0.0000 
116      116   (0)      4 :  0.0000 0.0500 0.7329 0.0949 0.1222 0.0000 0.0000 0.0000 0.0000 
