1        1   (0)      1  : 0.0282 0.0177 0.0479 0.1711 0.2242 0.1154 0.1060 0.1699 0.0000 0.1196
2        2   (0)      1  : 0.2889 0.1836 0.0000 0.0000 0.0164 0.2363 0.0001 0.0314 0.2260 0.0173
3        3   (0)      2  : 0.2339 0.1571 0.1363 0.0850 0.0000 0.2244 0.1279 0.0000 0.0000 0.0355
4        4   (0)      2  : 0.0000 0.0268 0.0000 0.0000 0.0139 0.9161 0.0000 0.0000 0.0000 0.0432
5        5   (0)      2  : 0.0000 0.0189 0.4249 0.2068 0.0000 0.0108 0.2938 0.0311 0.0137 0.0000
6        6   (0)      2  : 0.3990 0.3212 0.0000 0.0000 0.2798 0.0000 0.0000 0.0000 0.0000 0.0000
7        7   (0)      2  : 0.0761 0.3056 0.0000 0.3182 0.0000 0.0000 0.0000 0.0008 0.2969 0.0024
8        8   (0)      2  : 0.0000 0.9032 0.0367 0.0221 0.0258 0.0121 0.0000 0.0000 0.0000 0.0000
9        9   (0)      2  : 0.1935 0.2491 0.0000 0.1578 0.0000 0.0130 0.0261 0.1010 0.2595 0.0000
10       10   (0)      2  : 0.2574 0.0190 0.0216 0.0903 0.1384 0.0000 0.1881 0.0948 0.1904 0.0000
11       11   (0)      2  : 0.2048 0.0015 0.1893 0.0255 0.1844 0.1848 0.1677 0.0421 0.0000 0.0000
12       12   (0)      2  : 0.0000 0.1656 0.0006 0.0000 0.0000 0.4228 0.2314 0.1796 0.0000 0.0000
13       13   (0)      2  : 0.0000 0.0000 1.0000 0.0000 0.0000 0.0000 0.0000 0.0000 0.0000 0.0000
14       14   (0)      2  : 0.0000 0.4395 0.0000 0.1868 0.0000 0.0000 0.0000 0.1653 0.0000 0.2084
15       15   (0)      2  : 0.0124 0.0019 0.0138 0.0000 0.0000 0.0000 0.0187 0.0156 0.9057 0.0318
16       16   (0)      2  : 0.0000 0.0447 0.0000 0.1320 0.0000 0.3197 0.2980 0.0073 0.0584 0.1398
17       17   (0)      2  : 0.0000 0.0000 0.0000 0.8750 0.0000 0.0000 0.0000 0.0000 0.1250 0.0000
18       18   (0)      2  : 0.0000 0.0409 0.1864 0.1339 0.0200 0.3183 0.0000 0.2582 0.0422 0.0000
19       19   (0)      2  : 0.1695 0.0023 0.0000 0.2339 0.0000 0.1806 0.0558 0.1229 0.2153 0.0196
20       20   (0)      2  : 0.0000 0.0103 0.0124 0.0000 0.0207 0.0130 0.0019 0.9371 0.0000 0.0046
21       21   (0)      2  : 0.1861 0.3099 0.0000 0.3790 0.0000 0.0000 0.0000 0.0000 0.1250 0.0000
22       22   (0)      2  : 0.1519 0.0000 0.2251 0.1739 0.0000 0.0547 0.0000 0.2613 0.1330 0.0000
23       23   (0)      2  : 0.0813 0.0502 0.0580 0.0861 0.1176 0.0000 0.1901 0.1683 0.2485 0.0000
24       24   (0)      2  : 0.1081 0.1517 0.0267 0.0659 0.0653 0.0695 0.0000 0.1195 0.2936 0.0996
25       25   (0)      2  : 0.0874 0.0827 0.0000 0.0781 0.0000 0.2595 0.0827 0.0000 0.0540 0.3556
26       26   (0)      2  : 0.0791 0.0000 0.0325 0.0161 0.0000 0.2126 0.1653 0.1101 0.2911 0.0932
27       27   (0)      2  : 0.0000 0.0370 0.8913 0.0356 0.0000 0.0000 0.0361 0.0000 0.0000 0.0000
28       28   (0)      2  : 0.0000 0.1748 0.3098 0.0000 0.0000 0.0292 0.0000 0.0000 0.3397 0.1464
29       29   (0)      2  : 0.0000 0.0000 0.3643 0.2725 0.0000 0.0000 0.0000 0.0565 0.2541 0.0527
30       30   (0)      3  : 0.0225 0.0000 0.0239 0.0000 0.0195 0.9108 0.0000 0.0142 0.0000 0.0092
31       31   (0)      3  : 0.0163 0.3558 0.0272 0.0000 0.0156 0.0000 0.0210 0.2021 0.1681 0.1938
32       32   (0)      3  : 0.1243 0.2161 0.1474 0.0291 0.0000 0.2247 0.0104 0.0002 0.0839 0.1638
33       33   (0)      3  : 0.3083 0.0703 0.2257 0.0429 0.1892 0.0170 0.0190 0.0000 0.1138 0.0137
34       34   (0)      3  : 0.2236 0.0000 0.1117 0.2538 0.0125 0.0000 0.0550 0.3435 0.0000 0.0000
35       35   (0)      3  : 0.2043 0.0986 0.0000 0.0619 0.0357 0.2560 0.1942 0.0000 0.1494 0.0000
36       36   (0)      3  : 0.0000 0.9559 0.0000 0.0000 0.0000 0.0000 0.0000 0.0000 0.0441 0.0000
37       37   (0)      3  : 0.1751 0.0049 0.1932 0.2525 0.0601 0.1541 0.0000 0.0219 0.0798 0.0583
38       38   (0)      3  : 0.0000 0.0000 0.0000 0.0000 1.0000 0.0000 0.0000 0.0000 0.0000 0.0000
39       39   (0)      3  : 0.9164 0.0138 0.0251 0.0100 0.0172 0.0000 0.0000 0.0070 0.0105 0.0000
40       40   (0)      3  : 0.1269 0.0000 0.0206 0.0000 0.1904 0.0000 0.0000 0.3373 0.2540 0.0708
41       41   (0)      3  : 0.0000 0.1842 0.0376 0.0183 0.0134 0.2984 0.0000 0.0000 0.3025 0.1457
42       42   (0)      3  : 0.0306 0.3068 0.1986 0.1430 0.0000 0.1545 0.0387 0.1279 0.0000 0.0000
43       43   (0)      3  : 0.1759 0.1760 0.1403 0.0000 0.0104 0.1495 0.2697 0.0000 0.0782 0.0000
44       44   (0)      3  : 0.0000 0.0506 0.2770 0.0000 0.1004 0.1043 0.2025 0.1017 0.0000 0.1635
45       45   (0)      3  : 0.0000 0.0000 0.5703 0.0000 0.0376 0.0000 0.0000 0.0000 0.0000 0.3921
46       46   (0)      3  : 0.1066 0.0303 0.0000 0.1274 0.0000 0.0000 0.2180 0.3314 0.0000 0.1862
47       47   (0)      3  : 0.0000 0.0000 0.3914 0.0000 0.0000 0.0000 0.0000 0.6086 0.0000 0.0000
48       48   (0)      3  : 0.0000 0.0000 0.0000 0.0000 0.0000 0.0000 0.8750 0.0000 0.0000 0.1250
49       49   (0)      3  : 0.2866 0.0000 0.0000 0.1250 0.0000 0.0000 0.0000 0.0000 0.0000 0.5884
50       50   (0)      3  : 0.2160 0.2945 0.0983 0.0000 0.0000 0.1013 0.0261 0.0171 0.2467 0.0000
51       51   (0)      3  : 0.0000 0.0412 0.0000 0.8848 0.0000 0.0066 0.0297 0.0000 0.0376 0.0000
52       52   (0)      3  : 0.0147 0.0170 0.0000 0.0190 0.0000 0.0089 0.9054 0.0350 0.0000 0.0000
53       53   (0)      3  : 0.0000 0.1250 0.1752 0.1817 0.0000 0.0000 0.3475 0.0000 0.0000 0.1705
54       54   (0)      3  : 0.0000 0.1800 0.4771 0.0000 0.0000 0.0092 0.0134 0.2825 0.0000 0.0379
55       55   (0)      3  : 0.0091 0.0257 0.0204 0.8914 0.0000 0.0000 0.0020 0.0284 0.0000 0.0231
56       56   (0)      3  : 0.0000 0.2989 0.6118 0.0518 0.0000 0.0000 0.0185 0.0000 0.0000 0.0189
57       57   (0)      3  : 0.0000 0.1183 0.1542 0.0000 0.0000 0.0209 0.1528 0.0918 0.2762 0.1858
58       58   (0)      3  : 0.0000 0.0000 0.0000 0.0000 0.0307 0.9152 0.0239 0.0170 0.0132 0.0000
59       59   (0)      3  : 0.0000 0.1250 0.2407 0.0000 0.0000 0.2731 0.0000 0.1824 0.1788 0.0000
60       60   (0)      4  : 0.1843 0.0955 0.0000 0.1769 0.2220 0.0350 0.0000 0.1577 0.0000 0.1286
61       61   (0)      4  : 0.0000 0.0000 0.0000 0.0000 0.1349 0.0000 0.5581 0.0000 0.0000 0.3070
62       62   (0)      4  : 0.0000 0.0000 0.0000 0.0000 0.0000 0.0000 0.0000 0.0000 0.3784 0.6216
63       63   (0)      4  : 0.0704 0.0858 0.1697 0.1429 0.1215 0.0000 0.1787 0.0000 0.2310 0.0000
64       64   (0)      4  : 0.0008 0.1244 0.0101 0.1794 0.1167 0.0884 0.0939 0.2129 0.1735 0.0000
65       65   (0)      4  : 0.0000 0.0124 0.6043 0.0000 0.0000 0.0000 0.0166 0.3248 0.0187 0.0233
66       66   (0)      4  : 0.0000 0.0000 1.0000 0.0000 0.0000 0.0000 0.0000 0.0000 0.0000 0.0000
67       67   (0)      4  : 0.0000 0.0000 0.0000 0.3391 0.1400 0.0010 0.2911 0.0230 0.0000 0.2057
68       68   (0)      4  : 0.0000 0.2193 0.0219 0.0956 0.2010 0.0000 0.0001 0.0902 0.3460 0.0259
69       69   (0)      4  : 0.2331 0.0991 0.2803 0.0028 0.0000 0.2702 0.0000 0.0929 0.0064 0.0153
70       70   (0)      4  : 0.1749 0.2410 0.0000 0.0000 0.0000 0.4057 0.0000 0.0000 0.1783 0.0000
71       71   (0)      1  : 0.0000 0.0000 0.0000 0.0311 0.0000 0.0000 0.0000 0.9172 0.0518 0.0000
72       72   (0)      1  : 0.0000 0.0000 0.0000 0.0000 1.0000 0.0000 0.0000 0.0000 0.0000 0.0000
73       73   (0)      1  : 0.8990 0.0000 0.0000 0.0402 0.0000 0.0000 0.0357 0.0000 0.0000 0.0250
74       74   (0)      1  : 0.0099 0.0334 0.0066 0.0000 0.0034 0.0128 0.0072 0.9262 0.0006 0.0000
75       75   (0)      1  : 0.0182 0.1379 0.3138 0.0000 0.0030 0.1529 0.2581 0.1070 0.0091 0.0000
76       76   (0)      1  : 0.0000 0.0000 0.0000 0.0000 0.0000 0.0000 0.0000 0.0000 0.0000 1.0000
77       77   (0)      1  : 0.0000 0.0000 0.0000 0.0000 0.0556 0.0000 0.0000 0.5507 0.0000 0.3938
78       78   (0)      1  : 0.0000 0.2254 0.0000 0.0000 0.2000 0.0574 0.0000 0.0214 0.2322 0.2635
79       79   (0)      1  : 0.0120 0.0000 0.0048 0.0154 0.0190 0.0147 0.0010 0.0000 0.9002 0.0330
80       80   (0)      1  : 0.0000 0.4726 0.2610 0.2664 0.0000 0.0000 0.0000 0.0000 0.0000 0.0000
81       81   (0)      1  : 0.3278 0.0000 0.0000 0.0000 0.1018 0.2376 0.2292 0.0000 0.0397 0.0638
82       82   (0)      1  : 0.0000 0.1730 0.0000 0.0000 0.2074 0.0000 0.2840 0.2963 0.0393 0.0000
83       83   (0)      1  : 0.4776 0.0000 0.0000 0.0122 0.2246 0.0000 0.0000 0.2235 0.0320 0.0301
84       84   (0)      1  : 0.0000 0.0000 0.0000 1.0000 0.0000 0.0000 0.0000 0.0000 0.0000 0.0000
85       85   (0)      1  : 0.6184 0.0000 0.3816 0.0000 0.0000 0.0000 0.0000 0.0000 0.0000 0.0000
86       86   (0)      1  : 0.0000 0.0195 0.1951 0.0201 0.0608 0.0000 0.2983 0.2043 0.1804 0.0214
87       87   (0)      1  : 0.0000 0.3172 0.0000 0.0000 0.0000 0.4180 0.0000 0.0000 0.2648 0.0000
88       88   (0)      1  : 1.0000 0.0000 0.0000 0.0000 0.0000 0.0000 0.0000 0.0000 0.0000 0.0000
89       89   (0)      1  : 0.0250 0.0002 0.0197 0.0000 0.1515 0.1699 0.0000 0.1858 0.1496 0.2983
90       90   (0)      1  : 0.0000 0.0000 0.0000 0.0000 0.0000 0.0537 0.9463 0.0000 0.0000 0.0000
91       91   (0)      1  : 0.1250 0.0000 0.0000 0.0000 0.8750 0.0000 0.0000 0.0000 0.0000 0.0000
92       92   (0)      1  : 0.0092 0.0000 0.4061 0.0000 0.0000 0.0317 0.0096 0.0240 0.5116 0.0079
93       93   (0)      1  : 0.0000 0.1837 0.1776 0.1432 0.0392 0.0173 0.1250 0.0000 0.1542 0.1598
94       94   (0)      1  : 0.0000 0.0000 0.0000 0.2090 0.1578 0.0000 0.0000 0.6332 0.0000 0.0000
95       95   (0)      1  : 0.0893 0.1129 0.0000 0.2621 0.0000 0.0000 0.1229 0.4088 0.0041 0.0000
96       96   (0)      1  : 0.0000 0.0205 0.0000 0.8750 0.0000 0.0000 0.0000 0.0456 0.0588 0.0000
97       97   (0)      1  : 0.0000 0.0000 0.0000 0.0278 0.0000 0.0159 0.9306 0.0000 0.0256 0.0000
98       98   (0)      1  : 0.9055 0.0241 0.0000 0.0320 0.0226 0.0000 0.0000 0.0158 0.0000 0.0000
99       99   (0)      4  : 0.2357 0.3222 0.0000 0.4421 0.0000 0.0000 0.0000 0.0000 0.0000 0.0000
100      100   (0)      4  : 0.1643 0.1700 0.3667 0.0299 0.0480 0.0000 0.0000 0.0641 0.1570 0.0000
101      101   (0)      5  : 0.0171 0.0122 0.0000 0.0313 0.0047 0.0000 0.0168 0.0065 0.9022 0.0092
102      102   (0)      5  : 1.0000 0.0000 0.0000 0.0000 0.0000 0.0000 0.0000 0.0000 0.0000 0.0000
103      103   (0)      5  : 0.0000 0.9117 0.0000 0.0402 0.0005 0.0202 0.0000 0.0274 0.0000 0.0000
104      104   (0)      5  : 0.0000 0.6225 0.0267 0.0000 0.0242 0.0000 0.0000 0.0000 0.0249 0.3017
105      105   (0)      5  : 0.0000 0.0000 0.0000 0.0000 0.1250 0.0000 0.0000 0.0000 0.0000 0.8750
106      106   (0)      4  : 0.0643 0.0000 0.0000 0.0000 0.0000 0.9357 0.0000 0.0000 0.0000 0.0000
107      107   (0)      4  : 0.2832 0.1711 0.0000 0.0860 0.1752 0.0000 0.2583 0.0000 0.0000 0.0262
108      108   (0)      4  : 0.0000 0.0000 0.0000 0.0000 0.5501 0.0000 0.0598 0.0000 0.0000 0.3902
109      109   (0)      4  : 0.0000 0.3477 0.0093 0.0211 0.0311 0.2658 0.0047 0.0000 0.0178 0.3024
110      110   (0)      4  : 0.3421 0.0185 0.2949 0.0235 0.0000 0.2988 0.0223 0.0000 0.0000 0.0000
111      111   (0)      5  : 0.0000 0.0206 0.0000 0.0493 0.0181 0.0000 0.0370 0.0000 0.0000 0.8750
112      112   (0)      5  : 0.8750 0.0000 0.0000 0.1250 0.0000 0.0000 0.0000 0.0000 0.0000 0.0000
113      113   (0)      5  : 0.0000 0.0000 0.1866 0.0399 0.1329 0.0000 0.2269 0.1730 0.2087 0.0321
114      114   (0)      5  : 0.5253 0.0651 0.2316 0.0010 0.0000 0.0000 0.1770 0.0000 0.0000 0.0000
115      115   (0)      5  : 0.2737 0.0000 0.0000 0.0101 0.0000 0.2729 0.1847 0.2203 0.0000 0.0383
116      116   (0)      5  : 0.0365 0.0928 0.2111 0.0097 0.0000 0.1839 0.0008 0.1706 0.1892 0.1053
117      117   (0)      4  : 0.0000 0.5390 0.0000 0.0000 0.0000 0.0000 0.0000 0.0000 0.4610 0.0000
118      118   (0)      4  : 0.0000 0.0000 0.1279 0.0000 0.1448 0.2099 0.0000 0.0296 0.1050 0.3828
119      119   (0)      4  : 0.0000 0.8750 0.0000 0.0000 0.0000 0.0000 0.0227 0.0625 0.0398 0.0000
120      120   (0)      4  : 0.0388 0.3020 0.0000 0.2070 0.1159 0.1044 0.0965 0.0000 0.0289 0.1064
121      121   (0)      4  : 0.0336 0.0000 0.6756 0.0000 0.2359 0.0311 0.0143 0.0000 0.0000 0.0096
122      122   (0)      4  : 0.0000 0.0000 0.0000 0.0000 0.0000 0.0000 0.0000 0.3931 0.5479 0.0590
123      123   (0)      4  : 0.0000 0.0000 0.0000 0.0288 0.0447 0.0000 0.0000 0.9265 0.0000 0.0000
124      124   (0)      4  : 0.0000 0.0000 0.0000 0.3581 0.2152 0.0000 0.0536 0.0000 0.3731 0.0000
125      125   (0)      5  : 0.0000 0.0000 0.0000 0.0000 0.0000 0.0000 0.0000 0.0000 1.0000 0.0000
126      126   (0)      5  : 0.0000 0.0000 0.3165 0.0000 0.1688 0.1265 0.1129 0.0000 0.0000 0.2754
127      127   (0)      5  : 0.0212 0.0000 0.0000 0.0000 0.9014 0.0285 0.0175 0.0000 0.0000 0.0315
128      128   (0)      5  : 0.0596 0.0488 0.0000 0.1020 0.0000 0.2632 0.0666 0.1488 0.2573 0.0537
129      129   (0)      5  : 0.0098 0.1433 0.1916 0.0000 0.0001 0.0554 0.2128 0.1411 0.1469 0.0990
130      130   (0)      5  : 0.0000 0.0000 0.0000 0.0000 0.0000 0.1250 0.8750 0.0000 0.0000 0.0000
131      131   (0)      5  : 0.0000 0.0000 0.1250 0.8750 0.0000 0.0000 0.0000 0.0000 0.0000 0.0000
132      132   (0)      5  : 0.3119 0.0000 0.0000 0.0000 0.1802 0.0000 0.0000 0.0000 0.3829 0.1250
133      133   (0)      5  : 0.1254 0.0000 0.1828 0.0552 0.0000 0.4433 0.1339 0.0000 0.0000 0.0593
134      134   (0)      5  : 0.0000 0.0000 0.0000 0.0000 0.0000 0.0000 0.0000 1.0000 0.0000 0.0000
135      135   (0)      5  : 0.1670 0.3442 0.2243 0.0320 0.0000 0.2323 0.0000 0.0000 0.0000 0.0000
136      136   (0)      5  : 0.1891 0.0000 0.2244 0.0000 0.1069 0.3306 0.0000 0.0000 0.0000 0.1491
137      137   (0)      5  : 0.0000 0.1311 0.1768 0.1541 0.0000 0.0000 0.3366 0.0000 0.0747 0.1267
138      138   (0)      5  : 0.1250 0.0000 0.0000 0.0000 0.0000 0.0000 0.0000 0.0000 0.8750 0.0000
139      139   (0)      5  : 0.0000 0.0386 0.0000 0.0000 0.0353 0.9260 0.0000 0.0000 0.0000 0.0000
140      140   (0)      5  : 0.4275 0.0000 0.0000 0.0403 0.0000 0.3748 0.0146 0.0000 0.0000 0.1428
141      141   (0)      5  : 0.0000 0.8750 0.0000 0.0254 0.0325 0.0000 0.0000 0.0671 0.0000 0.0000
142      142   (0)      5  : 0.0000 0.0000 0.0000 0.0000 0.0000 0.6490 0.0000 0.3510 0.0000 0.0000
143      143   (0)      5  : 0.2309 0.2044 0.2982 0.0155 0.0908 0.0147 0.1192 0.0000 0.0262 0.0000
144      144   (0)      6  : 0.0000 0.0642 0.0739 0.1403 0.1779 0.1206 0.0784 0.0819 0.1365 0.1263
145      145   (0)      6  : 0.2701 0.0000 0.1379 0.1270 0.0000 0.3629 0.1020 0.0000 0.0000 0.0000
146      146   (0)      6  : 0.1409 0.0077 0.0253 0.2192 0.0070 0.0005 0.1468 0.0120 0.2624 0.1782
147      147   (0)      6  : 0.2713 0.0000 0.0000 0.0000 0.0000 0.0000 0.3847 0.1320 0.2120 0.0000
148      148   (0)      6  : 0.0000 0.0000 0.7126 0.0000 0.0000 0.0000 0.0000 0.0000 0.0000 0.2874
149      149   (0)      6  : 0.3341 0.0000 0.0000 0.3698 0.0000 0.0000 0.0591 0.0000 0.0000 0.2371
150      150   (0)      6  : 0.0000 0.0000 0.0000 0.0000 0.0000 0.0558 0.0000 0.0276 0.8750 0.0416
151      151   (0)      6  : 0.0000 0.0000 0.1250 0.0000 0.0000 0.0000 0.0000 0.0000 0.0000 0.8750
152      152   (0)      6  : 0.1475 0.2062 0.2365 0.1220 0.0000 0.0000 0.0995 0.0000 0.1884 0.0000
153      153   (0)      6  : 0.0000 0.0000 0.0756 0.0227 0.0000 0.8750 0.0000 0.0000 0.0000 0.0267
154      154   (0)      6  : 0.0000 0.0000 0.4198 0.0000 0.0789 0.0169 0.0536 0.0000 0.4097 0.0209
155      155   (0)      6  : 0.0149 0.0245 0.0000 0.0063 0.1810 0.3990 0.0000 0.0045 0.0000 0.3699
156      156   (0)      6  : 0.0000 0.1415 0.0213 0.0986 0.1471 0.2444 0.1758 0.0285 0.0387 0.1040
157      157   (0)      6  : 0.0265 0.1180 0.3211 0.1103 0.1416 0.0000 0.0000 0.0031 0.2523 0.0271
158      158   (0)      6  : 0.0000 0.2160 0.0000 0.0000 0.2265 0.0000 0.0000 0.2365 0.1863 0.1347
159      159   (0)      6  : 0.0000 0.1224 0.2036 0.0478 0.1565 0.0001 0.2452 0.0743 0.0220 0.1280
160      160   (0)      6  : 0.3122 0.0000 0.4190 0.0000 0.0000 0.2688 0.0000 0.0000 0.0000 0.0000
161      161   (0)      6  : 0.2521 0.2529 0.0000 0.1931 0.0000 0.0000 0.0000 0.0161 0.2858 0.0000
162      162   (0)      6  : 0.1306 0.1114 0.3073 0.0000 0.0000 0.1685 0.0943 0.0000 0.1641 0.0237
163      163   (0)      6  : 0.0233 0.0000 0.0440 0.0000 0.3038 0.0278 0.1319 0.2272 0.1432 0.0988
164      164   (0)      6  : 0.0000 0.3207 0.0000 0.1636 0.0977 0.4181 0.0000 0.0000 0.0000 0.0000
165      165   (0)      6  : 0.2623 0.0015 0.2999 0.0698 0.1071 0.0020 0.0461 0.0709 0.1364 0.0039
166      166   (0)      6  : 0.0000 0.0535 0.0173 0.4613 0.0000 0.0191 0.4487 0.0000 0.0000 0.0000
167      167   (0)      6  : 0.0000 0.0682 0.1539 0.0588 0.2344 0.1641 0.1335 0.0123 0.0152 0.1595
168      168   (0)      6  : 0.0000 0.0082 0.0039 0.0000 0.0000 0.0000 0.0000 0.8989 0.0506 0.0383
169      169   (0)      6  : 0.0147 0.0000 0.0000 0.0936 0.2263 0.1581 0.0000 0.1162 0.2354 0.1557
170      170   (0)      6  : 0.0000 0.0000 0.4942 0.0112 0.0000 0.0396 0.0000 0.2872 0.0000 0.1678
171      171   (0)      6  : 0.0109 0.2092 0.0000 0.0000 0.1839 0.0446 0.2592 0.0000 0.0551 0.2372
172      172   (0)      4  : 0.0000 0.0000 0.0000 0.0000 0.0000 0.4472 0.0000 0.5528 0.0000 0.0000
173      173   (0)      4  : 0.0186 0.0409 0.0000 0.0000 0.0000 0.0060 0.8750 0.0025 0.0316 0.0255
174      174   (0)      7  : 0.0000 0.1578 0.3587 0.0158 0.0000 0.0000 0.0257 0.0000 0.4419 0.0000
175      175   (0)      7  : 0.1250 0.0000 0.0000 0.0000 0.8750 0.0000 0.0000 0.0000 0.0000 0.0000
176      176   (0)      7  : 0.2876 0.0000 0.1475 0.0638 0.0614 0.1600 0.2508 0.0000 0.0175 0.0114
177      177   (0)      7  : 0.0088 0.0053 0.0046 0.3616 0.1406 0.0000 0.0181 0.1562 0.3048 0.0000
178      178   (0)      7  : 0.0654 0.2069 0.1634 0.0293 0.0310 0.0013 0.0025 0.0002 0.3676 0.1325
179      179   (0)      7  : 0.1918 0.1827 0.0000 0.1146 0.0000 0.1921 0.2779 0.0409 0.0000 0.0000
180      180   (0)      7  : 0.0000 0.0000 0.0000 0.0000 0.0000 0.0000 0.0564 0.0000 0.0000 0.9436
181      181   (0)      7  : 0.0691 0.0000 0.0000 0.0000 0.1621 0.2534 0.0000 0.1690 0.0992 0.2471
182      182   (0)      7  : 0.1359 0.0000 0.0711 0.2463 0.1821 0.0000 0.0153 0.0001 0.1602 0.1890
183      183   (0)      7  : 0.3458 0.0000 0.0000 0.0190 0.2212 0.0083 0.0320 0.0386 0.3284 0.0066
184      184   (0)      7  : 0.0000 0.0000 0.9140 0.0000 0.0054 0.0248 0.0207 0.0029 0.0150 0.0172
185      185   (0)      7  : 0.0000 0.0000 0.6043 0.0000 0.1949 0.2008 0.0000 0.0000 0.0000 0.0000
186      186   (0)      7  : 0.0847 0.0000 0.4634 0.0000 0.0000 0.0286 0.1369 0.1538 0.0000 0.1326
187      187   (0)      7  : 0.4593 0.0086 0.2921 0.0000 0.0744 0.0000 0.0242 0.1413 0.0000 0.0000
188      188   (0)      7  : 0.0000 0.5463 0.4080 0.0000 0.0000 0.0000 0.0000 0.0000 0.0457 0.0000
189      189   (0)      7  : 0.0000 0.0199 0.4425 0.0000 0.2271 0.0083 0.2608 0.0000 0.0171 0.0242
190      190   (0)      7  : 0.0054 0.0000 0.2382 0.1488 0.0090 0.3841 0.0000 0.0428 0.0747 0.0971
191      191   (0)      7  : 0.1689 0.1783 0.0507 0.1448 0.0414 0.0014 0.0592 0.1311 0.2074 0.0167
192      192   (0)      7  : 0.3251 0.0000 0.0000 0.1361 0.0000 0.2856 0.0000 0.2532 0.0000 0.0000
193      193   (0)      7  : 0.0000 0.3317 0.0215 0.0000 0.1476 0.0000 0.0102 0.1737 0.2526 0.0627
194      194   (0)      7  : 0.4309 0.0000 0.0000 0.0000 0.1331 0.0000 0.0387 0.3974 0.0000 0.0000
195      195   (0)      7  : 0.0129 0.1990 0.0000 0.0106 0.1778 0.0122 0.0000 0.0000 0.4319 0.1557
196      196   (0)      7  : 0.2360 0.2432 0.0000 0.0000 0.0952 0.0000 0.0961 0.0224 0.3073 0.0000
197      197   (0)      7  : 0.2222 0.0000 0.0000 0.1915 0.0000 0.0007 0.3062 0.2016 0.0779 0.0000
198      198   (0)      7  : 0.0000 0.6634 0.0000 0.0000 0.0000 0.0000 0.0000 0.0000 0.3366 0.0000
199      199   (0)      7  : 0.0221 0.0000 0.0000 0.2843 0.2167 0.0098 0.2438 0.0208 0.2024 0.0000
200      200   (0)      7  : 0.0000 0.3618 0.2493 0.0000 0.2062 0.0103 0.1395 0.0086 0.0148 0.0096
201      201   (0)      7  : 0.0000 0.2691 0.0000 0.0899 0.1158 0.0000 0.0000 0.1660 0.3592 0.0000
202      202   (0)      7  : 0.0000 0.5565 0.0000 0.0000 0.0000 0.0481 0.0000 0.0000 0.0769 0.3185
203      203   (0)      7  : 0.0232 0.1861 0.0000 0.2805 0.1852 0.0000 0.1385 0.0623 0.0124 0.1119
