  1        1   (0)      1 :  0.0000 0.0000 0.0000 0.0000 0.0000 1.0000 0.0000 0.0000 0.0000 0.0000 
  2        2   (0)      1 :  0.1856 0.0089 0.0000 0.6806 0.0894 0.0210 0.0145 0.0000 0.0000 0.0000 
  3        3   (0)      1 :  0.0000 0.0000 0.0000 0.0000 0.0473 0.8603 0.0000 0.0924 0.0000 0.0000 
  4        4   (0)      1 :  0.1880 0.1144 0.0000 0.4795 0.1340 0.0000 0.0641 0.0092 0.0000 0.0108 
  5        5   (0)      1 :  0.0000 0.0000 0.0000 0.0000 0.0172 0.8879 0.0000 0.0949 0.0000 0.0000 
  6        6   (0)      1 :  0.0893 0.0000 0.0000 0.0000 0.0783 0.7677 0.0000 0.0647 0.0000 0.0000 
  7        7   (0)      1 :  0.0647 0.0000 0.0000 0.4756 0.0478 0.0285 0.3050 0.0144 0.0639 0.0000 
  8        8   (0)      1 :  0.0775 0.0949 0.0000 0.4540 0.0442 0.0000 0.3294 0.0000 0.0000 0.0000 
  9        9   (0)      1 :  0.0000 0.0000 0.0000 0.0000 0.0000 1.0000 0.0000 0.0000 0.0000 0.0000 
 10       10   (0)      2 :  0.0000 0.0000 0.0000 0.0000 0.1000 0.0000 0.9000 0.0000 0.0000 0.0000 
 11       11   (0)      2 :  0.0000 0.0000 0.0000 0.0310 0.0000 0.0000 0.9690 0.0000 0.0000 0.0000 
 12       12   (0)      2 :  0.0683 0.0000 0.0000 0.3585 0.0541 0.0000 0.5192 0.0000 0.0000 0.0000 
 13       13   (0)      3 :  0.0000 0.0000 0.1780 0.0000 0.0014 0.0000 0.0000 0.8206 0.0000 0.0000 
 14       14   (0)      3 :  0.0000 0.0000 0.0001 0.0000 0.1247 0.0000 0.0000 0.8752 0.0000 0.0000 
 15       15   (0)      3 :  0.0000 0.0000 0.0000 0.0000 0.0000 0.0000 0.0000 1.0000 0.0000 0.0000 
 16       16   (0)      3 :  0.0000 0.0000 0.0000 0.0000 0.0000 0.0000 0.0000 1.0000 0.0000 0.0000 
 17       17   (0)      3 :  0.0731 0.0000 0.1602 0.0000 0.0076 0.3656 0.0000 0.3935 0.0000 0.0000 
 18       18   (0)      3 :  0.0000 0.0000 0.0000 0.0000 0.0500 0.0000 0.0000 0.9500 0.0000 0.0000 
 19       19   (0)      3 :  0.0135 0.2680 0.0000 0.1122 0.0637 0.0000 0.5098 0.0268 0.0000 0.0060 
 20       20   (0)      3 :  0.0000 0.3431 0.0000 0.0649 0.0656 0.0000 0.3935 0.0000 0.1305 0.0023 
 21       21   (0)      2 :  0.0273 0.0000 0.0000 0.1067 0.0322 0.1313 0.7013 0.0011 0.0000 0.0000 
 22       22   (0)      2 :  0.0000 0.0000 0.0000 0.2527 0.0123 0.0000 0.7350 0.0000 0.0000 0.0000 
 23       23   (0)      2 :  0.0179 0.0000 0.0000 0.5741 0.0000 0.0000 0.4079 0.0000 0.0000 0.0000 
 24       24   (0)      2 :  0.0132 0.0000 0.0000 0.2611 0.0000 0.0000 0.7257 0.0000 0.0000 0.0000 
 25       25   (0)      2 :  0.0000 0.0000 0.0000 0.0000 0.0350 0.0000 0.9650 0.0000 0.0000 0.0000 
 26       26   (0)      2 :  0.0000 0.0000 0.0000 0.0000 0.0086 0.0000 0.9914 0.0000 0.0000 0.0000 
 27       27   (0)      2 :  0.0608 0.0000 0.0000 0.3409 0.0913 0.0000 0.4957 0.0113 0.0000 0.0000 
 28       28   (0)      2 :  0.0000 0.0023 0.0000 0.1650 0.0036 0.0000 0.8291 0.0000 0.0000 0.0000 
 29       29   (0)      2 :  0.0383 0.0000 0.0000 0.0000 0.0614 0.0000 0.9002 0.0000 0.0000 0.0000 
 30       30   (0)      2 :  0.0127 0.0000 0.0000 0.1309 0.0234 0.0000 0.8330 0.0000 0.0000 0.0000 
 31       31   (0)      2 :  0.2177 0.0000 0.0000 0.0000 0.2265 0.1322 0.3759 0.0477 0.0000 0.0000 
 32       32   (0)      2 :  0.2742 0.0000 0.0000 0.0040 0.3120 0.0019 0.3919 0.0160 0.0000 0.0000 
 33       33   (0)      2 :  0.0415 0.0000 0.0000 0.0000 0.0415 0.0000 0.9170 0.0000 0.0000 0.0000 
 34       34   (0)      2 :  0.0804 0.0000 0.0000 0.0000 0.0726 0.0000 0.8471 0.0000 0.0000 0.0000 
 35       35   (0)      2 :  0.0000 0.0000 0.0000 0.0040 0.0129 0.0000 0.9831 0.0000 0.0000 0.0000 
 36       36   (0)      2 :  0.0104 0.0000 0.0000 0.3422 0.0000 0.0000 0.6337 0.0000 0.0000 0.0137 
 37       37   (0)      2 :  0.0238 0.0000 0.0000 0.0000 0.0384 0.6692 0.0503 0.2183 0.0000 0.0000 
 38       38   (0)      2 :  0.0000 0.0000 0.0000 0.0000 0.0185 0.0000 0.9815 0.0000 0.0000 0.0000 
 39       39   (0)      2 :  0.1121 0.0293 0.0068 0.0731 0.0938 0.0020 0.6635 0.0091 0.0103 0.0001 
 40       40   (0)      2 :  0.0413 0.0000 0.0000 0.2058 0.0283 0.0000 0.7221 0.0016 0.0009 0.0000 
 41       41   (0)      2 :  0.0098 0.0037 0.0831 0.0671 0.0039 0.0000 0.8319 0.0004 0.0000 0.0000 
 42       42   (0)      2 :  0.0109 0.0000 0.0000 0.3615 0.0000 0.0000 0.6277 0.0000 0.0000 0.0000 
 43       43   (0)      4 :  0.0000 0.0042 0.0000 0.0023 0.0342 0.0000 0.0000 0.0000 0.9593 0.0000 
 44       44   (0)      4 :  0.0973 0.0000 0.0005 0.0000 0.0049 0.0070 0.0000 0.0000 0.8903 0.0000 
 45       45   (0)      4 :  0.0000 0.0000 0.0000 0.0000 0.0050 0.0000 0.0000 0.0000 0.9094 0.0857 
 46       46   (0)      4 :  0.0000 0.1033 0.0000 0.0094 0.0417 0.0000 0.0010 0.0000 0.7716 0.0730 
 47       47   (0)      4 :  0.1109 0.0000 0.0085 0.0000 0.0060 0.0096 0.0000 0.0000 0.8651 0.0000 
 48       48   (0)      4 :  0.6955 0.0000 0.0962 0.0000 0.0194 0.0000 0.0000 0.1142 0.0747 0.0000 
 49       49   (0)      4 :  0.7000 0.0000 0.0989 0.0000 0.0112 0.0000 0.0000 0.1544 0.0354 0.0000 
 50       50   (0)      4 :  0.0398 0.0000 0.0000 0.0000 0.0174 0.0000 0.0000 0.0000 0.9428 0.0000 
 51       51   (0)      4 :  0.0000 0.0096 0.0000 0.0051 0.0598 0.0000 0.0000 0.0000 0.9255 0.0000 
 52       52   (0)      4 :  0.0903 0.0000 0.0039 0.0273 0.0267 0.0072 0.0026 0.0085 0.6292 0.2042 
 53       53   (0)      4 :  0.0879 0.0000 0.0209 0.0000 0.0123 0.0000 0.0000 0.0000 0.7321 0.1468 
 54       54   (0)      4 :  0.7000 0.0000 0.1561 0.0000 0.0000 0.0257 0.0000 0.0822 0.0360 0.0000 
 55       55   (0)      4 :  0.7000 0.0000 0.1147 0.0000 0.0000 0.0121 0.0000 0.1395 0.0338 0.0000 
 56       56   (0)      4 :  0.7000 0.0000 0.0612 0.0000 0.0000 0.0000 0.0000 0.1596 0.0792 0.0000 
 57       57   (0)      4 :  0.0000 0.0000 0.0000 0.0000 0.0078 0.0000 0.0000 0.0000 0.8540 0.1381 
 58       58   (0)      4 :  0.0000 0.0296 0.0000 0.0000 0.0533 0.0000 0.0001 0.0000 0.9170 0.0000 
 59       59   (0)      4 :  0.0000 0.0000 0.0000 0.0000 0.0571 0.0000 0.0000 0.0000 0.9429 0.0000 
 60       60   (0)      4 :  0.0000 0.0001 0.0000 0.0050 0.0599 0.0000 0.0000 0.0000 0.9351 0.0000 
 61       61   (0)      4 :  0.0000 0.0192 0.0000 0.0000 0.0556 0.0000 0.0000 0.0000 0.9251 0.0000 
 62       62   (0)      4 :  0.0590 0.0067 0.0000 0.0115 0.0115 0.0000 0.0000 0.0000 0.9112 0.0000 
 63       63   (0)      4 :  0.0000 0.0000 0.0000 0.0000 0.0613 0.0000 0.0000 0.0000 0.9387 0.0000 
 64       64   (0)      4 :  0.0466 0.0000 0.0048 0.0000 0.0134 0.0000 0.0000 0.0000 0.9351 0.0000 
 65       65   (0)      4 :  0.7000 0.0000 0.1563 0.0000 0.0000 0.0072 0.0000 0.1361 0.0003 0.0000 
 66       66   (0)      4 :  0.0000 0.0249 0.0027 0.0064 0.0350 0.0000 0.0000 0.0000 0.9309 0.0000 
 67       67   (0)      4 :  0.0000 0.0000 0.0000 0.0000 0.0140 0.0000 0.0000 0.0000 0.8611 0.1249 
 68       68   (0)      4 :  0.7113 0.0000 0.0998 0.0000 0.0125 0.0172 0.0000 0.1133 0.0459 0.0000 
 69       69   (0)      4 :  0.0000 0.0024 0.0000 0.1139 0.0322 0.0000 0.0000 0.0000 0.8515 0.0000 
 70       70   (0)      4 :  0.0429 0.0000 0.0003 0.0000 0.0000 0.0000 0.0000 0.0000 0.9568 0.0000 
 71       71   (0)      4 :  0.7000 0.0000 0.1385 0.0000 0.0000 0.0000 0.0000 0.1489 0.0125 0.0000 
 72       72   (0)      5 :  0.0259 0.9350 0.0000 0.0000 0.0391 0.0000 0.0000 0.0000 0.0000 0.0000 
 73       73   (0)      5 :  0.0350 0.5031 0.0000 0.0312 0.0746 0.0000 0.0060 0.0038 0.0114 0.3350 
 74       74   (0)      5 :  0.0000 0.7246 0.0000 0.0248 0.0213 0.0000 0.0000 0.0000 0.0465 0.1828 
 75       75   (0)      5 :  0.0000 0.8840 0.0000 0.0973 0.0169 0.0000 0.0000 0.0000 0.0019 0.0000 
 76       76   (0)      5 :  0.0025 0.4365 0.0000 0.0325 0.0203 0.0785 0.1049 0.0000 0.1309 0.1939 
 77       77   (0)      5 :  0.0000 0.8001 0.0000 0.0000 0.1563 0.0000 0.0000 0.0000 0.0000 0.0436 
 78       78   (0)      5 :  0.0000 0.8500 0.0000 0.0000 0.1500 0.0000 0.0000 0.0000 0.0000 0.0000 
 79       79   (0)      5 :  0.0000 1.0000 0.0000 0.0000 0.0000 0.0000 0.0000 0.0000 0.0000 0.0000 
 80       80   (0)      5 :  0.0213 0.0532 0.0975 0.0000 0.3930 0.0000 0.0000 0.4309 0.0000 0.0043 
 81       81   (0)      5 :  0.0000 0.3739 0.0000 0.0000 0.3496 0.0000 0.0000 0.2765 0.0000 0.0000 
 82       82   (0)      5 :  0.0000 0.4627 0.0000 0.0032 0.0589 0.0000 0.0000 0.0000 0.2517 0.2235 
 83       83   (0)      5 :  0.0000 0.8669 0.0000 0.0000 0.1331 0.0000 0.0000 0.0000 0.0000 0.0000 
 84       84   (0)      5 :  0.0000 0.9000 0.0000 0.0000 0.1000 0.0000 0.0000 0.0000 0.0000 0.0000 
 85       85   (0)      5 :  0.0000 0.9000 0.0000 0.0000 0.1000 0.0000 0.0000 0.0000 0.0000 0.0000 
 86       86   (0)      5 :  0.0000 0.9836 0.0000 0.0063 0.0101 0.0000 0.0000 0.0000 0.0000 0.0000 
 87       87   (0)      5 :  0.0000 0.9116 0.0000 0.0673 0.0211 0.0000 0.0000 0.0000 0.0000 0.0000 
 88       88   (0)      5 :  0.0000 0.9500 0.0000 0.0000 0.0500 0.0000 0.0000 0.0000 0.0000 0.0000 
 89       89   (0)      5 :  0.0141 0.9460 0.0000 0.0000 0.0399 0.0000 0.0000 0.0000 0.0000 0.0000 
 90       90   (0)      5 :  0.0000 1.0000 0.0000 0.0000 0.0000 0.0000 0.0000 0.0000 0.0000 0.0000 
 91       91   (0)      5 :  0.0000 0.8500 0.0000 0.0000 0.1500 0.0000 0.0000 0.0000 0.0000 0.0000 
 92       92   (0)      5 :  0.0000 0.1283 0.0788 0.0000 0.3984 0.0000 0.0000 0.3945 0.0000 0.0000 
 93       93   (0)      5 :  0.0234 0.8992 0.0000 0.0000 0.0385 0.0000 0.0284 0.0000 0.0021 0.0083 
 94       94   (0)      5 :  0.0011 0.5933 0.0000 0.0000 0.1772 0.0000 0.0000 0.0000 0.0134 0.2149 
 95       95   (0)      5 :  0.0000 0.7810 0.0000 0.0000 0.0318 0.0000 0.0000 0.0000 0.1444 0.0428 
 96       96   (0)      5 :  0.0008 0.6495 0.0000 0.0025 0.0327 0.0000 0.0230 0.0000 0.1259 0.1655 
 97       97   (0)      6 :  0.0464 0.3792 0.0000 0.3655 0.0684 0.0000 0.0111 0.0071 0.1220 0.0003 
 98       98   (0)      6 :  0.0328 0.0345 0.0000 0.8513 0.0483 0.0002 0.0001 0.0000 0.0000 0.0329 
 99       99   (0)      6 :  0.0000 0.0000 0.1551 0.0000 0.0560 0.7144 0.0000 0.0745 0.0000 0.0000 
100      100   (0)      6 :  0.0001 0.1584 0.0000 0.5806 0.0666 0.0000 0.0507 0.0000 0.1436 0.0000 
101      101   (0)      6 :  0.0000 0.0000 0.0000 0.0000 0.1794 0.1732 0.0000 0.6474 0.0000 0.0000 
102      102   (0)      6 :  0.0600 0.0000 0.0979 0.0000 0.0285 0.7876 0.0000 0.0261 0.0000 0.0000 
103      103   (0)      6 :  0.0967 0.0000 0.0022 0.0000 0.1569 0.3573 0.0000 0.3869 0.0000 0.0000 
104      104   (0)      6 :  0.1813 0.2649 0.0000 0.1887 0.2522 0.0129 0.0081 0.0088 0.0509 0.0322 
105      105   (0)      6 :  0.0000 0.0000 0.0000 0.0000 0.2436 0.5949 0.0000 0.1615 0.0000 0.0000 
106      106   (0)      6 :  0.0000 0.1641 0.0000 0.7723 0.0631 0.0000 0.0000 0.0000 0.0000 0.0004 
107      107   (0)      3 :  0.0000 0.0000 0.0000 0.0000 0.0000 0.1946 0.0000 0.8054 0.0000 0.0000 
108      108   (0)      3 :  0.0000 0.2560 0.0000 0.4257 0.0942 0.0000 0.0000 0.0109 0.1384 0.0748 
109      109   (0)      3 :  0.0000 0.0000 0.0000 0.0000 0.0856 0.0000 0.0000 0.9144 0.0000 0.0000 
110      110   (0)      2 :  0.0078 0.0000 0.0000 0.9549 0.0291 0.0000 0.0082 0.0000 0.0000 0.0000 
111      111   (0)      2 :  0.0136 0.0000 0.0043 0.0000 0.2175 0.3384 0.0000 0.4261 0.0000 0.0000 
112      112   (0)      3 :  0.0000 0.0000 0.0000 0.0000 0.3183 0.0000 0.0000 0.6817 0.0000 0.0000 
113      113   (0)      2 :  0.0000 0.0000 0.0000 0.0469 0.1000 0.0000 0.8531 0.0000 0.0000 0.0000 
114      114   (0)      2 :  0.0100 0.0000 0.0000 0.0018 0.1298 0.3404 0.0000 0.5180 0.0000 0.0000 
115      115   (0)      3 :  0.0000 0.0000 0.0000 0.0000 0.0000 0.0892 0.0000 0.9108 0.0000 0.0000 
116      116   (0)      3 :  0.0000 0.0000 0.0027 0.0000 0.0040 0.0000 0.0000 0.9933 0.0000 0.0000 
117      117   (0)      3 :  0.0000 0.0000 0.0656 0.0004 0.0000 0.0002 0.0000 0.9337 0.0000 0.0000 
118      118   (0)      3 :  0.0000 0.0000 0.0000 0.0000 0.0629 0.1232 0.0000 0.8139 0.0000 0.0000 
119      119   (0)      3 :  0.0000 0.0000 0.0000 0.0000 0.0073 0.1022 0.0000 0.8905 0.0000 0.0000 
120      120   (0)      3 :  0.0000 0.2966 0.0000 0.3687 0.0650 0.0000 0.1864 0.0000 0.0752 0.0081 
121      121   (0)      3 :  0.0000 0.0000 0.0000 0.0000 0.0000 0.0000 0.0000 1.0000 0.0000 0.0000 
122      122   (0)      3 :  0.0072 0.0000 0.0843 0.0000 0.0879 0.1362 0.0000 0.6844 0.0000 0.0000 
123      123   (0)      3 :  0.0180 0.0000 0.0769 0.0000 0.2403 0.0043 0.0000 0.5908 0.0000 0.0698 
124      124   (0)      3 :  0.0000 0.0000 0.0000 0.0000 0.0000 0.0000 0.0000 1.0000 0.0000 0.0000 
125      125   (0)      3 :  0.0444 0.1006 0.0000 0.2083 0.1007 0.0000 0.4189 0.0146 0.0984 0.0141 
126      126   (0)      3 :  0.0000 0.0000 0.0000 0.0000 0.0714 0.0000 0.0000 0.9286 0.0000 0.0000 
127      127   (0)      3 :  0.0045 0.1830 0.0000 0.5466 0.0510 0.0000 0.2149 0.0000 0.0000 0.0000 
128      128   (0)      3 :  0.0000 0.0000 0.0000 0.0000 0.0000 0.0000 0.0000 1.0000 0.0000 0.0000 
129      129   (0)      6 :  0.0531 0.0015 0.0000 0.0199 0.3435 0.1387 0.0000 0.4431 0.0002 0.0000 
130      130   (0)      6 :  0.0030 0.1537 0.0000 0.6005 0.0859 0.0000 0.0000 0.0000 0.0002 0.1566 
131      131   (0)      6 :  0.0000 0.0000 0.0470 0.0000 0.1894 0.3057 0.0000 0.4579 0.0000 0.0000 
132      132   (0)      6 :  0.0368 0.2576 0.0000 0.5244 0.0128 0.0000 0.1680 0.0000 0.0000 0.0004 
133      133   (0)      6 :  0.0000 0.0000 0.0000 0.0000 0.0000 1.0000 0.0000 0.0000 0.0000 0.0000 
134      134   (0)      6 :  0.0000 0.0000 0.0000 0.0188 0.2263 0.3063 0.0000 0.4485 0.0000 0.0000 
135      135   (0)      6 :  0.0067 0.0000 0.0000 0.0000 0.3243 0.2917 0.0000 0.3774 0.0000 0.0000 
136      136   (0)      6 :  0.0023 0.0000 0.0254 0.0000 0.2587 0.3230 0.0000 0.3906 0.0000 0.0000 
137      137   (0)      6 :  0.0000 0.0000 0.0000 0.0000 0.0930 0.3738 0.0000 0.5332 0.0000 0.0000 
138      138   (0)      6 :  0.0000 0.0000 0.0000 0.0000 0.2359 0.3330 0.0000 0.4311 0.0000 0.0000 
139      139   (0)      6 :  0.0479 0.0147 0.0000 0.0000 0.4864 0.0710 0.0000 0.3799 0.0000 0.0000 
140      140   (0)      6 :  0.0433 0.1091 0.0000 0.2914 0.0459 0.0000 0.2669 0.0137 0.1118 0.1179 
141      141   (0)      1 :  0.0312 0.0000 0.0000 0.9554 0.0135 0.0000 0.0000 0.0000 0.0000 0.0000 
142      142   (0)      1 :  0.0049 0.0000 0.0000 0.0960 0.2028 0.2690 0.0000 0.4273 0.0000 0.0000 
143      143   (0)      1 :  0.0422 0.0000 0.0000 0.6930 0.0087 0.0000 0.1117 0.0000 0.0000 0.1444 
144      144   (0)      1 :  0.2177 0.0000 0.0000 0.7119 0.0704 0.0000 0.0000 0.0000 0.0000 0.0000 
145      145   (0)      1 :  0.0488 0.0000 0.0000 0.9512 0.0000 0.0000 0.0000 0.0000 0.0000 0.0000 
146      146   (0)      1 :  0.0000 0.0000 0.0000 0.0000 0.0000 1.0000 0.0000 0.0000 0.0000 0.0000 
147      147   (0)      6 :  0.0019 0.0000 0.0000 0.0000 0.1110 0.4791 0.0000 0.4080 0.0000 0.0000 
148      148   (0)      6 :  0.0148 0.0454 0.0000 0.9129 0.0269 0.0000 0.0000 0.0000 0.0000 0.0000 
149      149   (0)      6 :  0.0185 0.0000 0.1083 0.0000 0.0662 0.7212 0.0164 0.0684 0.0010 0.0000 
150      150   (0)      6 :  0.0128 0.0000 0.0000 0.0063 0.2319 0.5158 0.0000 0.2109 0.0223 0.0000 
151      151   (0)      6 :  0.0000 0.0000 0.0000 0.0000 0.0875 0.8199 0.0000 0.0926 0.0000 0.0000 
152      152   (0)      6 :  0.0000 0.0000 0.0000 0.0000 0.0715 0.3567 0.0000 0.5717 0.0000 0.0000 
153      153   (0)      6 :  0.0000 0.1577 0.0000 0.7601 0.0564 0.0000 0.0000 0.0000 0.0258 0.0000 
154      154   (0)      1 :  0.0500 0.0000 0.0000 0.9500 0.0000 0.0000 0.0000 0.0000 0.0000 0.0000 
155      155   (0)      1 :  0.0000 0.0000 0.0000 0.0000 0.0000 1.0000 0.0000 0.0000 0.0000 0.0000 
156      156   (0)      1 :  0.0000 0.0000 0.0000 0.0000 0.0000 1.0000 0.0000 0.0000 0.0000 0.0000 
157      157   (0)      1 :  0.0000 0.0000 0.0000 0.0000 0.0000 1.0000 0.0000 0.0000 0.0000 0.0000 
158      158   (0)      1 :  0.0676 0.0000 0.0000 0.6459 0.0538 0.0101 0.2225 0.0000 0.0000 0.0000 
159      159   (0)      1 :  0.0298 0.0000 0.0000 0.9702 0.0000 0.0000 0.0000 0.0000 0.0000 0.0000 
160      160   (0)      1 :  0.0430 0.0000 0.0000 0.6448 0.0085 0.0000 0.3037 0.0000 0.0000 0.0000 
161      161   (0)      1 :  0.0000 0.0000 0.0000 0.0000 0.0000 1.0000 0.0000 0.0000 0.0000 0.0000 
162      162   (0)      1 :  0.1248 0.0092 0.0000 0.7419 0.0715 0.0000 0.0527 0.0000 0.0000 0.0000 
163      163   (0)      1 :  0.0647 0.0000 0.0000 0.5697 0.0192 0.0000 0.3464 0.0000 0.0000 0.0000 
164      164   (0)      1 :  0.0000 0.0000 0.0000 0.0000 0.0000 1.0000 0.0000 0.0000 0.0000 0.0000 
165      165   (0)      1 :  0.0000 0.0000 0.0000 0.0000 0.0102 0.9880 0.0000 0.0018 0.0000 0.0000 
166      166   (0)      1 :  0.3000 0.0000 0.0000 0.5500 0.1500 0.0000 0.0000 0.0000 0.0000 0.0000 
167      167   (0)      1 :  0.0000 0.0000 0.0000 0.0000 0.0104 0.9896 0.0000 0.0000 0.0000 0.0000 
168      168   (0)      7 :  0.0000 0.0000 0.0000 0.3056 0.0639 0.0000 0.0000 0.0000 0.0000 0.6305 
169      169   (0)      7 :  0.0182 0.1088 0.0000 0.0000 0.1588 0.0000 0.1422 0.0000 0.0000 0.5719 
170      170   (0)      7 :  0.0000 0.0000 0.1217 0.0000 0.0226 0.0676 0.0000 0.0000 0.0000 0.7881 
171      171   (0)      7 :  0.0074 0.0000 0.1415 0.0000 0.0748 0.0053 0.0000 0.0000 0.0000 0.7709 
172      172   (0)      7 :  0.0000 0.0000 0.0000 0.0000 0.0000 0.0000 0.0000 0.0000 0.0000 1.0000 
173      173   (0)      7 :  0.0000 0.1710 0.0000 0.0000 0.0446 0.0000 0.0000 0.0000 0.0000 0.7844 
174      174   (0)      7 :  0.0000 0.0102 0.0000 0.0000 0.0025 0.0000 0.0000 0.0000 0.0000 0.9873 
175      175   (0)      7 :  0.0000 0.0000 1.0000 0.0000 0.0000 0.0000 0.0000 0.0000 0.0000 0.0000 
176      176   (0)      7 :  0.0000 0.0000 0.0000 0.0000 0.0150 0.0000 0.0000 0.0000 0.0000 0.9850 
177      177   (0)      7 :  0.0000 0.0000 0.0000 0.0000 0.0000 0.0000 0.0000 0.0000 0.0000 1.0000 
178      178   (0)      7 :  0.0000 0.0000 0.9070 0.0000 0.0713 0.0000 0.0000 0.0217 0.0000 0.0000 
179      179   (0)      7 :  0.0000 0.0000 1.0000 0.0000 0.0000 0.0000 0.0000 0.0000 0.0000 0.0000 
180      180   (0)      7 :  0.0000 0.0000 0.0000 0.0000 0.0030 0.0000 0.0000 0.0000 0.0000 0.9970 
181      181   (0)      7 :  0.0000 0.0551 0.0000 0.0035 0.0091 0.0000 0.0020 0.0000 0.0000 0.9303 
182      182   (0)      7 :  0.0000 0.0834 0.0000 0.0000 0.0307 0.0000 0.0000 0.0000 0.0000 0.8859 
183      183   (0)      7 :  0.0142 0.0000 0.2234 0.0014 0.0746 0.0000 0.0000 0.0000 0.0000 0.6864 
184      184   (0)      7 :  0.0000 0.0000 1.0000 0.0000 0.0000 0.0000 0.0000 0.0000 0.0000 0.0000 
185      185   (0)      7 :  0.0000 0.0000 0.0126 0.0000 0.0000 0.0000 0.0000 0.0000 0.0000 0.9874 
186      186   (0)      7 :  0.0000 0.0000 1.0000 0.0000 0.0000 0.0000 0.0000 0.0000 0.0000 0.0000 
187      187   (0)      7 :  0.0000 0.1291 0.0000 0.0000 0.0053 0.0000 0.0000 0.0000 0.0000 0.8656 
188      188   (0)      7 :  0.0000 0.0000 1.0000 0.0000 0.0000 0.0000 0.0000 0.0000 0.0000 0.0000 
189      189   (0)      7 :  0.0000 0.1357 0.2715 0.0000 0.0378 0.0000 0.0000 0.0000 0.0000 0.5550 
190      190   (0)      7 :  0.0111 0.1202 0.0745 0.0031 0.0605 0.0000 0.1041 0.0000 0.0000 0.6264 
191      191   (0)      7 :  0.0000 0.0000 0.0000 0.0000 0.0500 0.0000 0.0000 0.0000 0.0024 0.9476 
192      192   (0)      7 :  0.0000 0.0006 0.3205 0.0307 0.0291 0.0000 0.0000 0.0000 0.0550 0.5641 
193      193   (0)      7 :  0.0000 0.0000 0.0174 0.0012 0.0085 0.0000 0.0000 0.0000 0.0293 0.9435 
194      194   (0)      7 :  0.0000 0.0000 1.0000 0.0000 0.0000 0.0000 0.0000 0.0000 0.0000 0.0000 
195      195   (0)      7 :  0.0000 0.2076 0.0384 0.0000 0.0326 0.0000 0.0000 0.0000 0.0000 0.7215 
196      196   (0)      7 :  0.0000 0.0000 1.0000 0.0000 0.0000 0.0000 0.0000 0.0000 0.0000 0.0000 
197      197   (0)      7 :  0.0000 0.0000 0.9954 0.0000 0.0046 0.0000 0.0000 0.0000 0.0000 0.0000 
