1        1   (0)      1  : 0.4382 0.0000 0.0496 0.0000 0.2819 0.0325 0.0523 0.0000 0.1455
2        2   (0)      1  : 0.3706 0.0000 0.0452 0.0002 0.1453 0.0000 0.0057 0.0134 0.4196
3        3   (0)      1  : 0.0000 0.0000 1.0000 0.0000 0.0000 0.0000 0.0000 0.0000 0.0000
4        4   (0)      1  : 0.2086 0.0000 0.0027 0.0000 0.0000 0.0000 0.0000 0.0000 0.7887
5        5   (0)      1  : 0.1496 0.0000 0.0000 0.0000 0.1856 0.0225 0.0611 0.0000 0.5812
6        6   (0)      1  : 0.7030 0.0000 0.1889 0.0000 0.0053 0.0000 0.0000 0.0000 0.1029
7        7   (0)      1  : 0.5612 0.0000 0.0000 0.0000 0.3058 0.0000 0.0034 0.0000 0.1296
8        8   (0)      1  : 0.1852 0.0000 0.0000 0.0000 0.0248 0.0000 0.0000 0.0000 0.7900
9        9   (0)      1  : 0.0000 0.0000 1.0000 0.0000 0.0000 0.0000 0.0000 0.0000 0.0000
10       10   (0)      1  : 0.5064 0.0000 0.0382 0.0000 0.2214 0.0000 0.0463 0.0714 0.1163
11       11   (0)      1  : 0.5347 0.0000 0.0000 0.0000 0.1944 0.0222 0.0373 0.0184 0.1931
12       12   (0)      1  : 0.6537 0.0000 0.0000 0.0000 0.0863 0.0000 0.0000 0.0229 0.2370
13       13   (0)      1  : 0.5775 0.0000 0.0074 0.0000 0.1322 0.0000 0.0000 0.0319 0.2510
14       14   (0)      1  : 0.2378 0.0000 0.0000 0.0000 0.4543 0.0000 0.1263 0.0000 0.1816
15       15   (0)      2  : 0.0000 0.0000 0.0000 0.0000 0.8024 0.0714 0.0000 0.0000 0.1262
16       16   (0)      2  : 0.0000 0.6532 0.0000 0.1748 0.0000 0.0179 0.0893 0.0648 0.0000
17       17   (0)      2  : 0.0000 0.1428 0.0000 0.0714 0.0000 0.0715 0.0000 0.7143 0.0000
18       18   (0)      2  : 0.0000 0.5476 0.0000 0.0587 0.0000 0.1255 0.0640 0.2043 0.0000
19       19   (0)      2  : 0.0000 0.0350 0.0000 0.4758 0.0000 0.0619 0.0000 0.4273 0.0000
20       20   (0)      2  : 0.0000 0.5135 0.0000 0.2807 0.0000 0.0897 0.0407 0.0755 0.0000
21       21   (0)      2  : 0.0000 0.0255 0.0000 0.5326 0.0000 0.0227 0.0112 0.4080 0.0000
22       22   (0)      2  : 0.0000 0.6189 0.0000 0.0386 0.0000 0.1350 0.0491 0.1583 0.0000
23       23   (0)      1  : 0.1230 0.0000 0.0003 0.0000 0.5502 0.0596 0.0601 0.0093 0.1976
24       24   (0)      1  : 0.1099 0.0000 0.0033 0.0017 0.8041 0.0000 0.0040 0.0000 0.0771
25       25   (0)      1  : 0.0000 0.0000 1.0000 0.0000 0.0000 0.0000 0.0000 0.0000 0.0000
26       26   (0)      1  : 0.6036 0.0000 0.0007 0.0000 0.1507 0.0366 0.0242 0.0000 0.1842
27       27   (0)      2  : 0.0000 0.0000 0.0000 0.0714 0.0000 0.9286 0.0000 0.0000 0.0000
28       28   (0)      2  : 0.0000 0.8616 0.0000 0.0208 0.0000 0.0000 0.0714 0.0462 0.0000
29       29   (0)      2  : 0.0000 0.0000 0.0000 0.4180 0.0000 0.2213 0.0377 0.3230 0.0000
30       30   (0)      2  : 0.0000 0.9286 0.0000 0.0000 0.0000 0.0000 0.0714 0.0000 0.0000
31       31   (0)      2  : 0.0000 0.1578 0.0000 0.4557 0.0037 0.0000 0.0000 0.3764 0.0064
32       32   (0)      2  : 0.0000 0.1711 0.1289 0.2466 0.0000 0.0524 0.0190 0.3820 0.0000
33       33   (0)      2  : 0.0000 0.1516 0.0000 0.1689 0.0000 0.0522 0.0000 0.6273 0.0000
34       34   (0)      1  : 0.0714 0.0000 0.0000 0.0000 0.3714 0.0000 0.0714 0.0000 0.4857
35       35   (0)      2  : 0.0000 0.1148 0.0000 0.5396 0.0000 0.0000 0.0000 0.3455 0.0000
36       36   (0)      2  : 0.0000 0.1446 0.0000 0.6065 0.0000 0.0079 0.1151 0.1258 0.0000
37       37   (0)      2  : 0.0000 0.3164 0.0000 0.1584 0.0000 0.1143 0.0657 0.3452 0.0000
38       38   (0)      2  : 0.0000 0.1708 0.0000 0.0447 0.0000 0.0434 0.0000 0.7410 0.0000
39       39   (0)      2  : 0.0714 0.0000 0.0000 0.0000 0.8386 0.0714 0.0000 0.0000 0.0186
40       40   (0)      2  : 0.1836 0.0000 0.0000 0.0000 0.5184 0.0325 0.1119 0.0000 0.1537
41       41   (0)      2  : 0.2644 0.0000 0.0000 0.0000 0.4513 0.0714 0.1678 0.0000 0.0452
42       42   (0)      2  : 0.6099 0.0000 0.0001 0.0000 0.0521 0.0714 0.0214 0.0000 0.2451
43       43   (0)      2  : 0.3588 0.0000 0.0000 0.0000 0.3096 0.0173 0.0932 0.0117 0.2094
44       44   (0)      2  : 0.0000 0.5731 0.0000 0.1322 0.0000 0.0014 0.0388 0.2546 0.0000
45       45   (0)      2  : 0.0000 0.4284 0.0000 0.0709 0.0000 0.0252 0.0199 0.4556 0.0000
46       46   (0)      2  : 0.0000 0.4018 0.0000 0.2501 0.0000 0.0000 0.0436 0.3045 0.0000
47       47   (0)      2  : 0.1754 0.0000 0.0000 0.0000 0.1958 0.0000 0.1133 0.0000 0.5155
48       48   (0)      2  : 0.0000 0.4692 0.0000 0.0970 0.0000 0.1191 0.0000 0.3147 0.0000
49       49   (0)      1  : 0.1728 0.0000 0.0002 0.0000 0.7132 0.0410 0.0014 0.0714 0.0000
50       50   (0)      1  : 0.0929 0.0000 0.0000 0.0000 0.2566 0.0256 0.0118 0.0000 0.6131
51       51   (0)      1  : 0.1245 0.0000 0.0000 0.0000 0.1459 0.0214 0.1325 0.0000 0.5758
52       52   (0)      1  : 0.3798 0.0000 0.0000 0.0000 0.3837 0.0000 0.0812 0.0000 0.1554
53       53   (0)      1  : 0.3331 0.0000 0.0217 0.0000 0.1469 0.0000 0.3455 0.0000 0.1529
54       54   (0)      1  : 0.4185 0.0000 0.0033 0.0000 0.3733 0.0287 0.0353 0.0714 0.0696
55       55   (0)      1  : 0.3588 0.0000 0.0002 0.0000 0.3366 0.0000 0.0061 0.0000 0.2984
56       56   (0)      3  : 0.0000 0.0097 0.0000 0.6309 0.0000 0.1473 0.0000 0.2122 0.0000
57       57   (0)      3  : 0.0000 0.4025 0.0000 0.4022 0.0000 0.0288 0.1014 0.0652 0.0000
58       58   (0)      3  : 0.0000 0.7603 0.0000 0.1429 0.0000 0.0000 0.0714 0.0255 0.0000
59       59   (0)      3  : 0.0000 0.0967 0.0000 0.7953 0.0000 0.0166 0.0714 0.0199 0.0000
60       60   (0)      3  : 0.0000 0.2459 0.0000 0.2331 0.0000 0.1089 0.0493 0.3629 0.0000
61       61   (0)      3  : 0.0000 0.4660 0.0000 0.2431 0.0000 0.0172 0.1251 0.1485 0.0000
62       62   (0)      3  : 0.0000 0.2330 0.0000 0.1475 0.0000 0.0000 0.0000 0.6195 0.0000
63       63   (0)      4  : 0.0000 0.0000 1.0000 0.0000 0.0000 0.0000 0.0000 0.0000 0.0000
64       64   (0)      4  : 0.3480 0.0000 0.0000 0.0000 0.3174 0.0000 0.0545 0.0192 0.2609
65       65   (0)      4  : 0.3068 0.0000 0.0049 0.0000 0.2098 0.0000 0.3535 0.0137 0.1113
66       66   (0)      3  : 0.0000 0.3334 0.0000 0.4006 0.0000 0.0000 0.0000 0.2660 0.0000
67       67   (0)      3  : 0.0000 0.3032 0.0000 0.4307 0.0000 0.0263 0.0000 0.2398 0.0000
68       68   (0)      3  : 0.0000 0.0000 0.0000 0.0714 0.0000 0.9286 0.0000 0.0000 0.0000
69       69   (0)      3  : 0.0000 0.0671 0.0000 0.5584 0.0000 0.0829 0.0714 0.2202 0.0000
70       70   (0)      3  : 0.0000 0.1004 0.0000 0.7886 0.0000 0.0000 0.0395 0.0714 0.0000
71       71   (0)      3  : 0.0000 0.5733 0.0000 0.0925 0.0000 0.0725 0.0000 0.2617 0.0000
72       72   (0)      4  : 0.3945 0.0007 0.0111 0.0021 0.3981 0.0735 0.0000 0.0088 0.1112
73       73   (0)      4  : 0.2984 0.0067 0.0000 0.0491 0.3384 0.0254 0.0125 0.0316 0.2379
74       74   (0)      4  : 0.4107 0.0000 0.0000 0.0000 0.0397 0.0253 0.0180 0.0000 0.5064
75       75   (0)      4  : 0.3839 0.0000 0.0043 0.0000 0.4088 0.0000 0.1034 0.0714 0.0281
76       76   (0)      4  : 0.0526 0.0000 0.0008 0.0000 0.2316 0.0000 0.0007 0.0000 0.7143
77       77   (0)      4  : 0.1034 0.0000 0.0000 0.0000 0.5847 0.0185 0.0631 0.0000 0.2303
78       78   (0)      4  : 0.2849 0.0000 0.0000 0.0000 0.2923 0.0103 0.0328 0.0000 0.3798
79       79   (0)      3  : 0.7351 0.0000 0.0000 0.0000 0.0000 0.0000 0.1935 0.0000 0.0714
80       80   (0)      3  : 0.0000 0.2225 0.0000 0.5629 0.0000 0.0265 0.0714 0.1167 0.0000
81       81   (0)      3  : 0.0000 0.6096 0.0000 0.1727 0.0000 0.0019 0.0261 0.1897 0.0000
82       82   (0)      3  : 0.0000 0.1683 0.0000 0.2196 0.0000 0.1244 0.0000 0.4877 0.0000
83       83   (0)      3  : 0.0729 0.0000 0.0000 0.0000 0.2931 0.0000 0.0091 0.0000 0.6249
84       84   (0)      3  : 0.0000 0.0000 0.0000 0.0000 0.0000 0.0000 0.8571 0.0000 0.1429
85       85   (0)      3  : 0.0000 0.3265 0.0000 0.5758 0.0000 0.0000 0.0714 0.0263 0.0000
86       86   (0)      3  : 0.0000 0.4844 0.0000 0.0977 0.0000 0.0000 0.0714 0.3465 0.0000
87       87   (0)      3  : 0.0000 0.4969 0.0000 0.1532 0.0000 0.0439 0.0785 0.2237 0.0038
88       88   (0)      3  : 0.0000 0.1420 0.0000 0.4125 0.0000 0.0051 0.0135 0.4269 0.0000
89       89   (0)      4  : 0.5422 0.0137 0.0274 0.0075 0.2910 0.0098 0.0248 0.0732 0.0103
90       90   (0)      3  : 0.0000 0.2636 0.0000 0.3047 0.0000 0.0020 0.0262 0.4034 0.0000
91       91   (0)      3  : 0.0000 0.8514 0.0000 0.0222 0.0000 0.0089 0.0000 0.1175 0.0000
92       92   (0)      3  : 0.0000 0.2653 0.0000 0.1354 0.0000 0.2483 0.0769 0.2741 0.0000
93       93   (0)      3  : 0.0000 0.0215 0.0000 0.7794 0.0000 0.0250 0.0178 0.1563 0.0000
94       94   (0)      3  : 0.0627 0.3334 0.0000 0.2996 0.0269 0.0000 0.1167 0.1341 0.0266
95       95   (0)      4  : 0.2791 0.0363 0.0101 0.0539 0.3963 0.0211 0.0229 0.0567 0.1238
96       96   (0)      4  : 0.0647 0.0000 0.0000 0.0000 0.7935 0.0714 0.0144 0.0000 0.0559
97       97   (0)      4  : 0.1813 0.0000 0.0000 0.0000 0.3553 0.0243 0.0063 0.0000 0.4327
98       98   (0)      4  : 0.2464 0.0041 0.0461 0.0158 0.4759 0.0000 0.0812 0.0265 0.1040
99       99   (0)      4  : 0.2878 0.0000 0.0297 0.0000 0.3348 0.0211 0.2067 0.0370 0.0829
100      100   (0)      4  : 0.0853 0.0000 0.0000 0.0000 0.8438 0.0000 0.0010 0.0431 0.0268
101      101   (0)      4  : 0.6819 0.0000 0.0000 0.0000 0.1305 0.0000 0.0356 0.0309 0.1211
102      102   (0)      4  : 0.0000 0.0000 0.0000 0.0000 0.5188 0.0226 0.0005 0.0000 0.4581
103      103   (0)      4  : 0.0000 0.0000 1.0000 0.0000 0.0000 0.0000 0.0000 0.0000 0.0000
104      104   (0)      4  : 0.5343 0.0000 0.0078 0.0000 0.0485 0.0000 0.0000 0.0164 0.3930
105      105   (0)      4  : 0.2192 0.0000 0.0102 0.0000 0.3983 0.0146 0.0305 0.0000 0.3272
106      106   (0)      4  : 0.6400 0.0000 0.0059 0.0048 0.1152 0.0000 0.1023 0.0734 0.0584
107      107   (0)      4  : 0.0767 0.0000 0.0339 0.0000 0.6381 0.0340 0.0003 0.0000 0.2169
108      108   (0)      4  : 0.0000 0.0000 0.0000 0.0000 0.0000 0.0000 0.8571 0.0000 0.1429
109      109   (0)      4  : 0.7436 0.0000 0.0000 0.0000 0.0725 0.0247 0.0157 0.0000 0.1434
110      110   (0)      4  : 0.2224 0.0000 0.1007 0.0000 0.4934 0.0246 0.0598 0.0169 0.0823
111      111   (0)      4  : 0.0000 0.0000 1.0000 0.0000 0.0000 0.0000 0.0000 0.0000 0.0000
112      112   (0)      4  : 0.0000 0.0000 1.0000 0.0000 0.0000 0.0000 0.0000 0.0000 0.0000
113      113   (0)      4  : 0.0000 0.1678 0.0000 0.6492 0.0000 0.0101 0.0445 0.1284 0.0000
114      114   (0)      4  : 0.6739 0.0000 0.0000 0.0000 0.0743 0.0366 0.0088 0.0125 0.1940
115      115   (0)      4  : 0.5956 0.0000 0.0000 0.0000 0.2068 0.0000 0.0000 0.0000 0.1977
116      116   (0)      4  : 0.7857 0.0000 0.0000 0.0000 0.0714 0.0000 0.0000 0.0000 0.1429
