  1        1   (0)      1 :  0.1534 0.2208 0.0463 0.1876 0.1546 0.0570 0.1803 
  2        2   (0)      1 :  0.0858 0.0044 0.3367 0.2179 0.0693 0.2228 0.0631 
  3        3   (0)      1 :  0.0611 0.0148 0.1523 0.5910 0.0680 0.0168 0.0960 
  4        4   (0)      1 :  0.1845 0.0033 0.3436 0.0275 0.1291 0.0970 0.2151 
  5        5   (0)      1 :  0.2105 0.1339 0.0583 0.2681 0.1615 0.0486 0.1192 
  6        6   (0)      1 :  0.0418 0.0005 0.2428 0.0907 0.1828 0.1226 0.3188 
  7        7   (0)      1 :  0.2066 0.1421 0.0316 0.2485 0.3711 0.0000 0.0000 
  8        8   (0)      1 :  0.1690 0.0000 0.0672 0.1926 0.3779 0.0042 0.1892 
  9        9   (0)      1 :  0.2710 0.5167 0.1034 0.0000 0.0860 0.0228 0.0001 
 10       10   (0)      1 :  0.2610 0.1995 0.1158 0.0132 0.0658 0.1689 0.1758 
 11       11   (0)      1 :  0.0601 0.9381 0.0000 0.0000 0.0018 0.0000 0.0000 
 12       12   (0)      1 :  0.3475 0.2941 0.1212 0.0784 0.0000 0.1145 0.0444 
 13       13   (0)      2 :  0.1793 0.3162 0.1451 0.2117 0.0117 0.0022 0.1337 
 14       14   (0)      2 :  0.0096 0.9904 0.0000 0.0000 0.0000 0.0000 0.0000 
 15       15   (0)      2 :  0.0982 0.8876 0.0044 0.0000 0.0000 0.0061 0.0038 
 16       16   (0)      2 :  0.1728 0.7974 0.0060 0.0163 0.0074 0.0000 0.0001 
 17       17   (0)      2 :  0.2402 0.3738 0.1312 0.0814 0.1337 0.0323 0.0074 
 18       18   (0)      2 :  0.2142 0.7046 0.0000 0.0290 0.0180 0.0342 0.0000 
 19       19   (0)      2 :  0.1789 0.7380 0.0081 0.0596 0.0107 0.0000 0.0048 
 20       20   (0)      2 :  0.1327 0.1800 0.0912 0.4079 0.0596 0.0352 0.0934 
 21       21   (0)      2 :  0.0555 0.0000 0.1864 0.1481 0.2904 0.0756 0.2441 
 22       22   (0)      2 :  0.2530 0.3027 0.0658 0.1559 0.0742 0.0130 0.1353 
 23       23   (0)      2 :  0.0623 0.5757 0.0908 0.1821 0.0349 0.0114 0.0429 
 24       24   (0)      2 :  0.0435 0.0000 0.0519 0.2938 0.4273 0.0139 0.1697 
 25       25   (0)      2 :  0.2597 0.2804 0.0785 0.0460 0.2729 0.0296 0.0328 
 26       26   (0)      2 :  0.2254 0.1794 0.1271 0.2468 0.0206 0.0223 0.1784 
 27       27   (0)      2 :  0.1313 0.0621 0.1146 0.4070 0.0377 0.0128 0.2345 
 28       28   (0)      2 :  0.1507 0.6913 0.0231 0.0274 0.0795 0.0280 0.0000 
 29       29   (0)      2 :  0.0654 0.0045 0.1792 0.4183 0.2258 0.0613 0.0455 
 30       30   (0)      2 :  0.2521 0.3386 0.0677 0.0498 0.2466 0.0106 0.0345 
 31       31   (0)      2 :  0.1128 0.2269 0.1278 0.0480 0.1401 0.2616 0.0829 
 32       32   (0)      2 :  0.0766 0.2336 0.1102 0.1105 0.0360 0.3719 0.0613 
 33       33   (0)      2 :  0.1636 0.8363 0.0000 0.0000 0.0000 0.0000 0.0000 
 34       34   (0)      3 :  0.0578 0.0000 0.1112 0.5524 0.1599 0.0330 0.0857 
 35       35   (0)      3 :  0.0166 0.0000 0.3790 0.1096 0.3852 0.0905 0.0191 
 36       36   (0)      3 :  0.0436 0.0036 0.1825 0.0428 0.0994 0.5670 0.0613 
 37       37   (0)      3 :  0.1561 0.0414 0.2121 0.1143 0.1833 0.1585 0.1343 
 38       38   (0)      3 :  0.1382 0.0006 0.1067 0.1388 0.0251 0.0336 0.5571 
 39       39   (0)      3 :  0.0949 0.0000 0.0884 0.0723 0.1039 0.0862 0.5543 
 40       40   (0)      3 :  0.0544 0.0011 0.1400 0.2251 0.0727 0.1688 0.3380 
 41       41   (0)      3 :  0.0420 0.0759 0.0937 0.4414 0.1209 0.1144 0.1117 
 42       42   (0)      3 :  0.1234 0.1562 0.1617 0.0643 0.4040 0.0269 0.0635 
 43       43   (0)      3 :  0.0377 0.0000 0.2251 0.0236 0.0046 0.5365 0.1726 
 44       44   (0)      3 :  0.1377 0.0691 0.2725 0.1237 0.1452 0.0524 0.1994 
 45       45   (0)      3 :  0.0346 0.0000 0.2854 0.1784 0.1863 0.2188 0.0965 
 46       46   (0)      3 :  0.0259 0.0111 0.0971 0.2518 0.0345 0.1697 0.4099 
 47       47   (0)      3 :  0.1501 0.1076 0.4233 0.0532 0.0783 0.1113 0.0763 
 48       48   (0)      3 :  0.0199 0.0000 0.4004 0.1013 0.3578 0.0000 0.1206 
 49       49   (0)      3 :  0.0824 0.0000 0.4058 0.3099 0.0917 0.0207 0.0896 
 50       50   (0)      3 :  0.0740 0.0021 0.1900 0.0316 0.0599 0.5007 0.1417 
 51       51   (0)      3 :  0.0440 0.0134 0.1336 0.0706 0.0331 0.2978 0.4075 
 52       52   (0)      3 :  0.1503 0.2215 0.0616 0.1239 0.0333 0.2650 0.1445 
 53       53   (0)      3 :  0.0931 0.0666 0.4335 0.0335 0.1674 0.1270 0.0789 
 54       54   (0)      3 :  0.1029 0.0207 0.0171 0.1263 0.0000 0.0295 0.7035 
 55       55   (0)      3 :  0.1589 0.0688 0.1416 0.2261 0.2006 0.0220 0.1821 
 56       56   (0)      3 :  0.0401 0.0003 0.1717 0.1367 0.0973 0.1987 0.3553 
 57       57   (0)      3 :  0.0581 0.0000 0.2496 0.0488 0.2121 0.3700 0.0615 
 58       58   (0)      3 :  0.0242 0.0000 0.2516 0.3685 0.0416 0.0630 0.2510 
 59       59   (0)      3 :  0.0665 0.0318 0.1721 0.0189 0.0307 0.3926 0.2874 
 60       60   (0)      4 :  0.3017 0.3880 0.0384 0.0230 0.0313 0.0191 0.1986 
 61       61   (0)      4 :  0.1065 0.5829 0.1494 0.0000 0.0670 0.0942 0.0000 
 62       62   (0)      4 :  0.0888 0.1287 0.2073 0.0303 0.1325 0.2719 0.1405 
 63       63   (0)      4 :  0.1327 0.0480 0.0911 0.1045 0.3210 0.0795 0.2230 
 64       64   (0)      4 :  0.0501 0.0652 0.0942 0.0000 0.0079 0.6991 0.0836 
 65       65   (0)      4 :  0.0767 0.0408 0.1907 0.0352 0.1155 0.3106 0.2305 
 66       66   (0)      4 :  0.0119 0.0076 0.2321 0.0000 0.0436 0.6270 0.0778 
 67       67   (0)      4 :  0.1688 0.1905 0.1499 0.0506 0.0435 0.2700 0.1267 
 68       68   (0)      4 :  0.1732 0.0189 0.0954 0.1662 0.1909 0.0668 0.2886 
 69       69   (0)      4 :  0.0818 0.0000 0.0646 0.0644 0.6066 0.0127 0.1698 
 70       70   (0)      4 :  0.1046 0.5070 0.0290 0.1076 0.0055 0.0995 0.1468 
 71       71   (0)      4 :  0.0367 0.0000 0.2058 0.1341 0.1199 0.2482 0.2552 
 72       72   (0)      4 :  0.1964 0.4332 0.0894 0.0597 0.1504 0.0174 0.0535 
 73       73   (0)      4 :  0.0993 0.0000 0.1896 0.2609 0.2297 0.0676 0.1529 
 74       74   (0)      4 :  0.0364 0.0011 0.1985 0.2922 0.2018 0.1608 0.1091 
 75       75   (0)      4 :  0.0094 0.0000 0.3072 0.1671 0.3321 0.1434 0.0407 
 76       76   (0)      4 :  0.0600 0.0109 0.2846 0.2706 0.2468 0.0916 0.0355 
 77       77   (0)      4 :  0.1232 0.0218 0.1051 0.1448 0.3084 0.0585 0.2383 
 78       78   (0)      4 :  0.0204 0.0065 0.0362 0.4505 0.2174 0.1018 0.1672 
 79       79   (0)      4 :  0.0369 0.0000 0.1927 0.5163 0.0811 0.0438 0.1292 
 80       80   (0)      4 :  0.1108 0.0060 0.2326 0.0605 0.2299 0.1860 0.1741 
 81       81   (0)      4 :  0.1749 0.5051 0.0892 0.0710 0.0324 0.0584 0.0690 
 82       82   (0)      4 :  0.0340 0.0276 0.0501 0.7120 0.1333 0.0000 0.0431 
 83       83   (0)      4 :  0.0456 0.0025 0.3297 0.1392 0.0551 0.4035 0.0244 
 84       84   (0)      4 :  0.0711 0.0738 0.1433 0.0942 0.1118 0.3754 0.1304 
 85       85   (0)      4 :  0.2901 0.4098 0.0629 0.0446 0.0957 0.0401 0.0568 
 86       86   (0)      5 :  0.0888 0.0762 0.0845 0.2521 0.0000 0.2230 0.2753 
 87       87   (0)      5 :  0.1086 0.0687 0.2013 0.2401 0.1903 0.0268 0.1642 
 88       88   (0)      5 :  0.1552 0.0603 0.1599 0.0792 0.0260 0.3096 0.2099 
 89       89   (0)      5 :  0.1008 0.0037 0.0980 0.3576 0.1027 0.0719 0.2653 
 90       90   (0)      5 :  0.0511 0.0172 0.0602 0.6916 0.0751 0.0000 0.1047 
 91       91   (0)      5 :  0.1587 0.0420 0.1069 0.2716 0.0263 0.0407 0.3538 
 92       92   (0)      5 :  0.0433 0.0000 0.2402 0.1795 0.0791 0.4013 0.0565 
 93       93   (0)      5 :  0.0500 0.0000 0.2500 0.4065 0.0547 0.0000 0.2388 
 94       94   (0)      5 :  0.0548 0.0274 0.1467 0.0734 0.1883 0.2146 0.2947 
 95       95   (0)      5 :  0.2221 0.4378 0.0546 0.0759 0.0000 0.0234 0.1862 
 96       96   (0)      5 :  0.0337 0.0000 0.1061 0.2004 0.2305 0.1146 0.3147 
 97       97   (0)      5 :  0.1809 0.0627 0.0521 0.0330 0.5138 0.0464 0.1111 
 98       98   (0)      5 :  0.0518 0.0786 0.1768 0.0671 0.0953 0.5250 0.0055 
 99       99   (0)      5 :  0.0520 0.0000 0.3185 0.1583 0.2065 0.0188 0.2459 
100      100   (0)      5 :  0.0284 0.0125 0.0527 0.0672 0.0415 0.7437 0.0541 
101      101   (0)      5 :  0.0454 0.0000 0.1632 0.1767 0.0488 0.1698 0.3961 
102      102   (0)      5 :  0.0662 0.0000 0.1668 0.2582 0.0312 0.1436 0.3339 
103      103   (0)      5 :  0.0064 0.0002 0.2531 0.0407 0.0326 0.4184 0.2486 
104      104   (0)      5 :  0.0872 0.1191 0.1666 0.2430 0.0956 0.1532 0.1354 
105      105   (0)      5 :  0.0560 0.0000 0.2575 0.1668 0.0019 0.3569 0.1609 
106      106   (0)      5 :  0.0612 0.0749 0.2694 0.3043 0.2026 0.0706 0.0171 
107      107   (0)      5 :  0.0360 0.0386 0.0748 0.2875 0.1913 0.0211 0.3506 
108      108   (0)      5 :  0.0986 0.1151 0.1453 0.3236 0.1561 0.0660 0.0952 
109      109   (0)      5 :  0.1201 0.2294 0.1537 0.3185 0.0969 0.0043 0.0771 
110      110   (0)      5 :  0.2203 0.0946 0.1933 0.0897 0.2236 0.0130 0.1654 
111      111   (0)      5 :  0.0363 0.0000 0.3824 0.0426 0.1494 0.2398 0.1494 
112      112   (0)      5 :  0.0177 0.0000 0.2923 0.2485 0.2728 0.0363 0.1324 
113      113   (0)      4 :  0.1157 0.0001 0.1392 0.2619 0.1241 0.2763 0.0828 
114      114   (0)      6 :  0.0827 0.0783 0.0859 0.2062 0.1111 0.2878 0.1479 
115      115   (0)      6 :  0.0752 0.2865 0.1686 0.0114 0.0474 0.3803 0.0306 
116      116   (0)      6 :  0.2456 0.3224 0.0150 0.0619 0.1825 0.1291 0.0435 
117      117   (0)      6 :  0.3405 0.4713 0.0677 0.0177 0.0353 0.0155 0.0520 
118      118   (0)      6 :  0.2857 0.3187 0.0284 0.1302 0.0686 0.0135 0.1549 
119      119   (0)      6 :  0.1365 0.7300 0.0418 0.0581 0.0336 0.0000 0.0000 
120      120   (0)      6 :  0.0659 0.0000 0.2438 0.1146 0.3147 0.1718 0.0894 
121      121   (0)      6 :  0.0630 0.1110 0.2577 0.0737 0.1128 0.2751 0.1066 
122      122   (0)      6 :  0.0799 0.0000 0.3826 0.2602 0.1400 0.0215 0.1157 
123      123   (0)      6 :  0.0960 0.2290 0.0928 0.0706 0.3792 0.1079 0.0245 
124      124   (0)      6 :  0.0525 0.0004 0.2789 0.1226 0.2113 0.0991 0.2351 
125      125   (0)      6 :  0.1130 0.0393 0.1076 0.3593 0.1654 0.0036 0.2116 
126      126   (0)      6 :  0.0826 0.0092 0.1570 0.4928 0.1560 0.0004 0.1020 
127      127   (0)      6 :  0.3175 0.3263 0.1046 0.0119 0.0742 0.0236 0.1419 
128      128   (0)      6 :  0.1031 0.0000 0.2049 0.2213 0.1646 0.1306 0.1755 
129      129   (0)      6 :  0.0502 0.0010 0.1527 0.0498 0.2311 0.4776 0.0376 
130      130   (0)      6 :  0.1301 0.0943 0.1143 0.1491 0.4341 0.0349 0.0433 
131      131   (0)      6 :  0.2542 0.4348 0.1074 0.1010 0.0322 0.0213 0.0491 
132      132   (0)      6 :  0.0418 0.0331 0.3623 0.1803 0.1013 0.1605 0.1206 
133      133   (0)      6 :  0.0073 0.0000 0.3481 0.5369 0.0055 0.0197 0.0825 
134      134   (0)      6 :  0.1062 0.0435 0.1682 0.1153 0.1136 0.1371 0.3161 
135      135   (0)      6 :  0.1618 0.5518 0.1420 0.0266 0.0240 0.0778 0.0160 
136      136   (0)      6 :  0.0707 0.1267 0.1480 0.1606 0.1085 0.2469 0.1387 
137      137   (0)      6 :  0.1504 0.0704 0.1709 0.1645 0.1545 0.1148 0.1746 
138      138   (0)      6 :  0.0064 0.0076 0.2712 0.3067 0.2199 0.1424 0.0458 
139      139   (0)      6 :  0.0923 0.0338 0.1136 0.0231 0.0905 0.4619 0.1849 
140      140   (0)      6 :  0.2435 0.2647 0.1455 0.0103 0.1502 0.0925 0.0933 
141      141   (0)      6 :  0.2003 0.1196 0.1082 0.3929 0.1399 0.0000 0.0390 
142      142   (0)      7 :  0.0282 0.0000 0.2674 0.2632 0.1215 0.2231 0.0966 
143      143   (0)      7 :  0.1892 0.7586 0.0084 0.0190 0.0203 0.0000 0.0044 
144      144   (0)      7 :  0.0879 0.0453 0.1673 0.1148 0.1150 0.3960 0.0735 
145      145   (0)      7 :  0.0471 0.0106 0.2920 0.0326 0.1923 0.4138 0.0114 
146      146   (0)      7 :  0.1265 0.1735 0.0395 0.3524 0.0602 0.0000 0.2480 
147      147   (0)      7 :  0.0000 0.0000 0.0500 0.2267 0.1230 0.0451 0.5552 
148      148   (0)      7 :  0.0854 0.0000 0.1835 0.1228 0.1006 0.3799 0.1277 
149      149   (0)      7 :  0.2041 0.5447 0.0823 0.0216 0.0057 0.0811 0.0605 
150      150   (0)      7 :  0.1962 0.2219 0.0847 0.3404 0.0304 0.0113 0.1152 
151      151   (0)      7 :  0.1660 0.4825 0.0438 0.0560 0.0659 0.0439 0.1420 
152      152   (0)      7 :  0.0515 0.0005 0.1624 0.1933 0.0547 0.2750 0.2626 
153      153   (0)      7 :  0.0500 0.9500 0.0000 0.0000 0.0000 0.0000 0.0000 
154      154   (0)      7 :  0.0844 0.0130 0.1327 0.2635 0.1028 0.0732 0.3305 
155      155   (0)      7 :  0.2915 0.3602 0.0445 0.0513 0.2357 0.0029 0.0139 
156      156   (0)      7 :  0.0049 0.0000 0.0957 0.0185 0.0000 0.7559 0.1250 
157      157   (0)      7 :  0.0000 0.0000 0.0236 0.0837 0.0000 0.3726 0.5201 
158      158   (0)      7 :  0.0840 0.0456 0.1506 0.1675 0.0485 0.2108 0.2931 
159      159   (0)      7 :  0.1805 0.5527 0.0433 0.0218 0.0199 0.0666 0.1152 
160      160   (0)      7 :  0.1345 0.3186 0.0775 0.1375 0.0537 0.0310 0.2472 
161      161   (0)      7 :  0.3150 0.5057 0.0021 0.0282 0.0979 0.0000 0.0510 
162      162   (0)      7 :  0.0966 0.0926 0.1825 0.0487 0.4667 0.0881 0.0247 
163      163   (0)      7 :  0.0899 0.0061 0.1397 0.0306 0.0329 0.5480 0.1529 
164      164   (0)      7 :  0.0398 0.2582 0.0820 0.1822 0.2189 0.1182 0.1007 
165      165   (0)      7 :  0.1373 0.2167 0.0677 0.0991 0.4793 0.0000 0.0000 
166      166   (0)      7 :  0.0477 0.1485 0.1140 0.0081 0.4228 0.2177 0.0412 
167      167   (0)      7 :  0.0149 0.0000 0.1078 0.2290 0.0224 0.2424 0.3836 
168      168   (0)      7 :  0.0852 0.0320 0.2151 0.0935 0.2302 0.2161 0.1279 
169      169   (0)      7 :  0.1306 0.6236 0.0700 0.0293 0.1464 0.0000 0.0001 
