1        1   (0)      1  : 0.0956 0.1056 0.0087 0.0398 0.2758 0.2484 0.0651 0.1610
2        2   (0)      1  : 0.1013 0.0193 0.0229 0.0533 0.0566 0.1287 0.0045 0.6133
3        3   (0)      2  : 0.0015 0.1091 0.2500 0.0335 0.0323 0.1339 0.1687 0.2710
4        4   (0)      2  : 0.0049 0.0614 0.1102 0.0919 0.2404 0.2799 0.1318 0.0795
5        5   (0)      2  : 0.1350 0.2346 0.1027 0.1284 0.0055 0.0771 0.2633 0.0534
6        6   (0)      2  : 0.0548 0.2019 0.0164 0.0775 0.4192 0.0665 0.1405 0.0234
7        7   (0)      2  : 0.3030 0.0000 0.2387 0.3018 0.0355 0.0162 0.0901 0.0146
8        8   (0)      2  : 0.0181 0.0621 0.6171 0.0696 0.1082 0.0000 0.0870 0.0378
9        9   (0)      2  : 0.3826 0.0278 0.0436 0.0535 0.0196 0.0099 0.0403 0.4227
10       10   (0)      2  : 0.1587 0.1596 0.1824 0.3065 0.1007 0.0000 0.0457 0.0465
11       11   (0)      2  : 0.1355 0.1454 0.1976 0.1040 0.1493 0.1010 0.1471 0.0203
12       12   (0)      2  : 0.1165 0.1718 0.2260 0.0590 0.0485 0.3466 0.0282 0.0035
13       13   (0)      2  : 0.2811 0.0675 0.2964 0.0575 0.0000 0.0269 0.1804 0.0901
14       14   (0)      2  : 0.0350 0.2206 0.0501 0.1751 0.0000 0.0439 0.2637 0.2116
15       15   (0)      2  : 0.1835 0.1790 0.1704 0.1099 0.0092 0.0251 0.0211 0.3019
16       16   (0)      2  : 0.1996 0.0107 0.0238 0.0080 0.0297 0.3462 0.1610 0.2211
17       17   (0)      2  : 0.2631 0.0000 0.0837 0.1663 0.0753 0.0507 0.0592 0.3018
18       18   (0)      2  : 0.0656 0.0485 0.1235 0.2463 0.1451 0.2404 0.0606 0.0700
19       19   (0)      2  : 0.1087 0.0620 0.0679 0.1915 0.0913 0.0622 0.0704 0.3461
20       20   (0)      2  : 0.0735 0.0327 0.0000 0.2075 0.2453 0.1057 0.2117 0.1236
21       21   (0)      2  : 0.2073 0.2685 0.1370 0.2418 0.0655 0.0227 0.0491 0.0081
22       22   (0)      2  : 0.0225 0.1392 0.0553 0.1228 0.0318 0.0451 0.4663 0.1171
23       23   (0)      2  : 0.1932 0.1664 0.0760 0.2650 0.0400 0.0154 0.1792 0.0647
24       24   (0)      2  : 0.0891 0.0401 0.0805 0.1484 0.4745 0.0267 0.0000 0.1407
25       25   (0)      2  : 0.0458 0.0193 0.1904 0.0805 0.1982 0.4084 0.0000 0.0574
26       26   (0)      2  : 0.0771 0.1982 0.0668 0.2748 0.0062 0.1924 0.0766 0.1077
27       27   (0)      2  : 0.0000 0.2643 0.2566 0.0978 0.0217 0.0001 0.2796 0.0798
28       28   (0)      2  : 0.1380 0.2154 0.3278 0.0157 0.1068 0.1134 0.0121 0.0707
29       29   (0)      2  : 0.0217 0.1374 0.3436 0.2941 0.0041 0.0866 0.0743 0.0382
30       30   (0)      3  : 0.0046 0.1417 0.1483 0.0425 0.1872 0.3294 0.0022 0.1441
31       31   (0)      3  : 0.2616 0.0339 0.0236 0.1490 0.0257 0.0745 0.2232 0.2084
32       32   (0)      3  : 0.0446 0.0450 0.1285 0.0329 0.0493 0.0795 0.1229 0.4974
33       33   (0)      3  : 0.2462 0.0808 0.2350 0.0325 0.1061 0.0382 0.0428 0.2184
34       34   (0)      3  : 0.0926 0.0882 0.0561 0.1962 0.0733 0.0379 0.0872 0.3685
35       35   (0)      3  : 0.0325 0.2024 0.0947 0.0231 0.1377 0.1271 0.2191 0.1635
36       36   (0)      3  : 0.0414 0.0383 0.1035 0.5091 0.0044 0.0000 0.2328 0.0705
37       37   (0)      3  : 0.1014 0.1644 0.2635 0.1256 0.1299 0.0141 0.1374 0.0637
38       38   (0)      3  : 0.0385 0.0000 0.0000 0.0216 0.9399 0.0000 0.0000 0.0000
39       39   (0)      3  : 0.0831 0.3179 0.0856 0.1769 0.0843 0.0435 0.0137 0.1950
40       40   (0)      3  : 0.2304 0.0472 0.0736 0.0774 0.2049 0.2207 0.0092 0.1368
41       41   (0)      3  : 0.0163 0.2044 0.1027 0.1076 0.2480 0.2113 0.0310 0.0787
42       42   (0)      3  : 0.0080 0.3629 0.1184 0.1483 0.0742 0.0644 0.1969 0.0270
43       43   (0)      3  : 0.0666 0.2784 0.0739 0.2295 0.0452 0.1105 0.1172 0.0788
44       44   (0)      3  : 0.0000 0.0606 0.3114 0.3681 0.0227 0.0714 0.1200 0.0457
45       45   (0)      3  : 0.0000 0.0223 0.6394 0.0000 0.1603 0.0515 0.1265 0.0000
46       46   (0)      3  : 0.0078 0.0259 0.0641 0.0682 0.0926 0.0670 0.1810 0.4934
47       47   (0)      3  : 0.2317 0.0296 0.1493 0.2323 0.0743 0.0109 0.1126 0.1593
48       48   (0)      3  : 0.0020 0.0079 0.1324 0.0834 0.0494 0.1207 0.0860 0.5181
49       49   (0)      3  : 0.0355 0.2831 0.0306 0.1581 0.2886 0.0609 0.0631 0.0800
50       50   (0)      3  : 0.0281 0.2774 0.0356 0.0411 0.0182 0.0358 0.2127 0.3511
51       51   (0)      3  : 0.0752 0.0408 0.1205 0.2239 0.0104 0.0467 0.4025 0.0802
52       52   (0)      3  : 0.1234 0.1157 0.0345 0.1607 0.0780 0.0247 0.4016 0.0611
53       53   (0)      3  : 0.0078 0.0597 0.1799 0.3219 0.0478 0.0161 0.3142 0.0526
54       54   (0)      3  : 0.0517 0.2588 0.1629 0.0825 0.0832 0.2304 0.1011 0.0294
55       55   (0)      3  : 0.0166 0.0377 0.1436 0.4609 0.0000 0.0142 0.0247 0.3024
56       56   (0)      3  : 0.0926 0.0700 0.3957 0.0379 0.0129 0.0619 0.1033 0.2257
57       57   (0)      3  : 0.0479 0.0334 0.0121 0.0089 0.0699 0.0844 0.6727 0.0707
58       58   (0)      3  : 0.0309 0.0229 0.0243 0.1429 0.2480 0.3113 0.0798 0.1399
59       59   (0)      3  : 0.0064 0.0131 0.2262 0.0823 0.0825 0.3319 0.0080 0.2496
60       60   (0)      4  : 0.2674 0.0013 0.0521 0.0642 0.3773 0.0160 0.0476 0.1741
61       61   (0)      4  : 0.5111 0.0134 0.0487 0.0347 0.1134 0.0411 0.2204 0.0171
62       62   (0)      4  : 0.0971 0.0236 0.0097 0.0243 0.0256 0.1964 0.0171 0.6061
63       63   (0)      4  : 0.0729 0.1009 0.1956 0.0421 0.0791 0.0267 0.2996 0.1830
64       64   (0)      4  : 0.4752 0.0260 0.0252 0.1019 0.0863 0.1709 0.0652 0.0493
65       65   (0)      4  : 0.2611 0.0618 0.3023 0.0470 0.0201 0.0706 0.1687 0.0685
66       66   (0)      4  : 0.0185 0.0248 0.6945 0.0355 0.1071 0.0594 0.0374 0.0228
67       67   (0)      4  : 0.1114 0.0344 0.0102 0.3292 0.2237 0.0116 0.2406 0.0389
68       68   (0)      4  : 0.3285 0.0000 0.1419 0.2398 0.0889 0.0922 0.0678 0.0409
69       69   (0)      4  : 0.0763 0.1799 0.1042 0.0362 0.1267 0.0692 0.0277 0.3798
70       70   (0)      4  : 0.0384 0.6650 0.0406 0.0882 0.0142 0.0808 0.0598 0.0131
71       71   (0)      1  : 0.2330 0.0000 0.0238 0.3074 0.0000 0.0000 0.1181 0.3177
72       72   (0)      1  : 0.1308 0.0000 0.0000 0.0000 0.7786 0.0905 0.0002 0.0000
73       73   (0)      1  : 0.0290 0.0706 0.0688 0.0537 0.0088 0.0555 0.1081 0.6055
74       74   (0)      1  : 0.0519 0.3696 0.1084 0.0882 0.1613 0.0101 0.0836 0.1271
75       75   (0)      1  : 0.0277 0.0940 0.0738 0.0712 0.0136 0.0511 0.6116 0.0570
76       76   (0)      1  : 0.0934 0.4165 0.1976 0.0000 0.0425 0.1929 0.0570 0.0000
77       77   (0)      1  : 0.0233 0.0061 0.0308 0.1123 0.5912 0.0455 0.0008 0.1900
78       78   (0)      1  : 0.1836 0.2185 0.1228 0.0708 0.2988 0.0037 0.0395 0.0624
79       79   (0)      1  : 0.1675 0.0523 0.2018 0.1500 0.2084 0.0731 0.0659 0.0810
80       80   (0)      1  : 0.1004 0.1089 0.0571 0.6067 0.0134 0.0000 0.1125 0.0011
81       81   (0)      1  : 0.0655 0.3840 0.0092 0.0008 0.0645 0.1453 0.2222 0.1084
82       82   (0)      1  : 0.1839 0.0558 0.0781 0.0434 0.3671 0.0198 0.2519 0.0000
83       83   (0)      1  : 0.2976 0.1329 0.0285 0.1105 0.1390 0.1253 0.0272 0.1390
84       84   (0)      1  : 0.4191 0.0907 0.2983 0.0959 0.0000 0.0329 0.0451 0.0180
85       85   (0)      1  : 0.1050 0.1538 0.2188 0.2120 0.0531 0.0907 0.0991 0.0676
86       86   (0)      1  : 0.1069 0.0384 0.0590 0.2293 0.1800 0.0272 0.0370 0.3221
87       87   (0)      1  : 0.0000 0.0092 0.0274 0.0213 0.1221 0.6582 0.0408 0.1209
88       88   (0)      1  : 0.2561 0.0875 0.1746 0.0179 0.1789 0.0380 0.0043 0.2428
89       89   (0)      1  : 0.1058 0.0324 0.0460 0.0582 0.5297 0.1321 0.0023 0.0935
90       90   (0)      1  : 0.0124 0.1209 0.0243 0.0505 0.0301 0.1047 0.6572 0.0000
91       91   (0)      1  : 0.7427 0.0000 0.0783 0.0000 0.1788 0.0000 0.0002 0.0000
92       92   (0)      1  : 0.1234 0.2786 0.1024 0.0143 0.0180 0.1996 0.0311 0.2326
93       93   (0)      1  : 0.0208 0.0658 0.2083 0.1395 0.0883 0.2901 0.1667 0.0204
94       94   (0)      1  : 0.1891 0.0408 0.0348 0.1926 0.1281 0.1536 0.0567 0.2043
95       95   (0)      1  : 0.0700 0.0861 0.0479 0.6052 0.0144 0.0113 0.1126 0.0526
96       96   (0)      1  : 0.1562 0.0529 0.0908 0.2244 0.0853 0.0446 0.2624 0.0833
97       97   (0)      1  : 0.2333 0.3131 0.0318 0.1396 0.0143 0.0135 0.2217 0.0326
98       98   (0)      1  : 0.0675 0.1832 0.0777 0.1997 0.1826 0.0274 0.0134 0.2484
99       99   (0)      4  : 0.2960 0.0411 0.0921 0.4373 0.0000 0.0000 0.0192 0.1142
100      100   (0)      4  : 0.1318 0.2419 0.1404 0.1434 0.1159 0.0111 0.1224 0.0930
101      101   (0)      5  : 0.1882 0.1811 0.0947 0.1697 0.1760 0.0171 0.0449 0.1283
102      102   (0)      5  : 0.0214 0.4105 0.0066 0.0080 0.0000 0.1152 0.1132 0.3250
103      103   (0)      5  : 0.0274 0.1259 0.0346 0.3504 0.0794 0.1740 0.1288 0.0795
104      104   (0)      5  : 0.0202 0.1150 0.6127 0.0416 0.0961 0.0244 0.0697 0.0203
105      105   (0)      5  : 0.1584 0.0000 0.1670 0.2109 0.3061 0.0102 0.0453 0.1022
106      106   (0)      4  : 0.0273 0.1953 0.1650 0.0296 0.0000 0.5323 0.0000 0.0505
107      107   (0)      4  : 0.3321 0.0893 0.0245 0.1094 0.0286 0.0963 0.1415 0.1784
108      108   (0)      4  : 0.0003 0.1755 0.1042 0.0276 0.5047 0.0479 0.1066 0.0332
109      109   (0)      4  : 0.0664 0.1717 0.2258 0.1919 0.1891 0.0141 0.1040 0.0372
110      110   (0)      4  : 0.0960 0.3967 0.2582 0.0790 0.0154 0.1466 0.0000 0.0082
111      111   (0)      5  : 0.0279 0.0159 0.0792 0.2177 0.2488 0.1325 0.1136 0.1644
112      112   (0)      5  : 0.1738 0.0342 0.1850 0.0548 0.1002 0.0801 0.0487 0.3232
113      113   (0)      5  : 0.1972 0.0953 0.1774 0.1575 0.0918 0.0883 0.1684 0.0241
114      114   (0)      5  : 0.0714 0.6959 0.1248 0.0714 0.0000 0.0000 0.0000 0.0364
115      115   (0)      5  : 0.0000 0.1656 0.0000 0.0931 0.1495 0.3777 0.0000 0.2141
116      116   (0)      5  : 0.1721 0.2967 0.1781 0.0556 0.0259 0.1837 0.0247 0.0632
117      117   (0)      4  : 0.5428 0.0054 0.3106 0.0312 0.0000 0.0100 0.0642 0.0358
118      118   (0)      4  : 0.0218 0.0182 0.0453 0.0352 0.3682 0.3747 0.0262 0.1102
119      119   (0)      4  : 0.0684 0.0776 0.0358 0.1262 0.0000 0.0091 0.6456 0.0373
120      120   (0)      4  : 0.0402 0.0739 0.0517 0.1078 0.0985 0.0248 0.5008 0.1022
121      121   (0)      4  : 0.0501 0.1913 0.1991 0.0064 0.0874 0.2110 0.0396 0.2151
122      122   (0)      4  : 0.1597 0.0000 0.0131 0.0000 0.4524 0.1629 0.0815 0.1304
123      123   (0)      4  : 0.0776 0.0171 0.0562 0.3723 0.3120 0.0000 0.0908 0.0741
124      124   (0)      4  : 0.4406 0.0195 0.0537 0.0221 0.0208 0.0390 0.1525 0.2517
125      125   (0)      5  : 0.7433 0.0415 0.0789 0.0548 0.0140 0.0000 0.0203 0.0472
126      126   (0)      5  : 0.0031 0.0277 0.3793 0.0267 0.2848 0.0721 0.1817 0.0246
127      127   (0)      5  : 0.0139 0.1836 0.1524 0.0120 0.2359 0.3070 0.0953 0.0000
128      128   (0)      5  : 0.0563 0.0186 0.0926 0.2117 0.0430 0.4169 0.0735 0.0875
129      129   (0)      5  : 0.0273 0.1202 0.3599 0.2446 0.0638 0.0000 0.1153 0.0690
130      130   (0)      5  : 0.0584 0.0648 0.0124 0.1053 0.0252 0.4225 0.2841 0.0273
131      131   (0)      5  : 0.0366 0.0778 0.5013 0.0714 0.0119 0.0039 0.0720 0.2251
132      132   (0)      5  : 0.2733 0.0105 0.0547 0.0804 0.0067 0.1225 0.0048 0.4471
133      133   (0)      5  : 0.0427 0.2455 0.1549 0.0281 0.0450 0.3182 0.0679 0.0976
134      134   (0)      5  : 0.0840 0.0743 0.0818 0.1970 0.0304 0.2631 0.1497 0.1197
135      135   (0)      5  : 0.0154 0.8400 0.0000 0.0600 0.0252 0.0188 0.0407 0.0000
136      136   (0)      5  : 0.0204 0.1244 0.0559 0.0140 0.0156 0.7289 0.0143 0.0265
137      137   (0)      5  : 0.1472 0.1142 0.1867 0.0515 0.0134 0.0000 0.3636 0.1234
138      138   (0)      5  : 0.0785 0.4861 0.0713 0.2834 0.0000 0.0147 0.0373 0.0286
139      139   (0)      5  : 0.0000 0.2702 0.0828 0.0190 0.3040 0.2105 0.1019 0.0116
140      140   (0)      5  : 0.0118 0.2030 0.1357 0.0714 0.1166 0.1616 0.0521 0.2478
141      141   (0)      5  : 0.0586 0.0972 0.1068 0.2691 0.1907 0.0532 0.1232 0.1012
142      142   (0)      5  : 0.0225 0.0586 0.0000 0.0783 0.0000 0.8133 0.0272 0.0000
143      143   (0)      5  : 0.2081 0.2772 0.2670 0.0228 0.0285 0.0480 0.1213 0.0271
144      144   (0)      6  : 0.1051 0.0334 0.1268 0.1080 0.2346 0.1477 0.1422 0.1023
145      145   (0)      6  : 0.0105 0.1358 0.2729 0.1046 0.0000 0.2927 0.0558 0.1277
146      146   (0)      6  : 0.1554 0.0525 0.2023 0.1388 0.0724 0.0437 0.0942 0.2407
147      147   (0)      6  : 0.0000 0.0139 0.0198 0.6722 0.0000 0.0717 0.0515 0.1709
148      148   (0)      6  : 0.0031 0.2778 0.4915 0.0070 0.0636 0.0295 0.1275 0.0000
149      149   (0)      6  : 0.2878 0.0220 0.0697 0.1078 0.0445 0.0073 0.1159 0.3450
150      150   (0)      6  : 0.0147 0.2043 0.0259 0.0113 0.0519 0.4950 0.0000 0.1970
151      151   (0)      6  : 0.0316 0.0386 0.0872 0.0229 0.0741 0.0219 0.1142 0.6094
152      152   (0)      6  : 0.6158 0.1067 0.0636 0.0535 0.0192 0.0153 0.0476 0.0783
153      153   (0)      6  : 0.0197 0.0939 0.6436 0.0513 0.0140 0.1740 0.0035 0.0000
154      154   (0)      6  : 0.2531 0.0757 0.1239 0.0298 0.0522 0.1520 0.0189 0.2943
155      155   (0)      6  : 0.0000 0.2550 0.0000 0.0301 0.1343 0.4083 0.1102 0.0621
156      156   (0)      6  : 0.1183 0.1507 0.1856 0.0922 0.1730 0.1415 0.1387 0.0000
157      157   (0)      6  : 0.0710 0.0002 0.3800 0.2678 0.0563 0.0345 0.0896 0.1008
158      158   (0)      6  : 0.0607 0.0496 0.2375 0.1472 0.3493 0.0077 0.0077 0.1403
159      159   (0)      6  : 0.1166 0.0691 0.1973 0.1320 0.0467 0.0872 0.2325 0.1186
160      160   (0)      6  : 0.0440 0.0000 0.2459 0.0527 0.0000 0.5933 0.0243 0.0398
161      161   (0)      6  : 0.0594 0.4412 0.0732 0.0708 0.0404 0.0254 0.0483 0.2412
162      162   (0)      6  : 0.0203 0.7989 0.0051 0.0851 0.0147 0.0406 0.0353 0.0000
163      163   (0)      6  : 0.0335 0.0069 0.0000 0.0188 0.4639 0.3712 0.0343 0.0714
164      164   (0)      6  : 0.0082 0.3099 0.1904 0.2651 0.1075 0.0924 0.0263 0.0002
165      165   (0)      6  : 0.1809 0.1069 0.0790 0.2328 0.0988 0.1159 0.0475 0.1381
166      166   (0)      6  : 0.0346 0.1056 0.2266 0.3411 0.0000 0.0148 0.2549 0.0224
167      167   (0)      6  : 0.1799 0.0074 0.1680 0.1053 0.2381 0.2300 0.0569 0.0143
168      168   (0)      6  : 0.1085 0.0000 0.0458 0.0184 0.1798 0.0000 0.0176 0.6297
169      169   (0)      6  : 0.2268 0.0292 0.0200 0.0543 0.3243 0.1961 0.0430 0.1062
170      170   (0)      6  : 0.0070 0.1563 0.0966 0.1430 0.0176 0.5172 0.0461 0.0162
171      171   (0)      6  : 0.0298 0.0351 0.0000 0.0193 0.2274 0.0736 0.5302 0.0846
172      172   (0)      4  : 0.0189 0.2682 0.0000 0.0670 0.1339 0.4164 0.0778 0.0178
173      173   (0)      4  : 0.1513 0.1480 0.0097 0.5206 0.0000 0.0000 0.1414 0.0290
174      174   (0)      7  : 0.0587 0.1205 0.3322 0.1050 0.0107 0.0176 0.2007 0.1545
175      175   (0)      7  : 0.8928 0.0062 0.0722 0.0000 0.0238 0.0050 0.0000 0.0000
176      176   (0)      7  : 0.1790 0.2119 0.0403 0.0199 0.0900 0.1707 0.2120 0.0761
177      177   (0)      7  : 0.2787 0.0220 0.3053 0.1896 0.0723 0.0000 0.0279 0.1043
178      178   (0)      7  : 0.2806 0.1897 0.0275 0.0483 0.0922 0.0233 0.3165 0.0221
179      179   (0)      7  : 0.0079 0.4792 0.0714 0.0673 0.0080 0.1399 0.1599 0.0663
180      180   (0)      7  : 0.0189 0.0000 0.0521 0.1258 0.0069 0.0502 0.1013 0.6449
181      181   (0)      7  : 0.0892 0.1727 0.0080 0.0167 0.2540 0.2605 0.0401 0.1589
182      182   (0)      7  : 0.3482 0.1503 0.1897 0.0345 0.0397 0.0145 0.1164 0.1068
183      183   (0)      7  : 0.2535 0.4884 0.0711 0.0409 0.0132 0.0226 0.0603 0.0501
184      184   (0)      7  : 0.1738 0.0042 0.1302 0.0056 0.1249 0.2710 0.1568 0.1335
185      185   (0)      7  : 0.0364 0.0247 0.5931 0.0531 0.1723 0.0388 0.0816 0.0000
186      186   (0)      7  : 0.0298 0.2693 0.1384 0.0658 0.0407 0.1250 0.2245 0.1066
187      187   (0)      7  : 0.0432 0.3373 0.0815 0.1575 0.0579 0.1331 0.0173 0.1723
188      188   (0)      7  : 0.1055 0.1736 0.2214 0.0380 0.0480 0.0029 0.2486 0.1619
189      189   (0)      7  : 0.1739 0.0306 0.1532 0.1564 0.0663 0.1015 0.1651 0.1531
190      190   (0)      7  : 0.0296 0.0657 0.0984 0.0695 0.1828 0.4791 0.0527 0.0222
191      191   (0)      7  : 0.0810 0.1758 0.0703 0.1517 0.1131 0.0433 0.2396 0.1251
192      192   (0)      7  : 0.0325 0.1851 0.0520 0.1989 0.2712 0.1192 0.0000 0.1412
193      193   (0)      7  : 0.3506 0.0167 0.0984 0.1090 0.1453 0.0168 0.0733 0.1898
194      194   (0)      7  : 0.0302 0.0083 0.0000 0.1473 0.1078 0.1101 0.2069 0.3894
195      195   (0)      7  : 0.5953 0.0407 0.0671 0.0430 0.1196 0.0350 0.0160 0.0832
196      196   (0)      7  : 0.6929 0.0500 0.0126 0.0155 0.0189 0.0242 0.0398 0.1460
197      197   (0)      7  : 0.3445 0.0000 0.0970 0.0885 0.0036 0.0286 0.0276 0.4102
198      198   (0)      7  : 0.0807 0.4415 0.1054 0.2492 0.0394 0.0006 0.0490 0.0343
199      199   (0)      7  : 0.2700 0.1017 0.0986 0.2127 0.1340 0.0711 0.0981 0.0138
200      200   (0)      7  : 0.0848 0.0486 0.1112 0.0545 0.1858 0.1388 0.2322 0.1441
201      201   (0)      7  : 0.4515 0.0112 0.2975 0.0857 0.0205 0.0000 0.0132 0.1205
202      202   (0)      7  : 0.0974 0.2007 0.0501 0.1890 0.0202 0.1026 0.3399 0.0000
203      203   (0)      7  : 0.2912 0.0492 0.0574 0.1788 0.0975 0.0026 0.1853 0.1378
