  1        1   (0)      1 :  1.0000 0.0000 0.0000 0.0000 0.0000 0.0000 0.0000 
  2        2   (0)      1 :  0.0407 0.3680 0.0000 0.5167 0.0000 0.0000 0.0747 
  3        3   (0)      1 :  0.9399 0.0000 0.0601 0.0000 0.0000 0.0000 0.0000 
  4        4   (0)      1 :  0.0000 0.3021 0.0043 0.4670 0.0363 0.0000 0.1903 
  5        5   (0)      1 :  0.9742 0.0000 0.0258 0.0000 0.0000 0.0000 0.0000 
  6        6   (0)      1 :  0.8940 0.0000 0.1060 0.0000 0.0000 0.0000 0.0000 
  7        7   (0)      1 :  0.0453 0.2516 0.0000 0.6242 0.0000 0.0789 0.0000 
  8        8   (0)      1 :  0.0000 0.2450 0.0000 0.6353 0.0000 0.0000 0.1197 
  9        9   (0)      1 :  1.0000 0.0000 0.0000 0.0000 0.0000 0.0000 0.0000 
 10       10   (0)      2 :  0.0000 0.0000 0.0000 1.0000 0.0000 0.0000 0.0000 
 11       11   (0)      2 :  0.0000 0.0330 0.0000 0.9666 0.0004 0.0000 0.0000 
 12       12   (0)      2 :  0.0000 0.2132 0.0000 0.7868 0.0000 0.0000 0.0000 
 13       13   (0)      3 :  0.0007 0.1024 0.8970 0.0000 0.0000 0.0000 0.0000 
 14       14   (0)      3 :  0.0131 0.0019 0.9849 0.0000 0.0000 0.0000 0.0000 
 15       15   (0)      3 :  0.0368 0.0000 0.9486 0.0147 0.0000 0.0000 0.0000 
 16       16   (0)      3 :  0.0633 0.0000 0.9251 0.0115 0.0000 0.0000 0.0000 
 17       17   (0)      3 :  0.4005 0.0995 0.5000 0.0000 0.0000 0.0000 0.0000 
 18       18   (0)      3 :  0.0297 0.0000 0.9703 0.0000 0.0000 0.0000 0.0000 
 19       19   (0)      3 :  0.0000 0.0667 0.0231 0.5705 0.0288 0.0000 0.3109 
 20       20   (0)      3 :  0.0000 0.0255 0.0000 0.4207 0.0174 0.1536 0.3828 
 21       21   (0)      2 :  0.1354 0.0641 0.0011 0.7994 0.0000 0.0000 0.0000 
 22       22   (0)      2 :  0.0017 0.1422 0.0000 0.8560 0.0000 0.0000 0.0000 
 23       23   (0)      2 :  0.0000 0.3119 0.0000 0.6881 0.0000 0.0000 0.0000 
 24       24   (0)      2 :  0.0000 0.1483 0.0000 0.8517 0.0000 0.0000 0.0000 
 25       25   (0)      2 :  0.0000 0.0000 0.0000 1.0000 0.0000 0.0000 0.0000 
 26       26   (0)      2 :  0.0000 0.0000 0.0175 0.9629 0.0000 0.0000 0.0196 
 27       27   (0)      2 :  0.0000 0.1915 0.0141 0.7944 0.0000 0.0000 0.0000 
 28       28   (0)      2 :  0.0000 0.1077 0.0000 0.8895 0.0000 0.0027 0.0000 
 29       29   (0)      2 :  0.0306 0.0000 0.0000 0.9312 0.0104 0.0278 0.0000 
 30       30   (0)      2 :  0.0000 0.0780 0.0000 0.9220 0.0000 0.0000 0.0000 
 31       31   (0)      2 :  0.2606 0.0000 0.0615 0.6779 0.0000 0.0000 0.0000 
 32       32   (0)      2 :  0.0478 0.0238 0.1583 0.7576 0.0000 0.0123 0.0002 
 33       33   (0)      2 :  0.0000 0.0000 0.0155 0.9845 0.0000 0.0000 0.0000 
 34       34   (0)      2 :  0.0000 0.0000 0.0000 1.0000 0.0000 0.0000 0.0000 
 35       35   (0)      2 :  0.0000 0.0000 0.0000 1.0000 0.0000 0.0000 0.0000 
 36       36   (0)      2 :  0.0000 0.1876 0.0000 0.7826 0.0298 0.0000 0.0000 
 37       37   (0)      2 :  0.7341 0.0000 0.1931 0.0728 0.0000 0.0000 0.0000 
 38       38   (0)      2 :  0.0000 0.0000 0.0000 0.9694 0.0089 0.0216 0.0000 
 39       39   (0)      2 :  0.0164 0.0668 0.0286 0.8061 0.0056 0.0265 0.0500 
 40       40   (0)      2 :  0.0000 0.1065 0.0188 0.8747 0.0000 0.0000 0.0000 
 41       41   (0)      2 :  0.0000 0.1258 0.0359 0.8347 0.0000 0.0000 0.0036 
 42       42   (0)      2 :  0.0000 0.2015 0.0000 0.7985 0.0000 0.0000 0.0000 
 43       43   (0)      4 :  0.0000 0.0000 0.0000 0.0000 0.0000 1.0000 0.0000 
 44       44   (0)      4 :  0.0287 0.0029 0.0000 0.0000 0.0000 0.9684 0.0000 
 45       45   (0)      4 :  0.0000 0.0000 0.0000 0.0000 0.0859 0.9141 0.0000 
 46       46   (0)      4 :  0.0000 0.0000 0.0000 0.0000 0.0776 0.7879 0.1345 
 47       47   (0)      4 :  0.0323 0.0211 0.0147 0.0000 0.0000 0.9319 0.0000 
 48       48   (0)      4 :  0.0000 0.1772 0.5753 0.0000 0.0000 0.2475 0.0000 
 49       49   (0)      4 :  0.0000 0.1869 0.7028 0.0000 0.0000 0.1103 0.0000 
 50       50   (0)      4 :  0.0000 0.0000 0.0000 0.0000 0.0000 1.0000 0.0000 
 51       51   (0)      4 :  0.0000 0.0000 0.0000 0.0000 0.0000 0.9492 0.0508 
 52       52   (0)      4 :  0.0304 0.0320 0.0360 0.0210 0.2261 0.6546 0.0000 
 53       53   (0)      4 :  0.0000 0.0381 0.0252 0.0000 0.1624 0.7743 0.0000 
 54       54   (0)      4 :  0.0792 0.2805 0.5166 0.0000 0.0000 0.1238 0.0000 
 55       55   (0)      4 :  0.0471 0.2141 0.6219 0.0000 0.0000 0.1169 0.0000 
 56       56   (0)      4 :  0.0000 0.1202 0.6256 0.0000 0.0000 0.2542 0.0000 
 57       57   (0)      4 :  0.0000 0.0000 0.0000 0.0000 0.1603 0.8397 0.0000 
 58       58   (0)      4 :  0.0000 0.0000 0.0000 0.0000 0.0000 0.9483 0.0517 
 59       59   (0)      4 :  0.0000 0.0000 0.0000 0.0000 0.0000 1.0000 0.0000 
 60       60   (0)      4 :  0.0000 0.0000 0.0000 0.0000 0.0000 1.0000 0.0000 
 61       61   (0)      4 :  0.0000 0.0000 0.0000 0.0000 0.0000 0.9321 0.0679 
 62       62   (0)      4 :  0.0006 0.0121 0.0000 0.0025 0.0000 0.9789 0.0058 
 63       63   (0)      4 :  0.0000 0.0000 0.0000 0.0000 0.0000 1.0000 0.0000 
 64       64   (0)      4 :  0.0000 0.0102 0.0000 0.0000 0.0000 0.9898 0.0000 
 65       65   (0)      4 :  0.0161 0.2827 0.7012 0.0000 0.0000 0.0000 0.0000 
 66       66   (0)      4 :  0.0000 0.0000 0.0000 0.0000 0.0000 0.9269 0.0731 
 67       67   (0)      4 :  0.0000 0.0000 0.0000 0.0000 0.1344 0.8656 0.0000 
 68       68   (0)      4 :  0.0679 0.1844 0.5794 0.0000 0.0000 0.1683 0.0000 
 69       69   (0)      4 :  0.0000 0.0570 0.0000 0.0000 0.0000 0.8974 0.0456 
 70       70   (0)      4 :  0.0000 0.0015 0.0000 0.0000 0.0000 0.9985 0.0000 
 71       71   (0)      4 :  0.0000 0.2630 0.6956 0.0000 0.0000 0.0414 0.0000 
 72       72   (0)      5 :  0.0000 0.0000 0.0000 0.0000 0.0000 0.0000 1.0000 
 73       73   (0)      5 :  0.0000 0.0119 0.0159 0.0156 0.3773 0.0393 0.5399 
 74       74   (0)      5 :  0.0000 0.0000 0.0000 0.0000 0.1833 0.0761 0.7406 
 75       75   (0)      5 :  0.0000 0.0461 0.0000 0.0000 0.0000 0.0217 0.9323 
 76       76   (0)      5 :  0.0747 0.0174 0.0000 0.1107 0.1953 0.1474 0.4545 
 77       77   (0)      5 :  0.0000 0.0000 0.0000 0.0000 0.0658 0.0000 0.9342 
 78       78   (0)      5 :  0.0000 0.0000 0.0000 0.0000 0.0000 0.0000 1.0000 
 79       79   (0)      5 :  0.0000 0.0000 0.0000 0.0000 0.0000 0.0000 1.0000 
 80       80   (0)      5 :  0.0000 0.0835 0.7950 0.0000 0.0121 0.0000 0.1094 
 81       81   (0)      5 :  0.0956 0.0000 0.3930 0.0000 0.0000 0.0000 0.5114 
 82       82   (0)      5 :  0.0000 0.0000 0.0000 0.0000 0.2301 0.2677 0.5022 
 83       83   (0)      5 :  0.0000 0.0000 0.0000 0.0000 0.0012 0.0000 0.9988 
 84       84   (0)      5 :  0.0000 0.0000 0.0000 0.0000 0.0000 0.0000 1.0000 
 85       85   (0)      5 :  0.0000 0.0000 0.0000 0.0000 0.0000 0.0000 1.0000 
 86       86   (0)      5 :  0.0000 0.0000 0.0000 0.0000 0.0000 0.0000 1.0000 
 87       87   (0)      5 :  0.0000 0.0218 0.0000 0.0000 0.0000 0.0000 0.9782 
 88       88   (0)      5 :  0.0000 0.0000 0.0000 0.0000 0.0000 0.0000 1.0000 
 89       89   (0)      5 :  0.0000 0.0000 0.0000 0.0000 0.0000 0.0000 1.0000 
 90       90   (0)      5 :  0.0000 0.0000 0.0000 0.0000 0.0000 0.0000 1.0000 
 91       91   (0)      5 :  0.0000 0.0000 0.0000 0.0000 0.0000 0.0000 1.0000 
 92       92   (0)      5 :  0.0002 0.0645 0.7362 0.0000 0.0000 0.0000 0.1991 
 93       93   (0)      5 :  0.0000 0.0003 0.0000 0.0146 0.0217 0.0446 0.9188 
 94       94   (0)      5 :  0.0000 0.0000 0.0000 0.0000 0.2831 0.0241 0.6927 
 95       95   (0)      5 :  0.0000 0.0000 0.0000 0.0000 0.0440 0.1686 0.7874 
 96       96   (0)      5 :  0.0000 0.0000 0.0000 0.0144 0.1768 0.1379 0.6709 
 97       97   (0)      6 :  0.0000 0.1925 0.0097 0.2036 0.0000 0.1597 0.4345 
 98       98   (0)      6 :  0.0000 0.4290 0.0000 0.4154 0.0546 0.0000 0.1010 
 99       99   (0)      6 :  0.7642 0.0688 0.1670 0.0000 0.0000 0.0000 0.0000 
100      100   (0)      6 :  0.0000 0.2797 0.0048 0.3458 0.0000 0.1679 0.2018 
101      101   (0)      6 :  0.3379 0.0000 0.6621 0.0000 0.0000 0.0000 0.0000 
102      102   (0)      6 :  0.8261 0.0596 0.1143 0.0000 0.0000 0.0000 0.0000 
103      103   (0)      6 :  0.4653 0.0089 0.5232 0.0000 0.0000 0.0000 0.0026 
104      104   (0)      6 :  0.1231 0.1266 0.0510 0.2192 0.0579 0.1006 0.3215 
105      105   (0)      6 :  0.7689 0.0000 0.2311 0.0000 0.0000 0.0000 0.0000 
106      106   (0)      6 :  0.0000 0.3984 0.0000 0.3444 0.0000 0.0000 0.2572 
107      107   (0)      3 :  0.3534 0.0000 0.6430 0.0000 0.0000 0.0036 0.0000 
108      108   (0)      3 :  0.0001 0.2127 0.0067 0.1444 0.1005 0.1694 0.3662 
109      109   (0)      3 :  0.0746 0.0000 0.9254 0.0000 0.0000 0.0000 0.0000 
110      110   (0)      2 :  0.0000 0.5000 0.0000 0.5000 0.0000 0.0000 0.0000 
111      111   (0)      2 :  0.5607 0.0000 0.4392 0.0001 0.0000 0.0000 0.0000 
112      112   (0)      3 :  0.1242 0.0000 0.8558 0.0000 0.0000 0.0000 0.0199 
113      113   (0)      2 :  0.0000 0.0503 0.0000 0.9497 0.0000 0.0000 0.0000 
114      114   (0)      2 :  0.5006 0.0100 0.4895 0.0000 0.0000 0.0000 0.0000 
115      115   (0)      3 :  0.2713 0.0000 0.7287 0.0000 0.0000 0.0000 0.0000 
116      116   (0)      3 :  0.0522 0.0086 0.9188 0.0204 0.0000 0.0000 0.0000 
117      117   (0)      3 :  0.0622 0.0702 0.8676 0.0000 0.0000 0.0000 0.0000 
118      118   (0)      3 :  0.1738 0.0000 0.8262 0.0000 0.0000 0.0000 0.0000 
119      119   (0)      3 :  0.2360 0.0000 0.7640 0.0000 0.0000 0.0000 0.0000 
120      120   (0)      3 :  0.0000 0.1715 0.0000 0.3669 0.0045 0.0768 0.3804 
121      121   (0)      3 :  0.0796 0.0000 0.9204 0.0000 0.0000 0.0000 0.0000 
122      122   (0)      3 :  0.1736 0.0479 0.7606 0.0090 0.0090 0.0000 0.0000 
123      123   (0)      3 :  0.0845 0.0439 0.7505 0.0021 0.1190 0.0000 0.0000 
124      124   (0)      3 :  0.0000 0.0000 1.0000 0.0000 0.0000 0.0000 0.0000 
125      125   (0)      3 :  0.0000 0.1161 0.0183 0.5791 0.0259 0.1045 0.1560 
126      126   (0)      3 :  0.0738 0.0000 0.9262 0.0000 0.0000 0.0000 0.0000 
127      127   (0)      3 :  0.0000 0.2775 0.0000 0.4801 0.0000 0.0000 0.2424 
128      128   (0)      3 :  0.0000 0.0000 1.0000 0.0000 0.0000 0.0000 0.0000 
129      129   (0)      6 :  0.3857 0.0388 0.5160 0.0383 0.0000 0.0212 0.0000 
130      130   (0)      6 :  0.0000 0.3057 0.0000 0.2464 0.1798 0.0019 0.2662 
131      131   (0)      6 :  0.4147 0.0289 0.5565 0.0000 0.0000 0.0000 0.0000 
132      132   (0)      6 :  0.0000 0.2694 0.0000 0.4436 0.0000 0.0000 0.2870 
133      133   (0)      6 :  1.0000 0.0000 0.0000 0.0000 0.0000 0.0000 0.0000 
134      134   (0)      6 :  0.4577 0.0049 0.5101 0.0154 0.0000 0.0000 0.0119 
135      135   (0)      6 :  0.4189 0.0000 0.5811 0.0000 0.0000 0.0000 0.0000 
136      136   (0)      6 :  0.4757 0.0124 0.5119 0.0000 0.0000 0.0000 0.0000 
137      137   (0)      6 :  0.5457 0.0000 0.4543 0.0000 0.0000 0.0000 0.0000 
138      138   (0)      6 :  0.5065 0.0000 0.4935 0.0000 0.0000 0.0000 0.0000 
139      139   (0)      6 :  0.2347 0.0000 0.6900 0.0000 0.0000 0.0000 0.0752 
140      140   (0)      6 :  0.0000 0.1491 0.0159 0.4758 0.1206 0.1203 0.1184 
141      141   (0)      1 :  0.0000 0.5000 0.0000 0.4679 0.0000 0.0000 0.0321 
142      142   (0)      1 :  0.6311 0.0602 0.2659 0.0428 0.0000 0.0000 0.0000 
143      143   (0)      1 :  0.0000 0.3574 0.0000 0.4911 0.1515 0.0000 0.0000 
144      144   (0)      1 :  0.0012 0.5138 0.0031 0.4749 0.0070 0.0000 0.0000 
145      145   (0)      1 :  0.0000 0.5000 0.0000 0.4739 0.0000 0.0000 0.0261 
146      146   (0)      1 :  1.0000 0.0000 0.0000 0.0000 0.0000 0.0000 0.0000 
147      147   (0)      6 :  0.6088 0.0000 0.3912 0.0000 0.0000 0.0000 0.0000 
148      148   (0)      6 :  0.0238 0.4681 0.0000 0.3583 0.0000 0.0000 0.1498 
149      149   (0)      6 :  0.7557 0.0531 0.1523 0.0378 0.0003 0.0007 0.0000 
150      150   (0)      6 :  0.6578 0.0035 0.2674 0.0032 0.0000 0.0682 0.0000 
151      151   (0)      6 :  0.9777 0.0000 0.0223 0.0000 0.0000 0.0000 0.0000 
152      152   (0)      6 :  0.4522 0.0000 0.5478 0.0000 0.0000 0.0000 0.0000 
153      153   (0)      6 :  0.0000 0.3865 0.0000 0.2297 0.0000 0.0443 0.3394 
154      154   (0)      1 :  0.0000 0.5000 0.0000 0.5000 0.0000 0.0000 0.0000 
155      155   (0)      1 :  1.0000 0.0000 0.0000 0.0000 0.0000 0.0000 0.0000 
156      156   (0)      1 :  1.0000 0.0000 0.0000 0.0000 0.0000 0.0000 0.0000 
157      157   (0)      1 :  1.0000 0.0000 0.0000 0.0000 0.0000 0.0000 0.0000 
158      158   (0)      1 :  0.0127 0.3358 0.0000 0.6515 0.0000 0.0000 0.0000 
159      159   (0)      1 :  0.0000 0.5000 0.0000 0.4858 0.0000 0.0000 0.0142 
160      160   (0)      1 :  0.0000 0.3298 0.0000 0.6541 0.0152 0.0000 0.0009 
161      161   (0)      1 :  1.0000 0.0000 0.0000 0.0000 0.0000 0.0000 0.0000 
162      162   (0)      1 :  0.0000 0.3902 0.0000 0.5422 0.0000 0.0000 0.0677 
163      163   (0)      1 :  0.0000 0.3159 0.0000 0.6841 0.0000 0.0000 0.0000 
164      164   (0)      1 :  1.0000 0.0000 0.0000 0.0000 0.0000 0.0000 0.0000 
165      165   (0)      1 :  1.0000 0.0000 0.0000 0.0000 0.0000 0.0000 0.0000 
166      166   (0)      1 :  0.0140 0.5000 0.0000 0.4151 0.0000 0.0000 0.0709 
167      167   (0)      1 :  1.0000 0.0000 0.0000 0.0000 0.0000 0.0000 0.0000 
168      168   (0)      7 :  0.0000 0.1639 0.0000 0.1710 0.6422 0.0000 0.0229 
169      169   (0)      7 :  0.0000 0.0000 0.0000 0.1951 0.6741 0.0000 0.1308 
170      170   (0)      7 :  0.0929 0.0601 0.0000 0.0000 0.8470 0.0000 0.0000 
171      171   (0)      7 :  0.0555 0.0741 0.0000 0.0000 0.8703 0.0000 0.0000 
172      172   (0)      7 :  0.0000 0.0000 0.0000 0.0000 1.0000 0.0000 0.0000 
173      173   (0)      7 :  0.0000 0.0000 0.0000 0.0000 0.8061 0.0000 0.1939 
174      174   (0)      7 :  0.0000 0.0000 0.0000 0.0000 0.9924 0.0000 0.0076 
175      175   (0)      7 :  0.0000 0.5000 0.4629 0.0000 0.0371 0.0000 0.0000 
176      176   (0)      7 :  0.0000 0.0000 0.0000 0.0000 1.0000 0.0000 0.0000 
177      177   (0)      7 :  0.0000 0.0000 0.0000 0.0000 1.0000 0.0000 0.0000 
178      178   (0)      7 :  0.0000 0.4439 0.4850 0.0000 0.0711 0.0000 0.0000 
179      179   (0)      7 :  0.0321 0.5000 0.4679 0.0000 0.0000 0.0000 0.0000 
180      180   (0)      7 :  0.0000 0.0000 0.0000 0.0000 1.0000 0.0000 0.0000 
181      181   (0)      7 :  0.0000 0.0000 0.0000 0.0000 0.9288 0.0125 0.0587 
182      182   (0)      7 :  0.0000 0.0000 0.0000 0.0000 0.9066 0.0000 0.0934 
183      183   (0)      7 :  0.0000 0.1143 0.0617 0.0000 0.8240 0.0000 0.0000 
184      184   (0)      7 :  0.0428 0.5000 0.4167 0.0000 0.0405 0.0000 0.0000 
185      185   (0)      7 :  0.0000 0.0000 0.0000 0.0000 1.0000 0.0000 0.0000 
186      186   (0)      7 :  0.0000 0.5000 0.4821 0.0000 0.0179 0.0000 0.0000 
187      187   (0)      7 :  0.0000 0.0000 0.0000 0.0000 0.8568 0.0000 0.1432 
188      188   (0)      7 :  0.0000 0.5000 0.4995 0.0000 0.0005 0.0000 0.0000 
189      189   (0)      7 :  0.0000 0.1390 0.1082 0.0000 0.6239 0.0000 0.1289 
190      190   (0)      7 :  0.0002 0.0534 0.0001 0.1150 0.6864 0.0000 0.1449 
191      191   (0)      7 :  0.0000 0.0000 0.0000 0.0000 1.0000 0.0000 0.0000 
192      192   (0)      7 :  0.0000 0.1696 0.1141 0.0000 0.6596 0.0567 0.0000 
193      193   (0)      7 :  0.0000 0.0119 0.0000 0.0000 0.9497 0.0384 0.0000 
194      194   (0)      7 :  0.0000 0.5000 0.4584 0.0000 0.0416 0.0000 0.0000 
195      195   (0)      7 :  0.0000 0.0178 0.0000 0.0000 0.7485 0.0000 0.2337 
196      196   (0)      7 :  0.0000 0.5000 0.5000 0.0000 0.0000 0.0000 0.0000 
197      197   (0)      7 :  0.0000 0.5000 0.4252 0.0000 0.0748 0.0000 0.0000 
