1 0.0015
2 0.0015
3 0.0012
4 0.0013
5 0.0013
6 0.0014
7 0.0014
8 0.0013
9 0.0013
10 0.0014
11 0.0015
12 0.0013
13 0.0013
14 0.0013
15 0.0014
16 0.0012
17 0.0013
18 0.0012
19 0.0013
20 0.0018
21 0.0012
22 0.0014
23 0.0017
24 0.0014
25 0.0017
26 0.0013
27 0.0013
28 0.0012
29 0.0013
30 0.0012
31 0.0013
32 0.0014
33 0.0014
34 0.0013
35 0.0013
36 0.0013
37 0.0014
38 0.0013
39 0.0013
40 0.0015
41 0.0013
42 0.0014
43 0.0021
44 0.0012
45 0.0015
46 0.0014
47 0.0014
48 0.0013
49 0.0015
50 0.0013
51 0.0014
52 0.0013
53 0.0014
54 0.0014
55 0.0014
56 0.0013
57 0.0012
58 0.0012
59 0.0012
60 0.0014
61 0.0019
62 0.0013
63 0.0015
64 0.0014
65 0.0013
66 0.0013
67 0.0013
68 0.0013
69 0.0012
70 0.0012
71 0.0013
72 0.0015
73 0.0015
74 0.0014
75 0.0014
76 0.0013
77 0.0014
78 0.0014
79 0.0013
80 0.0013
81 0.0015
82 0.0012
83 0.0013
84 0.0013
85 0.0012
86 0.0012
87 0.002
88 0.0014
89 0.0015
90 0.0013
91 0.0012
92 0.0013
93 0.0013
94 0.0018
95 0.0018
96 0.0013
97 0.0014
98 0.0021
99 0.0019
100 0.0013
101 0.0014
102 0.0013
103 0.0012
104 0.0013
105 0.0017
106 0.0017
107 0.0019
108 0.0013
109 0.0014
110 0.0019
111 0.0012
112 0.0018
113 0.0013
114 0.0016
115 0.0013
116 0.0012
