  1        1   (0)      1 :  0.0716 0.1018 0.0455 0.0627 0.2454 0.1255 0.2839 0.0634 
  2        2   (0)      1 :  0.0187 0.1028 0.0032 0.0575 0.1159 0.5604 0.0717 0.0697 
  3        3   (0)      2 :  0.2260 0.1008 0.1366 0.0815 0.1097 0.3068 0.0376 0.0010 
  4        4   (0)      2 :  0.1403 0.0672 0.1923 0.0368 0.3367 0.0832 0.1401 0.0034 
  5        5   (0)      2 :  0.1199 0.2149 0.2644 0.1578 0.0634 0.0753 0.0087 0.0955 
  6        6   (0)      2 :  0.0290 0.1958 0.0984 0.0499 0.0728 0.0539 0.4537 0.0466 
  7        7   (0)      2 :  0.1251 0.0154 0.0680 0.2433 0.0114 0.0349 0.0525 0.4496 
  8        8   (0)      2 :  0.5194 0.0806 0.0666 0.0591 0.0120 0.1023 0.1097 0.0503 
  9        9   (0)      2 :  0.0444 0.0334 0.0567 0.1301 0.0069 0.4182 0.0251 0.2852 
 10       10   (0)      2 :  0.1725 0.1286 0.0949 0.1501 0.0043 0.0463 0.1726 0.2307 
 11       11   (0)      2 :  0.1426 0.1425 0.1138 0.0895 0.0749 0.0414 0.1271 0.2681 
 12       12   (0)      2 :  0.2253 0.1754 0.0808 0.0253 0.3186 0.0234 0.0613 0.0899 
 13       13   (0)      2 :  0.2823 0.0527 0.3230 0.0292 0.0189 0.0915 0.0000 0.2026 
 14       14   (0)      2 :  0.0684 0.2791 0.2228 0.1577 0.0486 0.1839 0.0000 0.0396 
 15       15   (0)      2 :  0.1750 0.1506 0.1012 0.0861 0.0534 0.2546 0.0197 0.1593 
 16       16   (0)      2 :  0.0945 0.0233 0.1692 0.0200 0.3180 0.2052 0.0198 0.1500 
 17       17   (0)      2 :  0.0296 0.0050 0.0740 0.1136 0.0640 0.2683 0.1202 0.3254 
 18       18   (0)      2 :  0.1637 0.0499 0.0731 0.1647 0.2613 0.0526 0.1405 0.0942 
 19       19   (0)      2 :  0.0733 0.1544 0.0638 0.1717 0.0504 0.2904 0.0930 0.1029 
 20       20   (0)      2 :  0.0406 0.0308 0.2140 0.1416 0.1333 0.1090 0.2869 0.0438 
 21       21   (0)      2 :  0.0828 0.3319 0.0344 0.1823 0.0087 0.0304 0.1094 0.2201 
 22       22   (0)      2 :  0.0418 0.1371 0.3731 0.1859 0.0853 0.0922 0.0708 0.0139 
 23       23   (0)      2 :  0.0905 0.1620 0.2095 0.2082 0.0060 0.0631 0.0633 0.1975 
 24       24   (0)      2 :  0.0456 0.1329 0.0000 0.1471 0.0380 0.1061 0.4049 0.1255 
 25       25   (0)      2 :  0.1646 0.0177 0.0000 0.1417 0.3737 0.0633 0.1537 0.0852 
 26       26   (0)      2 :  0.1078 0.1388 0.1345 0.1893 0.2057 0.0819 0.0445 0.0975 
 27       27   (0)      2 :  0.2186 0.2165 0.2285 0.2523 0.0048 0.0559 0.0234 0.0000 
 28       28   (0)      2 :  0.3900 0.2324 0.0344 0.0087 0.1094 0.0632 0.0626 0.0993 
 29       29   (0)      2 :  0.2385 0.0962 0.1228 0.3289 0.0895 0.0478 0.0294 0.0470 
 30       30   (0)      3 :  0.1597 0.1324 0.0149 0.0664 0.3385 0.1287 0.1562 0.0032 
 31       31   (0)      3 :  0.0098 0.0802 0.1979 0.1750 0.0536 0.2318 0.0548 0.1969 
 32       32   (0)      3 :  0.1903 0.0707 0.0948 0.0334 0.0862 0.3911 0.0541 0.0794 
 33       33   (0)      3 :  0.2994 0.0671 0.0475 0.0327 0.0355 0.2054 0.0801 0.2323 
 34       34   (0)      3 :  0.0713 0.0652 0.0787 0.2431 0.0360 0.3420 0.0843 0.0794 
 35       35   (0)      3 :  0.0552 0.2517 0.1898 0.0378 0.0625 0.2401 0.1165 0.0463 
 36       36   (0)      3 :  0.1572 0.0753 0.2502 0.3619 0.0000 0.0962 0.0075 0.0517 
 37       37   (0)      3 :  0.2057 0.1885 0.1249 0.1252 0.0138 0.0998 0.1153 0.1268 
 38       38   (0)      3 :  0.0349 0.0000 0.0000 0.0190 0.0337 0.0201 0.8546 0.0377 
 39       39   (0)      3 :  0.0596 0.3020 0.0096 0.1355 0.0429 0.1662 0.2148 0.0694 
 40       40   (0)      3 :  0.0719 0.0362 0.0412 0.0844 0.2491 0.1797 0.2113 0.1260 
 41       41   (0)      3 :  0.1456 0.2206 0.0470 0.0633 0.1994 0.1026 0.2023 0.0192 
 42       42   (0)      3 :  0.0844 0.3777 0.1378 0.2092 0.0904 0.0429 0.0520 0.0056 
 43       43   (0)      3 :  0.0908 0.2590 0.1438 0.1554 0.1222 0.0998 0.0798 0.0491 
 44       44   (0)      3 :  0.3135 0.0589 0.1938 0.2678 0.0747 0.0418 0.0103 0.0391 
 45       45   (0)      3 :  0.5818 0.0156 0.1151 0.0952 0.0668 0.0000 0.0752 0.0504 
 46       46   (0)      3 :  0.0701 0.0564 0.1507 0.0610 0.0990 0.4134 0.1124 0.0370 
 47       47   (0)      3 :  0.1317 0.0300 0.1498 0.1854 0.0076 0.1344 0.0751 0.2860 
 48       48   (0)      3 :  0.2150 0.0055 0.1345 0.0584 0.1622 0.3883 0.0346 0.0014 
 49       49   (0)      3 :  0.0214 0.2628 0.0442 0.2452 0.0286 0.0560 0.3170 0.0249 
 50       50   (0)      3 :  0.0572 0.3011 0.1716 0.0450 0.0414 0.2977 0.0603 0.0258 
 51       51   (0)      3 :  0.1128 0.0546 0.3246 0.3003 0.0328 0.0750 0.0302 0.0696 
 52       52   (0)      3 :  0.0304 0.1651 0.3665 0.1162 0.0202 0.1339 0.0666 0.1011 
 53       53   (0)      3 :  0.2719 0.0505 0.2351 0.3549 0.0313 0.0269 0.0240 0.0055 
 54       54   (0)      3 :  0.1618 0.2211 0.1405 0.0885 0.2335 0.0344 0.0783 0.0420 
 55       55   (0)      3 :  0.2206 0.0294 0.0620 0.3347 0.0601 0.2611 0.0094 0.0227 
 56       56   (0)      3 :  0.3531 0.0649 0.1058 0.0674 0.0711 0.2040 0.0126 0.1211 
 57       57   (0)      3 :  0.0375 0.0925 0.5268 0.0408 0.1033 0.0908 0.0467 0.0616 
 58       58   (0)      3 :  0.0000 0.0847 0.0558 0.1354 0.2929 0.1958 0.2236 0.0118 
 59       59   (0)      3 :  0.3083 0.0091 0.0056 0.0579 0.3857 0.1550 0.0784 0.0000 
 60       60   (0)      4 :  0.0625 0.0210 0.0499 0.0423 0.0112 0.1318 0.4627 0.2186 
 61       61   (0)      4 :  0.0581 0.0094 0.3499 0.0592 0.0288 0.0582 0.0851 0.3513 
 62       62   (0)      4 :  0.0797 0.0650 0.0472 0.0236 0.2181 0.4425 0.0495 0.0743 
 63       63   (0)      4 :  0.1584 0.1316 0.2706 0.0376 0.0021 0.1747 0.0912 0.1339 
 64       64   (0)      4 :  0.0122 0.0182 0.0827 0.1906 0.1196 0.1898 0.0755 0.3113 
 65       65   (0)      4 :  0.3384 0.0473 0.1779 0.0453 0.0843 0.0807 0.0079 0.2182 
 66       66   (0)      4 :  0.6629 0.0174 0.0794 0.0442 0.0776 0.0282 0.0341 0.0563 
 67       67   (0)      4 :  0.0168 0.0241 0.1786 0.4175 0.0183 0.0272 0.2366 0.0809 
 68       68   (0)      4 :  0.1410 0.0297 0.0929 0.1779 0.1083 0.0509 0.0881 0.3112 
 69       69   (0)      4 :  0.0969 0.1452 0.1259 0.0804 0.0586 0.3276 0.1139 0.0515 
 70       70   (0)      4 :  0.1050 0.6425 0.0418 0.0126 0.0659 0.0315 0.0217 0.0791 
 71       71   (0)      1 :  0.0000 0.0092 0.1175 0.2891 0.0000 0.2936 0.0632 0.2274 
 72       72   (0)      1 :  0.0500 0.0000 0.0001 0.0312 0.1065 0.0000 0.6950 0.1172 
 73       73   (0)      1 :  0.1247 0.0954 0.0757 0.0877 0.0437 0.4794 0.0576 0.0358 
 74       74   (0)      1 :  0.1261 0.3184 0.1006 0.0308 0.0405 0.1046 0.2265 0.0525 
 75       75   (0)      1 :  0.0618 0.0953 0.5885 0.0982 0.0446 0.0891 0.0000 0.0224 
 76       76   (0)      1 :  0.1795 0.3717 0.0675 0.0075 0.1818 0.0147 0.0203 0.1570 
 77       77   (0)      1 :  0.0225 0.0419 0.0005 0.0823 0.1163 0.1131 0.6016 0.0217 
 78       78   (0)      1 :  0.0892 0.3253 0.0546 0.0473 0.0045 0.0610 0.2823 0.1358 
 79       79   (0)      1 :  0.1965 0.0876 0.0485 0.1405 0.0777 0.0846 0.1604 0.2041 
 80       80   (0)      1 :  0.0612 0.0986 0.1284 0.5717 0.0000 0.0015 0.0168 0.1218 
 81       81   (0)      1 :  0.0358 0.4507 0.1690 0.0088 0.1123 0.1086 0.0690 0.0459 
 82       82   (0)      1 :  0.0430 0.1102 0.2946 0.0583 0.0138 0.0261 0.3027 0.1513 
 83       83   (0)      1 :  0.0297 0.1211 0.0190 0.1037 0.1113 0.2152 0.1601 0.2398 
 84       84   (0)      1 :  0.1588 0.0635 0.0316 0.1411 0.0730 0.1126 0.0000 0.4195 
 85       85   (0)      1 :  0.1601 0.1382 0.1092 0.1646 0.1094 0.0869 0.0730 0.1585 
 86       86   (0)      1 :  0.1930 0.0269 0.0534 0.1479 0.0836 0.2292 0.1637 0.1023 
 87       87   (0)      1 :  0.0410 0.0396 0.0286 0.0149 0.6345 0.1439 0.0929 0.0045 
 88       88   (0)      1 :  0.1076 0.0809 0.0278 0.0295 0.0151 0.2361 0.1905 0.3126 
 89       89   (0)      1 :  0.0489 0.0401 0.0016 0.0562 0.1869 0.0628 0.4686 0.1349 
 90       90   (0)      1 :  0.0478 0.1038 0.6928 0.0511 0.0865 0.0000 0.0093 0.0086 
 91       91   (0)      1 :  0.0215 0.0000 0.0001 0.0000 0.0000 0.0000 0.1252 0.8532 
 92       92   (0)      1 :  0.1251 0.2595 0.0834 0.0277 0.1974 0.2317 0.0076 0.0676 
 93       93   (0)      1 :  0.2298 0.0798 0.1438 0.1688 0.2641 0.0132 0.0816 0.0189 
 94       94   (0)      1 :  0.0062 0.0286 0.0397 0.1728 0.2044 0.1615 0.1463 0.2405 
 95       95   (0)      1 :  0.0203 0.0603 0.1270 0.5340 0.0250 0.0504 0.0587 0.1244 
 96       96   (0)      1 :  0.0905 0.0370 0.1837 0.3634 0.0312 0.0721 0.0698 0.1523 
 97       97   (0)      1 :  0.0329 0.2843 0.2212 0.1281 0.0117 0.0618 0.0585 0.2014 
 98       98   (0)      1 :  0.0832 0.1575 0.0194 0.1576 0.0416 0.1906 0.2461 0.1041 
 99       99   (0)      4 :  0.0396 0.0288 0.0135 0.4883 0.0000 0.1175 0.0170 0.2954 
100      100   (0)      4 :  0.1207 0.2139 0.1659 0.1304 0.0208 0.0781 0.1656 0.1046 
101      101   (0)      5 :  0.0744 0.1535 0.0574 0.1398 0.0106 0.1005 0.1914 0.2725 
102      102   (0)      5 :  0.0046 0.3404 0.1091 0.0556 0.0518 0.3116 0.1000 0.0269 
103      103   (0)      5 :  0.0791 0.1106 0.1132 0.2958 0.1693 0.0971 0.1134 0.0216 
104      104   (0)      5 :  0.4887 0.1716 0.0488 0.0841 0.0497 0.0417 0.0676 0.0478 
105      105   (0)      5 :  0.1594 0.0000 0.0464 0.1853 0.0071 0.0715 0.3232 0.2071 
106      106   (0)      4 :  0.0655 0.1367 0.0482 0.1207 0.4665 0.1129 0.0000 0.0495 
107      107   (0)      4 :  0.0201 0.0625 0.1425 0.0924 0.0799 0.2106 0.0200 0.3721 
108      108   (0)      4 :  0.1192 0.2102 0.0775 0.0589 0.0335 0.0329 0.4676 0.0002 
109      109   (0)      4 :  0.2338 0.1432 0.1160 0.1674 0.0258 0.0388 0.1834 0.0916 
110      110   (0)      4 :  0.2202 0.3177 0.0245 0.1217 0.1613 0.0229 0.0638 0.0679 
111      111   (0)      5 :  0.0803 0.0227 0.1034 0.2883 0.1273 0.1125 0.2199 0.0455 
112      112   (0)      5 :  0.1918 0.0240 0.0457 0.0694 0.0953 0.2778 0.0825 0.2136 
113      113   (0)      5 :  0.1776 0.0723 0.2201 0.1459 0.0927 0.0073 0.0747 0.2093 
114      114   (0)      5 :  0.0849 0.5565 0.0642 0.0761 0.0116 0.1567 0.0000 0.0500 
115      115   (0)      5 :  0.0000 0.1159 0.0000 0.0872 0.4872 0.1511 0.1586 0.0000 
116      116   (0)      5 :  0.1697 0.2151 0.0227 0.1185 0.1554 0.0790 0.0225 0.2171 
117      117   (0)      4 :  0.3277 0.0307 0.0654 0.0128 0.0070 0.1211 0.0000 0.4353 
118      118   (0)      4 :  0.1068 0.0128 0.0330 0.0320 0.4569 0.0574 0.2764 0.0247 
119      119   (0)      4 :  0.0750 0.1117 0.4944 0.1177 0.0064 0.0714 0.0164 0.1071 
120      120   (0)      4 :  0.1201 0.1215 0.3896 0.0973 0.0079 0.1004 0.1223 0.0409 
121      121   (0)      4 :  0.2624 0.1953 0.0393 0.0260 0.1839 0.1516 0.0541 0.0874 
122      122   (0)      4 :  0.0528 0.0000 0.0570 0.0131 0.2855 0.1513 0.3167 0.1237 
123      123   (0)      4 :  0.0785 0.0256 0.0706 0.2920 0.0225 0.0612 0.3746 0.0751 
124      124   (0)      4 :  0.0538 0.0259 0.1761 0.0451 0.0442 0.2544 0.0184 0.3821 
125      125   (0)      5 :  0.0310 0.0675 0.0456 0.0685 0.0000 0.0882 0.0422 0.6569 
126      126   (0)      5 :  0.3508 0.0689 0.2418 0.0291 0.1115 0.0220 0.1675 0.0084 
127      127   (0)      5 :  0.1129 0.1764 0.0869 0.0660 0.2149 0.1000 0.2033 0.0397 
128      128   (0)      5 :  0.0974 0.0350 0.0704 0.1673 0.4160 0.0926 0.0451 0.0762 
129      129   (0)      5 :  0.3519 0.1330 0.1552 0.1824 0.0211 0.0399 0.0830 0.0334 
130      130   (0)      5 :  0.0405 0.0489 0.3114 0.0767 0.4062 0.0537 0.0267 0.0360 
131      131   (0)      5 :  0.4440 0.0629 0.0790 0.0938 0.0503 0.1618 0.0819 0.0263 
132      132   (0)      5 :  0.1595 0.0074 0.0192 0.0688 0.1383 0.4106 0.0047 0.1916 
133      133   (0)      5 :  0.2134 0.2213 0.0517 0.0295 0.2656 0.1248 0.0363 0.0573 
134      134   (0)      5 :  0.0476 0.0520 0.1575 0.1971 0.2802 0.1037 0.0501 0.1119 
135      135   (0)      5 :  0.0400 0.7612 0.0285 0.0754 0.0185 0.0180 0.0476 0.0107 
136      136   (0)      5 :  0.0719 0.0871 0.0100 0.0577 0.6958 0.0162 0.0304 0.0309 
137      137   (0)      5 :  0.1741 0.1005 0.4127 0.0829 0.0000 0.1025 0.0244 0.1030 
138      138   (0)      5 :  0.0373 0.3719 0.0872 0.2481 0.0391 0.0475 0.0542 0.1146 
139      139   (0)      5 :  0.1025 0.3422 0.0714 0.0301 0.1640 0.0503 0.2396 0.0000 
140      140   (0)      5 :  0.0873 0.1906 0.0364 0.1065 0.1290 0.2268 0.1885 0.0349 
141      141   (0)      5 :  0.0679 0.0778 0.0930 0.2763 0.0295 0.1287 0.2746 0.0521 
142      142   (0)      5 :  0.0869 0.0410 0.0274 0.0135 0.7937 0.0141 0.0012 0.0222 
143      143   (0)      5 :  0.2357 0.2453 0.1223 0.0101 0.0382 0.1226 0.0478 0.1778 
144      144   (0)      6 :  0.1059 0.0647 0.1197 0.1537 0.1478 0.1458 0.1806 0.0820 
145      145   (0)      6 :  0.1451 0.2152 0.0436 0.1833 0.2289 0.1374 0.0212 0.0253 
146      146   (0)      6 :  0.2037 0.0567 0.0985 0.1302 0.0556 0.1884 0.1047 0.1622 
147      147   (0)      6 :  0.0677 0.0097 0.0573 0.4909 0.2010 0.1196 0.0537 0.0000 
148      148   (0)      6 :  0.4086 0.2810 0.1400 0.0511 0.0206 0.0000 0.0805 0.0180 
149      149   (0)      6 :  0.0434 0.0399 0.1056 0.2368 0.0058 0.2962 0.0740 0.1984 
150      150   (0)      6 :  0.0316 0.1930 0.0163 0.0190 0.5236 0.1647 0.0518 0.0000 
151      151   (0)      6 :  0.2285 0.0433 0.1190 0.0365 0.0519 0.4266 0.0735 0.0207 
152      152   (0)      6 :  0.0553 0.1397 0.0916 0.0674 0.0107 0.0932 0.0255 0.5165 
153      153   (0)      6 :  0.4959 0.0658 0.1025 0.1154 0.1932 0.0138 0.0132 0.0004 
154      154   (0)      6 :  0.1739 0.0746 0.0916 0.0161 0.1403 0.2406 0.0459 0.2169 
155      155   (0)      6 :  0.0137 0.2301 0.0771 0.1204 0.3282 0.1063 0.1233 0.0008 
156      156   (0)      6 :  0.1754 0.2108 0.1705 0.0320 0.1515 0.0147 0.1450 0.1001 
157      157   (0)      6 :  0.3402 0.0001 0.1048 0.2399 0.0420 0.0886 0.0211 0.1634 
158      158   (0)      6 :  0.2411 0.0721 0.0259 0.1270 0.0218 0.1009 0.3461 0.0651 
159      159   (0)      6 :  0.1991 0.0659 0.2332 0.1491 0.0876 0.1120 0.0368 0.1164 
160      160   (0)      6 :  0.2000 0.0000 0.0689 0.0869 0.5049 0.0088 0.0000 0.1305 
161      161   (0)      6 :  0.0476 0.4068 0.0338 0.1440 0.0127 0.2222 0.0570 0.0758 
162      162   (0)      6 :  0.0878 0.6853 0.1344 0.0309 0.0284 0.0088 0.0103 0.0142 
163      163   (0)      6 :  0.0501 0.0048 0.0332 0.0097 0.4543 0.0141 0.3906 0.0433 
164      164   (0)      6 :  0.2509 0.3037 0.0401 0.1886 0.0803 0.0046 0.1261 0.0058 
165      165   (0)      6 :  0.0625 0.0910 0.0903 0.1763 0.1194 0.0960 0.1598 0.2047 
166      166   (0)      6 :  0.2878 0.0852 0.2248 0.2772 0.0173 0.0157 0.0213 0.0707 
167      167   (0)      6 :  0.2301 0.0052 0.0937 0.1179 0.2127 0.0593 0.1467 0.1344 
168      168   (0)      6 :  0.0970 0.0205 0.0123 0.0213 0.0405 0.5500 0.1869 0.0714 
169      169   (0)      6 :  0.0080 0.0805 0.0301 0.0884 0.1914 0.1043 0.2503 0.2470 
170      170   (0)      6 :  0.1051 0.1264 0.0412 0.2416 0.4584 0.0000 0.0123 0.0149 
171      171   (0)      6 :  0.0384 0.0714 0.4090 0.0135 0.0956 0.1102 0.1856 0.0764 
172      172   (0)      4 :  0.0122 0.2046 0.0627 0.0911 0.4669 0.0340 0.1285 0.0000 
173      173   (0)      4 :  0.0364 0.2012 0.1230 0.3450 0.0000 0.0628 0.0049 0.2267 
174      174   (0)      7 :  0.3631 0.1039 0.2172 0.0969 0.0357 0.1258 0.0029 0.0545 
175      175   (0)      7 :  0.0250 0.0043 0.0000 0.0035 0.0000 0.0000 0.0167 0.9505 
176      176   (0)      7 :  0.0530 0.1878 0.2292 0.0360 0.1603 0.0876 0.0857 0.1603 
177      177   (0)      7 :  0.1896 0.0390 0.0537 0.1845 0.0106 0.1296 0.0936 0.2995 
178      178   (0)      7 :  0.0047 0.2332 0.2600 0.0528 0.0264 0.0284 0.0831 0.3113 
179      179   (0)      7 :  0.0898 0.3854 0.1458 0.0839 0.0929 0.1651 0.0211 0.0160 
180      180   (0)      7 :  0.1585 0.0000 0.0930 0.1438 0.1129 0.4195 0.0591 0.0132 
181      181   (0)      7 :  0.0056 0.2303 0.0405 0.0414 0.2417 0.1644 0.2084 0.0677 
182      182   (0)      7 :  0.1329 0.1598 0.1151 0.0526 0.0149 0.0985 0.0687 0.3574 
183      183   (0)      7 :  0.0401 0.4586 0.0513 0.0655 0.0132 0.1123 0.0496 0.2094 
184      184   (0)      7 :  0.1843 0.0075 0.1537 0.0129 0.2618 0.1323 0.0684 0.1791 
185      185   (0)      7 :  0.5494 0.0279 0.1411 0.0318 0.0458 0.0224 0.0793 0.1023 
186      186   (0)      7 :  0.1330 0.2929 0.2433 0.0541 0.1028 0.0753 0.0562 0.0424 
187      187   (0)      7 :  0.1032 0.2759 0.0236 0.1273 0.1330 0.1457 0.1221 0.0693 
188      188   (0)      7 :  0.1731 0.2410 0.2295 0.0597 0.0092 0.1817 0.0355 0.0704 
189      189   (0)      7 :  0.2209 0.0214 0.2396 0.1064 0.0733 0.1916 0.0372 0.1096 
190      190   (0)      7 :  0.0929 0.0460 0.0372 0.1365 0.4797 0.0192 0.1344 0.0542 
191      191   (0)      7 :  0.0664 0.2187 0.1778 0.1324 0.0504 0.1414 0.1259 0.0870 
192      192   (0)      7 :  0.0147 0.1748 0.0000 0.2764 0.0978 0.1190 0.2945 0.0227 
193      193   (0)      7 :  0.0869 0.0476 0.0742 0.1169 0.0118 0.2375 0.1342 0.2910 
194      194   (0)      7 :  0.0542 0.0058 0.2190 0.1320 0.0941 0.3571 0.1277 0.0100 
195      195   (0)      7 :  0.0631 0.0402 0.1020 0.0264 0.0253 0.0793 0.1156 0.5483 
196      196   (0)      7 :  0.0064 0.1117 0.0598 0.0244 0.0088 0.1452 0.0383 0.6053 
197      197   (0)      7 :  0.1267 0.0000 0.0474 0.0987 0.0288 0.4693 0.0183 0.2107 
198      198   (0)      7 :  0.1064 0.4733 0.0483 0.1654 0.0004 0.0413 0.0705 0.0944 
199      199   (0)      7 :  0.1073 0.0767 0.1092 0.1823 0.0821 0.0555 0.1473 0.2396 
200      200   (0)      7 :  0.1926 0.0780 0.2058 0.0260 0.1378 0.1380 0.1482 0.0736 
201      201   (0)      7 :  0.2393 0.0078 0.0731 0.0789 0.0000 0.1889 0.0382 0.3739 
202      202   (0)      7 :  0.0367 0.2187 0.3380 0.0881 0.0718 0.0000 0.0326 0.2141 
203      203   (0)      7 :  0.0266 0.0537 0.1873 0.1792 0.0077 0.1653 0.0744 0.3057 
