  1        1   (0)      1 :  1.0000 0.0000 0.0000 0.0000 
  2        2   (0)      1 :  0.0000 0.0000 0.9265 0.0735 
  3        3   (0)      1 :  1.0000 0.0000 0.0000 0.0000 
  4        4   (0)      1 :  0.0000 0.1154 0.7976 0.0870 
  5        5   (0)      1 :  1.0000 0.0000 0.0000 0.0000 
  6        6   (0)      1 :  1.0000 0.0000 0.0000 0.0000 
  7        7   (0)      1 :  0.0487 0.0000 0.8848 0.0665 
  8        8   (0)      1 :  0.0000 0.0000 0.9252 0.0748 
  9        9   (0)      1 :  1.0000 0.0000 0.0000 0.0000 
 10       10   (0)      2 :  0.0000 0.0000 1.0000 0.0000 
 11       11   (0)      2 :  0.0000 0.0000 1.0000 0.0000 
 12       12   (0)      2 :  0.0000 0.0000 1.0000 0.0000 
 13       13   (0)      3 :  0.9685 0.0000 0.0000 0.0315 
 14       14   (0)      3 :  0.8895 0.0527 0.0000 0.0579 
 15       15   (0)      3 :  0.9661 0.0000 0.0339 0.0000 
 16       16   (0)      3 :  0.9745 0.0000 0.0255 0.0000 
 17       17   (0)      3 :  1.0000 0.0000 0.0000 0.0000 
 18       18   (0)      3 :  0.9868 0.0000 0.0000 0.0132 
 19       19   (0)      3 :  0.0000 0.1276 0.7154 0.1570 
 20       20   (0)      3 :  0.0000 0.0866 0.4794 0.4340 
 21       21   (0)      2 :  0.1515 0.0000 0.8485 0.0000 
 22       22   (0)      2 :  0.0001 0.0000 0.9999 0.0000 
 23       23   (0)      2 :  0.0000 0.0000 1.0000 0.0000 
 24       24   (0)      2 :  0.0000 0.0000 1.0000 0.0000 
 25       25   (0)      2 :  0.0000 0.0000 1.0000 0.0000 
 26       26   (0)      2 :  0.0000 0.0000 1.0000 0.0000 
 27       27   (0)      2 :  0.0215 0.0000 0.9785 0.0000 
 28       28   (0)      2 :  0.0000 0.0000 1.0000 0.0000 
 29       29   (0)      2 :  0.0475 0.0025 0.9004 0.0496 
 30       30   (0)      2 :  0.0000 0.0000 1.0000 0.0000 
 31       31   (0)      2 :  0.3346 0.0000 0.6654 0.0000 
 32       32   (0)      2 :  0.2331 0.0000 0.7169 0.0500 
 33       33   (0)      2 :  0.0094 0.0000 0.9906 0.0000 
 34       34   (0)      2 :  0.0000 0.0000 1.0000 0.0000 
 35       35   (0)      2 :  0.0000 0.0000 1.0000 0.0000 
 36       36   (0)      2 :  0.0000 0.0080 0.9920 0.0000 
 37       37   (0)      2 :  0.9224 0.0000 0.0776 0.0000 
 38       38   (0)      2 :  0.0000 0.0185 0.9497 0.0318 
 39       39   (0)      2 :  0.0548 0.0202 0.8823 0.0428 
 40       40   (0)      2 :  0.0302 0.0000 0.9698 0.0000 
 41       41   (0)      2 :  0.0867 0.0000 0.9133 0.0000 
 42       42   (0)      2 :  0.0000 0.0000 1.0000 0.0000 
 43       43   (0)      4 :  0.0000 0.0000 0.0000 1.0000 
 44       44   (0)      4 :  0.1074 0.0000 0.0000 0.8926 
 45       45   (0)      4 :  0.0000 0.0955 0.0000 0.9045 
 46       46   (0)      4 :  0.0000 0.1071 0.0000 0.8929 
 47       47   (0)      4 :  0.1533 0.0026 0.0000 0.8441 
 48       48   (0)      4 :  0.6984 0.0004 0.0000 0.3012 
 49       49   (0)      4 :  0.8223 0.0002 0.0000 0.1775 
 50       50   (0)      4 :  0.0329 0.0000 0.0000 0.9671 
 51       51   (0)      4 :  0.0000 0.0000 0.0000 1.0000 
 52       52   (0)      4 :  0.0949 0.2270 0.0472 0.6308 
 53       53   (0)      4 :  0.1000 0.1852 0.0000 0.7147 
 54       54   (0)      4 :  0.8347 0.0000 0.0000 0.1653 
 55       55   (0)      4 :  0.8665 0.0000 0.0000 0.1335 
 56       56   (0)      4 :  0.7029 0.0000 0.0000 0.2971 
 57       57   (0)      4 :  0.0000 0.1914 0.0000 0.8086 
 58       58   (0)      4 :  0.0000 0.0000 0.0000 1.0000 
 59       59   (0)      4 :  0.0000 0.0000 0.0000 1.0000 
 60       60   (0)      4 :  0.0000 0.0000 0.0000 1.0000 
 61       61   (0)      4 :  0.0000 0.0000 0.0000 1.0000 
 62       62   (0)      4 :  0.0593 0.0000 0.0000 0.9407 
 63       63   (0)      4 :  0.0000 0.0000 0.0000 1.0000 
 64       64   (0)      4 :  0.0194 0.0021 0.0000 0.9784 
 65       65   (0)      4 :  0.9019 0.0000 0.0000 0.0981 
 66       66   (0)      4 :  0.0000 0.0000 0.0000 1.0000 
 67       67   (0)      4 :  0.0000 0.1243 0.0000 0.8757 
 68       68   (0)      4 :  0.7590 0.0946 0.0000 0.1464 
 69       69   (0)      4 :  0.0000 0.0000 0.0000 1.0000 
 70       70   (0)      4 :  0.0723 0.0000 0.0000 0.9277 
 71       71   (0)      4 :  0.8951 0.0000 0.0000 0.1049 
 72       72   (0)      5 :  0.0000 0.1845 0.2057 0.6098 
 73       73   (0)      5 :  0.0000 0.4749 0.1544 0.3707 
 74       74   (0)      5 :  0.0000 0.2663 0.0565 0.6772 
 75       75   (0)      5 :  0.0000 0.1515 0.1118 0.7367 
 76       76   (0)      5 :  0.0286 0.2644 0.2420 0.4650 
 77       77   (0)      5 :  0.0000 0.2860 0.0356 0.6784 
 78       78   (0)      5 :  0.0000 0.2583 0.0000 0.7417 
 79       79   (0)      5 :  0.0000 0.1211 0.2086 0.6703 
 80       80   (0)      5 :  0.7474 0.1955 0.0000 0.0571 
 81       81   (0)      5 :  0.5142 0.0134 0.0000 0.4723 
 82       82   (0)      5 :  0.0000 0.3238 0.0081 0.6682 
 83       83   (0)      5 :  0.0094 0.2667 0.0994 0.6244 
 84       84   (0)      5 :  0.0000 0.3267 0.0800 0.5933 
 85       85   (0)      5 :  0.0000 0.2935 0.0000 0.7065 
 86       86   (0)      5 :  0.0000 0.1183 0.0677 0.8140 
 87       87   (0)      5 :  0.0000 0.1794 0.2077 0.6130 
 88       88   (0)      5 :  0.0000 0.0300 0.2548 0.7152 
 89       89   (0)      5 :  0.0000 0.0277 0.1930 0.7793 
 90       90   (0)      5 :  0.0000 0.0459 0.1754 0.7787 
 91       91   (0)      5 :  0.0000 0.1637 0.1629 0.6734 
 92       92   (0)      5 :  0.7368 0.0409 0.0000 0.2223 
 93       93   (0)      5 :  0.0000 0.1945 0.1040 0.7016 
 94       94   (0)      5 :  0.0000 0.3795 0.0002 0.6203 
 95       95   (0)      5 :  0.0000 0.2537 0.0000 0.7463 
 96       96   (0)      5 :  0.0000 0.2463 0.0892 0.6645 
 97       97   (0)      6 :  0.0013 0.0226 0.4386 0.5375 
 98       98   (0)      6 :  0.0000 0.1134 0.8866 0.0000 
 99       99   (0)      6 :  1.0000 0.0000 0.0000 0.0000 
100      100   (0)      6 :  0.0078 0.0001 0.6507 0.3414 
101      101   (0)      6 :  1.0000 0.0000 0.0000 0.0000 
102      102   (0)      6 :  0.9596 0.0000 0.0404 0.0000 
103      103   (0)      6 :  0.9888 0.0000 0.0001 0.0111 
104      104   (0)      6 :  0.1504 0.1134 0.4358 0.3003 
105      105   (0)      6 :  1.0000 0.0000 0.0000 0.0000 
106      106   (0)      6 :  0.0000 0.0113 0.7822 0.2065 
107      107   (0)      3 :  0.9840 0.0000 0.0000 0.0160 
108      108   (0)      3 :  0.0000 0.1263 0.3850 0.4887 
109      109   (0)      3 :  0.9537 0.0463 0.0000 0.0000 
110      110   (0)      2 :  0.0000 0.0000 1.0000 0.0000 
111      111   (0)      2 :  0.9860 0.0000 0.0140 0.0000 
112      112   (0)      3 :  0.9286 0.0408 0.0000 0.0306 
113      113   (0)      2 :  0.0000 0.0000 1.0000 0.0000 
114      114   (0)      2 :  0.9909 0.0000 0.0091 0.0000 
115      115   (0)      3 :  1.0000 0.0000 0.0000 0.0000 
116      116   (0)      3 :  0.9763 0.0000 0.0121 0.0116 
117      117   (0)      3 :  0.9519 0.0114 0.0000 0.0366 
118      118   (0)      3 :  0.9259 0.0741 0.0000 0.0000 
119      119   (0)      3 :  1.0000 0.0000 0.0000 0.0000 
120      120   (0)      3 :  0.0000 0.0538 0.5972 0.3491 
121      121   (0)      3 :  1.0000 0.0000 0.0000 0.0000 
122      122   (0)      3 :  0.9109 0.0891 0.0000 0.0000 
123      123   (0)      3 :  0.7893 0.2107 0.0000 0.0000 
124      124   (0)      3 :  0.9992 0.0004 0.0000 0.0004 
125      125   (0)      3 :  0.0085 0.0639 0.7209 0.2067 
126      126   (0)      3 :  0.9233 0.0767 0.0000 0.0000 
127      127   (0)      3 :  0.0000 0.0000 0.8257 0.1743 
128      128   (0)      3 :  1.0000 0.0000 0.0000 0.0000 
129      129   (0)      6 :  0.8756 0.0000 0.0800 0.0443 
130      130   (0)      6 :  0.0000 0.1946 0.5752 0.2302 
131      131   (0)      6 :  1.0000 0.0000 0.0000 0.0000 
132      132   (0)      6 :  0.0000 0.1014 0.7598 0.1388 
133      133   (0)      6 :  1.0000 0.0000 0.0000 0.0000 
134      134   (0)      6 :  0.9478 0.0000 0.0522 0.0000 
135      135   (0)      6 :  1.0000 0.0000 0.0000 0.0000 
136      136   (0)      6 :  1.0000 0.0000 0.0000 0.0000 
137      137   (0)      6 :  1.0000 0.0000 0.0000 0.0000 
138      138   (0)      6 :  1.0000 0.0000 0.0000 0.0000 
139      139   (0)      6 :  0.8909 0.0000 0.0000 0.1091 
140      140   (0)      6 :  0.0014 0.1274 0.6563 0.2149 
141      141   (0)      1 :  0.0000 0.0047 0.9953 0.0000 
142      142   (0)      1 :  0.8928 0.0000 0.1072 0.0000 
143      143   (0)      1 :  0.0000 0.1480 0.8520 0.0000 
144      144   (0)      1 :  0.0302 0.0244 0.9453 0.0000 
145      145   (0)      1 :  0.0000 0.0000 1.0000 0.0000 
146      146   (0)      1 :  1.0000 0.0000 0.0000 0.0000 
147      147   (0)      6 :  1.0000 0.0000 0.0000 0.0000 
148      148   (0)      6 :  0.0000 0.0000 0.8159 0.1841 
149      149   (0)      6 :  0.9465 0.0000 0.0535 0.0000 
150      150   (0)      6 :  0.9100 0.0000 0.0485 0.0415 
151      151   (0)      6 :  1.0000 0.0000 0.0000 0.0000 
152      152   (0)      6 :  1.0000 0.0000 0.0000 0.0000 
153      153   (0)      6 :  0.0000 0.0000 0.6008 0.3992 
154      154   (0)      1 :  0.0000 0.0000 1.0000 0.0000 
155      155   (0)      1 :  1.0000 0.0000 0.0000 0.0000 
156      156   (0)      1 :  1.0000 0.0000 0.0000 0.0000 
157      157   (0)      1 :  0.9896 0.0000 0.0104 0.0000 
158      158   (0)      1 :  0.0000 0.0000 1.0000 0.0000 
159      159   (0)      1 :  0.0000 0.0000 1.0000 0.0000 
160      160   (0)      1 :  0.0000 0.0187 0.9813 0.0000 
161      161   (0)      1 :  1.0000 0.0000 0.0000 0.0000 
162      162   (0)      1 :  0.0000 0.0000 0.9395 0.0605 
163      163   (0)      1 :  0.0000 0.0000 1.0000 0.0000 
164      164   (0)      1 :  1.0000 0.0000 0.0000 0.0000 
165      165   (0)      1 :  1.0000 0.0000 0.0000 0.0000 
166      166   (0)      1 :  0.0007 0.0000 0.9975 0.0018 
167      167   (0)      1 :  1.0000 0.0000 0.0000 0.0000 
168      168   (0)      7 :  0.0000 0.6157 0.3843 0.0000 
169      169   (0)      7 :  0.0000 0.7901 0.2099 0.0000 
170      170   (0)      7 :  0.1273 0.8727 0.0000 0.0000 
171      171   (0)      7 :  0.1065 0.8935 0.0000 0.0000 
172      172   (0)      7 :  0.0000 1.0000 0.0000 0.0000 
173      173   (0)      7 :  0.0000 0.8645 0.0000 0.1355 
174      174   (0)      7 :  0.0000 0.9957 0.0000 0.0043 
175      175   (0)      7 :  0.8082 0.1918 0.0000 0.0000 
176      176   (0)      7 :  0.0000 1.0000 0.0000 0.0000 
177      177   (0)      7 :  0.0000 1.0000 0.0000 0.0000 
178      178   (0)      7 :  0.7002 0.2998 0.0000 0.0000 
179      179   (0)      7 :  0.9437 0.0563 0.0000 0.0000 
180      180   (0)      7 :  0.0000 1.0000 0.0000 0.0000 
181      181   (0)      7 :  0.0000 0.9244 0.0000 0.0756 
182      182   (0)      7 :  0.0000 0.9997 0.0000 0.0003 
183      183   (0)      7 :  0.0752 0.9248 0.0000 0.0000 
184      184   (0)      7 :  0.7934 0.2066 0.0000 0.0000 
185      185   (0)      7 :  0.0000 1.0000 0.0000 0.0000 
186      186   (0)      7 :  0.7521 0.2479 0.0000 0.0000 
187      187   (0)      7 :  0.0000 0.8850 0.0000 0.1150 
188      188   (0)      7 :  0.8702 0.1298 0.0000 0.0000 
189      189   (0)      7 :  0.1634 0.8144 0.0000 0.0222 
190      190   (0)      7 :  0.0066 0.8184 0.1533 0.0217 
191      191   (0)      7 :  0.0000 1.0000 0.0000 0.0000 
192      192   (0)      7 :  0.1897 0.7765 0.0000 0.0338 
193      193   (0)      7 :  0.0000 0.9659 0.0000 0.0341 
194      194   (0)      7 :  0.8139 0.1861 0.0000 0.0000 
195      195   (0)      7 :  0.0000 0.8152 0.0000 0.1848 
196      196   (0)      7 :  0.8531 0.1469 0.0000 0.0000 
197      197   (0)      7 :  0.7146 0.2854 0.0000 0.0000 
