1        1   (0)      1  : 0.4099 0.3617 0.2284
2        2   (0)      1  : 0.5830 0.4170 0.0000
3        3   (0)      2  : 0.0222 0.7838 0.1940
4        4   (0)      2  : 0.1857 0.4874 0.3269
5        5   (0)      2  : 0.2228 0.1111 0.6660
6        6   (0)      2  : 0.3799 0.4548 0.1654
7        7   (0)      2  : 0.8238 0.0000 0.1762
8        8   (0)      2  : 0.3131 0.2672 0.4197
9        9   (0)      2  : 0.8917 0.0000 0.1083
10       10   (0)      2  : 0.5097 0.1025 0.3879
11       11   (0)      2  : 0.3650 0.4218 0.2132
12       12   (0)      2  : 0.0938 0.5481 0.3581
13       13   (0)      2  : 0.1955 0.0000 0.8045
14       14   (0)      2  : 0.3407 0.0896 0.5697
15       15   (0)      2  : 0.3710 0.1960 0.4329
16       16   (0)      2  : 0.3947 0.3688 0.2364
17       17   (0)      2  : 0.9363 0.0637 0.0000
18       18   (0)      2  : 0.3023 0.2921 0.4056
19       19   (0)      2  : 0.6327 0.2214 0.1460
20       20   (0)      2  : 0.4144 0.1643 0.4213
21       21   (0)      2  : 0.5271 0.4368 0.0360
22       22   (0)      2  : 0.1256 0.1929 0.6815
23       23   (0)      2  : 0.4657 0.1644 0.3700
24       24   (0)      2  : 0.5814 0.2577 0.1609
25       25   (0)      2  : 0.3487 0.3967 0.2546
26       26   (0)      2  : 0.3551 0.1155 0.5294
27       27   (0)      2  : 0.0000 0.0000 1.0000
28       28   (0)      2  : 0.2209 0.4008 0.3784
29       29   (0)      2  : 0.3074 0.1773 0.5153
30       30   (0)      3  : 0.0008 0.6357 0.3635
31       31   (0)      3  : 0.6288 0.0001 0.3710
32       32   (0)      3  : 0.2454 0.3941 0.3604
33       33   (0)      3  : 0.4426 0.2010 0.3565
34       34   (0)      3  : 0.5829 0.0000 0.4171
35       35   (0)      3  : 0.1632 0.6238 0.2130
36       36   (0)      3  : 0.2907 0.0819 0.6274
37       37   (0)      3  : 0.4184 0.3665 0.2151
38       38   (0)      3  : 0.8638 0.1362 0.0000
39       39   (0)      3  : 0.4599 0.3028 0.2373
40       40   (0)      3  : 0.4741 0.2969 0.2290
41       41   (0)      3  : 0.3183 0.4936 0.1881
42       42   (0)      3  : 0.1718 0.3543 0.4739
43       43   (0)      3  : 0.0227 0.4041 0.5733
44       44   (0)      3  : 0.0000 0.1566 0.8434
45       45   (0)      3  : 0.0000 0.0831 0.9169
46       46   (0)      3  : 0.4083 0.1880 0.4038
47       47   (0)      3  : 0.5885 0.0000 0.4115
48       48   (0)      3  : 0.2780 0.2339 0.4881
49       49   (0)      3  : 0.4616 0.2525 0.2860
50       50   (0)      3  : 0.1339 0.4946 0.3715
51       51   (0)      3  : 0.3542 0.1671 0.4787
52       52   (0)      3  : 0.3612 0.1356 0.5033
53       53   (0)      3  : 0.0000 0.0000 1.0000
54       54   (0)      3  : 0.1339 0.2978 0.5683
55       55   (0)      3  : 0.3480 0.0668 0.5852
56       56   (0)      3  : 0.1880 0.0832 0.7288
57       57   (0)      3  : 0.2871 0.2815 0.4314
58       58   (0)      3  : 0.4982 0.4499 0.0519
59       59   (0)      3  : 0.0984 0.5305 0.3712
60       60   (0)      4  : 0.8008 0.0818 0.1174
61       61   (0)      4  : 0.2061 0.0000 0.7939
62       62   (0)      4  : 0.3516 0.3301 0.3183
63       63   (0)      4  : 0.3452 0.3576 0.2971
64       64   (0)      4  : 0.8094 0.0022 0.1884
65       65   (0)      4  : 0.3758 0.0668 0.5574
66       66   (0)      4  : 0.0878 0.1604 0.7517
67       67   (0)      4  : 0.5679 0.0000 0.4321
68       68   (0)      4  : 0.5536 0.1521 0.2943
69       69   (0)      4  : 0.3781 0.2820 0.3400
70       70   (0)      4  : 0.0795 0.8133 0.1072
71       71   (0)      1  : 0.8477 0.0000 0.1523
72       72   (0)      1  : 0.6568 0.3430 0.0002
73       73   (0)      1  : 0.2406 0.3031 0.4563
74       74   (0)      1  : 0.4233 0.2669 0.3099
75       75   (0)      1  : 0.1017 0.2365 0.6618
76       76   (0)      1  : 0.1761 0.5206 0.3033
77       77   (0)      1  : 0.7443 0.0953 0.1604
78       78   (0)      1  : 0.5193 0.4033 0.0774
79       79   (0)      1  : 0.4768 0.3289 0.1944
80       80   (0)      1  : 0.3024 0.0697 0.6280
81       81   (0)      1  : 0.0000 1.0000 0.0000
82       82   (0)      1  : 0.8134 0.0954 0.0912
83       83   (0)      1  : 0.6580 0.2801 0.0619
84       84   (0)      1  : 0.6778 0.2557 0.0665
85       85   (0)      1  : 0.3155 0.3614 0.3231
86       86   (0)      1  : 0.5538 0.0000 0.4462
87       87   (0)      1  : 0.3585 0.5718 0.0697
88       88   (0)      1  : 0.6032 0.3968 0.0000
89       89   (0)      1  : 0.4720 0.3239 0.2041
90       90   (0)      1  : 0.0000 0.2971 0.7029
91       91   (0)      1  : 1.0000 0.0000 0.0000
92       92   (0)      1  : 0.2945 0.3683 0.3372
93       93   (0)      1  : 0.1097 0.4073 0.4829
94       94   (0)      1  : 0.8096 0.0610 0.1294
95       95   (0)      1  : 0.5464 0.0295 0.4241
96       96   (0)      1  : 0.4933 0.1442 0.3625
97       97   (0)      1  : 0.3534 0.2439 0.4027
98       98   (0)      1  : 0.4391 0.3237 0.2372
99       99   (0)      4  : 0.6172 0.0676 0.3153
100      100   (0)      4  : 0.3032 0.1789 0.5180
101      101   (0)      5  : 0.6686 0.1898 0.1416
102      102   (0)      5  : 0.1061 0.7758 0.1182
103      103   (0)      5  : 0.3007 0.3070 0.3923
104      104   (0)      5  : 0.2030 0.4670 0.3300
105      105   (0)      5  : 0.6266 0.0000 0.3734
106      106   (0)      4  : 0.0000 1.0000 0.0000
107      107   (0)      4  : 0.4234 0.3334 0.2432
108      108   (0)      4  : 0.2352 0.4134 0.3514
109      109   (0)      4  : 0.2746 0.2514 0.4740
110      110   (0)      4  : 0.0000 0.5602 0.4398
111      111   (0)      5  : 0.3799 0.1800 0.4401
112      112   (0)      5  : 0.5628 0.1485 0.2887
113      113   (0)      5  : 0.3026 0.1444 0.5530
114      114   (0)      5  : 0.0940 0.4644 0.4415
115      115   (0)      5  : 0.1563 0.5233 0.3205
116      116   (0)      5  : 0.2752 0.3614 0.3634
117      117   (0)      4  : 0.7193 0.0000 0.2807
118      118   (0)      4  : 0.2548 0.3285 0.4167
119      119   (0)      4  : 0.4883 0.0850 0.4267
120      120   (0)      4  : 0.3723 0.3172 0.3105
121      121   (0)      4  : 0.0000 0.5559 0.4441
122      122   (0)      4  : 0.8063 0.1937 0.0000
123      123   (0)      4  : 0.6894 0.0000 0.3106
124      124   (0)      4  : 0.7360 0.0601 0.2040
125      125   (0)      5  : 0.7891 0.0543 0.1565
126      126   (0)      5  : 0.0000 0.3961 0.6039
127      127   (0)      5  : 0.0000 1.0000 0.0000
128      128   (0)      5  : 0.3286 0.4681 0.2033
129      129   (0)      5  : 0.0729 0.1244 0.8027
130      130   (0)      5  : 0.0910 0.4981 0.4109
131      131   (0)      5  : 0.3003 0.1277 0.5721
132      132   (0)      5  : 0.5871 0.0268 0.3860
133      133   (0)      5  : 0.0617 0.7968 0.1415
134      134   (0)      5  : 0.5138 0.0000 0.4862
135      135   (0)      5  : 0.0000 0.7897 0.2103
136      136   (0)      5  : 0.0000 0.8564 0.1436
137      137   (0)      5  : 0.1518 0.0000 0.8482
138      138   (0)      5  : 0.3902 0.2572 0.3526
139      139   (0)      5  : 0.0000 0.8570 0.1430
140      140   (0)      5  : 0.1729 0.8271 0.0000
141      141   (0)      5  : 0.4497 0.2005 0.3498
142      142   (0)      5  : 0.2011 0.4710 0.3279
143      143   (0)      5  : 0.2760 0.3589 0.3651
144      144   (0)      6  : 0.3664 0.3800 0.2536
145      145   (0)      6  : 0.0983 0.7862 0.1155
146      146   (0)      6  : 0.4241 0.0996 0.4763
147      147   (0)      6  : 0.0682 0.1448 0.7870
148      148   (0)      6  : 0.0830 0.2777 0.6393
149      149   (0)      6  : 0.5778 0.0153 0.4070
150      150   (0)      6  : 0.0000 1.0000 0.0000
151      151   (0)      6  : 0.3252 0.0000 0.6748
152      152   (0)      6  : 0.5629 0.2078 0.2293
153      153   (0)      6  : 0.1107 0.4038 0.4855
154      154   (0)      6  : 0.3636 0.3084 0.3280
155      155   (0)      6  : 0.0000 1.0000 0.0000
156      156   (0)      6  : 0.2527 0.5158 0.2315
157      157   (0)      6  : 0.3385 0.0549 0.6066
158      158   (0)      6  : 0.4834 0.1833 0.3333
159      159   (0)      6  : 0.2673 0.1355 0.5971
160      160   (0)      6  : 0.0000 0.5314 0.4686
161      161   (0)      6  : 0.4751 0.5249 0.0000
162      162   (0)      6  : 0.0000 0.5286 0.4714
163      163   (0)      6  : 0.3730 0.4060 0.2209
164      164   (0)      6  : 0.1905 0.4867 0.3228
165      165   (0)      6  : 0.3664 0.2816 0.3520
166      166   (0)      6  : 0.2663 0.0624 0.6713
167      167   (0)      6  : 0.2509 0.3591 0.3901
168      168   (0)      6  : 1.0000 0.0000 0.0000
169      169   (0)      6  : 0.5983 0.3576 0.0441
170      170   (0)      6  : 0.0000 0.4208 0.5792
171      171   (0)      6  : 0.3559 0.3952 0.2489
172      172   (0)      4  : 0.3051 0.3860 0.3089
173      173   (0)      4  : 0.4567 0.3223 0.2210
174      174   (0)      7  : 0.1218 0.2289 0.6493
175      175   (0)      7  : 1.0000 0.0000 0.0000
176      176   (0)      7  : 0.1021 0.6091 0.2888
177      177   (0)      7  : 0.6991 0.0000 0.3009
178      178   (0)      7  : 0.4943 0.2351 0.2706
179      179   (0)      7  : 0.3462 0.3756 0.2782
180      180   (0)      7  : 0.0000 0.0000 1.0000
181      181   (0)      7  : 0.4618 0.5183 0.0198
182      182   (0)      7  : 0.5294 0.1682 0.3025
183      183   (0)      7  : 0.4342 0.5658 0.0000
184      184   (0)      7  : 0.2316 0.2833 0.4851
185      185   (0)      7  : 0.0695 0.2601 0.6704
186      186   (0)      7  : 0.0730 0.4067 0.5203
187      187   (0)      7  : 0.1132 0.5198 0.3669
188      188   (0)      7  : 0.3577 0.1403 0.5020
189      189   (0)      7  : 0.1698 0.1311 0.6990
190      190   (0)      7  : 0.2889 0.4223 0.2888
191      191   (0)      7  : 0.4269 0.3417 0.2314
192      192   (0)      7  : 0.4385 0.3326 0.2288
193      193   (0)      7  : 0.8302 0.0332 0.1366
194      194   (0)      7  : 0.3000 0.2983 0.4017
195      195   (0)      7  : 0.6584 0.2110 0.1306
196      196   (0)      7  : 0.5530 0.3119 0.1351
197      197   (0)      7  : 0.6117 0.1711 0.2173
198      198   (0)      7  : 0.4756 0.1829 0.3415
199      199   (0)      7  : 0.4895 0.1603 0.3502
200      200   (0)      7  : 0.2560 0.2693 0.4747
201      201   (0)      7  : 0.8634 0.0000 0.1366
202      202   (0)      7  : 0.3873 0.4436 0.1691
203      203   (0)      7  : 0.6148 0.0000 0.3852
