  1        1   (0)      1 :  0.0634 0.6953 0.0000 0.2414 0.0000 
  2        2   (0)      1 :  0.0574 0.7283 0.0011 0.2132 0.0000 
  3        3   (0)      1 :  0.9500 0.0000 0.0000 0.0500 0.0000 
  4        4   (0)      1 :  0.0244 0.6085 0.0000 0.3670 0.0000 
  5        5   (0)      1 :  0.0000 0.5277 0.0000 0.4723 0.0000 
  6        6   (0)      1 :  0.2003 0.6479 0.0000 0.1518 0.0000 
  7        7   (0)      1 :  0.0000 0.7271 0.0000 0.2729 0.0000 
  8        8   (0)      1 :  0.0000 0.5998 0.0000 0.4002 0.0000 
  9        9   (0)      1 :  0.9500 0.0000 0.0000 0.0500 0.0000 
 10       10   (0)      1 :  0.0587 0.6962 0.0000 0.2451 0.0000 
 11       11   (0)      1 :  0.0024 0.7458 0.0000 0.2518 0.0000 
 12       12   (0)      1 :  0.0000 0.7606 0.0000 0.2394 0.0000 
 13       13   (0)      1 :  0.0256 0.8284 0.0000 0.1460 0.0000 
 14       14   (0)      1 :  0.0000 0.7308 0.0000 0.2692 0.0000 
 15       15   (0)      2 :  0.0000 0.7710 0.0000 0.2290 0.0000 
 16       16   (0)      2 :  0.0000 0.0000 0.1065 0.0065 0.8870 
 17       17   (0)      2 :  0.0000 0.0000 0.4101 0.0000 0.5899 
 18       18   (0)      2 :  0.0000 0.0000 0.3277 0.0190 0.6533 
 19       19   (0)      2 :  0.0000 0.0000 0.3990 0.0091 0.5918 
 20       20   (0)      2 :  0.0000 0.0000 0.1721 0.0404 0.7875 
 21       21   (0)      2 :  0.0000 0.0000 0.3320 0.0084 0.6595 
 22       22   (0)      2 :  0.0000 0.0000 0.3084 0.0346 0.6570 
 23       23   (0)      1 :  0.0025 0.6986 0.0226 0.2762 0.0000 
 24       24   (0)      1 :  0.0417 0.7333 0.0066 0.1987 0.0198 
 25       25   (0)      1 :  1.0000 0.0000 0.0000 0.0000 0.0000 
 26       26   (0)      1 :  0.0042 0.7806 0.0000 0.2152 0.0000 
 27       27   (0)      2 :  0.0000 0.0000 0.8500 0.1500 0.0000 
 28       28   (0)      2 :  0.0000 0.0000 0.0665 0.0000 0.9335 
 29       29   (0)      2 :  0.0000 0.0000 0.5056 0.0559 0.4384 
 30       30   (0)      2 :  0.0000 0.0000 0.1000 0.0000 0.9000 
 31       31   (0)      2 :  0.0000 0.0219 0.1378 0.0289 0.8114 
 32       32   (0)      2 :  0.1324 0.0000 0.2703 0.0238 0.5735 
 33       33   (0)      2 :  0.0000 0.0000 0.4191 0.0092 0.5717 
 34       34   (0)      1 :  0.0082 0.6583 0.0000 0.3335 0.0000 
 35       35   (0)      2 :  0.0000 0.0000 0.2453 0.0057 0.7490 
 36       36   (0)      2 :  0.0000 0.0000 0.1729 0.0184 0.8086 
 37       37   (0)      2 :  0.0000 0.0000 0.3896 0.0297 0.5806 
 38       38   (0)      2 :  0.0000 0.0000 0.3769 0.0000 0.6231 
 39       39   (0)      2 :  0.0018 0.7636 0.0000 0.2346 0.0000 
 40       40   (0)      2 :  0.0021 0.6388 0.0000 0.3591 0.0000 
 41       41   (0)      2 :  0.0007 0.6329 0.0000 0.3664 0.0000 
 42       42   (0)      2 :  0.0022 0.7320 0.0000 0.2658 0.0000 
 43       43   (0)      2 :  0.0004 0.6995 0.0000 0.3002 0.0000 
 44       44   (0)      2 :  0.0000 0.0000 0.0559 0.0000 0.9441 
 45       45   (0)      2 :  0.0000 0.0145 0.2858 0.0294 0.6703 
 46       46   (0)      2 :  0.0000 0.0000 0.0555 0.0000 0.9445 
 47       47   (0)      2 :  0.0021 0.4894 0.0000 0.5085 0.0000 
 48       48   (0)      2 :  0.0000 0.0000 0.2186 0.0114 0.7700 
 49       49   (0)      1 :  0.0102 0.8717 0.0000 0.1181 0.0000 
 50       50   (0)      1 :  0.0011 0.5447 0.0000 0.4542 0.0000 
 51       51   (0)      1 :  0.0000 0.5589 0.0000 0.4411 0.0000 
 52       52   (0)      1 :  0.0000 0.7578 0.0000 0.2422 0.0000 
 53       53   (0)      1 :  0.0475 0.5199 0.0000 0.4326 0.0000 
 54       54   (0)      1 :  0.0116 0.7954 0.0000 0.1930 0.0000 
 55       55   (0)      1 :  0.0046 0.7455 0.0000 0.2499 0.0000 
 56       56   (0)      3 :  0.0000 0.0000 0.4472 0.0691 0.4836 
 57       57   (0)      3 :  0.0000 0.0000 0.1491 0.0134 0.8375 
 58       58   (0)      3 :  0.0000 0.0000 0.0723 0.0000 0.9277 
 59       59   (0)      3 :  0.0000 0.0000 0.1512 0.0194 0.8294 
 60       60   (0)      3 :  0.0000 0.0000 0.3750 0.0241 0.6009 
 61       61   (0)      3 :  0.0000 0.0000 0.0673 0.0000 0.9327 
 62       62   (0)      3 :  0.0000 0.0000 0.1707 0.0000 0.8293 
 63       63   (0)      4 :  1.0000 0.0000 0.0000 0.0000 0.0000 
 64       64   (0)      4 :  0.0000 0.6520 0.0000 0.3480 0.0000 
 65       65   (0)      4 :  0.0269 0.5562 0.0000 0.4168 0.0000 
 66       66   (0)      3 :  0.0000 0.0000 0.0869 0.0022 0.9109 
 67       67   (0)      3 :  0.0000 0.0000 0.2365 0.0061 0.7574 
 68       68   (0)      3 :  0.0000 0.0000 0.8500 0.1500 0.0000 
 69       69   (0)      3 :  0.0000 0.0000 0.3804 0.0319 0.5877 
 70       70   (0)      3 :  0.0000 0.0000 0.0500 0.0000 0.9500 
 71       71   (0)      3 :  0.0000 0.0000 0.4391 0.0210 0.5399 
 72       72   (0)      4 :  0.0309 0.7478 0.0053 0.2129 0.0031 
 73       73   (0)      4 :  0.0000 0.6935 0.0080 0.2437 0.0548 
 74       74   (0)      4 :  0.0000 0.6873 0.0000 0.3127 0.0000 
 75       75   (0)      4 :  0.0172 0.7206 0.0000 0.2623 0.0000 
 76       76   (0)      4 :  0.0158 0.4773 0.0000 0.5069 0.0000 
 77       77   (0)      4 :  0.0000 0.6381 0.0000 0.3619 0.0000 
 78       78   (0)      4 :  0.0000 0.6179 0.0000 0.3821 0.0000 
 79       79   (0)      3 :  0.0000 0.6015 0.0000 0.3985 0.0000 
 80       80   (0)      3 :  0.0000 0.0000 0.2302 0.0111 0.7587 
 81       81   (0)      3 :  0.0005 0.0000 0.0770 0.0007 0.9218 
 82       82   (0)      3 :  0.0000 0.0000 0.4664 0.0080 0.5256 
 83       83   (0)      3 :  0.0000 0.5790 0.0000 0.4210 0.0000 
 84       84   (0)      3 :  0.0000 0.3479 0.0000 0.6521 0.0000 
 85       85   (0)      3 :  0.0000 0.0000 0.0908 0.0000 0.9092 
 86       86   (0)      3 :  0.0000 0.0000 0.1504 0.0000 0.8496 
 87       87   (0)      3 :  0.0005 0.0151 0.1880 0.0538 0.7426 
 88       88   (0)      3 :  0.0000 0.0000 0.2680 0.0027 0.7294 
 89       89   (0)      4 :  0.0420 0.7504 0.0082 0.1771 0.0223 
 90       90   (0)      3 :  0.0000 0.0000 0.1758 0.0023 0.8218 
 91       91   (0)      3 :  0.0000 0.0000 0.0397 0.0018 0.9585 
 92       92   (0)      3 :  0.0000 0.0000 0.5217 0.0500 0.4283 
 93       93   (0)      3 :  0.0000 0.0000 0.3670 0.0263 0.6067 
 94       94   (0)      3 :  0.0005 0.1096 0.0793 0.0786 0.7321 
 95       95   (0)      4 :  0.0144 0.6400 0.0173 0.2275 0.1009 
 96       96   (0)      4 :  0.0000 0.7512 0.0000 0.2488 0.0000 
 97       97   (0)      4 :  0.0000 0.5902 0.0000 0.4098 0.0000 
 98       98   (0)      4 :  0.0614 0.6320 0.0092 0.2659 0.0315 
 99       99   (0)      4 :  0.0445 0.7337 0.0000 0.2218 0.0000 
100      100   (0)      4 :  0.0165 0.7457 0.0000 0.2377 0.0000 
101      101   (0)      4 :  0.0000 0.7770 0.0000 0.2230 0.0000 
102      102   (0)      4 :  0.0000 0.5853 0.0000 0.4147 0.0000 
103      103   (0)      4 :  0.9500 0.0000 0.0000 0.0500 0.0000 
104      104   (0)      4 :  0.0472 0.7768 0.0000 0.1760 0.0000 
105      105   (0)      4 :  0.0193 0.6559 0.0000 0.3248 0.0000 
106      106   (0)      4 :  0.0182 0.6184 0.0091 0.3442 0.0102 
107      107   (0)      4 :  0.0725 0.6178 0.0000 0.3097 0.0000 
108      108   (0)      4 :  0.0009 0.3470 0.0000 0.6521 0.0000 
109      109   (0)      4 :  0.0028 0.8058 0.0000 0.1914 0.0000 
110      110   (0)      4 :  0.0986 0.6810 0.0000 0.2204 0.0000 
111      111   (0)      4 :  1.0000 0.0000 0.0000 0.0000 0.0000 
112      112   (0)      4 :  0.9848 0.0000 0.0000 0.0152 0.0000 
113      113   (0)      4 :  0.0000 0.0000 0.1936 0.0083 0.7981 
114      114   (0)      4 :  0.0062 0.7844 0.0000 0.2093 0.0000 
115      115   (0)      4 :  0.0010 0.7911 0.0000 0.2079 0.0000 
116      116   (0)      4 :  0.0005 0.7846 0.0000 0.2149 0.0000 
