  1        1   (0)      1 :  0.4658 0.5342 
  2        2   (0)      1 :  0.5484 0.4516 
  3        3   (0)      2 :  0.3129 0.6871 
  4        4   (0)      2 :  0.3534 0.6466 
  5        5   (0)      2 :  0.4487 0.5513 
  6        6   (0)      2 :  0.4786 0.5214 
  7        7   (0)      2 :  0.8242 0.1758 
  8        8   (0)      2 :  0.4968 0.5032 
  9        9   (0)      2 :  0.7176 0.2824 
 10       10   (0)      2 :  0.6573 0.3427 
 11       11   (0)      2 :  0.5246 0.4754 
 12       12   (0)      2 :  0.3392 0.6608 
 13       13   (0)      2 :  0.5295 0.4705 
 14       14   (0)      2 :  0.4880 0.5120 
 15       15   (0)      2 :  0.5000 0.5000 
 16       16   (0)      2 :  0.5007 0.4993 
 17       17   (0)      2 :  0.7454 0.2546 
 18       18   (0)      2 :  0.3754 0.6246 
 19       19   (0)      2 :  0.5844 0.4156 
 20       20   (0)      2 :  0.4286 0.5714 
 21       21   (0)      2 :  0.5496 0.4504 
 22       22   (0)      2 :  0.3838 0.6162 
 23       23   (0)      2 :  0.5845 0.4155 
 24       24   (0)      2 :  0.5780 0.4220 
 25       25   (0)      2 :  0.5288 0.4712 
 26       26   (0)      2 :  0.4818 0.5182 
 27       27   (0)      2 :  0.4518 0.5482 
 28       28   (0)      2 :  0.3912 0.6088 
 29       29   (0)      2 :  0.5377 0.4623 
 30       30   (0)      3 :  0.2605 0.7395 
 31       31   (0)      3 :  0.6465 0.3535 
 32       32   (0)      3 :  0.4109 0.5891 
 33       33   (0)      3 :  0.6089 0.3911 
 34       34   (0)      3 :  0.6885 0.3115 
 35       35   (0)      3 :  0.4012 0.5988 
 36       36   (0)      3 :  0.5477 0.4523 
 37       37   (0)      3 :  0.5691 0.4309 
 38       38   (0)      3 :  0.7591 0.2409 
 39       39   (0)      3 :  0.4320 0.5680 
 40       40   (0)      3 :  0.5330 0.4670 
 41       41   (0)      3 :  0.4332 0.5668 
 42       42   (0)      3 :  0.2641 0.7359 
 43       43   (0)      3 :  0.3562 0.6438 
 44       44   (0)      3 :  0.3977 0.6023 
 45       45   (0)      3 :  0.4339 0.5661 
 46       46   (0)      3 :  0.5039 0.4961 
 47       47   (0)      3 :  0.6460 0.3540 
 48       48   (0)      3 :  0.4629 0.5371 
 49       49   (0)      3 :  0.6273 0.3727 
 50       50   (0)      3 :  0.2395 0.7605 
 51       51   (0)      3 :  0.5773 0.4227 
 52       52   (0)      3 :  0.5464 0.4536 
 53       53   (0)      3 :  0.4601 0.5399 
 54       54   (0)      3 :  0.4078 0.5922 
 55       55   (0)      3 :  0.4327 0.5673 
 56       56   (0)      3 :  0.4934 0.5066 
 57       57   (0)      3 :  0.5168 0.4832 
 58       58   (0)      3 :  0.6648 0.3352 
 59       59   (0)      3 :  0.2418 0.7582 
 60       60   (0)      4 :  0.6330 0.3670 
 61       61   (0)      4 :  0.6866 0.3134 
 62       62   (0)      4 :  0.4572 0.5428 
 63       63   (0)      4 :  0.4993 0.5007 
 64       64   (0)      4 :  0.8063 0.1937 
 65       65   (0)      4 :  0.5575 0.4425 
 66       66   (0)      4 :  0.4347 0.5653 
 67       67   (0)      4 :  0.7720 0.2280 
 68       68   (0)      4 :  0.6354 0.3646 
 69       69   (0)      4 :  0.4811 0.5189 
 70       70   (0)      4 :  0.2638 0.7362 
 71       71   (0)      1 :  0.7329 0.2671 
 72       72   (0)      1 :  0.6643 0.3357 
 73       73   (0)      1 :  0.4370 0.5630 
 74       74   (0)      1 :  0.4020 0.5980 
 75       75   (0)      1 :  0.4509 0.5491 
 76       76   (0)      1 :  0.3307 0.6693 
 77       77   (0)      1 :  0.6635 0.3365 
 78       78   (0)      1 :  0.5979 0.4021 
 79       79   (0)      1 :  0.5771 0.4229 
 80       80   (0)      1 :  0.5535 0.4465 
 81       81   (0)      1 :  0.2082 0.7918 
 82       82   (0)      1 :  0.6519 0.3481 
 83       83   (0)      1 :  0.7081 0.2919 
 84       84   (0)      1 :  0.6609 0.3391 
 85       85   (0)      1 :  0.4678 0.5322 
 86       86   (0)      1 :  0.6469 0.3531 
 87       87   (0)      1 :  0.4177 0.5823 
 88       88   (0)      1 :  0.5595 0.4405 
 89       89   (0)      1 :  0.4693 0.5307 
 90       90   (0)      1 :  0.3985 0.6015 
 91       91   (0)      1 :  0.9013 0.0987 
 92       92   (0)      1 :  0.3647 0.6353 
 93       93   (0)      1 :  0.3534 0.6466 
 94       94   (0)      1 :  0.6522 0.3478 
 95       95   (0)      1 :  0.6764 0.3236 
 96       96   (0)      1 :  0.5969 0.4031 
 97       97   (0)      1 :  0.5243 0.4757 
 98       98   (0)      1 :  0.5623 0.4377 
 99       99   (0)      4 :  0.7310 0.2690 
100      100   (0)      4 :  0.4799 0.5201 
101      101   (0)      5 :  0.6142 0.3858 
102      102   (0)      5 :  0.3816 0.6184 
103      103   (0)      5 :  0.4996 0.5004 
104      104   (0)      5 :  0.4366 0.5634 
105      105   (0)      5 :  0.9114 0.0886 
106      106   (0)      4 :  0.2142 0.7858 
107      107   (0)      4 :  0.5504 0.4496 
108      108   (0)      4 :  0.3966 0.6034 
109      109   (0)      4 :  0.5074 0.4926 
110      110   (0)      4 :  0.3032 0.6968 
111      111   (0)      5 :  0.6894 0.3106 
112      112   (0)      5 :  0.6808 0.3192 
113      113   (0)      5 :  0.5288 0.4712 
114      114   (0)      5 :  0.3638 0.6362 
115      115   (0)      5 :  0.3166 0.6834 
116      116   (0)      5 :  0.4144 0.5856 
117      117   (0)      4 :  0.7393 0.2607 
118      118   (0)      4 :  0.4820 0.5180 
119      119   (0)      4 :  0.6098 0.3902 
120      120   (0)      4 :  0.5404 0.4596 
121      121   (0)      4 :  0.2071 0.7929 
122      122   (0)      4 :  0.5956 0.4044 
123      123   (0)      4 :  0.7986 0.2014 
124      124   (0)      4 :  0.6886 0.3114 
125      125   (0)      5 :  0.7280 0.2720 
126      126   (0)      5 :  0.3172 0.6828 
127      127   (0)      5 :  0.4377 0.5623 
128      128   (0)      5 :  0.4199 0.5801 
129      129   (0)      5 :  0.4025 0.5975 
130      130   (0)      5 :  0.2648 0.7352 
131      131   (0)      5 :  0.4040 0.5960 
132      132   (0)      5 :  0.7015 0.2985 
133      133   (0)      5 :  0.3610 0.6390 
134      134   (0)      5 :  0.6527 0.3473 
135      135   (0)      5 :  0.1251 0.8749 
136      136   (0)      5 :  0.2599 0.7401 
137      137   (0)      5 :  0.4855 0.5145 
138      138   (0)      5 :  0.5228 0.4772 
139      139   (0)      5 :  0.2081 0.7919 
140      140   (0)      5 :  0.4604 0.5396 
141      141   (0)      5 :  0.5742 0.4258 
142      142   (0)      5 :  0.4478 0.5522 
143      143   (0)      5 :  0.4226 0.5774 
144      144   (0)      6 :  0.5483 0.4517 
145      145   (0)      6 :  0.4212 0.5788 
146      146   (0)      6 :  0.6244 0.3756 
147      147   (0)      6 :  0.3989 0.6011 
148      148   (0)      6 :  0.3210 0.6790 
149      149   (0)      6 :  0.7259 0.2741 
150      150   (0)      6 :  0.1991 0.8009 
151      151   (0)      6 :  0.4193 0.5807 
152      152   (0)      6 :  0.5542 0.4458 
153      153   (0)      6 :  0.3597 0.6403 
154      154   (0)      6 :  0.4864 0.5136 
155      155   (0)      6 :  0.3278 0.6722 
156      156   (0)      6 :  0.4303 0.5697 
157      157   (0)      6 :  0.5741 0.4259 
158      158   (0)      6 :  0.6192 0.3808 
159      159   (0)      6 :  0.5085 0.4915 
160      160   (0)      6 :  0.2450 0.7550 
161      161   (0)      6 :  0.4625 0.5375 
162      162   (0)      6 :  0.1376 0.8624 
163      163   (0)      6 :  0.5174 0.4826 
164      164   (0)      6 :  0.3439 0.6561 
165      165   (0)      6 :  0.4962 0.5038 
166      166   (0)      6 :  0.5670 0.4330 
167      167   (0)      6 :  0.5184 0.4816 
168      168   (0)      6 :  0.6202 0.3798 
169      169   (0)      6 :  0.6530 0.3470 
170      170   (0)      6 :  0.3115 0.6885 
171      171   (0)      6 :  0.5107 0.4893 
172      172   (0)      4 :  0.3777 0.6223 
173      173   (0)      4 :  0.4972 0.5028 
174      174   (0)      7 :  0.3800 0.6200 
175      175   (0)      7 :  0.8694 0.1306 
176      176   (0)      7 :  0.3890 0.6110 
177      177   (0)      7 :  0.7613 0.2387 
178      178   (0)      7 :  0.5807 0.4193 
179      179   (0)      7 :  0.4858 0.5142 
180      180   (0)      7 :  0.5284 0.4716 
181      181   (0)      7 :  0.4905 0.5095 
182      182   (0)      7 :  0.6915 0.3085 
183      183   (0)      7 :  0.4718 0.5282 
184      184   (0)      7 :  0.4592 0.5408 
185      185   (0)      7 :  0.4943 0.5057 
186      186   (0)      7 :  0.3555 0.6445 
187      187   (0)      7 :  0.2522 0.7478 
188      188   (0)      7 :  0.4250 0.5750 
189      189   (0)      7 :  0.5531 0.4469 
190      190   (0)      7 :  0.4106 0.5894 
191      191   (0)      7 :  0.4979 0.5021 
192      192   (0)      7 :  0.5944 0.4056 
193      193   (0)      7 :  0.8091 0.1909 
194      194   (0)      7 :  0.4610 0.5390 
195      195   (0)      7 :  0.7125 0.2875 
196      196   (0)      7 :  0.5820 0.4180 
197      197   (0)      7 :  0.6393 0.3607 
198      198   (0)      7 :  0.5574 0.4426 
199      199   (0)      7 :  0.5519 0.4481 
200      200   (0)      7 :  0.4106 0.5894 
201      201   (0)      7 :  0.7995 0.2005 
202      202   (0)      7 :  0.4977 0.5023 
203      203   (0)      7 :  0.7258 0.2742 
