1 0.0018
2 0.0016
3 0.0017
4 0.0016
5 0.0017
6 0.0016
7 0.0017
8 0.0016
9 0.0018
10 0.0019
11 0.0018
12 0.0021
13 0.0018
14 0.0017
15 0.0016
16 0.0018
17 0.002
18 0.0017
19 0.0014
20 0.0018
21 9e-04
22 0.0017
23 0.002
24 0.0014
25 0.0017
26 0.0017
27 0.0015
28 0.0016
29 0.0017
30 0.0018
31 0.0018
32 0.0016
33 0.0015
34 0.0016
35 0.0016
36 0.0015
37 0.0014
38 0.0017
39 0.0015
40 0.0017
41 0.0016
42 0.0017
43 0.0016
44 0.0016
45 0.0015
46 0.0017
47 0.0016
48 0.0014
49 0.0014
50 0.0016
51 0.0015
52 0.0017
53 0.0015
54 0.0016
55 0.0017
56 0.0015
57 0.0015
58 0.0016
59 0.0016
60 0.0016
61 0.0016
62 0.0018
63 0.0017
64 0.0016
65 0.0015
66 0.0017
67 0.0017
68 0.0015
69 0.0016
70 0.0016
71 0.0018
72 0.0016
73 0.0017
74 0.0017
75 0.0016
76 0.0018
77 0.0019
78 0.0016
79 0.0018
80 0.0017
81 0.0019
82 0.0017
83 0.0017
84 0.0016
85 0.0016
86 0.0016
87 0.0017
88 0.0016
89 0.0019
90 0.0015
91 0.0015
92 0.0016
93 0.0016
94 0.0018
95 0.0017
96 0.0016
97 0.0016
98 0.0019
99 0.0013
100 0.0016
101 0.0017
102 0.0017
103 0.0015
104 0.0018
105 0.0017
106 0.0016
107 0.0016
108 0.0016
109 0.0019
110 0.0018
111 0.0016
112 0.0015
113 0.0018
114 0.0016
115 0.0016
116 0.0017
117 0.0015
118 0.0017
119 0.0015
120 0.0016
121 0.0015
122 0.0017
123 0.0018
124 0.0018
125 0.0016
126 0.0017
127 0.0017
128 0.0016
129 0.0015
130 0.0017
131 0.0016
132 0.0016
133 0.0019
134 0.0015
135 0.0018
136 0.0016
137 0.0016
138 0.0016
139 0.0017
140 0.0016
141 0.0017
142 0.0018
143 0.0015
144 0.0015
145 0.0017
146 0.0015
147 0.0016
148 0.0017
149 0.0017
150 0.0015
151 0.0017
152 0.0016
153 0.0015
154 0.0015
155 0.0017
156 0.0016
157 0.0016
158 0.0015
159 0.0016
160 0.0016
161 0.0016
162 0.0016
163 0.0015
164 0.0017
165 0.0016
166 0.0016
167 0.0015
168 0.0016
169 0.0017
