  1        1   (0)      1 :  1.0000 0.0000 0.0000 0.0000 0.0000 0.0000 0.0000 0.0000 0.0000 
  2        2   (0)      1 :  0.0213 0.0000 0.0000 0.0000 0.2036 0.0000 0.0102 0.0417 0.7231 
  3        3   (0)      1 :  0.8648 0.0950 0.0000 0.0000 0.0402 0.0000 0.0000 0.0000 0.0000 
  4        4   (0)      1 :  0.0000 0.0046 0.0000 0.0126 0.2344 0.0054 0.1303 0.0848 0.5279 
  5        5   (0)      1 :  0.9262 0.0448 0.0000 0.0000 0.0290 0.0000 0.0000 0.0000 0.0000 
  6        6   (0)      1 :  0.7943 0.1367 0.0000 0.0000 0.0690 0.0000 0.0000 0.0000 0.0000 
  7        7   (0)      1 :  0.0375 0.0021 0.0664 0.0000 0.0786 0.0000 0.0000 0.3151 0.5003 
  8        8   (0)      1 :  0.0000 0.0000 0.0000 0.0000 0.0617 0.0043 0.1037 0.3299 0.5005 
  9        9   (0)      1 :  1.0000 0.0000 0.0000 0.0000 0.0000 0.0000 0.0000 0.0000 0.0000 
 10       10   (0)      2 :  0.0000 0.0000 0.0000 0.0000 0.0600 0.0000 0.0000 0.9400 0.0000 
 11       11   (0)      2 :  0.0000 0.0000 0.0000 0.0000 0.0000 0.0000 0.0000 0.9393 0.0607 
 12       12   (0)      2 :  0.0000 0.0000 0.0000 0.0000 0.1369 0.0000 0.0000 0.5352 0.3279 
 13       13   (0)      3 :  0.0000 0.8136 0.0000 0.0000 0.0014 0.1850 0.0000 0.0000 0.0000 
 14       14   (0)      3 :  0.0000 0.9795 0.0000 0.0000 0.0192 0.0001 0.0012 0.0000 0.0000 
 15       15   (0)      3 :  0.0000 0.9967 0.0000 0.0000 0.0032 0.0000 0.0000 0.0000 0.0000 
 16       16   (0)      3 :  0.0031 0.9952 0.0000 0.0000 0.0004 0.0000 0.0000 0.0013 0.0000 
 17       17   (0)      3 :  0.3738 0.4255 0.0000 0.0000 0.0261 0.1746 0.0000 0.0000 0.0000 
 18       18   (0)      3 :  0.0000 1.0000 0.0000 0.0000 0.0000 0.0000 0.0000 0.0000 0.0000 
 19       19   (0)      3 :  0.0000 0.0118 0.0000 0.0088 0.1263 0.0204 0.2526 0.5066 0.0735 
 20       20   (0)      3 :  0.0000 0.0000 0.1228 0.0043 0.0915 0.0254 0.3319 0.3904 0.0336 
 21       21   (0)      2 :  0.1305 0.0000 0.0000 0.0000 0.0526 0.0000 0.0000 0.7042 0.1128 
 22       22   (0)      2 :  0.0000 0.0000 0.0000 0.0000 0.0400 0.0000 0.0000 0.7198 0.2403 
 23       23   (0)      2 :  0.0000 0.0000 0.0000 0.0000 0.0088 0.0000 0.0000 0.3895 0.6017 
 24       24   (0)      2 :  0.0000 0.0000 0.0000 0.0000 0.0000 0.0000 0.0000 0.6996 0.3004 
 25       25   (0)      2 :  0.0000 0.0000 0.0000 0.0000 0.0000 0.0000 0.0000 1.0000 0.0000 
 26       26   (0)      2 :  0.0000 0.0000 0.0000 0.0000 0.0000 0.0061 0.0034 0.9905 0.0000 
 27       27   (0)      2 :  0.0000 0.0044 0.0000 0.0000 0.1567 0.0000 0.0000 0.5255 0.3134 
 28       28   (0)      2 :  0.0000 0.0000 0.0000 0.0000 0.0151 0.0000 0.0000 0.8140 0.1710 
 29       29   (0)      2 :  0.0000 0.0000 0.0000 0.0000 0.0693 0.0000 0.0000 0.9307 0.0000 
 30       30   (0)      2 :  0.0000 0.0000 0.0000 0.0000 0.0285 0.0013 0.0000 0.8412 0.1290 
 31       31   (0)      2 :  0.1466 0.0334 0.0000 0.0000 0.3729 0.0000 0.0000 0.4471 0.0000 
 32       32   (0)      2 :  0.0053 0.0760 0.0026 0.0000 0.4234 0.0000 0.0000 0.4771 0.0155 
 33       33   (0)      2 :  0.0000 0.0000 0.0000 0.0000 0.0696 0.0000 0.0000 0.9304 0.0000 
 34       34   (0)      2 :  0.0000 0.0000 0.0000 0.0000 0.1224 0.0000 0.0000 0.8776 0.0000 
 35       35   (0)      2 :  0.0000 0.0000 0.0000 0.0000 0.0443 0.0000 0.0000 0.9557 0.0000 
 36       36   (0)      2 :  0.0000 0.0000 0.0000 0.0178 0.0076 0.0000 0.0000 0.6167 0.3579 
 37       37   (0)      2 :  0.6253 0.1874 0.0000 0.0000 0.1254 0.0002 0.0000 0.0617 0.0000 
 38       38   (0)      2 :  0.0000 0.0000 0.0000 0.0000 0.0010 0.0000 0.0000 0.9990 0.0000 
 39       39   (0)      2 :  0.0017 0.0006 0.0086 0.0000 0.1538 0.0180 0.0387 0.6953 0.0833 
 40       40   (0)      2 :  0.0000 0.0000 0.0000 0.0000 0.0394 0.0000 0.0000 0.7232 0.2373 
 41       41   (0)      2 :  0.0000 0.0026 0.0000 0.0000 0.0001 0.0820 0.0069 0.8016 0.1069 
 42       42   (0)      2 :  0.0000 0.0000 0.0000 0.0000 0.0083 0.0000 0.0000 0.6043 0.3875 
 43       43   (0)      4 :  0.0000 0.0000 0.9897 0.0000 0.0086 0.0000 0.0017 0.0000 0.0000 
 44       44   (0)      4 :  0.0246 0.0000 0.9422 0.0000 0.0305 0.0027 0.0000 0.0000 0.0000 
 45       45   (0)      4 :  0.0000 0.0000 0.9096 0.0849 0.0055 0.0000 0.0000 0.0000 0.0000 
 46       46   (0)      4 :  0.0000 0.0000 0.7770 0.0808 0.0259 0.0000 0.1145 0.0017 0.0000 
 47       47   (0)      4 :  0.0304 0.0000 0.9075 0.0000 0.0373 0.0248 0.0000 0.0000 0.0000 
 48       48   (0)      4 :  0.0000 0.3332 0.2018 0.0000 0.2090 0.2561 0.0000 0.0000 0.0000 
 49       49   (0)      4 :  0.0000 0.4342 0.0946 0.0000 0.2073 0.2639 0.0000 0.0000 0.0000 
 50       50   (0)      4 :  0.0000 0.0000 0.9874 0.0000 0.0126 0.0000 0.0000 0.0000 0.0000 
 51       51   (0)      4 :  0.0000 0.0000 0.9458 0.0000 0.0217 0.0056 0.0269 0.0000 0.0000 
 52       52   (0)      4 :  0.0188 0.0228 0.6411 0.2049 0.0600 0.0124 0.0007 0.0027 0.0366 
 53       53   (0)      4 :  0.0000 0.0017 0.7533 0.1415 0.0513 0.0522 0.0000 0.0000 0.0000 
 54       54   (0)      4 :  0.0714 0.2265 0.0957 0.0000 0.2000 0.4064 0.0000 0.0000 0.0000 
 55       55   (0)      4 :  0.0447 0.3552 0.0941 0.0000 0.2000 0.3061 0.0000 0.0000 0.0000 
 56       56   (0)      4 :  0.0000 0.4200 0.2107 0.0000 0.2000 0.1694 0.0000 0.0000 0.0000 
 57       57   (0)      4 :  0.0000 0.0000 0.8423 0.1416 0.0161 0.0000 0.0000 0.0000 0.0000 
 58       58   (0)      4 :  0.0000 0.0000 0.9413 0.0000 0.0000 0.0000 0.0578 0.0010 0.0000 
 59       59   (0)      4 :  0.0000 0.0000 0.9919 0.0000 0.0000 0.0063 0.0018 0.0000 0.0000 
 60       60   (0)      4 :  0.0000 0.0000 0.9747 0.0000 0.0184 0.0068 0.0000 0.0000 0.0000 
 61       61   (0)      4 :  0.0000 0.0000 0.9420 0.0000 0.0066 0.0054 0.0461 0.0000 0.0000 
 62       62   (0)      4 :  0.0000 0.0000 0.9440 0.0000 0.0403 0.0000 0.0015 0.0000 0.0142 
 63       63   (0)      4 :  0.0000 0.0000 0.9929 0.0000 0.0000 0.0067 0.0004 0.0000 0.0000 
 64       64   (0)      4 :  0.0000 0.0000 0.9719 0.0000 0.0143 0.0138 0.0000 0.0000 0.0000 
 65       65   (0)      4 :  0.0259 0.3646 0.0012 0.0000 0.2000 0.4082 0.0000 0.0000 0.0000 
 66       66   (0)      4 :  0.0000 0.0000 0.9349 0.0000 0.0055 0.0011 0.0580 0.0003 0.0002 
 67       67   (0)      4 :  0.0000 0.0000 0.8608 0.1274 0.0118 0.0000 0.0000 0.0000 0.0000 
 68       68   (0)      4 :  0.0506 0.3294 0.1263 0.0000 0.2293 0.2644 0.0000 0.0000 0.0000 
 69       69   (0)      4 :  0.0000 0.0000 0.8523 0.0000 0.0404 0.0014 0.0043 0.0000 0.1016 
 70       70   (0)      4 :  0.0000 0.0000 0.9857 0.0000 0.0133 0.0010 0.0000 0.0000 0.0000 
 71       71   (0)      4 :  0.0000 0.3897 0.0356 0.0000 0.2000 0.3747 0.0000 0.0000 0.0000 
 72       72   (0)      5 :  0.0000 0.0000 0.0000 0.0000 0.0382 0.0000 0.9618 0.0000 0.0000 
 73       73   (0)      5 :  0.0000 0.0161 0.0181 0.3289 0.0770 0.0000 0.5152 0.0053 0.0394 
 74       74   (0)      5 :  0.0000 0.0000 0.0467 0.1901 0.0229 0.0000 0.7220 0.0000 0.0183 
 75       75   (0)      5 :  0.0000 0.0000 0.0012 0.0000 0.0395 0.0000 0.8616 0.0000 0.0977 
 76       76   (0)      5 :  0.0763 0.0000 0.1351 0.1984 0.0081 0.0041 0.4342 0.1026 0.0411 
 77       77   (0)      5 :  0.0000 0.0000 0.0000 0.0582 0.0128 0.0169 0.9121 0.0000 0.0000 
 78       78   (0)      5 :  0.0000 0.0000 0.0000 0.0000 0.0000 0.0500 0.9500 0.0000 0.0000 
 79       79   (0)      5 :  0.0000 0.0000 0.0000 0.0000 0.0000 0.0000 1.0000 0.0000 0.0000 
 80       80   (0)      5 :  0.0000 0.6607 0.0000 0.0179 0.0895 0.1359 0.0960 0.0000 0.0000 
 81       81   (0)      5 :  0.0093 0.4147 0.0000 0.0000 0.1025 0.0000 0.4736 0.0000 0.0000 
 82       82   (0)      5 :  0.0000 0.0000 0.2590 0.2231 0.0319 0.0149 0.4711 0.0000 0.0000 
 83       83   (0)      5 :  0.0000 0.0000 0.0000 0.0000 0.0114 0.0500 0.9386 0.0000 0.0000 
 84       84   (0)      5 :  0.0000 0.0000 0.0000 0.0000 0.0500 0.0000 0.9500 0.0000 0.0000 
 85       85   (0)      5 :  0.0000 0.0000 0.0000 0.0000 0.0500 0.0000 0.9500 0.0000 0.0000 
 86       86   (0)      5 :  0.0000 0.0000 0.0000 0.0000 0.0560 0.0146 0.9294 0.0000 0.0000 
 87       87   (0)      5 :  0.0000 0.0000 0.0000 0.0000 0.0288 0.0000 0.9165 0.0000 0.0547 
 88       88   (0)      5 :  0.0000 0.0000 0.0000 0.0000 0.0000 0.0500 0.9500 0.0000 0.0000 
 89       89   (0)      5 :  0.0000 0.0000 0.0000 0.0000 0.0334 0.0000 0.9660 0.0006 0.0000 
 90       90   (0)      5 :  0.0000 0.0000 0.0000 0.0000 0.0000 0.0000 1.0000 0.0000 0.0000 
 91       91   (0)      5 :  0.0000 0.0000 0.0000 0.0000 0.0000 0.0500 0.9500 0.0000 0.0000 
 92       92   (0)      5 :  0.0000 0.6169 0.0000 0.0000 0.0865 0.1055 0.1911 0.0000 0.0000 
 93       93   (0)      5 :  0.0000 0.0000 0.0064 0.0186 0.0226 0.0150 0.9072 0.0303 0.0000 
 94       94   (0)      5 :  0.0000 0.0000 0.0103 0.2472 0.0413 0.0120 0.6893 0.0000 0.0000 
 95       95   (0)      5 :  0.0000 0.0000 0.1534 0.0483 0.0092 0.0000 0.7891 0.0000 0.0000 
 96       96   (0)      5 :  0.0000 0.0000 0.1285 0.1689 0.0000 0.0133 0.6586 0.0263 0.0044 
 97       97   (0)      6 :  0.0000 0.0097 0.1425 0.0022 0.0416 0.0140 0.4000 0.0120 0.3780 
 98       98   (0)      6 :  0.0006 0.0000 0.0000 0.0285 0.0442 0.0000 0.0358 0.0000 0.8910 
 99       99   (0)      6 :  0.7287 0.1061 0.0000 0.0000 0.0278 0.1374 0.0000 0.0000 0.0000 
100      100   (0)      6 :  0.0000 0.0000 0.1517 0.0000 0.1166 0.0000 0.1513 0.0521 0.5283 
101      101   (0)      6 :  0.2021 0.7468 0.0000 0.0000 0.0512 0.0000 0.0000 0.0000 0.0000 
102      102   (0)      6 :  0.7947 0.0442 0.0000 0.0000 0.0548 0.1063 0.0000 0.0000 0.0000 
103      103   (0)      6 :  0.3853 0.5111 0.0000 0.0000 0.0968 0.0068 0.0000 0.0000 0.0000 
104      104   (0)      6 :  0.0427 0.0346 0.0611 0.0338 0.3468 0.0148 0.2656 0.0332 0.1673 
105      105   (0)      6 :  0.6334 0.2527 0.0000 0.0000 0.1138 0.0000 0.0000 0.0000 0.0000 
106      106   (0)      6 :  0.0000 0.0000 0.0000 0.0001 0.1689 0.0157 0.1424 0.0000 0.6728 
107      107   (0)      3 :  0.2384 0.7615 0.0002 0.0000 0.0000 0.0000 0.0000 0.0000 0.0000 
108      108   (0)      3 :  0.0000 0.0029 0.1189 0.0648 0.2158 0.0500 0.2250 0.0000 0.3226 
109      109   (0)      3 :  0.0048 0.9864 0.0000 0.0000 0.0087 0.0000 0.0000 0.0000 0.0000 
110      110   (0)      2 :  0.0000 0.0000 0.0000 0.0000 0.1043 0.0000 0.0000 0.0031 0.8926 
111      111   (0)      2 :  0.3810 0.4853 0.0000 0.0000 0.1295 0.0026 0.0000 0.0005 0.0012 
112      112   (0)      3 :  0.0104 0.9311 0.0000 0.0000 0.0554 0.0000 0.0031 0.0000 0.0000 
113      113   (0)      2 :  0.0000 0.0000 0.0000 0.0000 0.1084 0.0000 0.0000 0.8500 0.0416 
114      114   (0)      2 :  0.3583 0.5816 0.0000 0.0000 0.0554 0.0000 0.0000 0.0000 0.0046 
115      115   (0)      3 :  0.1429 0.8571 0.0000 0.0000 0.0000 0.0000 0.0000 0.0000 0.0000 
116      116   (0)      3 :  0.0000 0.9865 0.0000 0.0000 0.0057 0.0078 0.0000 0.0000 0.0000 
117      117   (0)      3 :  0.0037 0.8970 0.0000 0.0000 0.0000 0.0977 0.0000 0.0000 0.0016 
118      118   (0)      3 :  0.1380 0.8519 0.0000 0.0000 0.0101 0.0000 0.0000 0.0000 0.0000 
119      119   (0)      3 :  0.1449 0.8551 0.0000 0.0000 0.0000 0.0000 0.0000 0.0000 0.0000 
120      120   (0)      3 :  0.0000 0.0000 0.0657 0.0089 0.1298 0.0074 0.2939 0.2064 0.2880 
121      121   (0)      3 :  0.0062 0.9936 0.0000 0.0000 0.0002 0.0000 0.0000 0.0000 0.0000 
122      122   (0)      3 :  0.1420 0.7263 0.0000 0.0045 0.0403 0.0869 0.0000 0.0000 0.0000 
123      123   (0)      3 :  0.0226 0.7079 0.0000 0.0942 0.1059 0.0694 0.0000 0.0000 0.0000 
124      124   (0)      3 :  0.0000 1.0000 0.0000 0.0000 0.0000 0.0000 0.0000 0.0000 0.0000 
125      125   (0)      3 :  0.0000 0.0099 0.0881 0.0135 0.1851 0.0100 0.1025 0.4404 0.1504 
126      126   (0)      3 :  0.0036 0.9867 0.0000 0.0000 0.0097 0.0000 0.0000 0.0000 0.0000 
127      127   (0)      3 :  0.0000 0.0000 0.0000 0.0000 0.1928 0.0068 0.1548 0.2036 0.4419 
128      128   (0)      3 :  0.0000 1.0000 0.0000 0.0000 0.0000 0.0000 0.0000 0.0000 0.0000 
129      129   (0)      6 :  0.1893 0.5768 0.0023 0.0000 0.1975 0.0000 0.0000 0.0000 0.0342 
130      130   (0)      6 :  0.0000 0.0000 0.0000 0.1368 0.1932 0.0178 0.1442 0.0000 0.5081 
131      131   (0)      6 :  0.3326 0.5525 0.0000 0.0000 0.0624 0.0525 0.0000 0.0000 0.0000 
132      132   (0)      6 :  0.0000 0.0000 0.0000 0.0010 0.0016 0.0000 0.2640 0.1575 0.5759 
133      133   (0)      6 :  1.0000 0.0000 0.0000 0.0000 0.0000 0.0000 0.0000 0.0000 0.0000 
134      134   (0)      6 :  0.3320 0.5291 0.0000 0.0000 0.1087 0.0000 0.0022 0.0000 0.0280 
135      135   (0)      6 :  0.3117 0.5475 0.0000 0.0000 0.1409 0.0000 0.0000 0.0000 0.0000 
136      136   (0)      6 :  0.3532 0.5022 0.0000 0.0000 0.1173 0.0272 0.0000 0.0000 0.0000 
137      137   (0)      6 :  0.3872 0.5578 0.0000 0.0000 0.0551 0.0000 0.0000 0.0000 0.0000 
138      138   (0)      6 :  0.3581 0.5324 0.0000 0.0000 0.1095 0.0000 0.0000 0.0000 0.0000 
139      139   (0)      6 :  0.1115 0.6357 0.0000 0.0000 0.2224 0.0000 0.0305 0.0000 0.0000 
140      140   (0)      6 :  0.0000 0.0183 0.1156 0.1212 0.0496 0.0000 0.1050 0.2794 0.3109 
141      141   (0)      1 :  0.0000 0.0000 0.0000 0.0000 0.0478 0.0000 0.0000 0.0000 0.9522 
142      142   (0)      1 :  0.3377 0.4687 0.0000 0.0000 0.0917 0.0000 0.0000 0.0000 0.1019 
143      143   (0)      1 :  0.0000 0.0000 0.0000 0.1392 0.0082 0.0000 0.0000 0.1023 0.7504 
144      144   (0)      1 :  0.0000 0.0000 0.0000 0.0000 0.1687 0.0014 0.0000 0.0000 0.8299 
145      145   (0)      1 :  0.0000 0.0000 0.0000 0.0000 0.0111 0.0000 0.0000 0.0000 0.9889 
146      146   (0)      1 :  1.0000 0.0000 0.0000 0.0000 0.0000 0.0000 0.0000 0.0000 0.0000 
147      147   (0)      6 :  0.5244 0.4755 0.0000 0.0000 0.0002 0.0000 0.0000 0.0000 0.0000 
148      148   (0)      6 :  0.0002 0.0000 0.0000 0.0000 0.0972 0.0000 0.0361 0.0000 0.8666 
149      149   (0)      6 :  0.7253 0.0876 0.0000 0.0000 0.0597 0.1009 0.0000 0.0265 0.0000 
150      150   (0)      6 :  0.5188 0.3109 0.0376 0.0000 0.1212 0.0000 0.0000 0.0000 0.0114 
151      151   (0)      6 :  0.9280 0.0719 0.0000 0.0000 0.0000 0.0000 0.0000 0.0000 0.0000 
152      152   (0)      6 :  0.3661 0.6097 0.0000 0.0000 0.0242 0.0000 0.0000 0.0000 0.0000 
153      153   (0)      6 :  0.0000 0.0000 0.0167 0.0000 0.1820 0.0140 0.1357 0.0000 0.6517 
154      154   (0)      1 :  0.0000 0.0000 0.0000 0.0000 0.0000 0.0000 0.0000 0.0000 1.0000 
155      155   (0)      1 :  1.0000 0.0000 0.0000 0.0000 0.0000 0.0000 0.0000 0.0000 0.0000 
156      156   (0)      1 :  1.0000 0.0000 0.0000 0.0000 0.0000 0.0000 0.0000 0.0000 0.0000 
157      157   (0)      1 :  1.0000 0.0000 0.0000 0.0000 0.0000 0.0000 0.0000 0.0000 0.0000 
158      158   (0)      1 :  0.0099 0.0000 0.0000 0.0000 0.0937 0.0000 0.0000 0.2386 0.6578 
159      159   (0)      1 :  0.0000 0.0000 0.0000 0.0000 0.0263 0.0000 0.0000 0.0000 0.9737 
160      160   (0)      1 :  0.0000 0.0000 0.0000 0.0000 0.0000 0.0000 0.0008 0.3009 0.6983 
161      161   (0)      1 :  1.0000 0.0000 0.0000 0.0000 0.0000 0.0000 0.0000 0.0000 0.0000 
162      162   (0)      1 :  0.0000 0.0000 0.0000 0.0000 0.1632 0.0007 0.0118 0.0748 0.7496 
163      163   (0)      1 :  0.0000 0.0000 0.0000 0.0000 0.0511 0.0000 0.0000 0.3375 0.6114 
164      164   (0)      1 :  1.0000 0.0000 0.0000 0.0000 0.0000 0.0000 0.0000 0.0000 0.0000 
165      165   (0)      1 :  0.9783 0.0023 0.0000 0.0000 0.0193 0.0000 0.0000 0.0000 0.0000 
166      166   (0)      1 :  0.0000 0.0000 0.0000 0.0000 0.4500 0.0000 0.0000 0.0000 0.5500 
167      167   (0)      1 :  0.9887 0.0000 0.0000 0.0000 0.0113 0.0000 0.0000 0.0000 0.0000 
168      168   (0)      7 :  0.0000 0.0000 0.0000 0.6156 0.1170 0.0000 0.0000 0.0001 0.2674 
169      169   (0)      7 :  0.0000 0.0000 0.0000 0.5850 0.1516 0.0000 0.1176 0.1458 0.0000 
170      170   (0)      7 :  0.0689 0.0000 0.0000 0.7718 0.0446 0.1147 0.0000 0.0000 0.0000 
171      171   (0)      7 :  0.0145 0.0000 0.0000 0.7388 0.1146 0.1321 0.0000 0.0000 0.0000 
172      172   (0)      7 :  0.0000 0.0000 0.0000 1.0000 0.0000 0.0000 0.0000 0.0000 0.0000 
173      173   (0)      7 :  0.0000 0.0000 0.0000 0.7720 0.0439 0.0090 0.1751 0.0000 0.0000 
174      174   (0)      7 :  0.0000 0.0000 0.0000 0.9941 0.0018 0.0000 0.0041 0.0000 0.0000 
175      175   (0)      7 :  0.0000 0.0448 0.0000 0.0052 0.0000 0.9500 0.0000 0.0000 0.0000 
176      176   (0)      7 :  0.0000 0.0000 0.0000 0.9730 0.0270 0.0000 0.0000 0.0000 0.0000 
177      177   (0)      7 :  0.0000 0.0000 0.0000 1.0000 0.0000 0.0000 0.0000 0.0000 0.0000 
178      178   (0)      7 :  0.0000 0.1110 0.0000 0.0085 0.0295 0.8509 0.0000 0.0000 0.0000 
179      179   (0)      7 :  0.0046 0.0454 0.0000 0.0000 0.0000 0.9500 0.0000 0.0000 0.0000 
180      180   (0)      7 :  0.0000 0.0000 0.0000 1.0000 0.0000 0.0000 0.0000 0.0000 0.0000 
181      181   (0)      7 :  0.0000 0.0000 0.0009 0.9359 0.0103 0.0000 0.0503 0.0026 0.0000 
182      182   (0)      7 :  0.0000 0.0000 0.0000 0.8975 0.0201 0.0000 0.0824 0.0000 0.0000 
183      183   (0)      7 :  0.0000 0.0042 0.0000 0.6621 0.1401 0.1935 0.0000 0.0000 0.0000 
184      184   (0)      7 :  0.0051 0.0393 0.0000 0.0056 0.0000 0.9500 0.0000 0.0000 0.0000 
185      185   (0)      7 :  0.0000 0.0000 0.0000 0.9830 0.0114 0.0056 0.0000 0.0000 0.0000 
186      186   (0)      7 :  0.0000 0.0462 0.0000 0.0038 0.0000 0.9500 0.0000 0.0000 0.0000 
187      187   (0)      7 :  0.0000 0.0000 0.0000 0.8756 0.0000 0.0000 0.1243 0.0000 0.0000 
188      188   (0)      7 :  0.0000 0.0482 0.0000 0.0018 0.0000 0.9500 0.0000 0.0000 0.0000 
189      189   (0)      7 :  0.0000 0.0090 0.0000 0.5440 0.0428 0.2655 0.1387 0.0000 0.0000 
190      190   (0)      7 :  0.0000 0.0000 0.0000 0.6127 0.0672 0.0781 0.1308 0.1112 0.0000 
191      191   (0)      7 :  0.0000 0.0000 0.0000 0.9000 0.1000 0.0000 0.0000 0.0000 0.0000 
192      192   (0)      7 :  0.0000 0.0106 0.0419 0.5557 0.0650 0.3034 0.0000 0.0000 0.0234 
193      193   (0)      7 :  0.0000 0.0000 0.0283 0.9502 0.0020 0.0196 0.0000 0.0000 0.0000 
194      194   (0)      7 :  0.0000 0.0448 0.0000 0.0052 0.0000 0.9500 0.0000 0.0000 0.0000 
195      195   (0)      7 :  0.0000 0.0000 0.0000 0.7226 0.0190 0.0440 0.2144 0.0000 0.0000 
196      196   (0)      7 :  0.0010 0.0479 0.0000 0.0011 0.0000 0.9500 0.0000 0.0000 0.0000 
197      197   (0)      7 :  0.0000 0.0411 0.0000 0.0089 0.0063 0.9437 0.0000 0.0000 0.0000 
