  1        1   (0)      1 :  0.3568 0.3586 0.2846 
  2        2   (0)      1 :  0.0479 0.5568 0.3953 
  3        3   (0)      1 :  0.0745 0.6710 0.2545 
  4        4   (0)      1 :  0.0871 0.5887 0.3243 
  5        5   (0)      1 :  0.2649 0.3658 0.3693 
  6        6   (0)      1 :  0.0211 0.4706 0.5083 
  7        7   (0)      1 :  0.3716 0.4680 0.1604 
  8        8   (0)      1 :  0.0793 0.8547 0.0660 
  9        9   (0)      1 :  0.6989 0.1493 0.1518 
 10       10   (0)      1 :  0.4386 0.2767 0.2847 
 11       11   (0)      1 :  1.0000 0.0000 0.0000 
 12       12   (0)      1 :  0.5145 0.3787 0.1068 
 13       13   (0)      2 :  0.4530 0.3797 0.1673 
 14       14   (0)      2 :  1.0000 0.0000 0.0000 
 15       15   (0)      2 :  1.0000 0.0000 0.0000 
 16       16   (0)      2 :  1.0000 0.0000 0.0000 
 17       17   (0)      2 :  0.5298 0.2962 0.1740 
 18       18   (0)      2 :  0.9818 0.0000 0.0182 
 19       19   (0)      2 :  0.9845 0.0155 0.0000 
 20       20   (0)      2 :  0.2808 0.4748 0.2445 
 21       21   (0)      2 :  0.0000 0.7349 0.2651 
 22       22   (0)      2 :  0.5194 0.2634 0.2172 
 23       23   (0)      2 :  0.6432 0.3128 0.0439 
 24       24   (0)      2 :  0.0555 0.6082 0.3362 
 25       25   (0)      2 :  0.4430 0.3382 0.2188 
 26       26   (0)      2 :  0.3061 0.4460 0.2479 
 27       27   (0)      2 :  0.2028 0.4458 0.3514 
 28       28   (0)      2 :  0.8297 0.1065 0.0639 
 29       29   (0)      2 :  0.0400 0.6045 0.3555 
 30       30   (0)      2 :  0.5726 0.3107 0.1167 
 31       31   (0)      2 :  0.3375 0.1633 0.4992 
 32       32   (0)      2 :  0.3239 0.0964 0.5797 
 33       33   (0)      2 :  1.0000 0.0000 0.0000 
 34       34   (0)      3 :  0.0342 0.5954 0.3704 
 35       35   (0)      3 :  0.0407 0.5199 0.4394 
 36       36   (0)      3 :  0.0798 0.2767 0.6435 
 37       37   (0)      3 :  0.1149 0.4596 0.4255 
 38       38   (0)      3 :  0.0439 0.5097 0.4464 
 39       39   (0)      3 :  0.0674 0.4468 0.4858 
 40       40   (0)      3 :  0.0298 0.3249 0.6453 
 41       41   (0)      3 :  0.1766 0.3564 0.4669 
 42       42   (0)      3 :  0.2853 0.4423 0.2724 
 43       43   (0)      3 :  0.0144 0.0949 0.8906 
 44       44   (0)      3 :  0.1279 0.5168 0.3553 
 45       45   (0)      3 :  0.0000 0.5407 0.4593 
 46       46   (0)      3 :  0.0611 0.3762 0.5627 
 47       47   (0)      3 :  0.2550 0.3785 0.3665 
 48       48   (0)      3 :  0.0223 0.5142 0.4635 
 49       49   (0)      3 :  0.0000 0.8437 0.1563 
 50       50   (0)      3 :  0.0541 0.3233 0.6226 
 51       51   (0)      3 :  0.0612 0.2867 0.6521 
 52       52   (0)      3 :  0.3451 0.2320 0.4229 
 53       53   (0)      3 :  0.1430 0.4907 0.3664 
 54       54   (0)      3 :  0.1253 0.4123 0.4623 
 55       55   (0)      3 :  0.1544 0.6162 0.2294 
 56       56   (0)      3 :  0.0000 0.4409 0.5591 
 57       57   (0)      3 :  0.0227 0.5479 0.4294 
 58       58   (0)      3 :  0.0000 0.5538 0.4462 
 59       59   (0)      3 :  0.1251 0.1564 0.7185 
 60       60   (0)      4 :  0.6328 0.2107 0.1564 
 61       61   (0)      4 :  0.6761 0.0908 0.2330 
 62       62   (0)      4 :  0.2330 0.1953 0.5717 
 63       63   (0)      4 :  0.1145 0.5467 0.3388 
 64       64   (0)      4 :  0.1812 0.1216 0.6972 
 65       65   (0)      4 :  0.1162 0.1702 0.7136 
 66       66   (0)      4 :  0.0241 0.1261 0.8498 
 67       67   (0)      4 :  0.3173 0.3246 0.3580 
 68       68   (0)      4 :  0.1549 0.4484 0.3966 
 69       69   (0)      4 :  0.0345 0.6825 0.2830 
 70       70   (0)      4 :  0.6085 0.0846 0.3068 
 71       71   (0)      4 :  0.0206 0.3419 0.6376 
 72       72   (0)      4 :  0.6010 0.2388 0.1601 
 73       73   (0)      4 :  0.0382 0.6308 0.3310 
 74       74   (0)      4 :  0.0163 0.3667 0.6170 
 75       75   (0)      4 :  0.0130 0.4036 0.5833 
 76       76   (0)      4 :  0.0461 0.5635 0.3903 
 77       77   (0)      4 :  0.1090 0.5420 0.3490 
 78       78   (0)      4 :  0.0789 0.5109 0.4101 
 79       79   (0)      4 :  0.0000 0.5897 0.4103 
 80       80   (0)      4 :  0.0488 0.5229 0.4282 
 81       81   (0)      4 :  0.6569 0.1278 0.2153 
 82       82   (0)      4 :  0.1193 0.6145 0.2662 
 83       83   (0)      4 :  0.0000 0.5695 0.4305 
 84       84   (0)      4 :  0.1496 0.3363 0.5142 
 85       85   (0)      4 :  0.6283 0.2337 0.1380 
 86       86   (0)      5 :  0.1384 0.2517 0.6099 
 87       87   (0)      5 :  0.1502 0.4694 0.3804 
 88       88   (0)      5 :  0.1664 0.3026 0.5310 
 89       89   (0)      5 :  0.0565 0.7188 0.2248 
 90       90   (0)      5 :  0.0970 0.5396 0.3634 
 91       91   (0)      5 :  0.1259 0.4776 0.3965 
 92       92   (0)      5 :  0.0177 0.4082 0.5742 
 93       93   (0)      5 :  0.0005 0.8388 0.1607 
 94       94   (0)      5 :  0.0903 0.3344 0.5753 
 95       95   (0)      5 :  0.5652 0.2516 0.1832 
 96       96   (0)      5 :  0.0000 0.5283 0.4717 
 97       97   (0)      5 :  0.2828 0.4786 0.2386 
 98       98   (0)      5 :  0.1944 0.1298 0.6758 
 99       99   (0)      5 :  0.0174 0.7639 0.2187 
100      100   (0)      5 :  0.0774 0.1318 0.7908 
101      101   (0)      5 :  0.0092 0.4533 0.5375 
102      102   (0)      5 :  0.0000 0.4792 0.5208 
103      103   (0)      5 :  0.0252 0.1847 0.7901 
104      104   (0)      5 :  0.2474 0.3015 0.4511 
105      105   (0)      5 :  0.0003 0.4615 0.5382 
106      106   (0)      5 :  0.1848 0.5069 0.3083 
107      107   (0)      5 :  0.1141 0.4409 0.4449 
108      108   (0)      5 :  0.2154 0.4648 0.3199 
109      109   (0)      5 :  0.3359 0.5887 0.0754 
110      110   (0)      5 :  0.2123 0.5956 0.1921 
111      111   (0)      5 :  0.0000 0.2959 0.7041 
112      112   (0)      5 :  0.0000 0.7395 0.2605 
113      113   (0)      4 :  0.0000 0.3701 0.6298 
114      114   (0)      6 :  0.1621 0.3967 0.4411 
115      115   (0)      6 :  0.3570 0.1710 0.4720 
116      116   (0)      6 :  0.5772 0.1575 0.2653 
117      117   (0)      6 :  0.7283 0.2717 0.0000 
118      118   (0)      6 :  0.4635 0.3816 0.1549 
119      119   (0)      6 :  0.8942 0.0417 0.0641 
120      120   (0)      6 :  0.0000 0.5621 0.4379 
121      121   (0)      6 :  0.1881 0.3175 0.4944 
122      122   (0)      6 :  0.0032 0.7117 0.2851 
123      123   (0)      6 :  0.3996 0.3454 0.2550 
124      124   (0)      6 :  0.0135 0.4316 0.5549 
125      125   (0)      6 :  0.1398 0.6900 0.1702 
126      126   (0)      6 :  0.0578 0.6544 0.2878 
127      127   (0)      6 :  0.5620 0.3226 0.1154 
128      128   (0)      6 :  0.0000 0.6338 0.3662 
129      129   (0)      6 :  0.0161 0.4156 0.5683 
130      130   (0)      6 :  0.2663 0.4360 0.2977 
131      131   (0)      6 :  0.5889 0.2790 0.1322 
132      132   (0)      6 :  0.0916 0.4380 0.4704 
133      133   (0)      6 :  0.0000 0.8024 0.1976 
134      134   (0)      6 :  0.1552 0.3397 0.5051 
135      135   (0)      6 :  0.7093 0.0888 0.2019 
136      136   (0)      6 :  0.2176 0.3263 0.4561 
137      137   (0)      6 :  0.1562 0.5166 0.3272 
138      138   (0)      6 :  0.0401 0.4939 0.4660 
139      139   (0)      6 :  0.1163 0.3661 0.5176 
140      140   (0)      6 :  0.4582 0.2055 0.3364 
141      141   (0)      6 :  0.3651 0.4307 0.2042 
142      142   (0)      7 :  0.0000 0.4922 0.5078 
143      143   (0)      7 :  0.9902 0.0098 0.0000 
144      144   (0)      7 :  0.1398 0.4039 0.4563 
145      145   (0)      7 :  0.0635 0.3204 0.6162 
146      146   (0)      7 :  0.3333 0.2591 0.4075 
147      147   (0)      7 :  0.0000 0.5405 0.4595 
148      148   (0)      7 :  0.0000 0.3854 0.6146 
149      149   (0)      7 :  0.7148 0.0794 0.2058 
150      150   (0)      7 :  0.3712 0.4005 0.2283 
151      151   (0)      7 :  0.6440 0.0942 0.2618 
152      152   (0)      7 :  0.0280 0.2813 0.6907 
153      153   (0)      7 :  1.0000 0.0000 0.0000 
154      154   (0)      7 :  0.1079 0.4724 0.4197 
155      155   (0)      7 :  0.6419 0.3175 0.0406 
156      156   (0)      7 :  0.0063 0.1652 0.8285 
157      157   (0)      7 :  0.0000 0.2911 0.7089 
158      158   (0)      7 :  0.1186 0.3470 0.5344 
159      159   (0)      7 :  0.7276 0.0843 0.1881 
160      160   (0)      7 :  0.3950 0.3733 0.2317 
161      161   (0)      7 :  0.8244 0.1436 0.0320 
162      162   (0)      7 :  0.2050 0.4834 0.3116 
163      163   (0)      7 :  0.0373 0.2581 0.7046 
164      164   (0)      7 :  0.3461 0.2047 0.4492 
165      165   (0)      7 :  0.4583 0.3870 0.1548 
166      166   (0)      7 :  0.2412 0.3308 0.4280 
167      167   (0)      7 :  0.0000 0.2908 0.7092 
168      168   (0)      7 :  0.1427 0.2657 0.5916 
169      169   (0)      7 :  0.7896 0.2090 0.0014 
