1        1   (0)      1  : 0.3884 0.6116
2        2   (0)      1  : 0.1500 0.8500
3        3   (0)      2  : 0.5660 0.4340
4        4   (0)      2  : 0.3602 0.6398
5        5   (0)      2  : 0.6751 0.3249
6        6   (0)      2  : 0.3062 0.6938
7        7   (0)      2  : 0.9038 0.0962
8        8   (0)      2  : 0.8392 0.1608
9        9   (0)      2  : 0.8748 0.1252
10       10   (0)      2  : 0.8285 0.1715
11       11   (0)      2  : 0.6145 0.3855
12       12   (0)      2  : 0.5246 0.4754
13       13   (0)      2  : 1.0000 0.0000
14       14   (0)      2  : 0.6909 0.3091
15       15   (0)      2  : 0.7781 0.2219
16       16   (0)      2  : 0.4823 0.5177
17       17   (0)      2  : 0.6965 0.3035
18       18   (0)      2  : 0.6468 0.3532
19       19   (0)      2  : 0.7904 0.2096
20       20   (0)      2  : 0.5726 0.4274
21       21   (0)      2  : 0.5554 0.4446
22       22   (0)      2  : 0.6284 0.3716
23       23   (0)      2  : 0.6927 0.3073
24       24   (0)      2  : 0.5270 0.4730
25       25   (0)      2  : 0.5863 0.4137
26       26   (0)      2  : 0.8242 0.1758
27       27   (0)      2  : 0.6885 0.3115
28       28   (0)      2  : 0.6725 0.3275
29       29   (0)      2  : 0.9044 0.0956
30       30   (0)      3  : 0.3510 0.6490
31       31   (0)      3  : 0.6560 0.3440
32       32   (0)      3  : 0.6264 0.3736
33       33   (0)      3  : 0.7709 0.2291
34       34   (0)      3  : 0.8632 0.1368
35       35   (0)      3  : 0.4575 0.5425
36       36   (0)      3  : 0.9661 0.0339
37       37   (0)      3  : 0.7433 0.2567
38       38   (0)      3  : 0.2911 0.7089
39       39   (0)      3  : 0.5767 0.4233
40       40   (0)      3  : 0.3974 0.6026
41       41   (0)      3  : 0.5336 0.4664
42       42   (0)      3  : 0.2906 0.7094
43       43   (0)      3  : 0.5115 0.4885
44       44   (0)      3  : 0.8188 0.1812
45       45   (0)      3  : 0.6863 0.3137
46       46   (0)      3  : 0.6937 0.3063
47       47   (0)      3  : 0.9086 0.0914
48       48   (0)      3  : 0.5219 0.4781
49       49   (0)      3  : 0.5916 0.4084
50       50   (0)      3  : 0.5224 0.4776
51       51   (0)      3  : 0.7110 0.2890
52       52   (0)      3  : 0.6699 0.3301
53       53   (0)      3  : 0.7684 0.2316
54       54   (0)      3  : 0.6117 0.3883
55       55   (0)      3  : 0.9112 0.0888
56       56   (0)      3  : 0.8077 0.1923
57       57   (0)      3  : 0.6046 0.3954
58       58   (0)      3  : 0.0000 1.0000
59       59   (0)      3  : 0.4892 0.5108
60       60   (0)      4  : 0.6556 0.3444
61       61   (0)      4  : 0.6746 0.3254
62       62   (0)      4  : 0.4813 0.5187
63       63   (0)      4  : 0.6601 0.3399
64       64   (0)      4  : 0.6953 0.3047
65       65   (0)      4  : 0.6827 0.3173
66       66   (0)      4  : 0.7562 0.2438
67       67   (0)      4  : 0.6185 0.3815
68       68   (0)      4  : 0.6222 0.3778
69       69   (0)      4  : 0.6312 0.3688
70       70   (0)      4  : 0.5559 0.4441
71       71   (0)      1  : 0.9921 0.0079
72       72   (0)      1  : 0.1366 0.8634
73       73   (0)      1  : 0.6135 0.3865
74       74   (0)      1  : 0.6007 0.3993
75       75   (0)      1  : 0.6854 0.3146
76       76   (0)      1  : 0.6503 0.3497
77       77   (0)      1  : 0.3969 0.6031
78       78   (0)      1  : 0.5124 0.4876
79       79   (0)      1  : 0.5985 0.4015
80       80   (0)      1  : 0.9219 0.0781
81       81   (0)      1  : 0.2607 0.7393
82       82   (0)      1  : 0.5551 0.4449
83       83   (0)      1  : 0.5723 0.4277
84       84   (0)      1  : 0.6570 0.3430
85       85   (0)      1  : 0.7347 0.2653
86       86   (0)      1  : 0.7922 0.2078
87       87   (0)      1  : 0.3762 0.6238
88       88   (0)      1  : 0.5144 0.4856
89       89   (0)      1  : 0.5187 0.4813
90       90   (0)      1  : 0.5840 0.4160
91       91   (0)      1  : 0.6260 0.3740
92       92   (0)      1  : 0.5380 0.4620
93       93   (0)      1  : 0.5811 0.4189
94       94   (0)      1  : 0.6600 0.3400
95       95   (0)      1  : 0.8531 0.1469
96       96   (0)      1  : 0.6906 0.3094
97       97   (0)      1  : 0.6045 0.3955
98       98   (0)      1  : 0.6336 0.3664
99       99   (0)      4  : 0.9258 0.0742
100      100   (0)      4  : 0.7588 0.2412
101      101   (0)      5  : 0.7597 0.2403
102      102   (0)      5  : 0.4288 0.5712
103      103   (0)      5  : 0.5602 0.4398
104      104   (0)      5  : 0.5961 0.4039
105      105   (0)      5  : 0.9188 0.0812
106      106   (0)      4  : 0.4260 0.5740
107      107   (0)      4  : 0.6093 0.3907
108      108   (0)      4  : 0.2142 0.7858
109      109   (0)      4  : 0.7173 0.2827
110      110   (0)      4  : 0.5574 0.4426
111      111   (0)      5  : 0.6150 0.3850
112      112   (0)      5  : 0.7121 0.2879
113      113   (0)      5  : 0.6490 0.3510
114      114   (0)      5  : 0.6819 0.3181
115      115   (0)      5  : 0.2542 0.7458
116      116   (0)      5  : 0.6819 0.3181
117      117   (0)      4  : 0.7621 0.2379
118      118   (0)      4  : 0.5172 0.4828
119      119   (0)      4  : 0.8536 0.1464
120      120   (0)      4  : 0.6507 0.3493
121      121   (0)      4  : 0.5810 0.4190
122      122   (0)      4  : 0.5709 0.4291
123      123   (0)      4  : 0.7529 0.2471
124      124   (0)      4  : 0.7155 0.2845
125      125   (0)      5  : 0.7161 0.2839
126      126   (0)      5  : 0.4650 0.5350
127      127   (0)      5  : 0.1286 0.8714
128      128   (0)      5  : 0.3934 0.6066
129      129   (0)      5  : 0.8388 0.1612
130      130   (0)      5  : 0.1122 0.8878
131      131   (0)      5  : 0.9433 0.0567
132      132   (0)      5  : 0.6479 0.3521
133      133   (0)      5  : 0.5132 0.4868
134      134   (0)      5  : 0.7839 0.2161
135      135   (0)      5  : 0.3204 0.6796
136      136   (0)      5  : 0.1002 0.8998
137      137   (0)      5  : 0.8119 0.1881
138      138   (0)      5  : 0.6438 0.3562
139      139   (0)      5  : 0.1454 0.8546
140      140   (0)      5  : 0.3901 0.6099
141      141   (0)      5  : 0.5616 0.4384
142      142   (0)      5  : 0.3350 0.6650
143      143   (0)      5  : 0.5863 0.4137
144      144   (0)      6  : 0.5110 0.4890
145      145   (0)      6  : 0.4277 0.5723
146      146   (0)      6  : 0.7201 0.2799
147      147   (0)      6  : 0.4320 0.5680
148      148   (0)      6  : 0.6932 0.3068
149      149   (0)      6  : 0.7375 0.2625
150      150   (0)      6  : 0.2640 0.7360
151      151   (0)      6  : 0.9150 0.0850
152      152   (0)      6  : 0.7216 0.2784
153      153   (0)      6  : 0.6539 0.3461
154      154   (0)      6  : 0.6025 0.3975
155      155   (0)      6  : 0.0830 0.9170
156      156   (0)      6  : 0.4816 0.5184
157      157   (0)      6  : 0.9161 0.0839
158      158   (0)      6  : 0.6350 0.3650
159      159   (0)      6  : 0.6479 0.3521
160      160   (0)      6  : 0.5514 0.4486
161      161   (0)      6  : 0.6885 0.3115
162      162   (0)      6  : 0.6669 0.3331
163      163   (0)      6  : 0.2469 0.7531
164      164   (0)      6  : 0.4786 0.5214
165      165   (0)      6  : 0.6432 0.3568
166      166   (0)      6  : 0.9237 0.0763
167      167   (0)      6  : 0.4758 0.5242
168      168   (0)      6  : 0.7301 0.2699
169      169   (0)      6  : 0.2034 0.7966
170      170   (0)      6  : 0.6110 0.3890
171      171   (0)      6  : 0.4610 0.5390
172      172   (0)      4  : 0.3054 0.6946
173      173   (0)      4  : 0.8093 0.1907
174      174   (0)      7  : 0.8067 0.1933
175      175   (0)      7  : 0.6152 0.3848
176      176   (0)      7  : 0.4821 0.5179
177      177   (0)      7  : 0.8848 0.1152
178      178   (0)      7  : 0.6465 0.3535
179      179   (0)      7  : 0.6940 0.3060
180      180   (0)      7  : 0.6489 0.3511
181      181   (0)      7  : 0.2374 0.7626
182      182   (0)      7  : 0.7442 0.2558
183      183   (0)      7  : 0.5526 0.4474
184      184   (0)      7  : 0.5776 0.4224
185      185   (0)      7  : 0.8100 0.1900
186      186   (0)      7  : 0.6619 0.3381
187      187   (0)      7  : 0.5099 0.4901
188      188   (0)      7  : 0.7795 0.2205
189      189   (0)      7  : 0.7126 0.2874
190      190   (0)      7  : 0.4911 0.5089
191      191   (0)      7  : 0.4939 0.5061
192      192   (0)      7  : 0.5267 0.4733
193      193   (0)      7  : 0.6949 0.3051
194      194   (0)      7  : 0.5149 0.4851
195      195   (0)      7  : 0.6365 0.3635
196      196   (0)      7  : 0.6839 0.3161
197      197   (0)      7  : 0.6696 0.3304
198      198   (0)      7  : 0.7364 0.2636
199      199   (0)      7  : 0.5626 0.4374
200      200   (0)      7  : 0.5740 0.4260
201      201   (0)      7  : 0.9999 0.0001
202      202   (0)      7  : 0.7260 0.2740
203      203   (0)      7  : 0.7848 0.2152
