  1        1   (0)      1 :  0.3235 0.2174 0.4591 
  2        2   (0)      1 :  0.2091 0.3120 0.4789 
  3        3   (0)      2 :  0.4856 0.1496 0.3649 
  4        4   (0)      2 :  0.4601 0.0984 0.4415 
  5        5   (0)      2 :  0.4488 0.2912 0.2600 
  6        6   (0)      2 :  0.4042 0.3198 0.2761 
  7        7   (0)      2 :  0.0817 0.8892 0.0292 
  8        8   (0)      2 :  0.4296 0.4085 0.1619 
  9        9   (0)      2 :  0.0944 0.7816 0.1239 
 10       10   (0)      2 :  0.1834 0.6905 0.1260 
 11       11   (0)      2 :  0.3871 0.4337 0.1792 
 12       12   (0)      2 :  0.5371 0.1677 0.2952 
 13       13   (0)      2 :  0.3271 0.5225 0.1504 
 14       14   (0)      2 :  0.4113 0.2933 0.2955 
 15       15   (0)      2 :  0.3306 0.3878 0.2816 
 16       16   (0)      2 :  0.2451 0.3720 0.3829 
 17       17   (0)      2 :  0.0392 0.7473 0.2135 
 18       18   (0)      2 :  0.3660 0.2690 0.3650 
 19       19   (0)      2 :  0.1558 0.5219 0.3223 
 20       20   (0)      2 :  0.0999 0.3205 0.5796 
 21       21   (0)      2 :  0.4059 0.5394 0.0547 
 22       22   (0)      2 :  0.3633 0.2586 0.3782 
 23       23   (0)      2 :  0.2649 0.5253 0.2097 
 24       24   (0)      2 :  0.2040 0.3144 0.4816 
 25       25   (0)      2 :  0.2350 0.2711 0.4938 
 26       26   (0)      2 :  0.2773 0.3303 0.3924 
 27       27   (0)      2 :  0.4737 0.1371 0.3893 
 28       28   (0)      2 :  0.6679 0.1848 0.1473 
 29       29   (0)      2 :  0.3617 0.3683 0.2700 
 30       30   (0)      3 :  0.4984 0.0116 0.4900 
 31       31   (0)      3 :  0.1185 0.5765 0.3050 
 32       32   (0)      3 :  0.4470 0.2232 0.3298 
 33       33   (0)      3 :  0.3082 0.5042 0.1876 
 34       34   (0)      3 :  0.1144 0.5600 0.3256 
 35       35   (0)      3 :  0.4325 0.2872 0.2803 
 36       36   (0)      3 :  0.3803 0.5086 0.1111 
 37       37   (0)      3 :  0.4173 0.4401 0.1426 
 38       38   (0)      3 :  0.0594 0.4785 0.4621 
 39       39   (0)      3 :  0.4690 0.3792 0.1517 
 40       40   (0)      3 :  0.2041 0.3573 0.4386 
 41       41   (0)      3 :  0.4477 0.1955 0.3568 
 42       42   (0)      3 :  0.5232 0.0963 0.3805 
 43       43   (0)      3 :  0.5229 0.2030 0.2742 
 44       44   (0)      3 :  0.4866 0.3083 0.2051 
 45       45   (0)      3 :  0.5856 0.1796 0.2348 
 46       46   (0)      3 :  0.1781 0.3208 0.5011 
 47       47   (0)      3 :  0.2106 0.6221 0.1673 
 48       48   (0)      3 :  0.2940 0.1383 0.5678 
 49       49   (0)      3 :  0.1262 0.2774 0.5965 
 50       50   (0)      3 :  0.6082 0.1230 0.2688 
 51       51   (0)      3 :  0.2304 0.4714 0.2982 
 52       52   (0)      3 :  0.2448 0.4901 0.2651 
 53       53   (0)      3 :  0.3981 0.2202 0.3818 
 54       54   (0)      3 :  0.4964 0.2280 0.2756 
 55       55   (0)      3 :  0.2788 0.4136 0.3075 
 56       56   (0)      3 :  0.3648 0.3513 0.2838 
 57       57   (0)      3 :  0.3109 0.3528 0.3363 
 58       58   (0)      3 :  0.1658 0.1122 0.7220 
 59       59   (0)      3 :  0.4665 0.0483 0.4851 
 60       60   (0)      4 :  0.1090 0.5631 0.3279 
 61       61   (0)      4 :  0.1730 0.5674 0.2596 
 62       62   (0)      4 :  0.1948 0.1099 0.6953 
 63       63   (0)      4 :  0.3753 0.4839 0.1408 
 64       64   (0)      4 :  0.0853 0.6126 0.3021 
 65       65   (0)      4 :  0.2900 0.4310 0.2790 
 66       66   (0)      4 :  0.5787 0.2087 0.2126 
 67       67   (0)      4 :  0.0712 0.4800 0.4489 
 68       68   (0)      4 :  0.2197 0.5122 0.2680 
 69       69   (0)      4 :  0.2305 0.3445 0.4250 
 70       70   (0)      4 :  0.6723 0.2326 0.0951 
 71       71   (0)      1 :  0.0585 0.7587 0.1828 
 72       72   (0)      1 :  0.2535 0.4500 0.2965 
 73       73   (0)      1 :  0.3292 0.2359 0.4349 
 74       74   (0)      1 :  0.3414 0.3646 0.2940 
 75       75   (0)      1 :  0.4451 0.3125 0.2424 
 76       76   (0)      1 :  0.6965 0.1774 0.1261 
 77       77   (0)      1 :  0.0157 0.2221 0.7621 
 78       78   (0)      1 :  0.3716 0.3945 0.2338 
 79       79   (0)      1 :  0.3044 0.4094 0.2862 
 80       80   (0)      1 :  0.3106 0.5784 0.1110 
 81       81   (0)      1 :  0.8661 0.0257 0.1082 
 82       82   (0)      1 :  0.2275 0.5136 0.2588 
 83       83   (0)      1 :  0.2553 0.5495 0.1952 
 84       84   (0)      1 :  0.3550 0.5644 0.0806 
 85       85   (0)      1 :  0.5016 0.3927 0.1056 
 86       86   (0)      1 :  0.0760 0.4049 0.5190 
 87       87   (0)      1 :  0.3933 0.1507 0.4560 
 88       88   (0)      1 :  0.2599 0.5313 0.2087 
 89       89   (0)      1 :  0.2212 0.2261 0.5527 
 90       90   (0)      1 :  0.4490 0.2857 0.2653 
 91       91   (0)      1 :  0.0031 0.9683 0.0286 
 92       92   (0)      1 :  0.4835 0.2451 0.2714 
 93       93   (0)      1 :  0.5478 0.2022 0.2500 
 94       94   (0)      1 :  0.0365 0.5643 0.3992 
 95       95   (0)      1 :  0.1064 0.6427 0.2510 
 96       96   (0)      1 :  0.2274 0.4928 0.2798 
 97       97   (0)      1 :  0.3628 0.4186 0.2186 
 98       98   (0)      1 :  0.2031 0.4702 0.3267 
 99       99   (0)      4 :  0.2139 0.5923 0.1938 
100      100   (0)      4 :  0.3953 0.4270 0.1777 
101      101   (0)      5 :  0.2614 0.5621 0.1764 
102      102   (0)      5 :  0.5984 0.3113 0.0903 
103      103   (0)      5 :  0.2348 0.3247 0.4405 
104      104   (0)      5 :  0.7328 0.1334 0.1338 
105      105   (0)      5 :  0.0223 0.5862 0.3916 
106      106   (0)      4 :  0.5339 0.1453 0.3208 
107      107   (0)      4 :  0.3329 0.4900 0.1771 
108      108   (0)      4 :  0.4646 0.0988 0.4365 
109      109   (0)      4 :  0.4178 0.2945 0.2877 
110      110   (0)      4 :  0.6938 0.1286 0.1776 
111      111   (0)      5 :  0.1739 0.3011 0.5250 
112      112   (0)      5 :  0.1385 0.5743 0.2872 
113      113   (0)      5 :  0.3465 0.3883 0.2652 
114      114   (0)      5 :  0.6285 0.2853 0.0862 
115      115   (0)      5 :  0.2194 0.0402 0.7404 
116      116   (0)      5 :  0.4883 0.2585 0.2531 
117      117   (0)      4 :  0.1879 0.7173 0.0948 
118      118   (0)      4 :  0.2442 0.1932 0.5626 
119      119   (0)      4 :  0.2320 0.6404 0.1277 
120      120   (0)      4 :  0.3627 0.3726 0.2647 
121      121   (0)      4 :  0.7841 0.0406 0.1753 
122      122   (0)      4 :  0.0835 0.3054 0.6111 
123      123   (0)      4 :  0.0332 0.5521 0.4147 
124      124   (0)      4 :  0.0746 0.7225 0.2029 
125      125   (0)      5 :  0.0981 0.7634 0.1385 
126      126   (0)      5 :  0.6845 0.0400 0.2755 
127      127   (0)      5 :  0.6118 0.1983 0.1899 
128      128   (0)      5 :  0.3235 0.2483 0.4282 
129      129   (0)      5 :  0.4868 0.1917 0.3215 
130      130   (0)      5 :  0.3788 0.1610 0.4602 
131      131   (0)      5 :  0.3913 0.3503 0.2584 
132      132   (0)      5 :  0.0764 0.4977 0.4258 
133      133   (0)      5 :  0.5114 0.1900 0.2986 
134      134   (0)      5 :  0.1159 0.4696 0.4145 
135      135   (0)      5 :  0.8749 0.0500 0.0751 
136      136   (0)      5 :  0.7279 0.0295 0.2426 
137      137   (0)      5 :  0.3968 0.3551 0.2481 
138      138   (0)      5 :  0.3040 0.4459 0.2501 
139      139   (0)      5 :  0.6131 0.0529 0.3340 
140      140   (0)      5 :  0.3488 0.2026 0.4486 
141      141   (0)      5 :  0.1707 0.4817 0.3476 
142      142   (0)      5 :  0.3049 0.1227 0.5724 
143      143   (0)      5 :  0.5117 0.3795 0.1088 
144      144   (0)      6 :  0.3496 0.3476 0.3028 
145      145   (0)      6 :  0.4980 0.1354 0.3667 
146      146   (0)      6 :  0.1524 0.4580 0.3896 
147      147   (0)      6 :  0.3093 0.0826 0.6081 
148      148   (0)      6 :  0.6679 0.1044 0.2277 
149      149   (0)      6 :  0.1255 0.4597 0.4148 
150      150   (0)      6 :  0.4972 0.0069 0.4958 
151      151   (0)      6 :  0.2899 0.2322 0.4779 
152      152   (0)      6 :  0.3492 0.5344 0.1164 
153      153   (0)      6 :  0.4983 0.1239 0.3778 
154      154   (0)      6 :  0.3464 0.3827 0.2709 
155      155   (0)      6 :  0.4940 0.0365 0.4696 
156      156   (0)      6 :  0.5342 0.2812 0.1846 
157      157   (0)      6 :  0.2887 0.5167 0.1946 
158      158   (0)      6 :  0.3187 0.3822 0.2991 
159      159   (0)      6 :  0.3386 0.3737 0.2878 
160      160   (0)      6 :  0.6291 0.1144 0.2564 
161      161   (0)      6 :  0.5278 0.3464 0.1257 
162      162   (0)      6 :  0.8501 0.0554 0.0946 
163      163   (0)      6 :  0.2271 0.1851 0.5877 
164      164   (0)      6 :  0.5552 0.1403 0.3044 
165      165   (0)      6 :  0.3629 0.4311 0.2060 
166      166   (0)      6 :  0.2893 0.4760 0.2347 
167      167   (0)      6 :  0.3522 0.3342 0.3136 
168      168   (0)      6 :  0.0710 0.5110 0.4180 
169      169   (0)      6 :  0.2491 0.3471 0.4038 
170      170   (0)      6 :  0.4836 0.0754 0.4410 
171      171   (0)      6 :  0.3499 0.3224 0.3277 
172      172   (0)      4 :  0.1703 0.1062 0.7235 
173      173   (0)      4 :  0.4731 0.4521 0.0748 
174      174   (0)      7 :  0.4828 0.3367 0.1805 
175      175   (0)      7 :  0.0076 0.9665 0.0259 
176      176   (0)      7 :  0.5037 0.2246 0.2717 
177      177   (0)      7 :  0.1206 0.6886 0.1908 
178      178   (0)      7 :  0.3596 0.4658 0.1746 
179      179   (0)      7 :  0.2597 0.3306 0.4097 
180      180   (0)      7 :  0.1184 0.0895 0.7920 
181      181   (0)      7 :  0.3613 0.2305 0.4083 
182      182   (0)      7 :  0.3554 0.5390 0.1056 
183      183   (0)      7 :  0.4809 0.3946 0.1245 
184      184   (0)      7 :  0.3620 0.2899 0.3481 
185      185   (0)      7 :  0.4381 0.3908 0.1711 
186      186   (0)      7 :  0.5168 0.1912 0.2920 
187      187   (0)      7 :  0.5853 0.1442 0.2705 
188      188   (0)      7 :  0.5660 0.3309 0.1031 
189      189   (0)      7 :  0.3166 0.4214 0.2621 
190      190   (0)      7 :  0.4004 0.1505 0.4491 
191      191   (0)      7 :  0.3854 0.3328 0.2818 
192      192   (0)      7 :  0.1217 0.2250 0.6532 
193      193   (0)      7 :  0.0717 0.7910 0.1373 
194      194   (0)      7 :  0.2267 0.3594 0.4139 
195      195   (0)      7 :  0.1857 0.6384 0.1759 
196      196   (0)      7 :  0.3095 0.5768 0.1137 
197      197   (0)      7 :  0.0963 0.5723 0.3314 
198      198   (0)      7 :  0.4506 0.4262 0.1232 
199      199   (0)      7 :  0.2981 0.4929 0.2090 
200      200   (0)      7 :  0.4738 0.3118 0.2144 
201      201   (0)      7 :  0.1178 0.8272 0.0550 
202      202   (0)      7 :  0.4147 0.4978 0.0876 
203      203   (0)      7 :  0.1200 0.6843 0.1958 
