1        1   (0)      1  : 0.0230 0.0524 0.0865 0.0124 0.2512 0.2686 0.0182 0.1290 0.1584
2        2   (0)      1  : 0.0732 0.0545 0.0105 0.0000 0.0281 0.0072 0.0174 0.7761 0.0330
3        3   (0)      2  : 0.0576 0.0124 0.0971 0.0199 0.0000 0.0148 0.2283 0.3490 0.2208
4        4   (0)      2  : 0.0000 0.0203 0.0374 0.0056 0.4554 0.0439 0.1095 0.0151 0.3129
5        5   (0)      2  : 0.1058 0.1709 0.1671 0.0164 0.0174 0.1245 0.3018 0.0488 0.0474
6        6   (0)      2  : 0.0530 0.2972 0.0703 0.1488 0.1781 0.1297 0.0710 0.0520 0.0000
7        7   (0)      2  : 0.0920 0.0000 0.0806 0.7837 0.0048 0.0000 0.0343 0.0000 0.0047
8        8   (0)      2  : 0.0182 0.1801 0.0900 0.3766 0.0154 0.0000 0.0303 0.0198 0.2696
9        9   (0)      2  : 0.2274 0.1119 0.0000 0.0565 0.1528 0.0387 0.2927 0.0719 0.0482
10       10   (0)      2  : 0.1642 0.1677 0.0251 0.4586 0.0436 0.0000 0.0683 0.0311 0.0415
11       11   (0)      2  : 0.1249 0.0048 0.0464 0.6503 0.0270 0.0512 0.0435 0.0282 0.0236
12       12   (0)      2  : 0.0201 0.2288 0.2666 0.0312 0.0330 0.3531 0.0105 0.0179 0.0388
13       13   (0)      2  : 0.1635 0.0658 0.2898 0.0051 0.0311 0.0155 0.2380 0.0858 0.1055
14       14   (0)      2  : 0.0178 0.6769 0.0377 0.0162 0.0111 0.0299 0.0346 0.0190 0.1569
15       15   (0)      2  : 0.0962 0.1124 0.0661 0.1482 0.0268 0.0329 0.0822 0.2742 0.1610
16       16   (0)      2  : 0.1063 0.0000 0.1271 0.0000 0.2722 0.1637 0.1151 0.0369 0.1786
17       17   (0)      2  : 0.1863 0.0000 0.0000 0.2963 0.1849 0.0122 0.0000 0.2803 0.0399
18       18   (0)      2  : 0.0498 0.1030 0.0216 0.0292 0.0947 0.2359 0.2246 0.0628 0.1784
19       19   (0)      2  : 0.0292 0.0221 0.0217 0.1502 0.0163 0.0222 0.1995 0.2799 0.2590
20       20   (0)      2  : 0.0000 0.0000 0.0309 0.2476 0.4070 0.1409 0.0406 0.0377 0.0953
21       21   (0)      2  : 0.0299 0.2669 0.1029 0.4443 0.0250 0.0807 0.0208 0.0059 0.0236
22       22   (0)      2  : 0.0145 0.0573 0.0757 0.0252 0.0521 0.7170 0.0000 0.0582 0.0000
23       23   (0)      2  : 0.1379 0.1368 0.0111 0.1538 0.1450 0.0186 0.1623 0.2224 0.0123
24       24   (0)      2  : 0.1413 0.0945 0.0525 0.0848 0.0742 0.2419 0.1198 0.1734 0.0175
25       25   (0)      2  : 0.0979 0.0035 0.1720 0.0777 0.1859 0.2335 0.0217 0.0362 0.1716
26       26   (0)      2  : 0.0173 0.0231 0.0262 0.3206 0.0000 0.3641 0.1116 0.0213 0.1158
27       27   (0)      2  : 0.0000 0.1380 0.1598 0.0595 0.0000 0.0584 0.3099 0.0125 0.2618
28       28   (0)      2  : 0.0000 0.3825 0.3229 0.0499 0.0155 0.0000 0.0000 0.0077 0.2215
29       29   (0)      2  : 0.0184 0.0185 0.1359 0.1766 0.0040 0.2693 0.1959 0.0381 0.1434
30       30   (0)      3  : 0.0000 0.0651 0.0806 0.0000 0.0174 0.5094 0.0042 0.0396 0.2838
31       31   (0)      3  : 0.1967 0.0681 0.0326 0.1844 0.0356 0.1488 0.1168 0.1953 0.0218
32       32   (0)      3  : 0.0633 0.0784 0.0416 0.0413 0.0302 0.0200 0.0382 0.0024 0.6845
33       33   (0)      3  : 0.2074 0.0731 0.0230 0.1254 0.1564 0.0021 0.1011 0.0322 0.2793
34       34   (0)      3  : 0.0810 0.0000 0.0196 0.2278 0.0217 0.1649 0.1190 0.2996 0.0664
35       35   (0)      3  : 0.0375 0.0427 0.0523 0.0904 0.2220 0.0411 0.2400 0.0679 0.2061
36       36   (0)      3  : 0.0115 0.0586 0.0100 0.3750 0.0154 0.0113 0.4463 0.0176 0.0545
37       37   (0)      3  : 0.0166 0.1931 0.0792 0.1885 0.1371 0.0212 0.2046 0.0000 0.1598
38       38   (0)      3  : 0.0000 0.0499 0.0000 0.0000 0.9000 0.0000 0.0000 0.0501 0.0000
39       39   (0)      3  : 0.2312 0.4593 0.0432 0.0306 0.0000 0.0100 0.0000 0.2102 0.0155
40       40   (0)      3  : 0.0853 0.0000 0.1316 0.2209 0.0129 0.3480 0.0000 0.1830 0.0184
41       41   (0)      3  : 0.0054 0.1293 0.0327 0.0129 0.6827 0.0574 0.0117 0.0187 0.0491
42       42   (0)      3  : 0.0250 0.3825 0.0392 0.0252 0.0099 0.1771 0.1340 0.1650 0.0422
43       43   (0)      3  : 0.0460 0.3169 0.0576 0.0189 0.0170 0.0669 0.2118 0.1218 0.1432
44       44   (0)      3  : 0.0152 0.0002 0.6530 0.0824 0.0000 0.0000 0.0492 0.1000 0.1000
45       45   (0)      3  : 0.0000 0.0000 0.8698 0.0095 0.0149 0.0125 0.0934 0.0000 0.0000
46       46   (0)      3  : 0.0348 0.0000 0.0027 0.0594 0.0460 0.0437 0.0937 0.3373 0.3823
47       47   (0)      3  : 0.0640 0.0101 0.0680 0.7443 0.0236 0.0115 0.0081 0.0485 0.0221
48       48   (0)      3  : 0.0000 0.0104 0.0009 0.0000 0.0257 0.0000 0.1296 0.4038 0.4296
49       49   (0)      3  : 0.0000 0.0661 0.0259 0.2803 0.1536 0.2661 0.0140 0.0000 0.1939
50       50   (0)      3  : 0.0402 0.3722 0.0382 0.0000 0.0000 0.0455 0.0946 0.2410 0.1682
51       51   (0)      3  : 0.0350 0.0000 0.1121 0.2065 0.0204 0.1395 0.3227 0.0088 0.1550
52       52   (0)      3  : 0.1525 0.0012 0.1057 0.0495 0.1153 0.0000 0.3553 0.0402 0.1803
53       53   (0)      3  : 0.0108 0.0000 0.1454 0.0083 0.0402 0.0000 0.4145 0.1161 0.2646
54       54   (0)      3  : 0.0000 0.1278 0.2848 0.0243 0.0336 0.1505 0.1920 0.0320 0.1550
55       55   (0)      3  : 0.0477 0.0000 0.2012 0.0000 0.0000 0.1996 0.2993 0.1521 0.1000
56       56   (0)      3  : 0.0119 0.0000 0.0299 0.1168 0.0341 0.0115 0.0425 0.0181 0.7352
57       57   (0)      3  : 0.0168 0.0167 0.0425 0.1779 0.2695 0.0094 0.3571 0.0433 0.0670
58       58   (0)      3  : 0.1922 0.0000 0.0530 0.1000 0.0112 0.5861 0.0302 0.0273 0.0000
59       59   (0)      3  : 0.0000 0.1693 0.1220 0.0000 0.0000 0.1226 0.0000 0.3273 0.2588
60       60   (0)      4  : 0.1632 0.0148 0.0395 0.3510 0.1290 0.0192 0.0035 0.0184 0.2615
61       61   (0)      4  : 0.7390 0.0000 0.0309 0.0333 0.0272 0.0122 0.1228 0.0000 0.0347
62       62   (0)      4  : 0.0497 0.0272 0.0000 0.0000 0.1415 0.0263 0.0705 0.1673 0.5175
63       63   (0)      4  : 0.0439 0.0387 0.1682 0.0706 0.0671 0.0189 0.2823 0.2674 0.0429
64       64   (0)      4  : 0.3645 0.0008 0.0000 0.1452 0.2032 0.1297 0.0708 0.0838 0.0020
65       65   (0)      4  : 0.2532 0.0148 0.3446 0.0018 0.0077 0.0553 0.0001 0.2733 0.0491
66       66   (0)      4  : 0.0000 0.0000 0.8498 0.0252 0.0000 0.0000 0.0000 0.0251 0.0998
67       67   (0)      4  : 0.2114 0.0000 0.0028 0.2808 0.1514 0.1430 0.1245 0.0487 0.0373
68       68   (0)      4  : 0.2519 0.0000 0.2219 0.2871 0.0814 0.0540 0.0297 0.0606 0.0135
69       69   (0)      4  : 0.0663 0.0325 0.0377 0.0319 0.0067 0.0519 0.0224 0.4053 0.3453
70       70   (0)      4  : 0.0243 0.7425 0.0000 0.0232 0.0080 0.0000 0.2019 0.0000 0.0000
71       71   (0)      1  : 0.0267 0.0000 0.0000 0.5590 0.0041 0.0000 0.0662 0.3145 0.0294
72       72   (0)      1  : 0.0000 0.1000 0.0000 0.0000 0.9000 0.0000 0.0000 0.0000 0.0000
73       73   (0)      1  : 0.0828 0.0799 0.0000 0.0000 0.0000 0.0098 0.1844 0.2691 0.3740
74       74   (0)      1  : 0.0202 0.6906 0.0407 0.0125 0.0294 0.0000 0.0171 0.1198 0.0696
75       75   (0)      1  : 0.0077 0.0000 0.0161 0.0216 0.0000 0.0000 0.9000 0.0421 0.0125
76       76   (0)      1  : 0.0255 0.1971 0.7165 0.0000 0.0224 0.0000 0.0000 0.0000 0.0385
77       77   (0)      1  : 0.0000 0.0217 0.0205 0.2030 0.2793 0.2161 0.0000 0.1788 0.0804
78       78   (0)      1  : 0.0482 0.3333 0.0536 0.4424 0.0813 0.0147 0.0154 0.0111 0.0000
79       79   (0)      1  : 0.1340 0.0177 0.1283 0.2979 0.1608 0.0283 0.0721 0.0483 0.1126
80       80   (0)      1  : 0.0474 0.0372 0.1138 0.0822 0.0286 0.0070 0.6838 0.0000 0.0000
81       81   (0)      1  : 0.0000 0.6808 0.1000 0.0000 0.2192 0.0000 0.0000 0.0000 0.0000
82       82   (0)      1  : 0.0186 0.0000 0.0321 0.1000 0.8144 0.0100 0.0248 0.0000 0.0000
83       83   (0)      1  : 0.2965 0.2409 0.0154 0.0000 0.1749 0.0129 0.0000 0.2538 0.0055
84       84   (0)      1  : 0.7392 0.0264 0.1082 0.0492 0.0004 0.0654 0.0000 0.0111 0.0000
85       85   (0)      1  : 0.0902 0.1801 0.1687 0.1523 0.0194 0.0208 0.2048 0.1122 0.0516
86       86   (0)      1  : 0.0000 0.0000 0.0000 0.3222 0.0000 0.0298 0.0682 0.3798 0.2000
87       87   (0)      1  : 0.0000 0.0752 0.0220 0.0015 0.0480 0.6197 0.1961 0.0251 0.0124
88       88   (0)      1  : 0.4319 0.1451 0.0000 0.0976 0.0610 0.0000 0.0000 0.2644 0.0000
89       89   (0)      1  : 0.1029 0.0334 0.0000 0.2290 0.1882 0.1633 0.0193 0.0960 0.1679
90       90   (0)      1  : 0.0714 0.0049 0.1873 0.0031 0.0196 0.1992 0.4984 0.0161 0.0000
91       91   (0)      1  : 1.0000 0.0000 0.0000 0.0000 0.0000 0.0000 0.0000 0.0000 0.0000
92       92   (0)      1  : 0.0186 0.2877 0.0778 0.0453 0.0622 0.1640 0.0901 0.2129 0.0414
93       93   (0)      1  : 0.0072 0.1898 0.0595 0.0211 0.0330 0.0092 0.6573 0.0000 0.0229
94       94   (0)      1  : 0.0363 0.0000 0.0000 0.1019 0.0174 0.1536 0.0000 0.6585 0.0323
95       95   (0)      1  : 0.0000 0.0138 0.0084 0.2982 0.1274 0.1254 0.2242 0.1589 0.0437
96       96   (0)      1  : 0.0834 0.0000 0.0922 0.1528 0.0326 0.1627 0.3158 0.1177 0.0426
97       97   (0)      1  : 0.1406 0.3236 0.0000 0.2026 0.0283 0.0151 0.1399 0.0061 0.1440
98       98   (0)      1  : 0.0870 0.1423 0.0015 0.2565 0.0352 0.0254 0.0248 0.2593 0.1681
99       99   (0)      4  : 0.3223 0.0121 0.0155 0.3973 0.0000 0.0421 0.0000 0.0000 0.2107
100      100   (0)      4  : 0.0229 0.1852 0.0516 0.2010 0.1311 0.0001 0.1043 0.1522 0.1516
101      101   (0)      5  : 0.0672 0.1278 0.0004 0.3717 0.0935 0.0216 0.1066 0.1835 0.0277
102      102   (0)      5  : 0.1459 0.3162 0.0000 0.1451 0.0000 0.0220 0.0190 0.3518 0.0000
103      103   (0)      5  : 0.0000 0.0170 0.0000 0.0811 0.0343 0.3089 0.1891 0.0290 0.3405
104      104   (0)      5  : 0.0122 0.2571 0.3680 0.1598 0.0598 0.0000 0.0564 0.0000 0.0867
105      105   (0)      5  : 0.0000 0.0000 0.0000 0.7259 0.2151 0.0060 0.0323 0.0207 0.0000
106      106   (0)      4  : 0.0941 0.0000 0.0225 0.0274 0.0000 0.7936 0.0000 0.0415 0.0209
107      107   (0)      4  : 0.8389 0.0603 0.0000 0.0000 0.0000 0.0283 0.0513 0.0212 0.0000
108      108   (0)      4  : 0.0231 0.2935 0.2452 0.0000 0.2444 0.0079 0.0000 0.1860 0.0000
109      109   (0)      4  : 0.0242 0.0716 0.0210 0.4195 0.1396 0.0112 0.0539 0.0000 0.2592
110      110   (0)      4  : 0.1338 0.3227 0.1251 0.0325 0.0000 0.1437 0.0326 0.0191 0.1905
111      111   (0)      5  : 0.0941 0.0000 0.1192 0.2116 0.1374 0.0743 0.0892 0.0743 0.1998
112      112   (0)      5  : 0.2396 0.0080 0.1223 0.0259 0.1451 0.0341 0.0210 0.3368 0.0672
113      113   (0)      5  : 0.2032 0.0842 0.2132 0.0563 0.0797 0.1452 0.1132 0.0250 0.0800
114      114   (0)      5  : 0.1174 0.6980 0.0095 0.1000 0.0000 0.0000 0.0444 0.0000 0.0308
115      115   (0)      5  : 0.0000 0.0178 0.0000 0.0000 0.0000 0.4829 0.1000 0.3661 0.0332
116      116   (0)      5  : 0.1100 0.3251 0.0239 0.0294 0.0081 0.2196 0.0977 0.0323 0.1539
117      117   (0)      4  : 0.1843 0.0000 0.0535 0.0597 0.1854 0.0307 0.1971 0.0396 0.2498
118      118   (0)      4  : 0.0082 0.0000 0.1040 0.0164 0.2564 0.2108 0.1422 0.0639 0.1981
119      119   (0)      4  : 0.0000 0.1513 0.0000 0.0902 0.0375 0.1568 0.5238 0.0000 0.0405
120      120   (0)      4  : 0.0116 0.1270 0.0139 0.0915 0.3239 0.0246 0.2593 0.0296 0.1186
121      121   (0)      4  : 0.0895 0.2703 0.2196 0.0000 0.0000 0.0000 0.1028 0.0344 0.2834
122      122   (0)      4  : 0.0100 0.0000 0.0026 0.0000 0.6115 0.0208 0.0378 0.2000 0.1173
123      123   (0)      4  : 0.0000 0.0002 0.0000 0.3671 0.3071 0.1575 0.1310 0.0371 0.0000
124      124   (0)      4  : 0.1918 0.0000 0.0231 0.0323 0.1567 0.1000 0.1859 0.2501 0.0600
125      125   (0)      5  : 0.4288 0.0154 0.0000 0.1230 0.1059 0.0000 0.2923 0.0346 0.0000
126      126   (0)      5  : 0.0000 0.0163 0.5406 0.0000 0.1000 0.0162 0.0000 0.0000 0.3268
127      127   (0)      5  : 0.0627 0.0416 0.7315 0.0000 0.0303 0.0338 0.0000 0.1000 0.0000
128      128   (0)      5  : 0.0484 0.0192 0.0938 0.0639 0.1413 0.2768 0.0918 0.2085 0.0563
129      129   (0)      5  : 0.0002 0.1694 0.2078 0.2221 0.0156 0.0000 0.1498 0.0355 0.1996
130      130   (0)      5  : 0.0145 0.0024 0.1823 0.0000 0.2479 0.3476 0.0631 0.1251 0.0171
131      131   (0)      5  : 0.0000 0.0174 0.2543 0.1864 0.0000 0.0884 0.1951 0.0851 0.1733
132      132   (0)      5  : 0.6930 0.0068 0.0000 0.0219 0.0000 0.0422 0.0000 0.1749 0.0612
133      133   (0)      5  : 0.0400 0.0762 0.0288 0.0369 0.0291 0.0723 0.0654 0.0000 0.6513
134      134   (0)      5  : 0.0133 0.0000 0.0176 0.2227 0.0000 0.3509 0.1727 0.1829 0.0399
135      135   (0)      5  : 0.0000 1.0000 0.0000 0.0000 0.0000 0.0000 0.0000 0.0000 0.0000
136      136   (0)      5  : 0.1018 0.1712 0.2737 0.0164 0.0000 0.3623 0.0167 0.0551 0.0027
137      137   (0)      5  : 0.0000 0.0000 0.0000 0.1000 0.0000 0.0000 0.3957 0.0000 0.5043
138      138   (0)      5  : 0.0414 0.0409 0.0374 0.4266 0.0000 0.3562 0.0477 0.0260 0.0239
139      139   (0)      5  : 0.0000 0.3774 0.0661 0.0552 0.1601 0.1853 0.0487 0.0000 0.1071
140      140   (0)      5  : 0.1182 0.0897 0.0066 0.2058 0.0000 0.1709 0.0156 0.2347 0.1586
141      141   (0)      5  : 0.0036 0.0414 0.0158 0.1207 0.0628 0.2869 0.1798 0.1774 0.1116
142      142   (0)      5  : 0.0000 0.0158 0.0687 0.0000 0.0134 0.8697 0.0135 0.0189 0.0000
143      143   (0)      5  : 0.2941 0.3260 0.2577 0.0041 0.0095 0.0374 0.0000 0.0628 0.0084
144      144   (0)      6  : 0.0211 0.0470 0.0943 0.2184 0.2636 0.0803 0.0724 0.1829 0.0199
145      145   (0)      6  : 0.0112 0.0918 0.2139 0.0584 0.0000 0.2330 0.0000 0.1793 0.2125
146      146   (0)      6  : 0.1304 0.0000 0.0721 0.2467 0.0515 0.0390 0.0357 0.2280 0.1966
147      147   (0)      6  : 0.0250 0.1000 0.0000 0.0001 0.0000 0.0559 0.1262 0.6333 0.0594
148      148   (0)      6  : 0.0000 0.1947 0.3880 0.0051 0.0526 0.0000 0.0685 0.0000 0.2911
149      149   (0)      6  : 0.1086 0.0323 0.0040 0.1107 0.1760 0.0328 0.1429 0.1378 0.2550
150      150   (0)      6  : 0.0000 0.1603 0.0101 0.0000 0.1524 0.3626 0.0469 0.2288 0.0389
151      151   (0)      6  : 0.0000 0.0214 0.1536 0.0000 0.0760 0.0422 0.2428 0.1646 0.2995
152      152   (0)      6  : 0.2818 0.1400 0.1084 0.0648 0.1380 0.0122 0.1129 0.1419 0.0000
153      153   (0)      6  : 0.0000 0.0054 0.4313 0.1000 0.0000 0.3760 0.0145 0.0000 0.0728
154      154   (0)      6  : 0.1529 0.0985 0.1481 0.0414 0.0752 0.0258 0.0154 0.2107 0.2321
155      155   (0)      6  : 0.0000 0.1127 0.2743 0.0086 0.1261 0.3874 0.0339 0.0403 0.0168
156      156   (0)      6  : 0.0117 0.2011 0.4092 0.1000 0.2434 0.0000 0.0000 0.0346 0.0000
157      157   (0)      6  : 0.0819 0.0000 0.1676 0.1437 0.0143 0.0422 0.2102 0.2570 0.0831
158      158   (0)      6  : 0.0000 0.1031 0.0000 0.4601 0.3749 0.0000 0.0000 0.0214 0.0405
159      159   (0)      6  : 0.1137 0.0436 0.2319 0.0201 0.0581 0.0224 0.2123 0.2124 0.0854
160      160   (0)      6  : 0.1094 0.0000 0.4753 0.0000 0.0000 0.2247 0.0318 0.1000 0.0588
161      161   (0)      6  : 0.0545 0.4922 0.0000 0.0795 0.0214 0.0217 0.0115 0.2699 0.0494
162      162   (0)      6  : 0.0000 0.6676 0.0000 0.0000 0.0000 0.0389 0.0443 0.0000 0.2492
163      163   (0)      6  : 0.0340 0.0005 0.1068 0.0909 0.4046 0.2259 0.0132 0.0831 0.0410
164      164   (0)      6  : 0.0000 0.3900 0.1323 0.0380 0.1885 0.1189 0.0107 0.0459 0.0757
165      165   (0)      6  : 0.1251 0.0859 0.0873 0.2117 0.0376 0.0551 0.1047 0.1340 0.1585
166      166   (0)      6  : 0.0121 0.0029 0.1687 0.2279 0.0156 0.0597 0.3895 0.0002 0.1235
167      167   (0)      6  : 0.0354 0.0000 0.3506 0.0167 0.3876 0.0500 0.0006 0.1324 0.0267
168      168   (0)      6  : 0.0464 0.0000 0.0052 0.0192 0.0353 0.0173 0.0297 0.7611 0.0858
169      169   (0)      6  : 0.1704 0.0214 0.0505 0.1074 0.2758 0.1205 0.0015 0.2379 0.0146
170      170   (0)      6  : 0.0000 0.0581 0.1254 0.0107 0.0029 0.5160 0.2624 0.0000 0.0246
171      171   (0)      6  : 0.0815 0.0326 0.0000 0.1109 0.3104 0.0085 0.2126 0.0198 0.2237
172      172   (0)      4  : 0.0000 0.0141 0.0000 0.0192 0.0000 0.8357 0.0000 0.1310 0.0000
173      173   (0)      4  : 0.0134 0.0848 0.0000 0.1337 0.0000 0.0239 0.7247 0.0000 0.0196
174      174   (0)      7  : 0.0021 0.0591 0.2041 0.1406 0.0099 0.0767 0.2454 0.0264 0.2357
175      175   (0)      7  : 1.0000 0.0000 0.0000 0.0000 0.0000 0.0000 0.0000 0.0000 0.0000
176      176   (0)      7  : 0.1029 0.2124 0.0324 0.0081 0.1488 0.0831 0.0613 0.0237 0.3271
177      177   (0)      7  : 0.2686 0.0000 0.0510 0.3687 0.0207 0.0344 0.0307 0.1761 0.0499
178      178   (0)      7  : 0.1114 0.2813 0.0211 0.1974 0.2487 0.0000 0.1216 0.0175 0.0008
179      179   (0)      7  : 0.0114 0.0000 0.0000 0.0417 0.0146 0.0430 0.1654 0.0540 0.6699
180      180   (0)      7  : 0.0002 0.0000 0.0143 0.0113 0.0290 0.0446 0.1368 0.0131 0.7507
181      181   (0)      7  : 0.0695 0.3302 0.0000 0.0801 0.2489 0.1542 0.0146 0.0800 0.0225
182      182   (0)      7  : 0.2616 0.1785 0.1154 0.1855 0.0181 0.0129 0.0295 0.0173 0.1811
183      183   (0)      7  : 0.0713 0.7502 0.0167 0.0485 0.0000 0.0000 0.0000 0.0828 0.0304
184      184   (0)      7  : 0.0542 0.0000 0.0523 0.0000 0.3192 0.0242 0.0892 0.0610 0.3999
185      185   (0)      7  : 0.0340 0.0035 0.3925 0.2357 0.0625 0.0000 0.0349 0.0288 0.2081
186      186   (0)      7  : 0.0131 0.3021 0.1862 0.0491 0.0000 0.0159 0.1287 0.0502 0.2547
187      187   (0)      7  : 0.0598 0.3795 0.1250 0.0000 0.0000 0.0656 0.0419 0.2736 0.0546
188      188   (0)      7  : 0.0197 0.3076 0.1497 0.0235 0.1417 0.0000 0.1651 0.0414 0.1513
189      189   (0)      7  : 0.1760 0.0130 0.2422 0.0079 0.0005 0.0391 0.2298 0.0474 0.2442
190      190   (0)      7  : 0.0181 0.0102 0.1197 0.0167 0.1710 0.6148 0.0000 0.0046 0.0448
191      191   (0)      7  : 0.0260 0.2181 0.0583 0.2530 0.0613 0.0489 0.1178 0.2026 0.0137
192      192   (0)      7  : 0.1438 0.0000 0.0169 0.0509 0.0067 0.3308 0.0112 0.4272 0.0126
193      193   (0)      7  : 0.2114 0.0275 0.0372 0.2468 0.3491 0.0074 0.0499 0.0706 0.0000
194      194   (0)      7  : 0.0230 0.0000 0.0142 0.0000 0.0232 0.0000 0.0000 0.9396 0.0000
195      195   (0)      7  : 0.4281 0.0004 0.0000 0.0340 0.4826 0.0000 0.0177 0.0372 0.0000
196      196   (0)      7  : 0.4431 0.0630 0.0000 0.0920 0.0132 0.0000 0.1702 0.0501 0.1684
197      197   (0)      7  : 0.3368 0.0000 0.0000 0.0001 0.1401 0.0000 0.0611 0.3981 0.0639
198      198   (0)      7  : 0.0000 0.4965 0.0000 0.3558 0.1098 0.0000 0.0000 0.0000 0.0379
199      199   (0)      7  : 0.2035 0.0099 0.0930 0.2227 0.1620 0.2226 0.0380 0.0336 0.0147
200      200   (0)      7  : 0.0712 0.1529 0.1879 0.0070 0.1524 0.0244 0.2240 0.1184 0.0617
201      201   (0)      7  : 0.0685 0.0000 0.0648 0.7442 0.0221 0.0320 0.0141 0.0364 0.0180
202      202   (0)      7  : 0.0169 0.1267 0.0478 0.0971 0.0277 0.0000 0.6839 0.0000 0.0000
203      203   (0)      7  : 0.3092 0.0033 0.0440 0.0601 0.0820 0.0306 0.2525 0.2038 0.0145
