1        1   (0)      1  : 0.0000 0.0000 0.3507 0.0000 0.5780 0.0713 0.0000 0.0000
2        2   (0)      1  : 0.0637 0.0947 0.0677 0.0000 0.1782 0.3458 0.0000 0.2499
3        3   (0)      2  : 0.0000 0.2389 0.2024 0.0302 0.0998 0.2056 0.1744 0.0487
4        4   (0)      2  : 0.0000 0.0000 0.0498 0.0000 0.0000 0.1219 0.8282 0.0000
5        5   (0)      2  : 0.0552 0.1016 0.0385 0.3161 0.0000 0.0960 0.1765 0.2161
6        6   (0)      2  : 0.0000 0.0884 0.0000 0.0000 0.8377 0.0001 0.0738 0.0000
7        7   (0)      2  : 0.9010 0.0000 0.0000 0.0000 0.0990 0.0000 0.0000 0.0000
8        8   (0)      2  : 0.0000 0.0608 0.5385 0.0000 0.0966 0.0000 0.0545 0.2496
9        9   (0)      2  : 0.1438 0.0000 0.0000 0.0000 0.0000 0.0000 0.0000 0.8562
10       10   (0)      2  : 0.4495 0.0352 0.0270 0.0000 0.2065 0.0000 0.2753 0.0065
11       11   (0)      2  : 0.2649 0.1204 0.1701 0.0009 0.1276 0.2196 0.0965 0.0000
12       12   (0)      2  : 0.0075 0.1688 0.2287 0.0000 0.0382 0.1708 0.2432 0.1428
13       13   (0)      2  : 0.0862 0.0383 0.1219 0.0000 0.0000 0.0000 0.6667 0.0869
14       14   (0)      2  : 0.0891 0.0140 0.0581 0.2390 0.0000 0.1079 0.1913 0.3006
15       15   (0)      2  : 0.2058 0.2065 0.2113 0.0019 0.0000 0.0000 0.0851 0.2895
16       16   (0)      2  : 0.1152 0.1958 0.2107 0.1000 0.0000 0.1152 0.1145 0.1485
17       17   (0)      2  : 0.3863 0.1158 0.0396 0.0000 0.1169 0.0741 0.0721 0.1951
18       18   (0)      2  : 0.1647 0.1859 0.2170 0.0745 0.0649 0.0945 0.1490 0.0495
19       19   (0)      2  : 0.1441 0.0000 0.0829 0.0000 0.0000 0.7204 0.0526 0.0000
20       20   (0)      2  : 0.0655 0.3059 0.0577 0.0395 0.0811 0.0000 0.4134 0.0371
21       21   (0)      2  : 0.3600 0.0102 0.0000 0.0000 0.0906 0.4625 0.0767 0.0000
22       22   (0)      2  : 0.0000 0.2639 0.0000 0.4351 0.1650 0.0000 0.1360 0.0000
23       23   (0)      2  : 0.2824 0.0574 0.0000 0.1719 0.0785 0.1065 0.2635 0.0399
24       24   (0)      2  : 0.0841 0.0647 0.0319 0.0494 0.0258 0.7121 0.0320 0.0000
25       25   (0)      2  : 0.1346 0.1168 0.3147 0.1929 0.0027 0.0792 0.0277 0.1314
26       26   (0)      2  : 0.3761 0.4307 0.0730 0.0063 0.0268 0.0000 0.0000 0.0871
27       27   (0)      2  : 0.0000 0.0000 0.0249 0.8703 0.0000 0.0000 0.0000 0.1048
28       28   (0)      2  : 0.0000 0.0000 0.7952 0.0000 0.0000 0.0000 0.1323 0.0726
29       29   (0)      2  : 0.2043 0.0820 0.1313 0.2982 0.0411 0.0330 0.0000 0.2100
30       30   (0)      3  : 0.0000 0.4259 0.3067 0.1228 0.0605 0.0000 0.0842 0.0000
31       31   (0)      3  : 0.2313 0.0485 0.0000 0.2078 0.0008 0.2388 0.0002 0.2726
32       32   (0)      3  : 0.0377 0.0443 0.7513 0.0687 0.0377 0.0000 0.0603 0.0000
33       33   (0)      3  : 0.1732 0.0000 0.2877 0.0496 0.0692 0.0000 0.1219 0.2984
34       34   (0)      3  : 0.1099 0.2242 0.0779 0.2706 0.0785 0.0000 0.0000 0.2390
35       35   (0)      3  : 0.0002 0.0000 0.0000 0.0000 0.1581 0.2654 0.5763 0.0000
36       36   (0)      3  : 0.2279 0.0329 0.0889 0.1671 0.0289 0.0000 0.1405 0.3138
37       37   (0)      3  : 0.1402 0.0231 0.2027 0.0351 0.0000 0.1966 0.1498 0.2524
38       38   (0)      3  : 0.0000 0.0000 0.0000 0.0000 1.0000 0.0000 0.0000 0.0000
39       39   (0)      3  : 0.0000 0.1981 0.0000 0.0000 0.8019 0.0000 0.0000 0.0000
40       40   (0)      3  : 0.0000 0.4999 0.0773 0.0000 0.3856 0.0000 0.0000 0.0373
41       41   (0)      3  : 0.0000 0.0636 0.1848 0.0000 0.0720 0.2499 0.3282 0.1016
42       42   (0)      3  : 0.0000 0.1602 0.0000 0.4098 0.0000 0.4300 0.0000 0.0000
43       43   (0)      3  : 0.0000 0.1270 0.1142 0.0269 0.2286 0.0139 0.2985 0.1909
44       44   (0)      3  : 0.1373 0.1190 0.1933 0.2585 0.0000 0.0000 0.2226 0.0694
45       45   (0)      3  : 0.1003 0.0000 0.2653 0.6345 0.0000 0.0000 0.0000 0.0000
46       46   (0)      3  : 0.0804 0.1570 0.1186 0.0877 0.0271 0.1745 0.2504 0.1043
47       47   (0)      3  : 0.6560 0.0000 0.1094 0.0035 0.0000 0.0000 0.2310 0.0000
48       48   (0)      3  : 0.0000 0.0000 0.1488 0.0000 0.0000 0.1845 0.3779 0.2887
49       49   (0)      3  : 0.0000 0.0000 0.0000 0.6988 0.0000 0.3012 0.0000 0.0000
50       50   (0)      3  : 0.0002 0.0947 0.1416 0.0011 0.1767 0.2907 0.2217 0.0733
51       51   (0)      3  : 0.0909 0.0000 0.0000 0.7893 0.0000 0.0419 0.0000 0.0779
52       52   (0)      3  : 0.0000 0.0000 0.0000 0.1028 0.0000 0.1602 0.7370 0.0000
53       53   (0)      3  : 0.0000 0.0000 0.1184 0.8238 0.0000 0.0000 0.0578 0.0000
54       54   (0)      3  : 0.0135 0.0561 0.1786 0.0335 0.2014 0.0375 0.2964 0.1830
55       55   (0)      3  : 0.0473 0.3106 0.0334 0.0685 0.0624 0.0000 0.2093 0.2686
56       56   (0)      3  : 0.0000 0.0964 0.5540 0.0415 0.0021 0.0000 0.1599 0.1461
57       57   (0)      3  : 0.1521 0.1244 0.0207 0.2167 0.0000 0.1862 0.2350 0.0648
58       58   (0)      3  : 0.0000 0.2087 0.0000 0.0000 0.0000 0.7913 0.0000 0.0000
59       59   (0)      3  : 0.0000 0.3087 0.6913 0.0000 0.0000 0.0000 0.0000 0.0000
60       60   (0)      4  : 0.1434 0.0000 0.1625 0.0000 0.4571 0.1257 0.1110 0.0002
61       61   (0)      4  : 0.0775 0.0000 0.0000 0.2327 0.0059 0.0000 0.1634 0.5205
62       62   (0)      4  : 0.0000 0.0861 0.2646 0.0440 0.0000 0.2444 0.1163 0.2447
63       63   (0)      4  : 0.3020 0.0801 0.0537 0.0000 0.2293 0.0000 0.2457 0.0891
64       64   (0)      4  : 0.1682 0.0000 0.0000 0.0000 0.0000 0.0000 0.0000 0.8318
65       65   (0)      4  : 0.2082 0.1508 0.0855 0.1350 0.0000 0.0910 0.2288 0.1006
66       66   (0)      4  : 0.1138 0.1216 0.5391 0.0618 0.0000 0.0000 0.1637 0.0000
67       67   (0)      4  : 0.0197 0.0000 0.0000 0.7519 0.0926 0.0682 0.0000 0.0677
68       68   (0)      4  : 0.3132 0.1142 0.0000 0.0633 0.0509 0.2764 0.0961 0.0859
69       69   (0)      4  : 0.1295 0.2278 0.1146 0.1180 0.1681 0.1108 0.0446 0.0866
70       70   (0)      4  : 0.2122 0.0000 0.1771 0.0000 0.0000 0.2774 0.3333 0.0000
71       71   (0)      1  : 0.5398 0.0000 0.0000 0.1467 0.0000 0.0611 0.0000 0.2524
72       72   (0)      1  : 0.0000 0.0000 0.0000 0.0000 1.0000 0.0000 0.0000 0.0000
73       73   (0)      1  : 0.0000 0.1168 0.2920 0.2132 0.1667 0.1175 0.0000 0.0937
74       74   (0)      1  : 0.1382 0.1636 0.1183 0.0000 0.0012 0.1676 0.4110 0.0000
75       75   (0)      1  : 0.0392 0.1888 0.0610 0.2442 0.0000 0.0942 0.2059 0.1666
76       76   (0)      1  : 0.2119 0.0000 0.2454 0.0157 0.0000 0.1297 0.2580 0.1394
77       77   (0)      1  : 0.0000 0.2497 0.0000 0.0000 0.3984 0.3519 0.0000 0.0000
78       78   (0)      1  : 0.0459 0.0025 0.0000 0.0149 0.0691 0.6966 0.1114 0.0595
79       79   (0)      1  : 0.3368 0.0000 0.0868 0.2158 0.0000 0.2512 0.1094 0.0000
80       80   (0)      1  : 0.1127 0.0000 0.0000 0.7575 0.0499 0.0000 0.0394 0.0406
81       81   (0)      1  : 0.0000 0.1273 0.1431 0.0000 0.0954 0.2128 0.2952 0.1263
82       82   (0)      1  : 0.0000 0.0000 0.0000 0.0000 0.1875 0.0000 0.8125 0.0000
83       83   (0)      1  : 0.0000 0.3333 0.0000 0.0000 0.3514 0.0000 0.0000 0.3153
84       84   (0)      1  : 0.0000 0.0000 0.0000 0.0000 0.0000 0.3333 0.0000 0.6667
85       85   (0)      1  : 0.2593 0.1490 0.2004 0.0000 0.2764 0.0000 0.0000 0.1150
86       86   (0)      1  : 0.1340 0.3491 0.3333 0.0000 0.0000 0.0000 0.1835 0.0000
87       87   (0)      1  : 0.0000 0.2992 0.1014 0.0000 0.0000 0.1148 0.1171 0.3675
88       88   (0)      1  : 0.3951 0.1374 0.1199 0.0000 0.2185 0.1292 0.0000 0.0000
89       89   (0)      1  : 0.1226 0.2034 0.2427 0.0000 0.3153 0.0000 0.1160 0.0000
90       90   (0)      1  : 0.0000 0.0000 0.0000 0.2319 0.0000 0.0884 0.5626 0.1171
91       91   (0)      1  : 1.0000 0.0000 0.0000 0.0000 0.0000 0.0000 0.0000 0.0000
92       92   (0)      1  : 0.0000 0.2701 0.2429 0.0000 0.0000 0.0000 0.1508 0.3362
93       93   (0)      1  : 0.0001 0.0401 0.4441 0.2833 0.0926 0.0277 0.0434 0.0688
94       94   (0)      1  : 0.4380 0.4273 0.0000 0.0000 0.1347 0.0000 0.0000 0.0000
95       95   (0)      1  : 0.4033 0.1097 0.0000 0.1889 0.1264 0.0000 0.1340 0.0377
96       96   (0)      1  : 0.1609 0.0000 0.0000 0.8391 0.0000 0.0000 0.0000 0.0000
97       97   (0)      1  : 0.1258 0.0367 0.0000 0.0251 0.1713 0.0335 0.2270 0.3808
98       98   (0)      1  : 0.1844 0.1867 0.0390 0.1014 0.3090 0.1119 0.0622 0.0054
99       99   (0)      4  : 0.2544 0.0000 0.2105 0.2845 0.0000 0.0000 0.0000 0.2505
100      100   (0)      4  : 0.0000 0.0868 0.0251 0.1303 0.3932 0.0000 0.3183 0.0464
101      101   (0)      5  : 0.7890 0.0000 0.0000 0.0000 0.1378 0.0000 0.0732 0.0000
102      102   (0)      5  : 0.0000 0.3333 0.0000 0.0000 0.6667 0.0000 0.0000 0.0000
103      103   (0)      5  : 0.0162 0.2175 0.0620 0.1464 0.2071 0.1242 0.2178 0.0087
104      104   (0)      5  : 0.0082 0.0368 0.2698 0.2119 0.0629 0.2033 0.0750 0.1322
105      105   (0)      5  : 0.3941 0.0000 0.0000 0.4202 0.0879 0.0000 0.0000 0.0978
106      106   (0)      4  : 0.0000 0.8500 0.0000 0.0000 0.0000 0.1500 0.0000 0.0000
107      107   (0)      4  : 0.2600 0.0000 0.0931 0.0000 0.0000 0.1322 0.2245 0.2903
108      108   (0)      4  : 0.0000 0.0645 0.0000 0.2637 0.3361 0.2658 0.0510 0.0190
109      109   (0)      4  : 0.1794 0.0848 0.1961 0.2550 0.0675 0.0216 0.1113 0.0843
110      110   (0)      4  : 0.0000 0.1144 0.4840 0.0549 0.2293 0.0000 0.0616 0.0558
111      111   (0)      5  : 0.0949 0.0269 0.1380 0.6305 0.0000 0.0774 0.0000 0.0323
112      112   (0)      5  : 0.3080 0.1567 0.2047 0.0000 0.0000 0.1287 0.0000 0.2019
113      113   (0)      5  : 0.2969 0.0000 0.0707 0.1621 0.0259 0.0411 0.2747 0.1286
114      114   (0)      5  : 0.0000 0.2083 0.0000 0.0000 0.0000 0.0000 0.0000 0.7917
115      115   (0)      5  : 0.0000 0.8365 0.0000 0.0280 0.0433 0.0922 0.0000 0.0000
116      116   (0)      5  : 0.0378 0.1411 0.3045 0.1682 0.0537 0.0359 0.0495 0.2094
117      117   (0)      4  : 0.2304 0.0000 0.3333 0.0000 0.0000 0.0000 0.1367 0.2996
118      118   (0)      4  : 0.0000 0.3063 0.2924 0.0706 0.1834 0.0489 0.0000 0.0984
119      119   (0)      4  : 0.3949 0.0000 0.0000 0.2328 0.0588 0.0488 0.0000 0.2647
120      120   (0)      4  : 0.0330 0.0248 0.0813 0.1879 0.1217 0.3110 0.2139 0.0264
121      121   (0)      4  : 0.0620 0.0231 0.7082 0.0552 0.0000 0.0000 0.1051 0.0466
122      122   (0)      4  : 0.1452 0.6667 0.1292 0.0000 0.0000 0.0589 0.0000 0.0000
123      123   (0)      4  : 0.2007 0.1503 0.0000 0.1521 0.3592 0.0908 0.0468 0.0000
124      124   (0)      4  : 0.3633 0.0878 0.0000 0.0149 0.0000 0.0120 0.1267 0.3953
125      125   (0)      5  : 0.2262 0.0112 0.0807 0.0682 0.1832 0.0683 0.0789 0.2834
126      126   (0)      5  : 0.0000 0.0000 0.0000 0.1159 0.0315 0.0827 0.7699 0.0000
127      127   (0)      5  : 0.0000 0.0000 0.0000 0.0000 0.2131 0.6528 0.1342 0.0000
128      128   (0)      5  : 0.1623 0.2752 0.1302 0.0004 0.0156 0.2328 0.0916 0.0919
129      129   (0)      5  : 0.0955 0.0000 0.2713 0.1712 0.0000 0.1043 0.2501 0.1077
130      130   (0)      5  : 0.0000 0.2901 0.0000 0.0000 0.0000 0.1966 0.3766 0.1368
131      131   (0)      5  : 0.0000 0.2373 0.2889 0.1404 0.3333 0.0000 0.0000 0.0000
132      132   (0)      5  : 0.0213 0.2943 0.0631 0.0000 0.0000 0.0604 0.0000 0.5608
133      133   (0)      5  : 0.0000 0.0000 0.7498 0.0000 0.0000 0.1254 0.0975 0.0274
134      134   (0)      5  : 0.2819 0.2710 0.0000 0.0650 0.0849 0.0779 0.0000 0.2193
135      135   (0)      5  : 0.0000 0.1200 0.1913 0.2108 0.1999 0.1602 0.1178 0.0000
136      136   (0)      5  : 0.0000 0.2601 0.3134 0.0800 0.1998 0.1460 0.0000 0.0007
137      137   (0)      5  : 0.0000 0.0000 0.1062 0.2040 0.0000 0.0000 0.2494 0.4404
138      138   (0)      5  : 0.3037 0.0917 0.0000 0.1611 0.2099 0.0644 0.1691 0.0000
139      139   (0)      5  : 0.0000 0.0000 0.2967 0.0000 0.0000 0.3699 0.3333 0.0000
140      140   (0)      5  : 0.0000 0.4280 0.2487 0.0000 0.0000 0.3233 0.0000 0.0000
141      141   (0)      5  : 0.0000 0.1158 0.0000 0.2323 0.6519 0.0000 0.0000 0.0000
142      142   (0)      5  : 0.0000 0.4207 0.2459 0.0000 0.0000 0.3333 0.0000 0.0000
143      143   (0)      5  : 0.0000 0.3333 0.0000 0.0000 0.1520 0.0716 0.2493 0.1938
144      144   (0)      6  : 0.0805 0.0955 0.0476 0.1701 0.0921 0.2284 0.0721 0.2136
145      145   (0)      6  : 0.0000 0.0000 0.0000 0.0000 0.0000 1.0000 0.0000 0.0000
146      146   (0)      6  : 0.2019 0.1184 0.0737 0.1574 0.0374 0.1608 0.1235 0.1268
147      147   (0)      6  : 0.0000 0.5657 0.0000 0.1357 0.1574 0.0000 0.1412 0.0000
148      148   (0)      6  : 0.0000 0.0000 0.2383 0.2201 0.0294 0.1884 0.2825 0.0413
149      149   (0)      6  : 0.0000 0.0934 0.0000 0.3750 0.1063 0.1319 0.0000 0.2933
150      150   (0)      6  : 0.0000 0.3651 0.0899 0.0000 0.1034 0.0000 0.4417 0.0000
151      151   (0)      6  : 0.0000 0.1646 0.5476 0.1364 0.0458 0.0000 0.1055 0.0000
152      152   (0)      6  : 0.3305 0.0000 0.1261 0.0000 0.0001 0.1166 0.2255 0.2012
153      153   (0)      6  : 0.0000 0.3050 0.4884 0.0924 0.0000 0.1142 0.0000 0.0000
154      154   (0)      6  : 0.1545 0.0425 0.1932 0.0000 0.0003 0.1316 0.3313 0.1467
155      155   (0)      6  : 0.0000 0.1002 0.0915 0.2888 0.0989 0.4205 0.0000 0.0000
156      156   (0)      6  : 0.0000 0.0625 0.0000 0.0000 0.0767 0.4093 0.4119 0.0397
157      157   (0)      6  : 0.3580 0.0123 0.1659 0.2524 0.0000 0.0224 0.0539 0.1350
158      158   (0)      6  : 0.1331 0.0427 0.1539 0.1680 0.3908 0.0005 0.0661 0.0450
159      159   (0)      6  : 0.0992 0.0606 0.0833 0.2806 0.0272 0.0877 0.1754 0.1861
160      160   (0)      6  : 0.3333 0.0000 0.6667 0.0000 0.0000 0.0000 0.0000 0.0000
161      161   (0)      6  : 0.1567 0.0334 0.0896 0.1411 0.0690 0.1465 0.0812 0.2826
162      162   (0)      6  : 0.0000 0.0586 0.0366 0.0000 0.0000 0.0000 0.8404 0.0644
163      163   (0)      6  : 0.0814 0.1984 0.2248 0.0267 0.3994 0.0693 0.0000 0.0000
164      164   (0)      6  : 0.0000 0.1287 0.2735 0.1003 0.2140 0.0411 0.2424 0.0000
165      165   (0)      6  : 0.2021 0.0000 0.1816 0.0128 0.4756 0.0000 0.1279 0.0000
166      166   (0)      6  : 0.1956 0.0482 0.0494 0.4146 0.0000 0.0000 0.2922 0.0000
167      167   (0)      6  : 0.0000 0.1989 0.1532 0.2400 0.0451 0.0000 0.1098 0.2531
168      168   (0)      6  : 0.0000 0.2178 0.3333 0.0000 0.0000 0.1214 0.0000 0.3274
169      169   (0)      6  : 0.1609 0.0000 0.0000 0.0392 0.1617 0.4824 0.0000 0.1557
170      170   (0)      6  : 0.0000 0.1929 0.2600 0.5471 0.0000 0.0000 0.0000 0.0000
171      171   (0)      6  : 0.1113 0.0000 0.1678 0.0000 0.1234 0.2272 0.3703 0.0000
172      172   (0)      4  : 0.0000 0.6667 0.0000 0.0000 0.1047 0.1159 0.1128 0.0000
173      173   (0)      4  : 0.4217 0.0000 0.1000 0.0000 0.0000 0.1616 0.3167 0.0000
174      174   (0)      7  : 0.1409 0.1192 0.2913 0.1971 0.0000 0.0000 0.1341 0.1175
175      175   (0)      7  : 1.0000 0.0000 0.0000 0.0000 0.0000 0.0000 0.0000 0.0000
176      176   (0)      7  : 0.0352 0.0948 0.1427 0.0000 0.1546 0.0655 0.2645 0.2428
177      177   (0)      7  : 0.3955 0.0418 0.0000 0.0435 0.0837 0.1357 0.0000 0.2998
178      178   (0)      7  : 0.4139 0.0000 0.0000 0.1163 0.0000 0.1582 0.3116 0.0000
179      179   (0)      7  : 0.0700 0.2278 0.0892 0.0000 0.0154 0.2154 0.3822 0.0000
180      180   (0)      7  : 0.0000 0.1853 0.2674 0.3713 0.0287 0.0000 0.0000 0.1473
181      181   (0)      7  : 0.0000 0.0000 0.0000 0.0808 0.0000 0.5902 0.0000 0.3289
182      182   (0)      7  : 0.2780 0.0000 0.1991 0.0393 0.1836 0.0820 0.0005 0.2175
183      183   (0)      7  : 0.0764 0.1037 0.0000 0.0000 0.1068 0.2831 0.0924 0.3376
184      184   (0)      7  : 0.0564 0.0754 0.3707 0.0596 0.0295 0.0133 0.2537 0.1414
185      185   (0)      7  : 0.2307 0.0000 0.3545 0.0743 0.0581 0.0000 0.2259 0.0566
186      186   (0)      7  : 0.0835 0.0000 0.0701 0.0563 0.0000 0.3031 0.4700 0.0170
187      187   (0)      7  : 0.0699 0.1628 0.3830 0.0000 0.3654 0.0000 0.0188 0.0000
188      188   (0)      7  : 0.0000 0.0472 0.0546 0.1912 0.0034 0.0477 0.2147 0.4412
189      189   (0)      7  : 0.0000 0.0000 0.0000 0.0000 0.0000 0.0000 0.4117 0.5883
190      190   (0)      7  : 0.1198 0.3821 0.2846 0.2135 0.0000 0.0000 0.0000 0.0000
191      191   (0)      7  : 0.1813 0.1460 0.0054 0.0536 0.1514 0.3353 0.1271 0.0000
192      192   (0)      7  : 0.0000 0.3952 0.0000 0.3029 0.0000 0.3018 0.0000 0.0000
193      193   (0)      7  : 0.3281 0.0000 0.0524 0.0000 0.1116 0.0000 0.0463 0.4615
194      194   (0)      7  : 0.0000 0.5717 0.0000 0.0000 0.2330 0.0000 0.1953 0.0000
195      195   (0)      7  : 0.6667 0.0000 0.0000 0.0000 0.0000 0.0000 0.0000 0.3333
196      196   (0)      7  : 0.4499 0.0274 0.0000 0.0000 0.0000 0.3463 0.0898 0.0867
197      197   (0)      7  : 0.0511 0.0750 0.0000 0.0000 0.0000 0.0585 0.0000 0.8154
198      198   (0)      7  : 0.2529 0.0000 0.0636 0.2197 0.1599 0.0000 0.0950 0.2088
199      199   (0)      7  : 0.1677 0.2073 0.0000 0.0974 0.2841 0.0157 0.1321 0.0956
200      200   (0)      7  : 0.0095 0.1706 0.2687 0.0117 0.2015 0.0000 0.1652 0.1728
201      201   (0)      7  : 0.4347 0.0000 0.0000 0.0000 0.0000 0.0000 0.0000 0.5653
202      202   (0)      7  : 0.8117 0.0000 0.0000 0.0000 0.0000 0.0000 0.1883 0.0000
203      203   (0)      7  : 0.3333 0.0000 0.0000 0.0001 0.0000 0.1284 0.2765 0.2618
