1        1   (0)      1  : 0.4441 0.0000 0.0575 0.0000 0.4984 0.0000 0.0000 0.0000 0.0000
2        2   (0)      1  : 0.1778 0.0000 0.0591 0.0000 0.7631 0.0000 0.0000 0.0000 0.0000
3        3   (0)      1  : 0.0000 0.0000 1.0000 0.0000 0.0000 0.0000 0.0000 0.0000 0.0000
4        4   (0)      1  : 0.0000 0.0000 0.0183 0.0000 0.9817 0.0000 0.0000 0.0000 0.0000
5        5   (0)      1  : 0.2196 0.0000 0.0000 0.0000 0.6231 0.0000 0.1573 0.0000 0.0000
6        6   (0)      1  : 0.4801 0.0000 0.1976 0.0000 0.3223 0.0000 0.0000 0.0000 0.0000
7        7   (0)      1  : 0.3518 0.0000 0.0000 0.0000 0.5451 0.0000 0.1030 0.0000 0.0000
8        8   (0)      1  : 0.0000 0.0000 0.0000 0.0000 1.0000 0.0000 0.0000 0.0000 0.0000
9        9   (0)      1  : 0.0000 0.0000 1.0000 0.0000 0.0000 0.0000 0.0000 0.0000 0.0000
10       10   (0)      1  : 1.0000 0.0000 0.0000 0.0000 0.0000 0.0000 0.0000 0.0000 0.0000
11       11   (0)      1  : 0.5346 0.0000 0.0000 0.0000 0.4654 0.0000 0.0000 0.0000 0.0000
12       12   (0)      1  : 0.5982 0.0000 0.0000 0.0000 0.4018 0.0000 0.0000 0.0000 0.0000
13       13   (0)      1  : 0.3073 0.0000 0.0379 0.0000 0.6245 0.0000 0.0304 0.0000 0.0000
14       14   (0)      1  : 0.2559 0.0000 0.0000 0.0000 0.5650 0.0000 0.1791 0.0000 0.0000
15       15   (0)      2  : 0.0000 0.0000 0.0000 0.0000 1.0000 0.0000 0.0000 0.0000 0.0000
16       16   (0)      2  : 0.0000 0.1393 0.0000 0.2802 0.0000 0.0554 0.0000 0.0000 0.5251
17       17   (0)      2  : 0.0000 0.0000 0.0000 0.0000 0.0000 0.0000 0.0000 1.0000 0.0000
18       18   (0)      2  : 0.0000 1.0000 0.0000 0.0000 0.0000 0.0000 0.0000 0.0000 0.0000
19       19   (0)      2  : 0.0000 0.0000 0.0000 0.3018 0.0000 0.0081 0.0000 0.6901 0.0000
20       20   (0)      2  : 0.0000 0.1794 0.0000 0.3091 0.0000 0.0442 0.0000 0.2415 0.2258
21       21   (0)      2  : 0.0000 0.0000 0.0000 0.0000 0.0000 0.0000 0.0000 0.0000 1.0000
22       22   (0)      2  : 0.0000 1.0000 0.0000 0.0000 0.0000 0.0000 0.0000 0.0000 0.0000
23       23   (0)      1  : 0.0646 0.0000 0.0038 0.0000 0.7623 0.0246 0.1447 0.0000 0.0000
24       24   (0)      1  : 0.0000 0.0000 0.0000 0.0000 0.0000 0.0000 1.0000 0.0000 0.0000
25       25   (0)      1  : 0.0000 0.0000 1.0000 0.0000 0.0000 0.0000 0.0000 0.0000 0.0000
26       26   (0)      1  : 0.1513 0.0000 0.0001 0.0000 0.8486 0.0000 0.0000 0.0000 0.0000
27       27   (0)      2  : 0.0000 0.0000 0.0000 0.0000 0.0000 1.0000 0.0000 0.0000 0.0000
28       28   (0)      2  : 0.0000 0.3081 0.0000 0.0000 0.0000 0.0000 0.0000 0.0000 0.6919
29       29   (0)      2  : 0.0000 0.0000 0.0000 0.0000 0.0000 0.0000 0.0000 1.0000 0.0000
30       30   (0)      2  : 0.0000 1.0000 0.0000 0.0000 0.0000 0.0000 0.0000 0.0000 0.0000
31       31   (0)      2  : 0.0000 0.0000 0.0000 1.0000 0.0000 0.0000 0.0000 0.0000 0.0000
32       32   (0)      2  : 0.0000 0.2500 0.1409 0.0944 0.0000 0.0111 0.0000 0.3175 0.1861
33       33   (0)      2  : 0.0000 0.2526 0.0000 0.0000 0.0000 0.0587 0.0000 0.4937 0.1950
34       34   (0)      1  : 0.0000 0.0000 0.0000 0.0000 0.6569 0.0000 0.3431 0.0000 0.0000
35       35   (0)      2  : 0.0000 0.0000 0.0000 0.0000 0.0000 0.0000 0.0000 1.0000 0.0000
36       36   (0)      2  : 0.0000 0.0000 0.0000 1.0000 0.0000 0.0000 0.0000 0.0000 0.0000
37       37   (0)      2  : 0.0000 0.4501 0.0000 0.0000 0.0000 0.0569 0.0000 0.1987 0.2942
38       38   (0)      2  : 0.0000 0.0000 0.0000 0.0000 0.0000 0.0000 0.0000 1.0000 0.0000
39       39   (0)      2  : 0.0000 0.0000 0.0000 0.0000 0.7495 0.0000 0.2505 0.0000 0.0000
40       40   (0)      2  : 0.4111 0.0000 0.0000 0.0000 0.5015 0.0000 0.0874 0.0000 0.0000
41       41   (0)      2  : 0.5820 0.0000 0.0000 0.0000 0.4180 0.0000 0.0000 0.0000 0.0000
42       42   (0)      2  : 0.4934 0.0000 0.0000 0.0000 0.5066 0.0000 0.0000 0.0000 0.0000
43       43   (0)      2  : 0.3323 0.0000 0.0000 0.0000 0.5148 0.0000 0.1529 0.0000 0.0000
44       44   (0)      2  : 0.0000 0.2206 0.0000 0.0000 0.0000 0.0000 0.0000 0.0000 0.7794
45       45   (0)      2  : 0.0000 0.0000 0.0000 0.0000 0.0000 0.0000 0.0000 0.0000 1.0000
46       46   (0)      2  : 0.0000 0.0000 0.0000 0.0000 0.0000 0.0000 0.0000 0.0000 1.0000
47       47   (0)      2  : 0.2043 0.0000 0.0000 0.0000 0.5328 0.0000 0.2628 0.0000 0.0000
48       48   (0)      2  : 0.0000 0.3721 0.0000 0.0000 0.0000 0.0001 0.0000 0.3697 0.2581
49       49   (0)      1  : 0.2792 0.0000 0.0062 0.0000 0.4409 0.0000 0.2737 0.0000 0.0000
50       50   (0)      1  : 0.2585 0.0000 0.0000 0.0000 0.7415 0.0000 0.0000 0.0000 0.0000
51       51   (0)      1  : 0.3057 0.0000 0.0000 0.0000 0.6651 0.0000 0.0292 0.0000 0.0000
52       52   (0)      1  : 0.4529 0.0000 0.0000 0.0000 0.4277 0.0000 0.1194 0.0000 0.0000
53       53   (0)      1  : 0.5840 0.0000 0.0202 0.0000 0.0000 0.0000 0.3958 0.0000 0.0000
54       54   (0)      1  : 0.5371 0.0000 0.0000 0.0000 0.4629 0.0000 0.0000 0.0000 0.0000
55       55   (0)      1  : 0.0000 0.0000 0.0030 0.0000 0.9970 0.0000 0.0000 0.0000 0.0000
56       56   (0)      3  : 0.0000 0.0000 0.0000 0.5145 0.0000 0.1283 0.0000 0.3571 0.0000
57       57   (0)      3  : 0.0000 1.0000 0.0000 0.0000 0.0000 0.0000 0.0000 0.0000 0.0000
58       58   (0)      3  : 0.0000 1.0000 0.0000 0.0000 0.0000 0.0000 0.0000 0.0000 0.0000
59       59   (0)      3  : 0.0000 0.0000 0.0000 1.0000 0.0000 0.0000 0.0000 0.0000 0.0000
60       60   (0)      3  : 0.0000 0.0000 0.0000 0.0000 0.0000 0.0486 0.0000 0.3870 0.5644
61       61   (0)      3  : 0.0000 1.0000 0.0000 0.0000 0.0000 0.0000 0.0000 0.0000 0.0000
62       62   (0)      3  : 0.0000 0.5192 0.0000 0.0000 0.0000 0.0000 0.0000 0.4808 0.0000
63       63   (0)      4  : 0.0000 0.0000 1.0000 0.0000 0.0000 0.0000 0.0000 0.0000 0.0000
64       64   (0)      4  : 0.3715 0.0000 0.0000 0.0000 0.6285 0.0000 0.0000 0.0000 0.0000
65       65   (0)      4  : 1.0000 0.0000 0.0000 0.0000 0.0000 0.0000 0.0000 0.0000 0.0000
66       66   (0)      3  : 0.0000 0.0000 0.0000 0.2975 0.0000 0.0000 0.0000 0.0000 0.7025
67       67   (0)      3  : 0.0000 0.0000 0.0000 0.2498 0.0000 0.0271 0.0000 0.2563 0.4668
68       68   (0)      3  : 0.0000 0.0000 0.0000 0.0000 0.0000 1.0000 0.0000 0.0000 0.0000
69       69   (0)      3  : 0.0000 0.0000 0.0000 0.4796 0.0000 0.0813 0.0000 0.4391 0.0000
70       70   (0)      3  : 0.0000 0.0000 0.0000 1.0000 0.0000 0.0000 0.0000 0.0000 0.0000
71       71   (0)      3  : 0.0000 0.5091 0.0000 0.0000 0.0000 0.0483 0.0000 0.4426 0.0000
72       72   (0)      4  : 0.4229 0.0000 0.0240 0.0256 0.5275 0.0000 0.0000 0.0000 0.0000
73       73   (0)      4  : 0.3385 0.0000 0.0000 0.0721 0.4886 0.0000 0.1008 0.0000 0.0000
74       74   (0)      4  : 0.2924 0.0000 0.0000 0.0000 0.7076 0.0000 0.0000 0.0000 0.0000
75       75   (0)      4  : 1.0000 0.0000 0.0000 0.0000 0.0000 0.0000 0.0000 0.0000 0.0000
76       76   (0)      4  : 0.0000 0.0000 0.0000 0.0000 1.0000 0.0000 0.0000 0.0000 0.0000
77       77   (0)      4  : 0.2665 0.0000 0.0000 0.0000 0.4895 0.0000 0.2440 0.0000 0.0000
78       78   (0)      4  : 0.0000 0.0000 0.0000 0.0000 1.0000 0.0000 0.0000 0.0000 0.0000
79       79   (0)      3  : 1.0000 0.0000 0.0000 0.0000 0.0000 0.0000 0.0000 0.0000 0.0000
80       80   (0)      3  : 0.0000 0.0000 0.0000 0.5356 0.0000 0.0000 0.0000 0.4644 0.0000
81       81   (0)      3  : 0.0000 0.3701 0.0000 0.2330 0.0000 0.0000 0.0000 0.1783 0.2186
82       82   (0)      3  : 0.0000 0.0000 0.0000 0.0000 0.0000 0.0000 0.0000 1.0000 0.0000
83       83   (0)      3  : 0.0000 0.0000 0.0000 0.0000 1.0000 0.0000 0.0000 0.0000 0.0000
84       84   (0)      3  : 0.0000 0.0000 0.0000 0.0000 0.0000 0.0000 1.0000 0.0000 0.0000
85       85   (0)      3  : 0.0000 0.0000 0.0000 1.0000 0.0000 0.0000 0.0000 0.0000 0.0000
86       86   (0)      3  : 0.0000 0.0000 0.0000 0.0000 0.0000 0.0000 0.0000 0.0000 1.0000
87       87   (0)      3  : 0.0000 0.3737 0.0000 0.1923 0.0000 0.0204 0.0627 0.1641 0.1867
88       88   (0)      3  : 0.0000 0.0000 0.0000 0.1844 0.0000 0.0000 0.0000 0.3007 0.5149
89       89   (0)      4  : 0.6678 0.0000 0.0124 0.0000 0.0000 0.0000 0.3198 0.0000 0.0000
90       90   (0)      3  : 0.0000 0.1667 0.0000 0.4482 0.0000 0.0000 0.0000 0.3852 0.0000
91       91   (0)      3  : 0.0000 0.0000 0.0000 0.0000 0.0000 0.0000 0.0000 0.0000 1.0000
92       92   (0)      3  : 0.0000 0.0000 0.0000 0.0000 0.0000 0.2722 0.0000 0.0000 0.7278
93       93   (0)      3  : 0.0000 0.0000 0.0000 0.5613 0.0000 0.0000 0.0000 0.4387 0.0000
94       94   (0)      3  : 0.1953 0.2356 0.0000 0.1440 0.0000 0.0000 0.0000 0.0464 0.3787
95       95   (0)      4  : 0.4734 0.0000 0.0095 0.0000 0.3956 0.0000 0.0000 0.0000 0.1215
96       96   (0)      4  : 0.3059 0.0000 0.0000 0.0000 0.6941 0.0000 0.0000 0.0000 0.0000
97       97   (0)      4  : 0.2450 0.0000 0.0000 0.0000 0.7550 0.0000 0.0000 0.0000 0.0000
98       98   (0)      4  : 0.3650 0.0000 0.0543 0.0309 0.2951 0.0000 0.2546 0.0000 0.0000
99       99   (0)      4  : 0.4448 0.0000 0.0370 0.0000 0.3038 0.0000 0.2144 0.0000 0.0000
100      100   (0)      4  : 0.3410 0.0000 0.0000 0.0000 0.3061 0.0000 0.3529 0.0000 0.0000
101      101   (0)      4  : 1.0000 0.0000 0.0000 0.0000 0.0000 0.0000 0.0000 0.0000 0.0000
102      102   (0)      4  : 0.0000 0.0000 0.0000 0.0000 1.0000 0.0000 0.0000 0.0000 0.0000
103      103   (0)      4  : 0.0000 0.0000 1.0000 0.0000 0.0000 0.0000 0.0000 0.0000 0.0000
104      104   (0)      4  : 0.3010 0.0000 0.0626 0.0000 0.6364 0.0000 0.0000 0.0000 0.0000
105      105   (0)      4  : 0.0000 0.0000 0.0138 0.0000 0.9862 0.0000 0.0000 0.0000 0.0000
106      106   (0)      4  : 1.0000 0.0000 0.0000 0.0000 0.0000 0.0000 0.0000 0.0000 0.0000
107      107   (0)      4  : 0.0003 0.0000 0.0752 0.0000 0.6330 0.0000 0.2916 0.0000 0.0000
108      108   (0)      4  : 0.0000 0.0000 0.0000 0.0000 0.0000 0.0000 1.0000 0.0000 0.0000
109      109   (0)      4  : 1.0000 0.0000 0.0000 0.0000 0.0000 0.0000 0.0000 0.0000 0.0000
110      110   (0)      4  : 0.1767 0.0000 0.1031 0.0000 0.4353 0.0000 0.2850 0.0000 0.0000
111      111   (0)      4  : 0.0000 0.0000 1.0000 0.0000 0.0000 0.0000 0.0000 0.0000 0.0000
112      112   (0)      4  : 0.0000 0.0000 1.0000 0.0000 0.0000 0.0000 0.0000 0.0000 0.0000
113      113   (0)      4  : 0.0000 0.0859 0.0000 0.4278 0.0000 0.0082 0.0000 0.1902 0.2878
114      114   (0)      4  : 0.3552 0.0000 0.0000 0.0000 0.6448 0.0000 0.0000 0.0000 0.0000
115      115   (0)      4  : 0.2612 0.0000 0.0000 0.0000 0.7388 0.0000 0.0000 0.0000 0.0000
116      116   (0)      4  : 0.3287 0.0000 0.0000 0.0000 0.4494 0.0000 0.2219 0.0000 0.0000
