Wed Oct  2 00:30:46 2024: Job 1727800242 started running.
Wed Oct  2 00:30:46 2024: Job Parameters:
Wed Oct  2 00:30:46 2024: Input file: 1727800242.zip
Wed Oct  2 00:30:46 2024: Input type: ADMIXTURE
Wed Oct  2 00:30:46 2024: Admixture populations file: 1727800242.pop.admixlabel
Wed Oct  2 00:30:46 2024: CLUMPP repeats: 2000
Wed Oct  2 00:30:46 2024: CLUMPP search method: LargeKGreedy 
Wed Oct  2 00:30:46 2024: MCL cluster size threshold: 0.1 (default)
Wed Oct  2 00:30:46 2024: Extracting file: "1727800242.zip".
Wed Oct  2 00:30:47 2024: Sorting input files by K
Wed Oct  2 00:30:47 2024: Working on K=1
Wed Oct  2 00:30:47 2024: Executing CLUMPP for K=1.
Wed Oct  2 00:30:47 2024: Clustering K=1 with mcl.
Wed Oct  2 00:30:47 2024: no cutoff was used
Wed Oct  2 00:30:47 2024: Executing CLUMPP for major cluster.
Wed Oct  2 00:30:47 2024: Working on K=2
Wed Oct  2 00:30:47 2024: Executing CLUMPP for K=2.
Wed Oct  2 00:30:51 2024: Clustering K=2 with mcl.
Wed Oct  2 00:30:51 2024: cutoff used: 0.72
Wed Oct  2 00:30:51 2024: Executing CLUMPP for major cluster.
Wed Oct  2 00:30:51 2024: Executing CLUMPP for minor clusters.
Wed Oct  2 00:30:52 2024: Working on K=3
Wed Oct  2 00:30:52 2024: Executing CLUMPP for K=3.
Wed Oct  2 00:30:59 2024: Clustering K=3 with mcl.
Wed Oct  2 00:30:59 2024: cutoff used: 0.67
Wed Oct  2 00:30:59 2024: Executing CLUMPP for major cluster.
Wed Oct  2 00:31:03 2024: Executing CLUMPP for minor clusters.
Wed Oct  2 00:31:04 2024: Working on K=4
Wed Oct  2 00:31:04 2024: Executing CLUMPP for K=4.
Wed Oct  2 00:31:16 2024: Clustering K=4 with mcl.
Wed Oct  2 00:31:16 2024: cutoff used: 0.64
Wed Oct  2 00:31:16 2024: Executing CLUMPP for major cluster.
Wed Oct  2 00:31:21 2024: Executing CLUMPP for minor clusters.
Wed Oct  2 00:31:22 2024: Working on K=5
Wed Oct  2 00:31:22 2024: Executing CLUMPP for K=5.
Wed Oct  2 00:31:42 2024: Clustering K=5 with mcl.
Wed Oct  2 00:31:42 2024: cutoff used: 0.58
Wed Oct  2 00:31:42 2024: Executing CLUMPP for major cluster.
Wed Oct  2 00:31:48 2024: Executing CLUMPP for minor clusters.
Wed Oct  2 00:31:49 2024: Working on K=6
Wed Oct  2 00:31:49 2024: Executing CLUMPP for K=6.
Wed Oct  2 00:32:16 2024: Clustering K=6 with mcl.
Wed Oct  2 00:32:16 2024: cutoff used: 0.56
Wed Oct  2 00:32:16 2024: Executing CLUMPP for major cluster.
Wed Oct  2 00:32:26 2024: Executing CLUMPP for minor clusters.
Wed Oct  2 00:32:28 2024: Working on K=7
Wed Oct  2 00:32:28 2024: Executing CLUMPP for K=7.
Wed Oct  2 00:32:59 2024: Clustering K=7 with mcl.
Wed Oct  2 00:32:59 2024: cutoff used: 0.53
Wed Oct  2 00:32:59 2024: Executing CLUMPP for major cluster.
Wed Oct  2 00:33:08 2024: Executing CLUMPP for minor clusters.
Wed Oct  2 00:33:11 2024: Working on K=8
Wed Oct  2 00:33:11 2024: Executing CLUMPP for K=8.
Wed Oct  2 00:33:42 2024: Clustering K=8 with mcl.
Wed Oct  2 00:33:42 2024: cutoff used: 0.50
Wed Oct  2 00:33:42 2024: Executing CLUMPP for major cluster.
Wed Oct  2 00:33:57 2024: Executing CLUMPP for minor clusters.
Wed Oct  2 00:33:58 2024: Working on K=9
Wed Oct  2 00:33:58 2024: Executing CLUMPP for K=9.
Wed Oct  2 00:34:37 2024: Clustering K=9 with mcl.
Wed Oct  2 00:34:37 2024: cutoff used: 0.50
Wed Oct  2 00:34:37 2024: Executing CLUMPP for major cluster.
Wed Oct  2 00:34:46 2024: Executing CLUMPP for minor clusters.
Wed Oct  2 00:34:47 2024: Working on K=10
Wed Oct  2 00:34:47 2024: Executing CLUMPP for K=10.
Wed Oct  2 00:35:34 2024: Clustering K=10 with mcl.
Wed Oct  2 00:35:34 2024: cutoff used: 0.50
Wed Oct  2 00:35:34 2024: Executing CLUMPP for major cluster.
Wed Oct  2 00:35:41 2024: Executing CLUMPP for minor clusters.
Wed Oct  2 00:35:42 2024: Calling distruct for K=1.MajorCluster
Wed Oct  2 00:35:42 2024: Calculating best Average Distance between K=1 and K=2..
Wed Oct  2 00:35:42 2024: Calling distruct for K=2.MajorCluster
Wed Oct  2 00:35:42 2024: Calculating best Average Distance between K=2 and K=3..
Wed Oct  2 00:35:42 2024: Calling distruct for K=3.MajorCluster
Wed Oct  2 00:35:42 2024: Calculating best Average Distance between K=3 and K=4..
Wed Oct  2 00:35:43 2024: Calling distruct for K=4.MajorCluster
Wed Oct  2 00:35:43 2024: Calculating best Average Distance between K=4 and K=5..
Wed Oct  2 00:35:43 2024: Calling distruct for K=5.MajorCluster
Wed Oct  2 00:35:43 2024: Calculating best Average Distance between K=5 and K=6..
Wed Oct  2 00:35:44 2024: Calling distruct for K=6.MajorCluster
Wed Oct  2 00:35:44 2024: Calculating best Average Distance between K=6 and K=7..
Wed Oct  2 00:35:51 2024: Calling distruct for K=7.MajorCluster
Wed Oct  2 00:35:51 2024: Calculating best Average Distance between K=7 and K=8..
Wed Oct  2 00:36:51 2024: Calling distruct for K=8.MajorCluster
Wed Oct  2 00:36:51 2024: Calculating best Average Distance between K=8 and K=9..
Wed Oct  2 00:36:51 2024: Calling distruct for K=9.MajorCluster
Wed Oct  2 00:36:51 2024: Calculating best Average Distance between K=9 and K=10..
Wed Oct  2 00:36:51 2024: Calling distruct for K=10.MajorCluster
Wed Oct  2 00:36:52 2024: Calculating best Average Distance between large cluster and K=2.MinorCluster1..
Wed Oct  2 00:36:52 2024: Calling distruct for K=2.MinorCluster1
Wed Oct  2 00:36:52 2024: Calculating best Average Distance between large cluster and K=2.MinorCluster2..
Wed Oct  2 00:36:52 2024: Calling distruct for K=2.MinorCluster2
Wed Oct  2 00:36:52 2024: Calculating best Average Distance between large cluster and K=2.MinorCluster3..
Wed Oct  2 00:36:52 2024: Calling distruct for K=2.MinorCluster3
Wed Oct  2 00:36:52 2024: Calculating best Average Distance between large cluster and K=3.MinorCluster1..
Wed Oct  2 00:36:52 2024: Calling distruct for K=3.MinorCluster1
Wed Oct  2 00:36:53 2024: Calculating best Average Distance between large cluster and K=3.MinorCluster2..
Wed Oct  2 00:36:53 2024: Calling distruct for K=3.MinorCluster2
Wed Oct  2 00:36:53 2024: Calculating best Average Distance between large cluster and K=4.MinorCluster1..
Wed Oct  2 00:36:53 2024: Calling distruct for K=4.MinorCluster1
Wed Oct  2 00:36:53 2024: Calculating best Average Distance between large cluster and K=5.MinorCluster1..
Wed Oct  2 00:36:53 2024: Calling distruct for K=5.MinorCluster1
Wed Oct  2 00:36:54 2024: Calculating best Average Distance between large cluster and K=5.MinorCluster2..
Wed Oct  2 00:36:54 2024: Calling distruct for K=5.MinorCluster2
Wed Oct  2 00:36:54 2024: Calculating best Average Distance between large cluster and K=6.MinorCluster1..
Wed Oct  2 00:36:55 2024: Calling distruct for K=6.MinorCluster1
Wed Oct  2 00:36:55 2024: Calculating best Average Distance between large cluster and K=6.MinorCluster2..
Wed Oct  2 00:36:56 2024: Calling distruct for K=6.MinorCluster2
Wed Oct  2 00:36:56 2024: Calculating best Average Distance between large cluster and K=7.MinorCluster1..
Wed Oct  2 00:37:03 2024: Calling distruct for K=7.MinorCluster1
Wed Oct  2 00:37:03 2024: Calculating best Average Distance between large cluster and K=8.MinorCluster1..
Wed Oct  2 00:38:02 2024: Calling distruct for K=8.MinorCluster1
Wed Oct  2 00:38:02 2024: Calculating best Average Distance between large cluster and K=8.MinorCluster2..
Wed Oct  2 00:39:01 2024: Calling distruct for K=8.MinorCluster2
Wed Oct  2 00:39:01 2024: Calculating best Average Distance between large cluster and K=9.MinorCluster1..
Wed Oct  2 00:39:01 2024: Calling distruct for K=9.MinorCluster1
Wed Oct  2 00:39:01 2024: Calculating best Average Distance between large cluster and K=9.MinorCluster2..
Wed Oct  2 00:39:01 2024: Calling distruct for K=9.MinorCluster2
Wed Oct  2 00:39:02 2024: Calculating best Average Distance between large cluster and K=10.MinorCluster1..
Wed Oct  2 00:39:02 2024: Calling distruct for K=10.MinorCluster1
Wed Oct  2 00:39:02 2024: Calculating best Average Distance between large cluster and K=10.MinorCluster2..
Wed Oct  2 00:39:02 2024: Calling distruct for K=10.MinorCluster2
Wed Oct  2 00:39:02 2024: Creating job summary PDF
Wed Oct  2 00:39:02 2024: Creating job summary PDF for K=1
Wed Oct  2 00:39:02 2024: Creating job summary PDF for K=2
Wed Oct  2 00:39:02 2024: Creating job summary PDF for K=3
Wed Oct  2 00:39:02 2024: Creating job summary PDF for K=4
Wed Oct  2 00:39:02 2024: Creating job summary PDF for K=5
Wed Oct  2 00:39:02 2024: Creating job summary PDF for K=6
Wed Oct  2 00:39:02 2024: Creating job summary PDF for K=7
Wed Oct  2 00:39:02 2024: Creating job summary PDF for K=8
Wed Oct  2 00:39:02 2024: Creating job summary PDF for K=9
Wed Oct  2 00:39:02 2024: Creating job summary PDF for K=10
Wed Oct  2 00:39:02 2024: Creating job zip file
