1        1   (0)      1  : 0.3495 0.0000 0.0595 0.0000 0.4528 0.0000 0.1383
2        2   (0)      1  : 0.5510 0.0000 0.0578 0.0000 0.3608 0.0000 0.0304
3        3   (0)      1  : 0.0000 0.0000 1.0000 0.0000 0.0000 0.0000 0.0000
4        4   (0)      1  : 0.2929 0.0000 0.0099 0.0000 0.6776 0.0000 0.0196
5        5   (0)      1  : 0.3160 0.0000 0.0000 0.0000 0.6084 0.0000 0.0755
6        6   (0)      1  : 0.3937 0.0000 0.2003 0.0000 0.3534 0.0000 0.0526
7        7   (0)      1  : 0.5859 0.0000 0.0000 0.0000 0.3920 0.0000 0.0221
8        8   (0)      1  : 0.2025 0.0000 0.0000 0.0000 0.7399 0.0000 0.0576
9        9   (0)      1  : 0.0000 0.0000 1.0000 0.0000 0.0000 0.0000 0.0000
10       10   (0)      1  : 0.3217 0.0000 0.0620 0.0000 0.4569 0.0023 0.1571
11       11   (0)      1  : 0.4379 0.0000 0.0000 0.0000 0.4499 0.0000 0.1122
12       12   (0)      1  : 0.2244 0.0000 0.0000 0.0000 0.6241 0.0000 0.1515
13       13   (0)      1  : 0.6414 0.0000 0.0155 0.0000 0.3421 0.0000 0.0010
14       14   (0)      1  : 0.7009 0.0000 0.0000 0.0000 0.1705 0.0043 0.1243
15       15   (0)      2  : 0.3591 0.0000 0.0000 0.0000 0.6409 0.0000 0.0000
16       16   (0)      2  : 0.0000 0.8702 0.0000 0.1087 0.0000 0.0211 0.0000
17       17   (0)      2  : 0.0000 0.2980 0.0000 0.4308 0.0000 0.0212 0.2500
18       18   (0)      2  : 0.0000 0.7746 0.0000 0.0656 0.0000 0.1156 0.0442
19       19   (0)      2  : 0.0000 0.0218 0.0000 0.8301 0.0000 0.0738 0.0743
20       20   (0)      2  : 0.0000 0.5584 0.0000 0.3008 0.0000 0.1398 0.0010
21       21   (0)      2  : 0.0000 0.0705 0.0000 0.8735 0.0000 0.0145 0.0415
22       22   (0)      2  : 0.0000 0.7425 0.0000 0.0953 0.0000 0.1535 0.0087
23       23   (0)      1  : 0.4496 0.0009 0.0000 0.0000 0.4586 0.0222 0.0688
24       24   (0)      1  : 0.5979 0.0016 0.0266 0.0130 0.2980 0.0000 0.0629
25       25   (0)      1  : 0.0000 0.0000 1.0000 0.0000 0.0000 0.0000 0.0000
26       26   (0)      1  : 0.6676 0.0000 0.0005 0.0000 0.2800 0.0036 0.0483
27       27   (0)      2  : 0.0000 0.0625 0.0000 0.0000 0.0000 0.9375 0.0000
28       28   (0)      2  : 0.0000 0.9375 0.0000 0.0000 0.0000 0.0000 0.0625
29       29   (0)      2  : 0.0000 0.0733 0.0000 0.6168 0.0000 0.3099 0.0000
30       30   (0)      2  : 0.0000 0.7844 0.0000 0.0906 0.0000 0.0625 0.0625
31       31   (0)      2  : 0.0108 0.1891 0.0000 0.7845 0.0156 0.0000 0.0000
32       32   (0)      2  : 0.0000 0.1471 0.1378 0.5603 0.0000 0.1041 0.0506
33       33   (0)      2  : 0.0000 0.2402 0.0000 0.4805 0.0000 0.0827 0.1967
34       34   (0)      1  : 0.5966 0.0000 0.0011 0.0000 0.3063 0.0005 0.0955
35       35   (0)      2  : 0.0000 0.2551 0.0000 0.7031 0.0000 0.0171 0.0247
36       36   (0)      2  : 0.0000 0.3180 0.0000 0.6376 0.0000 0.0444 0.0000
37       37   (0)      2  : 0.0000 0.5847 0.0000 0.2292 0.0000 0.1750 0.0111
38       38   (0)      2  : 0.0000 0.3125 0.0000 0.4138 0.0000 0.0237 0.2500
39       39   (0)      2  : 0.5236 0.0000 0.0012 0.0000 0.4753 0.0000 0.0000
40       40   (0)      2  : 0.2279 0.0000 0.0000 0.0000 0.5344 0.0007 0.2370
41       41   (0)      2  : 0.1303 0.0000 0.0000 0.0000 0.6462 0.0000 0.2235
42       42   (0)      2  : 0.4653 0.0000 0.0011 0.0000 0.4708 0.0000 0.0628
43       43   (0)      2  : 0.4437 0.0000 0.0000 0.0000 0.4039 0.0039 0.1484
44       44   (0)      2  : 0.0000 0.8568 0.0000 0.0807 0.0000 0.0000 0.0625
45       45   (0)      2  : 0.0000 0.5063 0.0000 0.2308 0.0000 0.0238 0.2390
46       46   (0)      2  : 0.0000 0.5267 0.0000 0.3442 0.0000 0.0000 0.1291
47       47   (0)      2  : 0.0525 0.0000 0.0000 0.0000 0.7370 0.0008 0.2098
48       48   (0)      2  : 0.0000 0.7072 0.0000 0.1518 0.0000 0.0637 0.0774
49       49   (0)      1  : 0.6636 0.0000 0.0034 0.0000 0.3209 0.0000 0.0121
50       50   (0)      1  : 0.1069 0.0000 0.0000 0.0000 0.7480 0.0000 0.1450
51       51   (0)      1  : 0.1516 0.0000 0.0000 0.0000 0.5488 0.0000 0.2996
52       52   (0)      1  : 0.6686 0.0000 0.0000 0.0000 0.1957 0.0000 0.1357
53       53   (0)      1  : 0.2199 0.0000 0.0230 0.0000 0.1842 0.0167 0.5562
54       54   (0)      1  : 0.4646 0.0000 0.0103 0.0000 0.3805 0.0000 0.1447
55       55   (0)      1  : 0.5437 0.0000 0.0006 0.0000 0.4364 0.0000 0.0194
56       56   (0)      3  : 0.0000 0.0000 0.0000 0.8489 0.0000 0.1511 0.0000
57       57   (0)      3  : 0.0000 0.4861 0.0000 0.4071 0.0000 0.1067 0.0000
58       58   (0)      3  : 0.0000 0.8102 0.0000 0.1832 0.0000 0.0066 0.0000
59       59   (0)      3  : 0.0000 0.1524 0.0000 0.8047 0.0000 0.0429 0.0000
60       60   (0)      3  : 0.0000 0.3946 0.0000 0.3603 0.0000 0.1606 0.0845
61       61   (0)      3  : 0.0000 0.6756 0.0000 0.2179 0.0000 0.0307 0.0757
62       62   (0)      3  : 0.0000 0.3354 0.0000 0.4757 0.0000 0.0000 0.1889
63       63   (0)      4  : 0.0000 0.0000 1.0000 0.0000 0.0000 0.0000 0.0000
64       64   (0)      4  : 0.2908 0.0000 0.0000 0.0000 0.5328 0.0000 0.1764
65       65   (0)      4  : 0.1822 0.0000 0.0181 0.0000 0.3766 0.0049 0.4182
66       66   (0)      3  : 0.0000 0.4084 0.0000 0.5724 0.0000 0.0022 0.0170
67       67   (0)      3  : 0.0000 0.2258 0.0000 0.6219 0.0000 0.0903 0.0619
68       68   (0)      3  : 0.0000 0.0625 0.0000 0.0000 0.0000 0.9375 0.0000
69       69   (0)      3  : 0.0000 0.0905 0.0000 0.7462 0.0000 0.1306 0.0327
70       70   (0)      3  : 0.0000 0.1246 0.0000 0.8754 0.0000 0.0000 0.0000
71       71   (0)      3  : 0.0000 0.8054 0.0000 0.0766 0.0000 0.1028 0.0152
72       72   (0)      4  : 0.5266 0.0000 0.0157 0.0021 0.4464 0.0035 0.0058
73       73   (0)      4  : 0.2793 0.0178 0.0000 0.0437 0.5776 0.0005 0.0811
74       74   (0)      4  : 0.2888 0.0000 0.0000 0.0000 0.6539 0.0041 0.0532
75       75   (0)      4  : 0.3976 0.0000 0.0104 0.0000 0.3566 0.0006 0.2348
76       76   (0)      4  : 0.1019 0.0000 0.0127 0.0000 0.8022 0.0000 0.0833
77       77   (0)      4  : 0.2110 0.0000 0.0000 0.0000 0.6478 0.0036 0.1377
78       78   (0)      4  : 0.4435 0.0000 0.0000 0.0000 0.4161 0.0021 0.1384
79       79   (0)      3  : 0.1893 0.0000 0.0000 0.0000 0.3460 0.0000 0.4646
80       80   (0)      3  : 0.0000 0.3099 0.0000 0.6739 0.0000 0.0160 0.0002
81       81   (0)      3  : 0.0000 0.5925 0.0000 0.3205 0.0000 0.0000 0.0869
82       82   (0)      3  : 0.0000 0.2802 0.0000 0.5250 0.0000 0.0655 0.1294
83       83   (0)      3  : 0.2019 0.0000 0.0003 0.0000 0.7527 0.0017 0.0434
84       84   (0)      3  : 0.1875 0.0000 0.0000 0.0000 0.0625 0.0625 0.6875
85       85   (0)      3  : 0.0000 0.4123 0.0000 0.5564 0.0000 0.0078 0.0235
86       86   (0)      3  : 0.0000 0.6391 0.0000 0.1734 0.0000 0.0000 0.1875
87       87   (0)      3  : 0.0121 0.6112 0.0000 0.2485 0.0000 0.0563 0.0720
88       88   (0)      3  : 0.0000 0.1261 0.0000 0.7910 0.0000 0.0011 0.0819
89       89   (0)      4  : 0.5999 0.0229 0.0363 0.0000 0.2350 0.0026 0.1033
90       90   (0)      3  : 0.0000 0.4591 0.0000 0.5056 0.0000 0.0000 0.0353
91       91   (0)      3  : 0.0000 0.8478 0.0000 0.0223 0.0000 0.0163 0.1136
92       92   (0)      3  : 0.0000 0.5535 0.0000 0.1078 0.0000 0.3273 0.0115
93       93   (0)      3  : 0.0000 0.0476 0.0000 0.8694 0.0000 0.0831 0.0000
94       94   (0)      3  : 0.0267 0.3442 0.0000 0.4313 0.0412 0.0006 0.1560
95       95   (0)      4  : 0.3172 0.0342 0.0107 0.0806 0.4616 0.0038 0.0918
96       96   (0)      4  : 0.3621 0.0000 0.0000 0.0000 0.5667 0.0024 0.0688
97       97   (0)      4  : 0.1487 0.0000 0.0000 0.0000 0.7407 0.0000 0.1107
98       98   (0)      4  : 0.4213 0.0099 0.0565 0.0244 0.3037 0.0068 0.1773
99       99   (0)      4  : 0.5173 0.0000 0.0394 0.0000 0.2514 0.0074 0.1845
100      100   (0)      4  : 0.4587 0.0000 0.0041 0.0000 0.4121 0.0008 0.1242
101      101   (0)      4  : 0.2854 0.0000 0.0000 0.0000 0.5292 0.0000 0.1854
102      102   (0)      4  : 0.1802 0.0000 0.0000 0.0000 0.7752 0.0000 0.0446
103      103   (0)      4  : 0.0000 0.0000 1.0000 0.0000 0.0000 0.0000 0.0000
104      104   (0)      4  : 0.6772 0.0000 0.0209 0.0000 0.2747 0.0000 0.0272
105      105   (0)      4  : 0.3715 0.0000 0.0099 0.0000 0.5438 0.0010 0.0738
106      106   (0)      4  : 0.2939 0.0000 0.0111 0.0134 0.3051 0.0017 0.3748
107      107   (0)      4  : 0.3748 0.0000 0.0498 0.0000 0.5553 0.0000 0.0200
108      108   (0)      4  : 0.1875 0.0000 0.0000 0.0000 0.0625 0.0625 0.6875
109      109   (0)      4  : 0.5014 0.0000 0.0011 0.0000 0.4108 0.0000 0.0866
110      110   (0)      4  : 0.5786 0.0000 0.0917 0.0000 0.2542 0.0033 0.0722
111      111   (0)      4  : 0.0000 0.0000 1.0000 0.0000 0.0000 0.0000 0.0000
112      112   (0)      4  : 0.0000 0.0000 1.0000 0.0000 0.0000 0.0000 0.0000
113      113   (0)      4  : 0.0000 0.2255 0.0000 0.6793 0.0000 0.0791 0.0160
114      114   (0)      4  : 0.5687 0.0000 0.0028 0.0000 0.3563 0.0000 0.0722
115      115   (0)      4  : 0.8760 0.0000 0.0000 0.0000 0.1240 0.0000 0.0000
116      116   (0)      4  : 0.7450 0.0000 0.0000 0.0000 0.0642 0.0000 0.1909
