1        1   (0)      1  : 0.3846 0.3575 0.2579
2        2   (0)      1  : 0.4729 0.0488 0.4782
3        3   (0)      1  : 0.3977 0.0712 0.5311
4        4   (0)      1  : 0.5974 0.0812 0.3215
5        5   (0)      1  : 0.3740 0.2624 0.3636
6        6   (0)      1  : 0.6342 0.0237 0.3421
7        7   (0)      1  : 0.0000 0.3559 0.6441
8        8   (0)      1  : 0.2559 0.1013 0.6428
9        9   (0)      1  : 0.0537 0.6925 0.2538
10       10   (0)      1  : 0.5541 0.4450 0.0010
11       11   (0)      1  : 0.0000 1.0000 0.0000
12       12   (0)      1  : 0.3542 0.5284 0.1174
13       13   (0)      2  : 0.4044 0.4475 0.1481
14       14   (0)      2  : 0.0000 1.0000 0.0000
15       15   (0)      2  : 0.0000 1.0000 0.0000
16       16   (0)      2  : 0.0000 1.0000 0.0000
17       17   (0)      2  : 0.0242 0.5248 0.4510
18       18   (0)      2  : 0.0008 0.9992 0.0000
19       19   (0)      2  : 0.0000 0.9630 0.0370
20       20   (0)      2  : 0.3326 0.2802 0.3872
21       21   (0)      2  : 0.3328 0.0000 0.6672
22       22   (0)      2  : 0.3002 0.5176 0.1822
23       23   (0)      2  : 0.0465 0.6454 0.3082
24       24   (0)      2  : 0.3452 0.0541 0.6006
25       25   (0)      2  : 0.3110 0.4418 0.2472
26       26   (0)      2  : 0.6269 0.3182 0.0550
27       27   (0)      2  : 0.5755 0.2047 0.2198
28       28   (0)      2  : 0.0000 0.8339 0.1661
29       29   (0)      2  : 0.0833 0.0229 0.8938
30       30   (0)      2  : 0.1242 0.5672 0.3086
31       31   (0)      2  : 0.2438 0.3324 0.4238
32       32   (0)      2  : 0.6668 0.3332 0.0000
33       33   (0)      2  : 0.0000 1.0000 0.0000
34       34   (0)      3  : 0.4005 0.0274 0.5721
35       35   (0)      3  : 0.0000 0.0018 0.9982
36       36   (0)      3  : 0.5460 0.0947 0.3593
37       37   (0)      3  : 0.3801 0.1072 0.5127
38       38   (0)      3  : 0.9022 0.0374 0.0604
39       39   (0)      3  : 0.6124 0.0688 0.3187
40       40   (0)      3  : 0.6536 0.0409 0.3054
41       41   (0)      3  : 0.4189 0.1731 0.4080
42       42   (0)      3  : 0.1629 0.2693 0.5678
43       43   (0)      3  : 0.7014 0.0430 0.2556
44       44   (0)      3  : 0.3961 0.1258 0.4782
45       45   (0)      3  : 0.3743 0.0000 0.6257
46       46   (0)      3  : 0.8760 0.0738 0.0503
47       47   (0)      3  : 0.3626 0.2532 0.3842
48       48   (0)      3  : 0.0529 0.0033 0.9438
49       49   (0)      3  : 0.4174 0.0000 0.5826
50       50   (0)      3  : 0.5353 0.0655 0.3991
51       51   (0)      3  : 0.7670 0.0693 0.1637
52       52   (0)      3  : 0.4206 0.3493 0.2301
53       53   (0)      3  : 0.1488 0.1352 0.7160
54       54   (0)      3  : 0.8768 0.1232 0.0000
55       55   (0)      3  : 0.4111 0.1567 0.4322
56       56   (0)      3  : 0.7679 0.0000 0.2321
57       57   (0)      3  : 0.4363 0.0145 0.5492
58       58   (0)      3  : 0.7510 0.0000 0.2490
59       59   (0)      3  : 0.7310 0.1474 0.1216
60       60   (0)      4  : 0.3362 0.6427 0.0211
61       61   (0)      4  : 0.0322 0.6666 0.3012
62       62   (0)      4  : 0.3582 0.2352 0.4066
63       63   (0)      4  : 0.3719 0.1077 0.5204
64       64   (0)      4  : 0.7717 0.2001 0.0282
65       65   (0)      4  : 0.5398 0.1284 0.3318
66       66   (0)      4  : 0.5498 0.0661 0.3841
67       67   (0)      4  : 0.4565 0.3182 0.2253
68       68   (0)      4  : 0.5059 0.1549 0.3391
69       69   (0)      4  : 0.2172 0.0249 0.7579
70       70   (0)      4  : 0.2825 0.6108 0.1067
71       71   (0)      4  : 0.6562 0.0292 0.3145
72       72   (0)      4  : 0.0343 0.5977 0.3680
73       73   (0)      4  : 0.4117 0.0379 0.5504
74       74   (0)      4  : 0.2533 0.0148 0.7319
75       75   (0)      4  : 0.0720 0.0029 0.9252
76       76   (0)      4  : 0.0796 0.0130 0.9074
77       77   (0)      4  : 0.4885 0.1038 0.4077
78       78   (0)      4  : 0.5048 0.0761 0.4190
79       79   (0)      4  : 0.4945 0.0000 0.5055
80       80   (0)      4  : 0.5938 0.0474 0.3588
81       81   (0)      4  : 0.1971 0.6571 0.1458
82       82   (0)      4  : 0.4036 0.1105 0.4859
83       83   (0)      4  : 0.5030 0.0000 0.4970
84       84   (0)      4  : 0.5403 0.1547 0.3050
85       85   (0)      4  : 0.3682 0.6318 0.0000
86       86   (0)      5  : 0.8598 0.1402 0.0000
87       87   (0)      5  : 0.4137 0.1465 0.4398
88       88   (0)      5  : 0.6244 0.1732 0.2024
89       89   (0)      5  : 0.4999 0.0543 0.4458
90       90   (0)      5  : 0.5521 0.1030 0.3449
91       91   (0)      5  : 0.7201 0.1326 0.1473
92       92   (0)      5  : 0.5379 0.0173 0.4448
93       93   (0)      5  : 0.6429 0.0020 0.3551
94       94   (0)      5  : 0.5804 0.0936 0.3260
95       95   (0)      5  : 0.4263 0.5737 0.0000
96       96   (0)      5  : 0.8866 0.0000 0.1134
97       97   (0)      5  : 0.3599 0.2800 0.3601
98       98   (0)      5  : 0.4432 0.2102 0.3466
99       99   (0)      5  : 0.4829 0.0185 0.4986
100      100   (0)      5  : 0.5836 0.1092 0.3072
101      101   (0)      5  : 0.6547 0.0135 0.3318
102      102   (0)      5  : 0.5064 0.0000 0.4936
103      103   (0)      5  : 0.7577 0.0374 0.2050
104      104   (0)      5  : 0.4392 0.2546 0.3062
105      105   (0)      5  : 0.8935 0.0000 0.1065
106      106   (0)      5  : 0.0496 0.1629 0.7875
107      107   (0)      5  : 0.5954 0.1149 0.2897
108      108   (0)      5  : 0.2887 0.2080 0.5034
109      109   (0)      5  : 0.3015 0.3369 0.3617
110      110   (0)      5  : 0.2018 0.2107 0.5875
111      111   (0)      5  : 0.5700 0.0000 0.4300
112      112   (0)      5  : 0.0854 0.0000 0.9146
113      113   (0)      4  : 0.3890 0.0000 0.6110
114      114   (0)      6  : 0.4771 0.1627 0.3602
115      115   (0)      6  : 0.4772 0.3658 0.1570
116      116   (0)      6  : 0.2375 0.5715 0.1910
117      117   (0)      6  : 0.0000 0.7223 0.2777
118      118   (0)      6  : 0.4052 0.4631 0.1317
119      119   (0)      6  : 0.0000 0.8826 0.1174
120      120   (0)      6  : 0.5349 0.0000 0.4651
121      121   (0)      6  : 0.4329 0.1907 0.3764
122      122   (0)      6  : 0.1582 0.0000 0.8418
123      123   (0)      6  : 0.1028 0.3951 0.5020
124      124   (0)      6  : 0.5295 0.0212 0.4493
125      125   (0)      6  : 0.3731 0.1427 0.4842
126      126   (0)      6  : 0.2346 0.0502 0.7152
127      127   (0)      6  : 0.2700 0.5612 0.1688
128      128   (0)      6  : 0.5717 0.0000 0.4283
129      129   (0)      6  : 0.4530 0.0124 0.5345
130      130   (0)      6  : 0.1343 0.2535 0.6123
131      131   (0)      6  : 0.1959 0.5927 0.2114
132      132   (0)      6  : 0.4154 0.0875 0.4971
133      133   (0)      6  : 0.4518 0.0000 0.5482
134      134   (0)      6  : 0.5903 0.1604 0.2493
135      135   (0)      6  : 0.0380 0.7082 0.2538
136      136   (0)      6  : 0.4701 0.2175 0.3124
137      137   (0)      6  : 0.3751 0.1534 0.4715
138      138   (0)      6  : 0.0661 0.0049 0.9290
139      139   (0)      6  : 0.5796 0.1156 0.3048
140      140   (0)      6  : 0.2259 0.4593 0.3148
141      141   (0)      6  : 0.4384 0.3631 0.1985
142      142   (0)      7  : 0.4362 0.0000 0.5638
143      143   (0)      7  : 0.0000 0.9995 0.0005
144      144   (0)      7  : 0.4545 0.1389 0.4066
145      145   (0)      7  : 0.4867 0.0769 0.4364
146      146   (0)      7  : 0.4445 0.3351 0.2203
147      147   (0)      7  : 0.9629 0.0000 0.0371
148      148   (0)      7  : 0.5617 0.0000 0.4383
149      149   (0)      7  : 0.2740 0.7149 0.0111
150      150   (0)      7  : 0.4052 0.3702 0.2246
151      151   (0)      7  : 0.2387 0.6441 0.1172
152      152   (0)      7  : 0.7515 0.0500 0.1986
153      153   (0)      7  : 0.0000 1.0000 0.0000
154      154   (0)      7  : 0.8201 0.1194 0.0605
155      155   (0)      7  : 0.0000 0.6270 0.3730
156      156   (0)      7  : 1.0000 0.0000 0.0000
157      157   (0)      7  : 1.0000 0.0000 0.0000
158      158   (0)      7  : 0.5131 0.1232 0.3637
159      159   (0)      7  : 0.2538 0.7292 0.0171
160      160   (0)      7  : 0.4451 0.3982 0.1566
161      161   (0)      7  : 0.0287 0.8229 0.1484
162      162   (0)      7  : 0.1601 0.1906 0.6493
163      163   (0)      7  : 0.7949 0.0474 0.1577
164      164   (0)      7  : 0.1582 0.3395 0.5023
165      165   (0)      7  : 0.0000 0.4325 0.5675
166      166   (0)      7  : 0.2849 0.2399 0.4752
167      167   (0)      7  : 1.0000 0.0000 0.0000
168      168   (0)      7  : 0.4053 0.1508 0.4439
169      169   (0)      7  : 0.0000 0.7722 0.2278
