1        1   (0)      1  : 0.0000 1.0000 0.0000 0.0000 0.0000
2        2   (0)      1  : 0.0795 0.0299 0.8906 0.0000 0.0000
3        3   (0)      1  : 0.0000 1.0000 0.0000 0.0000 0.0000
4        4   (0)      1  : 0.0651 0.0000 0.7822 0.1492 0.0035
5        5   (0)      1  : 0.0000 1.0000 0.0000 0.0000 0.0000
6        6   (0)      1  : 0.0000 1.0000 0.0000 0.0000 0.0000
7        7   (0)      1  : 0.0708 0.0617 0.8675 0.0000 0.0000
8        8   (0)      1  : 0.0693 0.0000 0.9307 0.0000 0.0000
9        9   (0)      1  : 0.0000 1.0000 0.0000 0.0000 0.0000
10       10   (0)      2  : 0.0000 0.0000 1.0000 0.0000 0.0000
11       11   (0)      2  : 0.0000 0.0000 1.0000 0.0000 0.0000
12       12   (0)      2  : 0.0000 0.0000 1.0000 0.0000 0.0000
13       13   (0)      3  : 0.0000 0.1649 0.0000 0.0000 0.8351
14       14   (0)      3  : 0.0000 0.1926 0.0000 0.0000 0.8074
15       15   (0)      3  : 0.0000 0.2470 0.0172 0.0000 0.7358
16       16   (0)      3  : 0.0000 0.3289 0.0025 0.0000 0.6686
17       17   (0)      3  : 0.0000 0.5001 0.0000 0.0000 0.4999
18       18   (0)      3  : 0.0000 0.2247 0.0000 0.0000 0.7753
19       19   (0)      3  : 0.1366 0.0000 0.6990 0.1514 0.0130
20       20   (0)      3  : 0.4126 0.0000 0.4596 0.1279 0.0000
21       21   (0)      2  : 0.0000 0.1589 0.8411 0.0000 0.0000
22       22   (0)      2  : 0.0000 0.0066 0.9934 0.0000 0.0000
23       23   (0)      2  : 0.0000 0.0000 1.0000 0.0000 0.0000
24       24   (0)      2  : 0.0000 0.0000 1.0000 0.0000 0.0000
25       25   (0)      2  : 0.0000 0.0000 1.0000 0.0000 0.0000
26       26   (0)      2  : 0.0000 0.0000 0.9912 0.0000 0.0088
27       27   (0)      2  : 0.0000 0.0000 0.9688 0.0000 0.0312
28       28   (0)      2  : 0.0000 0.0000 1.0000 0.0000 0.0000
29       29   (0)      2  : 0.0495 0.0748 0.8614 0.0144 0.0000
30       30   (0)      2  : 0.0000 0.0000 1.0000 0.0000 0.0000
31       31   (0)      2  : 0.0000 0.3536 0.6460 0.0000 0.0004
32       32   (0)      2  : 0.0254 0.1043 0.7199 0.0000 0.1504
33       33   (0)      2  : 0.0000 0.0301 0.9699 0.0000 0.0000
34       34   (0)      2  : 0.0000 0.0000 1.0000 0.0000 0.0000
35       35   (0)      2  : 0.0000 0.0000 1.0000 0.0000 0.0000
36       36   (0)      2  : 0.0000 0.0000 0.9773 0.0227 0.0000
37       37   (0)      2  : 0.0000 0.8290 0.0564 0.0000 0.1146
38       38   (0)      2  : 0.0302 0.0000 0.9456 0.0241 0.0000
39       39   (0)      2  : 0.0414 0.0375 0.8727 0.0219 0.0266
40       40   (0)      2  : 0.0000 0.0003 0.9685 0.0000 0.0312
41       41   (0)      2  : 0.0000 0.0001 0.9139 0.0000 0.0860
42       42   (0)      2  : 0.0000 0.0000 1.0000 0.0000 0.0000
43       43   (0)      4  : 1.0000 0.0000 0.0000 0.0000 0.0000
44       44   (0)      4  : 0.8798 0.0570 0.0000 0.0000 0.0632
45       45   (0)      4  : 0.8902 0.0000 0.0000 0.1098 0.0000
46       46   (0)      4  : 0.8634 0.0000 0.0000 0.1366 0.0000
47       47   (0)      4  : 0.8211 0.0288 0.0015 0.0000 0.1486
48       48   (0)      4  : 0.1527 0.0000 0.0000 0.0000 0.8473
49       49   (0)      4  : 0.0148 0.0000 0.0000 0.0000 0.9852
50       50   (0)      4  : 0.9057 0.0000 0.0000 0.0000 0.0943
51       51   (0)      4  : 1.0000 0.0000 0.0000 0.0000 0.0000
52       52   (0)      4  : 0.6119 0.0423 0.0362 0.2359 0.0737
53       53   (0)      4  : 0.6965 0.0000 0.0000 0.1556 0.1479
54       54   (0)      4  : 0.0584 0.0593 0.0000 0.0000 0.8823
55       55   (0)      4  : 0.0220 0.0430 0.0000 0.0000 0.9350
56       56   (0)      4  : 0.1633 0.0000 0.0000 0.0000 0.8367
57       57   (0)      4  : 0.7973 0.0000 0.0000 0.1792 0.0236
58       58   (0)      4  : 1.0000 0.0000 0.0000 0.0000 0.0000
59       59   (0)      4  : 1.0000 0.0000 0.0000 0.0000 0.0000
60       60   (0)      4  : 1.0000 0.0000 0.0000 0.0000 0.0000
61       61   (0)      4  : 1.0000 0.0000 0.0000 0.0000 0.0000
62       62   (0)      4  : 0.9323 0.0419 0.0000 0.0000 0.0257
63       63   (0)      4  : 1.0000 0.0000 0.0000 0.0000 0.0000
64       64   (0)      4  : 0.9327 0.0000 0.0000 0.0000 0.0673
65       65   (0)      4  : 0.0000 0.0094 0.0000 0.0000 0.9906
66       66   (0)      4  : 0.9992 0.0000 0.0000 0.0000 0.0008
67       67   (0)      4  : 0.8579 0.0000 0.0000 0.1421 0.0000
68       68   (0)      4  : 0.1043 0.0924 0.0000 0.0000 0.8033
69       69   (0)      4  : 1.0000 0.0000 0.0000 0.0000 0.0000
70       70   (0)      4  : 0.9060 0.0000 0.0000 0.0000 0.0940
71       71   (0)      4  : 0.0000 0.0000 0.0000 0.0000 1.0000
72       72   (0)      5  : 0.5665 0.0000 0.1734 0.2601 0.0000
73       73   (0)      5  : 0.3274 0.0000 0.1315 0.5411 0.0000
74       74   (0)      5  : 0.6234 0.0000 0.0280 0.3486 0.0000
75       75   (0)      5  : 0.6907 0.0000 0.0823 0.2270 0.0000
76       76   (0)      5  : 0.4348 0.0588 0.1866 0.3198 0.0000
77       77   (0)      5  : 0.6283 0.0000 0.0027 0.3690 0.0000
78       78   (0)      5  : 0.6760 0.0000 0.0000 0.3240 0.0000
79       79   (0)      5  : 0.6254 0.0000 0.1880 0.1866 0.0000
80       80   (0)      5  : 0.0490 0.1175 0.0000 0.0508 0.7827
81       81   (0)      5  : 0.4515 0.2913 0.0008 0.0086 0.2478
82       82   (0)      5  : 0.6319 0.0000 0.0000 0.3681 0.0000
83       83   (0)      5  : 0.5730 0.0269 0.0652 0.3349 0.0000
84       84   (0)      5  : 0.5020 0.0000 0.0576 0.4404 0.0000
85       85   (0)      5  : 0.6356 0.0000 0.0000 0.3644 0.0000
86       86   (0)      5  : 0.7692 0.0000 0.0345 0.1959 0.0004
87       87   (0)      5  : 0.5630 0.0000 0.1741 0.2629 0.0000
88       88   (0)      5  : 0.6532 0.0000 0.2190 0.1278 0.0000
89       89   (0)      5  : 0.7373 0.0000 0.1593 0.1033 0.0000
90       90   (0)      5  : 0.6942 0.0000 0.1368 0.1690 0.0000
91       91   (0)      5  : 0.6101 0.0000 0.1332 0.2567 0.0000
92       92   (0)      5  : 0.1503 0.0793 0.0000 0.0000 0.7704
93       93   (0)      5  : 0.6464 0.0000 0.0818 0.2718 0.0000
94       94   (0)      5  : 0.5751 0.0000 0.0000 0.4249 0.0000
95       95   (0)      5  : 0.6767 0.0000 0.0000 0.3233 0.0000
96       96   (0)      5  : 0.6200 0.0000 0.0661 0.3139 0.0000
97       97   (0)      6  : 0.4927 0.0000 0.4132 0.0867 0.0074
98       98   (0)      6  : 0.0000 0.0000 0.8741 0.1259 0.0000
99       99   (0)      6  : 0.0000 0.8079 0.0000 0.0000 0.1921
100      100   (0)      6  : 0.3379 0.0000 0.6456 0.0026 0.0139
101      101   (0)      6  : 0.0000 0.6167 0.0000 0.0000 0.3833
102      102   (0)      6  : 0.0000 0.8403 0.0000 0.0000 0.1597
103      103   (0)      6  : 0.0000 0.6039 0.0000 0.0000 0.3961
104      104   (0)      6  : 0.2910 0.1534 0.3945 0.1607 0.0003
105      105   (0)      6  : 0.0000 0.9628 0.0000 0.0000 0.0372
106      106   (0)      6  : 0.1975 0.0000 0.7727 0.0285 0.0013
107      107   (0)      3  : 0.0000 0.6738 0.0000 0.0000 0.3262
108      108   (0)      3  : 0.4900 0.0131 0.3500 0.1469 0.0000
109      109   (0)      3  : 0.0000 0.3176 0.0000 0.0000 0.6824
110      110   (0)      2  : 0.0000 0.0000 1.0000 0.0000 0.0000
111      111   (0)      2  : 0.0000 0.8381 0.0000 0.0000 0.1619
112      112   (0)      3  : 0.0074 0.4071 0.0000 0.0000 0.5855
113      113   (0)      2  : 0.0000 0.0000 1.0000 0.0000 0.0000
114      114   (0)      2  : 0.0000 0.8286 0.0000 0.0000 0.1714
115      115   (0)      3  : 0.0000 0.5694 0.0000 0.0000 0.4306
116      116   (0)      3  : 0.0000 0.2628 0.0088 0.0000 0.7284
117      117   (0)      3  : 0.0000 0.2786 0.0000 0.0000 0.7214
118      118   (0)      3  : 0.0000 0.3365 0.0000 0.0000 0.6635
119      119   (0)      3  : 0.0000 0.4995 0.0000 0.0000 0.5005
120      120   (0)      3  : 0.3301 0.0000 0.5736 0.0963 0.0000
121      121   (0)      3  : 0.0000 0.2927 0.0000 0.0000 0.7073
122      122   (0)      3  : 0.0000 0.3015 0.0031 0.0000 0.6954
123      123   (0)      3  : 0.0000 0.2090 0.0000 0.0817 0.7093
124      124   (0)      3  : 0.0000 0.1723 0.0000 0.0000 0.8277
125      125   (0)      3  : 0.2018 0.0000 0.7095 0.0674 0.0213
126      126   (0)      3  : 0.0000 0.3561 0.0000 0.0000 0.6439
127      127   (0)      3  : 0.1850 0.0000 0.8150 0.0000 0.0000
128      128   (0)      3  : 0.0000 0.1959 0.0000 0.0000 0.8041
129      129   (0)      6  : 0.0577 0.6808 0.0557 0.0000 0.2058
130      130   (0)      6  : 0.2239 0.0000 0.5561 0.2199 0.0000
131      131   (0)      6  : 0.0000 0.5600 0.0000 0.0000 0.4400
132      132   (0)      6  : 0.1206 0.0000 0.7405 0.1390 0.0000
133      133   (0)      6  : 0.0000 1.0000 0.0000 0.0000 0.0000
134      134   (0)      6  : 0.0000 0.6488 0.0334 0.0000 0.3178
135      135   (0)      6  : 0.0000 0.6030 0.0000 0.0000 0.3970
136      136   (0)      6  : 0.0000 0.6886 0.0000 0.0000 0.3114
137      137   (0)      6  : 0.0000 0.7928 0.0000 0.0000 0.2072
138      138   (0)      6  : 0.0000 0.7475 0.0000 0.0000 0.2525
139      139   (0)      6  : 0.0567 0.4104 0.0000 0.0000 0.5329
140      140   (0)      6  : 0.2045 0.0110 0.6361 0.1485 0.0000
141      141   (0)      1  : 0.0000 0.0000 0.9800 0.0200 0.0000
142      142   (0)      1  : 0.0000 0.9077 0.0923 0.0000 0.0000
143      143   (0)      1  : 0.0000 0.0000 0.8470 0.1530 0.0000
144      144   (0)      1  : 0.0000 0.0000 0.9463 0.0077 0.0460
145      145   (0)      1  : 0.0000 0.0000 1.0000 0.0000 0.0000
146      146   (0)      1  : 0.0000 1.0000 0.0000 0.0000 0.0000
147      147   (0)      6  : 0.0000 0.8046 0.0000 0.0000 0.1954
148      148   (0)      6  : 0.1984 0.0351 0.7665 0.0000 0.0000
149      149   (0)      6  : 0.0000 0.8064 0.0031 0.0311 0.1594
150      150   (0)      6  : 0.0923 0.8686 0.0000 0.0000 0.0391
151      151   (0)      6  : 0.0000 1.0000 0.0000 0.0000 0.0000
152      152   (0)      6  : 0.0000 0.6257 0.0000 0.0000 0.3743
153      153   (0)      6  : 0.4202 0.0000 0.5798 0.0000 0.0000
154      154   (0)      1  : 0.0000 0.0000 1.0000 0.0000 0.0000
155      155   (0)      1  : 0.0000 1.0000 0.0000 0.0000 0.0000
156      156   (0)      1  : 0.0000 1.0000 0.0000 0.0000 0.0000
157      157   (0)      1  : 0.0000 1.0000 0.0000 0.0000 0.0000
158      158   (0)      1  : 0.0000 0.0110 0.9890 0.0000 0.0000
159      159   (0)      1  : 0.0000 0.0000 1.0000 0.0000 0.0000
160      160   (0)      1  : 0.0000 0.0000 0.9696 0.0304 0.0000
161      161   (0)      1  : 0.0000 1.0000 0.0000 0.0000 0.0000
162      162   (0)      1  : 0.0662 0.0000 0.9338 0.0000 0.0000
163      163   (0)      1  : 0.0000 0.0000 1.0000 0.0000 0.0000
164      164   (0)      1  : 0.0000 1.0000 0.0000 0.0000 0.0000
165      165   (0)      1  : 0.0000 1.0000 0.0000 0.0000 0.0000
166      166   (0)      1  : 0.0371 0.0218 0.9411 0.0000 0.0000
167      167   (0)      1  : 0.0000 1.0000 0.0000 0.0000 0.0000
168      168   (0)      7  : 0.0000 0.0000 0.3698 0.6302 0.0000
169      169   (0)      7  : 0.0000 0.0000 0.1633 0.8367 0.0000
170      170   (0)      7  : 0.0000 0.1155 0.0000 0.8624 0.0221
171      171   (0)      7  : 0.0000 0.0573 0.0000 0.8548 0.0879
172      172   (0)      7  : 0.0000 0.0000 0.0000 1.0000 0.0000
173      173   (0)      7  : 0.0595 0.0000 0.0000 0.9405 0.0000
174      174   (0)      7  : 0.0000 0.0000 0.0000 1.0000 0.0000
175      175   (0)      7  : 0.0000 0.0000 0.0000 0.0009 0.9991
176      176   (0)      7  : 0.0000 0.0000 0.0000 1.0000 0.0000
177      177   (0)      7  : 0.0000 0.0000 0.0000 1.0000 0.0000
178      178   (0)      7  : 0.0000 0.0000 0.0000 0.0772 0.9228
179      179   (0)      7  : 0.0000 0.0165 0.0000 0.0000 0.9835
180      180   (0)      7  : 0.0000 0.0000 0.0000 1.0000 0.0000
181      181   (0)      7  : 0.0002 0.0000 0.0000 0.9998 0.0000
182      182   (0)      7  : 0.0000 0.0000 0.0000 1.0000 0.0000
183      183   (0)      7  : 0.0000 0.0000 0.0000 0.8187 0.1813
184      184   (0)      7  : 0.0000 0.0480 0.0000 0.0122 0.9397
185      185   (0)      7  : 0.0000 0.0000 0.0000 1.0000 0.0000
186      186   (0)      7  : 0.0000 0.0000 0.0000 0.0000 1.0000
187      187   (0)      7  : 0.0261 0.0000 0.0000 0.9739 0.0000
188      188   (0)      7  : 0.0000 0.0000 0.0000 0.0000 1.0000
189      189   (0)      7  : 0.0000 0.0000 0.0000 0.7377 0.2623
190      190   (0)      7  : 0.0000 0.0055 0.1089 0.8384 0.0472
191      191   (0)      7  : 0.0000 0.0000 0.0000 1.0000 0.0000
192      192   (0)      7  : 0.0004 0.0000 0.0000 0.7082 0.2914
193      193   (0)      7  : 0.0000 0.0000 0.0000 1.0000 0.0000
194      194   (0)      7  : 0.0000 0.0000 0.0000 0.0379 0.9621
195      195   (0)      7  : 0.1432 0.0000 0.0000 0.8568 0.0000
196      196   (0)      7  : 0.0000 0.0000 0.0000 0.0000 1.0000
197      197   (0)      7  : 0.0000 0.0000 0.0000 0.0633 0.9367
