1        1   (0)      1  : 0.0410 0.1921 0.0289 0.0578 0.0778 0.0730 0.2176 0.3117
2        2   (0)      1  : 0.3016 0.0000 0.2071 0.1914 0.0117 0.1493 0.0375 0.1014
3        3   (0)      1  : 0.2393 0.0000 0.0263 0.1156 0.0431 0.0810 0.2189 0.2756
4        4   (0)      1  : 0.2541 0.0016 0.0646 0.0421 0.0265 0.1412 0.2000 0.2699
5        5   (0)      1  : 0.0764 0.1560 0.1651 0.2543 0.0587 0.1450 0.1024 0.0421
6        6   (0)      1  : 0.1363 0.0016 0.0003 0.2962 0.0000 0.3340 0.1277 0.1039
7        7   (0)      1  : 0.2198 0.1466 0.0000 0.1363 0.1683 0.0000 0.3291 0.0000
8        8   (0)      1  : 0.3104 0.0000 0.0000 0.0000 0.0490 0.0000 0.6406 0.0000
9        9   (0)      1  : 0.0000 0.6483 0.0896 0.1459 0.1124 0.0000 0.0037 0.0000
10       10   (0)      1  : 0.0000 0.2828 0.1248 0.0000 0.1162 0.3487 0.1074 0.0202
11       11   (0)      1  : 0.0000 0.5276 0.0000 0.0000 0.4724 0.0000 0.0000 0.0000
12       12   (0)      1  : 0.2974 0.2759 0.1483 0.0000 0.1819 0.0124 0.0147 0.0694
13       13   (0)      2  : 0.3042 0.3204 0.0000 0.0000 0.1157 0.0909 0.1058 0.0630
14       14   (0)      2  : 0.0000 0.6000 0.0000 0.0000 0.4000 0.0000 0.0000 0.0000
15       15   (0)      2  : 0.0000 0.7050 0.0000 0.0000 0.2950 0.0000 0.0000 0.0000
16       16   (0)      2  : 0.0000 0.3259 0.0000 0.0000 0.6476 0.0000 0.0000 0.0266
17       17   (0)      2  : 0.1235 0.3362 0.0674 0.1430 0.2046 0.0000 0.0000 0.1253
18       18   (0)      2  : 0.0000 0.5397 0.0242 0.0000 0.4361 0.0000 0.0000 0.0000
19       19   (0)      2  : 0.0000 0.5187 0.0000 0.0027 0.4555 0.0000 0.0112 0.0119
20       20   (0)      2  : 0.1806 0.1134 0.0546 0.0591 0.1466 0.1157 0.2907 0.0394
21       21   (0)      2  : 0.3427 0.0000 0.1614 0.1568 0.0197 0.2049 0.1003 0.0142
22       22   (0)      2  : 0.0293 0.2442 0.0000 0.0794 0.2666 0.1975 0.0000 0.1830
23       23   (0)      2  : 0.2989 0.4786 0.0000 0.0000 0.1194 0.0000 0.1031 0.0000
24       24   (0)      2  : 0.2155 0.0000 0.0000 0.0000 0.0000 0.0886 0.0177 0.6782
25       25   (0)      2  : 0.2418 0.2314 0.0597 0.0000 0.1299 0.0256 0.1116 0.2000
26       26   (0)      2  : 0.2552 0.0743 0.0457 0.0000 0.2281 0.2936 0.0524 0.0507
27       27   (0)      2  : 0.0000 0.0916 0.0000 0.0465 0.0000 0.3327 0.1205 0.4088
28       28   (0)      2  : 0.0839 0.5023 0.0000 0.0387 0.3751 0.0000 0.0000 0.0000
29       29   (0)      2  : 0.2533 0.0106 0.1968 0.2000 0.0119 0.0524 0.2618 0.0133
30       30   (0)      2  : 0.1635 0.3988 0.0000 0.0000 0.1578 0.0000 0.1821 0.0978
31       31   (0)      2  : 0.0000 0.0917 0.2704 0.2310 0.2547 0.0459 0.0707 0.0356
32       32   (0)      2  : 0.0345 0.1844 0.4292 0.0510 0.1011 0.1196 0.0000 0.0803
33       33   (0)      2  : 0.0000 0.9203 0.0000 0.0000 0.0797 0.0000 0.0000 0.0000
34       34   (0)      3  : 0.1064 0.0000 0.0422 0.2749 0.0167 0.1118 0.3550 0.0929
35       35   (0)      3  : 0.0000 0.0000 0.0422 0.6106 0.0000 0.0000 0.2836 0.0636
36       36   (0)      3  : 0.0422 0.0000 0.5744 0.0528 0.0181 0.0435 0.2250 0.0440
37       37   (0)      3  : 0.3021 0.0637 0.1933 0.1479 0.0417 0.1948 0.0565 0.0000
38       38   (0)      3  : 0.0864 0.0000 0.1258 0.0000 0.0000 0.6855 0.0663 0.0360
39       39   (0)      3  : 0.0656 0.0029 0.0000 0.0476 0.0193 0.7831 0.0816 0.0000
40       40   (0)      3  : 0.0753 0.0000 0.0000 0.2853 0.0000 0.2517 0.2459 0.1418
41       41   (0)      3  : 0.0907 0.0941 0.1004 0.1099 0.0184 0.0964 0.2004 0.2897
42       42   (0)      3  : 0.0261 0.1075 0.0000 0.1923 0.0668 0.0000 0.5199 0.0874
43       43   (0)      3  : 0.0067 0.0151 0.2479 0.4325 0.0000 0.0825 0.0633 0.1520
44       44   (0)      3  : 0.3140 0.0604 0.1407 0.2199 0.0142 0.0671 0.1837 0.0000
45       45   (0)      3  : 0.5506 0.0000 0.1538 0.1951 0.0000 0.0008 0.0197 0.0798
46       46   (0)      3  : 0.0214 0.0000 0.0181 0.0000 0.0027 0.8701 0.0392 0.0485
47       47   (0)      3  : 0.0502 0.0000 0.0619 0.1444 0.1457 0.0000 0.0973 0.5005
48       48   (0)      3  : 0.0000 0.0000 0.0000 0.9080 0.0000 0.0198 0.0000 0.0722
49       49   (0)      3  : 0.7954 0.0000 0.0695 0.0000 0.0000 0.1042 0.0310 0.0000
50       50   (0)      3  : 0.0000 0.0000 0.3492 0.2379 0.0222 0.0953 0.0936 0.2017
51       51   (0)      3  : 0.2273 0.0000 0.1118 0.1174 0.0086 0.4334 0.0482 0.0534
52       52   (0)      3  : 0.0000 0.0540 0.2382 0.0505 0.2907 0.0923 0.1525 0.1218
53       53   (0)      3  : 0.0546 0.0372 0.2549 0.4710 0.0795 0.0000 0.0000 0.1028
54       54   (0)      3  : 0.0000 0.0175 0.0471 0.0000 0.0000 0.8446 0.0678 0.0230
55       55   (0)      3  : 0.5062 0.0257 0.0000 0.0254 0.0550 0.0254 0.3621 0.0000
56       56   (0)      3  : 0.1085 0.0000 0.0970 0.0466 0.0000 0.3399 0.3053 0.1027
57       57   (0)      3  : 0.2558 0.0000 0.5554 0.0000 0.0000 0.0621 0.0908 0.0359
58       58   (0)      3  : 0.4073 0.0000 0.0681 0.1475 0.0000 0.1373 0.0000 0.2398
59       59   (0)      3  : 0.0000 0.0641 0.0607 0.1403 0.0000 0.2834 0.1473 0.3043
60       60   (0)      4  : 0.0000 0.3204 0.0000 0.0000 0.3318 0.2664 0.0659 0.0155
61       61   (0)      4  : 0.0000 0.5613 0.0801 0.1597 0.1471 0.0000 0.0000 0.0517
62       62   (0)      4  : 0.0000 0.0234 0.1695 0.4149 0.2165 0.0936 0.0435 0.0385
63       63   (0)      4  : 0.1487 0.0152 0.2401 0.1937 0.0342 0.1646 0.1101 0.0933
64       64   (0)      4  : 0.0234 0.0290 0.6549 0.0303 0.0758 0.0628 0.0617 0.0621
65       65   (0)      4  : 0.0000 0.0473 0.0502 0.6331 0.0361 0.1599 0.0735 0.0000
66       66   (0)      4  : 0.0000 0.0081 0.3410 0.5522 0.0000 0.0735 0.0000 0.0253
67       67   (0)      4  : 0.0954 0.0000 0.3529 0.0000 0.2990 0.2155 0.0000 0.0372
68       68   (0)      4  : 0.0981 0.0661 0.0277 0.0458 0.0287 0.3218 0.1745 0.2372
69       69   (0)      4  : 0.4611 0.0045 0.0290 0.3099 0.0170 0.0843 0.0266 0.0675
70       70   (0)      4  : 0.0000 0.3350 0.0600 0.1853 0.2687 0.1511 0.0000 0.0000
71       71   (0)      4  : 0.0472 0.0000 0.0514 0.3207 0.0000 0.2903 0.2381 0.0523
72       72   (0)      4  : 0.1265 0.2116 0.0226 0.1309 0.3858 0.0010 0.0000 0.1216
73       73   (0)      4  : 0.3333 0.0000 0.0977 0.1717 0.0168 0.0092 0.1997 0.1715
74       74   (0)      4  : 0.0000 0.0014 0.1563 0.2485 0.0000 0.0234 0.3072 0.2633
75       75   (0)      4  : 0.0000 0.0000 0.1735 0.5671 0.0000 0.0000 0.2594 0.0000
76       76   (0)      4  : 0.1318 0.0000 0.1607 0.4619 0.0199 0.0000 0.0518 0.1739
77       77   (0)      4  : 0.3991 0.0061 0.1051 0.0578 0.0684 0.0642 0.1632 0.1361
78       78   (0)      4  : 0.1420 0.0000 0.0000 0.0298 0.0265 0.2228 0.5061 0.0728
79       79   (0)      4  : 0.3930 0.0000 0.1419 0.1381 0.0000 0.1087 0.1224 0.0959
80       80   (0)      4  : 0.1788 0.0141 0.1335 0.0538 0.0000 0.1369 0.1162 0.3666
81       81   (0)      4  : 0.0020 0.3516 0.0043 0.0760 0.2952 0.1189 0.0293 0.1227
82       82   (0)      4  : 0.1285 0.0375 0.0000 0.2136 0.0000 0.1352 0.1963 0.2889
83       83   (0)      4  : 0.3006 0.0000 0.5926 0.0000 0.0000 0.0000 0.0322 0.0746
84       84   (0)      4  : 0.1402 0.0436 0.3761 0.0767 0.0843 0.1064 0.0491 0.1236
85       85   (0)      4  : 0.1051 0.4497 0.0703 0.0000 0.1317 0.0000 0.0996 0.1435
86       86   (0)      5  : 0.0334 0.0836 0.2075 0.0395 0.0166 0.5057 0.0793 0.0345
87       87   (0)      5  : 0.1344 0.0453 0.0262 0.1639 0.0466 0.1009 0.4093 0.0736
88       88   (0)      5  : 0.0245 0.0735 0.2280 0.1058 0.0352 0.3973 0.0364 0.0994
89       89   (0)      5  : 0.4114 0.0084 0.0716 0.0000 0.0110 0.2636 0.1625 0.0714
90       90   (0)      5  : 0.3454 0.0336 0.0221 0.1031 0.0001 0.1508 0.1120 0.2329
91       91   (0)      5  : 0.2008 0.0320 0.0000 0.0481 0.0833 0.2722 0.3390 0.0245
92       92   (0)      5  : 0.0685 0.0014 0.4631 0.0554 0.0000 0.0285 0.1312 0.2520
93       93   (0)      5  : 1.0000 0.0000 0.0000 0.0000 0.0000 0.0000 0.0000 0.0000
94       94   (0)      5  : 0.0956 0.0170 0.1928 0.0747 0.0418 0.3082 0.0726 0.1975
95       95   (0)      5  : 0.0929 0.3573 0.0936 0.0000 0.2074 0.1557 0.0932 0.0000
96       96   (0)      5  : 0.2351 0.0000 0.0000 0.0148 0.0000 0.2738 0.2861 0.1902
97       97   (0)      5  : 0.2715 0.0061 0.0441 0.0000 0.2443 0.0088 0.1623 0.2629
98       98   (0)      5  : 0.0000 0.0570 0.3638 0.3430 0.0362 0.0000 0.0000 0.2000
99       99   (0)      5  : 0.1927 0.0000 0.0000 0.2307 0.0000 0.0827 0.1914 0.3025
100      100   (0)      5  : 0.0000 0.0000 0.7439 0.1442 0.0029 0.0000 0.0449 0.0641
101      101   (0)      5  : 0.1170 0.0000 0.0242 0.2041 0.0006 0.1955 0.3885 0.0701
102      102   (0)      5  : 0.5935 0.0000 0.1105 0.0927 0.0000 0.0617 0.1416 0.0000
103      103   (0)      5  : 0.0273 0.0000 0.0349 0.4592 0.0092 0.0941 0.1091 0.2663
104      104   (0)      5  : 0.1845 0.0863 0.1520 0.1093 0.0881 0.0041 0.0601 0.3156
105      105   (0)      5  : 0.2243 0.0000 0.6029 0.0000 0.0000 0.0000 0.1390 0.0338
106      106   (0)      5  : 0.1545 0.0922 0.0889 0.2152 0.0218 0.0000 0.2039 0.2236
107      107   (0)      5  : 0.0411 0.0431 0.0000 0.1617 0.0215 0.4543 0.1361 0.1422
108      108   (0)      5  : 0.4062 0.1286 0.0871 0.0654 0.0792 0.0706 0.0503 0.1127
109      109   (0)      5  : 0.4965 0.1159 0.0012 0.0323 0.1956 0.0547 0.1036 0.0000
110      110   (0)      5  : 0.2165 0.1171 0.0760 0.0143 0.0410 0.1280 0.2786 0.1285
111      111   (0)      5  : 0.1267 0.0000 0.1100 0.5407 0.0000 0.0632 0.0601 0.0993
112      112   (0)      5  : 0.3630 0.0000 0.0006 0.4321 0.0000 0.0000 0.0000 0.2044
113      113   (0)      4  : 0.3017 0.0000 0.3235 0.2978 0.0000 0.0000 0.0644 0.0126
114      114   (0)      6  : 0.1292 0.0247 0.4387 0.0914 0.0873 0.0452 0.0904 0.0931
115      115   (0)      6  : 0.0000 0.2009 0.5299 0.0704 0.1403 0.0585 0.0000 0.0000
116      116   (0)      6  : 0.0390 0.2696 0.1501 0.0785 0.3417 0.0000 0.0000 0.1211
117      117   (0)      6  : 0.0000 0.0605 0.0000 0.0000 0.7529 0.0614 0.0623 0.0629
118      118   (0)      6  : 0.1314 0.2759 0.0537 0.0286 0.1923 0.1299 0.1457 0.0426
119      119   (0)      6  : 0.0000 0.8778 0.0000 0.0220 0.0696 0.0000 0.0000 0.0305
120      120   (0)      6  : 0.1008 0.0000 0.1842 0.3013 0.0000 0.0319 0.3318 0.0500
121      121   (0)      6  : 0.0742 0.1126 0.1738 0.1901 0.0225 0.0311 0.1794 0.2164
122      122   (0)      6  : 0.3155 0.0000 0.0456 0.2490 0.0000 0.2000 0.1576 0.0323
123      123   (0)      6  : 0.2689 0.0826 0.2061 0.0464 0.2844 0.0000 0.0716 0.0400
124      124   (0)      6  : 0.2940 0.0000 0.0059 0.2396 0.0000 0.1625 0.1559 0.1421
125      125   (0)      6  : 0.7101 0.0645 0.0457 0.0499 0.0262 0.0576 0.0204 0.0257
126      126   (0)      6  : 0.4515 0.0000 0.0000 0.0632 0.0000 0.0000 0.3968 0.0885
127      127   (0)      6  : 0.1897 0.3988 0.0196 0.0000 0.2560 0.0967 0.0135 0.0257
128      128   (0)      6  : 0.5949 0.0000 0.0364 0.0840 0.0000 0.0465 0.1965 0.0417
129      129   (0)      6  : 0.0416 0.0000 0.8646 0.0000 0.0000 0.0000 0.0552 0.0386
130      130   (0)      6  : 0.2710 0.0244 0.0365 0.1847 0.2503 0.0000 0.2136 0.0195
131      131   (0)      6  : 0.0002 0.5199 0.0540 0.1648 0.0896 0.0487 0.0000 0.1228
132      132   (0)      6  : 0.2211 0.0726 0.0519 0.4112 0.0190 0.0949 0.0309 0.0984
133      133   (0)      6  : 0.6622 0.0000 0.0374 0.0000 0.0000 0.0225 0.0404 0.2375
134      134   (0)      6  : 0.0000 0.0429 0.0000 0.1904 0.0694 0.2037 0.2224 0.2712
135      135   (0)      6  : 0.0000 0.3918 0.0386 0.1667 0.3092 0.0196 0.0000 0.0740
136      136   (0)      6  : 0.1647 0.1066 0.2084 0.0979 0.0773 0.1406 0.0797 0.1248
137      137   (0)      6  : 0.1740 0.0240 0.1891 0.1444 0.1128 0.1710 0.0814 0.1033
138      138   (0)      6  : 0.0967 0.0046 0.1467 0.3797 0.0000 0.0000 0.2949 0.0774
139      139   (0)      6  : 0.0366 0.0244 0.4496 0.0720 0.0711 0.1871 0.1542 0.0050
140      140   (0)      6  : 0.0947 0.2631 0.0266 0.2503 0.2454 0.0590 0.0000 0.0609
141      141   (0)      6  : 0.1318 0.1300 0.0233 0.0271 0.2322 0.1435 0.1112 0.2009
142      142   (0)      7  : 0.1772 0.0000 0.1976 0.3026 0.0000 0.0964 0.1698 0.0564
143      143   (0)      7  : 0.0184 0.7816 0.0000 0.0000 0.2000 0.0000 0.0000 0.0000
144      144   (0)      7  : 0.0847 0.0298 0.7258 0.0000 0.0174 0.0831 0.0592 0.0000
145      145   (0)      7  : 0.0941 0.0224 0.2882 0.2099 0.0022 0.0526 0.1797 0.1509
146      146   (0)      7  : 0.0000 0.0326 0.0000 0.2004 0.2407 0.2224 0.1040 0.2000
147      147   (0)      7  : 0.0901 0.0000 0.0000 0.0000 0.0000 0.5753 0.3345 0.0000
148      148   (0)      7  : 0.0638 0.0000 0.2984 0.3460 0.0000 0.2108 0.0387 0.0423
149      149   (0)      7  : 0.0033 0.3075 0.2021 0.0635 0.4101 0.0000 0.0135 0.0000
150      150   (0)      7  : 0.0926 0.1325 0.0520 0.2167 0.2173 0.2276 0.0412 0.0200
151      151   (0)      7  : 0.0230 0.2317 0.0617 0.0562 0.3864 0.0840 0.0290 0.1279
152      152   (0)      7  : 0.0329 0.0000 0.0582 0.0436 0.0000 0.1283 0.1609 0.5761
153      153   (0)      7  : 0.0000 0.3039 0.0000 0.0000 0.6961 0.0000 0.0000 0.0000
154      154   (0)      7  : 0.1751 0.0000 0.0179 0.0000 0.0424 0.1699 0.0459 0.5487
155      155   (0)      7  : 0.0000 0.2009 0.0000 0.0000 0.5127 0.0000 0.2026 0.0839
156      156   (0)      7  : 0.0000 0.0000 0.6875 0.0000 0.0000 0.1484 0.0920 0.0721
157      157   (0)      7  : 0.0000 0.0000 0.0895 0.0000 0.0000 0.5105 0.4000 0.0000
158      158   (0)      7  : 0.0472 0.0570 0.1834 0.3724 0.0237 0.2593 0.0315 0.0255
159      159   (0)      7  : 0.0000 0.3434 0.0707 0.0014 0.3529 0.1080 0.1236 0.0000
160      160   (0)      7  : 0.1163 0.2797 0.0485 0.0000 0.0661 0.2156 0.1638 0.1100
161      161   (0)      7  : 0.0000 0.1077 0.0000 0.0000 0.8500 0.0000 0.0000 0.0423
162      162   (0)      7  : 0.0976 0.0692 0.0979 0.1227 0.0500 0.0000 0.3821 0.1805
163      163   (0)      7  : 0.0444 0.0143 0.6582 0.0000 0.0000 0.1104 0.1727 0.0000
164      164   (0)      7  : 0.0000 0.1790 0.0640 0.1986 0.1481 0.0749 0.1900 0.1455
165      165   (0)      7  : 0.1126 0.1814 0.0000 0.2084 0.2594 0.0000 0.2210 0.0172
166      166   (0)      7  : 0.0955 0.0792 0.1157 0.1902 0.0933 0.0386 0.1003 0.2873
167      167   (0)      7  : 0.0509 0.0000 0.0299 0.0492 0.0000 0.2029 0.3668 0.3003
168      168   (0)      7  : 0.0000 0.0343 0.1633 0.2507 0.0328 0.0678 0.1172 0.3338
169      169   (0)      7  : 0.0416 0.4981 0.0000 0.0332 0.2976 0.0000 0.1214 0.0081
