  1        1   (0)      1 :  0.0000 0.0607 0.4947 0.4004 0.0442 0.0000 
  2        2   (0)      1 :  0.0000 0.0629 0.6597 0.2343 0.0427 0.0004 
  3        3   (0)      1 :  0.0000 1.0000 0.0000 0.0000 0.0000 0.0000 
  4        4   (0)      1 :  0.0000 0.0196 0.5799 0.3863 0.0142 0.0000 
  5        5   (0)      1 :  0.0000 0.0000 0.3169 0.6305 0.0526 0.0000 
  6        6   (0)      1 :  0.0000 0.2004 0.6531 0.1220 0.0246 0.0000 
  7        7   (0)      1 :  0.0000 0.0000 0.6785 0.2513 0.0703 0.0000 
  8        8   (0)      1 :  0.0000 0.0000 0.3664 0.6270 0.0066 0.0000 
  9        9   (0)      1 :  0.0000 1.0000 0.0000 0.0000 0.0000 0.0000 
 10       10   (0)      1 :  0.0000 0.0590 0.5695 0.2861 0.0853 0.0000 
 11       11   (0)      1 :  0.0000 0.0000 0.6920 0.2468 0.0611 0.0000 
 12       12   (0)      1 :  0.0000 0.0000 0.6163 0.3601 0.0235 0.0000 
 13       13   (0)      1 :  0.0000 0.0134 0.7955 0.1059 0.0853 0.0000 
 14       14   (0)      1 :  0.0000 0.0000 0.6082 0.3309 0.0609 0.0000 
 15       15   (0)      2 :  0.0000 0.0000 0.4938 0.4562 0.0500 0.0000 
 16       16   (0)      2 :  0.9164 0.0000 0.0000 0.0000 0.0179 0.0657 
 17       17   (0)      2 :  0.3967 0.0000 0.0000 0.0000 0.0015 0.6018 
 18       18   (0)      2 :  0.7712 0.0000 0.0000 0.0000 0.0696 0.1592 
 19       19   (0)      2 :  0.2809 0.0000 0.0000 0.0000 0.0326 0.6865 
 20       20   (0)      2 :  0.7429 0.0000 0.0000 0.0026 0.0700 0.1845 
 21       21   (0)      2 :  0.3519 0.0000 0.0000 0.0000 0.0083 0.6398 
 22       22   (0)      2 :  0.6343 0.0000 0.0000 0.0000 0.1315 0.2342 
 23       23   (0)      1 :  0.0000 0.0002 0.4911 0.4090 0.0916 0.0081 
 24       24   (0)      1 :  0.0072 0.0270 0.6054 0.2261 0.1238 0.0105 
 25       25   (0)      1 :  0.0000 1.0000 0.0000 0.0000 0.0000 0.0000 
 26       26   (0)      1 :  0.0000 0.0017 0.7995 0.1229 0.0759 0.0000 
 27       27   (0)      2 :  0.0500 0.0000 0.0000 0.0000 0.5500 0.4000 
 28       28   (0)      2 :  0.9256 0.0000 0.0000 0.0000 0.0000 0.0744 
 29       29   (0)      2 :  0.2610 0.0000 0.0000 0.0000 0.2071 0.5319 
 30       30   (0)      2 :  0.8818 0.0000 0.0000 0.0000 0.0000 0.1182 
 31       31   (0)      2 :  0.5312 0.0000 0.0050 0.0313 0.0027 0.4298 
 32       32   (0)      2 :  0.3851 0.1378 0.0000 0.0000 0.0584 0.4187 
 33       33   (0)      2 :  0.3402 0.0000 0.0000 0.0000 0.0530 0.6069 
 34       34   (0)      1 :  0.0000 0.0033 0.6659 0.2486 0.0822 0.0000 
 35       35   (0)      2 :  0.4674 0.0000 0.0000 0.0000 0.0003 0.5323 
 36       36   (0)      2 :  0.6935 0.0000 0.0000 0.0000 0.0322 0.2744 
 37       37   (0)      2 :  0.4941 0.0000 0.0000 0.0000 0.1133 0.3926 
 38       38   (0)      2 :  0.4333 0.0000 0.0000 0.0000 0.0000 0.5667 
 39       39   (0)      2 :  0.0000 0.0001 0.6001 0.3487 0.0510 0.0000 
 40       40   (0)      2 :  0.0000 0.0000 0.3958 0.5169 0.0873 0.0000 
 41       41   (0)      2 :  0.0000 0.0000 0.3078 0.6638 0.0283 0.0000 
 42       42   (0)      2 :  0.0000 0.0009 0.7470 0.1778 0.0744 0.0000 
 43       43   (0)      2 :  0.0000 0.0001 0.5776 0.3355 0.0869 0.0000 
 44       44   (0)      2 :  0.9636 0.0000 0.0000 0.0000 0.0000 0.0364 
 45       45   (0)      2 :  0.5755 0.0000 0.0000 0.0165 0.0289 0.3790 
 46       46   (0)      2 :  0.7278 0.0000 0.0000 0.0000 0.0000 0.2722 
 47       47   (0)      2 :  0.0000 0.0000 0.1706 0.7287 0.1007 0.0000 
 48       48   (0)      2 :  0.7045 0.0000 0.0000 0.0000 0.0457 0.2498 
 49       49   (0)      1 :  0.0000 0.0040 0.6940 0.1699 0.1321 0.0000 
 50       50   (0)      1 :  0.0000 0.0000 0.2961 0.6506 0.0533 0.0000 
 51       51   (0)      1 :  0.0000 0.0000 0.1746 0.7406 0.0848 0.0000 
 52       52   (0)      1 :  0.0000 0.0000 0.7112 0.2361 0.0527 0.0000 
 53       53   (0)      1 :  0.0000 0.0425 0.3313 0.4662 0.1600 0.0000 
 54       54   (0)      1 :  0.0000 0.0089 0.6005 0.3220 0.0686 0.0000 
 55       55   (0)      1 :  0.0000 0.0011 0.6692 0.2947 0.0350 0.0000 
 56       56   (0)      3 :  0.1981 0.0000 0.0000 0.0000 0.0929 0.7090 
 57       57   (0)      3 :  0.7337 0.0000 0.0000 0.0000 0.0403 0.2260 
 58       58   (0)      3 :  0.8712 0.0000 0.0000 0.0000 0.0000 0.1288 
 59       59   (0)      3 :  0.6450 0.0000 0.0000 0.0000 0.0387 0.3164 
 60       60   (0)      3 :  0.5202 0.0000 0.0000 0.0000 0.0941 0.3857 
 61       61   (0)      3 :  0.8155 0.0000 0.0000 0.0000 0.0003 0.1841 
 62       62   (0)      3 :  0.5058 0.0000 0.0000 0.0000 0.0000 0.4942 
 63       63   (0)      4 :  0.0000 1.0000 0.0000 0.0000 0.0000 0.0000 
 64       64   (0)      4 :  0.0000 0.0000 0.4766 0.4661 0.0573 0.0000 
 65       65   (0)      4 :  0.0000 0.0231 0.3651 0.5087 0.1032 0.0000 
 66       66   (0)      3 :  0.7709 0.0000 0.0000 0.0000 0.0000 0.2291 
 67       67   (0)      3 :  0.4480 0.0000 0.0000 0.0000 0.0122 0.5398 
 68       68   (0)      3 :  0.0500 0.0000 0.0000 0.0000 0.5500 0.4000 
 69       69   (0)      3 :  0.3820 0.0000 0.0000 0.0000 0.0919 0.5261 
 70       70   (0)      3 :  0.6476 0.0000 0.0000 0.0000 0.0000 0.3524 
 71       71   (0)      3 :  0.4620 0.0000 0.0000 0.0000 0.1163 0.4217 
 72       72   (0)      4 :  0.0000 0.0146 0.7766 0.1315 0.0766 0.0007 
 73       73   (0)      4 :  0.0399 0.0000 0.4622 0.3601 0.1223 0.0155 
 74       74   (0)      4 :  0.0000 0.0000 0.5730 0.3691 0.0579 0.0000 
 75       75   (0)      4 :  0.0000 0.0111 0.5862 0.3155 0.0872 0.0000 
 76       76   (0)      4 :  0.0000 0.0170 0.2759 0.6392 0.0679 0.0000 
 77       77   (0)      4 :  0.0000 0.0000 0.3665 0.5414 0.0921 0.0000 
 78       78   (0)      4 :  0.0000 0.0000 0.5160 0.4374 0.0466 0.0000 
 79       79   (0)      3 :  0.0000 0.0000 0.4551 0.4524 0.0925 0.0000 
 80       80   (0)      3 :  0.5030 0.0000 0.0000 0.0000 0.0160 0.4811 
 81       81   (0)      3 :  0.7857 0.0000 0.0000 0.0000 0.0000 0.2143 
 82       82   (0)      3 :  0.3456 0.0000 0.0000 0.0000 0.0323 0.6221 
 83       83   (0)      3 :  0.0000 0.0004 0.3965 0.5728 0.0303 0.0000 
 84       84   (0)      3 :  0.0000 0.0000 0.0500 0.6000 0.3500 0.0000 
 85       85   (0)      3 :  0.8635 0.0000 0.0000 0.0000 0.0000 0.1365 
 86       86   (0)      3 :  0.8170 0.0000 0.0000 0.0000 0.0000 0.1830 
 87       87   (0)      3 :  0.6722 0.0000 0.0025 0.0333 0.0633 0.2288 
 88       88   (0)      3 :  0.4647 0.0000 0.0000 0.0000 0.0000 0.5353 
 89       89   (0)      4 :  0.0198 0.0327 0.6745 0.1518 0.1158 0.0054 
 90       90   (0)      3 :  0.6670 0.0000 0.0000 0.0000 0.0002 0.3329 
 91       91   (0)      3 :  0.9169 0.0000 0.0000 0.0000 0.0056 0.0775 
 92       92   (0)      3 :  0.4289 0.0000 0.0000 0.0000 0.1888 0.3823 
 93       93   (0)      3 :  0.3513 0.0000 0.0000 0.0000 0.0568 0.5919 
 94       94   (0)      3 :  0.5813 0.0000 0.0651 0.0897 0.0335 0.2305 
 95       95   (0)      4 :  0.0768 0.0139 0.4792 0.3312 0.0598 0.0390 
 96       96   (0)      4 :  0.0000 0.0000 0.4658 0.4910 0.0431 0.0000 
 97       97   (0)      4 :  0.0000 0.0000 0.2994 0.6730 0.0277 0.0000 
 98       98   (0)      4 :  0.0299 0.0571 0.4963 0.3213 0.0875 0.0079 
 99       99   (0)      4 :  0.0000 0.0425 0.5365 0.2838 0.1373 0.0000 
100      100   (0)      4 :  0.0000 0.0067 0.4705 0.4272 0.0957 0.0000 
101      101   (0)      4 :  0.0000 0.0000 0.6088 0.3376 0.0537 0.0000 
102      102   (0)      4 :  0.0000 0.0000 0.3080 0.6819 0.0101 0.0000 
103      103   (0)      4 :  0.0000 1.0000 0.0000 0.0000 0.0000 0.0000 
104      104   (0)      4 :  0.0000 0.0208 0.8739 0.0761 0.0292 0.0000 
105      105   (0)      4 :  0.0000 0.0145 0.4948 0.4490 0.0417 0.0000 
106      106   (0)      4 :  0.0010 0.0156 0.5001 0.3142 0.1562 0.0129 
107      107   (0)      4 :  0.0000 0.0608 0.3873 0.4944 0.0575 0.0000 
108      108   (0)      4 :  0.0000 0.0000 0.0500 0.6000 0.3500 0.0000 
109      109   (0)      4 :  0.0000 0.0005 0.8889 0.0701 0.0405 0.0000 
110      110   (0)      4 :  0.0000 0.0981 0.6232 0.1744 0.1042 0.0000 
111      111   (0)      4 :  0.0000 1.0000 0.0000 0.0000 0.0000 0.0000 
112      112   (0)      4 :  0.0000 1.0000 0.0000 0.0000 0.0000 0.0000 
113      113   (0)      4 :  0.6173 0.0000 0.0000 0.0000 0.0130 0.3698 
114      114   (0)      4 :  0.0000 0.0020 0.7656 0.1719 0.0604 0.0000 
115      115   (0)      4 :  0.0000 0.0000 0.9631 0.0211 0.0158 0.0000 
116      116   (0)      4 :  0.0000 0.0001 0.7773 0.1375 0.0850 0.0000 
