1        1   (0)      1  : 0.0000 1.0000 0.0000 0.0000 0.0000 0.0000 0.0000
2        2   (0)      1  : 0.0000 0.0358 0.1935 0.0000 0.0000 0.0349 0.7359
3        3   (0)      1  : 0.0000 0.9973 0.0000 0.0000 0.0027 0.0000 0.0000
4        4   (0)      1  : 0.0000 0.0000 0.1920 0.0311 0.0023 0.1704 0.6042
5        5   (0)      1  : 0.0000 1.0000 0.0000 0.0000 0.0000 0.0000 0.0000
6        6   (0)      1  : 0.0000 1.0000 0.0000 0.0000 0.0000 0.0000 0.0000
7        7   (0)      1  : 0.0731 0.0432 0.3806 0.0000 0.0000 0.0000 0.5032
8        8   (0)      1  : 0.0000 0.0000 0.3957 0.0000 0.0000 0.1143 0.4900
9        9   (0)      1  : 0.0000 1.0000 0.0000 0.0000 0.0000 0.0000 0.0000
10       10   (0)      2  : 0.0000 0.0000 1.0000 0.0000 0.0000 0.0000 0.0000
11       11   (0)      2  : 0.0000 0.0000 0.9340 0.0000 0.0000 0.0000 0.0660
12       12   (0)      2  : 0.0000 0.0000 0.5735 0.0000 0.0000 0.0000 0.4265
13       13   (0)      3  : 0.0000 0.0013 0.0000 0.0000 0.9987 0.0000 0.0000
14       14   (0)      3  : 0.0000 0.0263 0.0000 0.0000 0.9737 0.0000 0.0000
15       15   (0)      3  : 0.0000 0.0735 0.0294 0.0000 0.8971 0.0000 0.0000
16       16   (0)      3  : 0.0000 0.1267 0.0230 0.0000 0.8503 0.0000 0.0000
17       17   (0)      3  : 0.0000 0.4250 0.0000 0.0000 0.5750 0.0000 0.0000
18       18   (0)      3  : 0.0000 0.0594 0.0000 0.0000 0.9406 0.0000 0.0000
19       19   (0)      3  : 0.0000 0.0000 0.5232 0.0266 0.0039 0.3130 0.1333
20       20   (0)      3  : 0.1536 0.0000 0.4068 0.0044 0.0000 0.3843 0.0510
21       21   (0)      2  : 0.0000 0.1310 0.7517 0.0000 0.0000 0.0000 0.1172
22       22   (0)      2  : 0.0000 0.0000 0.7225 0.0000 0.0000 0.0000 0.2775
23       23   (0)      2  : 0.0000 0.0000 0.3763 0.0000 0.0000 0.0000 0.6237
24       24   (0)      2  : 0.0000 0.0000 0.7035 0.0000 0.0000 0.0000 0.2965
25       25   (0)      2  : 0.0000 0.0000 1.0000 0.0000 0.0000 0.0000 0.0000
26       26   (0)      2  : 0.0000 0.0000 1.0000 0.0000 0.0000 0.0000 0.0000
27       27   (0)      2  : 0.0000 0.0000 0.6186 0.0000 0.0000 0.0000 0.3814
28       28   (0)      2  : 0.0000 0.0000 0.7845 0.0000 0.0000 0.0000 0.2155
29       29   (0)      2  : 0.0000 0.0000 1.0000 0.0000 0.0000 0.0000 0.0000
30       30   (0)      2  : 0.0000 0.0000 0.8439 0.0000 0.0000 0.0000 0.1561
31       31   (0)      2  : 0.0000 0.2890 0.7110 0.0000 0.0000 0.0000 0.0000
32       32   (0)      2  : 0.0039 0.0798 0.8011 0.0000 0.1152 0.0000 0.0000
33       33   (0)      2  : 0.0000 0.0000 1.0000 0.0000 0.0000 0.0000 0.0000
34       34   (0)      2  : 0.0000 0.0000 1.0000 0.0000 0.0000 0.0000 0.0000
35       35   (0)      2  : 0.0000 0.0000 1.0000 0.0000 0.0000 0.0000 0.0000
36       36   (0)      2  : 0.0000 0.0000 0.6038 0.0209 0.0000 0.0000 0.3753
37       37   (0)      2  : 0.0000 0.7582 0.0910 0.0000 0.1508 0.0000 0.0000
38       38   (0)      2  : 0.0000 0.0000 1.0000 0.0000 0.0000 0.0000 0.0000
39       39   (0)      2  : 0.0142 0.0000 0.7722 0.0000 0.0299 0.0546 0.1291
40       40   (0)      2  : 0.0000 0.0000 0.7870 0.0000 0.0000 0.0000 0.2130
41       41   (0)      2  : 0.0000 0.0000 0.7624 0.0000 0.0718 0.0071 0.1588
42       42   (0)      2  : 0.0000 0.0000 0.5970 0.0000 0.0000 0.0000 0.4030
43       43   (0)      4  : 1.0000 0.0000 0.0000 0.0000 0.0000 0.0000 0.0000
44       44   (0)      4  : 0.9727 0.0273 0.0000 0.0000 0.0000 0.0000 0.0000
45       45   (0)      4  : 0.9173 0.0000 0.0000 0.0827 0.0000 0.0000 0.0000
46       46   (0)      4  : 0.7927 0.0000 0.0000 0.0705 0.0000 0.1368 0.0000
47       47   (0)      4  : 0.9375 0.0330 0.0000 0.0000 0.0295 0.0000 0.0000
48       48   (0)      4  : 0.2474 0.0000 0.0000 0.0000 0.7526 0.0000 0.0000
49       49   (0)      4  : 0.1089 0.0000 0.0000 0.0000 0.8911 0.0000 0.0000
50       50   (0)      4  : 1.0000 0.0000 0.0000 0.0000 0.0000 0.0000 0.0000
51       51   (0)      4  : 0.9571 0.0000 0.0000 0.0000 0.0000 0.0429 0.0000
52       52   (0)      4  : 0.6564 0.0246 0.0024 0.2206 0.0500 0.0000 0.0460
53       53   (0)      4  : 0.7765 0.0000 0.0000 0.1732 0.0504 0.0000 0.0000
54       54   (0)      4  : 0.1341 0.0688 0.0000 0.0000 0.7971 0.0000 0.0000
55       55   (0)      4  : 0.1155 0.0373 0.0000 0.0000 0.8473 0.0000 0.0000
56       56   (0)      4  : 0.2482 0.0000 0.0000 0.0000 0.7518 0.0000 0.0000
57       57   (0)      4  : 0.8400 0.0000 0.0000 0.1600 0.0000 0.0000 0.0000
58       58   (0)      4  : 0.9387 0.0000 0.0000 0.0000 0.0000 0.0613 0.0000
59       59   (0)      4  : 1.0000 0.0000 0.0000 0.0000 0.0000 0.0000 0.0000
60       60   (0)      4  : 1.0000 0.0000 0.0000 0.0000 0.0000 0.0000 0.0000
61       61   (0)      4  : 0.9388 0.0000 0.0000 0.0000 0.0000 0.0612 0.0000
62       62   (0)      4  : 0.9757 0.0000 0.0000 0.0000 0.0000 0.0000 0.0243
63       63   (0)      4  : 1.0000 0.0000 0.0000 0.0000 0.0000 0.0000 0.0000
64       64   (0)      4  : 1.0000 0.0000 0.0000 0.0000 0.0000 0.0000 0.0000
65       65   (0)      4  : 0.0000 0.0012 0.0000 0.0000 0.9988 0.0000 0.0000
66       66   (0)      4  : 0.9259 0.0000 0.0000 0.0000 0.0000 0.0740 0.0000
67       67   (0)      4  : 0.8720 0.0000 0.0000 0.1280 0.0000 0.0000 0.0000
68       68   (0)      4  : 0.1694 0.0652 0.0000 0.0000 0.7654 0.0000 0.0000
69       69   (0)      4  : 0.8844 0.0000 0.0000 0.0000 0.0000 0.0017 0.1139
70       70   (0)      4  : 1.0000 0.0000 0.0000 0.0000 0.0000 0.0000 0.0000
71       71   (0)      4  : 0.0466 0.0000 0.0000 0.0000 0.9534 0.0000 0.0000
72       72   (0)      5  : 0.0000 0.0000 0.0000 0.0000 0.0000 1.0000 0.0000
73       73   (0)      5  : 0.0421 0.0000 0.0112 0.3707 0.0000 0.5521 0.0239
74       74   (0)      5  : 0.0772 0.0000 0.0000 0.1691 0.0000 0.7537 0.0000
75       75   (0)      5  : 0.0020 0.0000 0.0000 0.0000 0.0000 0.9059 0.0922
76       76   (0)      5  : 0.1464 0.0720 0.1033 0.1852 0.0000 0.4582 0.0349
77       77   (0)      5  : 0.0000 0.0000 0.0000 0.0516 0.0000 0.9484 0.0000
78       78   (0)      5  : 0.0000 0.0000 0.0000 0.0000 0.0000 1.0000 0.0000
79       79   (0)      5  : 0.0000 0.0000 0.0000 0.0000 0.0000 1.0000 0.0000
80       80   (0)      5  : 0.0000 0.0000 0.0000 0.0002 0.8763 0.1235 0.0000
81       81   (0)      5  : 0.0000 0.1911 0.0000 0.0000 0.2806 0.5283 0.0000
82       82   (0)      5  : 0.2723 0.0000 0.0000 0.2222 0.0000 0.5055 0.0000
83       83   (0)      5  : 0.0000 0.0000 0.0000 0.0000 0.0000 1.0000 0.0000
84       84   (0)      5  : 0.0000 0.0000 0.0000 0.0000 0.0000 1.0000 0.0000
85       85   (0)      5  : 0.0000 0.0000 0.0000 0.0000 0.0000 1.0000 0.0000
86       86   (0)      5  : 0.0000 0.0000 0.0000 0.0000 0.0000 1.0000 0.0000
87       87   (0)      5  : 0.0000 0.0000 0.0000 0.0000 0.0000 0.9563 0.0437
88       88   (0)      5  : 0.0000 0.0000 0.0000 0.0000 0.0000 1.0000 0.0000
89       89   (0)      5  : 0.0000 0.0000 0.0000 0.0000 0.0000 1.0000 0.0000
90       90   (0)      5  : 0.0000 0.0000 0.0000 0.0000 0.0000 1.0000 0.0000
91       91   (0)      5  : 0.0000 0.0000 0.0000 0.0000 0.0000 1.0000 0.0000
92       92   (0)      5  : 0.0000 0.0004 0.0000 0.0000 0.7886 0.2110 0.0000
93       93   (0)      5  : 0.0220 0.0000 0.0292 0.0001 0.0000 0.9487 0.0000
94       94   (0)      5  : 0.0193 0.0000 0.0000 0.2774 0.0000 0.7033 0.0000
95       95   (0)      5  : 0.1730 0.0000 0.0000 0.0150 0.0000 0.8119 0.0000
96       96   (0)      5  : 0.1349 0.0000 0.0276 0.1589 0.0000 0.6786 0.0000
97       97   (0)      6  : 0.1637 0.0000 0.0164 0.0000 0.0067 0.4282 0.3850
98       98   (0)      6  : 0.0000 0.0000 0.0008 0.0704 0.0000 0.0709 0.8580
99       99   (0)      6  : 0.0000 0.7829 0.0000 0.0000 0.2171 0.0000 0.0000
100      100   (0)      6  : 0.1682 0.0000 0.0860 0.0000 0.0000 0.1863 0.5595
101      101   (0)      6  : 0.0000 0.4631 0.0000 0.0000 0.5369 0.0000 0.0000
102      102   (0)      6  : 0.0000 0.8344 0.0000 0.0000 0.1656 0.0000 0.0000
103      103   (0)      6  : 0.0000 0.5239 0.0000 0.0000 0.4672 0.0051 0.0037
104      104   (0)      6  : 0.1070 0.1471 0.1059 0.0619 0.0212 0.3038 0.2532
105      105   (0)      6  : 0.0000 0.8482 0.0000 0.0000 0.1518 0.0000 0.0000
106      106   (0)      6  : 0.0000 0.0000 0.0000 0.0000 0.0000 0.2033 0.7967
107      107   (0)      3  : 0.0072 0.4618 0.0000 0.0000 0.5310 0.0000 0.0000
108      108   (0)      3  : 0.1615 0.0000 0.0000 0.1020 0.0000 0.3110 0.4254
109      109   (0)      3  : 0.0000 0.1492 0.0000 0.0000 0.8508 0.0000 0.0000
110      110   (0)      2  : 0.0000 0.0000 0.0000 0.0000 0.0000 0.0000 1.0000
111      111   (0)      2  : 0.0000 0.6932 0.0003 0.0000 0.3065 0.0000 0.0000
112      112   (0)      3  : 0.0000 0.2485 0.0000 0.0000 0.7116 0.0399 0.0000
113      113   (0)      2  : 0.0000 0.0000 0.8995 0.0000 0.0000 0.0000 0.1005
114      114   (0)      2  : 0.0000 0.6326 0.0000 0.0000 0.3475 0.0000 0.0199
115      115   (0)      3  : 0.0000 0.3924 0.0000 0.0000 0.6076 0.0000 0.0000
116      116   (0)      3  : 0.0000 0.1044 0.0407 0.0000 0.8549 0.0000 0.0000
117      117   (0)      3  : 0.0000 0.1228 0.0000 0.0000 0.8613 0.0000 0.0159
118      118   (0)      3  : 0.0000 0.2035 0.0000 0.0000 0.7965 0.0000 0.0000
119      119   (0)      3  : 0.0000 0.3232 0.0000 0.0000 0.6768 0.0000 0.0000
120      120   (0)      3  : 0.0841 0.0000 0.2128 0.0081 0.0000 0.3520 0.3430
121      121   (0)      3  : 0.0000 0.1591 0.0000 0.0000 0.8409 0.0000 0.0000
122      122   (0)      3  : 0.0000 0.1914 0.0180 0.0000 0.7906 0.0000 0.0000
123      123   (0)      3  : 0.0000 0.1312 0.0042 0.1139 0.7508 0.0000 0.0000
124      124   (0)      3  : 0.0000 0.0000 0.0000 0.0000 1.0000 0.0000 0.0000
125      125   (0)      3  : 0.1089 0.0000 0.4880 0.0246 0.0012 0.1450 0.2323
126      126   (0)      3  : 0.0000 0.1476 0.0000 0.0000 0.8524 0.0000 0.0000
127      127   (0)      3  : 0.0000 0.0000 0.2437 0.0000 0.0000 0.2013 0.5550
128      128   (0)      3  : 0.0000 0.0000 0.0000 0.0000 1.0000 0.0000 0.0000
129      129   (0)      6  : 0.0415 0.5614 0.0000 0.0000 0.3195 0.0000 0.0776
130      130   (0)      6  : 0.0000 0.0000 0.0000 0.1858 0.0000 0.2028 0.6114
131      131   (0)      6  : 0.0000 0.4798 0.0000 0.0000 0.5202 0.0000 0.0000
132      132   (0)      6  : 0.0000 0.0000 0.1894 0.0000 0.0000 0.2719 0.5388
133      133   (0)      6  : 0.0000 1.0000 0.0000 0.0000 0.0000 0.0000 0.0000
134      134   (0)      6  : 0.0000 0.5514 0.0031 0.0000 0.4127 0.0231 0.0097
135      135   (0)      6  : 0.0000 0.4972 0.0000 0.0000 0.5028 0.0000 0.0000
136      136   (0)      6  : 0.0000 0.5595 0.0000 0.0000 0.4405 0.0000 0.0000
137      137   (0)      6  : 0.0000 0.6879 0.0000 0.0000 0.3121 0.0000 0.0000
138      138   (0)      6  : 0.0000 0.6340 0.0000 0.0000 0.3660 0.0000 0.0000
139      139   (0)      6  : 0.0000 0.3191 0.0000 0.0000 0.5906 0.0903 0.0000
140      140   (0)      6  : 0.1219 0.0000 0.3469 0.1156 0.0000 0.1175 0.2981
141      141   (0)      1  : 0.0000 0.0000 0.0000 0.0000 0.0000 0.0000 1.0000
142      142   (0)      1  : 0.0000 0.8785 0.0000 0.0000 0.0011 0.0000 0.1204
143      143   (0)      1  : 0.0000 0.0000 0.1333 0.1518 0.0000 0.0000 0.7149
144      144   (0)      1  : 0.0000 0.0024 0.0000 0.0000 0.0061 0.0000 0.9914
145      145   (0)      1  : 0.0000 0.0000 0.0000 0.0000 0.0000 0.0000 1.0000
146      146   (0)      1  : 0.0000 1.0000 0.0000 0.0000 0.0000 0.0000 0.0000
147      147   (0)      6  : 0.0000 0.6955 0.0000 0.0000 0.3045 0.0000 0.0000
148      148   (0)      6  : 0.0000 0.0000 0.0000 0.0000 0.0000 0.0637 0.9363
149      149   (0)      6  : 0.0000 0.7688 0.0516 0.0000 0.1796 0.0000 0.0000
150      150   (0)      6  : 0.0799 0.7637 0.0000 0.0000 0.1495 0.0000 0.0069
151      151   (0)      6  : 0.0000 1.0000 0.0000 0.0000 0.0000 0.0000 0.0000
152      152   (0)      6  : 0.0000 0.5301 0.0000 0.0000 0.4699 0.0000 0.0000
153      153   (0)      6  : 0.0173 0.0000 0.0000 0.0000 0.0000 0.2097 0.7731
154      154   (0)      1  : 0.0000 0.0000 0.0000 0.0000 0.0000 0.0000 1.0000
155      155   (0)      1  : 0.0000 1.0000 0.0000 0.0000 0.0000 0.0000 0.0000
156      156   (0)      1  : 0.0000 1.0000 0.0000 0.0000 0.0000 0.0000 0.0000
157      157   (0)      1  : 0.0000 1.0000 0.0000 0.0000 0.0000 0.0000 0.0000
158      158   (0)      1  : 0.0000 0.0081 0.3204 0.0000 0.0000 0.0000 0.6715
159      159   (0)      1  : 0.0000 0.0000 0.0000 0.0000 0.0000 0.0000 1.0000
160      160   (0)      1  : 0.0000 0.0000 0.3405 0.0000 0.0000 0.0000 0.6595
161      161   (0)      1  : 0.0000 1.0000 0.0000 0.0000 0.0000 0.0000 0.0000
162      162   (0)      1  : 0.0000 0.0000 0.1797 0.0000 0.0000 0.0400 0.7804
163      163   (0)      1  : 0.0000 0.0000 0.3779 0.0000 0.0000 0.0000 0.6221
164      164   (0)      1  : 0.0000 1.0000 0.0000 0.0000 0.0000 0.0000 0.0000
165      165   (0)      1  : 0.0000 1.0000 0.0000 0.0000 0.0000 0.0000 0.0000
166      166   (0)      1  : 0.0000 0.0000 0.0000 0.0000 0.0000 0.0000 1.0000
167      167   (0)      1  : 0.0000 1.0000 0.0000 0.0000 0.0000 0.0000 0.0000
168      168   (0)      7  : 0.0000 0.0000 0.0000 0.6723 0.0000 0.0000 0.3277
169      169   (0)      7  : 0.0000 0.0000 0.2340 0.6325 0.0000 0.1335 0.0000
170      170   (0)      7  : 0.0000 0.1156 0.0000 0.8844 0.0000 0.0000 0.0000
171      171   (0)      7  : 0.0000 0.0900 0.0000 0.9099 0.0001 0.0000 0.0000
172      172   (0)      7  : 0.0000 0.0000 0.0000 1.0000 0.0000 0.0000 0.0000
173      173   (0)      7  : 0.0000 0.0000 0.0000 0.8002 0.0000 0.1998 0.0000
174      174   (0)      7  : 0.0000 0.0000 0.0000 0.9849 0.0000 0.0151 0.0000
175      175   (0)      7  : 0.0000 0.0000 0.0000 0.0743 0.9257 0.0000 0.0000
176      176   (0)      7  : 0.0000 0.0000 0.0000 1.0000 0.0000 0.0000 0.0000
177      177   (0)      7  : 0.0000 0.0000 0.0000 1.0000 0.0000 0.0000 0.0000
178      178   (0)      7  : 0.0000 0.0000 0.0000 0.1421 0.8579 0.0000 0.0000
179      179   (0)      7  : 0.0000 0.0643 0.0000 0.0000 0.9357 0.0000 0.0000
180      180   (0)      7  : 0.0000 0.0000 0.0000 1.0000 0.0000 0.0000 0.0000
181      181   (0)      7  : 0.0169 0.0000 0.0000 0.9148 0.0000 0.0683 0.0000
182      182   (0)      7  : 0.0000 0.0000 0.0000 0.9000 0.0000 0.1000 0.0000
183      183   (0)      7  : 0.0000 0.0000 0.0000 0.8766 0.1234 0.0000 0.0000
184      184   (0)      7  : 0.0000 0.0856 0.0000 0.0810 0.8335 0.0000 0.0000
185      185   (0)      7  : 0.0000 0.0000 0.0000 1.0000 0.0000 0.0000 0.0000
186      186   (0)      7  : 0.0000 0.0000 0.0000 0.0357 0.9643 0.0000 0.0000
187      187   (0)      7  : 0.0000 0.0000 0.0000 0.8421 0.0000 0.1579 0.0000
188      188   (0)      7  : 0.0000 0.0000 0.0000 0.0009 0.9991 0.0000 0.0000
189      189   (0)      7  : 0.0000 0.0000 0.0000 0.6590 0.2164 0.1246 0.0000
190      190   (0)      7  : 0.0000 0.0003 0.1504 0.7078 0.0001 0.1414 0.0000
191      191   (0)      7  : 0.0000 0.0000 0.0000 1.0000 0.0000 0.0000 0.0000
192      192   (0)      7  : 0.0568 0.0000 0.0000 0.7017 0.2282 0.0000 0.0133
193      193   (0)      7  : 0.0442 0.0000 0.0000 0.9558 0.0000 0.0000 0.0000
194      194   (0)      7  : 0.0000 0.0000 0.0000 0.0831 0.9169 0.0000 0.0000
195      195   (0)      7  : 0.0000 0.0000 0.0000 0.7629 0.0000 0.2371 0.0000
196      196   (0)      7  : 0.0000 0.0000 0.0000 0.0000 1.0000 0.0000 0.0000
197      197   (0)      7  : 0.0000 0.0000 0.0000 0.1496 0.8504 0.0000 0.0000
