1        1   (0)      1  : 0.3461 0.0000 0.0832 0.0000 0.0000 0.0678 0.3352 0.0830 0.0000 0.0847
2        2   (0)      1  : 0.0000 0.0000 0.3489 0.0000 0.3031 0.1090 0.0748 0.0774 0.0000 0.0868
3        3   (0)      1  : 0.0000 0.0000 0.0000 0.1407 0.2486 0.0000 0.1590 0.1841 0.1901 0.0774
4        4   (0)      1  : 0.0000 0.0000 0.5000 0.0000 0.0000 0.5000 0.0000 0.0000 0.0000 0.0000
5        5   (0)      1  : 0.0000 0.0000 0.0000 0.3038 0.0000 0.0000 0.1163 0.3635 0.0000 0.2163
6        6   (0)      1  : 0.0000 0.0000 0.0905 0.0546 0.0662 0.1285 0.3085 0.0811 0.2151 0.0555
7        7   (0)      1  : 0.0000 0.2536 0.0000 0.5222 0.0000 0.0000 0.1192 0.1050 0.0000 0.0000
8        8   (0)      1  : 0.0762 0.0000 0.0000 0.0000 0.4238 0.5000 0.0000 0.0000 0.0000 0.0000
9        9   (0)      1  : 0.0000 0.1954 0.0000 0.0000 0.0000 0.1319 0.0000 0.0000 0.0000 0.6727
10       10   (0)      1  : 0.0000 0.1304 0.3404 0.0000 0.0000 0.0122 0.1051 0.4119 0.0000 0.0001
11       11   (0)      1  : 0.0000 1.0000 0.0000 0.0000 0.0000 0.0000 0.0000 0.0000 0.0000 0.0000
12       12   (0)      1  : 0.1409 0.0000 0.0000 0.0000 0.0000 0.0000 0.0000 0.8591 0.0000 0.0000
13       13   (0)      2  : 0.7159 0.0000 0.0000 0.0000 0.2840 0.0000 0.0000 0.0000 0.0000 0.0001
14       14   (0)      2  : 0.0000 1.0000 0.0000 0.0000 0.0000 0.0000 0.0000 0.0000 0.0000 0.0000
15       15   (0)      2  : 0.1127 0.8873 0.0000 0.0000 0.0000 0.0000 0.0000 0.0000 0.0000 0.0000
16       16   (0)      2  : 0.2152 0.7848 0.0000 0.0000 0.0000 0.0000 0.0000 0.0000 0.0000 0.0000
17       17   (0)      2  : 0.0000 0.5306 0.0000 0.0000 0.4152 0.0000 0.0000 0.0000 0.0542 0.0000
18       18   (0)      2  : 0.1399 0.6281 0.0000 0.0000 0.0000 0.0000 0.0000 0.2320 0.0000 0.0000
19       19   (0)      2  : 0.5000 0.4108 0.0000 0.0000 0.0000 0.0000 0.0000 0.0892 0.0000 0.0000
20       20   (0)      2  : 0.0012 0.0517 0.0672 0.4859 0.0739 0.0000 0.0000 0.1017 0.0000 0.2183
21       21   (0)      2  : 0.0000 0.0000 0.0000 0.0000 0.0000 0.0000 0.5046 0.0808 0.4146 0.0000
22       22   (0)      2  : 0.2970 0.0561 0.0000 0.0000 0.0000 0.0000 0.0000 0.3656 0.0000 0.2813
23       23   (0)      2  : 0.0089 0.4985 0.0000 0.0853 0.2658 0.0000 0.0075 0.0000 0.0000 0.1339
24       24   (0)      2  : 0.0000 0.0002 0.0000 0.3358 0.4689 0.1950 0.0000 0.0000 0.0000 0.0000
25       25   (0)      2  : 0.1274 0.1804 0.0000 0.1790 0.1179 0.0664 0.0000 0.1322 0.0804 0.1163
26       26   (0)      2  : 0.1714 0.0000 0.0000 0.0000 0.0000 0.0000 0.0000 0.8286 0.0000 0.0000
27       27   (0)      2  : 0.0318 0.0000 0.0761 0.0000 0.0527 0.0000 0.0509 0.4448 0.2315 0.1122
28       28   (0)      2  : 0.1778 0.6245 0.0000 0.0000 0.1089 0.0513 0.0000 0.0376 0.0000 0.0000
29       29   (0)      2  : 0.0000 0.0000 0.0000 0.1826 0.0661 0.2893 0.0822 0.3023 0.0000 0.0774
30       30   (0)      2  : 0.1968 0.3704 0.0000 0.0509 0.2213 0.1022 0.0000 0.0583 0.0000 0.0000
31       31   (0)      2  : 0.0000 0.2964 0.2781 0.2865 0.0000 0.0000 0.0452 0.0234 0.0394 0.0310
32       32   (0)      2  : 0.0185 0.1717 0.3779 0.0000 0.0794 0.0353 0.0000 0.2339 0.0416 0.0418
33       33   (0)      2  : 0.5000 0.5000 0.0000 0.0000 0.0000 0.0000 0.0000 0.0000 0.0000 0.0000
34       34   (0)      3  : 0.0000 0.0000 0.0739 0.1420 0.0388 0.0000 0.6172 0.1281 0.0000 0.0000
35       35   (0)      3  : 0.0000 0.0000 0.0000 1.0000 0.0000 0.0000 0.0000 0.0000 0.0000 0.0000
36       36   (0)      3  : 0.0000 0.0000 0.2697 0.1006 0.0000 0.0000 0.4237 0.0861 0.0000 0.1199
37       37   (0)      3  : 0.1061 0.0000 0.1507 0.0555 0.0745 0.5000 0.1132 0.0000 0.0000 0.0000
38       38   (0)      3  : 0.0109 0.0000 0.3277 0.0000 0.3341 0.1641 0.0390 0.0285 0.0000 0.0957
39       39   (0)      3  : 0.0536 0.0004 0.1852 0.0000 0.0000 0.1939 0.1341 0.0000 0.4328 0.0000
40       40   (0)      3  : 0.0000 0.0000 0.1671 0.0803 0.1041 0.2390 0.2563 0.0762 0.0000 0.0771
41       41   (0)      3  : 0.0906 0.0336 0.0940 0.2477 0.0703 0.0678 0.2240 0.1198 0.0000 0.0522
42       42   (0)      3  : 0.1077 0.1786 0.0027 0.0813 0.1292 0.1850 0.2657 0.0000 0.0499 0.0000
43       43   (0)      3  : 0.0000 0.0000 0.2288 0.0000 0.0000 0.5000 0.1075 0.0652 0.0985 0.0000
44       44   (0)      3  : 0.2142 0.0000 0.0000 0.1682 0.4138 0.0000 0.2038 0.0000 0.0000 0.0000
45       45   (0)      3  : 0.0000 0.0000 0.0000 0.1204 0.6978 0.1239 0.0000 0.0000 0.0578 0.0000
46       46   (0)      3  : 0.0341 0.0302 0.3371 0.0000 0.1651 0.1185 0.0001 0.0000 0.3149 0.0000
47       47   (0)      3  : 0.3041 0.0000 0.0000 0.1166 0.2137 0.0531 0.1374 0.0781 0.0970 0.0000
48       48   (0)      3  : 0.0000 0.0000 0.0000 0.5000 0.0000 0.0000 0.5000 0.0000 0.0000 0.0000
49       49   (0)      3  : 0.0000 0.0000 0.0000 0.0000 1.0000 0.0000 0.0000 0.0000 0.0000 0.0000
50       50   (0)      3  : 0.0000 0.0276 0.2448 0.1146 0.0820 0.0967 0.1739 0.0682 0.1384 0.0538
51       51   (0)      3  : 0.0013 0.0000 0.6831 0.0000 0.0000 0.0000 0.0745 0.0000 0.1310 0.1102
52       52   (0)      3  : 0.0000 0.2964 0.1741 0.1785 0.0000 0.3510 0.0000 0.0000 0.0000 0.0000
53       53   (0)      3  : 0.0000 0.0369 0.0418 0.1269 0.1180 0.0000 0.0000 0.0156 0.6197 0.0411
54       54   (0)      3  : 0.1798 0.0000 0.1651 0.0000 0.0966 0.0000 0.3220 0.1604 0.0000 0.0760
55       55   (0)      3  : 0.0000 0.0728 0.0000 0.0000 0.5756 0.1860 0.0015 0.0000 0.0000 0.1642
56       56   (0)      3  : 0.0000 0.0000 0.1765 0.0000 0.1768 0.1789 0.1651 0.0302 0.2044 0.0682
57       57   (0)      3  : 0.0000 0.0000 0.1332 0.0000 0.1151 0.5000 0.1534 0.0000 0.0000 0.0983
58       58   (0)      3  : 0.0000 0.0000 0.0000 0.0000 0.5000 0.5000 0.0000 0.0000 0.0000 0.0000
59       59   (0)      3  : 0.0470 0.0000 0.1884 0.0000 0.0000 0.0000 0.0000 0.0000 0.6981 0.0665
60       60   (0)      4  : 0.3731 0.1994 0.1747 0.0000 0.0000 0.0000 0.0000 0.1441 0.0000 0.1087
61       61   (0)      4  : 0.7148 0.1789 0.0000 0.1062 0.0000 0.0000 0.0000 0.0000 0.0000 0.0000
62       62   (0)      4  : 0.0000 0.2186 0.0000 0.0766 0.0120 0.1435 0.0000 0.0000 0.5493 0.0000
63       63   (0)      4  : 0.1239 0.0000 0.0000 0.0385 0.0000 0.1283 0.5181 0.1148 0.0764 0.0000
64       64   (0)      4  : 0.0000 0.1570 0.5408 0.0000 0.0000 0.1526 0.1496 0.0000 0.0000 0.0000
65       65   (0)      4  : 0.0000 0.0000 0.0000 0.0000 0.0000 0.0000 0.0000 0.0000 1.0000 0.0000
66       66   (0)      4  : 0.0513 0.0001 0.4830 0.1028 0.0000 0.3628 0.0000 0.0000 0.0000 0.0000
67       67   (0)      4  : 0.0797 0.2594 0.1502 0.0000 0.3193 0.1915 0.0000 0.0000 0.0000 0.0000
68       68   (0)      4  : 0.0245 0.0000 0.0000 0.0000 0.0000 0.1740 0.0000 0.0002 0.6969 0.1044
69       69   (0)      4  : 0.0000 0.0000 0.0000 0.0000 0.1151 0.1754 0.5082 0.0791 0.1222 0.0000
70       70   (0)      4  : 0.3575 0.1845 0.0000 0.0000 0.0000 0.0712 0.0748 0.2825 0.0000 0.0296
71       71   (0)      4  : 0.0348 0.0000 0.2630 0.0572 0.1292 0.2074 0.0005 0.0585 0.1928 0.0565
72       72   (0)      4  : 0.0000 0.5666 0.0000 0.0000 0.3395 0.0000 0.0000 0.0000 0.0000 0.0939
73       73   (0)      4  : 0.0000 0.0195 0.0964 0.0908 0.3030 0.0903 0.2390 0.1609 0.0000 0.0000
74       74   (0)      4  : 0.0000 0.0000 0.0000 0.5000 0.0000 0.0000 0.5000 0.0000 0.0000 0.0000
75       75   (0)      4  : 0.0000 0.0000 0.0000 0.5000 0.0000 0.0000 0.5000 0.0000 0.0000 0.0000
76       76   (0)      4  : 0.0000 0.0300 0.0000 0.4352 0.2636 0.0000 0.1519 0.0000 0.1191 0.0002
77       77   (0)      4  : 0.0000 0.0000 0.0184 0.0910 0.0937 0.1752 0.2775 0.2496 0.0000 0.0946
78       78   (0)      4  : 0.0000 0.0000 0.0000 0.1841 0.0243 0.0800 0.3741 0.1720 0.0957 0.0699
79       79   (0)      4  : 0.0000 0.0000 0.0766 0.4073 0.1152 0.0000 0.3638 0.0369 0.0000 0.0000
80       80   (0)      4  : 0.0000 0.0000 0.2952 0.0000 0.2003 0.1257 0.1226 0.0326 0.1140 0.1095
81       81   (0)      4  : 0.2817 0.3592 0.0640 0.0560 0.0000 0.0000 0.1395 0.0601 0.0395 0.0000
82       82   (0)      4  : 0.0000 0.0000 0.1026 0.0022 0.0000 0.0000 0.7484 0.1468 0.0000 0.0000
83       83   (0)      4  : 0.0000 0.0000 0.2767 0.0000 0.2874 0.1319 0.0000 0.0663 0.2377 0.0000
84       84   (0)      4  : 0.0000 0.0709 0.3474 0.0026 0.2059 0.1268 0.0381 0.0000 0.0760 0.1324
85       85   (0)      4  : 0.3677 0.1362 0.0000 0.0000 0.0000 0.0000 0.0000 0.2723 0.1090 0.1149
86       86   (0)      5  : 0.0457 0.0000 0.3437 0.0000 0.0000 0.1018 0.0657 0.4032 0.0400 0.0000
87       87   (0)      5  : 0.0691 0.0594 0.0655 0.1957 0.1742 0.0561 0.2702 0.0031 0.0000 0.1066
88       88   (0)      5  : 0.1375 0.0040 0.3084 0.0433 0.0802 0.0791 0.0646 0.1246 0.1366 0.0217
89       89   (0)      5  : 0.0000 0.0000 0.0000 0.0000 0.1495 0.2293 0.3004 0.2786 0.0000 0.0421
90       90   (0)      5  : 0.0000 0.0000 0.0000 0.1897 0.0388 0.0000 0.0000 0.2964 0.4520 0.0231
91       91   (0)      5  : 0.0417 0.0611 0.0520 0.0000 0.4282 0.2098 0.1348 0.0156 0.0000 0.0568
92       92   (0)      5  : 0.0000 0.0000 0.5072 0.3985 0.0000 0.0000 0.0943 0.0000 0.0000 0.0000
93       93   (0)      5  : 0.0000 0.0000 0.0000 0.0000 1.0000 0.0000 0.0000 0.0000 0.0000 0.0000
94       94   (0)      5  : 0.0172 0.0333 0.3880 0.0289 0.0000 0.1664 0.2877 0.0000 0.0000 0.0786
95       95   (0)      5  : 0.0000 0.1512 0.0000 0.0000 0.0000 0.0000 0.0000 0.3488 0.0000 0.5000
96       96   (0)      5  : 0.0000 0.0000 0.0000 0.0000 0.2014 0.0000 0.0000 0.0000 0.7986 0.0000
97       97   (0)      5  : 0.0000 0.1731 0.0533 0.0000 0.1696 0.4278 0.0969 0.0000 0.0000 0.0793
98       98   (0)      5  : 0.1782 0.0000 0.3218 0.0000 0.0000 0.5000 0.0000 0.0000 0.0000 0.0000
99       99   (0)      5  : 0.0000 0.0000 0.0000 0.0000 0.6976 0.0000 0.0000 0.0601 0.2423 0.0000
100      100   (0)      5  : 0.0000 0.0000 0.2068 0.2932 0.0000 0.5000 0.0000 0.0000 0.0000 0.0000
101      101   (0)      5  : 0.0000 0.0006 0.2085 0.0000 0.1256 0.0000 0.5436 0.0000 0.1217 0.0000
102      102   (0)      5  : 0.0189 0.0000 0.0000 0.2386 0.0000 0.1090 0.6335 0.0000 0.0000 0.0000
103      103   (0)      5  : 0.0000 0.0223 0.1522 0.0000 0.1195 0.5000 0.0820 0.0000 0.1232 0.0009
104      104   (0)      5  : 0.0000 0.0506 0.0727 0.0311 0.0125 0.1366 0.0000 0.0734 0.0344 0.5887
105      105   (0)      5  : 0.0627 0.0000 0.7747 0.0000 0.1625 0.0000 0.0000 0.0000 0.0000 0.0000
106      106   (0)      5  : 0.0000 0.0000 0.0000 0.8679 0.0000 0.0000 0.0000 0.0000 0.0000 0.1321
107      107   (0)      5  : 0.0000 0.0000 0.0000 0.0000 0.0000 0.0000 0.0000 0.0000 1.0000 0.0000
108      108   (0)      5  : 0.1969 0.0000 0.0000 0.3843 0.2041 0.0000 0.0670 0.0000 0.0333 0.1143
109      109   (0)      5  : 0.1204 0.2481 0.0000 0.0000 0.6315 0.0000 0.0000 0.0000 0.0000 0.0000
110      110   (0)      5  : 0.1296 0.1071 0.0717 0.0808 0.3791 0.1359 0.0957 0.0000 0.0001 0.0000
111      111   (0)      5  : 0.0000 0.0000 0.2812 0.1704 0.0925 0.0968 0.1721 0.0000 0.0750 0.1120
112      112   (0)      5  : 0.0000 0.0000 0.0000 0.1626 0.3374 0.0000 0.0000 0.0000 0.5000 0.0000
113      113   (0)      4  : 0.0468 0.0000 0.0000 0.2177 0.1112 0.4602 0.1640 0.0000 0.0000 0.0000
114      114   (0)      6  : 0.0318 0.0000 0.0000 0.5000 0.0000 0.2136 0.1516 0.0000 0.0000 0.1030
115      115   (0)      6  : 0.0000 0.3509 0.6491 0.0000 0.0000 0.0000 0.0000 0.0000 0.0000 0.0000
116      116   (0)      6  : 0.0000 0.1973 0.0000 0.1485 0.0000 0.0000 0.0000 0.1542 0.0000 0.5000
117      117   (0)      6  : 0.0000 0.6936 0.0000 0.0000 0.1617 0.1447 0.0000 0.0000 0.0000 0.0000
118      118   (0)      6  : 0.0000 0.0000 0.0000 0.0000 0.0000 0.0000 0.0000 0.5000 0.0000 0.5000
119      119   (0)      6  : 0.1765 0.4679 0.0000 0.0000 0.0000 0.0000 0.0000 0.1493 0.0000 0.2063
120      120   (0)      6  : 0.0000 0.0000 0.2706 0.0000 0.0000 0.1187 0.6107 0.0000 0.0000 0.0000
121      121   (0)      6  : 0.0836 0.0665 0.5141 0.1397 0.0000 0.0032 0.1202 0.0000 0.0000 0.0728
122      122   (0)      6  : 0.0504 0.0000 0.0000 0.1948 0.2548 0.0000 0.5000 0.0000 0.0000 0.0000
123      123   (0)      6  : 0.0000 0.2993 0.1027 0.2561 0.0793 0.0925 0.0605 0.0000 0.0000 0.1096
124      124   (0)      6  : 0.0000 0.0000 0.4839 0.0000 0.1026 0.0000 0.2162 0.0000 0.1178 0.0795
125      125   (0)      6  : 0.0643 0.0000 0.0000 0.0000 0.4381 0.0000 0.2316 0.2661 0.0000 0.0000
126      126   (0)      6  : 0.0000 0.0000 0.0461 0.5591 0.0000 0.0000 0.2691 0.0000 0.0000 0.1256
127      127   (0)      6  : 0.6019 0.1671 0.0000 0.0000 0.1133 0.1177 0.0000 0.0000 0.0000 0.0000
128      128   (0)      6  : 0.0000 0.0000 0.1425 0.0000 0.3575 0.5000 0.0000 0.0000 0.0000 0.0000
129      129   (0)      6  : 0.0229 0.0000 0.2409 0.2953 0.0083 0.2811 0.1279 0.0237 0.0000 0.0000
130      130   (0)      6  : 0.0000 0.2703 0.0530 0.1192 0.2910 0.0000 0.2665 0.0000 0.0000 0.0000
131      131   (0)      6  : 0.1992 0.1584 0.0000 0.0000 0.0000 0.0000 0.0000 0.3008 0.1594 0.1822
132      132   (0)      6  : 0.0901 0.0000 0.0000 0.1471 0.1737 0.1517 0.0000 0.0699 0.3676 0.0000
133      133   (0)      6  : 0.0000 0.0000 0.0000 0.0000 1.0000 0.0000 0.0000 0.0000 0.0000 0.0000
134      134   (0)      6  : 0.0059 0.0347 0.1106 0.0728 0.0606 0.0000 0.1101 0.0000 0.3914 0.2139
135      135   (0)      6  : 0.5992 0.2569 0.0000 0.0000 0.0000 0.1439 0.0000 0.0000 0.0000 0.0000
136      136   (0)      6  : 0.0000 0.0524 0.1511 0.2109 0.0679 0.1609 0.0000 0.1257 0.0858 0.1452
137      137   (0)      6  : 0.1421 0.0000 0.1217 0.2907 0.0890 0.1003 0.0722 0.1072 0.0037 0.0732
138      138   (0)      6  : 0.0000 0.0000 0.1778 0.5217 0.0000 0.1047 0.0784 0.0000 0.1174 0.0000
139      139   (0)      6  : 0.0670 0.0470 0.2664 0.0000 0.0559 0.2589 0.1491 0.0326 0.0776 0.0454
140      140   (0)      6  : 0.3027 0.1465 0.0819 0.0766 0.0000 0.2194 0.0000 0.0689 0.0000 0.1041
141      141   (0)      6  : 0.0000 0.0390 0.0872 0.0000 0.0000 0.0000 0.0000 0.8738 0.0000 0.0000
142      142   (0)      7  : 0.0000 0.0000 0.0000 0.3003 0.1324 0.0456 0.1807 0.0337 0.3074 0.0000
143      143   (0)      7  : 0.7955 0.2045 0.0000 0.0000 0.0000 0.0000 0.0000 0.0000 0.0000 0.0000
144      144   (0)      7  : 0.1253 0.0000 0.0320 0.6231 0.0000 0.0228 0.1078 0.0000 0.0890 0.0000
145      145   (0)      7  : 0.0777 0.0125 0.4830 0.0000 0.0980 0.3288 0.0000 0.0000 0.0000 0.0000
146      146   (0)      7  : 0.0000 0.0000 0.0000 0.0000 0.0000 0.0000 0.0000 0.5000 0.0000 0.5000
147      147   (0)      7  : 0.0000 0.0000 0.0000 0.0000 0.2741 0.0000 0.0000 0.0000 0.7259 0.0000
148      148   (0)      7  : 0.0000 0.0000 0.4640 0.0000 0.0000 0.3702 0.0983 0.0597 0.0078 0.0000
149      149   (0)      7  : 0.6860 0.1645 0.0525 0.0000 0.0248 0.0197 0.0000 0.0526 0.0000 0.0000
150      150   (0)      7  : 0.0000 0.0000 0.0000 0.0000 0.0000 0.0000 0.0000 1.0000 0.0000 0.0000
151      151   (0)      7  : 0.0704 0.2319 0.0613 0.0000 0.0000 0.0000 0.0742 0.0621 0.0000 0.5000
152      152   (0)      7  : 0.0119 0.0000 0.1659 0.0228 0.0831 0.5393 0.1319 0.0452 0.0000 0.0000
153      153   (0)      7  : 0.1194 0.8806 0.0000 0.0000 0.0000 0.0000 0.0000 0.0000 0.0000 0.0000
154      154   (0)      7  : 0.0000 0.0181 0.0000 0.0000 0.5578 0.2311 0.0000 0.0000 0.0000 0.1931
155      155   (0)      7  : 0.0000 0.5333 0.0000 0.0870 0.0000 0.1878 0.0000 0.0746 0.0000 0.1173
156      156   (0)      7  : 0.0000 0.0000 1.0000 0.0000 0.0000 0.0000 0.0000 0.0000 0.0000 0.0000
157      157   (0)      7  : 0.0000 0.0000 0.5000 0.0000 0.0000 0.0000 0.5000 0.0000 0.0000 0.0000
158      158   (0)      7  : 0.0921 0.0000 0.2542 0.1439 0.0000 0.1184 0.0991 0.0956 0.1075 0.0891
159      159   (0)      7  : 0.0000 0.6147 0.2320 0.0000 0.0000 0.0054 0.0378 0.0424 0.0000 0.0678
160      160   (0)      7  : 0.2407 0.0924 0.0497 0.0023 0.1887 0.0573 0.1034 0.1068 0.0306 0.1280
161      161   (0)      7  : 0.0000 0.7919 0.0000 0.0000 0.0000 0.0000 0.0644 0.1437 0.0000 0.0000
162      162   (0)      7  : 0.0395 0.1482 0.0519 0.1665 0.1112 0.1007 0.3819 0.0000 0.0000 0.0000
163      163   (0)      7  : 0.0000 0.0000 0.7565 0.0000 0.0000 0.0000 0.1983 0.0000 0.0000 0.0452
164      164   (0)      7  : 0.0930 0.2296 0.0024 0.2776 0.0000 0.0031 0.2458 0.0000 0.0955 0.0531
165      165   (0)      7  : 0.0091 0.3808 0.0000 0.1486 0.0427 0.1392 0.1792 0.0196 0.0162 0.0647
166      166   (0)      7  : 0.0000 0.2406 0.0097 0.0000 0.0369 0.2248 0.1946 0.0000 0.2935 0.0000
167      167   (0)      7  : 0.0000 0.0000 0.2736 0.0000 0.0860 0.2028 0.2974 0.0000 0.0000 0.1402
168      168   (0)      7  : 0.0000 0.0377 0.0008 0.2889 0.0000 0.1324 0.0000 0.0000 0.3825 0.1576
169      169   (0)      7  : 0.2134 0.5814 0.0000 0.0000 0.0916 0.0000 0.0015 0.0000 0.0720 0.0401
