1        1   (0)      1  : 0.1222 0.1721 0.5660 0.1397
2        2   (0)      1  : 0.0867 0.2720 0.6195 0.0218
3        3   (0)      2  : 0.2748 0.1819 0.0819 0.4614
4        4   (0)      2  : 0.0810 0.1484 0.2680 0.5026
5        5   (0)      2  : 0.0911 0.3640 0.1824 0.3625
6        6   (0)      2  : 0.2158 0.3404 0.3917 0.0521
7        7   (0)      2  : 0.6182 0.0999 0.1113 0.1706
8        8   (0)      2  : 0.3610 0.2224 0.0346 0.3820
9        9   (0)      2  : 0.6223 0.2582 0.1195 0.0000
10       10   (0)      2  : 0.5420 0.0485 0.0361 0.3734
11       11   (0)      2  : 0.2969 0.1901 0.1549 0.3580
12       12   (0)      2  : 0.0075 0.3230 0.2176 0.4519
13       13   (0)      2  : 0.1741 0.1621 0.0000 0.6638
14       14   (0)      2  : 0.0906 0.5643 0.2798 0.0653
15       15   (0)      2  : 0.4250 0.3407 0.0092 0.2252
16       16   (0)      2  : 0.2763 0.0527 0.3085 0.3626
17       17   (0)      2  : 0.5556 0.0146 0.2857 0.1442
18       18   (0)      2  : 0.2959 0.1724 0.1810 0.3506
19       19   (0)      2  : 0.6894 0.1319 0.0849 0.0938
20       20   (0)      2  : 0.3659 0.0104 0.5160 0.1077
21       21   (0)      2  : 0.3543 0.4159 0.1247 0.1052
22       22   (0)      2  : 0.2390 0.3464 0.1608 0.2538
23       23   (0)      2  : 0.3792 0.3162 0.1425 0.1621
24       24   (0)      2  : 0.3705 0.1905 0.3962 0.0428
25       25   (0)      2  : 0.3692 0.0322 0.2673 0.3313
26       26   (0)      2  : 0.3342 0.1607 0.1563 0.3488
27       27   (0)      2  : 0.0375 0.2682 0.0560 0.6383
28       28   (0)      2  : 0.0874 0.5167 0.0744 0.3215
29       29   (0)      2  : 0.3252 0.2163 0.0433 0.4152
30       30   (0)      3  : 0.0084 0.2777 0.4230 0.2909
31       31   (0)      3  : 0.3964 0.2824 0.2459 0.0752
32       32   (0)      3  : 0.2727 0.3399 0.1004 0.2871
33       33   (0)      3  : 0.3998 0.1470 0.1127 0.3405
34       34   (0)      3  : 0.4706 0.0643 0.2635 0.2015
35       35   (0)      3  : 0.2077 0.2650 0.2724 0.2550
36       36   (0)      3  : 0.3708 0.3525 0.0001 0.2766
37       37   (0)      3  : 0.3747 0.3041 0.0134 0.3078
38       38   (0)      3  : 0.0000 0.0000 1.0000 0.0000
39       39   (0)      3  : 0.3215 0.4443 0.1366 0.0976
40       40   (0)      3  : 0.1881 0.1544 0.5015 0.1560
41       41   (0)      3  : 0.1477 0.3826 0.3077 0.1621
42       42   (0)      3  : 0.0288 0.5813 0.2711 0.1188
43       43   (0)      3  : 0.0419 0.4046 0.2024 0.3511
44       44   (0)      3  : 0.0951 0.0438 0.0000 0.8611
45       45   (0)      3  : 0.0594 0.0885 0.0333 0.8188
46       46   (0)      3  : 0.6946 0.0736 0.1249 0.1069
47       47   (0)      3  : 0.5391 0.1156 0.0510 0.2942
48       48   (0)      3  : 0.1182 0.0682 0.3156 0.4981
49       49   (0)      3  : 0.3866 0.2324 0.3398 0.0412
50       50   (0)      3  : 0.1043 0.7847 0.0345 0.0764
51       51   (0)      3  : 0.3020 0.2331 0.1926 0.2723
52       52   (0)      3  : 0.4381 0.1512 0.1311 0.2795
53       53   (0)      3  : 0.0212 0.1095 0.0537 0.8157
54       54   (0)      3  : 0.0562 0.2621 0.2628 0.4189
55       55   (0)      3  : 0.4408 0.1780 0.0563 0.3249
56       56   (0)      3  : 0.3383 0.1111 0.0274 0.5232
57       57   (0)      3  : 0.2303 0.2207 0.2839 0.2651
58       58   (0)      3  : 0.0591 0.0000 0.9409 0.0000
59       59   (0)      3  : 0.1481 0.1847 0.1368 0.5303
60       60   (0)      4  : 0.6938 0.0991 0.1514 0.0557
61       61   (0)      4  : 0.2370 0.0929 0.2930 0.3771
62       62   (0)      4  : 0.2457 0.2062 0.3338 0.2142
63       63   (0)      4  : 0.2129 0.3364 0.1664 0.2842
64       64   (0)      4  : 0.3816 0.1096 0.3367 0.1721
65       65   (0)      4  : 0.2430 0.1994 0.1750 0.3827
66       66   (0)      4  : 0.0758 0.0542 0.0137 0.8564
67       67   (0)      4  : 0.3727 0.0890 0.4233 0.1149
68       68   (0)      4  : 0.3430 0.1512 0.2549 0.2508
69       69   (0)      4  : 0.6701 0.2120 0.0639 0.0540
70       70   (0)      4  : 0.0402 0.9128 0.0090 0.0380
71       71   (0)      1  : 0.9244 0.0566 0.0190 0.0000
72       72   (0)      1  : 0.0331 0.0129 0.9366 0.0174
73       73   (0)      1  : 0.6395 0.1706 0.0655 0.1244
74       74   (0)      1  : 0.4282 0.3615 0.1114 0.0989
75       75   (0)      1  : 0.1196 0.3572 0.0020 0.5211
76       76   (0)      1  : 0.0463 0.5696 0.0108 0.3732
77       77   (0)      1  : 0.3207 0.0186 0.6063 0.0544
78       78   (0)      1  : 0.2679 0.4710 0.2284 0.0326
79       79   (0)      1  : 0.3696 0.1841 0.2116 0.2347
80       80   (0)      1  : 0.3758 0.3783 0.0000 0.2459
81       81   (0)      1  : 0.0000 0.6870 0.2181 0.0949
82       82   (0)      1  : 0.1660 0.2483 0.4796 0.1060
83       83   (0)      1  : 0.3213 0.2230 0.2937 0.1620
84       84   (0)      1  : 0.5556 0.2467 0.0203 0.1774
85       85   (0)      1  : 0.1009 0.2979 0.0824 0.5189
86       86   (0)      1  : 0.1389 0.0000 0.6433 0.2178
87       87   (0)      1  : 0.0230 0.3050 0.5687 0.1033
88       88   (0)      1  : 0.4302 0.3525 0.1576 0.0597
89       89   (0)      1  : 0.4448 0.1431 0.3066 0.1056
90       90   (0)      1  : 0.0533 0.0799 0.0918 0.7750
91       91   (0)      1  : 0.7380 0.0575 0.1074 0.0970
92       92   (0)      1  : 0.0696 0.5634 0.2083 0.1586
93       93   (0)      1  : 0.0537 0.4053 0.2049 0.3361
94       94   (0)      1  : 0.6413 0.0000 0.3047 0.0540
95       95   (0)      1  : 0.4452 0.0416 0.3496 0.1636
96       96   (0)      1  : 0.4403 0.1116 0.2409 0.2073
97       97   (0)      1  : 0.3034 0.3814 0.1761 0.1391
98       98   (0)      1  : 0.6983 0.0778 0.1355 0.0884
99       99   (0)      4  : 0.8441 0.1111 0.0449 0.0000
100      100   (0)      4  : 0.2762 0.4115 0.0525 0.2598
101      101   (0)      5  : 0.4714 0.4849 0.0170 0.0267
102      102   (0)      5  : 0.2235 0.7195 0.0142 0.0428
103      103   (0)      5  : 0.3359 0.1746 0.3280 0.1616
104      104   (0)      5  : 0.0308 0.4898 0.1015 0.3779
105      105   (0)      5  : 0.5314 0.0813 0.2539 0.1334
106      106   (0)      4  : 0.2197 0.2382 0.0960 0.4461
107      107   (0)      4  : 0.3653 0.3116 0.1130 0.2102
108      108   (0)      4  : 0.0860 0.3095 0.4888 0.1157
109      109   (0)      4  : 0.3416 0.2611 0.0810 0.3163
110      110   (0)      4  : 0.0167 0.4419 0.0202 0.5211
111      111   (0)      5  : 0.2821 0.0370 0.3052 0.3757
112      112   (0)      5  : 0.4372 0.0326 0.2290 0.3012
113      113   (0)      5  : 0.0845 0.1833 0.3233 0.4089
114      114   (0)      5  : 0.1046 0.5798 0.0000 0.3156
115      115   (0)      5  : 0.1958 0.1222 0.3895 0.2925
116      116   (0)      5  : 0.2523 0.4610 0.0911 0.1957
117      117   (0)      4  : 0.4547 0.2169 0.1232 0.2052
118      118   (0)      4  : 0.0318 0.0000 0.5049 0.4634
119      119   (0)      4  : 0.4044 0.3246 0.1331 0.1379
120      120   (0)      4  : 0.2342 0.2980 0.2249 0.2429
121      121   (0)      4  : 0.0665 0.7245 0.0000 0.2090
122      122   (0)      4  : 0.4927 0.0000 0.3768 0.1304
123      123   (0)      4  : 0.4157 0.0000 0.5535 0.0309
124      124   (0)      4  : 0.3201 0.0792 0.5890 0.0116
125      125   (0)      5  : 0.3556 0.3381 0.2513 0.0551
126      126   (0)      5  : 0.0000 0.2142 0.2863 0.4995
127      127   (0)      5  : 0.0431 0.1926 0.4972 0.2671
128      128   (0)      5  : 0.1609 0.1849 0.4045 0.2498
129      129   (0)      5  : 0.2072 0.2775 0.0245 0.4908
130      130   (0)      5  : 0.0000 0.1366 0.5519 0.3116
131      131   (0)      5  : 0.3119 0.2541 0.0318 0.4021
132      132   (0)      5  : 0.4765 0.0309 0.2259 0.2667
133      133   (0)      5  : 0.1230 0.3129 0.1679 0.3962
134      134   (0)      5  : 0.3563 0.0874 0.2774 0.2789
135      135   (0)      5  : 0.0000 1.0000 0.0000 0.0000
136      136   (0)      5  : 0.0000 0.2749 0.2116 0.5136
137      137   (0)      5  : 0.1255 0.3258 0.1624 0.3863
138      138   (0)      5  : 0.4060 0.3325 0.0875 0.1740
139      139   (0)      5  : 0.0019 0.5558 0.3268 0.1156
140      140   (0)      5  : 0.3241 0.2302 0.3057 0.1399
141      141   (0)      5  : 0.4219 0.1267 0.3753 0.0761
142      142   (0)      5  : 0.0672 0.1373 0.3665 0.4290
143      143   (0)      5  : 0.0906 0.4202 0.1851 0.3041
144      144   (0)      6  : 0.1953 0.1332 0.4439 0.2277
145      145   (0)      6  : 0.1272 0.2529 0.3021 0.3177
146      146   (0)      6  : 0.5176 0.0630 0.0703 0.3490
147      147   (0)      6  : 0.1131 0.1144 0.3582 0.4143
148      148   (0)      6  : 0.0000 0.5059 0.0000 0.4941
149      149   (0)      6  : 0.1273 0.1049 0.7551 0.0127
150      150   (0)      6  : 0.0353 0.3531 0.4005 0.2112
151      151   (0)      6  : 0.1894 0.1812 0.1633 0.4660
152      152   (0)      6  : 0.4057 0.4219 0.0407 0.1318
153      153   (0)      6  : 0.2383 0.1636 0.0152 0.5829
154      154   (0)      6  : 0.1892 0.2345 0.2748 0.3016
155      155   (0)      6  : 0.0000 0.3249 0.4912 0.1840
156      156   (0)      6  : 0.0196 0.3334 0.2961 0.3509
157      157   (0)      6  : 0.5092 0.0209 0.0014 0.4686
158      158   (0)      6  : 0.2430 0.3226 0.3204 0.1141
159      159   (0)      6  : 0.1896 0.1149 0.2345 0.4609
160      160   (0)      6  : 0.0211 0.2866 0.0239 0.6684
161      161   (0)      6  : 0.3807 0.5966 0.0227 0.0000
162      162   (0)      6  : 0.0000 0.7762 0.0000 0.2238
163      163   (0)      6  : 0.0495 0.0000 0.8602 0.0903
164      164   (0)      6  : 0.0180 0.4997 0.2901 0.1922
165      165   (0)      6  : 0.3368 0.2540 0.0768 0.3323
166      166   (0)      6  : 0.3992 0.0946 0.0320 0.4743
167      167   (0)      6  : 0.0896 0.0585 0.5462 0.3057
168      168   (0)      6  : 0.7763 0.0746 0.0570 0.0921
169      169   (0)      6  : 0.1947 0.1358 0.6529 0.0166
170      170   (0)      6  : 0.1133 0.3549 0.2426 0.2892
171      171   (0)      6  : 0.1441 0.2545 0.3542 0.2472
172      172   (0)      4  : 0.2386 0.1298 0.5701 0.0615
173      173   (0)      4  : 0.4711 0.4265 0.0000 0.1025
174      174   (0)      7  : 0.2297 0.3096 0.0446 0.4161
175      175   (0)      7  : 0.6495 0.1329 0.0869 0.1307
176      176   (0)      7  : 0.0660 0.3702 0.2846 0.2792
177      177   (0)      7  : 0.7258 0.0829 0.0000 0.1913
178      178   (0)      7  : 0.1513 0.7748 0.0446 0.0293
179      179   (0)      7  : 0.4992 0.0663 0.2035 0.2310
180      180   (0)      7  : 0.2591 0.0304 0.2721 0.4384
181      181   (0)      7  : 0.0621 0.4122 0.4992 0.0265
182      182   (0)      7  : 0.3739 0.2986 0.1141 0.2134
183      183   (0)      7  : 0.3751 0.4564 0.1578 0.0107
184      184   (0)      7  : 0.0346 0.0745 0.3746 0.5163
185      185   (0)      7  : 0.0776 0.0251 0.0245 0.8729
186      186   (0)      7  : 0.1810 0.4292 0.0227 0.3671
187      187   (0)      7  : 0.0762 0.6388 0.0871 0.1979
188      188   (0)      7  : 0.1696 0.6104 0.0301 0.1899
189      189   (0)      7  : 0.1346 0.0970 0.2579 0.5105
190      190   (0)      7  : 0.1779 0.1507 0.3467 0.3247
191      191   (0)      7  : 0.3427 0.3833 0.2461 0.0278
192      192   (0)      7  : 0.7132 0.0396 0.1746 0.0726
193      193   (0)      7  : 0.3526 0.1685 0.3471 0.1318
194      194   (0)      7  : 0.2564 0.0780 0.3417 0.3238
195      195   (0)      7  : 0.3342 0.2933 0.2256 0.1469
196      196   (0)      7  : 0.5574 0.4426 0.0000 0.0000
197      197   (0)      7  : 0.4435 0.0662 0.2818 0.2085
198      198   (0)      7  : 0.2583 0.6126 0.1013 0.0278
199      199   (0)      7  : 0.2894 0.1702 0.3433 0.1971
200      200   (0)      7  : 0.0564 0.2940 0.2828 0.3667
201      201   (0)      7  : 0.6361 0.0864 0.1214 0.1560
202      202   (0)      7  : 0.4150 0.4030 0.0246 0.1573
203      203   (0)      7  : 0.4832 0.1342 0.2344 0.1482
