1        1   (0)      1  : 0.3548 0.0000 0.0345 0.0000 0.1110 0.0000 0.0000 0.0000 0.2478 0.2518
2        2   (0)      1  : 0.4003 0.0000 0.0289 0.0000 0.0093 0.0000 0.0064 0.0000 0.0399 0.5151
3        3   (0)      1  : 0.0000 0.0000 1.0000 0.0000 0.0000 0.0000 0.0000 0.0000 0.0000 0.0000
4        4   (0)      1  : 0.1055 0.0000 0.0000 0.0000 0.0000 0.0000 0.0000 0.0000 0.2945 0.6000
5        5   (0)      1  : 0.0000 0.0000 0.0000 0.0000 0.0748 0.0000 0.0616 0.0000 0.5331 0.3305
6        6   (0)      1  : 0.6111 0.0000 0.1888 0.0000 0.0000 0.0000 0.0000 0.0000 0.0000 0.2001
7        7   (0)      1  : 0.4514 0.0000 0.0000 0.0000 0.2745 0.0000 0.0000 0.0000 0.0847 0.1894
8        8   (0)      1  : 0.2587 0.0000 0.0000 0.0000 0.0000 0.0000 0.0000 0.0000 0.3413 0.4000
9        9   (0)      1  : 0.0000 0.0000 1.0000 0.0000 0.0000 0.0000 0.0000 0.0000 0.0000 0.0000
10       10   (0)      1  : 0.6557 0.0000 0.0266 0.0000 0.2263 0.0000 0.0174 0.0000 0.0194 0.0545
11       11   (0)      1  : 0.6707 0.0000 0.0000 0.0000 0.1280 0.0000 0.0000 0.0000 0.0352 0.1661
12       12   (0)      1  : 0.9056 0.0000 0.0000 0.0000 0.0000 0.0000 0.0000 0.0000 0.0944 0.0000
13       13   (0)      1  : 1.0000 0.0000 0.0000 0.0000 0.0000 0.0000 0.0000 0.0000 0.0000 0.0000
14       14   (0)      1  : 0.0582 0.0000 0.0000 0.0000 0.5379 0.0000 0.0710 0.0000 0.1056 0.2272
15       15   (0)      2  : 0.0000 0.0000 0.0000 0.0000 0.7274 0.0000 0.0000 0.0000 0.1351 0.1375
16       16   (0)      2  : 0.0000 0.1883 0.0000 0.7670 0.0000 0.0112 0.0000 0.0336 0.0000 0.0000
17       17   (0)      2  : 0.0000 0.0000 0.0000 0.0000 0.0000 0.0000 0.0000 1.0000 0.0000 0.0000
18       18   (0)      2  : 0.0000 0.7989 0.0000 0.1536 0.0000 0.0476 0.0000 0.0000 0.0000 0.0000
19       19   (0)      2  : 0.0000 0.0000 0.0000 0.2263 0.0000 0.0240 0.0000 0.7498 0.0000 0.0000
20       20   (0)      2  : 0.0000 0.1766 0.0000 0.6462 0.0000 0.0544 0.0000 0.1229 0.0000 0.0000
21       21   (0)      2  : 0.0000 0.0402 0.0000 0.2938 0.0000 0.0244 0.0000 0.6416 0.0000 0.0000
22       22   (0)      2  : 0.0000 0.3215 0.0000 0.2168 0.0000 0.1526 0.0000 0.3091 0.0000 0.0000
23       23   (0)      1  : 0.0000 0.0000 0.0000 0.0000 0.1914 0.0034 0.0059 0.0000 0.5831 0.2161
24       24   (0)      1  : 0.0617 0.0000 0.0000 0.0000 0.9383 0.0000 0.0000 0.0000 0.0000 0.0000
25       25   (0)      1  : 0.0000 0.0000 1.0000 0.0000 0.0000 0.0000 0.0000 0.0000 0.0000 0.0000
26       26   (0)      1  : 0.1898 0.0000 0.0000 0.0000 0.0418 0.0000 0.0391 0.0000 0.0000 0.7293
27       27   (0)      2  : 0.0000 0.0000 0.0000 0.0000 0.0000 1.0000 0.0000 0.0000 0.0000 0.0000
28       28   (0)      2  : 0.0000 0.7051 0.0000 0.2949 0.0000 0.0000 0.0000 0.0000 0.0000 0.0000
29       29   (0)      2  : 0.0000 0.0000 0.0000 0.5865 0.0000 0.0866 0.0000 0.3270 0.0000 0.0000
30       30   (0)      2  : 0.0000 0.6000 0.0000 0.2000 0.0000 0.0000 0.0000 0.2000 0.0000 0.0000
31       31   (0)      2  : 0.0000 0.0479 0.0000 0.6912 0.0000 0.0000 0.0000 0.2442 0.0166 0.0000
32       32   (0)      2  : 0.0000 0.2852 0.1397 0.1810 0.0000 0.0781 0.0000 0.3160 0.0000 0.0000
33       33   (0)      2  : 0.0000 0.0647 0.0000 0.0422 0.0000 0.0296 0.0000 0.8634 0.0000 0.0000
34       34   (0)      1  : 0.2000 0.0000 0.0000 0.0000 0.2000 0.0000 0.4000 0.0000 0.0000 0.2000
35       35   (0)      2  : 0.0000 0.0368 0.0000 0.6913 0.0000 0.0004 0.0000 0.2715 0.0000 0.0000
36       36   (0)      2  : 0.0000 0.0384 0.0000 0.8987 0.0000 0.0030 0.0000 0.0599 0.0000 0.0000
37       37   (0)      2  : 0.0000 0.3426 0.0000 0.2167 0.0000 0.1079 0.0000 0.3329 0.0000 0.0000
38       38   (0)      2  : 0.0000 0.0000 0.0000 0.0000 0.0000 0.0000 0.0000 1.0000 0.0000 0.0000
39       39   (0)      2  : 0.0000 0.0000 0.0000 0.0000 0.7132 0.0000 0.0000 0.0000 0.2012 0.0855
40       40   (0)      2  : 0.0932 0.0000 0.0000 0.0000 0.2040 0.0000 0.0524 0.0000 0.4217 0.2287
41       41   (0)      2  : 0.0000 0.0000 0.0000 0.0000 0.1266 0.0000 0.0000 0.0000 0.6734 0.2000
42       42   (0)      2  : 0.4695 0.0000 0.0000 0.0000 0.0000 0.0000 0.0000 0.0000 0.0599 0.4706
43       43   (0)      2  : 0.2181 0.0000 0.0000 0.0000 0.2330 0.0000 0.0926 0.0000 0.1694 0.2869
44       44   (0)      2  : 0.0000 0.8000 0.0000 0.2000 0.0000 0.0000 0.0000 0.0000 0.0000 0.0000
45       45   (0)      2  : 0.0000 0.2777 0.0000 0.1771 0.0000 0.0010 0.0157 0.5169 0.0116 0.0000
46       46   (0)      2  : 0.0000 0.4339 0.0000 0.3662 0.0000 0.0000 0.0000 0.1999 0.0000 0.0000
47       47   (0)      2  : 0.0000 0.0000 0.0000 0.0000 0.0618 0.0000 0.0731 0.0000 0.8209 0.0441
48       48   (0)      2  : 0.0000 0.6000 0.0000 0.0000 0.0000 0.0148 0.0000 0.3852 0.0000 0.0000
49       49   (0)      1  : 0.0000 0.0000 0.0000 0.0000 1.0000 0.0000 0.0000 0.0000 0.0000 0.0000
50       50   (0)      1  : 0.0000 0.0000 0.0000 0.0000 0.0000 0.0000 0.0000 0.0000 1.0000 0.0000
51       51   (0)      1  : 0.0910 0.0000 0.0000 0.0000 0.0000 0.0000 0.2003 0.0000 0.5238 0.1849
52       52   (0)      1  : 0.0814 0.0000 0.0000 0.0000 0.6968 0.0000 0.0521 0.0000 0.0583 0.1115
53       53   (0)      1  : 0.3607 0.0000 0.0191 0.0000 0.1142 0.0000 0.3603 0.0000 0.0614 0.0844
54       54   (0)      1  : 0.2581 0.0000 0.0000 0.0000 0.4898 0.0000 0.0000 0.0000 0.0000 0.2521
55       55   (0)      1  : 0.2232 0.0000 0.0000 0.0000 0.1448 0.0000 0.0000 0.0000 0.3807 0.2513
56       56   (0)      3  : 0.0000 0.0000 0.0000 0.1573 0.0000 0.3318 0.0000 0.5110 0.0000 0.0000
57       57   (0)      3  : 0.0000 0.2314 0.0000 0.6882 0.0000 0.0032 0.0000 0.0772 0.0000 0.0000
58       58   (0)      3  : 0.0000 0.2597 0.0000 0.5403 0.0000 0.0000 0.0000 0.2000 0.0000 0.0000
59       59   (0)      3  : 0.0000 0.2408 0.0000 0.6957 0.0000 0.0636 0.0000 0.0000 0.0000 0.0000
60       60   (0)      3  : 0.0000 0.2428 0.0000 0.4250 0.0000 0.0558 0.0000 0.2764 0.0000 0.0000
61       61   (0)      3  : 0.0000 0.4508 0.0000 0.3477 0.0000 0.0000 0.0000 0.2015 0.0000 0.0000
62       62   (0)      3  : 0.0000 0.2283 0.0000 0.0000 0.0000 0.0000 0.0000 0.7717 0.0000 0.0000
63       63   (0)      4  : 0.0000 0.0000 1.0000 0.0000 0.0000 0.0000 0.0000 0.0000 0.0000 0.0000
64       64   (0)      4  : 0.0631 0.0000 0.0000 0.0000 0.0000 0.0000 0.0005 0.0000 0.5364 0.4000
65       65   (0)      4  : 0.0000 0.0000 0.0040 0.0000 0.0522 0.0000 0.2335 0.0000 0.0000 0.7103
66       66   (0)      3  : 0.0000 0.8000 0.0000 0.1209 0.0000 0.0000 0.0000 0.0791 0.0000 0.0000
67       67   (0)      3  : 0.0000 0.0970 0.0000 0.6800 0.0000 0.0338 0.0000 0.1892 0.0000 0.0000
68       68   (0)      3  : 0.0000 0.0000 0.0000 0.0000 0.0000 1.0000 0.0000 0.0000 0.0000 0.0000
69       69   (0)      3  : 0.0000 0.1564 0.0000 0.3868 0.0000 0.1469 0.0000 0.3098 0.0000 0.0000
70       70   (0)      3  : 0.0000 0.4000 0.0000 0.6000 0.0000 0.0000 0.0000 0.0000 0.0000 0.0000
71       71   (0)      3  : 0.0000 0.1352 0.0000 0.1631 0.0000 0.0653 0.0000 0.6365 0.0000 0.0000
72       72   (0)      4  : 0.0000 0.0000 0.0039 0.0000 0.2729 0.0000 0.0000 0.0000 0.0556 0.6675
73       73   (0)      4  : 0.2968 0.0244 0.0000 0.0373 0.2717 0.0000 0.0021 0.0000 0.2931 0.0746
74       74   (0)      4  : 0.2184 0.0000 0.0000 0.0000 0.0000 0.0000 0.0343 0.0000 0.2649 0.4824
75       75   (0)      4  : 0.1044 0.0000 0.0000 0.0000 0.5230 0.0000 0.0526 0.0000 0.0000 0.3200
76       76   (0)      4  : 0.0000 0.0000 0.0000 0.0000 0.0000 0.0000 0.0000 0.0000 1.0000 0.0000
77       77   (0)      4  : 0.0000 0.0000 0.0000 0.0000 0.5820 0.0000 0.0242 0.0000 0.3532 0.0406
78       78   (0)      4  : 0.0784 0.0000 0.0000 0.0000 0.1229 0.0000 0.0561 0.0000 0.3720 0.3706
79       79   (0)      3  : 0.7990 0.0000 0.0000 0.0000 0.0000 0.0000 0.0010 0.0000 0.0000 0.2000
80       80   (0)      3  : 0.0000 0.0000 0.0000 0.6130 0.0000 0.0262 0.0000 0.3608 0.0000 0.0000
81       81   (0)      3  : 0.0000 0.2589 0.0000 0.5723 0.0000 0.0000 0.0000 0.1688 0.0000 0.0000
82       82   (0)      3  : 0.0000 0.0799 0.0000 0.0000 0.0000 0.0484 0.0000 0.8717 0.0000 0.0000
83       83   (0)      3  : 0.0000 0.0000 0.0000 0.0000 0.0000 0.0000 0.0000 0.0000 1.0000 0.0000
84       84   (0)      3  : 0.0000 0.0000 0.0000 0.0000 0.0000 0.0000 1.0000 0.0000 0.0000 0.0000
85       85   (0)      3  : 0.0000 0.2608 0.0000 0.7392 0.0000 0.0000 0.0000 0.0000 0.0000 0.0000
86       86   (0)      3  : 0.0000 0.4622 0.0000 0.0000 0.0000 0.0000 0.0000 0.5378 0.0000 0.0000
87       87   (0)      3  : 0.0000 0.4303 0.0000 0.1679 0.0000 0.0639 0.0583 0.2796 0.0000 0.0000
88       88   (0)      3  : 0.0000 0.2679 0.0000 0.2271 0.0000 0.0000 0.0000 0.5050 0.0000 0.0000
89       89   (0)      4  : 0.6039 0.0187 0.0194 0.0018 0.3162 0.0000 0.0012 0.0000 0.0000 0.0388
90       90   (0)      3  : 0.0000 0.4284 0.0000 0.2636 0.0000 0.0000 0.0000 0.3080 0.0000 0.0000
91       91   (0)      3  : 0.0000 0.8000 0.0000 0.2000 0.0000 0.0000 0.0000 0.0000 0.0000 0.0000
92       92   (0)      3  : 0.0000 0.4878 0.0000 0.0000 0.0000 0.2691 0.0000 0.2431 0.0000 0.0000
93       93   (0)      3  : 0.0000 0.0000 0.0000 0.9022 0.0000 0.0107 0.0000 0.0872 0.0000 0.0000
94       94   (0)      3  : 0.0000 0.2461 0.0000 0.4321 0.0000 0.0000 0.0796 0.1328 0.0000 0.1094
95       95   (0)      4  : 0.1610 0.0966 0.0062 0.0225 0.2740 0.0000 0.0000 0.0000 0.2198 0.2200
96       96   (0)      4  : 0.0000 0.0000 0.0000 0.0000 0.6208 0.0000 0.0000 0.0000 0.1792 0.2000
97       97   (0)      4  : 0.0000 0.0000 0.0000 0.0000 0.0000 0.0000 0.0000 0.0000 0.7047 0.2953
98       98   (0)      4  : 0.0861 0.0000 0.0354 0.0208 0.6534 0.0000 0.0412 0.0000 0.0806 0.0825
99       99   (0)      4  : 0.3046 0.0000 0.0181 0.0000 0.4478 0.0000 0.0938 0.0000 0.0000 0.1357
100      100   (0)      4  : 0.0000 0.0000 0.0000 0.0000 1.0000 0.0000 0.0000 0.0000 0.0000 0.0000
101      101   (0)      4  : 0.8573 0.0000 0.0000 0.0000 0.0362 0.0000 0.0000 0.0000 0.0437 0.0629
102      102   (0)      4  : 0.0000 0.0000 0.0000 0.0000 0.0000 0.0000 0.0000 0.0000 1.0000 0.0000
103      103   (0)      4  : 0.0000 0.0000 1.0000 0.0000 0.0000 0.0000 0.0000 0.0000 0.0000 0.0000
104      104   (0)      4  : 0.2589 0.0000 0.0000 0.0000 0.0955 0.0000 0.0000 0.0000 0.0456 0.6000
105      105   (0)      4  : 0.0000 0.0000 0.0000 0.0000 0.0593 0.0000 0.0000 0.0000 0.5487 0.3920
106      106   (0)      4  : 0.7442 0.0000 0.0000 0.0000 0.0000 0.0000 0.0010 0.0000 0.1425 0.1123
107      107   (0)      4  : 0.0000 0.0000 0.0326 0.0000 0.4475 0.0000 0.0000 0.0000 0.5199 0.0000
108      108   (0)      4  : 0.0000 0.0000 0.0000 0.0000 0.0000 0.0000 1.0000 0.0000 0.0000 0.0000
109      109   (0)      4  : 0.2768 0.0000 0.0000 0.0000 0.1497 0.0000 0.0000 0.0000 0.0310 0.5425
110      110   (0)      4  : 0.0104 0.0000 0.0797 0.0000 0.6131 0.0000 0.0685 0.0000 0.0002 0.2280
111      111   (0)      4  : 0.0000 0.0000 1.0000 0.0000 0.0000 0.0000 0.0000 0.0000 0.0000 0.0000
112      112   (0)      4  : 0.0000 0.0000 1.0000 0.0000 0.0000 0.0000 0.0000 0.0000 0.0000 0.0000
113      113   (0)      4  : 0.0000 0.0000 0.0000 0.9223 0.0000 0.0074 0.0000 0.0703 0.0000 0.0000
114      114   (0)      4  : 0.4871 0.0000 0.0000 0.0000 0.0462 0.0000 0.0331 0.0000 0.0544 0.3793
115      115   (0)      4  : 0.1239 0.0000 0.0000 0.0000 0.2761 0.0000 0.0000 0.0000 0.0000 0.6000
116      116   (0)      4  : 1.0000 0.0000 0.0000 0.0000 0.0000 0.0000 0.0000 0.0000 0.0000 0.0000
