1        1   (0)      1  : 0.0000 1.0000 0.0000 0.0000 0.0000
2        2   (0)      1  : 0.0000 0.0000 0.8847 0.0000 0.1153
3        3   (0)      1  : 0.0000 1.0000 0.0000 0.0000 0.0000
4        4   (0)      1  : 0.0000 0.0000 0.7486 0.0267 0.2248
5        5   (0)      1  : 0.0000 0.9989 0.0011 0.0000 0.0000
6        6   (0)      1  : 0.0000 1.0000 0.0000 0.0000 0.0000
7        7   (0)      1  : 0.0821 0.0331 0.8847 0.0000 0.0000
8        8   (0)      1  : 0.0000 0.0000 0.8722 0.0000 0.1278
9        9   (0)      1  : 0.0000 1.0000 0.0000 0.0000 0.0000
10       10   (0)      2  : 0.0000 0.0000 1.0000 0.0000 0.0000
11       11   (0)      2  : 0.0000 0.0000 1.0000 0.0000 0.0000
12       12   (0)      2  : 0.0000 0.0000 1.0000 0.0000 0.0000
13       13   (0)      3  : 0.0000 0.9413 0.0000 0.0000 0.0587
14       14   (0)      3  : 0.0000 0.8677 0.0000 0.0512 0.0811
15       15   (0)      3  : 0.0000 0.9515 0.0189 0.0000 0.0296
16       16   (0)      3  : 0.0000 0.9662 0.0001 0.0000 0.0338
17       17   (0)      3  : 0.0000 1.0000 0.0000 0.0000 0.0000
18       18   (0)      3  : 0.0000 0.9694 0.0000 0.0000 0.0306
19       19   (0)      3  : 0.0000 0.0150 0.6299 0.0377 0.3174
20       20   (0)      3  : 0.1566 0.0000 0.4408 0.0143 0.3883
21       21   (0)      2  : 0.0000 0.1429 0.8571 0.0000 0.0000
22       22   (0)      2  : 0.0000 0.0000 1.0000 0.0000 0.0000
23       23   (0)      2  : 0.0000 0.0000 1.0000 0.0000 0.0000
24       24   (0)      2  : 0.0000 0.0000 1.0000 0.0000 0.0000
25       25   (0)      2  : 0.0000 0.0000 1.0000 0.0000 0.0000
26       26   (0)      2  : 0.0000 0.0005 0.9493 0.0000 0.0503
27       27   (0)      2  : 0.0000 0.0102 0.9898 0.0000 0.0000
28       28   (0)      2  : 0.0028 0.0000 0.9972 0.0000 0.0000
29       29   (0)      2  : 0.0580 0.0354 0.8987 0.0079 0.0000
30       30   (0)      2  : 0.0000 0.0000 1.0000 0.0000 0.0000
31       31   (0)      2  : 0.0000 0.3248 0.6752 0.0000 0.0000
32       32   (0)      2  : 0.0447 0.2223 0.7093 0.0001 0.0236
33       33   (0)      2  : 0.0000 0.0002 0.9998 0.0000 0.0000
34       34   (0)      2  : 0.0000 0.0000 1.0000 0.0000 0.0000
35       35   (0)      2  : 0.0000 0.0000 1.0000 0.0000 0.0000
36       36   (0)      2  : 0.0000 0.0000 0.9771 0.0229 0.0000
37       37   (0)      2  : 0.0000 0.9140 0.0860 0.0000 0.0000
38       38   (0)      2  : 0.0492 0.0000 0.9454 0.0054 0.0000
39       39   (0)      2  : 0.0396 0.0522 0.8493 0.0090 0.0499
40       40   (0)      2  : 0.0000 0.0151 0.9849 0.0000 0.0000
41       41   (0)      2  : 0.0000 0.0841 0.9031 0.0000 0.0128
42       42   (0)      2  : 0.0000 0.0000 1.0000 0.0000 0.0000
43       43   (0)      4  : 1.0000 0.0000 0.0000 0.0000 0.0000
44       44   (0)      4  : 0.9870 0.0130 0.0000 0.0000 0.0000
45       45   (0)      4  : 0.9318 0.0000 0.0000 0.0682 0.0000
46       46   (0)      4  : 0.7941 0.0000 0.0000 0.0485 0.1574
47       47   (0)      4  : 0.9501 0.0499 0.0000 0.0000 0.0000
48       48   (0)      4  : 0.3650 0.6350 0.0000 0.0000 0.0000
49       49   (0)      4  : 0.2335 0.7665 0.0000 0.0000 0.0000
50       50   (0)      4  : 1.0000 0.0000 0.0000 0.0000 0.0000
51       51   (0)      4  : 0.9277 0.0000 0.0000 0.0000 0.0723
52       52   (0)      4  : 0.6657 0.0559 0.0604 0.2161 0.0018
53       53   (0)      4  : 0.7932 0.0239 0.0000 0.1829 0.0000
54       54   (0)      4  : 0.2150 0.7850 0.0000 0.0000 0.0000
55       55   (0)      4  : 0.1856 0.8144 0.0000 0.0000 0.0000
56       56   (0)      4  : 0.3518 0.6482 0.0000 0.0000 0.0000
57       57   (0)      4  : 0.8419 0.0000 0.0000 0.1581 0.0000
58       58   (0)      4  : 0.9355 0.0000 0.0000 0.0000 0.0645
59       59   (0)      4  : 1.0000 0.0000 0.0000 0.0000 0.0000
60       60   (0)      4  : 1.0000 0.0000 0.0000 0.0000 0.0000
61       61   (0)      4  : 0.9152 0.0000 0.0000 0.0000 0.0848
62       62   (0)      4  : 0.9758 0.0000 0.0120 0.0000 0.0122
63       63   (0)      4  : 1.0000 0.0000 0.0000 0.0000 0.0000
64       64   (0)      4  : 1.0000 0.0000 0.0000 0.0000 0.0000
65       65   (0)      4  : 0.1341 0.8659 0.0000 0.0000 0.0000
66       66   (0)      4  : 0.9158 0.0000 0.0000 0.0000 0.0842
67       67   (0)      4  : 0.8826 0.0000 0.0000 0.1174 0.0000
68       68   (0)      4  : 0.2095 0.7095 0.0000 0.0811 0.0000
69       69   (0)      4  : 0.9101 0.0000 0.0000 0.0000 0.0899
70       70   (0)      4  : 1.0000 0.0000 0.0000 0.0000 0.0000
71       71   (0)      4  : 0.1509 0.8491 0.0000 0.0000 0.0000
72       72   (0)      5  : 0.0000 0.0000 0.0000 0.0000 1.0000
73       73   (0)      5  : 0.0521 0.0000 0.0436 0.3474 0.5568
74       74   (0)      5  : 0.1004 0.0000 0.0000 0.1324 0.7672
75       75   (0)      5  : 0.0398 0.0000 0.0000 0.0000 0.9602
76       76   (0)      5  : 0.1576 0.0450 0.1652 0.1676 0.4646
77       77   (0)      5  : 0.0000 0.0000 0.0000 0.0438 0.9562
78       78   (0)      5  : 0.0000 0.0000 0.0000 0.0000 1.0000
79       79   (0)      5  : 0.0000 0.0000 0.0000 0.0000 1.0000
80       80   (0)      5  : 0.0000 0.7211 0.0000 0.1586 0.1203
81       81   (0)      5  : 0.0000 0.4556 0.0000 0.0000 0.5444
82       82   (0)      5  : 0.2654 0.0000 0.0000 0.2121 0.5225
83       83   (0)      5  : 0.0000 0.0000 0.0000 0.0003 0.9997
84       84   (0)      5  : 0.0000 0.0000 0.0000 0.0000 1.0000
85       85   (0)      5  : 0.0000 0.0000 0.0000 0.0000 1.0000
86       86   (0)      5  : 0.0000 0.0000 0.0000 0.0000 1.0000
87       87   (0)      5  : 0.0000 0.0000 0.0000 0.0000 1.0000
88       88   (0)      5  : 0.0000 0.0000 0.0000 0.0000 1.0000
89       89   (0)      5  : 0.0000 0.0000 0.0000 0.0000 1.0000
90       90   (0)      5  : 0.0000 0.0000 0.0000 0.0000 1.0000
91       91   (0)      5  : 0.0000 0.0000 0.0000 0.0000 1.0000
92       92   (0)      5  : 0.0000 0.7115 0.0000 0.0000 0.2885
93       93   (0)      5  : 0.0754 0.0000 0.0000 0.0010 0.9236
94       94   (0)      5  : 0.0227 0.0000 0.0000 0.2750 0.7023
95       95   (0)      5  : 0.1823 0.0000 0.0000 0.0159 0.8018
96       96   (0)      5  : 0.1439 0.0000 0.0141 0.1561 0.6859
97       97   (0)      6  : 0.1558 0.0006 0.3951 0.0000 0.4485
98       98   (0)      6  : 0.0000 0.0000 0.8362 0.0293 0.1345
99       99   (0)      6  : 0.0000 1.0000 0.0000 0.0000 0.0000
100      100   (0)      6  : 0.1618 0.0045 0.6084 0.0000 0.2254
101      101   (0)      6  : 0.0000 1.0000 0.0000 0.0000 0.0000
102      102   (0)      6  : 0.0000 0.9540 0.0460 0.0000 0.0000
103      103   (0)      6  : 0.0000 0.9751 0.0000 0.0000 0.0249
104      104   (0)      6  : 0.1010 0.1648 0.3567 0.0385 0.3390
105      105   (0)      6  : 0.0000 1.0000 0.0000 0.0000 0.0000
106      106   (0)      6  : 0.0000 0.0000 0.6861 0.0000 0.3139
107      107   (0)      3  : 0.0251 0.9749 0.0000 0.0000 0.0000
108      108   (0)      3  : 0.1775 0.0000 0.3095 0.0930 0.4200
109      109   (0)      3  : 0.0000 0.9398 0.0000 0.0602 0.0000
110      110   (0)      2  : 0.0000 0.0000 1.0000 0.0000 0.0000
111      111   (0)      2  : 0.0000 0.9764 0.0236 0.0000 0.0000
112      112   (0)      3  : 0.0000 0.9107 0.0000 0.0347 0.0547
113      113   (0)      2  : 0.0000 0.0000 1.0000 0.0000 0.0000
114      114   (0)      2  : 0.0000 0.9794 0.0206 0.0000 0.0000
115      115   (0)      3  : 0.0000 1.0000 0.0000 0.0000 0.0000
116      116   (0)      3  : 0.0000 0.9526 0.0000 0.0000 0.0474
117      117   (0)      3  : 0.0412 0.9377 0.0000 0.0091 0.0120
118      118   (0)      3  : 0.0000 0.9088 0.0000 0.0912 0.0000
119      119   (0)      3  : 0.0000 1.0000 0.0000 0.0000 0.0000
120      120   (0)      3  : 0.0655 0.0000 0.5235 0.0000 0.4109
121      121   (0)      3  : 0.0000 1.0000 0.0000 0.0000 0.0000
122      122   (0)      3  : 0.0000 0.8983 0.0000 0.1017 0.0000
123      123   (0)      3  : 0.0000 0.7719 0.0000 0.2281 0.0000
124      124   (0)      3  : 0.0000 0.9761 0.0000 0.0000 0.0239
125      125   (0)      3  : 0.1021 0.0092 0.6854 0.0331 0.1702
126      126   (0)      3  : 0.0000 0.9068 0.0000 0.0932 0.0000
127      127   (0)      3  : 0.0000 0.0000 0.7218 0.0000 0.2782
128      128   (0)      3  : 0.0000 1.0000 0.0000 0.0000 0.0000
129      129   (0)      6  : 0.0478 0.8648 0.0871 0.0000 0.0003
130      130   (0)      6  : 0.0000 0.0000 0.5027 0.1535 0.3438
131      131   (0)      6  : 0.0000 1.0000 0.0000 0.0000 0.0000
132      132   (0)      6  : 0.0000 0.0000 0.6960 0.0000 0.3040
133      133   (0)      6  : 0.0000 1.0000 0.0000 0.0000 0.0000
134      134   (0)      6  : 0.0000 0.9468 0.0306 0.0000 0.0226
135      135   (0)      6  : 0.0000 0.9997 0.0000 0.0000 0.0003
136      136   (0)      6  : 0.0000 0.9900 0.0000 0.0000 0.0100
137      137   (0)      6  : 0.0000 1.0000 0.0000 0.0000 0.0000
138      138   (0)      6  : 0.0000 1.0000 0.0000 0.0000 0.0000
139      139   (0)      6  : 0.0000 0.8636 0.0000 0.0000 0.1364
140      140   (0)      6  : 0.1302 0.0000 0.6310 0.1067 0.1321
141      141   (0)      1  : 0.0000 0.0000 0.9414 0.0000 0.0586
142      142   (0)      1  : 0.0000 0.8927 0.1073 0.0000 0.0000
143      143   (0)      1  : 0.0000 0.0000 0.8561 0.1439 0.0000
144      144   (0)      1  : 0.0000 0.0147 0.9556 0.0296 0.0000
145      145   (0)      1  : 0.0000 0.0000 0.9497 0.0000 0.0503
146      146   (0)      1  : 0.0000 1.0000 0.0000 0.0000 0.0000
147      147   (0)      6  : 0.0000 1.0000 0.0000 0.0000 0.0000
148      148   (0)      6  : 0.0000 0.0000 0.7745 0.0000 0.2255
149      149   (0)      6  : 0.0000 0.9399 0.0601 0.0000 0.0000
150      150   (0)      6  : 0.0395 0.9032 0.0573 0.0000 0.0000
151      151   (0)      6  : 0.0000 1.0000 0.0000 0.0000 0.0000
152      152   (0)      6  : 0.0000 0.9999 0.0000 0.0000 0.0001
153      153   (0)      6  : 0.0626 0.0000 0.4768 0.0000 0.4607
154      154   (0)      1  : 0.0000 0.0000 1.0000 0.0000 0.0000
155      155   (0)      1  : 0.0000 1.0000 0.0000 0.0000 0.0000
156      156   (0)      1  : 0.0000 1.0000 0.0000 0.0000 0.0000
157      157   (0)      1  : 0.0000 0.9855 0.0145 0.0000 0.0000
158      158   (0)      1  : 0.0000 0.0000 1.0000 0.0000 0.0000
159      159   (0)      1  : 0.0000 0.0000 0.9813 0.0000 0.0187
160      160   (0)      1  : 0.0000 0.0000 0.9762 0.0181 0.0057
161      161   (0)      1  : 0.0000 1.0000 0.0000 0.0000 0.0000
162      162   (0)      1  : 0.0000 0.0000 0.9101 0.0000 0.0899
163      163   (0)      1  : 0.0000 0.0000 1.0000 0.0000 0.0000
164      164   (0)      1  : 0.0000 1.0000 0.0000 0.0000 0.0000
165      165   (0)      1  : 0.0000 1.0000 0.0000 0.0000 0.0000
166      166   (0)      1  : 0.0000 0.0000 0.8644 0.0000 0.1356
167      167   (0)      1  : 0.0000 1.0000 0.0000 0.0000 0.0000
168      168   (0)      7  : 0.0000 0.0000 0.3592 0.5977 0.0431
169      169   (0)      7  : 0.0000 0.0000 0.1880 0.6419 0.1701
170      170   (0)      7  : 0.0000 0.1086 0.0000 0.8914 0.0000
171      171   (0)      7  : 0.0000 0.0713 0.0000 0.9287 0.0000
172      172   (0)      7  : 0.0000 0.0000 0.0000 1.0000 0.0000
173      173   (0)      7  : 0.0000 0.0000 0.0000 0.7606 0.2394
174      174   (0)      7  : 0.0070 0.0000 0.0000 0.9176 0.0753
175      175   (0)      7  : 0.0000 0.7666 0.0000 0.2334 0.0000
176      176   (0)      7  : 0.0000 0.0000 0.0000 1.0000 0.0000
177      177   (0)      7  : 0.0000 0.0000 0.0000 1.0000 0.0000
178      178   (0)      7  : 0.0000 0.6749 0.0000 0.3251 0.0000
179      179   (0)      7  : 0.0000 0.9040 0.0000 0.0960 0.0000
180      180   (0)      7  : 0.0000 0.0000 0.0000 1.0000 0.0000
181      181   (0)      7  : 0.0573 0.0000 0.0000 0.8382 0.1045
182      182   (0)      7  : 0.0000 0.0000 0.0000 0.8563 0.1437
183      183   (0)      7  : 0.0000 0.0010 0.0000 0.9990 0.0000
184      184   (0)      7  : 0.0000 0.7656 0.0000 0.2344 0.0000
185      185   (0)      7  : 0.0000 0.0000 0.0000 1.0000 0.0000
186      186   (0)      7  : 0.0000 0.7140 0.0000 0.2860 0.0000
187      187   (0)      7  : 0.0000 0.0000 0.0000 0.7927 0.2073
188      188   (0)      7  : 0.0000 0.8225 0.0000 0.1775 0.0000
189      189   (0)      7  : 0.0000 0.1317 0.0000 0.7093 0.1590
190      190   (0)      7  : 0.0000 0.0000 0.1230 0.7045 0.1725
191      191   (0)      7  : 0.0000 0.0000 0.0000 1.0000 0.0000
192      192   (0)      7  : 0.0998 0.1467 0.0002 0.7533 0.0000
193      193   (0)      7  : 0.0940 0.0000 0.0000 0.9060 0.0000
194      194   (0)      7  : 0.0000 0.7864 0.0000 0.2136 0.0000
195      195   (0)      7  : 0.0000 0.0000 0.0000 0.7295 0.2705
196      196   (0)      7  : 0.0000 0.8248 0.0000 0.1752 0.0000
197      197   (0)      7  : 0.0000 0.6797 0.0000 0.3203 0.0000
