1        1   (0)      1  : 0.0000 0.1634 0.0468 0.0000 0.0000 0.0000 0.1045 0.2532 0.4321
2        2   (0)      1  : 0.2026 0.0298 0.1541 0.0647 0.0379 0.2741 0.0000 0.0236 0.2132
3        3   (0)      1  : 0.2442 0.0000 0.0000 0.0001 0.0886 0.2740 0.2877 0.0662 0.0392
4        4   (0)      1  : 0.0000 0.0000 0.5000 0.0000 0.0000 0.1513 0.0000 0.1244 0.2243
5        5   (0)      1  : 0.0000 0.0612 0.1315 0.2265 0.2238 0.0000 0.2626 0.0000 0.0944
6        6   (0)      1  : 0.0000 0.0000 0.3414 0.4270 0.0239 0.0855 0.0000 0.0000 0.1223
7        7   (0)      1  : 0.0000 0.1572 0.0000 0.0000 0.0000 0.0000 0.5992 0.2436 0.0000
8        8   (0)      1  : 0.0000 0.0000 0.0000 0.0000 0.5000 0.0000 0.0000 0.0000 0.5000
9        9   (0)      1  : 0.0000 0.2988 0.0000 0.0000 0.4970 0.0463 0.0000 0.0000 0.1579
10       10   (0)      1  : 0.1432 0.0000 0.2480 0.0000 0.6085 0.0000 0.0000 0.0000 0.0003
11       11   (0)      1  : 0.0000 0.2853 0.0000 0.0000 0.5000 0.0000 0.0000 0.2147 0.0000
12       12   (0)      1  : 0.0000 0.3932 0.0000 0.0000 0.1635 0.4433 0.0000 0.0000 0.0000
13       13   (0)      2  : 0.0000 0.5321 0.0000 0.0000 0.0000 0.4679 0.0000 0.0000 0.0000
14       14   (0)      2  : 0.0000 0.2626 0.0000 0.0000 0.5000 0.0000 0.0000 0.2374 0.0000
15       15   (0)      2  : 0.0000 0.5000 0.0000 0.0000 0.5000 0.0000 0.0000 0.0000 0.0000
16       16   (0)      2  : 0.0000 0.5000 0.0000 0.0000 0.0000 0.0000 0.0000 0.5000 0.0000
17       17   (0)      2  : 0.0000 0.0635 0.0000 0.2932 0.3200 0.0492 0.0213 0.2528 0.0000
18       18   (0)      2  : 0.0000 0.7789 0.0000 0.0000 0.0679 0.0000 0.0000 0.1531 0.0000
19       19   (0)      2  : 0.0000 0.7486 0.0000 0.0000 0.1146 0.0000 0.0092 0.1276 0.0000
20       20   (0)      2  : 0.0586 0.2356 0.0000 0.0000 0.0000 0.1178 0.5880 0.0000 0.0000
21       21   (0)      2  : 0.0000 0.0000 0.0654 0.8013 0.0000 0.0351 0.0000 0.0000 0.0982
22       22   (0)      2  : 0.0000 0.3363 0.0987 0.1415 0.1400 0.0000 0.1309 0.1526 0.0000
23       23   (0)      2  : 0.0000 0.3150 0.0000 0.0000 0.2978 0.3872 0.0000 0.0000 0.0000
24       24   (0)      2  : 0.0000 0.0000 0.0000 0.0000 0.0000 0.0000 1.0000 0.0000 0.0000
25       25   (0)      2  : 0.0000 0.0000 0.0000 0.0000 0.7387 0.1087 0.1526 0.0000 0.0000
26       26   (0)      2  : 0.0000 0.1746 0.3215 0.0000 0.1924 0.2022 0.0000 0.0504 0.0589
27       27   (0)      2  : 0.0000 0.0097 0.2918 0.0000 0.1632 0.1191 0.3341 0.0820 0.0000
28       28   (0)      2  : 0.0000 0.8829 0.0000 0.0000 0.0000 0.1171 0.0000 0.0000 0.0000
29       29   (0)      2  : 0.0000 0.0000 0.0219 0.1150 0.1813 0.4459 0.1651 0.0000 0.0708
30       30   (0)      2  : 0.0424 0.2111 0.0000 0.0000 0.4215 0.1041 0.0000 0.0635 0.1575
31       31   (0)      2  : 0.1229 0.0000 0.1825 0.2925 0.1263 0.0000 0.0000 0.2722 0.0037
32       32   (0)      2  : 0.2474 0.2037 0.2743 0.0000 0.0858 0.0006 0.0914 0.0968 0.0000
33       33   (0)      2  : 0.0000 0.6745 0.0000 0.0000 0.2112 0.0000 0.0000 0.1143 0.0000
34       34   (0)      3  : 0.0333 0.0000 0.1703 0.1094 0.0000 0.0030 0.5823 0.0230 0.0787
35       35   (0)      3  : 0.0000 0.0000 0.0000 0.8290 0.0000 0.0000 0.1710 0.0000 0.0000
36       36   (0)      3  : 0.0247 0.0000 0.2135 0.3033 0.0448 0.0000 0.0814 0.0422 0.2902
37       37   (0)      3  : 0.0000 0.0870 0.3608 0.0000 0.0000 0.3834 0.0000 0.0000 0.1689
38       38   (0)      3  : 0.3573 0.0000 0.4450 0.0000 0.0766 0.1211 0.0000 0.0000 0.0000
39       39   (0)      3  : 0.1975 0.0000 0.5000 0.0989 0.0000 0.0000 0.0000 0.0652 0.1384
40       40   (0)      3  : 0.8542 0.0000 0.0000 0.1458 0.0000 0.0000 0.0000 0.0000 0.0000
41       41   (0)      3  : 0.0000 0.0000 0.0000 0.0000 0.0000 0.0000 1.0000 0.0000 0.0000
42       42   (0)      3  : 0.0000 0.1153 0.0000 0.1144 0.0437 0.0000 0.0000 0.1063 0.6202
43       43   (0)      3  : 0.2424 0.0000 0.0000 0.7576 0.0000 0.0000 0.0000 0.0000 0.0000
44       44   (0)      3  : 0.1427 0.1163 0.0000 0.2043 0.0000 0.3903 0.0000 0.0000 0.1464
45       45   (0)      3  : 0.2748 0.0000 0.0000 0.2877 0.0000 0.3444 0.0000 0.0000 0.0931
46       46   (0)      3  : 0.6062 0.0000 0.2672 0.0000 0.0000 0.0761 0.0000 0.0505 0.0000
47       47   (0)      3  : 0.0000 0.0934 0.0000 0.3744 0.0001 0.3351 0.0000 0.1971 0.0000
48       48   (0)      3  : 0.0000 0.0000 0.0000 1.0000 0.0000 0.0000 0.0000 0.0000 0.0000
49       49   (0)      3  : 0.0000 0.0000 0.0000 0.0000 0.0000 1.0000 0.0000 0.0000 0.0000
50       50   (0)      3  : 0.0712 0.0000 0.2454 0.6716 0.0118 0.0000 0.0000 0.0000 0.0000
51       51   (0)      3  : 0.0000 0.0000 0.8239 0.0000 0.0000 0.0000 0.1761 0.0000 0.0000
52       52   (0)      3  : 0.3351 0.1147 0.1257 0.0316 0.0035 0.0000 0.0876 0.3018 0.0000
53       53   (0)      3  : 0.0000 0.0000 0.0000 0.5205 0.0640 0.1811 0.0000 0.0000 0.2343
54       54   (0)      3  : 0.2185 0.0356 0.6242 0.0000 0.0373 0.0000 0.0000 0.0000 0.0845
55       55   (0)      3  : 0.0000 0.0000 0.0000 0.0000 0.0698 0.4684 0.0000 0.0881 0.3736
56       56   (0)      3  : 0.1862 0.0000 0.1350 0.0530 0.0325 0.5000 0.0000 0.0000 0.0933
57       57   (0)      3  : 0.0000 0.0000 0.0000 0.0000 0.0000 0.0000 0.0000 0.0000 1.0000
58       58   (0)      3  : 0.7139 0.0000 0.0000 0.0000 0.0000 0.2861 0.0000 0.0000 0.0000
59       59   (0)      3  : 0.1020 0.0000 0.1443 0.6672 0.0000 0.0000 0.0000 0.0864 0.0000
60       60   (0)      4  : 0.0000 0.1878 0.1531 0.0000 0.0283 0.0000 0.0000 0.6308 0.0000
61       61   (0)      4  : 0.0000 0.3297 0.0000 0.1703 0.0000 0.0000 0.0000 0.5000 0.0000
62       62   (0)      4  : 0.3239 0.0000 0.0000 0.4013 0.0727 0.0000 0.0000 0.2022 0.0000
63       63   (0)      4  : 0.0000 0.0709 0.0000 0.1054 0.0000 0.0846 0.0000 0.0000 0.7391
64       64   (0)      4  : 0.2787 0.0000 0.1959 0.1877 0.0542 0.0000 0.0000 0.1378 0.1457
65       65   (0)      4  : 0.3495 0.0691 0.0000 0.5197 0.0000 0.0000 0.0000 0.0617 0.0000
66       66   (0)      4  : 0.3582 0.0000 0.0010 0.6408 0.0000 0.0000 0.0000 0.0000 0.0000
67       67   (0)      4  : 0.2541 0.0383 0.0873 0.0459 0.0241 0.0915 0.0000 0.3455 0.1134
68       68   (0)      4  : 0.0000 0.0926 0.1457 0.2064 0.0769 0.1333 0.0943 0.0126 0.2382
69       69   (0)      4  : 0.0000 0.0000 0.0913 0.0894 0.0441 0.0889 0.0211 0.0000 0.6653
70       70   (0)      4  : 0.0915 0.5267 0.0000 0.1815 0.0412 0.0000 0.0716 0.0875 0.0000
71       71   (0)      4  : 0.5194 0.0000 0.1574 0.0483 0.0738 0.0000 0.0000 0.0000 0.2011
72       72   (0)      4  : 0.0757 0.0837 0.0000 0.0331 0.2243 0.0000 0.0386 0.5000 0.0445
73       73   (0)      4  : 0.0000 0.0000 0.1323 0.1238 0.1144 0.1433 0.2429 0.0000 0.2433
74       74   (0)      4  : 0.0000 0.0000 0.0000 0.7248 0.0000 0.0000 0.2752 0.0000 0.0000
75       75   (0)      4  : 0.0000 0.0000 0.0000 0.7663 0.0000 0.2337 0.0000 0.0000 0.0000
76       76   (0)      4  : 0.0354 0.0000 0.0000 0.4539 0.0000 0.2799 0.1118 0.0682 0.0508
77       77   (0)      4  : 0.0853 0.0000 0.1184 0.0000 0.3428 0.2025 0.0000 0.0000 0.2510
78       78   (0)      4  : 0.1795 0.0000 0.0000 0.0000 0.0541 0.0000 0.4071 0.0000 0.3592
79       79   (0)      4  : 0.0000 0.0000 0.2137 0.2034 0.0000 0.1632 0.3576 0.0000 0.0621
80       80   (0)      4  : 0.0000 0.0000 0.3728 0.1744 0.0811 0.1907 0.0487 0.0000 0.1323
81       81   (0)      4  : 0.0000 0.4371 0.1662 0.1494 0.0572 0.0000 0.0114 0.1788 0.0000
82       82   (0)      4  : 0.0000 0.0004 0.0000 0.0000 0.0000 0.0000 0.9996 0.0000 0.0000
83       83   (0)      4  : 0.3603 0.0000 0.0710 0.1141 0.0885 0.0713 0.0000 0.0000 0.2948
84       84   (0)      4  : 0.1244 0.0332 0.5256 0.1023 0.0000 0.0999 0.0000 0.0477 0.0669
85       85   (0)      4  : 0.0000 0.1954 0.1299 0.0000 0.5200 0.0000 0.0467 0.1080 0.0000
86       86   (0)      5  : 0.2781 0.0528 0.6180 0.0000 0.0511 0.0000 0.0000 0.0000 0.0000
87       87   (0)      5  : 0.0359 0.0000 0.1267 0.2023 0.0953 0.2590 0.1536 0.0826 0.0446
88       88   (0)      5  : 0.1087 0.0346 0.3240 0.2627 0.0104 0.1145 0.0000 0.1451 0.0000
89       89   (0)      5  : 0.0000 0.0000 0.0000 0.1212 0.1788 0.3613 0.1755 0.0000 0.1631
90       90   (0)      5  : 0.0000 0.0000 0.0000 0.0000 0.0000 0.0000 1.0000 0.0000 0.0000
91       91   (0)      5  : 0.5818 0.0000 0.0000 0.0000 0.0000 0.2291 0.0000 0.1891 0.0000
92       92   (0)      5  : 0.1645 0.0000 0.3444 0.2297 0.0000 0.0690 0.1924 0.0000 0.0000
93       93   (0)      5  : 0.0000 0.0000 0.0000 0.0000 0.0000 1.0000 0.0000 0.0000 0.0000
94       94   (0)      5  : 0.1251 0.0000 0.4616 0.0346 0.0000 0.0000 0.0002 0.0695 0.3090
95       95   (0)      5  : 0.0914 0.3383 0.0503 0.0000 0.2083 0.1549 0.0000 0.0433 0.1137
96       96   (0)      5  : 0.6429 0.0000 0.0000 0.0000 0.0000 0.0000 0.0000 0.0000 0.3571
97       97   (0)      5  : 0.0000 0.0000 0.1027 0.0000 0.6099 0.0000 0.0000 0.0000 0.2873
98       98   (0)      5  : 0.5266 0.2543 0.0648 0.0000 0.0000 0.0000 0.0000 0.0000 0.1543
99       99   (0)      5  : 0.2400 0.0000 0.0000 0.4406 0.1410 0.1785 0.0000 0.0000 0.0000
100      100   (0)      5  : 0.3155 0.0559 0.0792 0.2891 0.0000 0.0000 0.1194 0.0570 0.0839
101      101   (0)      5  : 0.5653 0.0000 0.0000 0.0000 0.0000 0.2507 0.0000 0.0000 0.1840
102      102   (0)      5  : 0.0591 0.0000 0.0009 0.2030 0.0000 0.6297 0.0565 0.0000 0.0508
103      103   (0)      5  : 0.7756 0.0581 0.0000 0.0840 0.0000 0.0823 0.0000 0.0000 0.0000
104      104   (0)      5  : 0.1254 0.0181 0.0611 0.1097 0.2144 0.1774 0.1316 0.0828 0.0794
105      105   (0)      5  : 0.0754 0.0000 0.6656 0.0000 0.0000 0.1578 0.0000 0.0000 0.1012
106      106   (0)      5  : 0.0000 0.0200 0.0000 0.1308 0.0917 0.0450 0.7124 0.0001 0.0000
107      107   (0)      5  : 0.7009 0.0000 0.0487 0.0359 0.0403 0.0000 0.1153 0.0590 0.0000
108      108   (0)      5  : 0.1050 0.1362 0.0000 0.0937 0.0000 0.2288 0.3143 0.0595 0.0624
109      109   (0)      5  : 0.0000 0.2008 0.0000 0.0000 0.0000 0.5521 0.1517 0.0954 0.0000
110      110   (0)      5  : 0.0563 0.0771 0.1783 0.0452 0.1552 0.3261 0.0000 0.0000 0.1619
111      111   (0)      5  : 0.0725 0.0000 0.1294 0.6904 0.0000 0.1077 0.0000 0.0000 0.0000
112      112   (0)      5  : 0.1022 0.0000 0.0000 0.3841 0.0000 0.2050 0.2461 0.0000 0.0626
113      113   (0)      4  : 0.0000 0.0323 0.0000 0.3596 0.0000 0.5000 0.0000 0.0000 0.1081
114      114   (0)      6  : 0.1548 0.1263 0.1089 0.0702 0.0000 0.1727 0.0963 0.0344 0.2364
115      115   (0)      6  : 0.0000 0.0000 0.4740 0.0000 0.1473 0.0000 0.0428 0.2562 0.0797
116      116   (0)      6  : 0.1087 0.5113 0.0000 0.0000 0.0764 0.0000 0.0000 0.0687 0.2349
117      117   (0)      6  : 0.0000 0.0000 0.0000 0.0000 0.0000 0.0000 0.0000 1.0000 0.0000
118      118   (0)      6  : 0.0133 0.1710 0.1081 0.1874 0.3856 0.0000 0.1345 0.0000 0.0000
119      119   (0)      6  : 0.0000 0.3803 0.0000 0.0000 0.6197 0.0000 0.0000 0.0000 0.0000
120      120   (0)      6  : 0.0000 0.0000 0.1295 0.0611 0.0000 0.1603 0.0000 0.0000 0.6491
121      121   (0)      6  : 0.0000 0.0134 0.6101 0.1351 0.0772 0.0609 0.1033 0.0000 0.0000
122      122   (0)      6  : 0.0000 0.0000 0.0000 0.2346 0.0000 0.7408 0.0000 0.0245 0.0000
123      123   (0)      6  : 0.0000 0.2078 0.0000 0.0000 0.0000 0.2066 0.0000 0.2934 0.2922
124      124   (0)      6  : 0.0741 0.0000 0.5000 0.1279 0.0243 0.1541 0.0000 0.0000 0.1197
125      125   (0)      6  : 0.0000 0.0595 0.0446 0.0000 0.1478 0.5563 0.0722 0.0000 0.1197
126      126   (0)      6  : 0.0646 0.0000 0.1476 0.0661 0.0635 0.2172 0.4410 0.0000 0.0000
127      127   (0)      6  : 0.0000 0.4951 0.3028 0.0284 0.0000 0.0598 0.0000 0.0616 0.0523
128      128   (0)      6  : 0.1086 0.0000 0.0826 0.0679 0.0000 0.4872 0.0000 0.0000 0.2537
129      129   (0)      6  : 0.0000 0.0000 0.1842 0.0000 0.0000 0.0000 0.0858 0.0000 0.7299
130      130   (0)      6  : 0.0499 0.0570 0.0000 0.1564 0.0000 0.1558 0.0695 0.2671 0.2443
131      131   (0)      6  : 0.0000 0.2599 0.0000 0.3073 0.3143 0.0000 0.1185 0.0000 0.0000
132      132   (0)      6  : 0.3373 0.0155 0.0000 0.1711 0.1720 0.1957 0.0354 0.0000 0.0730
133      133   (0)      6  : 0.0000 0.0000 0.1028 0.0000 0.0000 0.7027 0.1945 0.0000 0.0000
134      134   (0)      6  : 0.1854 0.0576 0.1650 0.3397 0.0268 0.0844 0.0822 0.0589 0.0000
135      135   (0)      6  : 0.0000 0.6318 0.0000 0.0847 0.0000 0.1439 0.0000 0.1395 0.0000
136      136   (0)      6  : 0.1117 0.1009 0.1068 0.1693 0.0845 0.0736 0.2084 0.0482 0.0966
137      137   (0)      6  : 0.1033 0.0298 0.1386 0.2337 0.0000 0.0552 0.1185 0.1269 0.1939
138      138   (0)      6  : 0.0000 0.0000 0.1858 0.3845 0.0000 0.0809 0.3488 0.0000 0.0000
139      139   (0)      6  : 0.1105 0.0198 0.3455 0.0991 0.0502 0.0594 0.0000 0.0000 0.3154
140      140   (0)      6  : 0.0000 0.3894 0.1178 0.3887 0.0470 0.0000 0.0000 0.0571 0.0000
141      141   (0)      6  : 0.0000 0.1531 0.0000 0.0000 0.5000 0.1392 0.2077 0.0000 0.0000
142      142   (0)      7  : 0.0000 0.0000 0.1800 0.5458 0.0000 0.1248 0.1495 0.0000 0.0000
143      143   (0)      7  : 0.0000 1.0000 0.0000 0.0000 0.0000 0.0000 0.0000 0.0000 0.0000
144      144   (0)      7  : 0.0000 0.0549 0.2539 0.0728 0.0000 0.1051 0.2032 0.0766 0.2335
145      145   (0)      7  : 0.0000 0.0000 0.2193 0.0000 0.0204 0.2431 0.0000 0.0000 0.5173
146      146   (0)      7  : 0.0954 0.1465 0.0000 0.0000 0.1323 0.0000 0.4668 0.1591 0.0000
147      147   (0)      7  : 1.0000 0.0000 0.0000 0.0000 0.0000 0.0000 0.0000 0.0000 0.0000
148      148   (0)      7  : 0.0738 0.0000 0.3615 0.2122 0.0000 0.0086 0.0682 0.0000 0.2757
149      149   (0)      7  : 0.1351 0.4851 0.0000 0.0000 0.0000 0.0000 0.0000 0.2925 0.0873
150      150   (0)      7  : 0.0000 0.2122 0.0000 0.0000 0.5000 0.2878 0.0000 0.0000 0.0000
151      151   (0)      7  : 0.0000 0.2822 0.1664 0.0000 0.1072 0.0510 0.0000 0.2995 0.0937
152      152   (0)      7  : 0.5803 0.0042 0.0655 0.3064 0.0000 0.0000 0.0309 0.0000 0.0128
153      153   (0)      7  : 0.0000 0.7215 0.0000 0.0000 0.0000 0.0000 0.0000 0.2785 0.0000
154      154   (0)      7  : 0.4807 0.0000 0.0000 0.0000 0.0000 0.3171 0.0532 0.1490 0.0000
155      155   (0)      7  : 0.0391 0.0000 0.0000 0.0000 0.4201 0.0000 0.0000 0.4393 0.1015
156      156   (0)      7  : 0.5907 0.0000 0.4093 0.0000 0.0000 0.0000 0.0000 0.0000 0.0000
157      157   (0)      7  : 0.8528 0.0000 0.1472 0.0000 0.0000 0.0000 0.0000 0.0000 0.0000
158      158   (0)      7  : 0.3783 0.1197 0.0805 0.3468 0.0314 0.0138 0.0000 0.0000 0.0295
159      159   (0)      7  : 0.0000 0.4087 0.2766 0.0000 0.2471 0.0000 0.0000 0.0677 0.0000
160      160   (0)      7  : 0.0938 0.1694 0.1007 0.0000 0.1802 0.2320 0.0106 0.0567 0.1568
161      161   (0)      7  : 0.0000 0.1225 0.0000 0.0000 0.1810 0.0000 0.0000 0.6965 0.0000
162      162   (0)      7  : 0.0554 0.0000 0.0000 0.0653 0.1079 0.1055 0.0331 0.0000 0.6328
163      163   (0)      7  : 0.1125 0.0000 0.6255 0.0000 0.0000 0.0000 0.0708 0.0000 0.1912
164      164   (0)      7  : 0.0003 0.1258 0.0631 0.1087 0.1093 0.0000 0.3358 0.0999 0.1571
165      165   (0)      7  : 0.0000 0.2967 0.0000 0.0000 0.1172 0.0000 0.0828 0.0000 0.5032
166      166   (0)      7  : 0.0000 0.0000 0.0000 0.1529 0.1371 0.0000 0.0000 0.1387 0.5713
167      167   (0)      7  : 0.3801 0.0000 0.2405 0.0721 0.0000 0.2445 0.0000 0.0000 0.0627
168      168   (0)      7  : 0.2864 0.0005 0.0000 0.3372 0.0548 0.0000 0.0756 0.1251 0.1203
169      169   (0)      7  : 0.0000 0.3729 0.0000 0.0000 0.3019 0.0000 0.0000 0.1218 0.2033
