1        1   (0)      1  : 0.0000 1.0000 0.0000 0.0000
2        2   (0)      1  : 0.0730 0.0000 0.9270 0.0000
3        3   (0)      1  : 0.0000 1.0000 0.0000 0.0000
4        4   (0)      1  : 0.0774 0.0000 0.7979 0.1247
5        5   (0)      1  : 0.0000 1.0000 0.0000 0.0000
6        6   (0)      1  : 0.0000 1.0000 0.0000 0.0000
7        7   (0)      1  : 0.0667 0.0488 0.8846 0.0000
8        8   (0)      1  : 0.0718 0.0000 0.9282 0.0000
9        9   (0)      1  : 0.0000 1.0000 0.0000 0.0000
10       10   (0)      2  : 0.0000 0.0000 1.0000 0.0000
11       11   (0)      2  : 0.0000 0.0000 1.0000 0.0000
12       12   (0)      2  : 0.0000 0.0000 1.0000 0.0000
13       13   (0)      3  : 0.0306 0.9694 0.0000 0.0000
14       14   (0)      3  : 0.0581 0.8901 0.0000 0.0519
15       15   (0)      3  : 0.0000 0.9661 0.0339 0.0000
16       16   (0)      3  : 0.0000 0.9744 0.0256 0.0000
17       17   (0)      3  : 0.0000 1.0000 0.0000 0.0000
18       18   (0)      3  : 0.0133 0.9867 0.0000 0.0000
19       19   (0)      3  : 0.1461 0.0000 0.7141 0.1398
20       20   (0)      3  : 0.4233 0.0000 0.4791 0.0977
21       21   (0)      2  : 0.0000 0.1520 0.8480 0.0000
22       22   (0)      2  : 0.0000 0.0002 0.9998 0.0000
23       23   (0)      2  : 0.0000 0.0000 1.0000 0.0000
24       24   (0)      2  : 0.0000 0.0000 1.0000 0.0000
25       25   (0)      2  : 0.0000 0.0000 1.0000 0.0000
26       26   (0)      2  : 0.0000 0.0000 1.0000 0.0000
27       27   (0)      2  : 0.0000 0.0217 0.9783 0.0000
28       28   (0)      2  : 0.0000 0.0000 1.0000 0.0000
29       29   (0)      2  : 0.0487 0.0475 0.8996 0.0043
30       30   (0)      2  : 0.0000 0.0000 1.0000 0.0000
31       31   (0)      2  : 0.0000 0.3349 0.6651 0.0000
32       32   (0)      2  : 0.0491 0.2338 0.7171 0.0000
33       33   (0)      2  : 0.0000 0.0097 0.9903 0.0000
34       34   (0)      2  : 0.0000 0.0000 1.0000 0.0000
35       35   (0)      2  : 0.0000 0.0000 1.0000 0.0000
36       36   (0)      2  : 0.0000 0.0000 0.9908 0.0092
37       37   (0)      2  : 0.0000 0.9223 0.0777 0.0000
38       38   (0)      2  : 0.0321 0.0000 0.9495 0.0183
39       39   (0)      2  : 0.0412 0.0548 0.8826 0.0213
40       40   (0)      2  : 0.0000 0.0307 0.9693 0.0000
41       41   (0)      2  : 0.0000 0.0870 0.9130 0.0000
42       42   (0)      2  : 0.0000 0.0000 1.0000 0.0000
43       43   (0)      4  : 1.0000 0.0000 0.0000 0.0000
44       44   (0)      4  : 0.8941 0.1059 0.0000 0.0000
45       45   (0)      4  : 0.9055 0.0000 0.0000 0.0945
46       46   (0)      4  : 0.8858 0.0000 0.0000 0.1142
47       47   (0)      4  : 0.8482 0.1517 0.0000 0.0000
48       48   (0)      4  : 0.3032 0.6968 0.0000 0.0000
49       49   (0)      4  : 0.1792 0.8208 0.0000 0.0000
50       50   (0)      4  : 0.9703 0.0297 0.0000 0.0000
51       51   (0)      4  : 1.0000 0.0000 0.0000 0.0000
52       52   (0)      4  : 0.6299 0.0947 0.0474 0.2281
53       53   (0)      4  : 0.7169 0.0998 0.0000 0.1833
54       54   (0)      4  : 0.1662 0.8338 0.0000 0.0000
55       55   (0)      4  : 0.1352 0.8648 0.0000 0.0000
56       56   (0)      4  : 0.2987 0.7013 0.0000 0.0000
57       57   (0)      4  : 0.8099 0.0000 0.0000 0.1901
58       58   (0)      4  : 1.0000 0.0000 0.0000 0.0000
59       59   (0)      4  : 1.0000 0.0000 0.0000 0.0000
60       60   (0)      4  : 1.0000 0.0000 0.0000 0.0000
61       61   (0)      4  : 1.0000 0.0000 0.0000 0.0000
62       62   (0)      4  : 0.9415 0.0585 0.0000 0.0000
63       63   (0)      4  : 1.0000 0.0000 0.0000 0.0000
64       64   (0)      4  : 0.9816 0.0182 0.0000 0.0002
65       65   (0)      4  : 0.0982 0.9018 0.0000 0.0000
66       66   (0)      4  : 1.0000 0.0000 0.0000 0.0000
67       67   (0)      4  : 0.8735 0.0000 0.0000 0.1265
68       68   (0)      4  : 0.1499 0.7594 0.0000 0.0908
69       69   (0)      4  : 1.0000 0.0000 0.0000 0.0000
70       70   (0)      4  : 0.9307 0.0693 0.0000 0.0000
71       71   (0)      4  : 0.1063 0.8937 0.0000 0.0000
72       72   (0)      5  : 0.5815 0.0000 0.2047 0.2138
73       73   (0)      5  : 0.3571 0.0000 0.1540 0.4889
74       74   (0)      5  : 0.6581 0.0000 0.0580 0.2839
75       75   (0)      5  : 0.7168 0.0000 0.1112 0.1720
76       76   (0)      5  : 0.4542 0.0282 0.2422 0.2754
77       77   (0)      5  : 0.6539 0.0000 0.0410 0.3051
78       78   (0)      5  : 0.7094 0.0000 0.0000 0.2906
79       79   (0)      5  : 0.6450 0.0000 0.2122 0.1428
80       80   (0)      5  : 0.0553 0.7474 0.0000 0.1973
81       81   (0)      5  : 0.4602 0.5120 0.0000 0.0278
82       82   (0)      5  : 0.6548 0.0000 0.0105 0.3347
83       83   (0)      5  : 0.6006 0.0085 0.1015 0.2893
84       84   (0)      5  : 0.5630 0.0000 0.0806 0.3564
85       85   (0)      5  : 0.6794 0.0000 0.0000 0.3206
86       86   (0)      5  : 0.7693 0.0000 0.0725 0.1582
87       87   (0)      5  : 0.5833 0.0000 0.2059 0.2108
88       88   (0)      5  : 0.6752 0.0000 0.2498 0.0751
89       89   (0)      5  : 0.7558 0.0000 0.1883 0.0558
90       90   (0)      5  : 0.7115 0.0000 0.1739 0.1146
91       91   (0)      5  : 0.6479 0.0000 0.1612 0.1908
92       92   (0)      5  : 0.2166 0.7360 0.0000 0.0474
93       93   (0)      5  : 0.6791 0.0000 0.1037 0.2172
94       94   (0)      5  : 0.6049 0.0000 0.0006 0.3945
95       95   (0)      5  : 0.7247 0.0000 0.0000 0.2753
96       96   (0)      5  : 0.6479 0.0000 0.0887 0.2635
97       97   (0)      6  : 0.5203 0.0001 0.4334 0.0462
98       98   (0)      6  : 0.0000 0.0000 0.8848 0.1152
99       99   (0)      6  : 0.0000 1.0000 0.0000 0.0000
100      100   (0)      6  : 0.3386 0.0082 0.6528 0.0004
101      101   (0)      6  : 0.0000 1.0000 0.0000 0.0000
102      102   (0)      6  : 0.0000 0.9596 0.0404 0.0000
103      103   (0)      6  : 0.0110 0.9889 0.0001 0.0000
104      104   (0)      6  : 0.2927 0.1498 0.4364 0.1211
105      105   (0)      6  : 0.0000 1.0000 0.0000 0.0000
106      106   (0)      6  : 0.1970 0.0000 0.7791 0.0239
107      107   (0)      3  : 0.0184 0.9816 0.0000 0.0000
108      108   (0)      3  : 0.4828 0.0000 0.3862 0.1310
109      109   (0)      3  : 0.0000 0.9546 0.0000 0.0454
110      110   (0)      2  : 0.0000 0.0000 1.0000 0.0000
111      111   (0)      2  : 0.0000 0.9838 0.0162 0.0000
112      112   (0)      3  : 0.0323 0.9292 0.0000 0.0385
113      113   (0)      2  : 0.0000 0.0000 1.0000 0.0000
114      114   (0)      2  : 0.0000 0.9875 0.0125 0.0000
115      115   (0)      3  : 0.0000 1.0000 0.0000 0.0000
116      116   (0)      3  : 0.0110 0.9760 0.0131 0.0000
117      117   (0)      3  : 0.0407 0.9524 0.0000 0.0068
118      118   (0)      3  : 0.0000 0.9271 0.0000 0.0729
119      119   (0)      3  : 0.0000 1.0000 0.0000 0.0000
120      120   (0)      3  : 0.3373 0.0000 0.5965 0.0662
121      121   (0)      3  : 0.0000 1.0000 0.0000 0.0000
122      122   (0)      3  : 0.0000 0.9119 0.0000 0.0881
123      123   (0)      3  : 0.0000 0.7913 0.0000 0.2087
124      124   (0)      3  : 0.0006 0.9986 0.0000 0.0008
125      125   (0)      3  : 0.2022 0.0088 0.7209 0.0680
126      126   (0)      3  : 0.0000 0.9247 0.0000 0.0753
127      127   (0)      3  : 0.1726 0.0000 0.8274 0.0000
128      128   (0)      3  : 0.0000 1.0000 0.0000 0.0000
129      129   (0)      6  : 0.0448 0.8755 0.0797 0.0000
130      130   (0)      6  : 0.2243 0.0000 0.5758 0.1999
131      131   (0)      6  : 0.0000 1.0000 0.0000 0.0000
132      132   (0)      6  : 0.1290 0.0000 0.7579 0.1130
133      133   (0)      6  : 0.0000 1.0000 0.0000 0.0000
134      134   (0)      6  : 0.0000 0.9479 0.0521 0.0000
135      135   (0)      6  : 0.0000 1.0000 0.0000 0.0000
136      136   (0)      6  : 0.0000 1.0000 0.0000 0.0000
137      137   (0)      6  : 0.0000 1.0000 0.0000 0.0000
138      138   (0)      6  : 0.0000 1.0000 0.0000 0.0000
139      139   (0)      6  : 0.1082 0.8918 0.0000 0.0000
140      140   (0)      6  : 0.2109 0.0014 0.6561 0.1315
141      141   (0)      1  : 0.0000 0.0000 0.9894 0.0106
142      142   (0)      1  : 0.0000 0.8929 0.1071 0.0000
143      143   (0)      1  : 0.0000 0.0000 0.8515 0.1485
144      144   (0)      1  : 0.0000 0.0309 0.9448 0.0243
145      145   (0)      1  : 0.0000 0.0000 1.0000 0.0000
146      146   (0)      1  : 0.0000 1.0000 0.0000 0.0000
147      147   (0)      6  : 0.0000 1.0000 0.0000 0.0000
148      148   (0)      6  : 0.1840 0.0000 0.8160 0.0000
149      149   (0)      6  : 0.0000 0.9465 0.0535 0.0000
150      150   (0)      6  : 0.0418 0.9097 0.0486 0.0000
151      151   (0)      6  : 0.0000 1.0000 0.0000 0.0000
152      152   (0)      6  : 0.0000 1.0000 0.0000 0.0000
153      153   (0)      6  : 0.3961 0.0000 0.6039 0.0000
154      154   (0)      1  : 0.0000 0.0000 1.0000 0.0000
155      155   (0)      1  : 0.0000 1.0000 0.0000 0.0000
156      156   (0)      1  : 0.0000 1.0000 0.0000 0.0000
157      157   (0)      1  : 0.0000 0.9895 0.0105 0.0000
158      158   (0)      1  : 0.0000 0.0000 1.0000 0.0000
159      159   (0)      1  : 0.0000 0.0000 1.0000 0.0000
160      160   (0)      1  : 0.0000 0.0000 0.9791 0.0209
161      161   (0)      1  : 0.0000 1.0000 0.0000 0.0000
162      162   (0)      1  : 0.0600 0.0000 0.9400 0.0000
163      163   (0)      1  : 0.0000 0.0000 1.0000 0.0000
164      164   (0)      1  : 0.0000 1.0000 0.0000 0.0000
165      165   (0)      1  : 0.0000 1.0000 0.0000 0.0000
166      166   (0)      1  : 0.0004 0.0003 0.9992 0.0000
167      167   (0)      1  : 0.0000 1.0000 0.0000 0.0000
168      168   (0)      7  : 0.0000 0.0000 0.3832 0.6168
169      169   (0)      7  : 0.0000 0.0000 0.2056 0.7944
170      170   (0)      7  : 0.0000 0.1302 0.0000 0.8698
171      171   (0)      7  : 0.0000 0.1101 0.0000 0.8899
172      172   (0)      7  : 0.0000 0.0000 0.0000 1.0000
173      173   (0)      7  : 0.1237 0.0000 0.0000 0.8763
174      174   (0)      7  : 0.0002 0.0000 0.0000 0.9998
175      175   (0)      7  : 0.0000 0.8118 0.0000 0.1882
176      176   (0)      7  : 0.0000 0.0000 0.0000 1.0000
177      177   (0)      7  : 0.0000 0.0000 0.0000 1.0000
178      178   (0)      7  : 0.0000 0.7025 0.0000 0.2975
179      179   (0)      7  : 0.0000 0.9467 0.0000 0.0533
180      180   (0)      7  : 0.0000 0.0000 0.0000 1.0000
181      181   (0)      7  : 0.0705 0.0000 0.0000 0.9295
182      182   (0)      7  : 0.0000 0.0000 0.0000 1.0000
183      183   (0)      7  : 0.0000 0.0818 0.0000 0.9182
184      184   (0)      7  : 0.0000 0.7955 0.0000 0.2045
185      185   (0)      7  : 0.0000 0.0000 0.0000 1.0000
186      186   (0)      7  : 0.0000 0.7549 0.0000 0.2451
187      187   (0)      7  : 0.1046 0.0000 0.0000 0.8954
188      188   (0)      7  : 0.0000 0.8742 0.0000 0.1258
189      189   (0)      7  : 0.0032 0.1666 0.0000 0.8302
190      190   (0)      7  : 0.0067 0.0147 0.1514 0.8271
191      191   (0)      7  : 0.0000 0.0000 0.0000 1.0000
192      192   (0)      7  : 0.0340 0.1928 0.0000 0.7732
193      193   (0)      7  : 0.0334 0.0000 0.0000 0.9666
194      194   (0)      7  : 0.0000 0.8157 0.0000 0.1843
195      195   (0)      7  : 0.1753 0.0000 0.0000 0.8247
196      196   (0)      7  : 0.0000 0.8552 0.0000 0.1448
197      197   (0)      7  : 0.0000 0.7176 0.0000 0.2824
