1        1   (0)      1  : 0.2021 0.0000 0.0558 0.0000 0.3397 0.0000 0.0037 0.0000 0.3987
2        2   (0)      1  : 0.3312 0.0000 0.0600 0.0000 0.3894 0.0000 0.0000 0.0000 0.2194
3        3   (0)      1  : 0.0000 0.0000 1.0000 0.0000 0.0000 0.0000 0.0000 0.0000 0.0000
4        4   (0)      1  : 0.3116 0.0000 0.0038 0.0000 0.1893 0.0000 0.0029 0.0000 0.4924
5        5   (0)      1  : 0.7473 0.0000 0.0000 0.0000 0.1679 0.0000 0.0848 0.0000 0.0000
6        6   (0)      1  : 0.2679 0.0000 0.1923 0.0000 0.0000 0.0000 0.0000 0.0000 0.5398
7        7   (0)      1  : 0.9172 0.0000 0.0000 0.0000 0.0828 0.0000 0.0000 0.0000 0.0000
8        8   (0)      1  : 0.0000 0.0000 0.0000 0.0000 0.8499 0.0000 0.0000 0.0000 0.1501
9        9   (0)      1  : 0.0000 0.0000 1.0000 0.0000 0.0000 0.0000 0.0000 0.0000 0.0000
10       10   (0)      1  : 0.2623 0.0000 0.0588 0.0000 0.1987 0.0000 0.0755 0.0000 0.4048
11       11   (0)      1  : 0.4706 0.0000 0.0000 0.0000 0.0595 0.0000 0.0003 0.0000 0.4696
12       12   (0)      1  : 0.0000 0.0000 0.0000 0.0000 0.1484 0.0000 0.0000 0.0000 0.8516
13       13   (0)      1  : 0.7100 0.0000 0.0000 0.0000 0.1084 0.0000 0.0000 0.0000 0.1816
14       14   (0)      1  : 0.2123 0.0000 0.0000 0.0000 0.7144 0.0000 0.0734 0.0000 0.0000
15       15   (0)      2  : 0.0000 0.0000 0.0000 0.0000 1.0000 0.0000 0.0000 0.0000 0.0000
16       16   (0)      2  : 0.0000 0.5833 0.0000 0.2158 0.0000 0.0312 0.0000 0.1697 0.0000
17       17   (0)      2  : 0.0000 0.3333 0.0000 0.0000 0.0000 0.0000 0.0000 0.6667 0.0000
18       18   (0)      2  : 0.0000 0.8330 0.0000 0.0000 0.0000 0.0603 0.0000 0.1067 0.0000
19       19   (0)      2  : 0.0000 0.0000 0.0000 0.4030 0.0000 0.3686 0.0000 0.2284 0.0000
20       20   (0)      2  : 0.0000 0.2357 0.0000 0.2050 0.0000 0.1076 0.0000 0.4517 0.0000
21       21   (0)      2  : 0.0000 0.0817 0.0000 0.8793 0.0000 0.0390 0.0000 0.0000 0.0000
22       22   (0)      2  : 0.0000 0.0816 0.0000 0.0000 0.0000 0.0766 0.0000 0.8418 0.0000
23       23   (0)      1  : 0.1286 0.0000 0.0000 0.0000 0.6594 0.0200 0.0499 0.0000 0.1422
24       24   (0)      1  : 0.3485 0.0000 0.0140 0.0062 0.2830 0.0000 0.3482 0.0000 0.0000
25       25   (0)      1  : 0.0000 0.0000 1.0000 0.0000 0.0000 0.0000 0.0000 0.0000 0.0000
26       26   (0)      1  : 0.5924 0.0000 0.0000 0.0000 0.1143 0.0000 0.0333 0.0000 0.2600
27       27   (0)      2  : 0.0000 0.0000 0.0000 0.0000 0.0000 1.0000 0.0000 0.0000 0.0000
28       28   (0)      2  : 0.0000 1.0000 0.0000 0.0000 0.0000 0.0000 0.0000 0.0000 0.0000
29       29   (0)      2  : 0.0000 0.0099 0.0000 0.7388 0.0000 0.1634 0.0000 0.0879 0.0000
30       30   (0)      2  : 0.0000 0.0000 0.0000 0.0000 0.0000 0.0000 0.0000 1.0000 0.0000
31       31   (0)      2  : 0.0000 0.0000 0.0000 0.0748 0.0000 0.0000 0.0000 0.9252 0.0000
32       32   (0)      2  : 0.0000 0.2026 0.1381 0.1729 0.0000 0.0341 0.0000 0.4523 0.0000
33       33   (0)      2  : 0.0000 0.0000 0.0000 0.0000 0.0000 0.0980 0.0000 0.9020 0.0000
34       34   (0)      1  : 0.3333 0.0000 0.0000 0.0000 0.3333 0.0000 0.3333 0.0000 0.0000
35       35   (0)      2  : 0.0000 0.0000 0.0000 0.2449 0.0000 0.0000 0.0000 0.7551 0.0000
36       36   (0)      2  : 0.0000 0.0000 0.0000 0.8255 0.0000 0.0002 0.0000 0.1743 0.0000
37       37   (0)      2  : 0.0000 0.6326 0.0000 0.1162 0.0000 0.1329 0.0000 0.1183 0.0000
38       38   (0)      2  : 0.0000 0.3333 0.0000 0.0000 0.0000 0.0000 0.0000 0.6667 0.0000
39       39   (0)      2  : 0.3764 0.0000 0.0000 0.0000 0.5712 0.0000 0.0000 0.0000 0.0525
40       40   (0)      2  : 0.0000 0.0000 0.0000 0.0000 0.5121 0.0000 0.0000 0.0000 0.4879
41       41   (0)      2  : 0.3333 0.0000 0.0000 0.0000 0.1647 0.0000 0.0238 0.0000 0.4782
42       42   (0)      2  : 0.4288 0.0000 0.0000 0.0000 0.0000 0.0000 0.0000 0.0000 0.5712
43       43   (0)      2  : 0.3101 0.0000 0.0000 0.0000 0.3258 0.0000 0.0907 0.0000 0.2733
44       44   (0)      2  : 0.0000 1.0000 0.0000 0.0000 0.0000 0.0000 0.0000 0.0000 0.0000
45       45   (0)      2  : 0.0000 0.6763 0.0000 0.1244 0.0000 0.0429 0.0266 0.1298 0.0000
46       46   (0)      2  : 0.0000 0.7164 0.0000 0.2836 0.0000 0.0000 0.0000 0.0000 0.0000
47       47   (0)      2  : 0.0643 0.0000 0.0000 0.0000 0.5159 0.0000 0.0849 0.0000 0.3350
48       48   (0)      2  : 0.0000 0.3099 0.0000 0.0000 0.0000 0.0378 0.0000 0.6523 0.0000
49       49   (0)      1  : 0.1649 0.0000 0.0015 0.0000 0.8270 0.0000 0.0066 0.0000 0.0000
50       50   (0)      1  : 0.0456 0.0000 0.0000 0.0000 0.5980 0.0000 0.0369 0.0000 0.3196
51       51   (0)      1  : 0.0000 0.0000 0.0000 0.0000 0.7473 0.0000 0.1187 0.0000 0.1340
52       52   (0)      1  : 0.4561 0.0000 0.0000 0.0000 0.3578 0.0000 0.0000 0.0000 0.1861
53       53   (0)      1  : 0.0000 0.0000 0.0270 0.0000 0.2413 0.0000 0.1682 0.0000 0.5635
54       54   (0)      1  : 0.1356 0.0000 0.0014 0.0000 0.3886 0.0000 0.0000 0.0000 0.4744
55       55   (0)      1  : 0.4114 0.0000 0.0000 0.0000 0.4372 0.0000 0.0000 0.0000 0.1514
56       56   (0)      3  : 0.0000 0.0000 0.0000 0.7527 0.0000 0.1779 0.0000 0.0694 0.0000
57       57   (0)      3  : 0.0000 0.0000 0.0000 0.3343 0.0000 0.0000 0.0000 0.6657 0.0000
58       58   (0)      3  : 0.0000 0.0000 0.0000 0.0000 0.0000 0.0000 0.0000 1.0000 0.0000
59       59   (0)      3  : 0.0000 0.0000 0.0000 1.0000 0.0000 0.0000 0.0000 0.0000 0.0000
60       60   (0)      3  : 0.0000 0.5568 0.0000 0.3605 0.0000 0.0826 0.0000 0.0000 0.0000
61       61   (0)      3  : 0.0000 0.0001 0.0000 0.0000 0.0000 0.0000 0.0000 0.9999 0.0000
62       62   (0)      3  : 0.0000 0.0000 0.0000 0.0000 0.0000 0.0000 0.0000 1.0000 0.0000
63       63   (0)      4  : 0.0000 0.0000 1.0000 0.0000 0.0000 0.0000 0.0000 0.0000 0.0000
64       64   (0)      4  : 0.1668 0.0000 0.0000 0.0000 0.3379 0.0000 0.0211 0.0000 0.4742
65       65   (0)      4  : 0.6667 0.0000 0.0000 0.0000 0.0000 0.0000 0.0082 0.0000 0.3251
66       66   (0)      3  : 0.0000 0.6667 0.0000 0.3333 0.0000 0.0000 0.0000 0.0000 0.0000
67       67   (0)      3  : 0.0000 0.3843 0.0000 0.4757 0.0000 0.1150 0.0000 0.0250 0.0000
68       68   (0)      3  : 0.0000 0.0000 0.0000 0.0000 0.0000 1.0000 0.0000 0.0000 0.0000
69       69   (0)      3  : 0.0000 0.1132 0.0000 0.6803 0.0000 0.1259 0.0000 0.0807 0.0000
70       70   (0)      3  : 0.0000 0.0000 0.0000 1.0000 0.0000 0.0000 0.0000 0.0000 0.0000
71       71   (0)      3  : 0.0000 0.4277 0.0000 0.0000 0.0000 0.1065 0.0000 0.4658 0.0000
72       72   (0)      4  : 0.6557 0.0000 0.0000 0.0000 0.0000 0.0000 0.0000 0.0000 0.3443
73       73   (0)      4  : 0.1424 0.0000 0.0000 0.0648 0.4730 0.0000 0.0116 0.0000 0.3082
74       74   (0)      4  : 0.0661 0.0000 0.0000 0.0000 0.3055 0.0000 0.0226 0.0000 0.6059
75       75   (0)      4  : 0.6667 0.0000 0.0000 0.0000 0.0000 0.0000 0.0000 0.0000 0.3333
76       76   (0)      4  : 0.0000 0.0000 0.0000 0.0000 0.6982 0.0000 0.0000 0.0000 0.3017
77       77   (0)      4  : 0.0000 0.0000 0.0000 0.0000 0.7811 0.0000 0.0808 0.0000 0.1381
78       78   (0)      4  : 0.5377 0.0000 0.0000 0.0000 0.3538 0.0000 0.0320 0.0000 0.0765
79       79   (0)      3  : 0.0001 0.0000 0.0000 0.0000 0.0000 0.0000 0.0559 0.0000 0.9440
80       80   (0)      3  : 0.0000 0.0000 0.0000 0.8813 0.0000 0.0000 0.0000 0.1187 0.0000
81       81   (0)      3  : 0.0000 0.2490 0.0000 0.0726 0.0000 0.0000 0.0000 0.6783 0.0000
82       82   (0)      3  : 0.0000 0.4019 0.0000 0.2379 0.0000 0.0880 0.0000 0.2722 0.0000
83       83   (0)      3  : 0.0835 0.0000 0.0000 0.0000 0.6680 0.0000 0.0389 0.0000 0.2096
84       84   (0)      3  : 0.0000 0.0000 0.0000 0.0000 0.0000 0.0000 1.0000 0.0000 0.0000
85       85   (0)      3  : 0.0000 0.0474 0.0000 0.5796 0.0000 0.0000 0.0000 0.3730 0.0000
86       86   (0)      3  : 0.0000 1.0000 0.0000 0.0000 0.0000 0.0000 0.0000 0.0000 0.0000
87       87   (0)      3  : 0.0000 0.3528 0.0000 0.1208 0.0000 0.0437 0.0600 0.4227 0.0000
88       88   (0)      3  : 0.0000 0.3294 0.0000 0.6697 0.0000 0.0009 0.0000 0.0000 0.0000
89       89   (0)      4  : 0.5744 0.0088 0.0278 0.0051 0.0002 0.0000 0.1283 0.0000 0.2555
90       90   (0)      3  : 0.0000 0.3390 0.0000 0.3673 0.0000 0.0000 0.0000 0.2937 0.0000
91       91   (0)      3  : 0.0000 1.0000 0.0000 0.0000 0.0000 0.0000 0.0000 0.0000 0.0000
92       92   (0)      3  : 0.0000 0.5866 0.0000 0.1327 0.0000 0.2807 0.0000 0.0000 0.0000
93       93   (0)      3  : 0.0000 0.0000 0.0000 0.9009 0.0000 0.0213 0.0000 0.0778 0.0000
94       94   (0)      3  : 0.1015 0.2636 0.0000 0.3640 0.0000 0.0000 0.0000 0.1820 0.0889
95       95   (0)      4  : 0.2067 0.0838 0.0115 0.0407 0.3857 0.0000 0.0000 0.0000 0.2715
96       96   (0)      4  : 0.0272 0.0000 0.0000 0.0000 0.8119 0.0000 0.0057 0.0000 0.1553
97       97   (0)      4  : 0.0000 0.0000 0.0000 0.0000 0.6640 0.0000 0.0000 0.0000 0.3360
98       98   (0)      4  : 0.2277 0.0000 0.0538 0.0139 0.3435 0.0000 0.1440 0.0137 0.2033
99       99   (0)      4  : 0.2488 0.0000 0.0404 0.0000 0.3121 0.0000 0.1441 0.0000 0.2545
100      100   (0)      4  : 0.0000 0.0000 0.0000 0.0000 0.7172 0.0000 0.1477 0.0000 0.1351
101      101   (0)      4  : 0.0000 0.0000 0.0000 0.0000 0.0873 0.0000 0.0000 0.0000 0.9127
102      102   (0)      4  : 0.0000 0.0000 0.0000 0.0000 1.0000 0.0000 0.0000 0.0000 0.0000
103      103   (0)      4  : 0.0000 0.0000 1.0000 0.0000 0.0000 0.0000 0.0000 0.0000 0.0000
104      104   (0)      4  : 0.6667 0.0000 0.0000 0.0000 0.0000 0.0000 0.0000 0.0000 0.3333
105      105   (0)      4  : 0.1861 0.0000 0.0024 0.0000 0.5774 0.0000 0.0107 0.0000 0.2234
106      106   (0)      4  : 0.0007 0.0000 0.0000 0.0000 0.0000 0.0000 0.2573 0.0000 0.7420
107      107   (0)      4  : 0.0746 0.0000 0.0349 0.0000 0.8612 0.0000 0.0293 0.0000 0.0000
108      108   (0)      4  : 0.0000 0.0000 0.0000 0.0000 0.0000 0.0000 1.0000 0.0000 0.0000
109      109   (0)      4  : 0.2861 0.0000 0.0000 0.0000 0.0000 0.0000 0.0000 0.0000 0.7139
110      110   (0)      4  : 0.2315 0.0000 0.1005 0.0000 0.3811 0.0000 0.1326 0.0000 0.1542
111      111   (0)      4  : 0.0000 0.0000 1.0000 0.0000 0.0000 0.0000 0.0000 0.0000 0.0000
112      112   (0)      4  : 0.0000 0.0000 1.0000 0.0000 0.0000 0.0000 0.0000 0.0000 0.0000
113      113   (0)      4  : 0.0000 0.0000 0.0000 0.8061 0.0000 0.0043 0.0000 0.1897 0.0000
114      114   (0)      4  : 0.2983 0.0000 0.0034 0.0000 0.1622 0.0000 0.0246 0.0000 0.5115
115      115   (0)      4  : 0.8461 0.0000 0.0000 0.0000 0.0000 0.0000 0.0000 0.0000 0.1539
116      116   (0)      4  : 0.6667 0.0000 0.0000 0.0000 0.0000 0.0000 0.0000 0.0000 0.3333
