1        1   (0)      1  : 0.2004 0.1395 0.3216 0.2228 0.0362 0.0794
2        2   (0)      1  : 0.3047 0.1174 0.1484 0.3685 0.0449 0.0161
3        3   (0)      2  : 0.0580 0.0652 0.2240 0.2735 0.2074 0.1719
4        4   (0)      2  : 0.0263 0.1286 0.4870 0.2013 0.1221 0.0346
5        5   (0)      2  : 0.0000 0.1268 0.2412 0.1156 0.1896 0.3267
6        6   (0)      2  : 0.2939 0.2386 0.2865 0.0197 0.0000 0.1614
7        7   (0)      2  : 0.4075 0.1298 0.0000 0.0000 0.0000 0.4627
8        8   (0)      2  : 0.0214 0.3916 0.0209 0.0596 0.3019 0.2046
9        9   (0)      2  : 0.2380 0.0312 0.0340 0.3293 0.0773 0.2902
10       10   (0)      2  : 0.2853 0.2813 0.0000 0.0625 0.1606 0.2102
11       11   (0)      2  : 0.2021 0.1288 0.2406 0.1360 0.0000 0.2924
12       12   (0)      2  : 0.0223 0.5249 0.3390 0.0000 0.0500 0.0639
13       13   (0)      2  : 0.0188 0.2117 0.0000 0.2015 0.1854 0.3827
14       14   (0)      2  : 0.0000 0.2109 0.0088 0.2694 0.0874 0.4234
15       15   (0)      2  : 0.0053 0.2349 0.0080 0.3596 0.3328 0.0593
16       16   (0)      2  : 0.0001 0.0976 0.2874 0.2609 0.2905 0.0634
17       17   (0)      2  : 0.4164 0.1186 0.0000 0.4212 0.0438 0.0000
18       18   (0)      2  : 0.0038 0.0003 0.3556 0.0609 0.1486 0.4308
19       19   (0)      2  : 0.0744 0.0941 0.0000 0.3778 0.2757 0.1780
20       20   (0)      2  : 0.0001 0.0000 0.2596 0.3552 0.1035 0.2816
21       21   (0)      2  : 0.1082 0.5098 0.0000 0.0000 0.0000 0.3820
22       22   (0)      2  : 0.0416 0.2110 0.2328 0.1861 0.0462 0.2824
23       23   (0)      2  : 0.1492 0.0711 0.0000 0.3904 0.0647 0.3246
24       24   (0)      2  : 0.2035 0.1638 0.1706 0.1773 0.0958 0.1891
25       25   (0)      2  : 0.3772 0.0000 0.2988 0.0000 0.1507 0.1732
26       26   (0)      2  : 0.0125 0.1004 0.1910 0.1240 0.3669 0.2053
27       27   (0)      2  : 0.0070 0.0465 0.0146 0.0065 0.8073 0.1181
28       28   (0)      2  : 0.0000 0.8196 0.0598 0.0283 0.0423 0.0500
29       29   (0)      2  : 0.0097 0.0850 0.0230 0.0364 0.0575 0.7884
30       30   (0)      3  : 0.0000 0.2814 0.5966 0.0000 0.0837 0.0382
31       31   (0)      3  : 0.1442 0.1171 0.0000 0.4023 0.0536 0.2829
32       32   (0)      3  : 0.0000 0.3108 0.3121 0.0708 0.2769 0.0294
33       33   (0)      3  : 0.3678 0.1239 0.1198 0.0632 0.3252 0.0001
34       34   (0)      3  : 0.1185 0.1428 0.0000 0.2941 0.1072 0.3374
35       35   (0)      3  : 0.0939 0.1341 0.1828 0.3536 0.1746 0.0609
36       36   (0)      3  : 0.0433 0.0981 0.0000 0.1176 0.2028 0.5382
37       37   (0)      3  : 0.1816 0.3593 0.0000 0.1536 0.1582 0.1473
38       38   (0)      3  : 1.0000 0.0000 0.0000 0.0000 0.0000 0.0000
39       39   (0)      3  : 0.2377 0.4673 0.0715 0.0426 0.0458 0.1352
40       40   (0)      3  : 0.1202 0.1395 0.4135 0.2164 0.1104 0.0000
41       41   (0)      3  : 0.0547 0.0020 0.0452 0.0978 0.7500 0.0504
42       42   (0)      3  : 0.0000 0.2130 0.1215 0.2989 0.0000 0.3666
43       43   (0)      3  : 0.0484 0.1547 0.1286 0.1964 0.2682 0.2038
44       44   (0)      3  : 0.0022 0.0259 0.0574 0.0287 0.0401 0.8457
45       45   (0)      3  : 0.0006 0.3281 0.1217 0.0000 0.4219 0.1277
46       46   (0)      3  : 0.0000 0.0000 0.0000 1.0000 0.0000 0.0000
47       47   (0)      3  : 0.1381 0.2634 0.0000 0.1911 0.0630 0.3445
48       48   (0)      3  : 0.0503 0.0000 0.0000 0.8231 0.1266 0.0000
49       49   (0)      3  : 0.2939 0.0444 0.1452 0.0112 0.2491 0.2563
50       50   (0)      3  : 0.0000 0.2330 0.0000 0.4859 0.2811 0.0000
51       51   (0)      3  : 0.1695 0.0318 0.0757 0.0000 0.2369 0.4860
52       52   (0)      3  : 0.0000 0.0000 0.0000 0.5522 0.3207 0.1271
53       53   (0)      3  : 0.0139 0.0117 0.0464 0.0038 0.8373 0.0869
54       54   (0)      3  : 0.0000 0.2499 0.2071 0.1983 0.1705 0.1743
55       55   (0)      3  : 0.0000 0.0000 0.0000 0.3328 0.3874 0.2798
56       56   (0)      3  : 0.0565 0.2366 0.0128 0.2298 0.3131 0.1512
57       57   (0)      3  : 0.0560 0.0000 0.2885 0.2537 0.2223 0.1795
58       58   (0)      3  : 0.3910 0.0000 0.5283 0.0000 0.0807 0.0000
59       59   (0)      3  : 0.0000 0.2256 0.4404 0.0460 0.2032 0.0848
60       60   (0)      4  : 0.2785 0.1846 0.0197 0.2232 0.2481 0.0459
61       61   (0)      4  : 0.2674 0.0000 0.0000 0.2046 0.4250 0.1029
62       62   (0)      4  : 0.0797 0.0297 0.2612 0.3092 0.3202 0.0000
63       63   (0)      4  : 0.4467 0.1936 0.0000 0.0889 0.1678 0.1030
64       64   (0)      4  : 0.2182 0.1008 0.1098 0.2503 0.0838 0.2372
65       65   (0)      4  : 0.1367 0.1311 0.0488 0.2834 0.1888 0.2113
66       66   (0)      4  : 0.0000 0.8318 0.0990 0.0000 0.0374 0.0317
67       67   (0)      4  : 0.3043 0.0391 0.1039 0.1538 0.1726 0.2263
68       68   (0)      4  : 0.3294 0.1724 0.1668 0.1525 0.0584 0.1205
69       69   (0)      4  : 0.0801 0.2203 0.0289 0.4528 0.1362 0.0818
70       70   (0)      4  : 0.0000 0.2378 0.1486 0.2500 0.0588 0.3048
71       71   (0)      1  : 0.0000 0.1238 0.0000 0.4390 0.1262 0.3110
72       72   (0)      1  : 1.0000 0.0000 0.0000 0.0000 0.0000 0.0000
73       73   (0)      1  : 0.0000 0.0000 0.0000 0.5169 0.4831 0.0000
74       74   (0)      1  : 0.0000 0.3012 0.0000 0.5938 0.1050 0.0000
75       75   (0)      1  : 0.0011 0.0291 0.0251 0.2183 0.2608 0.4655
76       76   (0)      1  : 0.0810 0.5191 0.0000 0.3998 0.0000 0.0001
77       77   (0)      1  : 0.2847 0.0000 0.2425 0.3336 0.1392 0.0000
78       78   (0)      1  : 0.3014 0.6411 0.0010 0.0000 0.0347 0.0217
79       79   (0)      1  : 0.3162 0.0423 0.1506 0.0669 0.4240 0.0000
80       80   (0)      1  : 0.0000 0.0000 0.0000 0.0000 0.0000 1.0000
81       81   (0)      1  : 0.0000 0.4972 0.3657 0.0870 0.0000 0.0501
82       82   (0)      1  : 0.2636 0.1802 0.0015 0.2870 0.0000 0.2677
83       83   (0)      1  : 0.5213 0.1044 0.0000 0.0000 0.0000 0.3743
84       84   (0)      1  : 0.2754 0.3011 0.0000 0.2678 0.0634 0.0924
85       85   (0)      1  : 0.0000 0.6528 0.0000 0.0000 0.0000 0.3472
86       86   (0)      1  : 0.1523 0.1970 0.0821 0.1128 0.3193 0.1364
87       87   (0)      1  : 0.0488 0.0000 0.8391 0.0350 0.0276 0.0495
88       88   (0)      1  : 0.3298 0.2126 0.1664 0.1731 0.0693 0.0487
89       89   (0)      1  : 0.0443 0.0000 0.4884 0.0797 0.3876 0.0000
90       90   (0)      1  : 0.0097 0.1108 0.2831 0.1029 0.2535 0.2399
91       91   (0)      1  : 0.8743 0.1257 0.0000 0.0000 0.0000 0.0000
92       92   (0)      1  : 0.0000 0.3050 0.2398 0.3276 0.0583 0.0692
93       93   (0)      1  : 0.0314 0.0000 0.0743 0.0387 0.7500 0.1057
94       94   (0)      1  : 0.1148 0.0525 0.2342 0.2580 0.1197 0.2208
95       95   (0)      1  : 0.0000 0.1043 0.0000 0.0000 0.0724 0.8233
96       96   (0)      1  : 0.1471 0.0691 0.1051 0.1749 0.1587 0.3451
97       97   (0)      1  : 0.1470 0.3658 0.0000 0.1650 0.2497 0.0724
98       98   (0)      1  : 0.1915 0.0567 0.2038 0.2801 0.1338 0.1341
99       99   (0)      4  : 0.1296 0.3721 0.0000 0.1124 0.0595 0.3265
100      100   (0)      4  : 0.1023 0.2688 0.0000 0.2481 0.1126 0.2682
101      101   (0)      5  : 0.3058 0.0820 0.0000 0.1256 0.2425 0.2441
102      102   (0)      5  : 0.0000 0.5672 0.0000 0.4328 0.0000 0.0000
103      103   (0)      5  : 0.0693 0.0565 0.1630 0.2219 0.1064 0.3828
104      104   (0)      5  : 0.0362 0.7771 0.0590 0.0431 0.0000 0.0846
105      105   (0)      5  : 0.5393 0.0000 0.0000 0.0000 0.4607 0.0000
106      106   (0)      4  : 0.0000 0.0640 0.5686 0.0309 0.0292 0.3072
107      107   (0)      4  : 0.3143 0.0000 0.0102 0.3361 0.2014 0.1380
108      108   (0)      4  : 0.2271 0.1909 0.0548 0.1966 0.2826 0.0480
109      109   (0)      4  : 0.1691 0.1784 0.0856 0.0544 0.3419 0.1705
110      110   (0)      4  : 0.0000 0.4851 0.1594 0.0000 0.1626 0.1929
111      111   (0)      5  : 0.0450 0.0307 0.0741 0.0000 0.8502 0.0000
112      112   (0)      5  : 0.5167 0.0287 0.0556 0.1987 0.1588 0.0415
113      113   (0)      5  : 0.2405 0.0666 0.0984 0.1249 0.2886 0.1812
114      114   (0)      5  : 0.0000 0.6098 0.0000 0.0909 0.1272 0.1721
115      115   (0)      5  : 0.0000 0.0188 0.4624 0.4615 0.0573 0.0000
116      116   (0)      5  : 0.1010 0.2881 0.2295 0.0678 0.1218 0.1919
117      117   (0)      4  : 0.2383 0.0114 0.0000 0.2011 0.2344 0.3148
118      118   (0)      4  : 0.0793 0.0000 0.8385 0.0000 0.0822 0.0000
119      119   (0)      4  : 0.1365 0.0000 0.0000 0.0000 0.3044 0.5591
120      120   (0)      4  : 0.2543 0.2147 0.0000 0.0292 0.1314 0.3704
121      121   (0)      4  : 0.0000 0.4094 0.3531 0.0979 0.0826 0.0570
122      122   (0)      4  : 0.1215 0.0137 0.4234 0.3775 0.0420 0.0218
123      123   (0)      4  : 0.3028 0.0000 0.0000 0.1299 0.2255 0.3418
124      124   (0)      4  : 0.4480 0.0295 0.0000 0.3785 0.0674 0.0766
125      125   (0)      5  : 0.3950 0.2500 0.0000 0.0000 0.0000 0.3550
126      126   (0)      5  : 0.0391 0.2810 0.2886 0.1324 0.2108 0.0481
127      127   (0)      5  : 0.4377 0.3145 0.2388 0.0090 0.0000 0.0000
128      128   (0)      5  : 0.0129 0.0191 0.8774 0.0413 0.0493 0.0000
129      129   (0)      5  : 0.0000 0.1981 0.0399 0.1708 0.3772 0.2140
130      130   (0)      5  : 0.0000 0.0000 0.5960 0.2658 0.0583 0.0800
131      131   (0)      5  : 0.0000 0.2606 0.0000 0.2128 0.4110 0.1157
132      132   (0)      5  : 0.3802 0.0000 0.0591 0.2475 0.3132 0.0000
133      133   (0)      5  : 0.0351 0.2097 0.3663 0.0676 0.2215 0.0997
134      134   (0)      5  : 0.0000 0.0000 0.2303 0.1526 0.3554 0.2617
135      135   (0)      5  : 0.0000 0.3919 0.0000 0.0000 0.0000 0.6081
136      136   (0)      5  : 0.0000 0.2980 0.7020 0.0000 0.0000 0.0000
137      137   (0)      5  : 0.0000 0.0946 0.0000 0.1880 0.5854 0.1319
138      138   (0)      5  : 0.0000 0.1437 0.0000 0.7500 0.1063 0.0000
139      139   (0)      5  : 0.0360 0.3210 0.3209 0.0483 0.0992 0.1746
140      140   (0)      5  : 0.0354 0.2282 0.3243 0.3835 0.0286 0.0000
141      141   (0)      5  : 0.2000 0.0461 0.0273 0.2560 0.0832 0.3873
142      142   (0)      5  : 0.0000 0.0000 0.7086 0.0000 0.0000 0.2914
143      143   (0)      5  : 0.2148 0.3869 0.0212 0.2707 0.0120 0.0945
144      144   (0)      6  : 0.1576 0.2038 0.2397 0.1435 0.1133 0.1420
145      145   (0)      6  : 0.0106 0.3859 0.3429 0.1402 0.0949 0.0255
146      146   (0)      6  : 0.1605 0.0128 0.0063 0.2930 0.5206 0.0068
147      147   (0)      6  : 0.0000 0.0000 0.3254 0.2682 0.4064 0.0000
148      148   (0)      6  : 0.0000 0.4486 0.0159 0.0426 0.4230 0.0700
149      149   (0)      6  : 0.2104 0.0931 0.0002 0.3116 0.2887 0.0960
150      150   (0)      6  : 0.0000 0.0799 0.5207 0.3313 0.0681 0.0000
151      151   (0)      6  : 0.0000 0.3243 0.0000 0.0575 0.6183 0.0000
152      152   (0)      6  : 0.1572 0.2743 0.0000 0.3393 0.0000 0.2293
153      153   (0)      6  : 0.0000 0.7994 0.0934 0.0000 0.1072 0.0000
154      154   (0)      6  : 0.1782 0.1570 0.1469 0.2853 0.1971 0.0355
155      155   (0)      6  : 0.0943 0.1743 0.5170 0.0350 0.1331 0.0463
156      156   (0)      6  : 0.0161 0.5044 0.2749 0.0000 0.0000 0.2046
157      157   (0)      6  : 0.2519 0.0061 0.0025 0.1850 0.2889 0.2656
158      158   (0)      6  : 0.2662 0.3741 0.0277 0.1235 0.1500 0.0585
159      159   (0)      6  : 0.0984 0.0331 0.0361 0.2733 0.3712 0.1880
160      160   (0)      6  : 0.0000 0.0000 1.0000 0.0000 0.0000 0.0000
161      161   (0)      6  : 0.1133 0.4025 0.0000 0.1827 0.0667 0.2348
162      162   (0)      6  : 0.0000 0.3082 0.0986 0.1024 0.1567 0.3342
163      163   (0)      6  : 0.0000 0.0000 1.0000 0.0000 0.0000 0.0000
164      164   (0)      6  : 0.0797 0.4379 0.1363 0.0351 0.0427 0.2683
165      165   (0)      6  : 0.1384 0.2531 0.2194 0.0807 0.0826 0.2258
166      166   (0)      6  : 0.0000 0.0096 0.0000 0.0397 0.5149 0.4358
167      167   (0)      6  : 0.2828 0.1141 0.5213 0.0000 0.0000 0.0818
168      168   (0)      6  : 0.0343 0.2300 0.0000 0.6594 0.0762 0.0000
169      169   (0)      6  : 0.3438 0.0590 0.3873 0.1788 0.0141 0.0169
170      170   (0)      6  : 0.0000 0.0000 0.4311 0.0000 0.0000 0.5689
171      171   (0)      6  : 0.2902 0.0000 0.3345 0.1595 0.1704 0.0454
172      172   (0)      4  : 0.0000 0.0000 0.4767 0.3914 0.1319 0.0000
173      173   (0)      4  : 0.0339 0.0265 0.0000 0.0770 0.0435 0.8190
174      174   (0)      7  : 0.0000 0.0292 0.0188 0.0403 0.8235 0.0883
175      175   (0)      7  : 0.8696 0.1304 0.0000 0.0000 0.0000 0.0000
176      176   (0)      7  : 0.2251 0.1790 0.2912 0.0574 0.2001 0.0472
177      177   (0)      7  : 0.1959 0.2099 0.0000 0.2122 0.2599 0.1222
178      178   (0)      7  : 0.2201 0.2540 0.1875 0.1918 0.0001 0.1465
179      179   (0)      7  : 0.0703 0.0000 0.1683 0.3329 0.2274 0.2011
180      180   (0)      7  : 0.0000 0.0000 0.0000 0.0000 1.0000 0.0000
181      181   (0)      7  : 0.2219 0.1742 0.3279 0.1828 0.0000 0.0931
182      182   (0)      7  : 0.2196 0.2936 0.0758 0.0428 0.1823 0.1858
183      183   (0)      7  : 0.1658 0.4209 0.0977 0.2537 0.0567 0.0052
184      184   (0)      7  : 0.0377 0.0000 0.8281 0.0419 0.0161 0.0762
185      185   (0)      7  : 0.1203 0.3393 0.0664 0.0000 0.2237 0.2503
186      186   (0)      7  : 0.0000 0.3172 0.2306 0.2590 0.0401 0.1531
187      187   (0)      7  : 0.0111 0.4291 0.1714 0.1300 0.0398 0.2187
188      188   (0)      7  : 0.0071 0.3391 0.0000 0.0886 0.2769 0.2883
189      189   (0)      7  : 0.2204 0.0529 0.0937 0.2678 0.1762 0.1890
190      190   (0)      7  : 0.0000 0.0416 0.6047 0.0000 0.0000 0.3536
191      191   (0)      7  : 0.1816 0.3183 0.0210 0.3093 0.1232 0.0466
192      192   (0)      7  : 0.1354 0.1205 0.2350 0.2253 0.0787 0.2051
193      193   (0)      7  : 0.3585 0.1191 0.0000 0.2593 0.0465 0.2166
194      194   (0)      7  : 0.0407 0.0000 0.0554 0.8150 0.0632 0.0257
195      195   (0)      7  : 0.8218 0.0560 0.0225 0.0179 0.0375 0.0444
196      196   (0)      7  : 0.2624 0.1171 0.0005 0.4205 0.0899 0.1097
197      197   (0)      7  : 0.0586 0.0450 0.0000 0.8032 0.0932 0.0000
198      198   (0)      7  : 0.2083 0.2258 0.0000 0.0000 0.1231 0.4429
199      199   (0)      7  : 0.2337 0.0971 0.1183 0.1687 0.1669 0.2153
200      200   (0)      7  : 0.1034 0.1859 0.1872 0.0922 0.2827 0.1486
201      201   (0)      7  : 0.3587 0.5445 0.0000 0.0000 0.0968 0.0000
202      202   (0)      7  : 0.0896 0.2807 0.0095 0.0754 0.2671 0.2777
203      203   (0)      7  : 0.2362 0.0390 0.0000 0.4533 0.0566 0.2149
