1        1   (0)      1  : 0.1196 0.1157 0.2207 0.0488 0.3581 0.1371
2        2   (0)      1  : 0.2307 0.0565 0.0083 0.3389 0.2850 0.0805
3        3   (0)      2  : 0.0000 0.0934 0.0755 0.7539 0.0772 0.0000
4        4   (0)      2  : 0.0000 0.3840 0.1046 0.1256 0.3858 0.0000
5        5   (0)      2  : 0.0000 0.0000 0.1411 0.0000 0.1371 0.7218
6        6   (0)      2  : 0.2577 0.2621 0.1532 0.1219 0.1623 0.0428
7        7   (0)      2  : 0.6527 0.0800 0.1298 0.0670 0.0271 0.0434
8        8   (0)      2  : 0.1455 0.1064 0.6508 0.0775 0.0000 0.0199
9        9   (0)      2  : 0.4455 0.0000 0.0000 0.1932 0.0364 0.3249
10       10   (0)      2  : 0.2847 0.4774 0.1546 0.0422 0.0411 0.0000
11       11   (0)      2  : 0.1990 0.2134 0.1474 0.2192 0.1175 0.1035
12       12   (0)      2  : 0.0348 0.3246 0.4026 0.1028 0.1187 0.0164
13       13   (0)      2  : 0.0000 0.1546 0.3700 0.2500 0.0000 0.2254
14       14   (0)      2  : 0.0467 0.0169 0.2207 0.0000 0.1036 0.6121
15       15   (0)      2  : 0.2338 0.1403 0.1710 0.2356 0.0756 0.1436
16       16   (0)      2  : 0.2624 0.1301 0.1140 0.1229 0.2987 0.0719
17       17   (0)      2  : 0.5416 0.1159 0.0000 0.2777 0.0649 0.0000
18       18   (0)      2  : 0.1261 0.3703 0.0889 0.0293 0.3538 0.0315
19       19   (0)      2  : 0.3385 0.0604 0.0457 0.3117 0.1035 0.1401
20       20   (0)      2  : 0.0503 0.0902 0.0391 0.0189 0.6703 0.1312
21       21   (0)      2  : 0.2755 0.2594 0.0895 0.1416 0.0000 0.2340
22       22   (0)      2  : 0.0873 0.1545 0.1412 0.1452 0.1514 0.3205
23       23   (0)      2  : 0.2953 0.1142 0.0369 0.2554 0.0177 0.2805
24       24   (0)      2  : 0.2369 0.0359 0.0330 0.1265 0.2974 0.2701
25       25   (0)      2  : 0.3278 0.2013 0.1523 0.0000 0.2887 0.0299
26       26   (0)      2  : 0.0636 0.5113 0.1779 0.0406 0.1383 0.0683
27       27   (0)      2  : 0.0000 0.0672 0.2352 0.2392 0.0812 0.3772
28       28   (0)      2  : 0.0000 0.2500 0.7500 0.0000 0.0000 0.0000
29       29   (0)      2  : 0.0878 0.1620 0.1965 0.0515 0.2574 0.2449
30       30   (0)      3  : 0.0000 0.1770 0.3043 0.1514 0.3276 0.0397
31       31   (0)      3  : 0.3653 0.0460 0.1157 0.0000 0.0489 0.4242
32       32   (0)      3  : 0.0935 0.3026 0.2634 0.0567 0.1309 0.1529
33       33   (0)      3  : 0.3015 0.1603 0.2633 0.1330 0.0948 0.0472
34       34   (0)      3  : 0.1726 0.0000 0.0000 0.2228 0.1477 0.4569
35       35   (0)      3  : 0.0000 0.2201 0.0217 0.4589 0.1617 0.1376
36       36   (0)      3  : 0.2292 0.1218 0.2448 0.1882 0.0000 0.2159
37       37   (0)      3  : 0.2276 0.3274 0.2064 0.1481 0.0000 0.0905
38       38   (0)      3  : 0.4374 0.0805 0.0000 0.0000 0.4821 0.0000
39       39   (0)      3  : 0.2837 0.1837 0.2794 0.2222 0.0000 0.0310
40       40   (0)      3  : 0.1537 0.0316 0.0965 0.0961 0.4547 0.1674
41       41   (0)      3  : 0.1782 0.1477 0.1451 0.1830 0.2482 0.0979
42       42   (0)      3  : 0.0000 0.0000 0.0910 0.0006 0.2305 0.6779
43       43   (0)      3  : 0.0362 0.2819 0.1062 0.2569 0.1543 0.1645
44       44   (0)      3  : 0.0000 0.5591 0.3059 0.0765 0.0470 0.0115
45       45   (0)      3  : 0.0390 0.0555 0.8237 0.0000 0.0301 0.0517
46       46   (0)      3  : 0.1577 0.0523 0.0954 0.2744 0.3089 0.1113
47       47   (0)      3  : 0.4100 0.2036 0.2575 0.0554 0.0000 0.0736
48       48   (0)      3  : 0.0213 0.2103 0.2211 0.1363 0.4095 0.0016
49       49   (0)      3  : 0.0736 0.0332 0.0000 0.0000 0.2991 0.5941
50       50   (0)      3  : 0.0000 0.0000 0.0847 0.9153 0.0000 0.0000
51       51   (0)      3  : 0.0624 0.0000 0.0874 0.0000 0.0415 0.8086
52       52   (0)      3  : 0.2045 0.1732 0.0316 0.3065 0.0663 0.2178
53       53   (0)      3  : 0.1035 0.1846 0.2393 0.1785 0.1326 0.1615
54       54   (0)      3  : 0.0069 0.2261 0.3400 0.0163 0.2196 0.1911
55       55   (0)      3  : 0.0813 0.0156 0.0649 0.7500 0.0000 0.0883
56       56   (0)      3  : 0.0404 0.0637 0.2700 0.4425 0.0103 0.1730
57       57   (0)      3  : 0.0000 0.0970 0.0376 0.0000 0.3208 0.5446
58       58   (0)      3  : 0.0273 0.0876 0.0000 0.2422 0.4608 0.1821
59       59   (0)      3  : 0.0000 0.2277 0.3210 0.0595 0.3623 0.0295
60       60   (0)      4  : 0.4895 0.0684 0.2236 0.0700 0.1316 0.0170
61       61   (0)      4  : 0.2923 0.1239 0.0279 0.0337 0.1582 0.3641
62       62   (0)      4  : 0.0852 0.1319 0.1222 0.1099 0.4715 0.0792
63       63   (0)      4  : 0.1944 0.0954 0.0895 0.3874 0.0399 0.1934
64       64   (0)      4  : 0.4479 0.0318 0.0000 0.0111 0.3450 0.1642
65       65   (0)      4  : 0.0364 0.0000 0.4246 0.0525 0.1975 0.2890
66       66   (0)      4  : 0.0000 0.0323 0.8350 0.0888 0.0000 0.0440
67       67   (0)      4  : 0.3473 0.0042 0.0000 0.0000 0.2728 0.3757
68       68   (0)      4  : 0.4051 0.0378 0.1976 0.1092 0.1748 0.0755
69       69   (0)      4  : 0.1350 0.0252 0.1478 0.4810 0.1326 0.0784
70       70   (0)      4  : 0.0983 0.3161 0.0959 0.3266 0.0088 0.1541
71       71   (0)      1  : 0.7026 0.0606 0.0000 0.1053 0.0000 0.1315
72       72   (0)      1  : 0.3688 0.1849 0.0000 0.1156 0.2757 0.0550
73       73   (0)      1  : 0.0430 0.0633 0.0816 0.2753 0.3112 0.2256
74       74   (0)      1  : 0.1298 0.2983 0.1341 0.2422 0.1956 0.0000
75       75   (0)      1  : 0.0632 0.2464 0.1462 0.1535 0.1023 0.2883
76       76   (0)      1  : 0.1115 0.3899 0.4026 0.0320 0.0153 0.0488
77       77   (0)      1  : 0.2565 0.0000 0.0000 0.0000 0.6174 0.1261
78       78   (0)      1  : 0.4105 0.1729 0.2844 0.0000 0.0198 0.1124
79       79   (0)      1  : 0.3826 0.1494 0.1678 0.1260 0.1392 0.0349
80       80   (0)      1  : 0.2809 0.2561 0.0632 0.0834 0.0000 0.3163
81       81   (0)      1  : 0.0000 0.1511 0.0927 0.1291 0.0724 0.5547
82       82   (0)      1  : 0.3018 0.2030 0.0837 0.0000 0.2064 0.2051
83       83   (0)      1  : 0.3554 0.1668 0.0306 0.1688 0.1987 0.0797
84       84   (0)      1  : 0.7980 0.0000 0.0000 0.2020 0.0000 0.0000
85       85   (0)      1  : 0.0292 0.5710 0.2935 0.0818 0.0128 0.0117
86       86   (0)      1  : 0.1337 0.0975 0.2416 0.0818 0.3138 0.1316
87       87   (0)      1  : 0.1127 0.0977 0.0000 0.1945 0.3671 0.2279
88       88   (0)      1  : 0.2590 0.1409 0.0870 0.4918 0.0115 0.0099
89       89   (0)      1  : 0.2923 0.1515 0.0941 0.0000 0.4621 0.0000
90       90   (0)      1  : 0.0000 0.5197 0.0844 0.0130 0.0789 0.3040
91       91   (0)      1  : 0.8746 0.0000 0.0000 0.1254 0.0000 0.0000
92       92   (0)      1  : 0.0187 0.1081 0.2820 0.1619 0.1416 0.2878
93       93   (0)      1  : 0.0689 0.1961 0.2293 0.0896 0.1703 0.2457
94       94   (0)      1  : 0.3103 0.0998 0.0123 0.0727 0.3826 0.1223
95       95   (0)      1  : 0.2958 0.2264 0.0316 0.0761 0.0827 0.2875
96       96   (0)      1  : 0.1865 0.0750 0.0667 0.0000 0.0936 0.5782
97       97   (0)      1  : 0.2924 0.2032 0.0469 0.1443 0.0680 0.2452
98       98   (0)      1  : 0.2113 0.1437 0.0359 0.4918 0.1147 0.0025
99       99   (0)      4  : 0.7841 0.0000 0.0651 0.0324 0.0000 0.1184
100      100   (0)      4  : 0.1454 0.1013 0.1607 0.4078 0.0000 0.1848
101      101   (0)      5  : 0.4494 0.1915 0.0254 0.1386 0.0619 0.1331
102      102   (0)      5  : 0.0000 0.0000 0.0820 0.9180 0.0000 0.0000
103      103   (0)      5  : 0.0904 0.1292 0.0458 0.2312 0.1934 0.3101
104      104   (0)      5  : 0.1429 0.0492 0.7162 0.0444 0.0000 0.0473
105      105   (0)      5  : 0.8152 0.0000 0.1848 0.0000 0.0000 0.0000
106      106   (0)      4  : 0.0000 0.3239 0.0703 0.4452 0.1158 0.0448
107      107   (0)      4  : 0.4241 0.0636 0.0000 0.5123 0.0000 0.0000
108      108   (0)      4  : 0.1335 0.0783 0.1921 0.1938 0.2408 0.1615
109      109   (0)      4  : 0.2927 0.2992 0.2339 0.0585 0.0726 0.0430
110      110   (0)      4  : 0.0000 0.2319 0.3238 0.3082 0.0076 0.1285
111      111   (0)      5  : 0.2795 0.1454 0.0682 0.0012 0.2598 0.2459
112      112   (0)      5  : 0.3289 0.1377 0.0588 0.3120 0.1174 0.0453
113      113   (0)      5  : 0.1932 0.1980 0.1655 0.0000 0.2463 0.1970
114      114   (0)      5  : 0.0176 0.3060 0.1633 0.3144 0.0481 0.1506
115      115   (0)      5  : 0.0000 0.0000 0.0285 0.0359 0.8445 0.0910
116      116   (0)      5  : 0.2000 0.1855 0.2902 0.1150 0.0552 0.1542
117      117   (0)      4  : 0.5192 0.0268 0.1346 0.1399 0.0000 0.1795
118      118   (0)      4  : 0.0511 0.2867 0.0571 0.0000 0.5626 0.0425
119      119   (0)      4  : 0.1368 0.1125 0.0101 0.2370 0.0000 0.5037
120      120   (0)      4  : 0.2024 0.1930 0.1127 0.3081 0.0003 0.1835
121      121   (0)      4  : 0.0000 0.0000 0.8023 0.1977 0.0000 0.0000
122      122   (0)      4  : 0.0000 0.0000 0.0000 0.0000 0.7500 0.2500
123      123   (0)      4  : 0.4707 0.0351 0.0920 0.0000 0.3072 0.0950
124      124   (0)      4  : 0.3829 0.0000 0.0549 0.1595 0.1010 0.3018
125      125   (0)      5  : 0.4103 0.0000 0.0000 0.1434 0.0560 0.3903
126      126   (0)      5  : 0.0000 0.3204 0.6070 0.0000 0.0726 0.0000
127      127   (0)      5  : 0.0000 0.2500 0.0000 0.7500 0.0000 0.0000
128      128   (0)      5  : 0.0629 0.2201 0.0578 0.1461 0.3843 0.1289
129      129   (0)      5  : 0.0405 0.1981 0.3886 0.1087 0.0706 0.1935
130      130   (0)      5  : 0.0000 0.2500 0.0000 0.1763 0.4003 0.1734
131      131   (0)      5  : 0.1618 0.0455 0.4969 0.0796 0.0388 0.1773
132      132   (0)      5  : 0.2619 0.0587 0.0929 0.2237 0.3465 0.0163
133      133   (0)      5  : 0.0564 0.2797 0.1548 0.2569 0.2103 0.0419
134      134   (0)      5  : 0.1884 0.0628 0.0610 0.0000 0.5106 0.1771
135      135   (0)      5  : 0.0205 0.3041 0.1456 0.2185 0.0000 0.3113
136      136   (0)      5  : 0.0000 0.2955 0.2023 0.2399 0.2494 0.0129
137      137   (0)      5  : 0.0218 0.0890 0.1287 0.1197 0.0000 0.6408
138      138   (0)      5  : 0.2538 0.2380 0.0494 0.2876 0.0447 0.1264
139      139   (0)      5  : 0.0000 0.3695 0.2497 0.0642 0.1817 0.1349
140      140   (0)      5  : 0.0326 0.2068 0.0870 0.3730 0.2062 0.0944
141      141   (0)      5  : 0.2310 0.0474 0.0725 0.3763 0.0687 0.2042
142      142   (0)      5  : 0.0470 0.1591 0.0212 0.0000 0.7164 0.0563
143      143   (0)      5  : 0.1686 0.0000 0.3632 0.3421 0.0000 0.1260
144      144   (0)      6  : 0.2142 0.1443 0.0768 0.2069 0.1962 0.1616
145      145   (0)      6  : 0.0000 0.0761 0.0545 0.6802 0.0697 0.1195
146      146   (0)      6  : 0.3565 0.0921 0.1204 0.2797 0.1042 0.0470
147      147   (0)      6  : 0.0000 0.1256 0.0502 0.1891 0.5346 0.1006
148      148   (0)      6  : 0.0163 0.0153 0.6136 0.0583 0.0429 0.2535
149      149   (0)      6  : 0.0645 0.0000 0.0000 0.0863 0.0437 0.8055
150      150   (0)      6  : 0.0000 0.1017 0.0679 0.3492 0.4813 0.0000
151      151   (0)      6  : 0.0010 0.1064 0.3962 0.0595 0.2316 0.2053
152      152   (0)      6  : 0.3256 0.1453 0.1751 0.1011 0.0000 0.2529
153      153   (0)      6  : 0.0000 0.3258 0.6742 0.0000 0.0000 0.0000
154      154   (0)      6  : 0.1150 0.0812 0.2320 0.3950 0.0984 0.0784
155      155   (0)      6  : 0.0000 0.2678 0.0000 0.3265 0.2710 0.1347
156      156   (0)      6  : 0.0762 0.3311 0.2615 0.1104 0.1217 0.0992
157      157   (0)      6  : 0.3237 0.1368 0.2841 0.1203 0.0861 0.0490
158      158   (0)      6  : 0.3112 0.1560 0.2872 0.0498 0.1568 0.0390
159      159   (0)      6  : 0.2086 0.1084 0.2320 0.1374 0.0942 0.2194
160      160   (0)      6  : 0.0000 0.5000 0.3702 0.1298 0.0000 0.0000
161      161   (0)      6  : 0.1975 0.1198 0.0602 0.4108 0.0376 0.1741
162      162   (0)      6  : 0.0000 0.2488 0.3737 0.3086 0.0000 0.0690
163      163   (0)      6  : 0.0558 0.2393 0.0000 0.0000 0.6224 0.0824
164      164   (0)      6  : 0.0650 0.2171 0.3914 0.1403 0.1047 0.0816
165      165   (0)      6  : 0.3020 0.3949 0.1075 0.1209 0.0418 0.0329
166      166   (0)      6  : 0.1630 0.1260 0.1741 0.1852 0.0000 0.3518
167      167   (0)      6  : 0.1500 0.0983 0.2230 0.0000 0.3455 0.1830
168      168   (0)      6  : 0.3831 0.0442 0.1619 0.1152 0.2175 0.0782
169      169   (0)      6  : 0.3405 0.0552 0.0000 0.1200 0.3022 0.1821
170      170   (0)      6  : 0.0000 0.1807 0.1557 0.0000 0.2439 0.4197
171      171   (0)      6  : 0.2137 0.3557 0.0000 0.2009 0.2121 0.0177
172      172   (0)      4  : 0.0000 0.1323 0.0000 0.0012 0.7368 0.1297
173      173   (0)      4  : 0.3568 0.5000 0.1432 0.0000 0.0000 0.0000
174      174   (0)      7  : 0.0451 0.0978 0.3009 0.2294 0.0446 0.2822
175      175   (0)      7  : 0.8737 0.0000 0.0000 0.1263 0.0000 0.0000
176      176   (0)      7  : 0.0904 0.2619 0.1620 0.2236 0.1199 0.1423
177      177   (0)      7  : 0.6057 0.0373 0.0287 0.2228 0.0601 0.0453
178      178   (0)      7  : 0.2462 0.2783 0.0179 0.0514 0.0069 0.3993
179      179   (0)      7  : 0.0000 0.1719 0.0000 0.6541 0.0822 0.0918
180      180   (0)      7  : 0.0587 0.0261 0.2646 0.0240 0.4664 0.1601
181      181   (0)      7  : 0.2601 0.0654 0.0203 0.1473 0.3003 0.2066
182      182   (0)      7  : 0.3782 0.1377 0.1882 0.0645 0.0491 0.1824
183      183   (0)      7  : 0.0076 0.1677 0.1509 0.3808 0.0991 0.1939
184      184   (0)      7  : 0.0753 0.1167 0.2433 0.0095 0.3483 0.2069
185      185   (0)      7  : 0.1074 0.4785 0.3088 0.0626 0.0000 0.0427
186      186   (0)      7  : 0.0000 0.2387 0.3203 0.0904 0.0790 0.2716
187      187   (0)      7  : 0.0000 0.5000 0.3237 0.1763 0.0000 0.0000
188      188   (0)      7  : 0.1796 0.0000 0.4378 0.0760 0.0000 0.3066
189      189   (0)      7  : 0.1637 0.0745 0.2320 0.2424 0.1375 0.1499
190      190   (0)      7  : 0.0000 0.1761 0.1408 0.0000 0.3619 0.3211
191      191   (0)      7  : 0.2061 0.0417 0.1673 0.1919 0.1786 0.2145
192      192   (0)      7  : 0.1863 0.0522 0.0000 0.2490 0.2626 0.2500
193      193   (0)      7  : 0.6417 0.0000 0.0708 0.0000 0.1197 0.1679
194      194   (0)      7  : 0.0428 0.0831 0.0366 0.6205 0.2170 0.0000
195      195   (0)      7  : 0.4743 0.0982 0.0503 0.2099 0.0718 0.0955
196      196   (0)      7  : 0.4357 0.0889 0.0587 0.3767 0.0000 0.0400
197      197   (0)      7  : 0.3226 0.0209 0.0566 0.3066 0.2257 0.0677
198      198   (0)      7  : 0.3367 0.2000 0.1621 0.0326 0.0000 0.2685
199      199   (0)      7  : 0.2777 0.0503 0.1055 0.2038 0.2020 0.1606
200      200   (0)      7  : 0.1127 0.2254 0.2794 0.0523 0.1789 0.1513
201      201   (0)      7  : 0.6863 0.0000 0.3137 0.0000 0.0000 0.0000
202      202   (0)      7  : 0.1800 0.5378 0.1175 0.0000 0.0000 0.1646
203      203   (0)      7  : 0.4425 0.0028 0.0675 0.2054 0.0000 0.2818
