  1        1   (0)      1 :  0.0000 0.0595 0.0617 0.3022 0.4322 0.0000 0.1444 
  2        2   (0)      1 :  0.0000 0.0585 0.0419 0.4735 0.3823 0.0000 0.0438 
  3        3   (0)      1 :  0.0000 1.0000 0.0000 0.0000 0.0000 0.0000 0.0000 
  4        4   (0)      1 :  0.0000 0.0107 0.0000 0.2728 0.7008 0.0000 0.0157 
  5        5   (0)      1 :  0.0000 0.0000 0.0254 0.3342 0.5336 0.0000 0.1069 
  6        6   (0)      1 :  0.0000 0.2006 0.0162 0.3702 0.3684 0.0000 0.0447 
  7        7   (0)      1 :  0.0000 0.0000 0.0919 0.5505 0.3378 0.0000 0.0198 
  8        8   (0)      1 :  0.0000 0.0000 0.0000 0.1620 0.7692 0.0000 0.0688 
  9        9   (0)      1 :  0.0000 1.0000 0.0000 0.0000 0.0000 0.0000 0.0000 
 10       10   (0)      1 :  0.0018 0.0515 0.1712 0.2574 0.3878 0.0000 0.1303 
 11       11   (0)      1 :  0.0000 0.0000 0.0591 0.4635 0.3832 0.0000 0.0943 
 12       12   (0)      1 :  0.0000 0.0000 0.0756 0.1795 0.6237 0.0000 0.1212 
 13       13   (0)      1 :  0.0000 0.0124 0.1017 0.5943 0.2909 0.0000 0.0008 
 14       14   (0)      1 :  0.0034 0.0000 0.0091 0.6314 0.1793 0.0000 0.1767 
 15       15   (0)      2 :  0.0000 0.0000 0.0513 0.2873 0.6614 0.0000 0.0000 
 16       16   (0)      2 :  0.0303 0.0000 0.1081 0.0000 0.0000 0.8616 0.0000 
 17       17   (0)      2 :  0.0672 0.0000 0.3947 0.0000 0.0000 0.3381 0.2000 
 18       18   (0)      2 :  0.1242 0.0000 0.0106 0.0000 0.0000 0.8299 0.0354 
 19       19   (0)      2 :  0.1227 0.0000 0.6185 0.0000 0.0000 0.1994 0.0594 
 20       20   (0)      2 :  0.1427 0.0000 0.1956 0.0000 0.0000 0.6586 0.0031 
 21       21   (0)      2 :  0.0715 0.0000 0.6516 0.0000 0.0000 0.2438 0.0332 
 22       22   (0)      2 :  0.1722 0.0000 0.0375 0.0000 0.0000 0.7833 0.0070 
 23       23   (0)      1 :  0.0210 0.0000 0.0246 0.4224 0.4461 0.0007 0.0853 
 24       24   (0)      1 :  0.0000 0.0213 0.1794 0.5087 0.2384 0.0019 0.0503 
 25       25   (0)      1 :  0.0000 1.0000 0.0000 0.0000 0.0000 0.0000 0.0000 
 26       26   (0)      1 :  0.0029 0.0004 0.0038 0.6056 0.3237 0.0000 0.0637 
 27       27   (0)      2 :  0.9500 0.0000 0.0000 0.0000 0.0000 0.0500 0.0000 
 28       28   (0)      2 :  0.0000 0.0000 0.0500 0.0000 0.0000 0.9000 0.0500 
 29       29   (0)      2 :  0.3644 0.0000 0.4531 0.0000 0.0000 0.1826 0.0000 
 30       30   (0)      2 :  0.0500 0.0000 0.0224 0.0000 0.0000 0.8776 0.0500 
 31       31   (0)      2 :  0.0037 0.0000 0.5803 0.0117 0.0210 0.3832 0.0000 
 32       32   (0)      2 :  0.1211 0.1379 0.4122 0.0000 0.0000 0.2883 0.0405 
 33       33   (0)      2 :  0.1436 0.0000 0.3799 0.0000 0.0000 0.3192 0.1573 
 34       34   (0)      1 :  0.0004 0.0009 0.0000 0.6773 0.2450 0.0000 0.0764 
 35       35   (0)      2 :  0.0389 0.0000 0.6125 0.0000 0.0000 0.3288 0.0198 
 36       36   (0)      2 :  0.0743 0.0000 0.4605 0.0000 0.0000 0.4651 0.0000 
 37       37   (0)      2 :  0.2069 0.0000 0.1678 0.0000 0.0000 0.6163 0.0089 
 38       38   (0)      2 :  0.0483 0.0000 0.3810 0.0000 0.0000 0.3707 0.2000 
 39       39   (0)      2 :  0.0000 0.0009 0.1080 0.4905 0.3986 0.0000 0.0019 
 40       40   (0)      2 :  0.0005 0.0000 0.0529 0.2162 0.4948 0.0000 0.2356 
 41       41   (0)      2 :  0.0000 0.0000 0.1464 0.1193 0.5365 0.0000 0.1977 
 42       42   (0)      2 :  0.0000 0.0012 0.0087 0.4627 0.4617 0.0000 0.0657 
 43       43   (0)      2 :  0.0031 0.0000 0.0427 0.4143 0.3855 0.0000 0.1543 
 44       44   (0)      2 :  0.0000 0.0000 0.0146 0.0000 0.0000 0.9354 0.0500 
 45       45   (0)      2 :  0.0543 0.0000 0.2346 0.0000 0.0000 0.5097 0.2014 
 46       46   (0)      2 :  0.0000 0.0000 0.2848 0.0000 0.0000 0.6120 0.1033 
 47       47   (0)      2 :  0.0006 0.0000 0.0517 0.1131 0.6382 0.0000 0.1965 
 48       48   (0)      2 :  0.0857 0.0000 0.1069 0.0000 0.0000 0.7455 0.0619 
 49       49   (0)      1 :  0.0000 0.0032 0.1280 0.5529 0.3062 0.0000 0.0097 
 50       50   (0)      1 :  0.0000 0.0000 0.0175 0.1103 0.7458 0.0000 0.1264 
 51       51   (0)      1 :  0.0000 0.0000 0.0000 0.1213 0.4700 0.0000 0.4087 
 52       52   (0)      1 :  0.0000 0.0000 0.0375 0.6167 0.1879 0.0000 0.1579 
 53       53   (0)      1 :  0.0133 0.0204 0.0408 0.2280 0.1474 0.0000 0.5501 
 54       54   (0)      1 :  0.0000 0.0083 0.0770 0.4106 0.3678 0.0000 0.1362 
 55       55   (0)      1 :  0.0000 0.0005 0.0346 0.5043 0.4418 0.0000 0.0187 
 56       56   (0)      3 :  0.2399 0.0000 0.6402 0.0000 0.0000 0.1200 0.0000 
 57       57   (0)      3 :  0.1094 0.0000 0.2782 0.0000 0.0000 0.6124 0.0000 
 58       58   (0)      3 :  0.0053 0.0000 0.0965 0.0000 0.0000 0.8982 0.0000 
 59       59   (0)      3 :  0.0662 0.0000 0.5989 0.0000 0.0000 0.3349 0.0000 
 60       60   (0)      3 :  0.1944 0.0000 0.2977 0.0000 0.0000 0.4403 0.0676 
 61       61   (0)      3 :  0.0245 0.0000 0.1244 0.0000 0.0000 0.7905 0.0606 
 62       62   (0)      3 :  0.0167 0.0000 0.3608 0.0000 0.0000 0.4714 0.1511 
 63       63   (0)      4 :  0.0000 1.0000 0.0000 0.0000 0.0000 0.0000 0.0000 
 64       64   (0)      4 :  0.0000 0.0000 0.0106 0.2796 0.5406 0.0000 0.1692 
 65       65   (0)      4 :  0.0039 0.0151 0.0317 0.1916 0.3013 0.0000 0.4565 
 66       66   (0)      3 :  0.0179 0.0000 0.4079 0.0000 0.0000 0.5606 0.0136 
 67       67   (0)      3 :  0.1054 0.0000 0.5460 0.0000 0.0000 0.2990 0.0495 
 68       68   (0)      3 :  0.9500 0.0000 0.0000 0.0000 0.0000 0.0500 0.0000 
 69       69   (0)      3 :  0.1766 0.0000 0.5565 0.0000 0.0000 0.2407 0.0261 
 70       70   (0)      3 :  0.0000 0.0000 0.6503 0.0000 0.0000 0.3497 0.0000 
 71       71   (0)      3 :  0.1470 0.0000 0.1074 0.0000 0.0000 0.7335 0.0122 
 72       72   (0)      4 :  0.0028 0.0153 0.0112 0.5707 0.3955 0.0000 0.0046 
 73       73   (0)      4 :  0.0010 0.0000 0.1203 0.2751 0.5187 0.0200 0.0649 
 74       74   (0)      4 :  0.0033 0.0000 0.0232 0.2310 0.6999 0.0000 0.0426 
 75       75   (0)      4 :  0.0005 0.0083 0.1437 0.3582 0.2853 0.0000 0.2040 
 76       76   (0)      4 :  0.0000 0.0101 0.0000 0.1315 0.7917 0.0000 0.0666 
 77       77   (0)      4 :  0.0029 0.0000 0.0935 0.1860 0.5754 0.0000 0.1422 
 78       78   (0)      4 :  0.0016 0.0000 0.0000 0.3932 0.4610 0.0000 0.1442 
 79       79   (0)      3 :  0.0000 0.0000 0.0377 0.2034 0.2768 0.0000 0.4820 
 80       80   (0)      3 :  0.0820 0.0000 0.4891 0.0000 0.0000 0.4287 0.0002 
 81       81   (0)      3 :  0.0000 0.0006 0.3064 0.0000 0.0000 0.6234 0.0695 
 82       82   (0)      3 :  0.1100 0.0000 0.4381 0.0000 0.0000 0.3484 0.1035 
 83       83   (0)      3 :  0.0014 0.0002 0.0000 0.2017 0.7620 0.0000 0.0347 
 84       84   (0)      3 :  0.0500 0.0000 0.0000 0.1500 0.0500 0.0000 0.7500 
 85       85   (0)      3 :  0.0062 0.0000 0.4951 0.0000 0.0000 0.4799 0.0188 
 86       86   (0)      3 :  0.0200 0.0000 0.0887 0.0000 0.0000 0.7413 0.1500 
 87       87   (0)      3 :  0.0709 0.0000 0.1545 0.0097 0.0000 0.6953 0.0696 
 88       88   (0)      3 :  0.0419 0.0000 0.5828 0.0000 0.0000 0.3098 0.0655 
 89       89   (0)      4 :  0.0021 0.0290 0.1500 0.5299 0.1880 0.0183 0.0827 
 90       90   (0)      3 :  0.0164 0.0000 0.3746 0.0000 0.0000 0.5807 0.0283 
 91       91   (0)      3 :  0.0162 0.0000 0.0314 0.0000 0.0000 0.8616 0.0909 
 92       92   (0)      3 :  0.3653 0.0000 0.0491 0.0000 0.0000 0.5764 0.0092 
 93       93   (0)      3 :  0.1342 0.0000 0.7072 0.0000 0.0000 0.1586 0.0000 
 94       94   (0)      3 :  0.0040 0.0000 0.3111 0.0214 0.0329 0.4738 0.1569 
 95       95   (0)      4 :  0.0082 0.0105 0.1198 0.2975 0.4271 0.0505 0.0863 
 96       96   (0)      4 :  0.0019 0.0000 0.0561 0.2897 0.5746 0.0000 0.0777 
 97       97   (0)      4 :  0.0000 0.0000 0.0000 0.1189 0.7348 0.0000 0.1463 
 98       98   (0)      4 :  0.0055 0.0486 0.1094 0.4257 0.2501 0.0076 0.1532 
 99       99   (0)      4 :  0.0059 0.0370 0.0673 0.4645 0.2210 0.0000 0.2044 
100      100   (0)      4 :  0.0007 0.0033 0.1244 0.4426 0.3297 0.0000 0.0994 
101      101   (0)      4 :  0.0000 0.0000 0.0945 0.2765 0.4731 0.0000 0.1559 
102      102   (0)      4 :  0.0000 0.0000 0.0000 0.1941 0.7541 0.0000 0.0518 
103      103   (0)      4 :  0.0000 1.0000 0.0000 0.0000 0.0000 0.0000 0.0000 
104      104   (0)      4 :  0.0000 0.0167 0.0000 0.6771 0.2845 0.0000 0.0217 
105      105   (0)      4 :  0.0008 0.0082 0.0000 0.3378 0.5786 0.0000 0.0746 
106      106   (0)      4 :  0.0013 0.0089 0.1019 0.3351 0.2441 0.0000 0.3087 
107      107   (0)      4 :  0.0000 0.0514 0.0451 0.3727 0.5040 0.0000 0.0268 
108      108   (0)      4 :  0.0500 0.0000 0.0000 0.1500 0.0500 0.0000 0.7500 
109      109   (0)      4 :  0.0000 0.0009 0.0601 0.4511 0.4021 0.0000 0.0858 
110      110   (0)      4 :  0.0027 0.0870 0.0342 0.5884 0.2164 0.0000 0.0712 
111      111   (0)      4 :  0.0000 1.0000 0.0000 0.0000 0.0000 0.0000 0.0000 
112      112   (0)      4 :  0.0000 1.0000 0.0000 0.0000 0.0000 0.0000 0.0000 
113      113   (0)      4 :  0.0936 0.0000 0.5935 0.0000 0.0000 0.3001 0.0128 
114      114   (0)      4 :  0.0000 0.0023 0.0130 0.5380 0.3634 0.0000 0.0833 
115      115   (0)      4 :  0.0000 0.0000 0.0084 0.8492 0.1424 0.0000 0.0000 
116      116   (0)      4 :  0.0000 0.0000 0.0000 0.7460 0.1013 0.0000 0.1527 
