1        1   (0)      1  : 0.1124 0.3041 0.0000 0.0000 0.2013 0.0674 0.1973 0.0000 0.1175
2        2   (0)      1  : 0.1057 0.0000 0.1654 0.0000 0.0000 0.0000 0.0112 0.0000 0.7177
3        3   (0)      1  : 0.0000 0.0128 0.0000 0.0000 0.2399 0.0000 0.5000 0.0000 0.2473
4        4   (0)      1  : 0.1825 0.0065 0.0000 0.1826 0.5018 0.0000 0.0000 0.0000 0.1266
5        5   (0)      1  : 0.0000 0.1794 0.2630 0.0000 0.0000 0.0000 0.3941 0.1634 0.0000
6        6   (0)      1  : 0.0501 0.0000 0.1444 0.0000 0.1299 0.4031 0.2725 0.0000 0.0000
7        7   (0)      1  : 0.0113 0.1329 0.1222 0.0865 0.2996 0.0000 0.0000 0.2976 0.0499
8        8   (0)      1  : 0.0000 0.0271 0.1232 0.0000 0.6660 0.0000 0.0851 0.0000 0.0987
9        9   (0)      1  : 0.0000 0.6107 0.2452 0.0000 0.0000 0.1442 0.0000 0.0000 0.0000
10       10   (0)      1  : 0.4621 0.4330 0.0080 0.0000 0.0000 0.0000 0.0969 0.0000 0.0000
11       11   (0)      1  : 0.0000 1.0000 0.0000 0.0000 0.0000 0.0000 0.0000 0.0000 0.0000
12       12   (0)      1  : 0.0000 0.3836 0.1511 0.0000 0.0000 0.0662 0.2146 0.1845 0.0000
13       13   (0)      2  : 0.0006 0.2181 0.2040 0.0000 0.0000 0.2813 0.0000 0.2960 0.0000
14       14   (0)      2  : 0.0000 1.0000 0.0000 0.0000 0.0000 0.0000 0.0000 0.0000 0.0000
15       15   (0)      2  : 0.0000 0.9448 0.0000 0.0000 0.0000 0.0552 0.0000 0.0000 0.0000
16       16   (0)      2  : 0.0000 0.7597 0.0000 0.0000 0.0000 0.0000 0.0589 0.1814 0.0000
17       17   (0)      2  : 0.0000 0.4507 0.1019 0.3850 0.0624 0.0000 0.0000 0.0000 0.0000
18       18   (0)      2  : 0.0000 0.8657 0.0000 0.0356 0.0718 0.0269 0.0000 0.0000 0.0000
19       19   (0)      2  : 0.0000 0.6754 0.0000 0.0000 0.0000 0.0000 0.0000 0.1622 0.1623
20       20   (0)      2  : 0.0000 0.0653 0.2679 0.0000 0.1741 0.0000 0.1370 0.3293 0.0263
21       21   (0)      2  : 0.2807 0.0000 0.0000 0.0000 0.0001 0.0017 0.7173 0.0000 0.0002
22       22   (0)      2  : 0.0036 0.3138 0.0000 0.1803 0.1442 0.0260 0.1308 0.2014 0.0000
23       23   (0)      2  : 0.0000 0.4956 0.1369 0.0000 0.0983 0.1200 0.1102 0.0390 0.0000
24       24   (0)      2  : 0.0000 0.0000 0.0000 0.0000 0.7384 0.0000 0.2616 0.0000 0.0000
25       25   (0)      2  : 0.0533 0.1716 0.0256 0.0161 0.6277 0.0617 0.0000 0.0440 0.0000
26       26   (0)      2  : 0.0999 0.2205 0.2840 0.0000 0.0554 0.0000 0.2898 0.0503 0.0000
27       27   (0)      2  : 0.1629 0.1245 0.1354 0.0535 0.0781 0.2145 0.0131 0.1440 0.0741
28       28   (0)      2  : 0.0000 0.5708 0.0000 0.0000 0.2711 0.0000 0.0000 0.1581 0.0000
29       29   (0)      2  : 0.0000 0.0000 0.0006 0.0000 0.1323 0.1788 0.5092 0.0000 0.1791
30       30   (0)      2  : 0.0779 0.4708 0.1183 0.1832 0.1498 0.0000 0.0000 0.0000 0.0000
31       31   (0)      2  : 0.0017 0.2779 0.1879 0.2897 0.0000 0.0570 0.1169 0.0000 0.0688
32       32   (0)      2  : 0.0000 0.0000 0.0000 0.0000 0.0000 0.2967 0.0000 0.7033 0.0000
33       33   (0)      2  : 0.0000 0.8630 0.0000 0.0000 0.0000 0.0000 0.0000 0.1370 0.0000
34       34   (0)      3  : 0.0000 0.0000 0.0000 0.0000 0.0000 0.0000 1.0000 0.0000 0.0000
35       35   (0)      3  : 0.0000 0.0000 0.0000 1.0000 0.0000 0.0000 0.0000 0.0000 0.0000
36       36   (0)      3  : 0.0000 0.0079 0.1136 0.0000 0.0554 0.2774 0.3396 0.0000 0.2061
37       37   (0)      3  : 0.0000 0.0000 0.5000 0.0000 0.0859 0.0000 0.2052 0.0714 0.1375
38       38   (0)      3  : 0.5254 0.0000 0.2046 0.0000 0.1421 0.0000 0.0000 0.0000 0.1280
39       39   (0)      3  : 0.8389 0.0000 0.0000 0.0000 0.0000 0.0000 0.0000 0.0545 0.1066
40       40   (0)      3  : 0.3125 0.0000 0.2866 0.0809 0.0000 0.1403 0.0000 0.1066 0.0730
41       41   (0)      3  : 0.1502 0.0000 0.1848 0.0000 0.0167 0.0000 0.0000 0.6483 0.0000
42       42   (0)      3  : 0.0111 0.2082 0.3143 0.0531 0.0860 0.0900 0.0000 0.0000 0.2373
43       43   (0)      3  : 0.0000 0.0000 0.0000 0.0000 0.0000 1.0000 0.0000 0.0000 0.0000
44       44   (0)      3  : 0.0779 0.0325 0.6634 0.1601 0.0000 0.0661 0.0000 0.0000 0.0000
45       45   (0)      3  : 0.0000 0.0000 0.0000 1.0000 0.0000 0.0000 0.0000 0.0000 0.0000
46       46   (0)      3  : 0.6751 0.0000 0.0000 0.0000 0.0498 0.1319 0.0000 0.0489 0.0943
47       47   (0)      3  : 0.0000 0.0000 0.0000 1.0000 0.0000 0.0000 0.0000 0.0000 0.0000
48       48   (0)      3  : 0.0000 0.0000 0.1870 0.8130 0.0000 0.0000 0.0000 0.0000 0.0000
49       49   (0)      3  : 0.0004 0.0000 0.6701 0.0216 0.0001 0.0487 0.0879 0.1132 0.0581
50       50   (0)      3  : 0.0426 0.0002 0.1456 0.6768 0.0000 0.1349 0.0000 0.0000 0.0000
51       51   (0)      3  : 0.3847 0.0000 0.0000 0.0618 0.0000 0.1757 0.1376 0.2203 0.0199
52       52   (0)      3  : 0.1217 0.2396 0.2322 0.0500 0.0000 0.0807 0.0000 0.0685 0.2073
53       53   (0)      3  : 0.0000 0.0449 0.0603 0.1553 0.0000 0.0899 0.0000 0.0000 0.6496
54       54   (0)      3  : 0.7520 0.0301 0.2180 0.0000 0.0000 0.0000 0.0000 0.0000 0.0000
55       55   (0)      3  : 0.0659 0.0230 0.6710 0.0000 0.0968 0.0000 0.0000 0.0000 0.1432
56       56   (0)      3  : 0.6391 0.0000 0.2014 0.0390 0.0000 0.1203 0.0000 0.0001 0.0000
57       57   (0)      3  : 0.0974 0.0000 0.5667 0.0723 0.0806 0.0000 0.0984 0.0000 0.0847
58       58   (0)      3  : 0.3212 0.0000 0.3451 0.0466 0.0001 0.0144 0.0000 0.0438 0.2288
59       59   (0)      3  : 0.1428 0.0435 0.0000 0.1376 0.0000 0.6761 0.0000 0.0000 0.0000
60       60   (0)      4  : 0.2155 0.5784 0.0000 0.0000 0.2061 0.0000 0.0000 0.0000 0.0000
61       61   (0)      4  : 0.0000 0.4331 0.0000 0.3281 0.0000 0.0000 0.0000 0.2388 0.0000
62       62   (0)      4  : 0.1061 0.0643 0.0000 0.7120 0.0564 0.0000 0.0007 0.0000 0.0605
63       63   (0)      4  : 0.0439 0.0000 0.6306 0.0000 0.0456 0.0000 0.1571 0.0661 0.0566
64       64   (0)      4  : 0.0359 0.0431 0.0485 0.0369 0.2324 0.4819 0.0000 0.0312 0.0902
65       65   (0)      4  : 0.0000 0.0000 0.0000 0.0000 0.0000 0.5000 0.5000 0.0000 0.0000
66       66   (0)      4  : 0.0000 0.0000 0.0000 0.5000 0.0000 0.5000 0.0000 0.0000 0.0000
67       67   (0)      4  : 0.1943 0.2229 0.1065 0.1108 0.1292 0.0038 0.0809 0.0410 0.1105
68       68   (0)      4  : 0.1982 0.0835 0.0978 0.0000 0.2460 0.0752 0.2153 0.0839 0.0000
69       69   (0)      4  : 0.1937 0.0000 0.0000 0.3063 0.0000 0.0000 0.5000 0.0000 0.0000
70       70   (0)      4  : 0.0000 0.2591 0.0000 0.0000 0.0000 0.0000 0.2409 0.5000 0.0000
71       71   (0)      4  : 0.5303 0.0000 0.0000 0.2702 0.0000 0.0000 0.0000 0.0000 0.1995
72       72   (0)      4  : 0.0000 0.3777 0.0000 0.3293 0.1799 0.0000 0.0000 0.1131 0.0000
73       73   (0)      4  : 0.0000 0.0000 0.4977 0.0658 0.1548 0.1323 0.0000 0.0000 0.1495
74       74   (0)      4  : 0.0000 0.0000 0.2024 0.0000 0.0000 0.5251 0.2724 0.0000 0.0000
75       75   (0)      4  : 0.0000 0.0000 0.0002 0.1813 0.0000 0.1500 0.5000 0.0000 0.1685
76       76   (0)      4  : 0.0000 0.0000 0.1767 0.4326 0.0000 0.0990 0.2916 0.0000 0.0000
77       77   (0)      4  : 0.0930 0.0339 0.2524 0.0000 0.2516 0.1137 0.0912 0.0000 0.1641
78       78   (0)      4  : 0.5996 0.0000 0.0000 0.0000 0.0000 0.1054 0.0000 0.1880 0.1070
79       79   (0)      4  : 0.0000 0.0000 0.0000 0.0000 0.0000 0.0000 1.0000 0.0000 0.0000
80       80   (0)      4  : 0.1159 0.0000 0.1677 0.1446 0.3056 0.2108 0.0195 0.0359 0.0000
81       81   (0)      4  : 0.0000 0.4786 0.0000 0.0679 0.0000 0.0319 0.1783 0.2433 0.0000
82       82   (0)      4  : 0.1479 0.0643 0.0000 0.0001 0.0000 0.0000 0.2741 0.3396 0.1740
83       83   (0)      4  : 0.0926 0.0000 0.0000 0.1408 0.0000 0.1555 0.0707 0.0565 0.4840
84       84   (0)      4  : 0.0000 0.0743 0.2574 0.0986 0.1487 0.1736 0.0728 0.0296 0.1450
85       85   (0)      4  : 0.0000 0.4686 0.0363 0.0000 0.3080 0.1872 0.0000 0.0000 0.0000
86       86   (0)      5  : 0.3466 0.0277 0.0914 0.0000 0.0000 0.0844 0.2743 0.1756 0.0000
87       87   (0)      5  : 0.0000 0.0000 0.5000 0.0000 0.1560 0.2189 0.0000 0.0000 0.1251
88       88   (0)      5  : 0.0756 0.0553 0.2088 0.0495 0.1309 0.2066 0.1791 0.0731 0.0210
89       89   (0)      5  : 0.1410 0.0000 0.0000 0.0000 0.1970 0.2066 0.4554 0.0000 0.0000
90       90   (0)      5  : 0.0938 0.0000 0.0000 0.0000 0.1656 0.0000 0.1904 0.5502 0.0000
91       91   (0)      5  : 0.7072 0.0000 0.1394 0.0000 0.0922 0.0000 0.0000 0.0612 0.0000
92       92   (0)      5  : 0.0000 0.0000 0.1234 0.2353 0.0807 0.1454 0.1687 0.1119 0.1345
93       93   (0)      5  : 0.2148 0.0000 0.0000 0.0000 0.5000 0.2852 0.0000 0.0000 0.0000
94       94   (0)      5  : 0.3554 0.0115 0.0973 0.0691 0.0000 0.0000 0.0000 0.0940 0.3726
95       95   (0)      5  : 0.0896 0.5000 0.3471 0.0000 0.0000 0.0632 0.0000 0.0000 0.0000
96       96   (0)      5  : 0.3971 0.0000 0.0442 0.0000 0.2657 0.1387 0.1126 0.0000 0.0417
97       97   (0)      5  : 0.0903 0.1235 0.0000 0.0000 0.7862 0.0000 0.0000 0.0000 0.0000
98       98   (0)      5  : 0.0000 0.0370 0.2074 0.2556 0.0000 0.0000 0.0000 0.1595 0.3405
99       99   (0)      5  : 0.2375 0.0000 0.0000 0.4249 0.2329 0.0003 0.0000 0.0000 0.1044
100      100   (0)      5  : 0.0000 0.0000 0.3811 0.0000 0.1189 0.2025 0.2760 0.0214 0.0000
101      101   (0)      5  : 0.2839 0.0000 0.2159 0.0592 0.0000 0.1866 0.0091 0.0000 0.2452
102      102   (0)      5  : 0.1104 0.0000 0.3065 0.0000 0.0000 0.5000 0.0831 0.0000 0.0000
103      103   (0)      5  : 0.0000 0.0000 0.0000 0.2289 0.0000 0.5000 0.2711 0.0000 0.0000
104      104   (0)      5  : 0.0000 0.0000 0.0000 0.0000 0.1321 0.0000 0.0000 0.2091 0.6588
105      105   (0)      5  : 0.1866 0.0000 0.1767 0.0000 0.1106 0.2838 0.0975 0.0000 0.1448
106      106   (0)      5  : 0.0000 0.0000 0.0000 0.1612 0.0997 0.0000 0.0000 0.2445 0.4946
107      107   (0)      5  : 0.5392 0.0548 0.0000 0.1493 0.0416 0.0000 0.1213 0.0924 0.0015
108      108   (0)      5  : 0.0670 0.0421 0.0318 0.1623 0.1430 0.0000 0.0986 0.2516 0.2036
109      109   (0)      5  : 0.0000 0.1479 0.1873 0.0000 0.2323 0.0000 0.1879 0.1892 0.0554
110      110   (0)      5  : 0.2285 0.1141 0.1760 0.2704 0.1851 0.0000 0.0260 0.0000 0.0000
111      111   (0)      5  : 0.0000 0.0000 0.1182 0.0004 0.0000 0.7463 0.0000 0.0000 0.1352
112      112   (0)      5  : 0.0981 0.0000 0.0000 0.3134 0.1272 0.0000 0.2140 0.0000 0.2473
113      113   (0)      4  : 0.0000 0.0000 0.0000 0.2900 0.0000 0.0000 0.7100 0.0000 0.0000
114      114   (0)      6  : 0.0729 0.0000 0.5000 0.0000 0.0000 0.0000 0.1953 0.0916 0.1402
115      115   (0)      6  : 0.0000 0.2713 0.0988 0.0000 0.0700 0.2576 0.0603 0.1146 0.1273
116      116   (0)      6  : 0.0000 0.4651 0.1357 0.0000 0.0229 0.0176 0.1109 0.0458 0.2020
117      117   (0)      6  : 0.0000 0.6665 0.3334 0.0000 0.0000 0.0000 0.0000 0.0000 0.0000
118      118   (0)      6  : 0.0308 0.3658 0.0000 0.0000 0.2404 0.1784 0.0740 0.0637 0.0469
119      119   (0)      6  : 0.0000 0.7981 0.0000 0.0000 0.0000 0.0000 0.0000 0.0000 0.2019
120      120   (0)      6  : 0.0000 0.0000 0.5267 0.0001 0.0730 0.0926 0.0000 0.0000 0.3076
121      121   (0)      6  : 0.0000 0.0375 0.0000 0.0466 0.1140 0.2882 0.0000 0.2138 0.2999
122      122   (0)      6  : 0.0239 0.0000 0.6434 0.1107 0.0000 0.0846 0.0961 0.0000 0.0414
123      123   (0)      6  : 0.0000 0.1405 0.0000 0.0290 0.5624 0.0000 0.1522 0.0440 0.0719
124      124   (0)      6  : 0.0000 0.0000 0.0000 0.0000 0.0000 0.0000 0.0000 0.0000 1.0000
125      125   (0)      6  : 0.0261 0.0000 0.1512 0.0000 0.2075 0.0000 0.5332 0.0821 0.0000
126      126   (0)      6  : 0.0000 0.0000 0.2290 0.0000 0.0000 0.0000 0.0000 0.0000 0.7710
127      127   (0)      6  : 0.0000 0.4399 0.2446 0.1436 0.0817 0.0098 0.0000 0.0804 0.0000
128      128   (0)      6  : 0.1292 0.0000 0.0946 0.1427 0.5960 0.0346 0.0030 0.0000 0.0000
129      129   (0)      6  : 0.0183 0.0000 0.2434 0.0626 0.0722 0.0000 0.5000 0.1035 0.0000
130      130   (0)      6  : 0.0449 0.1585 0.0265 0.1561 0.2380 0.0912 0.0604 0.0137 0.2107
131      131   (0)      6  : 0.0000 0.4766 0.0000 0.0000 0.1367 0.0806 0.2451 0.0610 0.0000
132      132   (0)      6  : 0.3433 0.0000 0.0000 0.3818 0.0008 0.0000 0.0000 0.0308 0.2435
133      133   (0)      6  : 0.0000 0.0000 0.0000 0.0000 0.5000 0.0793 0.4207 0.0000 0.0000
134      134   (0)      6  : 0.0832 0.0517 0.0000 0.0000 0.1422 0.6792 0.0437 0.0000 0.0000
135      135   (0)      6  : 0.0000 0.3181 0.0000 0.1819 0.0000 0.0000 0.0000 0.5000 0.0000
136      136   (0)      6  : 0.0939 0.0500 0.0000 0.0422 0.0661 0.1385 0.0000 0.5542 0.0552
137      137   (0)      6  : 0.0643 0.0789 0.1747 0.2757 0.0747 0.0000 0.1267 0.0000 0.2050
138      138   (0)      6  : 0.0000 0.0000 0.0000 0.0000 0.0000 0.0000 0.0000 0.0000 1.0000
139      139   (0)      6  : 0.1296 0.0357 0.6133 0.0000 0.0000 0.0349 0.1864 0.0000 0.0000
140      140   (0)      6  : 0.0735 0.2879 0.0000 0.4248 0.0598 0.0328 0.0000 0.1212 0.0000
141      141   (0)      6  : 0.1527 0.2845 0.0000 0.0000 0.0000 0.0005 0.0292 0.1636 0.3696
142      142   (0)      7  : 0.0561 0.0000 0.0934 0.2035 0.0000 0.1158 0.4014 0.0000 0.1297
143      143   (0)      7  : 0.0000 0.4244 0.0000 0.0000 0.0000 0.0000 0.0000 0.5756 0.0000
144      144   (0)      7  : 0.1784 0.0000 0.3056 0.0967 0.1277 0.0000 0.1171 0.1745 0.0000
145      145   (0)      7  : 0.0000 0.0000 0.1292 0.0930 0.0240 0.2916 0.0000 0.0000 0.4622
146      146   (0)      7  : 0.1799 0.0000 0.0000 0.0000 0.0000 0.0000 0.0000 0.7095 0.1106
147      147   (0)      7  : 1.0000 0.0000 0.0000 0.0000 0.0000 0.0000 0.0000 0.0000 0.0000
148      148   (0)      7  : 0.0000 0.0000 0.3538 0.0000 0.0000 0.1440 0.3612 0.0000 0.1410
149      149   (0)      7  : 0.0000 0.5300 0.2637 0.0823 0.0000 0.0000 0.0000 0.1239 0.0000
150      150   (0)      7  : 0.0000 0.2997 0.0909 0.0760 0.0812 0.0000 0.3803 0.0718 0.0000
151      151   (0)      7  : 0.0000 0.4831 0.1289 0.0000 0.0333 0.0594 0.1139 0.1278 0.0536
152      152   (0)      7  : 0.1668 0.0000 0.2400 0.1251 0.0693 0.2614 0.0702 0.0671 0.0000
153      153   (0)      7  : 0.0000 0.8125 0.0000 0.0000 0.0000 0.0000 0.0000 0.1875 0.0000
154      154   (0)      7  : 0.1779 0.0000 0.0000 0.0000 0.6290 0.1931 0.0000 0.0000 0.0000
155      155   (0)      7  : 0.0404 0.5661 0.0000 0.1042 0.0714 0.0000 0.0314 0.0000 0.1864
156      156   (0)      7  : 0.3416 0.0000 0.0000 0.0000 0.0000 0.2435 0.0000 0.2672 0.1477
157      157   (0)      7  : 1.0000 0.0000 0.0000 0.0000 0.0000 0.0000 0.0000 0.0000 0.0000
158      158   (0)      7  : 0.0000 0.0000 0.1492 0.0000 0.0000 0.0001 0.0000 0.0877 0.7630
159      159   (0)      7  : 0.0202 0.6570 0.0369 0.0000 0.0000 0.0000 0.0000 0.0000 0.2859
160      160   (0)      7  : 0.0967 0.2494 0.3225 0.0000 0.1108 0.1354 0.0000 0.0852 0.0000
161      161   (0)      7  : 0.0000 0.7722 0.0000 0.0000 0.0014 0.0000 0.0000 0.0000 0.2264
162      162   (0)      7  : 0.0367 0.1425 0.3094 0.1650 0.0716 0.1256 0.0000 0.0000 0.1492
163      163   (0)      7  : 0.0000 0.0000 0.5896 0.0000 0.0000 0.4103 0.0000 0.0001 0.0000
164      164   (0)      7  : 0.0538 0.2041 0.0000 0.0450 0.0757 0.0829 0.0932 0.0975 0.3478
165      165   (0)      7  : 0.0000 0.4029 0.0000 0.0000 0.0000 0.0000 0.0000 0.0000 0.5971
166      166   (0)      7  : 0.0000 0.1473 0.0000 0.1917 0.2302 0.2389 0.1919 0.0000 0.0000
167      167   (0)      7  : 0.1204 0.0000 0.0627 0.0000 0.1122 0.6215 0.0832 0.0000 0.0000
168      168   (0)      7  : 0.0571 0.0308 0.0000 0.3240 0.0918 0.1838 0.0000 0.0530 0.2596
169      169   (0)      7  : 0.0000 0.6884 0.0000 0.3116 0.0000 0.0000 0.0000 0.0000 0.0000
