  1        1   (0)      1 :  0.0000 0.0518 0.0000 0.0000 0.3344 0.3299 0.2358 0.0482 
  2        2   (0)      1 :  0.0000 0.0460 0.0000 0.0000 0.4977 0.1813 0.2056 0.0694 
  3        3   (0)      1 :  0.0000 1.0000 0.0000 0.0000 0.0000 0.0000 0.0000 0.0000 
  4        4   (0)      1 :  0.0000 0.0071 0.0000 0.0000 0.3844 0.2065 0.4006 0.0013 
  5        5   (0)      1 :  0.0000 0.0000 0.0000 0.0000 0.2608 0.2790 0.4363 0.0238 
  6        6   (0)      1 :  0.0000 0.1917 0.0000 0.0000 0.6363 0.1269 0.0451 0.0000 
  7        7   (0)      1 :  0.0000 0.0000 0.0000 0.0000 0.6435 0.2311 0.1189 0.0066 
  8        8   (0)      1 :  0.0000 0.0000 0.0000 0.0000 0.1825 0.2493 0.5682 0.0000 
  9        9   (0)      1 :  0.0000 1.0000 0.0000 0.0000 0.0000 0.0000 0.0000 0.0000 
 10       10   (0)      1 :  0.0000 0.0368 0.0000 0.0000 0.3870 0.4571 0.0958 0.0232 
 11       11   (0)      1 :  0.0000 0.0000 0.0000 0.0000 0.6100 0.2261 0.1132 0.0508 
 12       12   (0)      1 :  0.0000 0.0000 0.0000 0.0000 0.4253 0.3898 0.1537 0.0311 
 13       13   (0)      1 :  0.0000 0.0042 0.0000 0.0000 0.7836 0.1502 0.0191 0.0431 
 14       14   (0)      1 :  0.0000 0.0000 0.0000 0.0000 0.3990 0.2912 0.1757 0.1341 
 15       15   (0)      2 :  0.0000 0.0000 0.0000 0.0000 0.0000 0.7973 0.2027 0.0000 
 16       16   (0)      2 :  0.9030 0.0000 0.0248 0.0620 0.0000 0.0000 0.0000 0.0102 
 17       17   (0)      2 :  0.2730 0.0000 0.3315 0.0193 0.0000 0.0000 0.0000 0.3762 
 18       18   (0)      2 :  0.7491 0.0000 0.0000 0.1923 0.0000 0.0000 0.0000 0.0586 
 19       19   (0)      2 :  0.0224 0.0000 0.6917 0.0665 0.0000 0.0000 0.0000 0.2194 
 20       20   (0)      2 :  0.5003 0.0000 0.1881 0.1687 0.0000 0.0000 0.0000 0.1429 
 21       21   (0)      2 :  0.0000 0.0000 0.8832 0.0183 0.0000 0.0000 0.0000 0.0985 
 22       22   (0)      2 :  0.6458 0.0000 0.0000 0.2848 0.0000 0.0000 0.0000 0.0695 
 23       23   (0)      1 :  0.0000 0.0010 0.0000 0.0262 0.1825 0.4245 0.2735 0.0922 
 24       24   (0)      1 :  0.0014 0.0108 0.0056 0.0000 0.3378 0.5042 0.0773 0.0629 
 25       25   (0)      1 :  0.0000 1.0000 0.0000 0.0000 0.0000 0.0000 0.0000 0.0000 
 26       26   (0)      1 :  0.0000 0.0000 0.0000 0.0000 0.5808 0.1670 0.1788 0.0734 
 27       27   (0)      2 :  0.0000 0.0000 0.0000 1.0000 0.0000 0.0000 0.0000 0.0000 
 28       28   (0)      2 :  0.9345 0.0000 0.0155 0.0500 0.0000 0.0000 0.0000 0.0000 
 29       29   (0)      2 :  0.0354 0.0000 0.4162 0.3010 0.0000 0.0000 0.0000 0.2474 
 30       30   (0)      2 :  0.8200 0.0000 0.0500 0.0300 0.0000 0.0000 0.0000 0.1000 
 31       31   (0)      2 :  0.1476 0.0000 0.5786 0.0041 0.0000 0.0051 0.0081 0.2565 
 32       32   (0)      2 :  0.1184 0.1360 0.5504 0.1081 0.0000 0.0000 0.0000 0.0872 
 33       33   (0)      2 :  0.1484 0.0000 0.4190 0.0975 0.0000 0.0000 0.0000 0.3352 
 34       34   (0)      1 :  0.0000 0.0000 0.0000 0.0000 0.4868 0.0500 0.2132 0.2500 
 35       35   (0)      2 :  0.1991 0.0000 0.5498 0.0076 0.0000 0.0000 0.0000 0.2435 
 36       36   (0)      2 :  0.4255 0.0000 0.4332 0.0696 0.0000 0.0000 0.0000 0.0716 
 37       37   (0)      2 :  0.4926 0.0000 0.1996 0.2102 0.0000 0.0000 0.0000 0.0976 
 38       38   (0)      2 :  0.3196 0.0000 0.3167 0.0137 0.0000 0.0000 0.0000 0.3500 
 39       39   (0)      2 :  0.0000 0.0000 0.0000 0.0000 0.3626 0.5450 0.0425 0.0500 
 40       40   (0)      2 :  0.0000 0.0000 0.0000 0.0000 0.0898 0.5232 0.2773 0.1097 
 41       41   (0)      2 :  0.0000 0.0000 0.0000 0.0000 0.1338 0.5662 0.2783 0.0217 
 42       42   (0)      2 :  0.0000 0.0003 0.0000 0.0000 0.6861 0.2191 0.0875 0.0069 
 43       43   (0)      2 :  0.0000 0.0000 0.0000 0.0000 0.3547 0.3355 0.2191 0.0907 
 44       44   (0)      2 :  0.8390 0.0000 0.0110 0.0500 0.0000 0.0000 0.0000 0.1000 
 45       45   (0)      2 :  0.4186 0.0000 0.2253 0.0418 0.0023 0.0000 0.0071 0.3048 
 46       46   (0)      2 :  0.5824 0.0000 0.3273 0.0082 0.0000 0.0000 0.0000 0.0821 
 47       47   (0)      2 :  0.0000 0.0000 0.0000 0.0000 0.0770 0.3445 0.5082 0.0704 
 48       48   (0)      2 :  0.5513 0.0000 0.0819 0.1055 0.0000 0.0000 0.0000 0.2613 
 49       49   (0)      1 :  0.0000 0.0015 0.0000 0.0000 0.4120 0.5287 0.0347 0.0232 
 50       50   (0)      1 :  0.0000 0.0000 0.0000 0.0000 0.2152 0.2616 0.5096 0.0136 
 51       51   (0)      1 :  0.0000 0.0000 0.0000 0.0000 0.1156 0.2859 0.5039 0.0946 
 52       52   (0)      1 :  0.0000 0.0000 0.0000 0.0000 0.3796 0.3902 0.1011 0.1292 
 53       53   (0)      1 :  0.0000 0.0291 0.0000 0.0000 0.1364 0.2852 0.2698 0.2794 
 54       54   (0)      1 :  0.0000 0.0044 0.0000 0.0000 0.2372 0.5246 0.0998 0.1340 
 55       55   (0)      1 :  0.0000 0.0001 0.0000 0.0000 0.3707 0.3230 0.2421 0.0641 
 56       56   (0)      3 :  0.0000 0.0000 0.7389 0.1920 0.0000 0.0000 0.0000 0.0692 
 57       57   (0)      3 :  0.4922 0.0000 0.3435 0.1062 0.0000 0.0000 0.0000 0.0582 
 58       58   (0)      3 :  0.7603 0.0000 0.0123 0.1500 0.0000 0.0000 0.0000 0.0774 
 59       59   (0)      3 :  0.1370 0.0000 0.7585 0.0254 0.0000 0.0000 0.0000 0.0792 
 60       60   (0)      3 :  0.3759 0.0000 0.2561 0.1620 0.0000 0.0000 0.0000 0.2060 
 61       61   (0)      3 :  0.6714 0.0000 0.2151 0.0451 0.0000 0.0000 0.0000 0.0684 
 62       62   (0)      3 :  0.2447 0.0000 0.4200 0.0000 0.0000 0.0000 0.0000 0.3353 
 63       63   (0)      4 :  0.0000 1.0000 0.0000 0.0000 0.0000 0.0000 0.0000 0.0000 
 64       64   (0)      4 :  0.0000 0.0000 0.0000 0.0000 0.2156 0.3557 0.3497 0.0791 
 65       65   (0)      4 :  0.0000 0.0186 0.0000 0.0000 0.1255 0.4023 0.2396 0.2139 
 66       66   (0)      3 :  0.3062 0.0000 0.5678 0.0260 0.0000 0.0000 0.0000 0.1000 
 67       67   (0)      3 :  0.2998 0.0000 0.5744 0.0214 0.0000 0.0000 0.0000 0.1044 
 68       68   (0)      3 :  0.0000 0.0000 0.0000 1.0000 0.0000 0.0000 0.0000 0.0000 
 69       69   (0)      3 :  0.0563 0.0000 0.7320 0.1333 0.0000 0.0000 0.0000 0.0784 
 70       70   (0)      3 :  0.1201 0.0000 0.7976 0.0000 0.0000 0.0000 0.0000 0.0822 
 71       71   (0)      3 :  0.6090 0.0000 0.0624 0.1549 0.0000 0.0000 0.0000 0.1737 
 72       72   (0)      4 :  0.0000 0.0075 0.0026 0.0002 0.5629 0.3845 0.0341 0.0082 
 73       73   (0)      4 :  0.0070 0.0000 0.0418 0.0000 0.3560 0.4291 0.1443 0.0219 
 74       74   (0)      4 :  0.0000 0.0000 0.0000 0.0000 0.3999 0.3021 0.2909 0.0070 
 75       75   (0)      4 :  0.0000 0.0060 0.0000 0.0000 0.1415 0.6564 0.1162 0.0799 
 76       76   (0)      4 :  0.0000 0.0018 0.0000 0.0000 0.1452 0.2378 0.6153 0.0000 
 77       77   (0)      4 :  0.0000 0.0000 0.0000 0.0000 0.0595 0.5988 0.3118 0.0299 
 78       78   (0)      4 :  0.0000 0.0000 0.0000 0.0000 0.2459 0.2068 0.4809 0.0665 
 79       79   (0)      3 :  0.0000 0.0000 0.0000 0.0000 0.3696 0.2711 0.2630 0.0963 
 80       80   (0)      3 :  0.3138 0.0000 0.5519 0.0343 0.0000 0.0000 0.0000 0.1000 
 81       81   (0)      3 :  0.5995 0.0000 0.2140 0.0021 0.0000 0.0000 0.0000 0.1844 
 82       82   (0)      3 :  0.1684 0.0000 0.4692 0.0717 0.0000 0.0000 0.0000 0.2908 
 83       83   (0)      3 :  0.0000 0.0000 0.0000 0.0000 0.1492 0.3701 0.4783 0.0024 
 84       84   (0)      3 :  0.0000 0.0000 0.0000 0.0000 0.0000 0.0500 0.6000 0.3500 
 85       85   (0)      3 :  0.4124 0.0000 0.4876 0.0000 0.0000 0.0000 0.0000 0.1000 
 86       86   (0)      3 :  0.7598 0.0000 0.0972 0.0500 0.0000 0.0000 0.0000 0.0930 
 87       87   (0)      3 :  0.5672 0.0000 0.1903 0.0939 0.0000 0.0027 0.0308 0.1151 
 88       88   (0)      3 :  0.1036 0.0000 0.7852 0.0048 0.0000 0.0000 0.0000 0.1065 
 89       89   (0)      4 :  0.0115 0.0276 0.0031 0.0021 0.5400 0.3136 0.0598 0.0423 
 90       90   (0)      3 :  0.3509 0.0000 0.4458 0.0125 0.0000 0.0000 0.0000 0.1908 
 91       91   (0)      3 :  0.8349 0.0000 0.1000 0.0248 0.0000 0.0000 0.0000 0.0404 
 92       92   (0)      3 :  0.5255 0.0000 0.1171 0.3324 0.0000 0.0000 0.0000 0.0250 
 93       93   (0)      3 :  0.0000 0.0000 0.8286 0.0700 0.0000 0.0000 0.0000 0.1014 
 94       94   (0)      3 :  0.3643 0.0000 0.3846 0.0108 0.0152 0.0811 0.0465 0.0975 
 95       95   (0)      4 :  0.0256 0.0098 0.0782 0.0040 0.2505 0.4222 0.1481 0.0616 
 96       96   (0)      4 :  0.0000 0.0000 0.0000 0.0000 0.0460 0.7611 0.1468 0.0461 
 97       97   (0)      4 :  0.0000 0.0000 0.0000 0.0000 0.0921 0.3874 0.5033 0.0172 
 98       98   (0)      4 :  0.0133 0.0542 0.0082 0.0000 0.2154 0.4347 0.1712 0.1029 
 99       99   (0)      4 :  0.0000 0.0338 0.0000 0.0000 0.3709 0.3723 0.1144 0.1086 
100      100   (0)      4 :  0.0000 0.0005 0.0000 0.0000 0.1561 0.7015 0.0818 0.0601 
101      101   (0)      4 :  0.0000 0.0000 0.0000 0.0000 0.4207 0.3943 0.1092 0.0758 
102      102   (0)      4 :  0.0000 0.0000 0.0000 0.0000 0.0444 0.5231 0.4311 0.0014 
103      103   (0)      4 :  0.0000 1.0000 0.0000 0.0000 0.0000 0.0000 0.0000 0.0000 
104      104   (0)      4 :  0.0000 0.0058 0.0000 0.0000 0.7830 0.1534 0.0410 0.0168 
105      105   (0)      4 :  0.0000 0.0090 0.0000 0.0000 0.1299 0.3869 0.3468 0.1274 
106      106   (0)      4 :  0.0000 0.0089 0.0093 0.0000 0.3902 0.2610 0.2339 0.0967 
107      107   (0)      4 :  0.0000 0.0484 0.0000 0.0000 0.1529 0.5343 0.2464 0.0180 
108      108   (0)      4 :  0.0000 0.0000 0.0000 0.0000 0.0000 0.0500 0.6000 0.3500 
109      109   (0)      4 :  0.0000 0.0000 0.0000 0.0000 0.6296 0.3194 0.0317 0.0193 
110      110   (0)      4 :  0.0000 0.0936 0.0000 0.0000 0.3917 0.3438 0.0853 0.0856 
111      111   (0)      4 :  0.0000 1.0000 0.0000 0.0000 0.0000 0.0000 0.0000 0.0000 
112      112   (0)      4 :  0.0000 1.0000 0.0000 0.0000 0.0000 0.0000 0.0000 0.0000 
113      113   (0)      4 :  0.2509 0.0000 0.6106 0.0355 0.0000 0.0000 0.0000 0.1031 
114      114   (0)      4 :  0.0000 0.0001 0.0000 0.0000 0.6962 0.1732 0.0767 0.0538 
115      115   (0)      4 :  0.0000 0.0000 0.0000 0.0000 0.5808 0.1430 0.1262 0.1500 
116      116   (0)      4 :  0.0000 0.0000 0.0000 0.0000 0.8020 0.0317 0.0613 0.1050 
