1        1   (0)      1  : 0.0299 0.2322 0.0000 0.2835 0.1902 0.1026 0.0000 0.1615 0.0000
2        2   (0)      1  : 0.0000 0.0000 0.0000 0.0000 0.0000 0.0000 0.0000 1.0000 0.0000
3        3   (0)      2  : 0.0000 0.0000 0.1904 0.0000 0.0018 0.1947 0.2138 0.0000 0.3994
4        4   (0)      2  : 0.0000 0.0000 0.0000 0.0000 0.4164 0.1029 0.0000 0.1394 0.3413
5        5   (0)      2  : 0.0000 0.2078 0.0497 0.1817 0.0000 0.0000 0.3521 0.0000 0.2087
6        6   (0)      2  : 0.0000 1.0000 0.0000 0.0000 0.0000 0.0000 0.0000 0.0000 0.0000
7        7   (0)      2  : 0.0000 0.0000 0.0000 1.0000 0.0000 0.0000 0.0000 0.0000 0.0000
8        8   (0)      2  : 0.0000 0.1074 0.3240 0.1197 0.1792 0.0672 0.0629 0.0000 0.1396
9        9   (0)      2  : 0.0000 0.2466 0.0000 0.0000 0.0000 0.0000 0.4813 0.2721 0.0000
10       10   (0)      2  : 0.7682 0.0000 0.0000 0.2317 0.0000 0.0000 0.0000 0.0000 0.0000
11       11   (0)      2  : 0.2030 0.1809 0.2503 0.1818 0.1422 0.0000 0.0000 0.0000 0.0418
12       12   (0)      2  : 0.1392 0.1047 0.1925 0.1961 0.0498 0.1837 0.0000 0.1272 0.0067
13       13   (0)      2  : 0.0000 0.0000 0.4299 0.0000 0.0000 0.0000 0.5701 0.0000 0.0000
14       14   (0)      2  : 0.0000 0.3250 0.0000 0.0000 0.0000 0.0000 0.2689 0.4061 0.0000
15       15   (0)      2  : 0.0000 0.0000 0.2492 0.0565 0.0000 0.1635 0.2394 0.1942 0.0971
16       16   (0)      2  : 0.0000 0.0000 0.0000 0.3614 0.0000 0.1417 0.0298 0.2110 0.2562
17       17   (0)      2  : 0.0000 0.0000 0.0000 1.0000 0.0000 0.0000 0.0000 0.0000 0.0000
18       18   (0)      2  : 0.0000 0.0697 0.1432 0.1229 0.2277 0.1995 0.0269 0.0052 0.2049
19       19   (0)      2  : 0.0000 0.0000 0.1949 0.1215 0.0000 0.0000 0.1742 0.3462 0.1632
20       20   (0)      2  : 0.0000 0.0046 0.0000 0.2009 0.2565 0.0000 0.0000 0.3564 0.1817
21       21   (0)      2  : 0.3916 0.2561 0.0000 0.3523 0.0000 0.0000 0.0000 0.0000 0.0000
22       22   (0)      2  : 0.0000 0.3481 0.2685 0.0000 0.0000 0.0000 0.3834 0.0000 0.0000
23       23   (0)      2  : 0.2498 0.0801 0.1329 0.0000 0.0448 0.0000 0.3649 0.1275 0.0000
24       24   (0)      2  : 0.2281 0.1849 0.1999 0.0000 0.0264 0.1130 0.0000 0.2478 0.0000
25       25   (0)      2  : 0.0000 0.0000 0.6469 0.0000 0.3531 0.0000 0.0000 0.0000 0.0000
26       26   (0)      2  : 0.1859 0.0000 0.2543 0.2427 0.0000 0.0000 0.1428 0.0000 0.1744
27       27   (0)      2  : 0.0000 0.1720 0.1675 0.0000 0.0829 0.0814 0.1814 0.0051 0.3098
28       28   (0)      2  : 0.0000 0.3083 0.0060 0.3023 0.0000 0.2686 0.0000 0.0823 0.0326
29       29   (0)      2  : 0.0000 0.0000 0.3769 0.3022 0.0000 0.0000 0.3209 0.0000 0.0000
30       30   (0)      3  : 0.0000 0.0000 0.6194 0.0000 0.0000 0.3806 0.0000 0.0000 0.0000
31       31   (0)      3  : 0.0000 0.0000 0.0000 0.0000 0.0000 0.0000 0.4562 0.5438 0.0000
32       32   (0)      3  : 0.0310 0.2031 0.2287 0.1308 0.1420 0.0000 0.0061 0.0000 0.2583
33       33   (0)      3  : 0.1155 0.0000 0.1505 0.0000 0.2244 0.0955 0.0046 0.0264 0.3831
34       34   (0)      3  : 0.0000 0.0673 0.1141 0.2568 0.0000 0.0000 0.3218 0.1988 0.0411
35       35   (0)      3  : 0.0000 0.0000 0.0000 0.0000 0.0000 0.0000 0.0000 0.2940 0.7060
36       36   (0)      3  : 0.0000 0.1169 0.0000 0.1429 0.0000 0.0000 0.3523 0.0000 0.3879
37       37   (0)      3  : 0.0000 0.1166 0.0809 0.1406 0.1950 0.1052 0.0853 0.1180 0.1584
38       38   (0)      3  : 0.0000 0.0000 0.0000 0.0000 1.0000 0.0000 0.0000 0.0000 0.0000
39       39   (0)      3  : 0.0000 0.4231 0.0000 0.3877 0.0000 0.1891 0.0000 0.0000 0.0000
40       40   (0)      3  : 0.0000 0.0000 0.0000 1.0000 0.0000 0.0000 0.0000 0.0000 0.0000
41       41   (0)      3  : 0.0000 0.0000 0.0000 0.0000 0.3022 0.0000 0.0000 0.3048 0.3929
42       42   (0)      3  : 0.0000 1.0000 0.0000 0.0000 0.0000 0.0000 0.0000 0.0000 0.0000
43       43   (0)      3  : 0.0000 0.1024 0.1712 0.0000 0.0250 0.2318 0.0000 0.0000 0.4697
44       44   (0)      3  : 0.0000 0.0000 0.0956 0.2532 0.0000 0.2432 0.1387 0.0000 0.2694
45       45   (0)      3  : 0.0000 0.0150 0.1158 0.4576 0.0542 0.2460 0.0000 0.0000 0.1113
46       46   (0)      3  : 0.0000 0.0000 0.1111 0.0000 0.2418 0.0000 0.0000 0.3028 0.3443
47       47   (0)      3  : 0.0000 0.2589 0.0000 0.4923 0.2488 0.0000 0.0000 0.0000 0.0000
48       48   (0)      3  : 0.0000 0.0000 0.0000 0.0000 0.3941 0.0000 0.0001 0.2692 0.3366
49       49   (0)      3  : 1.0000 0.0000 0.0000 0.0000 0.0000 0.0000 0.0000 0.0000 0.0000
50       50   (0)      3  : 0.0000 0.4037 0.0000 0.0000 0.0000 0.0000 0.0000 0.2628 0.3335
51       51   (0)      3  : 0.0000 0.0000 0.0000 0.0000 0.0000 0.0000 1.0000 0.0000 0.0000
52       52   (0)      3  : 0.4611 0.0000 0.0000 0.0000 0.0000 0.0000 0.0000 0.0000 0.5389
53       53   (0)      3  : 0.0000 0.0000 0.1010 0.0948 0.1772 0.0000 0.1107 0.0000 0.5163
54       54   (0)      3  : 0.0000 0.1287 0.0463 0.0894 0.0911 0.3106 0.2176 0.0449 0.0716
55       55   (0)      3  : 0.0000 0.0000 0.3166 0.0000 0.0000 0.0000 0.2261 0.1897 0.2677
56       56   (0)      3  : 0.0000 0.0000 0.2790 0.0000 0.0000 0.0000 0.0000 0.0000 0.7210
57       57   (0)      3  : 0.0000 0.0000 0.0000 0.0000 0.2904 0.0000 0.2926 0.1669 0.2501
58       58   (0)      3  : 0.0000 0.0000 0.0000 0.0000 0.0000 0.0000 0.0000 1.0000 0.0000
59       59   (0)      3  : 0.0000 0.0000 0.5706 0.0000 0.0000 0.4294 0.0000 0.0000 0.0000
60       60   (0)      4  : 0.4181 0.0000 0.0000 0.0000 0.5819 0.0000 0.0000 0.0000 0.0000
61       61   (0)      4  : 0.0000 0.0000 0.0000 0.0000 0.0000 0.0000 0.3166 0.0000 0.6834
62       62   (0)      4  : 0.0000 0.0000 0.0000 0.0000 0.0000 0.0000 0.0000 0.4298 0.5702
63       63   (0)      4  : 0.0000 0.0000 0.0000 0.1929 0.0727 0.2991 0.2601 0.0957 0.0795
64       64   (0)      4  : 0.1227 0.0000 0.2451 0.2185 0.1315 0.0000 0.0000 0.2823 0.0000
65       65   (0)      4  : 0.0000 0.0000 0.0000 0.0000 0.0000 0.0000 0.6340 0.3660 0.0000
66       66   (0)      4  : 0.0000 0.0000 0.2696 0.1992 0.0000 0.1087 0.1955 0.2270 0.0000
67       67   (0)      4  : 0.3046 0.0000 0.0000 0.0000 0.1854 0.0000 0.4435 0.0666 0.0000
68       68   (0)      4  : 0.1759 0.0000 0.0000 0.2420 0.0000 0.0840 0.1589 0.2782 0.0610
69       69   (0)      4  : 0.0436 0.1718 0.3019 0.0000 0.0000 0.0000 0.0000 0.2152 0.2676
70       70   (0)      4  : 0.2406 0.1619 0.0000 0.0000 0.0000 0.2378 0.1332 0.0000 0.2264
71       71   (0)      1  : 0.0000 0.0000 0.0000 0.4402 0.1653 0.0000 0.3946 0.0000 0.0000
72       72   (0)      1  : 0.0000 0.0000 0.0000 0.0000 0.6598 0.3402 0.0000 0.0000 0.0000
73       73   (0)      1  : 0.0000 0.0000 0.0000 0.0000 0.0000 0.0000 0.0000 0.0000 1.0000
74       74   (0)      1  : 0.1755 0.0000 0.0000 0.0504 0.3158 0.1789 0.0938 0.0461 0.1394
75       75   (0)      1  : 0.0000 0.1759 0.0004 0.0773 0.0000 0.0000 0.2029 0.1491 0.3944
76       76   (0)      1  : 0.0000 0.0000 0.0000 0.2135 0.0919 0.4164 0.0000 0.0000 0.2782
77       77   (0)      1  : 0.0000 0.0000 0.0000 0.0000 1.0000 0.0000 0.0000 0.0000 0.0000
78       78   (0)      1  : 0.0686 0.2715 0.0000 0.1430 0.2425 0.1058 0.0000 0.1686 0.0000
79       79   (0)      1  : 0.0000 0.0000 0.0000 0.0111 0.2909 0.2134 0.2051 0.2794 0.0000
80       80   (0)      1  : 0.0000 0.3170 0.3372 0.0000 0.1282 0.0000 0.2176 0.0000 0.0000
81       81   (0)      1  : 0.0000 0.3826 0.0000 0.0000 0.0000 0.3836 0.0000 0.0000 0.2338
82       82   (0)      1  : 0.3078 0.1541 0.0000 0.1562 0.3819 0.0000 0.0000 0.0000 0.0000
83       83   (0)      1  : 0.0000 0.0000 0.0000 0.2616 0.0000 0.7384 0.0000 0.0000 0.0000
84       84   (0)      1  : 0.2022 0.2596 0.0520 0.2314 0.0014 0.0000 0.0000 0.2534 0.0000
85       85   (0)      1  : 0.0000 0.3309 0.3410 0.3281 0.0000 0.0000 0.0000 0.0000 0.0000
86       86   (0)      1  : 0.2134 0.0000 0.0735 0.1656 0.0991 0.0000 0.0000 0.2939 0.1544
87       87   (0)      1  : 0.0000 0.0000 0.1807 0.0092 0.0000 0.4166 0.2155 0.1780 0.0000
88       88   (0)      1  : 0.2030 0.0000 0.3498 0.0000 0.0900 0.1177 0.0385 0.2010 0.0000
89       89   (0)      1  : 0.0000 0.4575 0.0000 0.5425 0.0000 0.0000 0.0000 0.0000 0.0000
90       90   (0)      1  : 0.4117 0.0000 0.0000 0.0000 0.0000 0.0000 0.5883 0.0000 0.0000
91       91   (0)      1  : 1.0000 0.0000 0.0000 0.0000 0.0000 0.0000 0.0000 0.0000 0.0000
92       92   (0)      1  : 0.0000 0.0000 0.0000 0.0000 0.0000 0.0000 0.0000 1.0000 0.0000
93       93   (0)      1  : 0.0000 0.0000 0.0000 0.0000 0.0000 0.5922 0.4078 0.0000 0.0000
94       94   (0)      1  : 0.3198 0.0000 0.0000 0.6802 0.0000 0.0000 0.0000 0.0000 0.0000
95       95   (0)      1  : 0.0000 0.0000 1.0000 0.0000 0.0000 0.0000 0.0000 0.0000 0.0000
96       96   (0)      1  : 0.0872 0.0676 0.2202 0.1208 0.0000 0.0000 0.3022 0.2020 0.0000
97       97   (0)      1  : 0.5145 0.0000 0.0000 0.0000 0.0000 0.0000 0.0000 0.0000 0.4855
98       98   (0)      1  : 0.4697 0.0000 0.2865 0.0000 0.2437 0.0000 0.0000 0.0000 0.0000
99       99   (0)      4  : 0.0000 1.0000 0.0000 0.0000 0.0000 0.0000 0.0000 0.0000 0.0000
100      100   (0)      4  : 0.1970 0.1306 0.0000 0.0000 0.2530 0.0000 0.2937 0.0000 0.1257
101      101   (0)      5  : 0.4891 0.0000 0.0000 0.0000 0.0000 0.0000 0.5109 0.0000 0.0000
102      102   (0)      5  : 0.2067 0.3938 0.1045 0.1367 0.0000 0.1530 0.0000 0.0000 0.0052
103      103   (0)      5  : 0.2645 0.1936 0.1282 0.0000 0.0923 0.0477 0.0000 0.0501 0.2235
104      104   (0)      5  : 0.0000 0.3911 0.2091 0.0000 0.1652 0.1393 0.0000 0.0953 0.0000
105      105   (0)      5  : 0.0000 0.0000 0.0000 0.0000 1.0000 0.0000 0.0000 0.0000 0.0000
106      106   (0)      4  : 0.0000 0.0000 1.0000 0.0000 0.0000 0.0000 0.0000 0.0000 0.0000
107      107   (0)      4  : 0.3246 0.2127 0.0000 0.0000 0.0000 0.0000 0.0000 0.0000 0.4626
108      108   (0)      4  : 0.0000 0.2975 0.0000 0.0000 0.3198 0.3827 0.0000 0.0000 0.0000
109      109   (0)      4  : 0.0000 0.0789 0.0000 0.1690 0.3791 0.0000 0.0000 0.0000 0.3730
110      110   (0)      4  : 0.0000 0.1931 0.3262 0.0000 0.0000 0.2762 0.0000 0.0000 0.2045
111      111   (0)      5  : 0.1118 0.0000 0.2547 0.1470 0.2247 0.0000 0.1083 0.0000 0.1535
112      112   (0)      5  : 0.1885 0.0000 0.1571 0.0974 0.1520 0.1300 0.0834 0.1917 0.0000
113      113   (0)      5  : 0.0000 0.0000 0.0000 0.0188 0.0035 0.3893 0.3736 0.0000 0.2149
114      114   (0)      5  : 0.2055 0.1871 0.3210 0.0000 0.0000 0.0000 0.0000 0.0000 0.2864
115      115   (0)      5  : 0.4162 0.0000 0.0000 0.0000 0.0000 0.3032 0.0000 0.2806 0.0000
116      116   (0)      5  : 0.0000 0.3079 0.2296 0.0604 0.0481 0.1144 0.0000 0.0880 0.1516
117      117   (0)      4  : 0.0000 0.0000 0.0000 0.5116 0.0000 0.0000 0.0000 0.0000 0.4884
118      118   (0)      4  : 0.0000 0.0000 0.0000 0.2457 0.0000 0.7543 0.0000 0.0000 0.0000
119      119   (0)      4  : 0.0000 0.0000 0.4317 0.0000 0.0000 0.0000 0.5683 0.0000 0.0000
120      120   (0)      4  : 0.0000 0.2932 0.0000 0.0000 0.3750 0.0000 0.0002 0.0040 0.3276
121      121   (0)      4  : 0.0000 1.0000 0.0000 0.0000 0.0000 0.0000 0.0000 0.0000 0.0000
122      122   (0)      4  : 0.0000 0.0000 0.0000 0.0000 0.0000 0.0000 0.0000 1.0000 0.0000
123      123   (0)      4  : 0.0000 0.0000 0.0000 0.0000 1.0000 0.0000 0.0000 0.0000 0.0000
124      124   (0)      4  : 0.0000 0.0000 0.0000 0.0000 0.0000 0.0000 0.0000 1.0000 0.0000
125      125   (0)      5  : 0.1887 0.0000 0.1650 0.2138 0.0000 0.0000 0.1658 0.1681 0.0986
126      126   (0)      5  : 0.0000 0.3649 0.0000 0.0000 0.6351 0.0000 0.0000 0.0000 0.0000
127      127   (0)      5  : 0.0000 0.0000 0.0000 0.0000 0.0000 1.0000 0.0000 0.0000 0.0000
128      128   (0)      5  : 0.0000 0.0000 0.3381 0.0000 0.0720 0.2063 0.1685 0.2151 0.0000
129      129   (0)      5  : 0.0000 0.0000 0.0000 0.0000 0.0000 0.0000 1.0000 0.0000 0.0000
130      130   (0)      5  : 0.1632 0.0000 0.0000 0.0000 0.0000 0.1248 0.2854 0.2360 0.1907
131      131   (0)      5  : 0.0000 0.0000 0.0000 0.0000 0.0000 0.0000 1.0000 0.0000 0.0000
132      132   (0)      5  : 0.1626 0.0000 0.0000 0.0000 0.0000 0.2517 0.2358 0.3499 0.0000
133      133   (0)      5  : 0.1382 0.0000 0.0000 0.1600 0.0000 0.1800 0.0000 0.0852 0.4366
134      134   (0)      5  : 0.0000 0.0000 0.0000 1.0000 0.0000 0.0000 0.0000 0.0000 0.0000
135      135   (0)      5  : 0.0000 1.0000 0.0000 0.0000 0.0000 0.0000 0.0000 0.0000 0.0000
136      136   (0)      5  : 0.0000 0.0000 0.3302 0.0000 0.0000 0.6698 0.0000 0.0000 0.0000
137      137   (0)      5  : 0.0000 0.0000 0.0000 0.0000 0.0000 0.0000 0.5495 0.0000 0.4505
138      138   (0)      5  : 0.4828 0.0000 0.5172 0.0000 0.0000 0.0000 0.0000 0.0000 0.0000
139      139   (0)      5  : 0.0000 0.4647 0.0893 0.0000 0.2274 0.0004 0.0000 0.2181 0.0000
140      140   (0)      5  : 0.0000 0.0000 0.0000 0.0000 0.0000 1.0000 0.0000 0.0000 0.0000
141      141   (0)      5  : 0.0000 0.0000 1.0000 0.0000 0.0000 0.0000 0.0000 0.0000 0.0000
142      142   (0)      5  : 0.2942 0.1012 0.0000 0.2254 0.0000 0.1186 0.0000 0.2606 0.0000
143      143   (0)      5  : 0.0000 0.0000 0.0000 0.0000 0.0000 1.0000 0.0000 0.0000 0.0000
144      144   (0)      6  : 0.0000 0.1726 0.0034 0.1742 0.1543 0.1613 0.1475 0.1867 0.0000
145      145   (0)      6  : 0.0000 0.0000 0.0002 0.0000 0.0000 0.4146 0.1847 0.4005 0.0000
146      146   (0)      6  : 0.1878 0.0000 0.1917 0.0000 0.3142 0.0423 0.0294 0.1301 0.1046
147      147   (0)      6  : 0.0000 0.0000 0.0000 0.0000 0.0000 0.5007 0.0000 0.0000 0.4993
148      148   (0)      6  : 0.0000 0.0000 0.0000 0.0000 0.0000 0.0000 0.0000 0.0000 1.0000
149      149   (0)      6  : 0.0000 0.0000 0.0000 0.0000 0.0000 0.0000 1.0000 0.0000 0.0000
150      150   (0)      6  : 0.0021 0.0000 0.0000 0.0354 0.0000 0.4379 0.0000 0.3758 0.1488
151      151   (0)      6  : 0.0000 0.0000 0.0000 0.5479 0.0000 0.0000 0.0000 0.0000 0.4521
152      152   (0)      6  : 0.3010 0.2463 0.0000 0.1608 0.0000 0.0000 0.0765 0.0802 0.1353
153      153   (0)      6  : 0.0000 0.0000 1.0000 0.0000 0.0000 0.0000 0.0000 0.0000 0.0000
154      154   (0)      6  : 0.0540 0.0000 0.0000 0.0001 0.0139 0.2515 0.2221 0.2033 0.2551
155      155   (0)      6  : 1.0000 0.0000 0.0000 0.0000 0.0000 0.0000 0.0000 0.0000 0.0000
156      156   (0)      6  : 0.0496 0.1563 0.0669 0.0008 0.2604 0.3111 0.1548 0.0000 0.0000
157      157   (0)      6  : 0.0000 0.0004 0.4086 0.1478 0.0674 0.0038 0.2054 0.0000 0.1667
158      158   (0)      6  : 0.0000 0.0000 0.0000 0.0000 1.0000 0.0000 0.0000 0.0000 0.0000
159      159   (0)      6  : 0.0000 0.1242 0.1223 0.0663 0.0287 0.2394 0.1939 0.0495 0.1757
160      160   (0)      6  : 0.0000 0.0000 1.0000 0.0000 0.0000 0.0000 0.0000 0.0000 0.0000
161      161   (0)      6  : 0.1706 0.2007 0.0360 0.0804 0.0000 0.1994 0.1702 0.1427 0.0001
162      162   (0)      6  : 0.0000 0.0000 0.0000 0.0000 0.0000 0.0000 0.0000 0.0000 1.0000
163      163   (0)      6  : 0.0000 0.0000 0.0000 0.0000 0.5074 0.4925 0.0000 0.0000 0.0000
164      164   (0)      6  : 0.1707 0.2974 0.3034 0.0000 0.1296 0.0989 0.0000 0.0000 0.0000
165      165   (0)      6  : 0.2825 0.2096 0.2669 0.1904 0.0000 0.0000 0.0000 0.0000 0.0506
166      166   (0)      6  : 0.2207 0.0000 0.1003 0.0000 0.0000 0.0000 0.3109 0.0000 0.3681
167      167   (0)      6  : 0.0000 0.0000 0.2588 0.0000 0.1507 0.3922 0.0000 0.1983 0.0000
168      168   (0)      6  : 0.0000 0.0000 0.0000 0.0000 0.3176 0.0000 0.0000 0.6824 0.0000
169      169   (0)      6  : 0.0000 0.2735 0.0000 0.0000 0.0000 0.3462 0.0000 0.3803 0.0000
170      170   (0)      6  : 0.0000 0.5265 0.0000 0.0000 0.0000 0.0000 0.3034 0.1701 0.0000
171      171   (0)      6  : 0.0000 0.0000 0.0000 0.0000 1.0000 0.0000 0.0000 0.0000 0.0000
172      172   (0)      4  : 0.5780 0.0000 0.0000 0.0000 0.0000 0.0000 0.0000 0.4220 0.0000
173      173   (0)      4  : 0.0000 0.4272 0.0756 0.2175 0.0000 0.0000 0.0000 0.0000 0.2797
174      174   (0)      7  : 0.0000 0.0000 0.1563 0.0000 0.0000 0.0008 0.3360 0.0000 0.5069
175      175   (0)      7  : 1.0000 0.0000 0.0000 0.0000 0.0000 0.0000 0.0000 0.0000 0.0000
176      176   (0)      7  : 0.1172 0.0000 0.0000 0.0000 0.1154 0.2933 0.2774 0.0000 0.1968
177      177   (0)      7  : 0.2072 0.0000 0.2658 0.1832 0.0002 0.0000 0.1311 0.1143 0.0982
178      178   (0)      7  : 0.3406 0.0005 0.0000 0.0000 0.2946 0.0000 0.3643 0.0000 0.0000
179      179   (0)      7  : 0.3843 0.0000 0.0000 0.0000 0.0000 0.0000 0.0000 0.0000 0.6157
180      180   (0)      7  : 0.0000 0.0000 0.0698 0.0000 0.2595 0.0000 0.1211 0.0759 0.4737
181      181   (0)      7  : 0.0000 0.1947 0.0000 0.0000 0.3243 0.2138 0.0429 0.2242 0.0000
182      182   (0)      7  : 0.0000 0.1960 0.0000 0.3768 0.0666 0.1441 0.1504 0.0000 0.0660
183      183   (0)      7  : 0.0000 0.0000 0.0000 0.0000 0.0000 1.0000 0.0000 0.0000 0.0000
184      184   (0)      7  : 0.0000 0.0000 0.0000 0.2635 0.0000 0.1796 0.0000 0.1281 0.4288
185      185   (0)      7  : 0.0000 0.0000 0.6069 0.0000 0.3931 0.0000 0.0000 0.0000 0.0000
186      186   (0)      7  : 0.0107 0.0436 0.1267 0.0000 0.0567 0.1612 0.2743 0.1435 0.1833
187      187   (0)      7  : 0.0000 0.3652 0.2806 0.0000 0.0000 0.3543 0.0000 0.0000 0.0000
188      188   (0)      7  : 0.0000 0.4246 0.0000 0.0000 0.1249 0.0000 0.2666 0.0000 0.1839
189      189   (0)      7  : 0.0000 0.0000 0.0000 0.0000 0.0000 0.0000 0.0000 0.3867 0.6133
190      190   (0)      7  : 0.0000 0.2187 0.3722 0.0000 0.0000 0.0000 0.1193 0.2898 0.0000
191      191   (0)      7  : 0.0000 0.2429 0.0000 0.1576 0.0000 0.0745 0.0000 0.2708 0.2541
192      192   (0)      7  : 1.0000 0.0000 0.0000 0.0000 0.0000 0.0000 0.0000 0.0000 0.0000
193      193   (0)      7  : 0.0000 0.0000 0.0000 0.3667 0.1637 0.0674 0.2308 0.1710 0.0002
194      194   (0)      7  : 0.0000 0.0000 0.0000 0.0000 0.0000 0.6123 0.3877 0.0000 0.0000
195      195   (0)      7  : 0.3333 0.0000 0.0000 0.1363 0.1857 0.0000 0.1284 0.0650 0.1513
196      196   (0)      7  : 0.2451 0.3045 0.0000 0.0000 0.0000 0.0000 0.0000 0.0000 0.4504
197      197   (0)      7  : 0.0000 0.0000 0.0000 0.0000 0.0000 0.0000 0.0000 1.0000 0.0000
198      198   (0)      7  : 0.0790 0.3176 0.0000 0.1531 0.1678 0.0000 0.2824 0.0000 0.0001
199      199   (0)      7  : 0.1722 0.1760 0.0000 0.3152 0.0000 0.0000 0.0000 0.1085 0.2281
200      200   (0)      7  : 0.0000 0.2817 0.0000 0.2687 0.0003 0.0029 0.0000 0.0000 0.4464
201      201   (0)      7  : 0.0000 0.0000 0.0000 1.0000 0.0000 0.0000 0.0000 0.0000 0.0000
202      202   (0)      7  : 0.1895 0.0808 0.0000 0.3087 0.0000 0.1747 0.1243 0.0000 0.1220
203      203   (0)      7  : 0.1393 0.1053 0.1279 0.0000 0.0000 0.0984 0.2784 0.2415 0.0092
