  1        1   (0)      1 :  0.0000 0.0000 1.0000 0.0000 0.0000 
  2        2   (0)      1 :  0.0475 0.8976 0.0168 0.0346 0.0035 
  3        3   (0)      1 :  0.0000 0.0000 1.0000 0.0000 0.0000 
  4        4   (0)      1 :  0.0293 0.7676 0.0000 0.0715 0.1316 
  5        5   (0)      1 :  0.0000 0.0003 0.9997 0.0000 0.0000 
  6        6   (0)      1 :  0.0000 0.0000 1.0000 0.0000 0.0000 
  7        7   (0)      1 :  0.0761 0.8735 0.0504 0.0000 0.0000 
  8        8   (0)      1 :  0.0312 0.9048 0.0000 0.0384 0.0257 
  9        9   (0)      1 :  0.0000 0.0000 1.0000 0.0000 0.0000 
 10       10   (0)      2 :  0.0000 1.0000 0.0000 0.0000 0.0000 
 11       11   (0)      2 :  0.0000 1.0000 0.0000 0.0000 0.0000 
 12       12   (0)      2 :  0.0000 1.0000 0.0000 0.0000 0.0000 
 13       13   (0)      3 :  0.0000 0.0000 0.4474 0.5526 0.0000 
 14       14   (0)      3 :  0.0000 0.0000 0.4442 0.5404 0.0154 
 15       15   (0)      3 :  0.0000 0.0180 0.5256 0.4564 0.0000 
 16       16   (0)      3 :  0.0000 0.0031 0.5842 0.4127 0.0000 
 17       17   (0)      3 :  0.0000 0.0000 0.6842 0.3158 0.0000 
 18       18   (0)      3 :  0.0000 0.0000 0.5022 0.4978 0.0000 
 19       19   (0)      3 :  0.0615 0.6690 0.0046 0.1063 0.1586 
 20       20   (0)      3 :  0.2843 0.4475 0.0000 0.1165 0.1517 
 21       21   (0)      2 :  0.0000 0.8463 0.1527 0.0010 0.0000 
 22       22   (0)      2 :  0.0000 0.9963 0.0030 0.0008 0.0000 
 23       23   (0)      2 :  0.0000 1.0000 0.0000 0.0000 0.0000 
 24       24   (0)      2 :  0.0000 1.0000 0.0000 0.0000 0.0000 
 25       25   (0)      2 :  0.0000 1.0000 0.0000 0.0000 0.0000 
 26       26   (0)      2 :  0.0000 0.9807 0.0001 0.0192 0.0000 
 27       27   (0)      2 :  0.0000 0.9759 0.0030 0.0210 0.0000 
 28       28   (0)      2 :  0.0009 0.9991 0.0000 0.0000 0.0000 
 29       29   (0)      2 :  0.0532 0.8746 0.0611 0.0000 0.0111 
 30       30   (0)      2 :  0.0000 0.9998 0.0000 0.0000 0.0002 
 31       31   (0)      2 :  0.0000 0.6536 0.3462 0.0002 0.0000 
 32       32   (0)      2 :  0.0347 0.7151 0.1496 0.1006 0.0000 
 33       33   (0)      2 :  0.0000 0.9788 0.0212 0.0000 0.0000 
 34       34   (0)      2 :  0.0000 1.0000 0.0000 0.0000 0.0000 
 35       35   (0)      2 :  0.0000 1.0000 0.0000 0.0000 0.0000 
 36       36   (0)      2 :  0.0000 0.9829 0.0000 0.0000 0.0171 
 37       37   (0)      2 :  0.0000 0.0648 0.8648 0.0704 0.0000 
 38       38   (0)      2 :  0.0418 0.9457 0.0000 0.0000 0.0125 
 39       39   (0)      2 :  0.0390 0.8700 0.0340 0.0425 0.0145 
 40       40   (0)      2 :  0.0000 0.9747 0.0058 0.0195 0.0000 
 41       41   (0)      2 :  0.0000 0.9108 0.0253 0.0639 0.0000 
 42       42   (0)      2 :  0.0000 1.0000 0.0000 0.0000 0.0000 
 43       43   (0)      4 :  1.0000 0.0000 0.0000 0.0000 0.0000 
 44       44   (0)      4 :  0.9330 0.0000 0.0385 0.0285 0.0000 
 45       45   (0)      4 :  0.9301 0.0000 0.0000 0.0000 0.0699 
 46       46   (0)      4 :  0.8260 0.0000 0.0000 0.0472 0.1268 
 47       47   (0)      4 :  0.8830 0.0007 0.0279 0.0884 0.0000 
 48       48   (0)      4 :  0.2356 0.0000 0.2027 0.5617 0.0000 
 49       49   (0)      4 :  0.1007 0.0000 0.2611 0.6381 0.0000 
 50       50   (0)      4 :  0.9576 0.0000 0.0000 0.0424 0.0000 
 51       51   (0)      4 :  0.9783 0.0000 0.0000 0.0217 0.0000 
 52       52   (0)      4 :  0.6411 0.0452 0.0437 0.0520 0.2180 
 53       53   (0)      4 :  0.7629 0.0000 0.0072 0.1037 0.1262 
 54       54   (0)      4 :  0.1138 0.0000 0.3037 0.5825 0.0000 
 55       55   (0)      4 :  0.0902 0.0000 0.3222 0.5876 0.0000 
 56       56   (0)      4 :  0.2382 0.0000 0.2383 0.5235 0.0000 
 57       57   (0)      4 :  0.8470 0.0000 0.0000 0.0167 0.1363 
 58       58   (0)      4 :  0.9806 0.0000 0.0000 0.0194 0.0000 
 59       59   (0)      4 :  1.0000 0.0000 0.0000 0.0000 0.0000 
 60       60   (0)      4 :  1.0000 0.0000 0.0000 0.0000 0.0000 
 61       61   (0)      4 :  0.9746 0.0000 0.0000 0.0254 0.0000 
 62       62   (0)      4 :  0.9620 0.0036 0.0192 0.0153 0.0000 
 63       63   (0)      4 :  1.0000 0.0000 0.0000 0.0000 0.0000 
 64       64   (0)      4 :  0.9681 0.0000 0.0000 0.0319 0.0000 
 65       65   (0)      4 :  0.0402 0.0000 0.3055 0.6542 0.0000 
 66       66   (0)      4 :  0.9744 0.0000 0.0000 0.0256 0.0000 
 67       67   (0)      4 :  0.8753 0.0000 0.0000 0.0000 0.1247 
 68       68   (0)      4 :  0.1449 0.0000 0.3064 0.5244 0.0243 
 69       69   (0)      4 :  0.9505 0.0000 0.0000 0.0270 0.0225 
 70       70   (0)      4 :  0.9577 0.0000 0.0000 0.0423 0.0000 
 71       71   (0)      4 :  0.0493 0.0000 0.2858 0.6649 0.0000 
 72       72   (0)      5 :  0.3066 0.1039 0.0001 0.3000 0.2894 
 73       73   (0)      5 :  0.1939 0.0926 0.0000 0.1703 0.5432 
 74       74   (0)      5 :  0.3586 0.0153 0.0000 0.2302 0.3959 
 75       75   (0)      5 :  0.3802 0.0454 0.0000 0.2881 0.2864 
 76       76   (0)      5 :  0.2982 0.1721 0.0586 0.1394 0.3317 
 77       77   (0)      5 :  0.2916 0.0012 0.0000 0.2869 0.4203 
 78       78   (0)      5 :  0.3249 0.0000 0.0000 0.3000 0.3751 
 79       79   (0)      5 :  0.3204 0.1197 0.0000 0.3000 0.2600 
 80       80   (0)      5 :  0.0222 0.0000 0.3607 0.5110 0.1060 
 81       81   (0)      5 :  0.2542 0.0003 0.3831 0.2777 0.0846 
 82       82   (0)      5 :  0.4535 0.0000 0.0000 0.1568 0.3897 
 83       83   (0)      5 :  0.2601 0.0341 0.0226 0.2999 0.3833 
 84       84   (0)      5 :  0.2305 0.0259 0.0000 0.3000 0.4436 
 85       85   (0)      5 :  0.2944 0.0000 0.0000 0.3000 0.4056 
 86       86   (0)      5 :  0.3962 0.0155 0.0000 0.3007 0.2877 
 87       87   (0)      5 :  0.2780 0.1072 0.0000 0.3000 0.3148 
 88       88   (0)      5 :  0.2939 0.1317 0.0000 0.3000 0.2744 
 89       89   (0)      5 :  0.4068 0.0920 0.0000 0.3000 0.2013 
 90       90   (0)      5 :  0.3263 0.0717 0.0000 0.3000 0.3020 
 91       91   (0)      5 :  0.2745 0.0683 0.0010 0.3000 0.3561 
 92       92   (0)      5 :  0.0903 0.0000 0.3196 0.5680 0.0221 
 93       93   (0)      5 :  0.3662 0.0421 0.0000 0.2771 0.3145 
 94       94   (0)      5 :  0.3155 0.0000 0.0000 0.2107 0.4738 
 95       95   (0)      5 :  0.4204 0.0000 0.0000 0.2405 0.3390 
 96       96   (0)      5 :  0.3830 0.0428 0.0000 0.2058 0.3685 
 97       97   (0)      6 :  0.3268 0.3989 0.0006 0.1379 0.1358 
 98       98   (0)      6 :  0.0000 0.8530 0.0000 0.0403 0.1067 
 99       99   (0)      6 :  0.0000 0.0000 0.8727 0.1273 0.0000 
100      100   (0)      6 :  0.2560 0.6307 0.0019 0.0745 0.0368 
101      101   (0)      6 :  0.0000 0.0000 0.7824 0.2176 0.0000 
102      102   (0)      6 :  0.0000 0.0138 0.8824 0.1038 0.0000 
103      103   (0)      6 :  0.0000 0.0000 0.7495 0.2504 0.0001 
104      104   (0)      6 :  0.2014 0.3775 0.1585 0.1019 0.1607 
105      105   (0)      6 :  0.0000 0.0000 0.9833 0.0167 0.0000 
106      106   (0)      6 :  0.0992 0.7433 0.0000 0.0948 0.0628 
107      107   (0)      3 :  0.0119 0.0000 0.8290 0.1591 0.0000 
108      108   (0)      3 :  0.3426 0.3393 0.0086 0.1260 0.1835 
109      109   (0)      3 :  0.0000 0.0000 0.5622 0.4197 0.0181 
110      110   (0)      2 :  0.0000 1.0000 0.0000 0.0000 0.0000 
111      111   (0)      2 :  0.0000 0.0071 0.9018 0.0911 0.0000 
112      112   (0)      3 :  0.0047 0.0000 0.6136 0.3659 0.0159 
113      113   (0)      2 :  0.0000 1.0000 0.0000 0.0000 0.0000 
114      114   (0)      2 :  0.0000 0.0062 0.9165 0.0773 0.0000 
115      115   (0)      3 :  0.0000 0.0000 0.7455 0.2545 0.0000 
116      116   (0)      3 :  0.0000 0.0055 0.5190 0.4755 0.0000 
117      117   (0)      3 :  0.0127 0.0000 0.5283 0.4562 0.0027 
118      118   (0)      3 :  0.0000 0.0000 0.5585 0.4142 0.0274 
119      119   (0)      3 :  0.0000 0.0000 0.6965 0.3035 0.0000 
120      120   (0)      3 :  0.1961 0.5513 0.0000 0.1233 0.1293 
121      121   (0)      3 :  0.0000 0.0000 0.5555 0.4445 0.0000 
122      122   (0)      3 :  0.0000 0.0014 0.5237 0.4444 0.0305 
123      123   (0)      3 :  0.0000 0.0000 0.4145 0.4695 0.1161 
124      124   (0)      3 :  0.0000 0.0000 0.4956 0.5044 0.0000 
125      125   (0)      3 :  0.1544 0.7013 0.0028 0.0663 0.0753 
126      126   (0)      3 :  0.0000 0.0000 0.5830 0.3881 0.0289 
127      127   (0)      3 :  0.0941 0.7903 0.0000 0.0834 0.0322 
128      128   (0)      3 :  0.0000 0.0000 0.5121 0.4879 0.0000 
129      129   (0)      6 :  0.0640 0.0606 0.7730 0.1024 0.0000 
130      130   (0)      6 :  0.1139 0.5359 0.0000 0.1031 0.2470 
131      131   (0)      6 :  0.0000 0.0000 0.7229 0.2771 0.0000 
132      132   (0)      6 :  0.0543 0.7182 0.0005 0.0912 0.1358 
133      133   (0)      6 :  0.0000 0.0000 1.0000 0.0000 0.0000 
134      134   (0)      6 :  0.0000 0.0280 0.7715 0.1957 0.0047 
135      135   (0)      6 :  0.0000 0.0000 0.7685 0.2315 0.0000 
136      136   (0)      6 :  0.0000 0.0000 0.8091 0.1909 0.0000 
137      137   (0)      6 :  0.0000 0.0000 0.8845 0.1155 0.0000 
138      138   (0)      6 :  0.0000 0.0000 0.8708 0.1292 0.0000 
139      139   (0)      6 :  0.0302 0.0000 0.5984 0.3576 0.0138 
140      140   (0)      6 :  0.1686 0.6330 0.0089 0.0396 0.1499 
141      141   (0)      1 :  0.0000 0.9599 0.0000 0.0176 0.0225 
142      142   (0)      1 :  0.0000 0.0962 0.9038 0.0000 0.0000 
143      143   (0)      1 :  0.0000 0.8487 0.0000 0.0000 0.1513 
144      144   (0)      1 :  0.0000 0.9499 0.0044 0.0334 0.0124 
145      145   (0)      1 :  0.0000 0.9849 0.0000 0.0151 0.0000 
146      146   (0)      1 :  0.0000 0.0000 1.0000 0.0000 0.0000 
147      147   (0)      6 :  0.0000 0.0000 0.9068 0.0932 0.0000 
148      148   (0)      6 :  0.1073 0.7819 0.0225 0.0677 0.0207 
149      149   (0)      6 :  0.0016 0.0257 0.8538 0.1050 0.0140 
150      150   (0)      6 :  0.0752 0.0172 0.8900 0.0176 0.0000 
151      151   (0)      6 :  0.0000 0.0000 1.0000 0.0000 0.0000 
152      152   (0)      6 :  0.0000 0.0000 0.7755 0.2245 0.0000 
153      153   (0)      6 :  0.2613 0.5616 0.0000 0.1382 0.0389 
154      154   (0)      1 :  0.0000 1.0000 0.0000 0.0000 0.0000 
155      155   (0)      1 :  0.0000 0.0000 1.0000 0.0000 0.0000 
156      156   (0)      1 :  0.0000 0.0000 1.0000 0.0000 0.0000 
157      157   (0)      1 :  0.0000 0.0044 0.9956 0.0000 0.0000 
158      158   (0)      1 :  0.0000 0.9949 0.0051 0.0000 0.0000 
159      159   (0)      1 :  0.0000 0.9944 0.0000 0.0056 0.0000 
160      160   (0)      1 :  0.0000 0.9719 0.0000 0.0017 0.0264 
161      161   (0)      1 :  0.0000 0.0000 1.0000 0.0000 0.0000 
162      162   (0)      1 :  0.0356 0.9315 0.0000 0.0270 0.0060 
163      163   (0)      1 :  0.0000 1.0000 0.0000 0.0000 0.0000 
164      164   (0)      1 :  0.0000 0.0000 1.0000 0.0000 0.0000 
165      165   (0)      1 :  0.0000 0.0000 1.0000 0.0000 0.0000 
166      166   (0)      1 :  0.0167 0.9309 0.0118 0.0407 0.0000 
167      167   (0)      1 :  0.0000 0.0000 1.0000 0.0000 0.0000 
168      168   (0)      7 :  0.0000 0.3390 0.0000 0.0317 0.6293 
169      169   (0)      7 :  0.0000 0.1684 0.0000 0.0572 0.7744 
170      170   (0)      7 :  0.0000 0.0000 0.0936 0.0821 0.8243 
171      171   (0)      7 :  0.0000 0.0000 0.0483 0.1158 0.8360 
172      172   (0)      7 :  0.0000 0.0000 0.0000 0.0111 0.9889 
173      173   (0)      7 :  0.0268 0.0000 0.0000 0.0960 0.8773 
174      174   (0)      7 :  0.0021 0.0000 0.0000 0.0455 0.9524 
175      175   (0)      7 :  0.0000 0.0000 0.2300 0.6996 0.0704 
176      176   (0)      7 :  0.0000 0.0000 0.0000 0.0099 0.9901 
177      177   (0)      7 :  0.0000 0.0000 0.0000 0.0191 0.9809 
178      178   (0)      7 :  0.0000 0.0000 0.2025 0.6653 0.1323 
179      179   (0)      7 :  0.0000 0.0000 0.2786 0.6926 0.0288 
180      180   (0)      7 :  0.0000 0.0000 0.0000 0.0090 0.9910 
181      181   (0)      7 :  0.0173 0.0000 0.0000 0.0642 0.9186 
182      182   (0)      7 :  0.0000 0.0000 0.0000 0.0682 0.9318 
183      183   (0)      7 :  0.0000 0.0000 0.0003 0.1723 0.8274 
184      184   (0)      7 :  0.0000 0.0000 0.2513 0.6729 0.0758 
185      185   (0)      7 :  0.0000 0.0000 0.0000 0.0605 0.9395 
186      186   (0)      7 :  0.0000 0.0000 0.2142 0.7000 0.0858 
187      187   (0)      7 :  0.0117 0.0000 0.0000 0.0783 0.9100 
188      188   (0)      7 :  0.0000 0.0000 0.2467 0.7000 0.0533 
189      189   (0)      7 :  0.0000 0.0000 0.0395 0.2611 0.6994 
190      190   (0)      7 :  0.0000 0.0997 0.0025 0.1164 0.7815 
191      191   (0)      7 :  0.0134 0.0124 0.0000 0.0244 0.9499 
192      192   (0)      7 :  0.0458 0.0069 0.0440 0.2355 0.6678 
193      193   (0)      7 :  0.0436 0.0000 0.0000 0.0386 0.9178 
194      194   (0)      7 :  0.0000 0.0000 0.2359 0.6829 0.0812 
195      195   (0)      7 :  0.0644 0.0000 0.0000 0.1122 0.8233 
196      196   (0)      7 :  0.0000 0.0000 0.2474 0.7000 0.0526 
197      197   (0)      7 :  0.0000 0.0000 0.2039 0.6715 0.1246 
