  1        1   (0)      1 :  0.2311 0.1040 0.2094 0.1668 0.1891 0.0995 
  2        2   (0)      1 :  0.0097 0.2122 0.1646 0.0678 0.3644 0.1813 
  3        3   (0)      1 :  0.0125 0.0684 0.2029 0.1575 0.4753 0.0835 
  4        4   (0)      1 :  0.0121 0.1176 0.4431 0.0477 0.1738 0.2057 
  5        5   (0)      1 :  0.1248 0.2443 0.1673 0.2378 0.1376 0.0882 
  6        6   (0)      1 :  0.0017 0.2152 0.2603 0.0803 0.2237 0.2188 
  7        7   (0)      1 :  0.1552 0.2390 0.0541 0.3730 0.1787 0.0000 
  8        8   (0)      1 :  0.0146 0.0350 0.1061 0.2455 0.5748 0.0240 
  9        9   (0)      1 :  0.6317 0.1384 0.0648 0.0610 0.0558 0.0483 
 10       10   (0)      1 :  0.1912 0.0378 0.0801 0.3153 0.0697 0.3059 
 11       11   (0)      1 :  0.9499 0.0000 0.0000 0.0501 0.0000 0.0000 
 12       12   (0)      1 :  0.2965 0.0358 0.1412 0.2970 0.2020 0.0275 
 13       13   (0)      2 :  0.3622 0.0313 0.1321 0.0851 0.3196 0.0698 
 14       14   (0)      2 :  1.0000 0.0000 0.0000 0.0000 0.0000 0.0000 
 15       15   (0)      2 :  0.9207 0.0028 0.0101 0.0567 0.0000 0.0098 
 16       16   (0)      2 :  0.8926 0.0000 0.0000 0.1072 0.0002 0.0000 
 17       17   (0)      2 :  0.4706 0.1295 0.0662 0.0905 0.1953 0.0480 
 18       18   (0)      2 :  0.6084 0.0079 0.0167 0.3471 0.0060 0.0139 
 19       19   (0)      2 :  0.7066 0.0099 0.0222 0.2551 0.0062 0.0000 
 20       20   (0)      2 :  0.1906 0.0766 0.1306 0.1784 0.3447 0.0790 
 21       21   (0)      2 :  0.0000 0.4616 0.1480 0.0232 0.2579 0.1092 
 22       22   (0)      2 :  0.2879 0.0437 0.1914 0.3390 0.0985 0.0395 
 23       23   (0)      2 :  0.5510 0.0059 0.0835 0.0655 0.2699 0.0242 
 24       24   (0)      2 :  0.0009 0.1233 0.1965 0.2036 0.4053 0.0705 
 25       25   (0)      2 :  0.3040 0.1216 0.0651 0.2641 0.1681 0.0772 
 26       26   (0)      2 :  0.1611 0.0071 0.1855 0.2197 0.3109 0.1156 
 27       27   (0)      2 :  0.0916 0.1517 0.2735 0.1860 0.1831 0.1140 
 28       28   (0)      2 :  0.6430 0.0205 0.0199 0.2207 0.0770 0.0188 
 29       29   (0)      2 :  0.0000 0.3323 0.1868 0.1589 0.2938 0.0282 
 30       30   (0)      2 :  0.3798 0.1275 0.0563 0.3227 0.1045 0.0092 
 31       31   (0)      2 :  0.2520 0.3095 0.1075 0.1160 0.0206 0.1945 
 32       32   (0)      2 :  0.2085 0.0440 0.2006 0.1270 0.0489 0.3710 
 33       33   (0)      2 :  0.9204 0.0000 0.0000 0.0796 0.0000 0.0000 
 34       34   (0)      3 :  0.0012 0.1809 0.2404 0.1678 0.3567 0.0530 
 35       35   (0)      3 :  0.0000 0.7557 0.0638 0.1099 0.0472 0.0235 
 36       36   (0)      3 :  0.0142 0.2229 0.0925 0.0437 0.1833 0.4434 
 37       37   (0)      3 :  0.0535 0.2343 0.1880 0.0729 0.2753 0.1760 
 38       38   (0)      3 :  0.0042 0.0044 0.3194 0.0736 0.2233 0.3751 
 39       39   (0)      3 :  0.0057 0.1748 0.3658 0.0970 0.1217 0.2350 
 40       40   (0)      3 :  0.0036 0.2857 0.2037 0.0916 0.1207 0.2947 
 41       41   (0)      3 :  0.0782 0.2511 0.1847 0.1902 0.1540 0.1419 
 42       42   (0)      3 :  0.1786 0.3156 0.0645 0.2087 0.1431 0.0894 
 43       43   (0)      3 :  0.0026 0.3875 0.1321 0.0079 0.0141 0.4557 
 44       44   (0)      3 :  0.0809 0.2936 0.1029 0.0305 0.3682 0.1239 
 45       45   (0)      3 :  0.0000 0.2829 0.0364 0.0179 0.5045 0.1583 
 46       46   (0)      3 :  0.0057 0.0098 0.3460 0.0493 0.1706 0.4186 
 47       47   (0)      3 :  0.1422 0.2106 0.1840 0.1140 0.1971 0.1521 
 48       48   (0)      3 :  0.0000 0.6975 0.0455 0.1331 0.1150 0.0089 
 49       49   (0)      3 :  0.0000 0.1925 0.0528 0.0286 0.6570 0.0691 
 50       50   (0)      3 :  0.0162 0.1802 0.1390 0.0983 0.1226 0.4437 
 51       51   (0)      3 :  0.0182 0.1490 0.4719 0.0083 0.0629 0.2897 
 52       52   (0)      3 :  0.2225 0.1004 0.0888 0.1649 0.1084 0.3151 
 53       53   (0)      3 :  0.0826 0.5226 0.0816 0.0620 0.1140 0.1372 
 54       54   (0)      3 :  0.0467 0.0001 0.3323 0.0591 0.1420 0.4196 
 55       55   (0)      3 :  0.0899 0.1334 0.0841 0.0831 0.5250 0.0845 
 56       56   (0)      3 :  0.0000 0.0838 0.1526 0.0207 0.2420 0.5009 
 57       57   (0)      3 :  0.0012 0.1567 0.0966 0.0211 0.4456 0.2787 
 58       58   (0)      3 :  0.0000 0.1087 0.0860 0.0071 0.5364 0.2618 
 59       59   (0)      3 :  0.0834 0.1292 0.3022 0.0205 0.0189 0.4458 
 60       60   (0)      4 :  0.3692 0.0477 0.2037 0.2871 0.0663 0.0260 
 61       61   (0)      4 :  0.5921 0.2441 0.0800 0.0700 0.0000 0.0138 
 62       62   (0)      4 :  0.1523 0.2991 0.1361 0.1051 0.0395 0.2680 
 63       63   (0)      4 :  0.0668 0.2409 0.1641 0.0879 0.3260 0.1143 
 64       64   (0)      4 :  0.1017 0.1161 0.0213 0.0279 0.0517 0.6813 
 65       65   (0)      4 :  0.0750 0.3076 0.2612 0.0263 0.0568 0.2731 
 66       66   (0)      4 :  0.0209 0.3769 0.0909 0.0028 0.0437 0.4647 
 67       67   (0)      4 :  0.1942 0.0761 0.2041 0.1033 0.1923 0.2300 
 68       68   (0)      4 :  0.0496 0.1094 0.2923 0.1822 0.2120 0.1546 
 69       69   (0)      4 :  0.0002 0.4288 0.1107 0.1477 0.2944 0.0182 
 70       70   (0)      4 :  0.4702 0.0811 0.1353 0.1328 0.0568 0.1238 
 71       71   (0)      4 :  0.0022 0.2127 0.2452 0.0945 0.1274 0.3180 
 72       72   (0)      4 :  0.4932 0.1161 0.0713 0.1449 0.1359 0.0386 
 73       73   (0)      4 :  0.0104 0.2084 0.0816 0.2009 0.3102 0.1885 
 74       74   (0)      4 :  0.0017 0.7077 0.0909 0.0472 0.0992 0.0533 
 75       75   (0)      4 :  0.0000 0.7792 0.0976 0.0349 0.0564 0.0318 
 76       76   (0)      4 :  0.0103 0.3462 0.1675 0.0953 0.3090 0.0718 
 77       77   (0)      4 :  0.0318 0.1495 0.1460 0.1905 0.2567 0.2255 
 78       78   (0)      4 :  0.0188 0.1036 0.1362 0.2534 0.3058 0.1823 
 79       79   (0)      4 :  0.0000 0.2963 0.1915 0.0342 0.3628 0.1151 
 80       80   (0)      4 :  0.0151 0.1424 0.2317 0.0950 0.2075 0.3083 
 81       81   (0)      4 :  0.5046 0.1062 0.1309 0.1681 0.0365 0.0538 
 82       82   (0)      4 :  0.0527 0.1646 0.1729 0.2590 0.2772 0.0737 
 83       83   (0)      4 :  0.0026 0.0595 0.0890 0.0860 0.3592 0.4038 
 84       84   (0)      4 :  0.0866 0.0846 0.1799 0.0483 0.2056 0.3950 
 85       85   (0)      4 :  0.4654 0.0275 0.1176 0.1903 0.1354 0.0638 
 86       86   (0)      5 :  0.0688 0.0229 0.2334 0.0856 0.1326 0.4568 
 87       87   (0)      5 :  0.0846 0.3223 0.1640 0.0901 0.1959 0.1431 
 88       88   (0)      5 :  0.0655 0.1536 0.2849 0.0876 0.1115 0.2969 
 89       89   (0)      5 :  0.0072 0.0600 0.1803 0.1233 0.5068 0.1224 
 90       90   (0)      5 :  0.0254 0.0578 0.2569 0.1765 0.3744 0.1090 
 91       91   (0)      5 :  0.0479 0.0183 0.2127 0.0872 0.3308 0.3031 
 92       92   (0)      5 :  0.0040 0.3174 0.1778 0.0548 0.1192 0.3268 
 93       93   (0)      5 :  0.0000 0.0000 0.0668 0.0275 0.7871 0.1186 
 94       94   (0)      5 :  0.0317 0.2406 0.2942 0.0557 0.0778 0.3000 
 95       95   (0)      5 :  0.4734 0.0025 0.1122 0.0709 0.2171 0.1238 
 96       96   (0)      5 :  0.0000 0.0428 0.2695 0.0547 0.3565 0.2764 
 97       97   (0)      5 :  0.0784 0.0549 0.1526 0.3418 0.2326 0.1397 
 98       98   (0)      5 :  0.0897 0.1386 0.1650 0.1425 0.0396 0.4246 
 99       99   (0)      5 :  0.0041 0.2659 0.2217 0.0813 0.3422 0.0848 
100      100   (0)      5 :  0.0213 0.1560 0.1559 0.0128 0.1699 0.4840 
101      101   (0)      5 :  0.0067 0.2102 0.1686 0.0438 0.2211 0.3495 
102      102   (0)      5 :  0.0038 0.3645 0.1621 0.0527 0.2535 0.1634 
103      103   (0)      5 :  0.0074 0.1998 0.1904 0.0325 0.1405 0.4293 
104      104   (0)      5 :  0.1407 0.2450 0.1215 0.1392 0.2157 0.1378 
105      105   (0)      5 :  0.0000 0.0621 0.1347 0.0018 0.3111 0.4904 
106      106   (0)      5 :  0.0869 0.4299 0.0877 0.1707 0.1609 0.0639 
107      107   (0)      5 :  0.0613 0.1552 0.3218 0.0922 0.1548 0.2147 
108      108   (0)      5 :  0.1327 0.1679 0.1846 0.1133 0.3345 0.0669 
109      109   (0)      5 :  0.2418 0.0398 0.1263 0.1074 0.4558 0.0289 
110      110   (0)      5 :  0.0953 0.1293 0.1685 0.2166 0.2906 0.0998 
111      111   (0)      5 :  0.0000 0.5989 0.1173 0.0002 0.0789 0.2048 
112      112   (0)      5 :  0.0000 0.3612 0.0835 0.0585 0.4402 0.0566 
113      113   (0)      4 :  0.0000 0.4003 0.1537 0.0402 0.3305 0.0754 
114      114   (0)      6 :  0.0993 0.1578 0.1527 0.0651 0.2865 0.2386 
115      115   (0)      6 :  0.3165 0.1078 0.1209 0.0295 0.0567 0.3686 
116      116   (0)      6 :  0.3391 0.0777 0.1706 0.2787 0.0571 0.0769 
117      117   (0)      6 :  0.4694 0.0000 0.1060 0.3231 0.0867 0.0148 
118      118   (0)      6 :  0.3360 0.0288 0.1473 0.1626 0.2353 0.0900 
119      119   (0)      6 :  0.6931 0.0323 0.0513 0.2233 0.0000 0.0000 
120      120   (0)      6 :  0.0000 0.3141 0.0713 0.0706 0.2428 0.3012 
121      121   (0)      6 :  0.1330 0.3680 0.1689 0.0290 0.0603 0.2408 
122      122   (0)      6 :  0.0013 0.3019 0.1675 0.0502 0.4318 0.0473 
123      123   (0)      6 :  0.2541 0.1945 0.1286 0.1400 0.2084 0.0745 
124      124   (0)      6 :  0.0000 0.4933 0.2513 0.0259 0.0730 0.1566 
125      125   (0)      6 :  0.0466 0.1197 0.1174 0.1392 0.5074 0.0698 
126      126   (0)      6 :  0.0032 0.2346 0.1304 0.1634 0.4014 0.0670 
127      127   (0)      6 :  0.3780 0.0104 0.1605 0.1993 0.1660 0.0858 
128      128   (0)      6 :  0.0013 0.0621 0.0901 0.0529 0.5598 0.2338 
129      129   (0)      6 :  0.0010 0.2764 0.1799 0.0573 0.1708 0.3145 
130      130   (0)      6 :  0.1245 0.3091 0.0349 0.2711 0.2159 0.0445 
131      131   (0)      6 :  0.4468 0.0648 0.2073 0.1290 0.1485 0.0035 
132      132   (0)      6 :  0.0464 0.3642 0.1742 0.0900 0.1623 0.1629 
133      133   (0)      6 :  0.0000 0.0633 0.0698 0.0320 0.7292 0.1057 
134      134   (0)      6 :  0.0757 0.2001 0.2622 0.0732 0.1386 0.2502 
135      135   (0)      6 :  0.5374 0.2050 0.0309 0.1758 0.0220 0.0289 
136      136   (0)      6 :  0.1294 0.1962 0.1840 0.1166 0.1520 0.2218 
137      137   (0)      6 :  0.0720 0.2113 0.1716 0.1366 0.3093 0.0991 
138      138   (0)      6 :  0.0129 0.5587 0.1287 0.0823 0.1253 0.0922 
139      139   (0)      6 :  0.0668 0.0562 0.1114 0.0531 0.1225 0.5900 
140      140   (0)      6 :  0.2610 0.1719 0.1668 0.2667 0.0678 0.0658 
141      141   (0)      6 :  0.1305 0.0320 0.1473 0.4696 0.1411 0.0795 
142      142   (0)      7 :  0.0000 0.3096 0.1808 0.0396 0.2767 0.1933 
143      143   (0)      7 :  0.8211 0.0083 0.0120 0.1180 0.0406 0.0000 
144      144   (0)      7 :  0.0837 0.1696 0.1069 0.0619 0.1910 0.3869 
145      145   (0)      7 :  0.0337 0.3017 0.1231 0.0252 0.1232 0.3932 
146      146   (0)      7 :  0.1505 0.1866 0.1749 0.3409 0.0647 0.0824 
147      147   (0)      7 :  0.0000 0.0000 0.3047 0.0000 0.3247 0.3707 
148      148   (0)      7 :  0.0000 0.2075 0.2476 0.0462 0.1440 0.3548 
149      149   (0)      7 :  0.5816 0.0438 0.0985 0.0784 0.1037 0.0940 
150      150   (0)      7 :  0.1615 0.0771 0.1837 0.3764 0.1669 0.0342 
151      151   (0)      7 :  0.4931 0.0982 0.1334 0.1568 0.0493 0.0692 
152      152   (0)      7 :  0.0134 0.1874 0.2344 0.0554 0.1442 0.3653 
153      153   (0)      7 :  0.8646 0.0000 0.0000 0.1354 0.0000 0.0000 
154      154   (0)      7 :  0.0271 0.0563 0.2607 0.0881 0.3734 0.1944 
155      155   (0)      7 :  0.3380 0.0786 0.0697 0.4765 0.0227 0.0145 
156      156   (0)      7 :  0.0000 0.0233 0.2361 0.0166 0.0129 0.7111 
157      157   (0)      7 :  0.0039 0.0127 0.2249 0.0000 0.0426 0.7158 
158      158   (0)      7 :  0.0554 0.3048 0.1924 0.0688 0.1022 0.2763 
159      159   (0)      7 :  0.5620 0.0310 0.1377 0.1714 0.0184 0.0796 
160      160   (0)      7 :  0.3240 0.0071 0.1237 0.0683 0.3023 0.1745 
161      161   (0)      7 :  0.5181 0.0169 0.0592 0.3897 0.0116 0.0044 
162      162   (0)      7 :  0.1211 0.3697 0.0262 0.1760 0.1686 0.1383 
163      163   (0)      7 :  0.0109 0.0698 0.1355 0.0254 0.0554 0.7030 
164      164   (0)      7 :  0.2495 0.3542 0.1145 0.1384 0.0525 0.0909 
165      165   (0)      7 :  0.2887 0.2343 0.0427 0.3156 0.1188 0.0000 
166      166   (0)      7 :  0.1704 0.2501 0.0871 0.1013 0.1594 0.2317 
167      167   (0)      7 :  0.0000 0.1207 0.2365 0.0195 0.2535 0.3699 
168      168   (0)      7 :  0.0490 0.3612 0.1775 0.1281 0.0669 0.2173 
169      169   (0)      7 :  0.7158 0.0512 0.0054 0.1249 0.0951 0.0076 
