1        1   (0)      1  : 0.1293 0.2979 0.4421 0.1306
2        2   (0)      1  : 0.3947 0.2317 0.3392 0.0344
3        3   (0)      2  : 0.0530 0.2176 0.4303 0.2992
4        4   (0)      2  : 0.0411 0.3359 0.5152 0.1078
5        5   (0)      2  : 0.0747 0.2504 0.1708 0.5041
6        6   (0)      2  : 0.2984 0.4188 0.2733 0.0095
7        7   (0)      2  : 0.5117 0.0124 0.0422 0.4337
8        8   (0)      2  : 0.2257 0.2719 0.1582 0.3442
9        9   (0)      2  : 0.5084 0.0977 0.0628 0.3310
10       10   (0)      2  : 0.4753 0.1132 0.0746 0.3369
11       11   (0)      2  : 0.3511 0.2327 0.2253 0.1909
12       12   (0)      2  : 0.1391 0.3908 0.3772 0.0929
13       13   (0)      2  : 0.2187 0.1167 0.0349 0.6297
14       14   (0)      2  : 0.0951 0.3393 0.0865 0.4791
15       15   (0)      2  : 0.2510 0.2229 0.1826 0.3435
16       16   (0)      2  : 0.0965 0.1726 0.4143 0.3166
17       17   (0)      2  : 0.4110 0.0171 0.2907 0.2812
18       18   (0)      2  : 0.1419 0.2269 0.3823 0.2489
19       19   (0)      2  : 0.2934 0.1384 0.2622 0.3060
20       20   (0)      2  : 0.0856 0.0363 0.5731 0.3050
21       21   (0)      2  : 0.2963 0.3767 0.0738 0.2532
22       22   (0)      2  : 0.1403 0.1932 0.3380 0.3284
23       23   (0)      2  : 0.2284 0.1898 0.0699 0.5119
24       24   (0)      2  : 0.4540 0.2086 0.2571 0.0803
25       25   (0)      2  : 0.1979 0.0937 0.6478 0.0607
26       26   (0)      2  : 0.3336 0.0578 0.3005 0.3081
27       27   (0)      2  : 0.0031 0.2735 0.0704 0.6531
28       28   (0)      2  : 0.2063 0.5386 0.1020 0.1530
29       29   (0)      2  : 0.1615 0.1691 0.1739 0.4956
30       30   (0)      3  : 0.0414 0.3270 0.6015 0.0301
31       31   (0)      3  : 0.4280 0.0785 0.0960 0.3974
32       32   (0)      3  : 0.0845 0.3197 0.3493 0.2464
33       33   (0)      3  : 0.4564 0.1489 0.1627 0.2320
34       34   (0)      3  : 0.2861 0.0324 0.1257 0.5558
35       35   (0)      3  : 0.1608 0.3286 0.2473 0.2633
36       36   (0)      3  : 0.2025 0.1764 0.0124 0.6087
37       37   (0)      3  : 0.3282 0.3183 0.0588 0.2947
38       38   (0)      3  : 0.5574 0.1200 0.3226 0.0000
39       39   (0)      3  : 0.4003 0.4842 0.0726 0.0429
40       40   (0)      3  : 0.3453 0.0518 0.5459 0.0569
41       41   (0)      3  : 0.1915 0.3868 0.3504 0.0713
42       42   (0)      3  : 0.0005 0.5505 0.0899 0.3591
43       43   (0)      3  : 0.1329 0.4093 0.1538 0.3039
44       44   (0)      3  : 0.0723 0.1757 0.1104 0.6415
45       45   (0)      3  : 0.0822 0.2453 0.1967 0.4757
46       46   (0)      3  : 0.0919 0.1109 0.3898 0.4075
47       47   (0)      3  : 0.3775 0.0828 0.1647 0.3751
48       48   (0)      3  : 0.0157 0.2634 0.2994 0.4215
49       49   (0)      3  : 0.3183 0.2273 0.2699 0.1845
50       50   (0)      3  : 0.0922 0.5404 0.2123 0.1552
51       51   (0)      3  : 0.0988 0.0741 0.1955 0.6316
52       52   (0)      3  : 0.2267 0.1709 0.0993 0.5031
53       53   (0)      3  : 0.0085 0.0642 0.2035 0.7238
54       54   (0)      3  : 0.0352 0.3762 0.2242 0.3644
55       55   (0)      3  : 0.1307 0.0175 0.1223 0.7294
56       56   (0)      3  : 0.1186 0.0861 0.0822 0.7131
57       57   (0)      3  : 0.1128 0.1912 0.3208 0.3751
58       58   (0)      3  : 0.5788 0.1162 0.2965 0.0084
59       59   (0)      3  : 0.0565 0.2198 0.6125 0.1112
60       60   (0)      4  : 0.3980 0.1876 0.2944 0.1200
61       61   (0)      4  : 0.3162 0.0180 0.0386 0.6272
62       62   (0)      4  : 0.0722 0.1788 0.6293 0.1198
63       63   (0)      4  : 0.2464 0.2746 0.1350 0.3440
64       64   (0)      4  : 0.3661 0.0425 0.2812 0.3102
65       65   (0)      4  : 0.2769 0.1595 0.0982 0.4654
66       66   (0)      4  : 0.2539 0.1050 0.2270 0.4141
67       67   (0)      4  : 0.3600 0.0209 0.2229 0.3962
68       68   (0)      4  : 0.6676 0.0443 0.1220 0.1662
69       69   (0)      4  : 0.3224 0.1528 0.3213 0.2035
70       70   (0)      4  : 0.0908 0.8396 0.0619 0.0077
71       71   (0)      1  : 0.4145 0.0276 0.1085 0.4494
72       72   (0)      1  : 0.6230 0.1657 0.2113 0.0000
73       73   (0)      1  : 0.1850 0.2270 0.2840 0.3040
74       74   (0)      1  : 0.2477 0.3802 0.1178 0.2544
75       75   (0)      1  : 0.1383 0.1567 0.1082 0.5967
76       76   (0)      1  : 0.0598 0.8330 0.0347 0.0725
77       77   (0)      1  : 0.3771 0.0586 0.5077 0.0566
78       78   (0)      1  : 0.4325 0.4749 0.0461 0.0464
79       79   (0)      1  : 0.3716 0.2064 0.2823 0.1397
80       80   (0)      1  : 0.0983 0.1941 0.0418 0.6658
81       81   (0)      1  : 0.0351 0.9078 0.0347 0.0224
82       82   (0)      1  : 0.2135 0.3594 0.1301 0.2970
83       83   (0)      1  : 0.5478 0.2721 0.1008 0.0792
84       84   (0)      1  : 0.4829 0.3002 0.0339 0.1830
85       85   (0)      1  : 0.3181 0.2772 0.1748 0.2298
86       86   (0)      1  : 0.3983 0.0077 0.3355 0.2586
87       87   (0)      1  : 0.1887 0.3223 0.4299 0.0591
88       88   (0)      1  : 0.5245 0.1576 0.2867 0.0312
89       89   (0)      1  : 0.1127 0.0850 0.7512 0.0511
90       90   (0)      1  : 0.0290 0.2153 0.2161 0.5396
91       91   (0)      1  : 0.9442 0.0000 0.0220 0.0338
92       92   (0)      1  : 0.1177 0.3746 0.2426 0.2651
93       93   (0)      1  : 0.0209 0.4169 0.1942 0.3680
94       94   (0)      1  : 0.2404 0.0021 0.4756 0.2819
95       95   (0)      1  : 0.1384 0.0292 0.1513 0.6811
96       96   (0)      1  : 0.2296 0.0569 0.2487 0.4648
97       97   (0)      1  : 0.2815 0.4038 0.0414 0.2733
98       98   (0)      1  : 0.3495 0.1385 0.3170 0.1950
99       99   (0)      4  : 0.5053 0.1101 0.0778 0.3068
100      100   (0)      4  : 0.1680 0.2856 0.0663 0.4801
101      101   (0)      5  : 0.3984 0.2374 0.1506 0.2136
102      102   (0)      5  : 0.3400 0.4713 0.0819 0.1069
103      103   (0)      5  : 0.1914 0.2028 0.2758 0.3300
104      104   (0)      5  : 0.1154 0.7658 0.0412 0.0776
105      105   (0)      5  : 0.5895 0.0000 0.2266 0.1838
106      106   (0)      4  : 0.0801 0.2249 0.4867 0.2083
107      107   (0)      4  : 0.4182 0.2316 0.1111 0.2392
108      108   (0)      4  : 0.1254 0.4863 0.2681 0.1202
109      109   (0)      4  : 0.2396 0.3116 0.2235 0.2253
110      110   (0)      4  : 0.1523 0.4734 0.1864 0.1879
111      111   (0)      5  : 0.1422 0.0591 0.3742 0.4245
112      112   (0)      5  : 0.5681 0.0219 0.2107 0.1993
113      113   (0)      5  : 0.2169 0.2033 0.1679 0.4119
114      114   (0)      5  : 0.2136 0.5069 0.0355 0.2440
115      115   (0)      5  : 0.1676 0.1739 0.6140 0.0446
116      116   (0)      5  : 0.1858 0.4020 0.2384 0.1739
117      117   (0)      4  : 0.4345 0.1324 0.0233 0.4098
118      118   (0)      4  : 0.1054 0.0843 0.7143 0.0960
119      119   (0)      4  : 0.1435 0.0878 0.0523 0.7165
120      120   (0)      4  : 0.2866 0.2673 0.1461 0.3000
121      121   (0)      4  : 0.0669 0.5292 0.2687 0.1352
122      122   (0)      4  : 0.1695 0.0260 0.7314 0.0730
123      123   (0)      4  : 0.4085 0.0142 0.2113 0.3660
124      124   (0)      4  : 0.3766 0.0401 0.1783 0.4051
125      125   (0)      5  : 0.4624 0.1449 0.0503 0.3423
126      126   (0)      5  : 0.0124 0.4658 0.3738 0.1480
127      127   (0)      5  : 0.3310 0.5600 0.1061 0.0029
128      128   (0)      5  : 0.1550 0.1416 0.5277 0.1757
129      129   (0)      5  : 0.1109 0.2255 0.1858 0.4777
130      130   (0)      5  : 0.0000 0.2180 0.4667 0.3153
131      131   (0)      5  : 0.0894 0.0645 0.1672 0.6789
132      132   (0)      5  : 0.8109 0.0047 0.0944 0.0900
133      133   (0)      5  : 0.0753 0.4494 0.4088 0.0665
134      134   (0)      5  : 0.0664 0.0137 0.3801 0.5398
135      135   (0)      5  : 0.0029 0.9348 0.0511 0.0113
136      136   (0)      5  : 0.1672 0.4414 0.3689 0.0225
137      137   (0)      5  : 0.0233 0.1921 0.0298 0.7548
138      138   (0)      5  : 0.3182 0.2099 0.1365 0.3355
139      139   (0)      5  : 0.0066 0.6360 0.3534 0.0040
140      140   (0)      5  : 0.3571 0.3090 0.3314 0.0025
141      141   (0)      5  : 0.2366 0.0907 0.1703 0.5024
142      142   (0)      5  : 0.0734 0.2163 0.5667 0.1436
143      143   (0)      5  : 0.2964 0.4831 0.0570 0.1635
144      144   (0)      6  : 0.2229 0.2383 0.2946 0.2441
145      145   (0)      6  : 0.2516 0.3422 0.2774 0.1288
146      146   (0)      6  : 0.3648 0.0143 0.3029 0.3181
147      147   (0)      6  : 0.1147 0.0960 0.4156 0.3738
148      148   (0)      6  : 0.0366 0.4468 0.0400 0.4766
149      149   (0)      6  : 0.3435 0.0767 0.0941 0.4857
150      150   (0)      6  : 0.0100 0.3660 0.5898 0.0342
151      151   (0)      6  : 0.0578 0.0993 0.3295 0.5134
152      152   (0)      6  : 0.3674 0.2958 0.0696 0.2672
153      153   (0)      6  : 0.1732 0.2180 0.3617 0.2471
154      154   (0)      6  : 0.2910 0.2278 0.2268 0.2545
155      155   (0)      6  : 0.0265 0.5249 0.4151 0.0335
156      156   (0)      6  : 0.1535 0.5426 0.2010 0.1029
157      157   (0)      6  : 0.2479 0.0073 0.2330 0.5119
158      158   (0)      6  : 0.2899 0.3240 0.2098 0.1762
159      159   (0)      6  : 0.1802 0.1830 0.1296 0.5072
160      160   (0)      6  : 0.1655 0.0455 0.6748 0.1142
161      161   (0)      6  : 0.2601 0.5019 0.0716 0.1664
162      162   (0)      6  : 0.0640 0.7157 0.0676 0.1527
163      163   (0)      6  : 0.1036 0.1032 0.7449 0.0483
164      164   (0)      6  : 0.1239 0.4637 0.1800 0.2324
165      165   (0)      6  : 0.2279 0.2520 0.2784 0.2417
166      166   (0)      6  : 0.1012 0.0317 0.0678 0.7993
167      167   (0)      6  : 0.1898 0.1807 0.3490 0.2804
168      168   (0)      6  : 0.4906 0.0502 0.3692 0.0901
169      169   (0)      6  : 0.4238 0.2394 0.3132 0.0237
170      170   (0)      6  : 0.0000 0.3049 0.3907 0.3043
171      171   (0)      6  : 0.2359 0.2776 0.3421 0.1444
172      172   (0)      4  : 0.0238 0.1388 0.5978 0.2396
173      173   (0)      4  : 0.3722 0.3757 0.0393 0.2129
174      174   (0)      7  : 0.1748 0.2105 0.0928 0.5219
175      175   (0)      7  : 0.9475 0.0152 0.0000 0.0373
176      176   (0)      7  : 0.2343 0.3209 0.3367 0.1080
177      177   (0)      7  : 0.4758 0.0425 0.0817 0.4000
178      178   (0)      7  : 0.2418 0.3762 0.1338 0.2482
179      179   (0)      7  : 0.2416 0.1278 0.2968 0.3337
180      180   (0)      7  : 0.0437 0.0000 0.4224 0.5339
181      181   (0)      7  : 0.2288 0.4328 0.3209 0.0174
182      182   (0)      7  : 0.4140 0.3087 0.0469 0.2304
183      183   (0)      7  : 0.4389 0.5024 0.0330 0.0257
184      184   (0)      7  : 0.0801 0.0480 0.6525 0.2194
185      185   (0)      7  : 0.1628 0.1481 0.2285 0.4606
186      186   (0)      7  : 0.0827 0.3802 0.2703 0.2668
187      187   (0)      7  : 0.1499 0.4337 0.2783 0.1380
188      188   (0)      7  : 0.1489 0.5194 0.0249 0.3068
189      189   (0)      7  : 0.2484 0.1211 0.1473 0.4832
190      190   (0)      7  : 0.0790 0.1652 0.5559 0.1998
191      191   (0)      7  : 0.3564 0.4133 0.1047 0.1257
192      192   (0)      7  : 0.4017 0.0306 0.3937 0.1740
193      193   (0)      7  : 0.4395 0.1665 0.0873 0.3067
194      194   (0)      7  : 0.0557 0.0248 0.4154 0.5042
195      195   (0)      7  : 0.5261 0.1986 0.1099 0.1653
196      196   (0)      7  : 0.4947 0.2871 0.1002 0.1179
197      197   (0)      7  : 0.4044 0.0452 0.2317 0.3188
198      198   (0)      7  : 0.3360 0.4692 0.0260 0.1688
199      199   (0)      7  : 0.3434 0.1226 0.1593 0.3747
200      200   (0)      7  : 0.1671 0.3090 0.2521 0.2719
201      201   (0)      7  : 0.8608 0.0273 0.0334 0.0785
202      202   (0)      7  : 0.2038 0.4070 0.0632 0.3260
203      203   (0)      7  : 0.3857 0.0979 0.0477 0.4687
