1        1   (0)      1  : 0.5156 0.4844
2        2   (0)      1  : 0.3971 0.6029
3        3   (0)      2  : 0.7477 0.2523
4        4   (0)      2  : 0.5480 0.4520
5        5   (0)      2  : 0.5992 0.4008
6        6   (0)      2  : 0.4261 0.5739
7        7   (0)      2  : 0.0000 1.0000
8        8   (0)      2  : 0.5960 0.4040
9        9   (0)      2  : 0.5331 0.4669
10       10   (0)      2  : 0.3764 0.6236
11       11   (0)      2  : 0.4643 0.5357
12       12   (0)      2  : 0.6550 0.3450
13       13   (0)      2  : 0.5994 0.4006
14       14   (0)      2  : 0.6140 0.3860
15       15   (0)      2  : 0.6278 0.3722
16       16   (0)      2  : 0.3294 0.6706
17       17   (0)      2  : 0.2201 0.7799
18       18   (0)      2  : 0.9102 0.0898
19       19   (0)      2  : 0.5947 0.4053
20       20   (0)      2  : 0.8795 0.1205
21       21   (0)      2  : 0.4077 0.5923
22       22   (0)      2  : 0.9303 0.0697
23       23   (0)      2  : 0.4953 0.5047
24       24   (0)      2  : 0.6229 0.3771
25       25   (0)      2  : 0.4538 0.5462
26       26   (0)      2  : 0.7499 0.2501
27       27   (0)      2  : 0.5605 0.4395
28       28   (0)      2  : 0.6288 0.3712
29       29   (0)      2  : 0.5931 0.4069
30       30   (0)      3  : 0.7745 0.2255
31       31   (0)      3  : 0.3836 0.6164
32       32   (0)      3  : 0.6502 0.3498
33       33   (0)      3  : 0.3967 0.6033
34       34   (0)      3  : 0.4835 0.5165
35       35   (0)      3  : 0.5172 0.4828
36       36   (0)      3  : 0.4916 0.5084
37       37   (0)      3  : 0.4156 0.5844
38       38   (0)      3  : 0.0000 1.0000
39       39   (0)      3  : 0.7011 0.2989
40       40   (0)      3  : 0.4709 0.5291
41       41   (0)      3  : 0.5685 0.4315
42       42   (0)      3  : 0.9344 0.0656
43       43   (0)      3  : 0.6150 0.3850
44       44   (0)      3  : 0.6057 0.3943
45       45   (0)      3  : 0.4567 0.5433
46       46   (0)      3  : 0.7466 0.2534
47       47   (0)      3  : 0.5329 0.4671
48       48   (0)      3  : 0.5262 0.4738
49       49   (0)      3  : 0.4031 0.5969
50       50   (0)      3  : 1.0000 0.0000
51       51   (0)      3  : 0.3810 0.6190
52       52   (0)      3  : 0.4228 0.5772
53       53   (0)      3  : 0.5390 0.4610
54       54   (0)      3  : 0.6014 0.3986
55       55   (0)      3  : 1.0000 0.0000
56       56   (0)      3  : 0.5990 0.4010
57       57   (0)      3  : 0.4287 0.5713
58       58   (0)      3  : 0.0649 0.9351
59       59   (0)      3  : 1.0000 0.0000
60       60   (0)      4  : 0.4363 0.5637
61       61   (0)      4  : 0.0000 1.0000
62       62   (0)      4  : 0.5396 0.4604
63       63   (0)      4  : 0.5234 0.4766
64       64   (0)      4  : 0.0415 0.9585
65       65   (0)      4  : 0.4850 0.5150
66       66   (0)      4  : 0.6553 0.3447
67       67   (0)      4  : 0.1925 0.8075
68       68   (0)      4  : 0.2999 0.7001
69       69   (0)      4  : 0.7181 0.2819
70       70   (0)      4  : 0.9623 0.0377
71       71   (0)      1  : 0.4577 0.5423
72       72   (0)      1  : 0.0000 1.0000
73       73   (0)      1  : 0.6607 0.3393
74       74   (0)      1  : 0.9511 0.0489
75       75   (0)      1  : 0.5685 0.4315
76       76   (0)      1  : 0.5967 0.4033
77       77   (0)      1  : 0.4798 0.5202
78       78   (0)      1  : 0.3292 0.6708
79       79   (0)      1  : 0.4051 0.5949
80       80   (0)      1  : 0.5962 0.4038
81       81   (0)      1  : 0.5915 0.4085
82       82   (0)      1  : 0.3343 0.6657
83       83   (0)      1  : 0.0640 0.9360
84       84   (0)      1  : 0.3011 0.6989
85       85   (0)      1  : 0.6128 0.3872
86       86   (0)      1  : 0.5360 0.4640
87       87   (0)      1  : 0.6465 0.3535
88       88   (0)      1  : 0.4928 0.5072
89       89   (0)      1  : 0.6721 0.3279
90       90   (0)      1  : 0.5118 0.4882
91       91   (0)      1  : 0.0000 1.0000
92       92   (0)      1  : 0.7354 0.2646
93       93   (0)      1  : 0.6598 0.3402
94       94   (0)      1  : 0.5707 0.4293
95       95   (0)      1  : 0.5037 0.4963
96       96   (0)      1  : 0.4319 0.5681
97       97   (0)      1  : 0.4605 0.5395
98       98   (0)      1  : 0.5401 0.4599
99       99   (0)      4  : 0.4462 0.5538
100      100   (0)      4  : 0.6631 0.3369
101      101   (0)      5  : 0.4868 0.5132
102      102   (0)      5  : 0.6471 0.3529
103      103   (0)      5  : 0.5800 0.4200
104      104   (0)      5  : 0.4335 0.5665
105      105   (0)      5  : 0.0000 1.0000
106      106   (0)      4  : 0.9610 0.0390
107      107   (0)      4  : 0.3658 0.6342
108      108   (0)      4  : 0.5537 0.4463
109      109   (0)      4  : 0.4687 0.5313
110      110   (0)      4  : 0.6966 0.3034
111      111   (0)      5  : 0.0523 0.9477
112      112   (0)      5  : 0.3825 0.6175
113      113   (0)      5  : 0.4413 0.5587
114      114   (0)      5  : 0.7191 0.2809
115      115   (0)      5  : 0.9343 0.0657
116      116   (0)      5  : 0.7427 0.2573
117      117   (0)      4  : 0.0490 0.9510
118      118   (0)      4  : 0.5639 0.4361
119      119   (0)      4  : 0.5115 0.4885
120      120   (0)      4  : 0.4710 0.5290
121      121   (0)      4  : 0.9564 0.0436
122      122   (0)      4  : 0.5315 0.4685
123      123   (0)      4  : 0.3526 0.6474
124      124   (0)      4  : 0.3147 0.6853
125      125   (0)      5  : 0.3332 0.6668
126      126   (0)      5  : 0.5925 0.4075
127      127   (0)      5  : 0.0662 0.9338
128      128   (0)      5  : 0.6382 0.3618
129      129   (0)      5  : 0.7762 0.2238
130      130   (0)      5  : 0.5250 0.4750
131      131   (0)      5  : 0.9489 0.0511
132      132   (0)      5  : 0.3953 0.6047
133      133   (0)      5  : 0.5406 0.4594
134      134   (0)      5  : 0.5332 0.4668
135      135   (0)      5  : 0.9713 0.0287
136      136   (0)      5  : 0.5978 0.4022
137      137   (0)      5  : 0.5421 0.4579
138      138   (0)      5  : 0.5610 0.4390
139      139   (0)      5  : 0.6768 0.3232
140      140   (0)      5  : 0.5336 0.4664
141      141   (0)      5  : 0.4720 0.5280
142      142   (0)      5  : 0.5085 0.4915
143      143   (0)      5  : 0.6148 0.3852
144      144   (0)      6  : 0.3537 0.6463
145      145   (0)      6  : 0.4834 0.5166
146      146   (0)      6  : 0.4209 0.5791
147      147   (0)      6  : 0.6871 0.3129
148      148   (0)      6  : 0.6615 0.3385
149      149   (0)      6  : 0.3197 0.6803
150      150   (0)      6  : 0.9428 0.0572
151      151   (0)      6  : 0.9472 0.0528
152      152   (0)      6  : 0.5082 0.4918
153      153   (0)      6  : 0.7689 0.2311
154      154   (0)      6  : 0.5578 0.4422
155      155   (0)      6  : 0.5259 0.4741
156      156   (0)      6  : 0.4968 0.5032
157      157   (0)      6  : 0.5193 0.4807
158      158   (0)      6  : 0.4295 0.5705
159      159   (0)      6  : 0.4264 0.5736
160      160   (0)      6  : 0.7033 0.2967
161      161   (0)      6  : 0.7752 0.2248
162      162   (0)      6  : 1.0000 0.0000
163      163   (0)      6  : 0.3936 0.6064
164      164   (0)      6  : 0.7375 0.2625
165      165   (0)      6  : 0.5456 0.4544
166      166   (0)      6  : 0.4517 0.5483
167      167   (0)      6  : 0.3093 0.6907
168      168   (0)      6  : 0.6757 0.3243
169      169   (0)      6  : 0.0464 0.9536
170      170   (0)      6  : 0.9296 0.0704
171      171   (0)      6  : 0.3689 0.6311
172      172   (0)      4  : 0.8970 0.1030
173      173   (0)      4  : 0.5730 0.4270
174      174   (0)      7  : 0.6493 0.3507
175      175   (0)      7  : 0.0000 1.0000
176      176   (0)      7  : 0.4878 0.5122
177      177   (0)      7  : 0.3807 0.6193
178      178   (0)      7  : 0.3934 0.6066
179      179   (0)      7  : 0.6338 0.3662
180      180   (0)      7  : 0.5237 0.4763
181      181   (0)      7  : 0.4723 0.5277
182      182   (0)      7  : 0.0817 0.9183
183      183   (0)      7  : 0.5801 0.4199
184      184   (0)      7  : 0.4522 0.5478
185      185   (0)      7  : 0.4546 0.5454
186      186   (0)      7  : 0.7726 0.2274
187      187   (0)      7  : 1.0000 0.0000
188      188   (0)      7  : 0.6802 0.3198
189      189   (0)      7  : 0.3590 0.6410
190      190   (0)      7  : 0.6811 0.3189
191      191   (0)      7  : 0.5041 0.4959
192      192   (0)      7  : 0.6341 0.3659
193      193   (0)      7  : 0.0000 1.0000
194      194   (0)      7  : 0.6862 0.3138
195      195   (0)      7  : 0.0620 0.9380
196      196   (0)      7  : 0.4483 0.5517
197      197   (0)      7  : 0.3866 0.6134
198      198   (0)      7  : 0.4564 0.5436
199      199   (0)      7  : 0.4140 0.5860
200      200   (0)      7  : 0.5741 0.4259
201      201   (0)      7  : 0.3166 0.6834
202      202   (0)      7  : 0.4993 0.5007
203      203   (0)      7  : 0.3365 0.6635
