  1        1   (0)      1 :  0.1333 0.2602 0.4793 0.1272 
  2        2   (0)      1 :  0.0306 0.2438 0.4233 0.3023 
  3        3   (0)      2 :  0.3478 0.2069 0.3258 0.1195 
  4        4   (0)      2 :  0.2262 0.2797 0.4410 0.0531 
  5        5   (0)      2 :  0.4616 0.2845 0.1743 0.0796 
  6        6   (0)      2 :  0.0223 0.3953 0.3088 0.2736 
  7        7   (0)      2 :  0.3548 0.0387 0.0629 0.5437 
  8        8   (0)      2 :  0.3556 0.2571 0.1211 0.2663 
  9        9   (0)      2 :  0.2317 0.1459 0.0798 0.5426 
 10       10   (0)      2 :  0.3479 0.0938 0.0631 0.4953 
 11       11   (0)      2 :  0.2410 0.2199 0.2042 0.3349 
 12       12   (0)      2 :  0.2006 0.3704 0.3293 0.0996 
 13       13   (0)      2 :  0.6399 0.1303 0.0245 0.2053 
 14       14   (0)      2 :  0.3550 0.4068 0.1445 0.0937 
 15       15   (0)      2 :  0.3080 0.2582 0.1306 0.3032 
 16       16   (0)      2 :  0.3304 0.1366 0.3826 0.1505 
 17       17   (0)      2 :  0.2401 0.0163 0.2892 0.4544 
 18       18   (0)      2 :  0.2794 0.2106 0.3219 0.1881 
 19       19   (0)      2 :  0.2424 0.1365 0.2090 0.4122 
 20       20   (0)      2 :  0.2458 0.0286 0.5560 0.1697 
 21       21   (0)      2 :  0.2088 0.3885 0.0891 0.3137 
 22       22   (0)      2 :  0.3060 0.2392 0.2848 0.1699 
 23       23   (0)      2 :  0.4070 0.2277 0.0917 0.2736 
 24       24   (0)      2 :  0.0691 0.2032 0.2988 0.4290 
 25       25   (0)      2 :  0.1419 0.0753 0.5336 0.2493 
 26       26   (0)      2 :  0.3203 0.0887 0.2572 0.3338 
 27       27   (0)      2 :  0.6486 0.2719 0.0661 0.0134 
 28       28   (0)      2 :  0.2036 0.5321 0.0937 0.1706 
 29       29   (0)      2 :  0.4715 0.1832 0.1347 0.2106 
 30       30   (0)      3 :  0.1083 0.3122 0.5479 0.0315 
 31       31   (0)      3 :  0.3008 0.1397 0.1410 0.4185 
 32       32   (0)      3 :  0.2586 0.3258 0.2747 0.1410 
 33       33   (0)      3 :  0.2646 0.1483 0.1477 0.4394 
 34       34   (0)      3 :  0.4495 0.0420 0.1671 0.3415 
 35       35   (0)      3 :  0.2608 0.3095 0.2548 0.1749 
 36       36   (0)      3 :  0.5091 0.2292 0.0087 0.2530 
 37       37   (0)      3 :  0.2987 0.3141 0.0452 0.3421 
 38       38   (0)      3 :  0.0000 0.0840 0.5258 0.3902 
 39       39   (0)      3 :  0.0593 0.4722 0.0918 0.3766 
 40       40   (0)      3 :  0.0866 0.0826 0.5326 0.2982 
 41       41   (0)      3 :  0.0985 0.3856 0.3376 0.1784 
 42       42   (0)      3 :  0.2870 0.5598 0.1443 0.0089 
 43       43   (0)      3 :  0.3181 0.4079 0.1684 0.1056 
 44       44   (0)      3 :  0.7074 0.1362 0.0773 0.0792 
 45       45   (0)      3 :  0.5787 0.1983 0.1477 0.0754 
 46       46   (0)      3 :  0.3173 0.0997 0.3103 0.2727 
 47       47   (0)      3 :  0.3508 0.0926 0.1306 0.4260 
 48       48   (0)      3 :  0.4445 0.2048 0.3043 0.0465 
 49       49   (0)      3 :  0.1415 0.2288 0.2909 0.3388 
 50       50   (0)      3 :  0.1316 0.6137 0.1589 0.0958 
 51       51   (0)      3 :  0.5238 0.1218 0.1947 0.1597 
 52       52   (0)      3 :  0.4360 0.1650 0.1089 0.2902 
 53       53   (0)      3 :  0.7513 0.0778 0.1585 0.0123 
 54       54   (0)      3 :  0.3807 0.3420 0.2358 0.0415 
 55       55   (0)      3 :  0.6081 0.0657 0.1025 0.2238 
 56       56   (0)      3 :  0.6562 0.0936 0.0658 0.1845 
 57       57   (0)      3 :  0.3421 0.2001 0.3097 0.1481 
 58       58   (0)      3 :  0.0059 0.0814 0.4898 0.4229 
 59       59   (0)      3 :  0.2369 0.2093 0.4698 0.0840 
 60       60   (0)      4 :  0.1008 0.1610 0.2515 0.4867 
 61       61   (0)      4 :  0.5522 0.0405 0.1149 0.2924 
 62       62   (0)      4 :  0.1481 0.1870 0.5406 0.1242 
 63       63   (0)      4 :  0.3260 0.2931 0.1445 0.2364 
 64       64   (0)      4 :  0.2688 0.0626 0.2979 0.3707 
 65       65   (0)      4 :  0.4406 0.1714 0.1212 0.2668 
 66       66   (0)      4 :  0.5468 0.0898 0.1630 0.2005 
 67       67   (0)      4 :  0.3118 0.0413 0.2830 0.3638 
 68       68   (0)      4 :  0.1916 0.0764 0.1619 0.5702 
 69       69   (0)      4 :  0.1586 0.1705 0.2441 0.4267 
 70       70   (0)      4 :  0.0168 0.8615 0.0460 0.0756 
 71       71   (0)      1 :  0.3146 0.0363 0.0816 0.5675 
 72       72   (0)      1 :  0.0052 0.1199 0.4289 0.4461 
 73       73   (0)      1 :  0.2501 0.2101 0.2185 0.3214 
 74       74   (0)      1 :  0.2077 0.3746 0.1158 0.3018 
 75       75   (0)      1 :  0.5741 0.2169 0.0764 0.1327 
 76       76   (0)      1 :  0.1627 0.7540 0.0276 0.0557 
 77       77   (0)      1 :  0.0559 0.0466 0.5373 0.3602 
 78       78   (0)      1 :  0.0423 0.4738 0.1008 0.3831 
 79       79   (0)      1 :  0.1682 0.1997 0.2611 0.3710 
 80       80   (0)      1 :  0.5398 0.2494 0.0293 0.1815 
 81       81   (0)      1 :  0.0441 0.8415 0.0897 0.0246 
 82       82   (0)      1 :  0.2397 0.3261 0.2349 0.1992 
 83       83   (0)      1 :  0.1041 0.2574 0.1587 0.4799 
 84       84   (0)      1 :  0.1813 0.2842 0.0298 0.5047 
 85       85   (0)      1 :  0.3165 0.2834 0.1471 0.2529 
 86       86   (0)      1 :  0.2463 0.0054 0.4278 0.3205 
 87       87   (0)      1 :  0.0724 0.3171 0.4716 0.1390 
 88       88   (0)      1 :  0.0397 0.2161 0.2480 0.4962 
 89       89   (0)      1 :  0.0674 0.1024 0.6178 0.2123 
 90       90   (0)      1 :  0.6102 0.1747 0.1789 0.0363 
 91       91   (0)      1 :  0.0527 0.0173 0.0476 0.8824 
 92       92   (0)      1 :  0.2331 0.4313 0.2323 0.1033 
 93       93   (0)      1 :  0.3584 0.4134 0.1974 0.0308 
 94       94   (0)      1 :  0.2135 0.0014 0.4243 0.3607 
 95       95   (0)      1 :  0.5259 0.0329 0.2108 0.2304 
 96       96   (0)      1 :  0.3876 0.0733 0.2463 0.2928 
 97       97   (0)      1 :  0.2330 0.3971 0.0818 0.2880 
 98       98   (0)      1 :  0.1630 0.1203 0.2625 0.4542 
 99       99   (0)      4 :  0.2148 0.1104 0.0679 0.6069 
100      100   (0)      4 :  0.4140 0.3234 0.0622 0.2004 
101      101   (0)      5 :  0.1575 0.3117 0.1105 0.4203 
102      102   (0)      5 :  0.0876 0.5457 0.0616 0.3051 
103      103   (0)      5 :  0.2795 0.1943 0.2915 0.2347 
104      104   (0)      5 :  0.1677 0.6830 0.0593 0.0900 
105      105   (0)      5 :  0.1687 0.0244 0.2348 0.5721 
106      106   (0)      4 :  0.2796 0.2289 0.3695 0.1220 
107      107   (0)      4 :  0.2305 0.2556 0.1116 0.4023 
108      108   (0)      4 :  0.1188 0.4333 0.3343 0.1136 
109      109   (0)      4 :  0.2526 0.2964 0.1807 0.2702 
110      110   (0)      4 :  0.2878 0.4639 0.1366 0.1116 
111      111   (0)      5 :  0.4099 0.0525 0.3535 0.1842 
112      112   (0)      5 :  0.2299 0.0251 0.2162 0.5288 
113      113   (0)      5 :  0.4110 0.1973 0.2145 0.1772 
114      114   (0)      5 :  0.2655 0.5287 0.0248 0.1809 
115      115   (0)      5 :  0.1190 0.1584 0.5466 0.1760 
116      116   (0)      5 :  0.1804 0.4197 0.1942 0.2057 
117      117   (0)      4 :  0.3484 0.1577 0.0533 0.4406 
118      118   (0)      4 :  0.2062 0.0590 0.6515 0.0833 
119      119   (0)      4 :  0.5429 0.1588 0.0765 0.2217 
120      120   (0)      4 :  0.2829 0.2765 0.1697 0.2709 
121      121   (0)      4 :  0.1573 0.5878 0.1881 0.0668 
122      122   (0)      4 :  0.0903 0.0182 0.6250 0.2665 
123      123   (0)      4 :  0.2655 0.0099 0.3139 0.4107 
124      124   (0)      4 :  0.2870 0.0519 0.3015 0.3596 
125      125   (0)      5 :  0.2562 0.2029 0.1106 0.4304 
126      126   (0)      5 :  0.2534 0.3903 0.3476 0.0087 
127      127   (0)      5 :  0.0822 0.4498 0.2234 0.2446 
128      128   (0)      5 :  0.1979 0.1546 0.4907 0.1568 
129      129   (0)      5 :  0.4817 0.2411 0.1374 0.1398 
130      130   (0)      5 :  0.3142 0.1936 0.4922 0.0000 
131      131   (0)      5 :  0.5959 0.1214 0.1266 0.1561 
132      132   (0)      5 :  0.1430 0.0126 0.1338 0.7105 
133      133   (0)      5 :  0.1654 0.4084 0.3365 0.0896 
134      134   (0)      5 :  0.4616 0.0358 0.3493 0.1534 
135      135   (0)      5 :  0.0079 0.9543 0.0357 0.0020 
136      136   (0)      5 :  0.1698 0.3914 0.3217 0.1171 
137      137   (0)      5 :  0.6442 0.2322 0.0696 0.0540 
138      138   (0)      5 :  0.2870 0.2467 0.1218 0.3445 
139      139   (0)      5 :  0.0375 0.6119 0.3454 0.0052 
140      140   (0)      5 :  0.0438 0.2853 0.3237 0.3472 
141      141   (0)      5 :  0.3745 0.1015 0.2318 0.2922 
142      142   (0)      5 :  0.2292 0.1926 0.5067 0.0715 
143      143   (0)      5 :  0.2057 0.4642 0.0954 0.2347 
144      144   (0)      6 :  0.2392 0.2068 0.3394 0.2146 
145      145   (0)      6 :  0.1854 0.3154 0.2848 0.2143 
146      146   (0)      6 :  0.3274 0.0289 0.2331 0.4106 
147      147   (0)      6 :  0.3859 0.1015 0.3983 0.1142 
148      148   (0)      6 :  0.4818 0.4645 0.0280 0.0256 
149      149   (0)      6 :  0.3438 0.0852 0.2924 0.2787 
150      150   (0)      6 :  0.0873 0.3621 0.5330 0.0176 
151      151   (0)      6 :  0.4992 0.1239 0.2797 0.0973 
152      152   (0)      6 :  0.2266 0.3336 0.0609 0.3789 
153      153   (0)      6 :  0.3478 0.2017 0.2578 0.1927 
154      154   (0)      6 :  0.2686 0.2298 0.2412 0.2604 
155      155   (0)      6 :  0.0786 0.4649 0.4379 0.0186 
156      156   (0)      6 :  0.1773 0.4798 0.2295 0.1133 
157      157   (0)      6 :  0.4989 0.0113 0.1635 0.3263 
158      158   (0)      6 :  0.1576 0.3236 0.2430 0.2759 
159      159   (0)      6 :  0.4934 0.1626 0.1611 0.1830 
160      160   (0)      6 :  0.2804 0.1178 0.4795 0.1222 
161      161   (0)      6 :  0.1165 0.5303 0.0569 0.2963 
162      162   (0)      6 :  0.1740 0.7339 0.0473 0.0448 
163      163   (0)      6 :  0.0609 0.0723 0.7795 0.0873 
164      164   (0)      6 :  0.2204 0.4745 0.2131 0.0921 
165      165   (0)      6 :  0.2689 0.2526 0.2179 0.2606 
166      166   (0)      6 :  0.7018 0.0506 0.0570 0.1906 
167      167   (0)      6 :  0.2880 0.1440 0.4082 0.1598 
168      168   (0)      6 :  0.0907 0.0575 0.2755 0.5763 
169      169   (0)      6 :  0.0216 0.2083 0.4151 0.3551 
170      170   (0)      6 :  0.2998 0.3199 0.3463 0.0340 
171      171   (0)      6 :  0.1752 0.2707 0.3457 0.2084 
172      172   (0)      4 :  0.1862 0.1361 0.5895 0.0882 
173      173   (0)      4 :  0.1797 0.3909 0.0275 0.4018 
174      174   (0)      7 :  0.4901 0.2402 0.0784 0.1913 
175      175   (0)      7 :  0.0653 0.0505 0.0261 0.8581 
176      176   (0)      7 :  0.1594 0.3357 0.3211 0.1838 
177      177   (0)      7 :  0.3374 0.0546 0.0572 0.5508 
178      178   (0)      7 :  0.1825 0.4958 0.1070 0.2147 
179      179   (0)      7 :  0.3029 0.1094 0.2688 0.3189 
180      180   (0)      7 :  0.5052 0.0091 0.3773 0.1083 
181      181   (0)      7 :  0.0201 0.4266 0.3744 0.1788 
182      182   (0)      7 :  0.2253 0.3057 0.0670 0.4020 
183      183   (0)      7 :  0.0212 0.4886 0.0704 0.4197 
184      184   (0)      7 :  0.3085 0.0559 0.5691 0.0665 
185      185   (0)      7 :  0.5843 0.1112 0.1673 0.1373 
186      186   (0)      7 :  0.2969 0.3949 0.1960 0.1122 
187      187   (0)      7 :  0.1560 0.4953 0.2210 0.1278 
188      188   (0)      7 :  0.2718 0.5467 0.0264 0.1551 
189      189   (0)      7 :  0.4914 0.1138 0.1805 0.2143 
190      190   (0)      7 :  0.2373 0.1609 0.4932 0.1087 
191      191   (0)      7 :  0.0963 0.4043 0.1471 0.3523 
192      192   (0)      7 :  0.1436 0.0333 0.3280 0.4952 
193      193   (0)      7 :  0.2542 0.1671 0.1653 0.4134 
194      194   (0)      7 :  0.4501 0.0407 0.3933 0.1159 
195      195   (0)      7 :  0.1598 0.2270 0.1446 0.4685 
196      196   (0)      7 :  0.0825 0.3338 0.0702 0.5135 
197      197   (0)      7 :  0.2857 0.0515 0.2467 0.4161 
198      198   (0)      7 :  0.1265 0.5122 0.0486 0.3127 
199      199   (0)      7 :  0.3214 0.1369 0.2145 0.3272 
200      200   (0)      7 :  0.3003 0.3045 0.2613 0.1339 
201      201   (0)      7 :  0.1018 0.0450 0.0598 0.7934 
202      202   (0)      7 :  0.2754 0.4058 0.0517 0.2672 
203      203   (0)      7 :  0.3726 0.1087 0.1037 0.4149 
