1        1   (0)      1  : 0.4075 0.0000 0.0391 0.0000 0.3820 0.0000 0.1073 0.0000 0.0641 0.0000
2        2   (0)      1  : 0.0000 0.0000 0.0559 0.0000 0.7787 0.0000 0.0000 0.0000 0.1654 0.0000
3        3   (0)      1  : 0.0000 0.0000 1.0000 0.0000 0.0000 0.0000 0.0000 0.0000 0.0000 0.0000
4        4   (0)      1  : 0.1688 0.0000 0.0089 0.0000 0.0000 0.0000 0.0000 0.0000 0.8223 0.0000
5        5   (0)      1  : 0.0000 0.0000 0.0000 0.0000 0.0000 0.0000 0.5000 0.0000 0.5000 0.0000
6        6   (0)      1  : 0.8157 0.0000 0.1843 0.0000 0.0000 0.0000 0.0000 0.0000 0.0000 0.0000
7        7   (0)      1  : 0.4114 0.0000 0.0000 0.0000 0.1424 0.0000 0.2301 0.0000 0.2161 0.0000
8        8   (0)      1  : 0.0000 0.0000 0.0000 0.0000 0.0000 0.0000 0.0000 0.0000 1.0000 0.0000
9        9   (0)      1  : 0.0000 0.0000 1.0000 0.0000 0.0000 0.0000 0.0000 0.0000 0.0000 0.0000
10       10   (0)      1  : 0.5394 0.0000 0.0499 0.0000 0.1551 0.0000 0.2557 0.0000 0.0000 0.0000
11       11   (0)      1  : 0.5079 0.0000 0.0000 0.0000 0.4087 0.0000 0.0833 0.0000 0.0001 0.0000
12       12   (0)      1  : 1.0000 0.0000 0.0000 0.0000 0.0000 0.0000 0.0000 0.0000 0.0000 0.0000
13       13   (0)      1  : 0.1763 0.0000 0.0084 0.0000 0.8153 0.0000 0.0000 0.0000 0.0000 0.0000
14       14   (0)      1  : 0.0000 0.0000 0.0000 0.0000 0.5592 0.0000 0.4408 0.0000 0.0000 0.0000
15       15   (0)      2  : 0.0000 0.0000 0.0000 0.0000 0.5000 0.0000 0.0000 0.0000 0.5000 0.0000
16       16   (0)      2  : 0.0000 0.8779 0.0000 0.0000 0.0000 0.0012 0.0000 0.0000 0.0000 0.1209
17       17   (0)      2  : 0.0000 0.0000 0.0000 0.0000 0.0000 0.0000 0.0000 1.0000 0.0000 0.0000
18       18   (0)      2  : 0.0000 0.7600 0.0000 0.0787 0.0000 0.0588 0.0000 0.1025 0.0000 0.0000
19       19   (0)      2  : 0.0000 0.0000 0.0000 0.0000 0.0000 0.0132 0.0000 0.2977 0.0000 0.6890
20       20   (0)      2  : 0.0000 0.5525 0.0000 0.3379 0.0000 0.0785 0.0000 0.0000 0.0000 0.0310
21       21   (0)      2  : 0.0000 0.0000 0.0000 0.2202 0.0000 0.0000 0.0000 0.2798 0.0000 0.5000
22       22   (0)      2  : 0.0000 0.7163 0.0000 0.0000 0.0000 0.1685 0.0000 0.0002 0.0000 0.1150
23       23   (0)      1  : 0.0000 0.0000 0.0000 0.0000 0.5083 0.0122 0.2667 0.0000 0.2128 0.0000
24       24   (0)      1  : 0.0000 0.0000 0.0000 0.0000 0.1270 0.0000 0.8730 0.0000 0.0000 0.0000
25       25   (0)      1  : 0.0000 0.0000 1.0000 0.0000 0.0000 0.0000 0.0000 0.0000 0.0000 0.0000
26       26   (0)      1  : 0.0000 0.0000 0.0000 0.0000 1.0000 0.0000 0.0000 0.0000 0.0000 0.0000
27       27   (0)      2  : 0.0000 0.0000 0.0000 0.0000 0.0000 1.0000 0.0000 0.0000 0.0000 0.0000
28       28   (0)      2  : 0.0000 0.7564 0.0000 0.1318 0.0000 0.0000 0.0000 0.0000 0.0000 0.1118
29       29   (0)      2  : 0.0000 0.0000 0.0000 0.0000 0.0000 0.0466 0.0000 0.0000 0.0000 0.9534
30       30   (0)      2  : 0.0000 1.0000 0.0000 0.0000 0.0000 0.0000 0.0000 0.0000 0.0000 0.0000
31       31   (0)      2  : 0.0000 0.0000 0.0000 0.5000 0.0000 0.0000 0.0000 0.0000 0.0000 0.5000
32       32   (0)      2  : 0.0000 0.2764 0.1368 0.2186 0.0000 0.0493 0.0000 0.1387 0.0000 0.1801
33       33   (0)      2  : 0.0000 0.0000 0.0000 0.0000 0.0000 0.0123 0.0000 0.5000 0.0000 0.4877
34       34   (0)      1  : 0.0000 0.0000 0.0000 0.0000 0.5000 0.0000 0.5000 0.0000 0.0000 0.0000
35       35   (0)      2  : 0.0000 0.2805 0.0000 0.2793 0.0000 0.0000 0.0000 0.2613 0.0000 0.1790
36       36   (0)      2  : 0.0000 0.4455 0.0000 0.0714 0.0000 0.0019 0.0000 0.0000 0.0000 0.4811
37       37   (0)      2  : 0.0000 0.1238 0.0000 0.0448 0.0000 0.0479 0.0000 0.1184 0.0000 0.6651
38       38   (0)      2  : 0.0000 0.0000 0.0000 0.0000 0.0000 0.0000 0.0000 1.0000 0.0000 0.0000
39       39   (0)      2  : 0.0000 0.0000 0.0000 0.0000 0.0000 0.0000 0.5000 0.0000 0.5000 0.0000
40       40   (0)      2  : 0.2846 0.0000 0.0000 0.0000 0.1434 0.0000 0.1065 0.0000 0.4656 0.0000
41       41   (0)      2  : 0.3726 0.0000 0.0000 0.0000 0.2087 0.0000 0.2583 0.0000 0.1604 0.0000
42       42   (0)      2  : 0.5731 0.0000 0.0000 0.0000 0.1291 0.0000 0.0000 0.0000 0.2978 0.0000
43       43   (0)      2  : 0.2499 0.0000 0.0000 0.0000 0.3020 0.0000 0.2249 0.0000 0.2232 0.0000
44       44   (0)      2  : 0.0000 0.8511 0.0000 0.1489 0.0000 0.0000 0.0000 0.0000 0.0000 0.0000
45       45   (0)      2  : 0.0000 0.3767 0.0000 0.0000 0.0000 0.0000 0.0000 0.6233 0.0000 0.0000
46       46   (0)      2  : 0.0000 0.0001 0.0000 0.5000 0.0000 0.0000 0.0000 0.0000 0.0000 0.4999
47       47   (0)      2  : 0.0457 0.0000 0.0000 0.0000 0.0000 0.0000 0.3382 0.0000 0.6161 0.0000
48       48   (0)      2  : 0.0000 0.2937 0.0000 0.0000 0.0000 0.0096 0.0000 0.0000 0.0000 0.6967
49       49   (0)      1  : 0.0000 0.0000 0.0000 0.0000 0.3280 0.0000 0.6720 0.0000 0.0000 0.0000
50       50   (0)      1  : 0.1270 0.0000 0.0000 0.0000 0.0229 0.0000 0.0881 0.0000 0.7619 0.0000
51       51   (0)      1  : 0.1708 0.0000 0.0000 0.0000 0.0000 0.0000 0.1391 0.0000 0.6901 0.0000
52       52   (0)      1  : 0.3250 0.0000 0.0000 0.0000 0.3094 0.0000 0.3605 0.0000 0.0051 0.0000
53       53   (0)      1  : 0.4918 0.0000 0.0308 0.0000 0.0000 0.0000 0.4774 0.0000 0.0000 0.0000
54       54   (0)      1  : 0.2029 0.0000 0.0023 0.0000 0.6143 0.0000 0.0808 0.0000 0.0996 0.0000
55       55   (0)      1  : 0.1071 0.0000 0.0002 0.0000 0.2727 0.0000 0.0986 0.0000 0.5214 0.0000
56       56   (0)      3  : 0.0000 0.0000 0.0000 0.1655 0.0000 0.1344 0.0000 0.4206 0.0000 0.2796
57       57   (0)      3  : 0.0000 0.2202 0.0000 0.1656 0.0000 0.0113 0.0000 0.0000 0.0000 0.6029
58       58   (0)      3  : 0.0000 1.0000 0.0000 0.0000 0.0000 0.0000 0.0000 0.0000 0.0000 0.0000
59       59   (0)      3  : 0.0000 0.0000 0.0000 1.0000 0.0000 0.0000 0.0000 0.0000 0.0000 0.0000
60       60   (0)      3  : 0.0000 0.3133 0.0000 0.0005 0.0000 0.0582 0.0000 0.2070 0.0000 0.4211
61       61   (0)      3  : 0.0000 0.4008 0.0000 0.3355 0.0000 0.0000 0.0000 0.0104 0.0000 0.2533
62       62   (0)      3  : 0.0000 0.0000 0.0000 0.0000 0.0000 0.0000 0.0000 0.3037 0.0000 0.6963
63       63   (0)      4  : 0.0000 0.0000 1.0000 0.0000 0.0000 0.0000 0.0000 0.0000 0.0000 0.0000
64       64   (0)      4  : 0.1454 0.0000 0.0000 0.0000 0.5725 0.0000 0.0825 0.0000 0.1996 0.0000
65       65   (0)      4  : 0.6653 0.0000 0.0119 0.0000 0.0000 0.0000 0.2023 0.0000 0.1206 0.0000
66       66   (0)      3  : 0.0000 0.1939 0.0000 0.8061 0.0000 0.0000 0.0000 0.0000 0.0000 0.0000
67       67   (0)      3  : 0.0000 0.1900 0.0000 0.5000 0.0000 0.0057 0.0000 0.0000 0.0000 0.3043
68       68   (0)      3  : 0.0000 0.0000 0.0000 0.0000 0.0000 1.0000 0.0000 0.0000 0.0000 0.0000
69       69   (0)      3  : 0.0000 0.0000 0.0000 0.8680 0.0000 0.0472 0.0000 0.0847 0.0000 0.0000
70       70   (0)      3  : 0.0000 0.0000 0.0000 0.7430 0.0000 0.0000 0.0000 0.0000 0.0000 0.2570
71       71   (0)      3  : 0.0000 0.3106 0.0000 0.0000 0.0000 0.0199 0.0000 0.1695 0.0000 0.5000
72       72   (0)      4  : 0.2560 0.0000 0.0285 0.0013 0.2713 0.0000 0.0502 0.0000 0.3926 0.0000
73       73   (0)      4  : 0.2495 0.0000 0.0000 0.0676 0.0705 0.0000 0.1984 0.0000 0.4140 0.0000
74       74   (0)      4  : 0.2565 0.0000 0.0000 0.0000 0.2404 0.0000 0.0756 0.0000 0.4274 0.0000
75       75   (0)      4  : 0.3941 0.0000 0.0000 0.0000 0.2472 0.0000 0.3587 0.0000 0.0000 0.0000
76       76   (0)      4  : 0.0000 0.0000 0.0000 0.0000 0.0000 0.0000 0.1365 0.0000 0.8635 0.0000
77       77   (0)      4  : 0.0000 0.0000 0.0000 0.0000 0.0000 0.0000 0.2065 0.0000 0.7935 0.0000
78       78   (0)      4  : 0.0000 0.0000 0.0000 0.0000 0.6848 0.0000 0.1132 0.0000 0.2020 0.0000
79       79   (0)      3  : 1.0000 0.0000 0.0000 0.0000 0.0000 0.0000 0.0000 0.0000 0.0000 0.0000
80       80   (0)      3  : 0.0000 0.1969 0.0000 0.0000 0.0000 0.0000 0.0000 0.0000 0.0000 0.8031
81       81   (0)      3  : 0.0000 0.7649 0.0000 0.1241 0.0000 0.0000 0.0000 0.1110 0.0000 0.0000
82       82   (0)      3  : 0.0000 0.1656 0.0000 0.0000 0.0000 0.0442 0.0000 0.3426 0.0000 0.4476
83       83   (0)      3  : 0.0000 0.0000 0.0000 0.0000 0.0000 0.0000 0.0000 0.0000 1.0000 0.0000
84       84   (0)      3  : 0.0000 0.0000 0.0000 0.0000 0.0000 0.0000 1.0000 0.0000 0.0000 0.0000
85       85   (0)      3  : 0.0000 0.4794 0.0000 0.5206 0.0000 0.0000 0.0000 0.0000 0.0000 0.0000
86       86   (0)      3  : 0.0000 0.3342 0.0000 0.0000 0.0000 0.0000 0.0000 0.6658 0.0000 0.0000
87       87   (0)      3  : 0.0000 0.2444 0.0000 0.0704 0.0000 0.0169 0.0291 0.0296 0.0000 0.6097
88       88   (0)      3  : 0.0000 0.0000 0.0000 0.5000 0.0000 0.0000 0.0000 0.0000 0.0000 0.5000
89       89   (0)      4  : 0.4005 0.0000 0.0355 0.0318 0.2811 0.0000 0.2511 0.0000 0.0000 0.0000
90       90   (0)      3  : 0.0000 0.2802 0.0000 0.1809 0.0000 0.0000 0.0000 0.0000 0.0000 0.5389
91       91   (0)      3  : 0.0000 0.5000 0.0000 0.4999 0.0000 0.0001 0.0000 0.0000 0.0000 0.0000
92       92   (0)      3  : 0.0000 0.4326 0.0000 0.1126 0.0000 0.2246 0.0000 0.0000 0.0000 0.2301
93       93   (0)      3  : 0.0000 0.0000 0.0000 0.5744 0.0000 0.0538 0.0000 0.0000 0.0000 0.3718
94       94   (0)      3  : 0.1869 0.2747 0.0000 0.3209 0.0000 0.0000 0.0000 0.0000 0.0000 0.2176
95       95   (0)      4  : 0.1618 0.0000 0.0017 0.1207 0.5273 0.0000 0.0620 0.0000 0.1265 0.0000
96       96   (0)      4  : 0.0955 0.0000 0.0000 0.0000 0.5000 0.0000 0.2072 0.0000 0.1972 0.0000
97       97   (0)      4  : 0.1487 0.0000 0.0000 0.0000 0.2474 0.0000 0.0000 0.0000 0.6039 0.0000
98       98   (0)      4  : 0.1054 0.0000 0.0278 0.0000 0.0995 0.0000 0.6903 0.0175 0.0594 0.0000
99       99   (0)      4  : 0.2594 0.0000 0.0306 0.0000 0.3236 0.0000 0.3864 0.0000 0.0000 0.0000
100      100   (0)      4  : 0.0000 0.0000 0.0000 0.0000 0.0000 0.0000 1.0000 0.0000 0.0000 0.0000
101      101   (0)      4  : 1.0000 0.0000 0.0000 0.0000 0.0000 0.0000 0.0000 0.0000 0.0000 0.0000
102      102   (0)      4  : 0.0000 0.0000 0.0000 0.0000 0.0000 0.0000 0.0000 0.0000 1.0000 0.0000
103      103   (0)      4  : 0.0000 0.0000 1.0000 0.0000 0.0000 0.0000 0.0000 0.0000 0.0000 0.0000
104      104   (0)      4  : 0.2046 0.0000 0.0189 0.0000 0.5000 0.0000 0.1115 0.0000 0.1650 0.0000
105      105   (0)      4  : 0.0000 0.0000 0.0051 0.0000 0.4312 0.0000 0.0686 0.0000 0.4951 0.0000
106      106   (0)      4  : 0.8154 0.0000 0.0000 0.0000 0.0000 0.0000 0.1846 0.0000 0.0000 0.0000
107      107   (0)      4  : 0.0000 0.0000 0.0566 0.0000 0.0000 0.0000 0.3823 0.0000 0.5611 0.0000
108      108   (0)      4  : 0.0000 0.0000 0.0000 0.0000 0.0000 0.0000 1.0000 0.0000 0.0000 0.0000
109      109   (0)      4  : 1.0000 0.0000 0.0000 0.0000 0.0000 0.0000 0.0000 0.0000 0.0000 0.0000
110      110   (0)      4  : 0.0548 0.0000 0.1001 0.0000 0.2872 0.0000 0.4978 0.0000 0.0601 0.0000
111      111   (0)      4  : 0.0000 0.0000 1.0000 0.0000 0.0000 0.0000 0.0000 0.0000 0.0000 0.0000
112      112   (0)      4  : 0.0000 0.0000 1.0000 0.0000 0.0000 0.0000 0.0000 0.0000 0.0000 0.0000
113      113   (0)      4  : 0.0000 0.3741 0.0000 0.1895 0.0000 0.0219 0.0000 0.1286 0.0000 0.2859
114      114   (0)      4  : 0.4332 0.0000 0.0000 0.0000 0.4812 0.0000 0.0000 0.0000 0.0856 0.0000
115      115   (0)      4  : 0.0000 0.0000 0.0000 0.0000 0.5000 0.0000 0.5000 0.0000 0.0000 0.0000
116      116   (0)      4  : 0.5000 0.0000 0.0000 0.0000 0.5000 0.0000 0.0000 0.0000 0.0000 0.0000
