1        1   (0)      1  : 0.3298 0.3555 0.3147
2        2   (0)      1  : 0.6399 0.0474 0.3127
3        3   (0)      1  : 0.6607 0.0761 0.2632
4        4   (0)      1  : 0.5177 0.0854 0.3968
5        5   (0)      1  : 0.4019 0.2710 0.3271
6        6   (0)      1  : 0.4582 0.0231 0.5187
7        7   (0)      1  : 0.5446 0.3761 0.0793
8        8   (0)      1  : 0.9490 0.0505 0.0005
9        9   (0)      1  : 0.2329 0.6873 0.0799
10       10   (0)      1  : 0.1326 0.4542 0.4132
11       11   (0)      1  : 0.0000 1.0000 0.0000
12       12   (0)      1  : 0.4585 0.5008 0.0408
13       13   (0)      2  : 0.4053 0.4523 0.1425
14       14   (0)      2  : 0.0000 1.0000 0.0000
15       15   (0)      2  : 0.0000 1.0000 0.0000
16       16   (0)      2  : 0.0000 1.0000 0.0000
17       17   (0)      2  : 0.4505 0.5314 0.0181
18       18   (0)      2  : 0.0000 0.9970 0.0030
19       19   (0)      2  : 0.0123 0.9877 0.0000
20       20   (0)      2  : 0.4491 0.2797 0.2712
21       21   (0)      2  : 0.9462 0.0000 0.0538
22       22   (0)      2  : 0.2375 0.5161 0.2464
23       23   (0)      2  : 0.3654 0.6346 0.0000
24       24   (0)      2  : 0.7432 0.0500 0.2068
25       25   (0)      2  : 0.4321 0.4468 0.1211
26       26   (0)      2  : 0.4355 0.3041 0.2604
27       27   (0)      2  : 0.3758 0.1992 0.4250
28       28   (0)      2  : 0.1630 0.8369 0.0001
29       29   (0)      2  : 0.6165 0.0435 0.3399
30       30   (0)      2  : 0.3831 0.5714 0.0455
31       31   (0)      2  : 0.1520 0.3502 0.4978
32       32   (0)      2  : 0.0236 0.3250 0.6514
33       33   (0)      2  : 0.0000 1.0000 0.0000
34       34   (0)      3  : 0.6373 0.0337 0.3290
35       35   (0)      3  : 0.7392 0.0815 0.1793
36       36   (0)      3  : 0.3467 0.0908 0.5626
37       37   (0)      3  : 0.4858 0.1220 0.3922
38       38   (0)      3  : 0.4377 0.0426 0.5198
39       39   (0)      3  : 0.3175 0.0625 0.6200
40       40   (0)      3  : 0.1217 0.0128 0.8655
41       41   (0)      3  : 0.3253 0.1841 0.4907
42       42   (0)      3  : 0.5084 0.2899 0.2017
43       43   (0)      3  : 0.0362 0.0055 0.9584
44       44   (0)      3  : 0.5835 0.1264 0.2901
45       45   (0)      3  : 0.5882 0.0000 0.4118
46       46   (0)      3  : 0.2743 0.0554 0.6703
47       47   (0)      3  : 0.4210 0.2572 0.3218
48       48   (0)      3  : 0.6458 0.0445 0.3098
49       49   (0)      3  : 1.0000 0.0000 0.0000
50       50   (0)      3  : 0.2664 0.0502 0.6834
51       51   (0)      3  : 0.0853 0.0461 0.8686
52       52   (0)      3  : 0.1743 0.3489 0.4768
53       53   (0)      3  : 0.6501 0.1565 0.1935
54       54   (0)      3  : 0.2767 0.1224 0.6009
55       55   (0)      3  : 0.7628 0.1416 0.0956
56       56   (0)      3  : 0.3910 0.0000 0.6090
57       57   (0)      3  : 0.5882 0.0235 0.3883
58       58   (0)      3  : 0.5501 0.0000 0.4499
59       59   (0)      3  : 0.0000 0.1044 0.8956
60       60   (0)      4  : 0.1552 0.6380 0.2068
61       61   (0)      4  : 0.0443 0.6941 0.2616
62       62   (0)      4  : 0.1320 0.2461 0.6219
63       63   (0)      4  : 0.6223 0.1123 0.2654
64       64   (0)      4  : 0.1271 0.1814 0.6915
65       65   (0)      4  : 0.1489 0.1267 0.7244
66       66   (0)      4  : 0.0384 0.0132 0.9484
67       67   (0)      4  : 0.3635 0.3195 0.3170
68       68   (0)      4  : 0.4120 0.1530 0.4350
69       69   (0)      4  : 0.8673 0.0266 0.1060
70       70   (0)      4  : 0.0185 0.6089 0.3725
71       71   (0)      4  : 0.2441 0.0117 0.7442
72       72   (0)      4  : 0.3204 0.6028 0.0768
73       73   (0)      4  : 0.7149 0.0286 0.2565
74       74   (0)      4  : 0.2833 0.0193 0.6973
75       75   (0)      4  : 0.4924 0.0352 0.4724
76       76   (0)      4  : 0.6402 0.0637 0.2962
77       77   (0)      4  : 0.5470 0.1087 0.3443
78       78   (0)      4  : 0.4919 0.0780 0.4301
79       79   (0)      4  : 0.6502 0.0000 0.3498
80       80   (0)      4  : 0.6335 0.0462 0.3203
81       81   (0)      4  : 0.0947 0.6575 0.2477
82       82   (0)      4  : 0.5724 0.1168 0.3108
83       83   (0)      4  : 0.6298 0.0000 0.3702
84       84   (0)      4  : 0.2981 0.1503 0.5516
85       85   (0)      4  : 0.2995 0.6234 0.0771
86       86   (0)      5  : 0.1018 0.1319 0.7663
87       87   (0)      5  : 0.5326 0.1514 0.3160
88       88   (0)      5  : 0.2615 0.1691 0.5694
89       89   (0)      5  : 0.7843 0.0600 0.1557
90       90   (0)      5  : 0.5173 0.0977 0.3850
91       91   (0)      5  : 0.3728 0.1180 0.5093
92       92   (0)      5  : 0.4446 0.0205 0.5349
93       93   (0)      5  : 1.0000 0.0000 0.0000
94       94   (0)      5  : 0.2876 0.0928 0.6196
95       95   (0)      5  : 0.2212 0.5597 0.2191
96       96   (0)      5  : 0.5038 0.0000 0.4962
97       97   (0)      5  : 0.5538 0.2809 0.1653
98       98   (0)      5  : 0.0000 0.2108 0.7892
99       99   (0)      5  : 0.9311 0.0030 0.0659
100      100   (0)      5  : 0.0773 0.0938 0.8288
101      101   (0)      5  : 0.3459 0.0044 0.6497
102      102   (0)      5  : 0.4241 0.0000 0.5759
103      103   (0)      5  : 0.0000 0.0101 0.9899
104      104   (0)      5  : 0.3204 0.2538 0.4257
105      105   (0)      5  : 0.4567 0.0009 0.5424
106      106   (0)      5  : 0.5834 0.1981 0.2185
107      107   (0)      5  : 0.3814 0.1144 0.5041
108      108   (0)      5  : 0.4738 0.2177 0.3085
109      109   (0)      5  : 0.6840 0.3160 0.0000
110      110   (0)      5  : 0.6201 0.2136 0.1662
111      111   (0)      5  : 0.3710 0.0000 0.6290
112      112   (0)      5  : 0.9232 0.0000 0.0768
113      113   (0)      4  : 0.4311 0.0000 0.5689
114      114   (0)      6  : 0.4098 0.1657 0.4245
115      115   (0)      6  : 0.1755 0.3639 0.4606
116      116   (0)      6  : 0.1210 0.5841 0.2950
117      117   (0)      6  : 0.2755 0.7245 0.0000
118      118   (0)      6  : 0.4357 0.4577 0.1067
119      119   (0)      6  : 0.0353 0.9099 0.0548
120      120   (0)      6  : 0.6749 0.0000 0.3251
121      121   (0)      6  : 0.3161 0.1910 0.4929
122      122   (0)      6  : 0.7476 0.0032 0.2492
123      123   (0)      6  : 0.4434 0.4048 0.1518
124      124   (0)      6  : 0.4275 0.0150 0.5575
125      125   (0)      6  : 0.8385 0.1311 0.0303
126      126   (0)      6  : 0.6301 0.0583 0.3116
127      127   (0)      6  : 0.3802 0.5565 0.0633
128      128   (0)      6  : 0.6701 0.0000 0.3299
129      129   (0)      6  : 0.4979 0.0308 0.4713
130      130   (0)      6  : 0.5229 0.2760 0.2011
131      131   (0)      6  : 0.3678 0.5841 0.0480
132      132   (0)      6  : 0.4558 0.0978 0.4464
133      133   (0)      6  : 1.0000 0.0000 0.0000
134      134   (0)      6  : 0.3058 0.1561 0.5380
135      135   (0)      6  : 0.0724 0.7167 0.2109
136      136   (0)      6  : 0.3005 0.2203 0.4792
137      137   (0)      6  : 0.5349 0.1542 0.3108
138      138   (0)      6  : 0.5192 0.0656 0.4152
139      139   (0)      6  : 0.2908 0.1159 0.5934
140      140   (0)      6  : 0.2016 0.4623 0.3362
141      141   (0)      6  : 0.4534 0.3607 0.1859
142      142   (0)      7  : 0.5335 0.0000 0.4665
143      143   (0)      7  : 0.0208 0.9792 0.0000
144      144   (0)      7  : 0.4409 0.1455 0.4136
145      145   (0)      7  : 0.3739 0.0775 0.5487
146      146   (0)      7  : 0.1870 0.3377 0.4753
147      147   (0)      7  : 0.4333 0.0000 0.5667
148      148   (0)      7  : 0.3351 0.0000 0.6649
149      149   (0)      7  : 0.0128 0.7164 0.2709
150      150   (0)      7  : 0.4252 0.3678 0.2069
151      151   (0)      7  : 0.0430 0.6454 0.3116
152      152   (0)      7  : 0.1126 0.0129 0.8745
153      153   (0)      7  : 0.0000 1.0000 0.0000
154      154   (0)      7  : 0.4418 0.1047 0.4536
155      155   (0)      7  : 0.3550 0.6450 0.0000
156      156   (0)      7  : 0.0000 0.0000 1.0000
157      157   (0)      7  : 0.0000 0.0000 1.0000
158      158   (0)      7  : 0.2929 0.1196 0.5875
159      159   (0)      7  : 0.0113 0.7334 0.2552
160      160   (0)      7  : 0.3533 0.3904 0.2563
161      161   (0)      7  : 0.1535 0.8253 0.0213
162      162   (0)      7  : 0.5721 0.2096 0.2182
163      163   (0)      7  : 0.1477 0.0359 0.8164
164      164   (0)      7  : 0.1761 0.3600 0.4639
165      165   (0)      7  : 0.5422 0.4578 0.0000
166      166   (0)      7  : 0.4585 0.2481 0.2933
167      167   (0)      7  : 0.1190 0.0000 0.8810
168      168   (0)      7  : 0.2690 0.1542 0.5768
169      169   (0)      7  : 0.2212 0.7788 0.0000
