1        1   (0)      1  : 0.0000 1.0000 0.0000 0.0000 0.0000 0.0000 0.0000 0.0000 0.0000
2        2   (0)      1  : 0.0000 0.0237 0.0844 0.0000 0.0000 0.0280 0.0000 0.7201 0.1437
3        3   (0)      1  : 0.0000 0.8838 0.0000 0.0000 0.1162 0.0000 0.0000 0.0000 0.0000
4        4   (0)      1  : 0.0000 0.0000 0.0934 0.0081 0.0000 0.1542 0.0000 0.6588 0.0855
5        5   (0)      1  : 0.0000 0.9566 0.0000 0.0000 0.0434 0.0000 0.0000 0.0000 0.0000
6        6   (0)      1  : 0.0000 0.7906 0.0000 0.0000 0.2094 0.0000 0.0000 0.0000 0.0000
7        7   (0)      1  : 0.0713 0.0408 0.3103 0.0000 0.0000 0.0000 0.0000 0.5192 0.0584
8        8   (0)      1  : 0.0000 0.0000 0.2772 0.0000 0.0000 0.1211 0.0000 0.6017 0.0000
9        9   (0)      1  : 0.0000 1.0000 0.0000 0.0000 0.0000 0.0000 0.0000 0.0000 0.0000
10       10   (0)      2  : 0.0000 0.0000 1.0000 0.0000 0.0000 0.0000 0.0000 0.0000 0.0000
11       11   (0)      2  : 0.0000 0.0000 0.7845 0.0000 0.0000 0.0000 0.0000 0.2155 0.0000
12       12   (0)      2  : 0.0000 0.0000 0.6030 0.0000 0.0000 0.0000 0.0000 0.1367 0.2603
13       13   (0)      3  : 0.0000 0.0000 0.0000 0.0000 0.7960 0.0000 0.2040 0.0000 0.0000
14       14   (0)      3  : 0.0000 0.0000 0.0000 0.0000 1.0000 0.0000 0.0000 0.0000 0.0000
15       15   (0)      3  : 0.0000 0.0000 0.0000 0.0000 1.0000 0.0000 0.0000 0.0000 0.0000
16       16   (0)      3  : 0.0000 0.0000 0.0000 0.0000 1.0000 0.0000 0.0000 0.0000 0.0000
17       17   (0)      3  : 0.0000 0.3783 0.0000 0.0000 0.4267 0.0000 0.1951 0.0000 0.0000
18       18   (0)      3  : 0.0000 0.0000 0.0000 0.0000 1.0000 0.0000 0.0000 0.0000 0.0000
19       19   (0)      3  : 0.0000 0.0000 0.4160 0.0000 0.0000 0.0994 0.0000 0.0000 0.4847
20       20   (0)      3  : 0.0539 0.0000 0.2607 0.0000 0.0000 0.2281 0.0000 0.0000 0.4573
21       21   (0)      2  : 0.0000 0.1324 0.7074 0.0000 0.0000 0.0000 0.0000 0.1412 0.0190
22       22   (0)      2  : 0.0000 0.0000 0.6632 0.0000 0.0000 0.0000 0.0000 0.1370 0.1998
23       23   (0)      2  : 0.0000 0.0000 0.3230 0.0000 0.0000 0.0000 0.0000 0.6331 0.0439
24       24   (0)      2  : 0.0000 0.0000 0.5988 0.0000 0.0000 0.0000 0.0000 0.4012 0.0000
25       25   (0)      2  : 0.0000 0.0000 1.0000 0.0000 0.0000 0.0000 0.0000 0.0000 0.0000
26       26   (0)      2  : 0.0000 0.0000 0.9830 0.0000 0.0000 0.0170 0.0000 0.0000 0.0000
27       27   (0)      2  : 0.0000 0.0000 0.6009 0.0000 0.0000 0.0000 0.0000 0.1574 0.2416
28       28   (0)      2  : 0.0000 0.0000 0.7041 0.0000 0.0000 0.0000 0.0000 0.2206 0.0753
29       29   (0)      2  : 0.0000 0.0000 1.0000 0.0000 0.0000 0.0000 0.0000 0.0000 0.0000
30       30   (0)      2  : 0.0000 0.0000 0.8019 0.0000 0.0000 0.0000 0.0000 0.1403 0.0579
31       31   (0)      2  : 0.0000 0.2503 0.7128 0.0000 0.0369 0.0000 0.0000 0.0000 0.0000
32       32   (0)      2  : 0.0068 0.0033 0.7508 0.0000 0.1878 0.0000 0.0002 0.0511 0.0000
33       33   (0)      2  : 0.0000 0.0000 1.0000 0.0000 0.0000 0.0000 0.0000 0.0000 0.0000
34       34   (0)      2  : 0.0000 0.0000 1.0000 0.0000 0.0000 0.0000 0.0000 0.0000 0.0000
35       35   (0)      2  : 0.0000 0.0000 0.8665 0.0000 0.0000 0.0000 0.0000 0.0000 0.1335
36       36   (0)      2  : 0.0000 0.0000 0.5505 0.0238 0.0000 0.0000 0.0000 0.3880 0.0378
37       37   (0)      2  : 0.0000 0.7042 0.0929 0.0000 0.2029 0.0000 0.0000 0.0000 0.0000
38       38   (0)      2  : 0.0000 0.0000 0.9952 0.0000 0.0000 0.0000 0.0000 0.0000 0.0048
39       39   (0)      2  : 0.0140 0.0047 0.7914 0.0000 0.0000 0.0718 0.0120 0.1060 0.0000
40       40   (0)      2  : 0.0000 0.0000 0.6742 0.0000 0.0000 0.0000 0.0000 0.3258 0.0000
41       41   (0)      2  : 0.0000 0.0000 0.6415 0.0000 0.0000 0.0291 0.0729 0.2565 0.0000
42       42   (0)      2  : 0.0000 0.0000 0.4951 0.0000 0.0000 0.0000 0.0000 0.4635 0.0414
43       43   (0)      4  : 0.9571 0.0000 0.0000 0.0000 0.0000 0.0000 0.0000 0.0000 0.0429
44       44   (0)      4  : 0.9701 0.0299 0.0000 0.0000 0.0000 0.0000 0.0000 0.0000 0.0000
45       45   (0)      4  : 0.9107 0.0000 0.0000 0.0893 0.0000 0.0000 0.0000 0.0000 0.0000
46       46   (0)      4  : 0.7365 0.0000 0.0000 0.0592 0.0000 0.0747 0.0000 0.0000 0.1295
47       47   (0)      4  : 0.9319 0.0379 0.0000 0.0000 0.0000 0.0000 0.0302 0.0000 0.0000
48       48   (0)      4  : 0.2541 0.0000 0.0000 0.0000 0.4014 0.0000 0.3445 0.0000 0.0000
49       49   (0)      4  : 0.1203 0.0000 0.0000 0.0000 0.5205 0.0000 0.3592 0.0000 0.0000
50       50   (0)      4  : 1.0000 0.0000 0.0000 0.0000 0.0000 0.0000 0.0000 0.0000 0.0000
51       51   (0)      4  : 0.8913 0.0000 0.0000 0.0000 0.0000 0.0000 0.0000 0.0000 0.1087
52       52   (0)      4  : 0.6474 0.0206 0.0000 0.2156 0.0269 0.0000 0.0173 0.0723 0.0000
53       53   (0)      4  : 0.7695 0.0000 0.0000 0.1556 0.0000 0.0000 0.0749 0.0000 0.0000
54       54   (0)      4  : 0.1205 0.0901 0.0000 0.0000 0.2418 0.0000 0.5476 0.0000 0.0000
55       55   (0)      4  : 0.1244 0.0580 0.0000 0.0000 0.3987 0.0000 0.4189 0.0000 0.0000
56       56   (0)      4  : 0.2661 0.0000 0.0000 0.0000 0.5019 0.0000 0.2320 0.0000 0.0000
57       57   (0)      4  : 0.8429 0.0000 0.0000 0.1571 0.0000 0.0000 0.0000 0.0000 0.0000
58       58   (0)      4  : 0.9292 0.0000 0.0000 0.0000 0.0000 0.0708 0.0000 0.0000 0.0000
59       59   (0)      4  : 0.9908 0.0000 0.0000 0.0000 0.0000 0.0092 0.0000 0.0000 0.0000
60       60   (0)      4  : 0.9079 0.0000 0.0000 0.0000 0.0000 0.0000 0.0000 0.0000 0.0921
61       61   (0)      4  : 0.9223 0.0000 0.0000 0.0000 0.0000 0.0449 0.0000 0.0000 0.0328
62       62   (0)      4  : 0.9371 0.0000 0.0000 0.0000 0.0000 0.0000 0.0000 0.0186 0.0443
63       63   (0)      4  : 0.9982 0.0000 0.0000 0.0000 0.0000 0.0018 0.0000 0.0000 0.0000
64       64   (0)      4  : 0.9807 0.0000 0.0000 0.0000 0.0000 0.0000 0.0193 0.0000 0.0000
65       65   (0)      4  : 0.0025 0.0351 0.0000 0.0000 0.4088 0.0000 0.5536 0.0000 0.0000
66       66   (0)      4  : 0.8977 0.0000 0.0000 0.0000 0.0000 0.0749 0.0000 0.0000 0.0273
67       67   (0)      4  : 0.8550 0.0000 0.0000 0.1450 0.0000 0.0000 0.0000 0.0000 0.0000
68       68   (0)      4  : 0.1747 0.0683 0.0000 0.0000 0.3986 0.0000 0.3584 0.0000 0.0000
69       69   (0)      4  : 0.7932 0.0000 0.0000 0.0000 0.0000 0.0000 0.0000 0.0046 0.2022
70       70   (0)      4  : 1.0000 0.0000 0.0000 0.0000 0.0000 0.0000 0.0000 0.0000 0.0000
71       71   (0)      4  : 0.0453 0.0000 0.0000 0.0000 0.4472 0.0000 0.5075 0.0000 0.0000
72       72   (0)      5  : 0.0000 0.0000 0.0000 0.0000 0.0000 1.0000 0.0000 0.0000 0.0000
73       73   (0)      5  : 0.0232 0.0000 0.0000 0.3568 0.0238 0.5013 0.0000 0.0374 0.0576
74       74   (0)      5  : 0.0347 0.0000 0.0000 0.1714 0.0000 0.6729 0.0000 0.0063 0.1146
75       75   (0)      5  : 0.0000 0.0000 0.0000 0.0000 0.0000 0.7470 0.0000 0.0553 0.1977
76       76   (0)      5  : 0.1307 0.0727 0.0593 0.1902 0.0000 0.4293 0.0000 0.0774 0.0406
77       77   (0)      5  : 0.0000 0.0000 0.0000 0.0491 0.0000 0.9509 0.0000 0.0000 0.0000
78       78   (0)      5  : 0.0000 0.0000 0.0000 0.0000 0.0000 1.0000 0.0000 0.0000 0.0000
79       79   (0)      5  : 0.0000 0.0000 0.0000 0.0000 0.0000 1.0000 0.0000 0.0000 0.0000
80       80   (0)      5  : 0.0000 0.0000 0.0000 0.0208 0.7186 0.1081 0.1526 0.0000 0.0000
81       81   (0)      5  : 0.0000 0.0000 0.0000 0.0000 0.5021 0.4979 0.0000 0.0000 0.0000
82       82   (0)      5  : 0.2329 0.0000 0.0000 0.2246 0.0000 0.4344 0.0000 0.0000 0.1081
83       83   (0)      5  : 0.0000 0.0000 0.0000 0.0000 0.0000 1.0000 0.0000 0.0000 0.0000
84       84   (0)      5  : 0.0000 0.0000 0.0000 0.0000 0.0000 0.7500 0.0000 0.0000 0.2500
85       85   (0)      5  : 0.0000 0.0000 0.0000 0.0000 0.0000 0.7500 0.0000 0.0000 0.2500
86       86   (0)      5  : 0.0000 0.0000 0.0000 0.0000 0.0000 0.7199 0.0000 0.0000 0.2801
87       87   (0)      5  : 0.0000 0.0000 0.0000 0.0000 0.0000 0.8411 0.0000 0.0149 0.1440
88       88   (0)      5  : 0.0000 0.0000 0.0000 0.0000 0.0000 1.0000 0.0000 0.0000 0.0000
89       89   (0)      5  : 0.0000 0.0000 0.0030 0.0000 0.0000 0.9970 0.0000 0.0000 0.0000
90       90   (0)      5  : 0.0000 0.0000 0.0000 0.0000 0.0000 1.0000 0.0000 0.0000 0.0000
91       91   (0)      5  : 0.0000 0.0000 0.0000 0.0000 0.0000 1.0000 0.0000 0.0000 0.0000
92       92   (0)      5  : 0.0000 0.0000 0.0000 0.0000 0.6828 0.2017 0.1155 0.0000 0.0000
93       93   (0)      5  : 0.0091 0.0000 0.0106 0.0080 0.0000 0.9022 0.0000 0.0000 0.0701
94       94   (0)      5  : 0.0035 0.0000 0.0000 0.2684 0.0000 0.7280 0.0000 0.0000 0.0000
95       95   (0)      5  : 0.1633 0.0000 0.0000 0.0193 0.0000 0.7712 0.0000 0.0000 0.0461
96       96   (0)      5  : 0.1257 0.0000 0.0000 0.1587 0.0000 0.6937 0.0000 0.0219 0.0000
97       97   (0)      6  : 0.1186 0.0000 0.0006 0.0000 0.0065 0.3980 0.0000 0.3372 0.1390
98       98   (0)      6  : 0.0000 0.0000 0.0000 0.0000 0.0000 0.0376 0.0000 0.8123 0.1501
99       99   (0)      6  : 0.0000 0.7462 0.0000 0.0000 0.1172 0.0000 0.1366 0.0000 0.0000
100      100   (0)      6  : 0.0794 0.0000 0.0150 0.0000 0.0000 0.0579 0.0000 0.2921 0.5556
101      101   (0)      6  : 0.0000 0.2086 0.0000 0.0000 0.7914 0.0000 0.0000 0.0000 0.0000
102      102   (0)      6  : 0.0000 0.8192 0.0000 0.0000 0.0618 0.0000 0.1189 0.0000 0.0000
103      103   (0)      6  : 0.0000 0.4075 0.0000 0.0000 0.5818 0.0000 0.0107 0.0000 0.0000
104      104   (0)      6  : 0.0779 0.0913 0.0840 0.0590 0.0887 0.2252 0.0000 0.1486 0.2254
105      105   (0)      6  : 0.0000 0.6935 0.0000 0.0000 0.3065 0.0000 0.0000 0.0000 0.0000
106      106   (0)      6  : 0.0000 0.0000 0.0000 0.0000 0.0000 0.0000 0.0000 0.1554 0.8446
107      107   (0)      3  : 0.0000 0.2454 0.0000 0.0000 0.7546 0.0000 0.0000 0.0000 0.0000
108      108   (0)      3  : 0.0000 0.0000 0.0000 0.0000 0.0000 0.0000 0.0000 0.0000 1.0000
109      109   (0)      3  : 0.0000 0.0000 0.0000 0.0000 1.0000 0.0000 0.0000 0.0000 0.0000
110      110   (0)      2  : 0.0000 0.0000 0.0157 0.0000 0.0000 0.0000 0.0000 0.4630 0.5213
111      111   (0)      2  : 0.0000 0.4226 0.0026 0.0000 0.5689 0.0000 0.0000 0.0058 0.0000
112      112   (0)      3  : 0.0000 0.0000 0.0000 0.0000 1.0000 0.0000 0.0000 0.0000 0.0000
113      113   (0)      2  : 0.0000 0.0000 0.9581 0.0000 0.0000 0.0000 0.0000 0.0000 0.0419
114      114   (0)      2  : 0.0000 0.3603 0.0000 0.0000 0.6280 0.0000 0.0000 0.0118 0.0000
115      115   (0)      3  : 0.0000 0.1519 0.0000 0.0000 0.8481 0.0000 0.0000 0.0000 0.0000
116      116   (0)      3  : 0.0000 0.0000 0.0000 0.0000 0.9865 0.0000 0.0135 0.0000 0.0000
117      117   (0)      3  : 0.0000 0.0009 0.0000 0.0000 0.8773 0.0000 0.1217 0.0000 0.0000
118      118   (0)      3  : 0.0000 0.1486 0.0000 0.0000 0.8514 0.0000 0.0000 0.0000 0.0000
119      119   (0)      3  : 0.0000 0.1508 0.0000 0.0000 0.8492 0.0000 0.0000 0.0000 0.0000
120      120   (0)      3  : 0.0148 0.0000 0.1907 0.0000 0.0000 0.1318 0.0000 0.0224 0.6402
121      121   (0)      3  : 0.0000 0.0000 0.0000 0.0000 1.0000 0.0000 0.0000 0.0000 0.0000
122      122   (0)      3  : 0.0000 0.1562 0.0000 0.0188 0.7332 0.0000 0.0918 0.0000 0.0000
123      123   (0)      3  : 0.0000 0.0384 0.0000 0.1285 0.7545 0.0000 0.0786 0.0000 0.0000
124      124   (0)      3  : 0.0000 0.0000 0.0000 0.0000 1.0000 0.0000 0.0000 0.0000 0.0000
125      125   (0)      3  : 0.0185 0.0000 0.4878 0.0000 0.0000 0.0000 0.0000 0.0002 0.4935
126      126   (0)      3  : 0.0000 0.0000 0.0000 0.0000 1.0000 0.0000 0.0000 0.0000 0.0000
127      127   (0)      3  : 0.0000 0.0000 0.0648 0.0000 0.0000 0.0000 0.0000 0.0556 0.8797
128      128   (0)      3  : 0.0000 0.0000 0.0000 0.0000 1.0000 0.0000 0.0000 0.0000 0.0000
129      129   (0)      6  : 0.0000 0.2197 0.0000 0.0000 0.6884 0.0000 0.0000 0.0436 0.0483
130      130   (0)      6  : 0.0000 0.0000 0.0000 0.0367 0.0000 0.0000 0.0000 0.1069 0.8564
131      131   (0)      6  : 0.0000 0.3538 0.0000 0.0000 0.5911 0.0000 0.0551 0.0000 0.0000
132      132   (0)      6  : 0.0000 0.0000 0.0440 0.0000 0.0000 0.2808 0.0000 0.6751 0.0000
133      133   (0)      6  : 0.0000 1.0000 0.0000 0.0000 0.0000 0.0000 0.0000 0.0000 0.0000
134      134   (0)      6  : 0.0000 0.3588 0.0000 0.0000 0.6021 0.0000 0.0000 0.0357 0.0034
135      135   (0)      6  : 0.0000 0.3394 0.0000 0.0000 0.6606 0.0000 0.0000 0.0000 0.0000
136      136   (0)      6  : 0.0000 0.3908 0.0000 0.0000 0.5811 0.0000 0.0280 0.0000 0.0000
137      137   (0)      6  : 0.0000 0.4023 0.0000 0.0000 0.5977 0.0000 0.0000 0.0000 0.0000
138      138   (0)      6  : 0.0000 0.3820 0.0000 0.0000 0.6180 0.0000 0.0000 0.0000 0.0000
139      139   (0)      6  : 0.0000 0.1522 0.0000 0.0000 0.7798 0.0679 0.0000 0.0000 0.0000
140      140   (0)      6  : 0.1229 0.0000 0.2805 0.1154 0.0265 0.1124 0.0000 0.3323 0.0100
141      141   (0)      1  : 0.0000 0.0000 0.0000 0.0000 0.0000 0.0000 0.0000 0.7609 0.2391
142      142   (0)      1  : 0.0000 0.3604 0.0000 0.0000 0.5341 0.0000 0.0000 0.0796 0.0258
143      143   (0)      1  : 0.0000 0.0000 0.0000 0.1435 0.0000 0.0000 0.0000 0.8565 0.0000
144      144   (0)      1  : 0.0000 0.0000 0.0000 0.0000 0.0000 0.0000 0.0000 1.0000 0.0000
145      145   (0)      1  : 0.0000 0.0000 0.0000 0.0000 0.0000 0.0000 0.0000 0.9447 0.0553
146      146   (0)      1  : 0.0000 1.0000 0.0000 0.0000 0.0000 0.0000 0.0000 0.0000 0.0000
147      147   (0)      6  : 0.0000 0.5201 0.0000 0.0000 0.4799 0.0000 0.0000 0.0000 0.0000
148      148   (0)      6  : 0.0000 0.0007 0.0000 0.0000 0.0000 0.0000 0.0000 0.5136 0.4858
149      149   (0)      6  : 0.0000 0.7367 0.0512 0.0000 0.1068 0.0000 0.1052 0.0000 0.0000
150      150   (0)      6  : 0.0484 0.5416 0.0000 0.0000 0.3848 0.0000 0.0000 0.0187 0.0064
151      151   (0)      6  : 0.0000 0.9394 0.0000 0.0000 0.0606 0.0000 0.0000 0.0000 0.0000
152      152   (0)      6  : 0.0000 0.3717 0.0000 0.0000 0.6283 0.0000 0.0000 0.0000 0.0000
153      153   (0)      6  : 0.0000 0.0000 0.0000 0.0000 0.0000 0.0000 0.0000 0.0901 0.9099
154      154   (0)      1  : 0.0000 0.0000 0.0000 0.0000 0.0000 0.0000 0.0000 1.0000 0.0000
155      155   (0)      1  : 0.0000 1.0000 0.0000 0.0000 0.0000 0.0000 0.0000 0.0000 0.0000
156      156   (0)      1  : 0.0000 1.0000 0.0000 0.0000 0.0000 0.0000 0.0000 0.0000 0.0000
157      157   (0)      1  : 0.0000 1.0000 0.0000 0.0000 0.0000 0.0000 0.0000 0.0000 0.0000
158      158   (0)      1  : 0.0000 0.0101 0.2444 0.0000 0.0000 0.0000 0.0000 0.6032 0.1424
159      159   (0)      1  : 0.0000 0.0000 0.0000 0.0000 0.0000 0.0000 0.0000 0.8685 0.1315
160      160   (0)      1  : 0.0000 0.0000 0.2001 0.0000 0.0000 0.0039 0.0000 0.7960 0.0000
161      161   (0)      1  : 0.0000 1.0000 0.0000 0.0000 0.0000 0.0000 0.0000 0.0000 0.0000
162      162   (0)      1  : 0.0000 0.0000 0.0994 0.0000 0.0000 0.0181 0.0000 0.6877 0.1948
163      163   (0)      1  : 0.0000 0.0000 0.2860 0.0000 0.0000 0.0000 0.0000 0.6971 0.0169
164      164   (0)      1  : 0.0000 1.0000 0.0000 0.0000 0.0000 0.0000 0.0000 0.0000 0.0000
165      165   (0)      1  : 0.0000 1.0000 0.0000 0.0000 0.0000 0.0000 0.0000 0.0000 0.0000
166      166   (0)      1  : 0.0000 0.0000 0.0000 0.0000 0.0000 0.0000 0.0000 0.5000 0.5000
167      167   (0)      1  : 0.0000 1.0000 0.0000 0.0000 0.0000 0.0000 0.0000 0.0000 0.0000
168      168   (0)      7  : 0.0000 0.0000 0.0003 0.6655 0.0000 0.0000 0.0000 0.0403 0.2938
169      169   (0)      7  : 0.0000 0.0000 0.2266 0.6447 0.0000 0.1286 0.0000 0.0000 0.0000
170      170   (0)      7  : 0.0000 0.0726 0.0000 0.8088 0.0000 0.0000 0.1186 0.0000 0.0000
171      171   (0)      7  : 0.0000 0.0107 0.0000 0.8079 0.0000 0.0000 0.1540 0.0000 0.0274
172      172   (0)      7  : 0.0000 0.0000 0.0000 1.0000 0.0000 0.0000 0.0000 0.0000 0.0000
173      173   (0)      7  : 0.0000 0.0000 0.0000 0.8045 0.0000 0.1955 0.0000 0.0000 0.0000
174      174   (0)      7  : 0.0000 0.0000 0.0000 0.9910 0.0000 0.0000 0.0000 0.0000 0.0090
175      175   (0)      7  : 0.0000 0.0000 0.0000 0.0000 0.0000 0.0000 1.0000 0.0000 0.0000
176      176   (0)      7  : 0.0000 0.0000 0.0000 1.0000 0.0000 0.0000 0.0000 0.0000 0.0000
177      177   (0)      7  : 0.0000 0.0000 0.0000 1.0000 0.0000 0.0000 0.0000 0.0000 0.0000
178      178   (0)      7  : 0.0000 0.0000 0.0000 0.0000 0.1143 0.0000 0.8857 0.0000 0.0000
179      179   (0)      7  : 0.0000 0.0000 0.0000 0.0000 0.0000 0.0000 1.0000 0.0000 0.0000
180      180   (0)      7  : 0.0000 0.0000 0.0000 1.0000 0.0000 0.0000 0.0000 0.0000 0.0000
181      181   (0)      7  : 0.0000 0.0000 0.0000 0.9099 0.0000 0.0386 0.0000 0.0000 0.0515
182      182   (0)      7  : 0.0000 0.0000 0.0000 0.8864 0.0000 0.0730 0.0000 0.0000 0.0406
183      183   (0)      7  : 0.0000 0.0000 0.0000 0.7166 0.0000 0.0000 0.2271 0.0000 0.0563
184      184   (0)      7  : 0.0000 0.0000 0.0000 0.0000 0.0000 0.0000 1.0000 0.0000 0.0000
185      185   (0)      7  : 0.0000 0.0000 0.0000 1.0000 0.0000 0.0000 0.0000 0.0000 0.0000
186      186   (0)      7  : 0.0000 0.0000 0.0000 0.0000 0.0000 0.0000 1.0000 0.0000 0.0000
187      187   (0)      7  : 0.0000 0.0000 0.0000 0.8590 0.0000 0.1410 0.0000 0.0000 0.0000
188      188   (0)      7  : 0.0000 0.0000 0.0000 0.0000 0.0000 0.0000 1.0000 0.0000 0.0000
189      189   (0)      7  : 0.0000 0.0000 0.0000 0.5640 0.0000 0.1630 0.2730 0.0000 0.0000
190      190   (0)      7  : 0.0000 0.0000 0.1152 0.6287 0.0000 0.1161 0.0941 0.0000 0.0459
191      191   (0)      7  : 0.0000 0.0000 0.0000 1.0000 0.0000 0.0000 0.0000 0.0000 0.0000
192      192   (0)      7  : 0.0128 0.0000 0.0000 0.5565 0.0000 0.0000 0.3241 0.0000 0.1066
193      193   (0)      7  : 0.0266 0.0000 0.0000 0.9399 0.0000 0.0000 0.0238 0.0000 0.0098
194      194   (0)      7  : 0.0000 0.0000 0.0000 0.0000 0.0000 0.0000 1.0000 0.0000 0.0000
195      195   (0)      7  : 0.0000 0.0000 0.0000 0.7302 0.0000 0.2236 0.0338 0.0000 0.0123
196      196   (0)      7  : 0.0000 0.0000 0.0000 0.0000 0.0000 0.0000 1.0000 0.0000 0.0000
197      197   (0)      7  : 0.0000 0.0000 0.0000 0.0000 0.0000 0.0000 1.0000 0.0000 0.0000
