1        1   (0)      1  : 0.9297 0.0000 0.0703 0.0000
2        2   (0)      1  : 0.9262 0.0025 0.0708 0.0005
3        3   (0)      1  : 0.0000 0.0000 1.0000 0.0000
4        4   (0)      1  : 0.9606 0.0000 0.0394 0.0000
5        5   (0)      1  : 1.0000 0.0000 0.0000 0.0000
6        6   (0)      1  : 0.7929 0.0000 0.2071 0.0000
7        7   (0)      1  : 1.0000 0.0000 0.0000 0.0000
8        8   (0)      1  : 1.0000 0.0000 0.0000 0.0000
9        9   (0)      1  : 0.0000 0.0000 1.0000 0.0000
10       10   (0)      1  : 0.9299 0.0000 0.0701 0.0000
11       11   (0)      1  : 1.0000 0.0000 0.0000 0.0000
12       12   (0)      1  : 1.0000 0.0000 0.0000 0.0000
13       13   (0)      1  : 0.9586 0.0000 0.0414 0.0000
14       14   (0)      1  : 1.0000 0.0000 0.0000 0.0000
15       15   (0)      2  : 1.0000 0.0000 0.0000 0.0000
16       16   (0)      2  : 0.0000 0.3250 0.0000 0.6750
17       17   (0)      2  : 0.0000 0.9264 0.0000 0.0736
18       18   (0)      2  : 0.0000 0.2063 0.0000 0.7937
19       19   (0)      2  : 0.0000 0.8507 0.0000 0.1493
20       20   (0)      2  : 0.0000 0.5223 0.0000 0.4777
21       21   (0)      2  : 0.0000 0.8386 0.0000 0.1614
22       22   (0)      2  : 0.0000 0.2819 0.0000 0.7181
23       23   (0)      1  : 0.9684 0.0000 0.0043 0.0273
24       24   (0)      1  : 0.9169 0.0245 0.0540 0.0045
25       25   (0)      1  : 0.0000 0.0000 1.0000 0.0000
26       26   (0)      1  : 0.9905 0.0000 0.0095 0.0000
27       27   (0)      2  : 0.0000 0.0000 0.0000 1.0000
28       28   (0)      2  : 0.0000 0.3320 0.0000 0.6680
29       29   (0)      2  : 0.0000 0.4035 0.0000 0.5965
30       30   (0)      2  : 0.0000 0.4333 0.0000 0.5667
31       31   (0)      2  : 0.0326 0.8707 0.0000 0.0967
32       32   (0)      2  : 0.0000 0.6717 0.1396 0.1887
33       33   (0)      2  : 0.0000 0.7311 0.0000 0.2689
34       34   (0)      1  : 0.9762 0.0000 0.0238 0.0000
35       35   (0)      2  : 0.0000 0.8592 0.0000 0.1408
36       36   (0)      2  : 0.0000 0.3579 0.0000 0.6421
37       37   (0)      2  : 0.0000 0.3869 0.0000 0.6131
38       38   (0)      2  : 0.0000 0.9624 0.0000 0.0376
39       39   (0)      2  : 0.9913 0.0000 0.0087 0.0000
40       40   (0)      2  : 1.0000 0.0000 0.0000 0.0000
41       41   (0)      2  : 1.0000 0.0000 0.0000 0.0000
42       42   (0)      2  : 0.9927 0.0000 0.0073 0.0000
43       43   (0)      2  : 0.9979 0.0000 0.0021 0.0000
44       44   (0)      2  : 0.0000 0.4062 0.0000 0.5938
45       45   (0)      2  : 0.0401 0.6299 0.0000 0.3300
46       46   (0)      2  : 0.0000 0.8620 0.0000 0.1380
47       47   (0)      2  : 1.0000 0.0000 0.0000 0.0000
48       48   (0)      2  : 0.0000 0.5374 0.0000 0.4626
49       49   (0)      1  : 0.9861 0.0000 0.0139 0.0000
50       50   (0)      1  : 1.0000 0.0000 0.0000 0.0000
51       51   (0)      1  : 1.0000 0.0000 0.0000 0.0000
52       52   (0)      1  : 1.0000 0.0000 0.0000 0.0000
53       53   (0)      1  : 0.9353 0.0000 0.0647 0.0000
54       54   (0)      1  : 0.9724 0.0000 0.0276 0.0000
55       55   (0)      1  : 0.9873 0.0000 0.0127 0.0000
56       56   (0)      3  : 0.0000 0.7336 0.0000 0.2664
57       57   (0)      3  : 0.0000 0.4687 0.0000 0.5313
58       58   (0)      3  : 0.0000 0.3120 0.0000 0.6880
59       59   (0)      3  : 0.0000 0.7379 0.0000 0.2621
60       60   (0)      3  : 0.0000 0.3920 0.0000 0.6080
61       61   (0)      3  : 0.0000 0.5620 0.0000 0.4380
62       62   (0)      3  : 0.0000 0.9704 0.0000 0.0296
63       63   (0)      4  : 0.0000 0.0000 1.0000 0.0000
64       64   (0)      4  : 1.0000 0.0000 0.0000 0.0000
65       65   (0)      4  : 0.9660 0.0000 0.0340 0.0000
66       66   (0)      3  : 0.0000 0.7114 0.0000 0.2886
67       67   (0)      3  : 0.0000 0.8149 0.0000 0.1851
68       68   (0)      3  : 0.0000 0.0000 0.0000 1.0000
69       69   (0)      3  : 0.0000 0.6233 0.0000 0.3767
70       70   (0)      3  : 0.0000 0.8918 0.0000 0.1082
71       71   (0)      3  : 0.0000 0.3053 0.0000 0.6947
72       72   (0)      4  : 0.9444 0.0139 0.0402 0.0015
73       73   (0)      4  : 0.9358 0.0530 0.0000 0.0112
74       74   (0)      4  : 1.0000 0.0000 0.0000 0.0000
75       75   (0)      4  : 0.9711 0.0000 0.0289 0.0000
76       76   (0)      4  : 0.9534 0.0000 0.0466 0.0000
77       77   (0)      4  : 1.0000 0.0000 0.0000 0.0000
78       78   (0)      4  : 1.0000 0.0000 0.0000 0.0000
79       79   (0)      3  : 1.0000 0.0000 0.0000 0.0000
80       80   (0)      3  : 0.0000 0.6414 0.0000 0.3586
81       81   (0)      3  : 0.0000 0.7652 0.0020 0.2328
82       82   (0)      3  : 0.0000 0.7561 0.0000 0.2439
83       83   (0)      3  : 1.0000 0.0000 0.0000 0.0000
84       84   (0)      3  : 1.0000 0.0000 0.0000 0.0000
85       85   (0)      3  : 0.0000 0.6365 0.0000 0.3635
86       86   (0)      3  : 0.0000 0.5668 0.0000 0.4332
87       87   (0)      3  : 0.0527 0.4978 0.0000 0.4495
88       88   (0)      3  : 0.0000 0.8699 0.0000 0.1301
89       89   (0)      4  : 0.9080 0.0036 0.0513 0.0372
90       90   (0)      3  : 0.0000 0.7251 0.0000 0.2749
91       91   (0)      3  : 0.0000 0.6212 0.0000 0.3788
92       92   (0)      3  : 0.0000 0.0246 0.0000 0.9754
93       93   (0)      3  : 0.0000 0.7674 0.0000 0.2326
94       94   (0)      3  : 0.1871 0.5870 0.0000 0.2259
95       95   (0)      4  : 0.8619 0.1027 0.0193 0.0160
96       96   (0)      4  : 1.0000 0.0000 0.0000 0.0000
97       97   (0)      4  : 1.0000 0.0000 0.0000 0.0000
98       98   (0)      4  : 0.9001 0.0376 0.0584 0.0038
99       99   (0)      4  : 0.9384 0.0000 0.0616 0.0000
100      100   (0)      4  : 0.9766 0.0000 0.0234 0.0000
101      101   (0)      4  : 1.0000 0.0000 0.0000 0.0000
102      102   (0)      4  : 1.0000 0.0000 0.0000 0.0000
103      103   (0)      4  : 0.0000 0.0000 1.0000 0.0000
104      104   (0)      4  : 0.9320 0.0000 0.0680 0.0000
105      105   (0)      4  : 0.9803 0.0000 0.0197 0.0000
106      106   (0)      4  : 0.9457 0.0257 0.0261 0.0025
107      107   (0)      4  : 0.9283 0.0000 0.0717 0.0000
108      108   (0)      4  : 0.9936 0.0000 0.0064 0.0000
109      109   (0)      4  : 0.9886 0.0000 0.0114 0.0000
110      110   (0)      4  : 0.8916 0.0000 0.1084 0.0000
111      111   (0)      4  : 0.0000 0.0000 1.0000 0.0000
112      112   (0)      4  : 0.0000 0.0000 1.0000 0.0000
113      113   (0)      4  : 0.0000 0.6969 0.0000 0.3031
114      114   (0)      4  : 0.9882 0.0000 0.0118 0.0000
115      115   (0)      4  : 1.0000 0.0000 0.0000 0.0000
116      116   (0)      4  : 0.9977 0.0000 0.0023 0.0000
