1        1   (0)      1  : 0.2511 0.0000 0.0038 0.0000 0.1940 0.0000 0.1690 0.0000 0.3176 0.0645
2        2   (0)      1  : 0.3191 0.0000 0.0000 0.0000 0.0000 0.0000 0.1477 0.0000 0.5000 0.0333
3        3   (0)      1  : 0.0000 0.0000 0.5000 0.0000 0.0000 0.0000 0.0000 0.0000 0.0000 0.5000
4        4   (0)      1  : 0.2756 0.0000 0.0481 0.0000 0.0000 0.0000 0.2357 0.0000 0.4405 0.0000
5        5   (0)      1  : 0.0000 0.0000 0.0000 0.0000 0.0000 0.0000 0.5000 0.0000 0.5000 0.0000
6        6   (0)      1  : 0.7933 0.0000 0.1799 0.0000 0.0000 0.0000 0.0000 0.0000 0.0000 0.0268
7        7   (0)      1  : 0.0000 0.0000 0.0000 0.0000 0.0000 0.0000 0.5000 0.0000 0.5000 0.0000
8        8   (0)      1  : 0.0000 0.0000 0.0000 0.0000 0.0000 0.0000 0.0000 0.0000 1.0000 0.0000
9        9   (0)      1  : 0.0000 0.0000 1.0000 0.0000 0.0000 0.0000 0.0000 0.0000 0.0000 0.0000
10       10   (0)      1  : 0.6798 0.0000 0.0599 0.0000 0.1042 0.0000 0.1560 0.0000 0.0000 0.0000
11       11   (0)      1  : 0.5652 0.0000 0.0000 0.0000 0.0000 0.0000 0.2671 0.0000 0.1608 0.0068
12       12   (0)      1  : 1.0000 0.0000 0.0000 0.0000 0.0000 0.0000 0.0000 0.0000 0.0000 0.0000
13       13   (0)      1  : 0.5000 0.0000 0.0000 0.0000 0.0000 0.0000 0.5000 0.0000 0.0000 0.0000
14       14   (0)      1  : 0.0000 0.0000 0.0000 0.0000 0.5000 0.0000 0.5000 0.0000 0.0000 0.0000
15       15   (0)      2  : 0.0000 0.0000 0.0000 0.0000 1.0000 0.0000 0.0000 0.0000 0.0000 0.0000
16       16   (0)      2  : 0.0000 0.3060 0.0000 0.1071 0.0000 0.0432 0.0000 0.5437 0.0000 0.0000
17       17   (0)      2  : 0.0000 0.0000 0.0000 0.0000 0.0000 0.0000 0.0000 1.0000 0.0000 0.0000
18       18   (0)      2  : 0.0000 0.7405 0.0000 0.0000 0.0000 0.0518 0.0000 0.2077 0.0000 0.0000
19       19   (0)      2  : 0.0000 0.0262 0.0000 0.7875 0.0000 0.0578 0.0000 0.1285 0.0000 0.0000
20       20   (0)      2  : 0.0000 0.4308 0.0000 0.3698 0.0000 0.0818 0.0000 0.1177 0.0000 0.0000
21       21   (0)      2  : 0.0000 0.0000 0.0000 0.8204 0.0000 0.0027 0.0000 0.1769 0.0000 0.0000
22       22   (0)      2  : 0.0000 0.8850 0.0000 0.0000 0.0000 0.1150 0.0000 0.0000 0.0000 0.0000
23       23   (0)      1  : 0.0596 0.0000 0.0000 0.0000 0.2919 0.0259 0.3262 0.0000 0.2898 0.0067
24       24   (0)      1  : 0.0000 0.0000 0.0226 0.0000 0.8037 0.0000 0.1737 0.0000 0.0000 0.0000
25       25   (0)      1  : 0.0000 0.0000 0.0000 0.0000 0.0000 0.0000 0.0000 0.0000 0.0000 1.0000
26       26   (0)      1  : 0.3263 0.0000 0.0000 0.0000 0.0000 0.0000 0.5000 0.0000 0.1737 0.0000
27       27   (0)      2  : 0.0000 0.0000 0.0000 0.0000 0.0000 1.0000 0.0000 0.0000 0.0000 0.0000
28       28   (0)      2  : 0.0000 0.0000 0.0000 0.0000 0.0000 0.0000 0.0000 1.0000 0.0000 0.0000
29       29   (0)      2  : 0.0000 0.0000 0.0000 0.9053 0.0000 0.0947 0.0000 0.0000 0.0000 0.0000
30       30   (0)      2  : 0.0000 1.0000 0.0000 0.0000 0.0000 0.0000 0.0000 0.0000 0.0000 0.0000
31       31   (0)      2  : 0.0000 0.7523 0.0000 0.2265 0.0000 0.0000 0.0000 0.0000 0.0211 0.0000
32       32   (0)      2  : 0.0000 0.4399 0.0688 0.3913 0.0000 0.0174 0.0000 0.0039 0.0000 0.0786
33       33   (0)      2  : 0.0000 0.2071 0.0000 0.3204 0.0000 0.0779 0.0000 0.3946 0.0000 0.0000
34       34   (0)      1  : 0.0000 0.0000 0.0000 0.0000 0.0000 0.0000 0.7343 0.0000 0.2191 0.0466
35       35   (0)      2  : 0.0000 0.0644 0.0000 0.7767 0.0000 0.0032 0.0000 0.1557 0.0000 0.0000
36       36   (0)      2  : 0.0000 0.1513 0.0000 0.8487 0.0000 0.0000 0.0000 0.0000 0.0000 0.0000
37       37   (0)      2  : 0.0000 0.1547 0.0000 0.2864 0.0000 0.0856 0.0000 0.4733 0.0000 0.0000
38       38   (0)      2  : 0.0000 0.0000 0.0000 0.0000 0.0000 0.0000 0.0000 1.0000 0.0000 0.0000
39       39   (0)      2  : 0.0000 0.0000 0.0000 0.0000 0.6346 0.0000 0.2073 0.0000 0.1581 0.0000
40       40   (0)      2  : 0.1709 0.0000 0.0000 0.0000 0.3682 0.0000 0.2321 0.0000 0.2094 0.0194
41       41   (0)      2  : 0.1472 0.0000 0.0000 0.0000 0.1014 0.0000 0.2034 0.0000 0.5480 0.0000
42       42   (0)      2  : 0.8084 0.0000 0.0000 0.0000 0.0000 0.0000 0.1916 0.0000 0.0000 0.0000
43       43   (0)      2  : 0.3066 0.0000 0.0061 0.0000 0.2090 0.0000 0.2833 0.0000 0.1907 0.0043
44       44   (0)      2  : 0.0000 0.7781 0.0000 0.0000 0.0000 0.0000 0.0000 0.2219 0.0000 0.0000
45       45   (0)      2  : 0.0000 0.0000 0.0000 0.0000 0.0000 0.0000 0.0000 1.0000 0.0000 0.0000
46       46   (0)      2  : 0.0000 0.0000 0.0000 0.1933 0.0000 0.0000 0.0000 0.8067 0.0000 0.0000
47       47   (0)      2  : 0.0000 0.0000 0.0000 0.0000 0.1417 0.0000 0.3281 0.0000 0.5302 0.0000
48       48   (0)      2  : 0.0000 0.2153 0.0000 0.0000 0.0000 0.0339 0.0000 0.7508 0.0000 0.0000
49       49   (0)      1  : 0.0000 0.0000 0.0000 0.0000 1.0000 0.0000 0.0000 0.0000 0.0000 0.0000
50       50   (0)      1  : 0.0000 0.0000 0.0000 0.0000 0.0000 0.0000 0.2547 0.0000 0.7453 0.0000
51       51   (0)      1  : 0.0000 0.0000 0.0000 0.0000 0.0000 0.0000 0.0000 0.0000 1.0000 0.0000
52       52   (0)      1  : 0.4447 0.0000 0.0000 0.0000 0.3174 0.0000 0.1678 0.0000 0.0700 0.0000
53       53   (0)      1  : 0.2944 0.0000 0.0243 0.0000 0.1003 0.0000 0.5808 0.0000 0.0000 0.0003
54       54   (0)      1  : 0.7660 0.0000 0.0000 0.0000 0.1396 0.0000 0.0000 0.0000 0.0943 0.0000
55       55   (0)      1  : 0.2656 0.0000 0.0062 0.0000 0.2636 0.0000 0.2281 0.0000 0.1970 0.0394
56       56   (0)      3  : 0.0000 0.0000 0.0000 0.8795 0.0000 0.1205 0.0000 0.0000 0.0000 0.0000
57       57   (0)      3  : 0.0000 0.4542 0.0000 0.5251 0.0000 0.0207 0.0000 0.0000 0.0000 0.0000
58       58   (0)      3  : 0.0000 1.0000 0.0000 0.0000 0.0000 0.0000 0.0000 0.0000 0.0000 0.0000
59       59   (0)      3  : 0.0000 0.0000 0.0000 0.9843 0.0000 0.0157 0.0000 0.0000 0.0000 0.0000
60       60   (0)      3  : 0.0000 0.1590 0.0000 0.3663 0.0000 0.0668 0.0000 0.4079 0.0000 0.0000
61       61   (0)      3  : 0.0000 0.8214 0.0000 0.1786 0.0000 0.0000 0.0000 0.0000 0.0000 0.0000
62       62   (0)      3  : 0.0000 0.5800 0.0000 0.2190 0.0000 0.0000 0.0000 0.2010 0.0000 0.0000
63       63   (0)      4  : 0.0000 0.0000 0.5000 0.0000 0.0000 0.0000 0.0000 0.0000 0.0000 0.5000
64       64   (0)      4  : 0.3324 0.0000 0.0000 0.0000 0.0541 0.0000 0.1833 0.0000 0.4302 0.0000
65       65   (0)      4  : 0.6135 0.0000 0.0154 0.0000 0.0000 0.0000 0.2003 0.0000 0.1708 0.0000
66       66   (0)      3  : 0.0000 0.3760 0.0000 0.4672 0.0000 0.0000 0.0000 0.1567 0.0000 0.0000
67       67   (0)      3  : 0.0000 0.0000 0.0000 0.5419 0.0000 0.0314 0.0000 0.4267 0.0000 0.0000
68       68   (0)      3  : 0.0000 0.0000 0.0000 0.0000 0.0000 1.0000 0.0000 0.0000 0.0000 0.0000
69       69   (0)      3  : 0.0000 0.0000 0.0000 0.9272 0.0000 0.0728 0.0000 0.0000 0.0000 0.0000
70       70   (0)      3  : 0.0000 0.1161 0.0000 0.8839 0.0000 0.0000 0.0000 0.0000 0.0000 0.0000
71       71   (0)      3  : 0.0000 0.0000 0.0000 0.0000 0.0000 0.0408 0.0000 0.9592 0.0000 0.0000
72       72   (0)      4  : 0.3084 0.0000 0.0000 0.0000 0.0000 0.0000 0.5000 0.0000 0.1709 0.0207
73       73   (0)      4  : 0.1734 0.0000 0.0000 0.0579 0.3007 0.0000 0.2101 0.0000 0.2579 0.0000
74       74   (0)      4  : 0.6782 0.0000 0.0000 0.0000 0.0000 0.0000 0.1558 0.0000 0.1659 0.0000
75       75   (0)      4  : 0.4772 0.0000 0.0000 0.0000 0.3374 0.0000 0.1445 0.0000 0.0000 0.0410
76       76   (0)      4  : 0.0000 0.0000 0.0246 0.0000 0.1766 0.0000 0.6118 0.0000 0.1870 0.0000
77       77   (0)      4  : 0.0000 0.0000 0.0000 0.0000 0.7437 0.0000 0.2563 0.0000 0.0000 0.0000
78       78   (0)      4  : 0.0000 0.0000 0.0000 0.0000 0.0000 0.0000 0.2262 0.0000 0.7738 0.0000
79       79   (0)      3  : 0.5000 0.0000 0.0000 0.0000 0.0000 0.0000 0.1847 0.0000 0.3153 0.0000
80       80   (0)      3  : 0.0000 0.0000 0.0000 0.8800 0.0000 0.0000 0.0000 0.1200 0.0000 0.0000
81       81   (0)      3  : 0.0000 0.4922 0.0000 0.1460 0.0000 0.0000 0.0000 0.3618 0.0000 0.0000
82       82   (0)      3  : 0.0000 0.0000 0.0000 0.2129 0.0000 0.0837 0.0000 0.7034 0.0000 0.0000
83       83   (0)      3  : 0.1121 0.0000 0.0022 0.0000 0.2677 0.0000 0.2540 0.0000 0.3615 0.0026
84       84   (0)      3  : 0.0000 0.0000 0.0000 0.0000 0.0000 0.0000 1.0000 0.0000 0.0000 0.0000
85       85   (0)      3  : 0.0000 0.3820 0.0000 0.6180 0.0000 0.0000 0.0000 0.0000 0.0000 0.0000
86       86   (0)      3  : 0.0000 0.2673 0.0000 0.0000 0.0000 0.0000 0.0000 0.7327 0.0000 0.0000
87       87   (0)      3  : 0.0000 0.7091 0.0000 0.1257 0.0000 0.0160 0.0276 0.1216 0.0000 0.0000
88       88   (0)      3  : 0.0000 0.0000 0.0000 0.7723 0.0000 0.0000 0.0000 0.2277 0.0000 0.0000
89       89   (0)      4  : 0.6474 0.0000 0.0162 0.0000 0.2954 0.0000 0.0000 0.0149 0.0000 0.0262
90       90   (0)      3  : 0.0000 0.4286 0.0000 0.3925 0.0000 0.0000 0.0000 0.1788 0.0000 0.0000
91       91   (0)      3  : 0.0000 0.1712 0.0000 0.0000 0.0000 0.0168 0.0000 0.8120 0.0000 0.0000
92       92   (0)      3  : 0.0000 0.2288 0.0000 0.0012 0.0000 0.2474 0.0000 0.5226 0.0000 0.0000
93       93   (0)      3  : 0.0000 0.0000 0.0000 0.9815 0.0000 0.0185 0.0000 0.0000 0.0000 0.0000
94       94   (0)      3  : 0.1777 0.2366 0.0104 0.3842 0.0000 0.0000 0.0000 0.1911 0.0000 0.0000
95       95   (0)      4  : 0.2778 0.0042 0.0172 0.0895 0.2858 0.0139 0.0641 0.0070 0.2306 0.0100
96       96   (0)      4  : 0.1486 0.0000 0.0000 0.0000 0.7078 0.0000 0.0020 0.0000 0.1416 0.0000
97       97   (0)      4  : 0.0000 0.0000 0.0000 0.0000 0.0000 0.0000 0.0000 0.0000 1.0000 0.0000
98       98   (0)      4  : 0.1269 0.0000 0.0291 0.0000 0.4765 0.0000 0.2649 0.0000 0.0000 0.1027
99       99   (0)      4  : 0.2850 0.0000 0.0000 0.0000 0.3908 0.0000 0.2441 0.0000 0.0215 0.0587
100      100   (0)      4  : 0.0000 0.0000 0.0000 0.0000 1.0000 0.0000 0.0000 0.0000 0.0000 0.0000
101      101   (0)      4  : 1.0000 0.0000 0.0000 0.0000 0.0000 0.0000 0.0000 0.0000 0.0000 0.0000
102      102   (0)      4  : 0.0000 0.0000 0.0000 0.0000 0.3751 0.0000 0.0000 0.0000 0.6249 0.0000
103      103   (0)      4  : 0.0000 0.0000 0.5000 0.0000 0.0000 0.0000 0.0000 0.0000 0.0000 0.5000
104      104   (0)      4  : 0.9284 0.0000 0.0000 0.0000 0.0000 0.0000 0.0466 0.0000 0.0000 0.0250
105      105   (0)      4  : 0.1932 0.0000 0.0204 0.0000 0.1915 0.0000 0.1447 0.0000 0.4503 0.0000
106      106   (0)      4  : 1.0000 0.0000 0.0000 0.0000 0.0000 0.0000 0.0000 0.0000 0.0000 0.0000
107      107   (0)      4  : 0.0000 0.0000 0.0000 0.0000 0.9286 0.0000 0.0000 0.0000 0.0000 0.0714
108      108   (0)      4  : 0.0000 0.0000 0.0000 0.0000 0.0000 0.0000 1.0000 0.0000 0.0000 0.0000
109      109   (0)      4  : 1.0000 0.0000 0.0000 0.0000 0.0000 0.0000 0.0000 0.0000 0.0000 0.0000
110      110   (0)      4  : 0.1613 0.0000 0.0994 0.0000 0.4247 0.0000 0.3142 0.0000 0.0000 0.0003
111      111   (0)      4  : 0.0000 0.0000 1.0000 0.0000 0.0000 0.0000 0.0000 0.0000 0.0000 0.0000
112      112   (0)      4  : 0.0000 0.0000 0.0000 0.0000 0.0000 0.0000 0.0000 0.0000 0.0000 1.0000
113      113   (0)      4  : 0.0000 0.0000 0.0000 1.0000 0.0000 0.0000 0.0000 0.0000 0.0000 0.0000
114      114   (0)      4  : 0.6543 0.0000 0.0040 0.0000 0.0000 0.0000 0.1940 0.0000 0.1477 0.0000
115      115   (0)      4  : 0.7442 0.0000 0.0000 0.0000 0.0000 0.0000 0.2558 0.0000 0.0000 0.0000
116      116   (0)      4  : 0.3390 0.0000 0.0053 0.0000 0.0972 0.0000 0.5585 0.0000 0.0000 0.0000
