1        1   (0)      1  : 0.0000 1.0000 0.0000 0.0000 0.0000 0.0000 0.0000 0.0000 0.0000
2        2   (0)      1  : 0.0000 0.0000 0.0000 0.0000 0.0000 0.0000 0.0000 0.5225 0.4775
3        3   (0)      1  : 0.0000 0.8929 0.0000 0.0000 0.1071 0.0000 0.0000 0.0000 0.0000
4        4   (0)      1  : 0.0000 0.0000 0.0000 0.0000 0.0000 0.0986 0.0000 0.2981 0.6033
5        5   (0)      1  : 0.0000 0.9816 0.0000 0.0000 0.0184 0.0000 0.0000 0.0000 0.0000
6        6   (0)      1  : 0.0000 0.8012 0.0000 0.0000 0.1988 0.0000 0.0000 0.0000 0.0000
7        7   (0)      1  : 0.0597 0.0261 0.2484 0.0000 0.0000 0.0000 0.0000 0.4821 0.1837
8        8   (0)      1  : 0.0000 0.0000 0.2931 0.0000 0.0000 0.0958 0.0000 0.4307 0.1804
9        9   (0)      1  : 0.0000 1.0000 0.0000 0.0000 0.0000 0.0000 0.0000 0.0000 0.0000
10       10   (0)      2  : 0.0000 0.0000 0.7999 0.0000 0.0000 0.0000 0.0000 0.0000 0.2001
11       11   (0)      2  : 0.0000 0.0000 0.9836 0.0000 0.0000 0.0000 0.0000 0.0164 0.0000
12       12   (0)      2  : 0.0000 0.0000 0.4554 0.0000 0.0000 0.0000 0.0000 0.3026 0.2420
13       13   (0)      3  : 0.0000 0.0000 0.0000 0.0000 0.7990 0.0000 0.2010 0.0000 0.0000
14       14   (0)      3  : 0.0000 0.0000 0.0000 0.0000 0.9996 0.0000 0.0004 0.0000 0.0000
15       15   (0)      3  : 0.0000 0.0000 0.0000 0.0000 1.0000 0.0000 0.0000 0.0000 0.0000
16       16   (0)      3  : 0.0000 0.0000 0.0000 0.0000 1.0000 0.0000 0.0000 0.0000 0.0000
17       17   (0)      3  : 0.0000 0.3759 0.0000 0.0000 0.4257 0.0000 0.1984 0.0000 0.0000
18       18   (0)      3  : 0.0000 0.0000 0.0000 0.0000 1.0000 0.0000 0.0000 0.0000 0.0000
19       19   (0)      3  : 0.0000 0.0000 0.5314 0.0090 0.0067 0.3147 0.0000 0.0629 0.0753
20       20   (0)      3  : 0.1398 0.0000 0.3974 0.0006 0.0000 0.3758 0.0000 0.0864 0.0000
21       21   (0)      2  : 0.0000 0.1271 0.6461 0.0000 0.0000 0.0000 0.0000 0.0987 0.1281
22       22   (0)      2  : 0.0000 0.0000 0.7367 0.0000 0.0000 0.0000 0.0000 0.2633 0.0000
23       23   (0)      2  : 0.0000 0.0000 0.4260 0.0000 0.0000 0.0000 0.0000 0.5740 0.0000
24       24   (0)      2  : 0.0000 0.0000 0.7358 0.0000 0.0000 0.0000 0.0000 0.2642 0.0000
25       25   (0)      2  : 0.0000 0.0000 1.0000 0.0000 0.0000 0.0000 0.0000 0.0000 0.0000
26       26   (0)      2  : 0.0000 0.0000 1.0000 0.0000 0.0000 0.0000 0.0000 0.0000 0.0000
27       27   (0)      2  : 0.0000 0.0000 0.3806 0.0000 0.0000 0.0000 0.0000 0.3129 0.3064
28       28   (0)      2  : 0.0000 0.0000 0.8986 0.0000 0.0000 0.0000 0.0000 0.1014 0.0000
29       29   (0)      2  : 0.0000 0.0000 0.8025 0.0000 0.0000 0.0000 0.0000 0.0000 0.1975
30       30   (0)      2  : 0.0000 0.0000 0.8469 0.0000 0.0000 0.0000 0.0000 0.1119 0.0412
31       31   (0)      2  : 0.0000 0.0468 0.0000 0.0000 0.0000 0.0000 0.0000 0.0000 0.9532
32       32   (0)      2  : 0.0000 0.0000 0.0000 0.0000 0.0000 0.0000 0.0000 0.0000 1.0000
33       33   (0)      2  : 0.0000 0.0000 0.8042 0.0000 0.0000 0.0000 0.0000 0.0000 0.1958
34       34   (0)      2  : 0.0000 0.0000 0.6464 0.0000 0.0000 0.0000 0.0000 0.0000 0.3536
35       35   (0)      2  : 0.0000 0.0000 0.9414 0.0000 0.0000 0.0000 0.0000 0.0000 0.0586
36       36   (0)      2  : 0.0000 0.0000 0.6581 0.0000 0.0000 0.0000 0.0000 0.3419 0.0000
37       37   (0)      2  : 0.0000 0.6850 0.0431 0.0000 0.2101 0.0000 0.0000 0.0000 0.0618
38       38   (0)      2  : 0.0000 0.0000 1.0000 0.0000 0.0000 0.0000 0.0000 0.0000 0.0000
39       39   (0)      2  : 0.0000 0.0000 0.5701 0.0000 0.0000 0.0000 0.0000 0.0000 0.4299
40       40   (0)      2  : 0.0000 0.0000 0.6699 0.0000 0.0000 0.0000 0.0000 0.2201 0.1100
41       41   (0)      2  : 0.0000 0.0000 0.9147 0.0000 0.0000 0.0000 0.0849 0.0000 0.0004
42       42   (0)      2  : 0.0000 0.0000 0.6506 0.0000 0.0000 0.0000 0.0000 0.3494 0.0000
43       43   (0)      4  : 1.0000 0.0000 0.0000 0.0000 0.0000 0.0000 0.0000 0.0000 0.0000
44       44   (0)      4  : 0.9637 0.0294 0.0000 0.0000 0.0000 0.0000 0.0069 0.0000 0.0000
45       45   (0)      4  : 0.9094 0.0000 0.0000 0.0906 0.0000 0.0000 0.0000 0.0000 0.0000
46       46   (0)      4  : 0.7842 0.0000 0.0057 0.0855 0.0000 0.1246 0.0000 0.0000 0.0000
47       47   (0)      4  : 0.9242 0.0346 0.0000 0.0000 0.0000 0.0000 0.0412 0.0000 0.0000
48       48   (0)      4  : 0.2528 0.0000 0.0000 0.0000 0.3958 0.0000 0.3514 0.0000 0.0000
49       49   (0)      4  : 0.1183 0.0000 0.0000 0.0000 0.5164 0.0000 0.3653 0.0000 0.0000
50       50   (0)      4  : 1.0000 0.0000 0.0000 0.0000 0.0000 0.0000 0.0000 0.0000 0.0000
51       51   (0)      4  : 0.9526 0.0000 0.0000 0.0000 0.0000 0.0474 0.0000 0.0000 0.0000
52       52   (0)      4  : 0.6514 0.0289 0.0064 0.2249 0.0213 0.0000 0.0176 0.0119 0.0375
53       53   (0)      4  : 0.7676 0.0000 0.0000 0.1548 0.0000 0.0000 0.0773 0.0000 0.0003
54       54   (0)      4  : 0.1173 0.0929 0.0000 0.0000 0.2417 0.0000 0.5481 0.0000 0.0000
55       55   (0)      4  : 0.1187 0.0624 0.0000 0.0000 0.4032 0.0000 0.4157 0.0000 0.0000
56       56   (0)      4  : 0.2625 0.0000 0.0000 0.0000 0.5060 0.0000 0.2315 0.0000 0.0000
57       57   (0)      4  : 0.8398 0.0000 0.0000 0.1602 0.0000 0.0000 0.0000 0.0000 0.0000
58       58   (0)      4  : 0.9263 0.0000 0.0032 0.0000 0.0000 0.0705 0.0000 0.0000 0.0000
59       59   (0)      4  : 1.0000 0.0000 0.0000 0.0000 0.0000 0.0000 0.0000 0.0000 0.0000
60       60   (0)      4  : 1.0000 0.0000 0.0000 0.0000 0.0000 0.0000 0.0000 0.0000 0.0000
61       61   (0)      4  : 0.9318 0.0000 0.0000 0.0000 0.0000 0.0682 0.0000 0.0000 0.0000
62       62   (0)      4  : 0.9539 0.0000 0.0000 0.0000 0.0000 0.0000 0.0000 0.0063 0.0398
63       63   (0)      4  : 1.0000 0.0000 0.0000 0.0000 0.0000 0.0000 0.0000 0.0000 0.0000
64       64   (0)      4  : 0.9817 0.0000 0.0000 0.0000 0.0000 0.0000 0.0183 0.0000 0.0000
65       65   (0)      4  : 0.0000 0.0358 0.0000 0.0000 0.4108 0.0000 0.5534 0.0000 0.0000
66       66   (0)      4  : 0.9333 0.0000 0.0010 0.0000 0.0000 0.0651 0.0000 0.0006 0.0000
67       67   (0)      4  : 0.8586 0.0000 0.0000 0.1414 0.0000 0.0000 0.0000 0.0000 0.0000
68       68   (0)      4  : 0.1394 0.0578 0.0000 0.0000 0.3746 0.0000 0.3676 0.0000 0.0606
69       69   (0)      4  : 0.8390 0.0000 0.0000 0.0000 0.0000 0.0000 0.0000 0.1610 0.0000
70       70   (0)      4  : 0.9977 0.0000 0.0000 0.0000 0.0000 0.0000 0.0023 0.0000 0.0000
71       71   (0)      4  : 0.0456 0.0000 0.0000 0.0000 0.4485 0.0000 0.5059 0.0000 0.0000
72       72   (0)      5  : 0.0000 0.0000 0.0000 0.0000 0.0000 0.8727 0.0000 0.0000 0.1273
73       73   (0)      5  : 0.0293 0.0000 0.0000 0.3680 0.0270 0.4856 0.0000 0.0901 0.0000
74       74   (0)      5  : 0.0498 0.0000 0.0000 0.1916 0.0000 0.7020 0.0000 0.0566 0.0000
75       75   (0)      5  : 0.0000 0.0000 0.0000 0.0000 0.0000 0.8474 0.0000 0.1526 0.0000
76       76   (0)      5  : 0.1368 0.0742 0.1298 0.1911 0.0000 0.4360 0.0000 0.0321 0.0000
77       77   (0)      5  : 0.0000 0.0000 0.0000 0.0723 0.0000 0.9277 0.0000 0.0000 0.0000
78       78   (0)      5  : 0.0000 0.0000 0.0000 0.0000 0.0000 1.0000 0.0000 0.0000 0.0000
79       79   (0)      5  : 0.0000 0.0000 0.0000 0.0000 0.0000 1.0000 0.0000 0.0000 0.0000
80       80   (0)      5  : 0.0000 0.0000 0.0000 0.0207 0.7233 0.1017 0.1543 0.0000 0.0000
81       81   (0)      5  : 0.0000 0.0000 0.0000 0.0000 0.5020 0.4980 0.0000 0.0000 0.0000
82       82   (0)      5  : 0.2691 0.0000 0.0000 0.2386 0.0000 0.4924 0.0000 0.0000 0.0000
83       83   (0)      5  : 0.0000 0.0000 0.0000 0.0000 0.0000 1.0000 0.0000 0.0000 0.0000
84       84   (0)      5  : 0.0000 0.0000 0.0000 0.0000 0.0000 1.0000 0.0000 0.0000 0.0000
85       85   (0)      5  : 0.0000 0.0000 0.0000 0.0000 0.0000 1.0000 0.0000 0.0000 0.0000
86       86   (0)      5  : 0.0000 0.0000 0.0000 0.0000 0.0000 1.0000 0.0000 0.0000 0.0000
87       87   (0)      5  : 0.0000 0.0000 0.0000 0.0000 0.0000 0.9059 0.0000 0.0941 0.0000
88       88   (0)      5  : 0.0000 0.0000 0.0000 0.0000 0.0000 1.0000 0.0000 0.0000 0.0000
89       89   (0)      5  : 0.0000 0.0000 0.0000 0.0000 0.0000 0.8887 0.0000 0.0000 0.1113
90       90   (0)      5  : 0.0000 0.0000 0.0000 0.0000 0.0000 1.0000 0.0000 0.0000 0.0000
91       91   (0)      5  : 0.0000 0.0000 0.0000 0.0000 0.0000 1.0000 0.0000 0.0000 0.0000
92       92   (0)      5  : 0.0000 0.0000 0.0000 0.0000 0.6922 0.1969 0.1108 0.0000 0.0000
93       93   (0)      5  : 0.0133 0.0000 0.0653 0.0043 0.0000 0.9153 0.0018 0.0000 0.0000
94       94   (0)      5  : 0.0124 0.0000 0.0000 0.2827 0.0000 0.7048 0.0000 0.0000 0.0000
95       95   (0)      5  : 0.1668 0.0000 0.0000 0.0461 0.0000 0.7872 0.0000 0.0000 0.0000
96       96   (0)      5  : 0.1315 0.0000 0.0424 0.1708 0.0000 0.6554 0.0000 0.0000 0.0000
97       97   (0)      6  : 0.1478 0.0000 0.0049 0.0000 0.0173 0.4126 0.0000 0.4173 0.0000
98       98   (0)      6  : 0.0000 0.0000 0.0000 0.0118 0.0000 0.0000 0.0000 0.9882 0.0000
99       99   (0)      6  : 0.0000 0.7461 0.0000 0.0000 0.1145 0.0000 0.1394 0.0000 0.0000
100      100   (0)      6  : 0.1633 0.0000 0.0365 0.0000 0.0000 0.1670 0.0000 0.6185 0.0147
101      101   (0)      6  : 0.0000 0.2125 0.0000 0.0000 0.7875 0.0000 0.0000 0.0000 0.0000
102      102   (0)      6  : 0.0000 0.7812 0.0000 0.0000 0.0437 0.0000 0.1183 0.0000 0.0568
103      103   (0)      6  : 0.0000 0.4069 0.0000 0.0000 0.5681 0.0000 0.0096 0.0000 0.0155
104      104   (0)      6  : 0.0306 0.0164 0.0000 0.0004 0.0000 0.3365 0.0000 0.0000 0.6161
105      105   (0)      6  : 0.0000 0.6918 0.0000 0.0000 0.3082 0.0000 0.0000 0.0000 0.0000
106      106   (0)      6  : 0.0000 0.0000 0.0000 0.0000 0.0000 0.1784 0.0000 0.8216 0.0000
107      107   (0)      3  : 0.0000 0.2445 0.0000 0.0000 0.7555 0.0000 0.0000 0.0000 0.0000
108      108   (0)      3  : 0.1461 0.0000 0.0000 0.0996 0.0000 0.3002 0.0000 0.4541 0.0000
109      109   (0)      3  : 0.0000 0.0000 0.0000 0.0000 1.0000 0.0000 0.0000 0.0000 0.0000
110      110   (0)      2  : 0.0000 0.0000 0.0000 0.0000 0.0000 0.0000 0.0000 1.0000 0.0000
111      111   (0)      2  : 0.0000 0.4173 0.0000 0.0000 0.5212 0.0000 0.0000 0.0000 0.0615
112      112   (0)      3  : 0.0000 0.0000 0.0000 0.0000 1.0000 0.0000 0.0000 0.0000 0.0000
113      113   (0)      2  : 0.0000 0.0000 0.6667 0.0000 0.0000 0.0000 0.0000 0.0000 0.3333
114      114   (0)      2  : 0.0000 0.3524 0.0000 0.0000 0.6157 0.0000 0.0000 0.0000 0.0319
115      115   (0)      3  : 0.0000 0.1525 0.0000 0.0000 0.8475 0.0000 0.0000 0.0000 0.0000
116      116   (0)      3  : 0.0000 0.0000 0.0000 0.0000 0.9948 0.0000 0.0052 0.0000 0.0000
117      117   (0)      3  : 0.0000 0.0007 0.0000 0.0000 0.8765 0.0000 0.1228 0.0000 0.0000
118      118   (0)      3  : 0.0000 0.1380 0.0000 0.0000 0.8620 0.0000 0.0000 0.0000 0.0000
119      119   (0)      3  : 0.0000 0.1514 0.0000 0.0000 0.8486 0.0000 0.0000 0.0000 0.0000
120      120   (0)      3  : 0.0703 0.0000 0.1955 0.0194 0.0000 0.3237 0.0000 0.3910 0.0000
121      121   (0)      3  : 0.0000 0.0000 0.0000 0.0000 1.0000 0.0000 0.0000 0.0000 0.0000
122      122   (0)      3  : 0.0000 0.1318 0.0000 0.0000 0.7273 0.0000 0.1070 0.0000 0.0339
123      123   (0)      3  : 0.0000 0.0209 0.0000 0.0936 0.7192 0.0000 0.0958 0.0000 0.0705
124      124   (0)      3  : 0.0000 0.0000 0.0000 0.0000 1.0000 0.0000 0.0000 0.0000 0.0000
125      125   (0)      3  : 0.1026 0.0000 0.3594 0.0119 0.0001 0.1382 0.0000 0.1331 0.2547
126      126   (0)      3  : 0.0000 0.0000 0.0000 0.0000 1.0000 0.0000 0.0000 0.0000 0.0000
127      127   (0)      3  : 0.0000 0.0000 0.2284 0.0000 0.0000 0.1973 0.0000 0.5199 0.0544
128      128   (0)      3  : 0.0000 0.0000 0.0000 0.0000 1.0000 0.0000 0.0000 0.0000 0.0000
129      129   (0)      6  : 0.0000 0.1592 0.0000 0.0000 0.6332 0.0000 0.0000 0.0000 0.2077
130      130   (0)      6  : 0.0000 0.0000 0.0000 0.1873 0.0000 0.1908 0.0000 0.6219 0.0000
131      131   (0)      6  : 0.0000 0.3532 0.0000 0.0000 0.5923 0.0000 0.0545 0.0000 0.0000
132      132   (0)      6  : 0.0000 0.0000 0.1888 0.0000 0.0000 0.2513 0.0000 0.5550 0.0049
133      133   (0)      6  : 0.0000 1.0000 0.0000 0.0000 0.0000 0.0000 0.0000 0.0000 0.0000
134      134   (0)      6  : 0.0000 0.3593 0.0000 0.0000 0.6013 0.0000 0.0000 0.0394 0.0000
135      135   (0)      6  : 0.0000 0.3316 0.0000 0.0000 0.6284 0.0000 0.0000 0.0000 0.0400
136      136   (0)      6  : 0.0000 0.3867 0.0000 0.0000 0.5678 0.0000 0.0363 0.0000 0.0092
137      137   (0)      6  : 0.0000 0.4035 0.0000 0.0000 0.5965 0.0000 0.0000 0.0000 0.0000
138      138   (0)      6  : 0.0000 0.3861 0.0000 0.0000 0.6139 0.0000 0.0000 0.0000 0.0000
139      139   (0)      6  : 0.0000 0.0961 0.0000 0.0000 0.7445 0.0000 0.0000 0.0000 0.1594
140      140   (0)      6  : 0.1122 0.0000 0.2265 0.1212 0.0120 0.0958 0.0000 0.3037 0.1285
141      141   (0)      1  : 0.0000 0.0000 0.0000 0.0000 0.0000 0.0000 0.0000 1.0000 0.0000
142      142   (0)      1  : 0.0000 0.3512 0.0000 0.0000 0.5314 0.0000 0.0000 0.1174 0.0000
143      143   (0)      1  : 0.0000 0.0000 0.1372 0.1376 0.0000 0.0000 0.0000 0.7252 0.0000
144      144   (0)      1  : 0.0000 0.0000 0.0000 0.0000 0.0000 0.0000 0.0000 0.5970 0.4030
145      145   (0)      1  : 0.0000 0.0000 0.0000 0.0000 0.0000 0.0000 0.0000 1.0000 0.0000
146      146   (0)      1  : 0.0000 1.0000 0.0000 0.0000 0.0000 0.0000 0.0000 0.0000 0.0000
147      147   (0)      6  : 0.0000 0.5199 0.0000 0.0000 0.4801 0.0000 0.0000 0.0000 0.0000
148      148   (0)      6  : 0.0000 0.0000 0.0000 0.0000 0.0000 0.0004 0.0000 0.9996 0.0000
149      149   (0)      6  : 0.0000 0.7349 0.0000 0.0000 0.0676 0.0000 0.1093 0.0000 0.0881
150      150   (0)      6  : 0.0381 0.5338 0.0000 0.0000 0.3594 0.0000 0.0000 0.0001 0.0686
151      151   (0)      6  : 0.0000 0.9785 0.0000 0.0000 0.0215 0.0000 0.0000 0.0000 0.0000
152      152   (0)      6  : 0.0000 0.3702 0.0000 0.0000 0.6298 0.0000 0.0000 0.0000 0.0000
153      153   (0)      6  : 0.0000 0.0000 0.0000 0.0000 0.0000 0.1456 0.0000 0.8544 0.0000
154      154   (0)      1  : 0.0000 0.0000 0.0000 0.0000 0.0000 0.0000 0.0000 1.0000 0.0000
155      155   (0)      1  : 0.0000 1.0000 0.0000 0.0000 0.0000 0.0000 0.0000 0.0000 0.0000
156      156   (0)      1  : 0.0000 1.0000 0.0000 0.0000 0.0000 0.0000 0.0000 0.0000 0.0000
157      157   (0)      1  : 0.0000 1.0000 0.0000 0.0000 0.0000 0.0000 0.0000 0.0000 0.0000
158      158   (0)      1  : 0.0000 0.0004 0.1501 0.0000 0.0000 0.0000 0.0000 0.6562 0.1933
159      159   (0)      1  : 0.0000 0.0000 0.0000 0.0000 0.0000 0.0000 0.0000 1.0000 0.0000
160      160   (0)      1  : 0.0000 0.0000 0.3203 0.0000 0.0000 0.0000 0.0000 0.6797 0.0000
161      161   (0)      1  : 0.0000 1.0000 0.0000 0.0000 0.0000 0.0000 0.0000 0.0000 0.0000
162      162   (0)      1  : 0.0000 0.0000 0.0000 0.0000 0.0000 0.0000 0.0000 0.6408 0.3592
163      163   (0)      1  : 0.0000 0.0000 0.3260 0.0000 0.0000 0.0000 0.0000 0.5354 0.1386
164      164   (0)      1  : 0.0000 1.0000 0.0000 0.0000 0.0000 0.0000 0.0000 0.0000 0.0000
165      165   (0)      1  : 0.0000 1.0000 0.0000 0.0000 0.0000 0.0000 0.0000 0.0000 0.0000
166      166   (0)      1  : 0.0000 0.0000 0.0000 0.0000 0.0000 0.0000 0.0000 0.0000 1.0000
167      167   (0)      1  : 0.0000 1.0000 0.0000 0.0000 0.0000 0.0000 0.0000 0.0000 0.0000
168      168   (0)      7  : 0.0000 0.0000 0.0000 0.6654 0.0000 0.0000 0.0000 0.3346 0.0000
169      169   (0)      7  : 0.0000 0.0000 0.0628 0.6603 0.0000 0.1220 0.0000 0.0000 0.1549
170      170   (0)      7  : 0.0000 0.0695 0.0000 0.8102 0.0000 0.0000 0.1203 0.0000 0.0000
171      171   (0)      7  : 0.0000 0.0102 0.0000 0.8222 0.0000 0.0000 0.1492 0.0000 0.0185
172      172   (0)      7  : 0.0000 0.0000 0.0000 1.0000 0.0000 0.0000 0.0000 0.0000 0.0000
173      173   (0)      7  : 0.0000 0.0000 0.0000 0.8167 0.0000 0.1833 0.0000 0.0000 0.0000
174      174   (0)      7  : 0.0000 0.0000 0.0000 1.0000 0.0000 0.0000 0.0000 0.0000 0.0000
175      175   (0)      7  : 0.0000 0.0000 0.0000 0.0000 0.0000 0.0000 1.0000 0.0000 0.0000
176      176   (0)      7  : 0.0000 0.0000 0.0000 1.0000 0.0000 0.0000 0.0000 0.0000 0.0000
177      177   (0)      7  : 0.0000 0.0000 0.0000 1.0000 0.0000 0.0000 0.0000 0.0000 0.0000
178      178   (0)      7  : 0.0000 0.0000 0.0000 0.0000 0.1126 0.0000 0.8874 0.0000 0.0000
179      179   (0)      7  : 0.0000 0.0000 0.0000 0.0000 0.0000 0.0000 1.0000 0.0000 0.0000
180      180   (0)      7  : 0.0000 0.0000 0.0000 1.0000 0.0000 0.0000 0.0000 0.0000 0.0000
181      181   (0)      7  : 0.0001 0.0000 0.0086 0.9366 0.0000 0.0547 0.0000 0.0000 0.0000
182      182   (0)      7  : 0.0000 0.0000 0.0000 0.9091 0.0000 0.0909 0.0000 0.0000 0.0000
183      183   (0)      7  : 0.0000 0.0000 0.0000 0.7151 0.0000 0.0000 0.2154 0.0000 0.0694
184      184   (0)      7  : 0.0000 0.0000 0.0000 0.0000 0.0000 0.0000 1.0000 0.0000 0.0000
185      185   (0)      7  : 0.0000 0.0000 0.0000 1.0000 0.0000 0.0000 0.0000 0.0000 0.0000
186      186   (0)      7  : 0.0000 0.0000 0.0000 0.0000 0.0000 0.0000 1.0000 0.0000 0.0000
187      187   (0)      7  : 0.0000 0.0000 0.0000 0.8665 0.0000 0.1335 0.0000 0.0000 0.0000
188      188   (0)      7  : 0.0000 0.0000 0.0000 0.0000 0.0000 0.0000 1.0000 0.0000 0.0000
189      189   (0)      7  : 0.0000 0.0000 0.0000 0.5792 0.0000 0.1430 0.2777 0.0000 0.0000
190      190   (0)      7  : 0.0000 0.0000 0.1100 0.6477 0.0000 0.1372 0.0945 0.0000 0.0106
191      191   (0)      7  : 0.0000 0.0000 0.0000 1.0000 0.0000 0.0000 0.0000 0.0000 0.0000
192      192   (0)      7  : 0.0380 0.0000 0.0000 0.5910 0.0000 0.0000 0.3213 0.0496 0.0000
193      193   (0)      7  : 0.0247 0.0000 0.0000 0.9538 0.0000 0.0000 0.0215 0.0000 0.0000
194      194   (0)      7  : 0.0000 0.0000 0.0000 0.0000 0.0000 0.0000 1.0000 0.0000 0.0000
195      195   (0)      7  : 0.0000 0.0000 0.0000 0.7402 0.0000 0.2257 0.0339 0.0000 0.0001
196      196   (0)      7  : 0.0000 0.0000 0.0000 0.0000 0.0000 0.0000 1.0000 0.0000 0.0000
197      197   (0)      7  : 0.0000 0.0000 0.0000 0.0000 0.0000 0.0000 1.0000 0.0000 0.0000
