1        1   (0)      1  : 0.0000 0.0000 0.0000 0.0000 0.2783 0.2741 0.2902 0.0000 0.1575
2        2   (0)      1  : 0.0000 0.0000 0.5324 0.0000 0.0000 0.0000 0.0000 0.0000 0.4676
3        3   (0)      2  : 0.2041 0.2401 0.0857 0.0000 0.0000 0.1580 0.1283 0.1403 0.0436
4        4   (0)      2  : 0.0000 0.0000 0.0000 0.0000 0.6086 0.0000 0.3914 0.0000 0.0000
5        5   (0)      2  : 0.1797 0.0191 0.1757 0.2153 0.0000 0.1283 0.1553 0.1199 0.0066
6        6   (0)      2  : 0.1518 0.0172 0.2078 0.0000 0.4849 0.0000 0.1383 0.0000 0.0000
7        7   (0)      2  : 0.2198 0.1003 0.0000 0.2243 0.0247 0.0005 0.1051 0.1255 0.1997
8        8   (0)      2  : 0.0980 0.2498 0.1930 0.1685 0.0827 0.0000 0.0843 0.0000 0.1236
9        9   (0)      2  : 0.0000 0.3592 0.0000 0.0044 0.0000 0.0000 0.0000 0.0000 0.6364
10       10   (0)      2  : 0.3059 0.2208 0.0000 0.1704 0.1189 0.0000 0.0000 0.1840 0.0000
11       11   (0)      2  : 0.4572 0.0000 0.2153 0.1036 0.0000 0.2239 0.0000 0.0000 0.0000
12       12   (0)      2  : 0.0673 0.0000 0.2402 0.0000 0.2329 0.2191 0.0000 0.0002 0.2403
13       13   (0)      2  : 0.4578 0.2960 0.0000 0.2462 0.0000 0.0000 0.0000 0.0000 0.0000
14       14   (0)      2  : 0.0000 0.0000 0.2105 0.1844 0.0000 0.2551 0.0000 0.2476 0.1025
15       15   (0)      2  : 0.0000 0.5425 0.0000 0.0000 0.0000 0.0000 0.0000 0.3338 0.1237
16       16   (0)      2  : 0.0000 0.0000 0.0000 0.0000 0.0000 0.0002 0.3560 0.0000 0.6438
17       17   (0)      2  : 0.0000 0.0000 0.0000 0.0000 0.0000 0.0000 0.0000 0.0000 1.0000
18       18   (0)      2  : 0.0000 0.0000 0.0000 0.0000 0.0000 0.0000 0.0000 0.0000 1.0000
19       19   (0)      2  : 0.0000 0.1513 0.1114 0.0130 0.1151 0.0144 0.0000 0.2222 0.3727
20       20   (0)      2  : 0.0000 0.0000 0.0000 0.1425 0.1814 0.0568 0.1579 0.2515 0.2098
21       21   (0)      2  : 0.1296 0.1545 0.2753 0.1092 0.2692 0.0000 0.0000 0.0000 0.0622
22       22   (0)      2  : 0.0000 0.1978 0.2773 0.3283 0.0000 0.0000 0.0727 0.0000 0.1239
23       23   (0)      2  : 0.1858 0.2589 0.0000 0.2016 0.1284 0.2253 0.0000 0.0000 0.0000
24       24   (0)      2  : 0.0000 0.0000 1.0000 0.0000 0.0000 0.0000 0.0000 0.0000 0.0000
25       25   (0)      2  : 0.1933 0.1211 0.0000 0.2183 0.0000 0.2622 0.1589 0.0000 0.0462
26       26   (0)      2  : 0.0000 0.0000 0.0000 0.0000 0.0000 0.0000 0.0000 1.0000 0.0000
27       27   (0)      2  : 0.0000 0.0000 0.0000 1.0000 0.0000 0.0000 0.0000 0.0000 0.0000
28       28   (0)      2  : 0.0000 0.3213 0.1857 0.0000 0.1421 0.0000 0.1209 0.1798 0.0502
29       29   (0)      2  : 0.0000 0.3896 0.1460 0.2548 0.0000 0.0492 0.0000 0.0632 0.0972
30       30   (0)      3  : 0.0000 0.0000 1.0000 0.0000 0.0000 0.0000 0.0000 0.0000 0.0000
31       31   (0)      3  : 0.0000 0.0000 0.3060 0.4178 0.0000 0.0000 0.0000 0.0000 0.2763
32       32   (0)      3  : 0.0000 0.2486 0.2101 0.1474 0.1776 0.0039 0.2124 0.0000 0.0000
33       33   (0)      3  : 0.1588 0.1952 0.0000 0.0326 0.1805 0.0000 0.0000 0.1835 0.2495
34       34   (0)      3  : 0.1136 0.0000 0.1099 0.3231 0.0000 0.0020 0.0000 0.2704 0.1811
35       35   (0)      3  : 0.0000 0.1335 0.3001 0.0000 0.2101 0.0000 0.1651 0.0000 0.1912
36       36   (0)      3  : 0.0742 0.0000 0.0000 0.2371 0.2815 0.0000 0.0000 0.2375 0.1696
37       37   (0)      3  : 0.0000 0.2447 0.1727 0.0732 0.1404 0.1022 0.0111 0.0000 0.2557
38       38   (0)      3  : 0.0000 0.0000 0.0000 0.0000 0.5209 0.0000 0.2679 0.0000 0.2112
39       39   (0)      3  : 0.2790 0.0000 0.0103 0.0000 0.3258 0.0000 0.0000 0.1852 0.1997
40       40   (0)      3  : 0.2097 0.2543 0.0000 0.0000 0.0000 0.0000 0.3540 0.1820 0.0000
41       41   (0)      3  : 0.0000 0.0000 0.0000 0.0000 0.6872 0.0000 0.0000 0.0000 0.3128
42       42   (0)      3  : 0.0000 0.0000 0.4554 0.2415 0.0000 0.3031 0.0000 0.0000 0.0000
43       43   (0)      3  : 0.1073 0.1050 0.1973 0.0000 0.1724 0.0029 0.1275 0.2876 0.0000
44       44   (0)      3  : 1.0000 0.0000 0.0000 0.0000 0.0000 0.0000 0.0000 0.0000 0.0000
45       45   (0)      3  : 0.2683 0.0000 0.2166 0.3003 0.0000 0.0000 0.2148 0.0000 0.0000
46       46   (0)      3  : 0.0518 0.0000 0.1519 0.1402 0.0000 0.1185 0.1555 0.1451 0.2368
47       47   (0)      3  : 0.3469 0.0000 0.0000 0.3522 0.0000 0.0036 0.0000 0.1085 0.1888
48       48   (0)      3  : 0.0000 0.0000 0.0000 0.0000 0.0000 1.0000 0.0000 0.0000 0.0000
49       49   (0)      3  : 0.0000 0.0000 0.0000 1.0000 0.0000 0.0000 0.0000 0.0000 0.0000
50       50   (0)      3  : 0.0000 0.2195 0.3465 0.0000 0.0323 0.1956 0.0000 0.2060 0.0000
51       51   (0)      3  : 0.0000 0.0000 0.0000 0.6385 0.0000 0.0000 0.0000 0.0000 0.3615
52       52   (0)      3  : 0.2152 0.1072 0.0000 0.2723 0.0000 0.0000 0.4052 0.0001 0.0000
53       53   (0)      3  : 0.0000 0.0000 0.0000 0.3970 0.0000 0.0000 0.3055 0.2975 0.0000
54       54   (0)      3  : 0.0000 0.0000 0.0000 0.0000 0.0000 0.0000 1.0000 0.0000 0.0000
55       55   (0)      3  : 0.0000 0.0000 0.0000 0.0000 0.0000 0.0000 0.0000 0.6487 0.3513
56       56   (0)      3  : 0.1852 0.1275 0.0286 0.1160 0.0431 0.2035 0.0000 0.1846 0.1115
57       57   (0)      3  : 0.0000 0.2215 0.0000 0.2381 0.0000 0.1161 0.2750 0.1493 0.0000
58       58   (0)      3  : 0.0000 0.0000 0.6766 0.0000 0.0000 0.0000 0.0000 0.0000 0.3234
59       59   (0)      3  : 0.0000 1.0000 0.0000 0.0000 0.0000 0.0000 0.0000 0.0000 0.0000
60       60   (0)      4  : 0.0000 0.0000 0.0000 0.2110 0.3553 0.1109 0.0000 0.0000 0.3229
61       61   (0)      4  : 0.1261 0.0333 0.0000 0.3597 0.1609 0.0000 0.1328 0.0491 0.1383
62       62   (0)      4  : 0.0000 0.0000 0.0042 0.0086 0.0000 0.2556 0.1397 0.4002 0.1917
63       63   (0)      4  : 0.1445 0.1902 0.0000 0.0000 0.1198 0.0000 0.1924 0.1284 0.2248
64       64   (0)      4  : 0.0097 0.1181 0.0000 0.2385 0.0000 0.1333 0.2909 0.0000 0.2095
65       65   (0)      4  : 0.2694 0.0633 0.1587 0.1960 0.0008 0.0058 0.0000 0.0000 0.3061
66       66   (0)      4  : 0.2377 0.0000 0.2484 0.0449 0.0803 0.0000 0.0326 0.2145 0.1416
67       67   (0)      4  : 0.0000 0.0000 0.0000 1.0000 0.0000 0.0000 0.0000 0.0000 0.0000
68       68   (0)      4  : 0.1779 0.0000 0.1534 0.0876 0.1785 0.0000 0.0000 0.1599 0.2427
69       69   (0)      4  : 0.0275 0.0000 0.2882 0.1601 0.0000 0.0000 0.0000 0.1932 0.3311
70       70   (0)      4  : 0.0000 1.0000 0.0000 0.0000 0.0000 0.0000 0.0000 0.0000 0.0000
71       71   (0)      1  : 0.2124 0.0000 0.0000 0.2856 0.0000 0.0926 0.0000 0.0000 0.4095
72       72   (0)      1  : 0.0000 0.0000 0.0000 0.0000 1.0000 0.0000 0.0000 0.0000 0.0000
73       73   (0)      1  : 0.1342 0.2384 0.0402 0.1118 0.0000 0.1375 0.0000 0.3379 0.0000
74       74   (0)      1  : 0.0000 0.3619 0.0000 0.0000 0.3031 0.0000 0.0000 0.0048 0.3302
75       75   (0)      1  : 0.2017 0.0000 0.4638 0.0207 0.0000 0.0000 0.3138 0.0000 0.0000
76       76   (0)      1  : 0.0000 0.0000 0.0000 0.0000 0.0000 1.0000 0.0000 0.0000 0.0000
77       77   (0)      1  : 0.0000 0.0000 0.0000 0.0000 0.0000 0.4938 0.0000 0.5062 0.0000
78       78   (0)      1  : 0.0000 0.0000 0.5883 0.0000 0.4117 0.0000 0.0000 0.0000 0.0000
79       79   (0)      1  : 0.0870 0.1848 0.1556 0.1305 0.0000 0.0000 0.1940 0.0000 0.2482
80       80   (0)      1  : 0.0000 0.0000 0.0000 1.0000 0.0000 0.0000 0.0000 0.0000 0.0000
81       81   (0)      1  : 0.0000 0.0000 0.2071 0.0000 0.3552 0.2814 0.1563 0.0000 0.0000
82       82   (0)      1  : 0.0000 0.0000 0.0000 0.0000 0.0000 0.0000 1.0000 0.0000 0.0000
83       83   (0)      1  : 0.3304 0.0000 0.0000 0.0000 0.0000 0.0000 0.0000 0.0000 0.6696
84       84   (0)      1  : 0.0000 0.0000 0.0000 0.0000 0.0000 1.0000 0.0000 0.0000 0.0000
85       85   (0)      1  : 0.3674 0.0000 0.3325 0.0000 0.0000 0.0000 0.3001 0.0000 0.0000
86       86   (0)      1  : 0.0000 0.0000 0.0000 0.0000 0.0000 0.0000 0.0000 1.0000 0.0000
87       87   (0)      1  : 0.0000 0.0923 0.3071 0.0000 0.0000 0.1402 0.3108 0.0000 0.1496
88       88   (0)      1  : 0.4814 0.5183 0.0004 0.0000 0.0000 0.0000 0.0000 0.0000 0.0000
89       89   (0)      1  : 0.1275 0.0000 0.0000 0.0000 0.3633 0.0000 0.2805 0.2286 0.0000
90       90   (0)      1  : 0.2282 0.0000 0.0000 0.1777 0.0000 0.2916 0.3025 0.0000 0.0000
91       91   (0)      1  : 1.0000 0.0000 0.0000 0.0000 0.0000 0.0000 0.0000 0.0000 0.0000
92       92   (0)      1  : 0.0000 0.3741 0.3361 0.0000 0.0000 0.0000 0.1329 0.0000 0.1569
93       93   (0)      1  : 0.0000 0.5577 0.0000 0.0000 0.0000 0.0000 0.4423 0.0000 0.0000
94       94   (0)      1  : 0.2131 0.0000 0.0000 0.0000 0.0036 0.1186 0.1360 0.2906 0.2381
95       95   (0)      1  : 0.1710 0.0661 0.0000 0.3410 0.1088 0.0000 0.1656 0.0000 0.1473
96       96   (0)      1  : 0.0000 0.3004 0.0000 0.4662 0.0000 0.0000 0.0000 0.0000 0.2334
97       97   (0)      1  : 0.0000 0.2873 0.0000 0.2094 0.1626 0.1172 0.0002 0.2232 0.0000
98       98   (0)      1  : 0.3075 0.2469 0.0000 0.2216 0.1359 0.0881 0.0000 0.0000 0.0000
99       99   (0)      4  : 0.4055 0.0000 0.0000 0.5945 0.0000 0.0000 0.0000 0.0000 0.0000
100      100   (0)      4  : 0.1032 0.2475 0.0000 0.2352 0.2589 0.0000 0.1551 0.0000 0.0000
101      101   (0)      5  : 0.0000 1.0000 0.0000 0.0000 0.0000 0.0000 0.0000 0.0000 0.0000
102      102   (0)      5  : 0.3369 0.0000 0.6631 0.0000 0.0000 0.0000 0.0000 0.0000 0.0000
103      103   (0)      5  : 0.0263 0.0000 0.1583 0.2986 0.1617 0.1485 0.0000 0.2065 0.0000
104      104   (0)      5  : 0.0000 0.0000 1.0000 0.0000 0.0000 0.0000 0.0000 0.0000 0.0000
105      105   (0)      5  : 0.0000 0.0000 0.0000 0.7103 0.0000 0.0000 0.0000 0.0000 0.2897
106      106   (0)      4  : 0.2406 0.2891 0.3485 0.0000 0.0000 0.1218 0.0000 0.0001 0.0000
107      107   (0)      4  : 0.4205 0.0000 0.0000 0.1171 0.0000 0.2173 0.0000 0.0000 0.2451
108      108   (0)      4  : 0.0000 0.0000 0.0000 0.0000 1.0000 0.0000 0.0000 0.0000 0.0000
109      109   (0)      4  : 0.0000 0.0000 0.0000 0.4486 0.5514 0.0000 0.0000 0.0000 0.0000
110      110   (0)      4  : 0.2104 0.2066 0.2904 0.0000 0.2926 0.0000 0.0000 0.0000 0.0000
111      111   (0)      5  : 0.0993 0.0000 0.0000 0.3942 0.0000 0.1755 0.1113 0.2197 0.0000
112      112   (0)      5  : 0.4412 0.0000 0.0000 0.0000 0.0000 0.0000 0.0000 0.0000 0.5588
113      113   (0)      5  : 0.1050 0.1476 0.0000 0.1914 0.0571 0.0170 0.2152 0.0000 0.2666
114      114   (0)      5  : 0.0000 1.0000 0.0000 0.0000 0.0000 0.0000 0.0000 0.0000 0.0000
115      115   (0)      5  : 0.0000 0.0000 0.4543 0.0000 0.0000 0.1102 0.3416 0.0939 0.0000
116      116   (0)      5  : 0.0000 0.3168 0.1743 0.0809 0.0000 0.2245 0.0000 0.2035 0.0000
117      117   (0)      4  : 0.0000 0.0000 0.0000 0.0000 0.0000 0.0000 0.0000 0.0000 1.0000
118      118   (0)      4  : 0.0000 0.0000 0.0000 0.0000 0.0000 0.0000 1.0000 0.0000 0.0000
119      119   (0)      4  : 0.1117 0.0000 0.2496 0.2955 0.0000 0.0000 0.0000 0.3432 0.0000
120      120   (0)      4  : 0.0000 0.0000 0.3052 0.2022 0.2967 0.0000 0.0000 0.0579 0.1381
121      121   (0)      4  : 0.3570 0.0000 0.3905 0.0000 0.0277 0.0000 0.0000 0.2248 0.0000
122      122   (0)      4  : 0.0000 0.0000 0.0000 0.0000 0.0000 0.0000 0.4486 0.0000 0.5514
123      123   (0)      4  : 0.0000 0.0000 0.0000 0.5317 0.0000 0.0000 0.0000 0.0004 0.4679
124      124   (0)      4  : 0.0000 0.0000 0.0000 0.0000 0.0000 0.0000 0.0000 0.0000 1.0000
125      125   (0)      5  : 0.0000 1.0000 0.0000 0.0000 0.0000 0.0000 0.0000 0.0000 0.0000
126      126   (0)      5  : 0.0000 0.0000 0.0000 0.0000 0.6561 0.3439 0.0000 0.0000 0.0000
127      127   (0)      5  : 0.4127 0.0000 0.0000 0.0000 0.3398 0.2475 0.0000 0.0000 0.0000
128      128   (0)      5  : 0.1993 0.0788 0.1049 0.0000 0.0228 0.1056 0.1332 0.1632 0.1922
129      129   (0)      5  : 0.2112 0.2124 0.0000 0.2646 0.0000 0.0000 0.0000 0.3118 0.0000
130      130   (0)      5  : 0.0000 0.0000 0.0000 0.0000 0.2382 0.2231 0.2965 0.0000 0.2422
131      131   (0)      5  : 0.0000 0.0000 0.0000 0.0000 0.0000 0.0000 0.0000 1.0000 0.0000
132      132   (0)      5  : 0.3506 0.0000 0.0000 0.0000 0.0000 0.0000 0.0000 0.3193 0.3301
133      133   (0)      5  : 0.0833 0.1729 0.0645 0.0000 0.0480 0.2132 0.2883 0.0000 0.1299
134      134   (0)      5  : 0.0301 0.0000 0.0000 0.0000 0.0000 0.3305 0.2745 0.3649 0.0000
135      135   (0)      5  : 0.0000 0.0000 1.0000 0.0000 0.0000 0.0000 0.0000 0.0000 0.0000
136      136   (0)      5  : 0.2312 0.0003 0.3084 0.0000 0.0000 0.4602 0.0000 0.0000 0.0000
137      137   (0)      5  : 0.0000 0.2588 0.0000 0.2603 0.0021 0.2113 0.0000 0.2675 0.0000
138      138   (0)      5  : 0.0000 1.0000 0.0000 0.0000 0.0000 0.0000 0.0000 0.0000 0.0000
139      139   (0)      5  : 0.0000 0.0052 0.2607 0.0594 0.4279 0.2467 0.0000 0.0000 0.0000
140      140   (0)      5  : 0.2345 0.0001 0.4623 0.0000 0.0000 0.0000 0.3031 0.0000 0.0000
141      141   (0)      5  : 0.0520 0.0000 0.2032 0.3051 0.2164 0.0800 0.0000 0.1432 0.0000
142      142   (0)      5  : 0.0000 0.0000 0.0000 0.0000 0.0000 1.0000 0.0000 0.0000 0.0000
143      143   (0)      5  : 0.1554 0.0822 0.2581 0.0000 0.0418 0.1082 0.0627 0.0000 0.2916
144      144   (0)      6  : 0.1110 0.0000 0.2124 0.1169 0.0000 0.2028 0.2430 0.0704 0.0436
145      145   (0)      6  : 0.0000 0.0000 0.6179 0.0000 0.0000 0.3821 0.0000 0.0000 0.0000
146      146   (0)      6  : 0.0013 0.1806 0.0000 0.1802 0.0000 0.0831 0.0000 0.3274 0.2273
147      147   (0)      6  : 0.0000 0.0000 0.0000 0.0000 0.0000 0.0000 0.0000 1.0000 0.0000
148      148   (0)      6  : 0.0615 0.0944 0.2318 0.0960 0.2137 0.0851 0.0000 0.2176 0.0000
149      149   (0)      6  : 0.0000 0.0000 0.0000 1.0000 0.0000 0.0000 0.0000 0.0000 0.0000
150      150   (0)      6  : 0.0000 0.0887 0.3641 0.0000 0.0000 0.0021 0.3773 0.0000 0.1678
151      151   (0)      6  : 0.0000 0.0000 0.0000 0.0000 0.0000 0.0000 0.0000 1.0000 0.0000
152      152   (0)      6  : 0.3527 0.0000 0.0006 0.2006 0.1134 0.2119 0.0000 0.0000 0.1208
153      153   (0)      6  : 0.0000 0.0000 1.0000 0.0000 0.0000 0.0000 0.0000 0.0000 0.0000
154      154   (0)      6  : 0.0000 0.2460 0.0000 0.0000 0.1083 0.1016 0.0000 0.2217 0.3224
155      155   (0)      6  : 0.0000 0.0000 0.4200 0.0000 0.1290 0.2296 0.2214 0.0000 0.0000
156      156   (0)      6  : 0.2800 0.0094 0.0000 0.0000 0.3692 0.3415 0.0000 0.0000 0.0000
157      157   (0)      6  : 0.2110 0.0288 0.0000 0.2874 0.0002 0.0932 0.0001 0.1178 0.2615
158      158   (0)      6  : 0.0000 0.3230 0.0000 0.2728 0.4042 0.0000 0.0000 0.0000 0.0000
159      159   (0)      6  : 0.1812 0.0000 0.0535 0.2144 0.0968 0.1151 0.0461 0.0000 0.2930
160      160   (0)      6  : 1.0000 0.0000 0.0000 0.0000 0.0000 0.0000 0.0000 0.0000 0.0000
161      161   (0)      6  : 0.0755 0.4003 0.2946 0.1119 0.0000 0.0369 0.0000 0.0808 0.0000
162      162   (0)      6  : 0.0000 0.0000 0.0000 0.0000 1.0000 0.0000 0.0000 0.0000 0.0000
163      163   (0)      6  : 0.0000 0.0000 0.0000 0.0000 0.0000 0.0000 1.0000 0.0000 0.0000
164      164   (0)      6  : 0.0000 0.0000 0.0000 0.0000 1.0000 0.0000 0.0000 0.0000 0.0000
165      165   (0)      6  : 0.2676 0.1199 0.0003 0.1811 0.2643 0.0000 0.1099 0.0570 0.0000
166      166   (0)      6  : 0.2442 0.0985 0.0000 0.4601 0.0000 0.0000 0.0000 0.1973 0.0000
167      167   (0)      6  : 0.1515 0.0000 0.0000 0.1978 0.1528 0.0000 0.2135 0.0000 0.2844
168      168   (0)      6  : 0.0000 0.2146 0.1729 0.0000 0.0000 0.0000 0.0000 0.1335 0.4790
169      169   (0)      6  : 0.1863 0.0000 0.2643 0.0000 0.1226 0.2707 0.1552 0.0000 0.0009
170      170   (0)      6  : 0.0000 0.0000 0.2894 0.3409 0.0000 0.1594 0.2103 0.0000 0.0000
171      171   (0)      6  : 0.1705 0.0026 0.1065 0.0000 0.1881 0.2271 0.3053 0.0000 0.0000
172      172   (0)      4  : 0.0000 0.0000 0.0000 0.0000 0.0000 1.0000 0.0000 0.0000 0.0000
173      173   (0)      4  : 0.2812 0.0000 0.0000 0.0000 0.0000 0.2970 0.0000 0.4219 0.0000
174      174   (0)      7  : 0.0000 0.5126 0.0000 0.0000 0.0000 0.0000 0.0000 0.4874 0.0000
175      175   (0)      7  : 1.0000 0.0000 0.0000 0.0000 0.0000 0.0000 0.0000 0.0000 0.0000
176      176   (0)      7  : 0.0000 0.0000 0.1102 0.0000 0.1379 0.1999 0.3372 0.0000 0.2149
177      177   (0)      7  : 0.1236 0.4031 0.0000 0.0000 0.0000 0.1738 0.0000 0.2995 0.0000
178      178   (0)      7  : 0.1118 0.3349 0.0000 0.3342 0.0000 0.0000 0.2190 0.0000 0.0000
179      179   (0)      7  : 0.0000 0.0000 0.0000 0.0000 0.0000 0.0000 0.4425 0.5575 0.0000
180      180   (0)      7  : 0.0000 0.0000 0.0000 0.0000 0.0000 0.0000 0.0000 1.0000 0.0000
181      181   (0)      7  : 0.0000 0.0000 0.0000 0.0000 0.0000 1.0000 0.0000 0.0000 0.0000
182      182   (0)      7  : 0.2858 0.1075 0.0000 0.0000 0.2191 0.1336 0.0867 0.1674 0.0000
183      183   (0)      7  : 0.2237 0.3025 0.0762 0.0000 0.2006 0.0000 0.0000 0.0717 0.1253
184      184   (0)      7  : 0.0000 0.0000 0.0000 0.0000 0.0000 0.0000 1.0000 0.0000 0.0000
185      185   (0)      7  : 0.3145 0.1250 0.0000 0.2111 0.2470 0.0912 0.0111 0.0000 0.0000
186      186   (0)      7  : 0.1400 0.0185 0.0916 0.1538 0.0586 0.2477 0.0738 0.1385 0.0775
187      187   (0)      7  : 0.2470 0.0797 0.2535 0.0000 0.1512 0.0420 0.1184 0.1082 0.0000
188      188   (0)      7  : 0.0000 0.0000 0.2982 0.2066 0.1608 0.0866 0.0000 0.0194 0.2284
189      189   (0)      7  : 0.0000 0.0000 0.0000 0.0000 0.3726 0.0000 0.0000 0.0000 0.6274
190      190   (0)      7  : 0.0850 0.0000 0.4334 0.1681 0.0000 0.1744 0.1363 0.0027 0.0000
191      191   (0)      7  : 0.0000 0.0579 0.3859 0.0000 0.1645 0.0000 0.0000 0.1640 0.2277
192      192   (0)      7  : 0.1809 0.0000 0.4267 0.3924 0.0000 0.0000 0.0000 0.0000 0.0000
193      193   (0)      7  : 0.0000 0.0079 0.0000 0.0000 0.0868 0.0000 0.4153 0.0000 0.4901
194      194   (0)      7  : 0.3031 0.0000 0.0000 0.0000 0.0000 0.1677 0.1847 0.1253 0.2192
195      195   (0)      7  : 0.2042 0.1917 0.0000 0.0000 0.2072 0.0000 0.0539 0.0000 0.3429
196      196   (0)      7  : 0.2842 0.1941 0.1632 0.1430 0.0041 0.0000 0.0000 0.0015 0.2099
197      197   (0)      7  : 0.0000 0.0000 0.0000 0.0000 0.0000 0.0000 0.0000 0.0000 1.0000
198      198   (0)      7  : 0.0000 0.3511 0.0000 0.3075 0.3414 0.0000 0.0000 0.0000 0.0000
199      199   (0)      7  : 0.2071 0.1347 0.0000 0.0000 0.3244 0.0000 0.0000 0.2319 0.1019
200      200   (0)      7  : 0.0000 0.0000 0.0000 0.0000 0.5755 0.0000 0.0000 0.4245 0.0000
201      201   (0)      7  : 0.0000 0.0000 0.0000 0.0000 0.0000 0.0000 0.0000 0.3756 0.6244
202      202   (0)      7  : 0.0000 0.0000 0.0000 0.0000 1.0000 0.0000 0.0000 0.0000 0.0000
203      203   (0)      7  : 0.2405 0.0000 0.0146 0.2004 0.0000 0.1238 0.1000 0.0938 0.2269
