  1        1   (0)      1 :  0.0000 0.9500 0.0000 0.0000 0.0500 0.0000 
  2        2   (0)      1 :  0.0047 0.0759 0.8250 0.0000 0.0000 0.0945 
  3        3   (0)      1 :  0.0000 0.9170 0.0000 0.0000 0.0830 0.0000 
  4        4   (0)      1 :  0.0000 0.0299 0.7148 0.0276 0.0104 0.2173 
  5        5   (0)      1 :  0.0000 0.9486 0.0000 0.0000 0.0514 0.0000 
  6        6   (0)      1 :  0.0000 0.8854 0.0000 0.0000 0.1146 0.0000 
  7        7   (0)      1 :  0.0823 0.0692 0.8470 0.0000 0.0015 0.0000 
  8        8   (0)      1 :  0.0000 0.0242 0.8529 0.0000 0.0000 0.1229 
  9        9   (0)      1 :  0.0000 0.9500 0.0001 0.0000 0.0499 0.0000 
 10       10   (0)      2 :  0.0000 0.0000 1.0000 0.0000 0.0000 0.0000 
 11       11   (0)      2 :  0.0000 0.0037 0.9963 0.0000 0.0000 0.0000 
 12       12   (0)      2 :  0.0000 0.0211 0.9789 0.0000 0.0000 0.0000 
 13       13   (0)      3 :  0.0000 0.0076 0.0000 0.0457 0.9436 0.0031 
 14       14   (0)      3 :  0.0000 0.0220 0.0000 0.0024 0.9712 0.0044 
 15       15   (0)      3 :  0.0000 0.0426 0.0127 0.0000 0.9434 0.0013 
 16       16   (0)      3 :  0.0000 0.0682 0.0019 0.0000 0.9289 0.0010 
 17       17   (0)      3 :  0.0000 0.3990 0.0000 0.0351 0.5659 0.0000 
 18       18   (0)      3 :  0.0000 0.0393 0.0000 0.0000 0.9591 0.0016 
 19       19   (0)      3 :  0.0000 0.0071 0.6212 0.0225 0.0357 0.3135 
 20       20   (0)      3 :  0.1593 0.0029 0.4312 0.0194 0.0000 0.3872 
 21       21   (0)      2 :  0.0000 0.1414 0.8435 0.0092 0.0059 0.0000 
 22       22   (0)      2 :  0.0000 0.0141 0.9781 0.0078 0.0000 0.0000 
 23       23   (0)      2 :  0.0000 0.0311 0.9689 0.0000 0.0000 0.0000 
 24       24   (0)      2 :  0.0000 0.0148 0.9852 0.0000 0.0000 0.0000 
 25       25   (0)      2 :  0.0000 0.0000 1.0000 0.0000 0.0000 0.0000 
 26       26   (0)      2 :  0.0000 0.0000 0.9465 0.0000 0.0236 0.0299 
 27       27   (0)      2 :  0.0000 0.0189 0.9551 0.0057 0.0203 0.0000 
 28       28   (0)      2 :  0.0033 0.0110 0.9857 0.0000 0.0000 0.0000 
 29       29   (0)      2 :  0.0535 0.0603 0.8726 0.0110 0.0000 0.0026 
 30       30   (0)      2 :  0.0000 0.0081 0.9867 0.0000 0.0000 0.0052 
 31       31   (0)      2 :  0.0000 0.2796 0.6631 0.0000 0.0574 0.0000 
 32       32   (0)      2 :  0.0216 0.0489 0.7251 0.0136 0.1854 0.0055 
 33       33   (0)      2 :  0.0000 0.0090 0.9833 0.0000 0.0077 0.0000 
 34       34   (0)      2 :  0.0000 0.0000 1.0000 0.0000 0.0000 0.0000 
 35       35   (0)      2 :  0.0000 0.0000 1.0000 0.0000 0.0000 0.0000 
 36       36   (0)      2 :  0.0000 0.0191 0.9586 0.0224 0.0000 0.0000 
 37       37   (0)      2 :  0.0000 0.7048 0.0642 0.0091 0.2219 0.0000 
 38       38   (0)      2 :  0.0465 0.0000 0.9453 0.0082 0.0000 0.0000 
 39       39   (0)      2 :  0.0372 0.0325 0.8475 0.0103 0.0311 0.0413 
 40       40   (0)      2 :  0.0000 0.0109 0.9639 0.0000 0.0252 0.0000 
 41       41   (0)      2 :  0.0000 0.0080 0.9053 0.0255 0.0603 0.0009 
 42       42   (0)      2 :  0.0000 0.0202 0.9798 0.0000 0.0000 0.0000 
 43       43   (0)      4 :  1.0000 0.0000 0.0000 0.0000 0.0000 0.0000 
 44       44   (0)      4 :  0.9691 0.0251 0.0000 0.0051 0.0007 0.0000 
 45       45   (0)      4 :  0.9437 0.0000 0.0000 0.0563 0.0000 0.0000 
 46       46   (0)      4 :  0.7887 0.0000 0.0000 0.0486 0.0000 0.1627 
 47       47   (0)      4 :  0.9341 0.0292 0.0000 0.0189 0.0179 0.0000 
 48       48   (0)      4 :  0.2520 0.0000 0.0000 0.0803 0.6677 0.0000 
 49       49   (0)      4 :  0.1125 0.0000 0.0000 0.0811 0.8064 0.0000 
 50       50   (0)      4 :  1.0000 0.0000 0.0000 0.0000 0.0000 0.0000 
 51       51   (0)      4 :  0.9589 0.0000 0.0000 0.0000 0.0000 0.0411 
 52       52   (0)      4 :  0.6599 0.0290 0.0437 0.1837 0.0340 0.0497 
 53       53   (0)      4 :  0.7992 0.0000 0.0000 0.1671 0.0337 0.0000 
 54       54   (0)      4 :  0.1316 0.0794 0.0000 0.1304 0.6586 0.0000 
 55       55   (0)      4 :  0.1195 0.0557 0.0000 0.0874 0.7375 0.0000 
 56       56   (0)      4 :  0.2553 0.0000 0.0000 0.0526 0.6921 0.0000 
 57       57   (0)      4 :  0.8661 0.0000 0.0000 0.1339 0.0000 0.0000 
 58       58   (0)      4 :  0.9705 0.0000 0.0000 0.0000 0.0000 0.0295 
 59       59   (0)      4 :  1.0000 0.0000 0.0000 0.0000 0.0000 0.0000 
 60       60   (0)      4 :  1.0000 0.0000 0.0000 0.0000 0.0000 0.0000 
 61       61   (0)      4 :  0.9487 0.0000 0.0000 0.0000 0.0000 0.0513 
 62       62   (0)      4 :  0.9883 0.0028 0.0022 0.0000 0.0000 0.0067 
 63       63   (0)      4 :  1.0000 0.0000 0.0000 0.0000 0.0000 0.0000 
 64       64   (0)      4 :  0.9930 0.0000 0.0000 0.0070 0.0000 0.0000 
 65       65   (0)      4 :  0.0088 0.0259 0.0000 0.1256 0.8397 0.0000 
 66       66   (0)      4 :  0.9473 0.0000 0.0002 0.0000 0.0000 0.0524 
 67       67   (0)      4 :  0.8783 0.0000 0.0000 0.0888 0.0000 0.0328 
 68       68   (0)      4 :  0.1670 0.0651 0.0000 0.0993 0.6686 0.0000 
 69       69   (0)      4 :  0.9028 0.0059 0.0000 0.0000 0.0000 0.0913 
 70       70   (0)      4 :  1.0000 0.0000 0.0000 0.0000 0.0000 0.0000 
 71       71   (0)      4 :  0.0487 0.0001 0.0000 0.1100 0.8412 0.0000 
 72       72   (0)      5 :  0.0401 0.0000 0.0153 0.0000 0.0080 0.9366 
 73       73   (0)      5 :  0.0513 0.0012 0.0331 0.2637 0.0347 0.6160 
 74       74   (0)      5 :  0.0991 0.0000 0.0000 0.1217 0.0000 0.7792 
 75       75   (0)      5 :  0.0810 0.0048 0.0029 0.0000 0.0000 0.9113 
 76       76   (0)      5 :  0.1641 0.0830 0.1216 0.1358 0.0026 0.4929 
 77       77   (0)      5 :  0.0000 0.0000 0.0000 0.0413 0.0000 0.9587 
 78       78   (0)      5 :  0.0000 0.0000 0.0000 0.0000 0.0000 1.0000 
 79       79   (0)      5 :  0.0131 0.0000 0.0280 0.0000 0.0000 0.9589 
 80       80   (0)      5 :  0.0000 0.0000 0.0000 0.0634 0.8260 0.1106 
 81       81   (0)      5 :  0.0301 0.1110 0.0000 0.0000 0.3928 0.4660 
 82       82   (0)      5 :  0.2850 0.0000 0.0000 0.1576 0.0000 0.5574 
 83       83   (0)      5 :  0.0000 0.0045 0.0000 0.0000 0.0113 0.9842 
 84       84   (0)      5 :  0.0000 0.0000 0.0000 0.0000 0.0000 1.0000 
 85       85   (0)      5 :  0.0000 0.0000 0.0000 0.0000 0.0000 1.0000 
 86       86   (0)      5 :  0.0026 0.0000 0.0000 0.0000 0.0232 0.9742 
 87       87   (0)      5 :  0.0175 0.0036 0.0231 0.0000 0.0000 0.9557 
 88       88   (0)      5 :  0.0000 0.0000 0.0102 0.0000 0.0000 0.9897 
 89       89   (0)      5 :  0.0657 0.0000 0.0082 0.0000 0.0125 0.9136 
 90       90   (0)      5 :  0.0000 0.0000 0.0000 0.0000 0.0001 0.9999 
 91       91   (0)      5 :  0.0000 0.0009 0.0000 0.0000 0.0130 0.9861 
 92       92   (0)      5 :  0.0124 0.0017 0.0000 0.0283 0.7818 0.1757 
 93       93   (0)      5 :  0.0836 0.0000 0.0010 0.0226 0.0224 0.8703 
 94       94   (0)      5 :  0.0640 0.0000 0.0000 0.1985 0.0000 0.7375 
 95       95   (0)      5 :  0.1794 0.0000 0.0000 0.0336 0.0000 0.7871 
 96       96   (0)      5 :  0.1557 0.0000 0.0079 0.1263 0.0060 0.7042 
 97       97   (0)      6 :  0.1573 0.0190 0.3601 0.0000 0.0201 0.4434 
 98       98   (0)      6 :  0.0000 0.0432 0.7900 0.0275 0.0000 0.1393 
 99       99   (0)      6 :  0.0000 0.7356 0.0000 0.0335 0.2310 0.0000 
100      100   (0)      6 :  0.1693 0.0279 0.5803 0.0000 0.0082 0.2143 
101      101   (0)      6 :  0.0000 0.3625 0.0000 0.0000 0.6375 0.0000 
102      102   (0)      6 :  0.0000 0.7917 0.0025 0.0250 0.1808 0.0000 
103      103   (0)      6 :  0.0000 0.4629 0.0000 0.0000 0.5315 0.0056 
104      104   (0)      6 :  0.1049 0.1477 0.3258 0.0385 0.0422 0.3409 
105      105   (0)      6 :  0.0000 0.7556 0.0000 0.0000 0.2444 0.0000 
106      106   (0)      6 :  0.0049 0.0396 0.6661 0.0000 0.0055 0.2840 
107      107   (0)      3 :  0.0040 0.3695 0.0000 0.0000 0.6266 0.0000 
108      108   (0)      3 :  0.1961 0.0326 0.2820 0.0673 0.0029 0.4190 
109      109   (0)      3 :  0.0000 0.0873 0.0000 0.0031 0.9096 0.0000 
110      110   (0)      2 :  0.0000 0.0500 0.9500 0.0000 0.0000 0.0000 
111      111   (0)      2 :  0.0000 0.5836 0.0020 0.0003 0.4141 0.0000 
112      112   (0)      3 :  0.0000 0.1554 0.0000 0.0015 0.8180 0.0251 
113      113   (0)      2 :  0.0000 0.0051 0.9949 0.0000 0.0000 0.0000 
114      114   (0)      2 :  0.0000 0.5330 0.0000 0.0000 0.4670 0.0000 
115      115   (0)      3 :  0.0000 0.2957 0.0000 0.0000 0.7043 0.0000 
116      116   (0)      3 :  0.0000 0.0583 0.0110 0.0017 0.9272 0.0020 
117      117   (0)      3 :  0.0024 0.0805 0.0000 0.0365 0.8806 0.0000 
118      118   (0)      3 :  0.0000 0.1705 0.0000 0.0046 0.8248 0.0000 
119      119   (0)      3 :  0.0000 0.2526 0.0000 0.0000 0.7474 0.0000 
120      120   (0)      3 :  0.0732 0.0176 0.5077 0.0000 0.0000 0.4015 
121      121   (0)      3 :  0.0000 0.1039 0.0000 0.0000 0.8961 0.0000 
122      122   (0)      3 :  0.0000 0.1696 0.0105 0.0426 0.7772 0.0000 
123      123   (0)      3 :  0.0000 0.0860 0.0000 0.1577 0.7559 0.0004 
124      124   (0)      3 :  0.0000 0.0000 0.0000 0.0000 0.9985 0.0015 
125      125   (0)      3 :  0.1051 0.0119 0.6734 0.0209 0.0237 0.1650 
126      126   (0)      3 :  0.0000 0.0770 0.0000 0.0047 0.9183 0.0000 
127      127   (0)      3 :  0.0000 0.0277 0.7195 0.0000 0.0000 0.2528 
128      128   (0)      3 :  0.0000 0.0000 0.0000 0.0000 1.0000 0.0000 
129      129   (0)      6 :  0.0323 0.4315 0.0703 0.0000 0.4660 0.0000 
130      130   (0)      6 :  0.0102 0.0309 0.4784 0.1175 0.0000 0.3629 
131      131   (0)      6 :  0.0000 0.4193 0.0000 0.0039 0.5768 0.0000 
132      132   (0)      6 :  0.0000 0.0275 0.6678 0.0000 0.0000 0.3047 
133      133   (0)      6 :  0.0000 0.9500 0.0000 0.0000 0.0500 0.0000 
134      134   (0)      6 :  0.0000 0.4687 0.0111 0.0000 0.5005 0.0197 
135      135   (0)      6 :  0.0000 0.4251 0.0003 0.0000 0.5745 0.0000 
136      136   (0)      6 :  0.0000 0.4844 0.0000 0.0000 0.5155 0.0000 
137      137   (0)      6 :  0.0000 0.5736 0.0000 0.0000 0.4264 0.0000 
138      138   (0)      6 :  0.0000 0.5233 0.0000 0.0000 0.4767 0.0000 
139      139   (0)      6 :  0.0000 0.2366 0.0000 0.0000 0.6991 0.0642 
140      140   (0)      6 :  0.1273 0.0152 0.6060 0.0835 0.0147 0.1533 
141      141   (0)      1 :  0.0000 0.0500 0.8889 0.0000 0.0000 0.0611 
142      142   (0)      1 :  0.0000 0.7018 0.0853 0.0000 0.2129 0.0000 
143      143   (0)      1 :  0.0000 0.0356 0.8147 0.1034 0.0000 0.0463 
144      144   (0)      1 :  0.0000 0.0496 0.9060 0.0259 0.0185 0.0000 
145      145   (0)      1 :  0.0000 0.0500 0.9171 0.0000 0.0000 0.0329 
146      146   (0)      1 :  0.0000 0.9500 0.0000 0.0000 0.0500 0.0000 
147      147   (0)      6 :  0.0000 0.6166 0.0000 0.0000 0.3834 0.0000 
148      148   (0)      6 :  0.0011 0.0927 0.7007 0.0000 0.0000 0.2055 
149      149   (0)      6 :  0.0018 0.7408 0.0093 0.0515 0.1966 0.0000 
150      150   (0)      6 :  0.0705 0.6734 0.0022 0.0000 0.2538 0.0000 
151      151   (0)      6 :  0.0000 0.9488 0.0000 0.0000 0.0512 0.0000 
152      152   (0)      6 :  0.0000 0.4560 0.0000 0.0000 0.5440 0.0000 
153      153   (0)      6 :  0.0894 0.0392 0.4722 0.0000 0.0000 0.3992 
154      154   (0)      1 :  0.0000 0.0500 0.9500 0.0000 0.0000 0.0000 
155      155   (0)      1 :  0.0000 0.9500 0.0000 0.0000 0.0500 0.0000 
156      156   (0)      1 :  0.0000 0.9500 0.0000 0.0000 0.0500 0.0000 
157      157   (0)      1 :  0.0000 0.9510 0.0000 0.0000 0.0490 0.0000 
158      158   (0)      1 :  0.0000 0.0452 0.9548 0.0000 0.0000 0.0000 
159      159   (0)      1 :  0.0000 0.0500 0.9340 0.0000 0.0000 0.0160 
160      160   (0)      1 :  0.0000 0.0329 0.9398 0.0188 0.0000 0.0085 
161      161   (0)      1 :  0.0000 0.9500 0.0000 0.0000 0.0500 0.0000 
162      162   (0)      1 :  0.0000 0.0384 0.8804 0.0000 0.0000 0.0812 
163      163   (0)      1 :  0.0000 0.0309 0.9691 0.0000 0.0000 0.0000 
164      164   (0)      1 :  0.0000 0.9500 0.0000 0.0000 0.0500 0.0000 
165      165   (0)      1 :  0.0000 0.9500 0.0000 0.0000 0.0500 0.0000 
166      166   (0)      1 :  0.0000 0.0712 0.8382 0.0000 0.0000 0.0905 
167      167   (0)      1 :  0.0000 0.9509 0.0000 0.0000 0.0491 0.0000 
168      168   (0)      7 :  0.0000 0.0171 0.2961 0.4930 0.0000 0.1938 
169      169   (0)      7 :  0.0000 0.0000 0.1630 0.5268 0.0000 0.3102 
170      170   (0)      7 :  0.0000 0.0754 0.0000 0.7634 0.0054 0.1558 
171      171   (0)      7 :  0.0000 0.0588 0.0015 0.7718 0.0031 0.1647 
172      172   (0)      7 :  0.0000 0.0000 0.0000 0.7713 0.0000 0.2287 
173      173   (0)      7 :  0.0000 0.0000 0.0000 0.6390 0.0000 0.3610 
174      174   (0)      7 :  0.0000 0.0000 0.0000 0.7729 0.0000 0.2271 
175      175   (0)      7 :  0.0000 0.0006 0.0000 0.3604 0.6391 0.0000 
176      176   (0)      7 :  0.0000 0.0000 0.0000 0.7725 0.0000 0.2275 
177      177   (0)      7 :  0.0000 0.0000 0.0000 0.7760 0.0000 0.2240 
178      178   (0)      7 :  0.0000 0.0000 0.0000 0.3605 0.6395 0.0000 
179      179   (0)      7 :  0.0000 0.0722 0.0000 0.2795 0.6483 0.0000 
180      180   (0)      7 :  0.0000 0.0000 0.0000 0.7621 0.0000 0.2379 
181      181   (0)      7 :  0.0144 0.0000 0.0003 0.7268 0.0000 0.2586 
182      182   (0)      7 :  0.0000 0.0000 0.0000 0.7155 0.0000 0.2845 
183      183   (0)      7 :  0.0000 0.0000 0.0000 0.7726 0.0808 0.1465 
184      184   (0)      7 :  0.0000 0.0843 0.0000 0.3395 0.5762 0.0000 
185      185   (0)      7 :  0.0000 0.0000 0.0000 0.8230 0.0000 0.1770 
186      186   (0)      7 :  0.0000 0.0000 0.0000 0.3322 0.6678 0.0000 
187      187   (0)      7 :  0.0000 0.0000 0.0000 0.6574 0.0000 0.3426 
188      188   (0)      7 :  0.0000 0.0000 0.0000 0.3160 0.6840 0.0000 
189      189   (0)      7 :  0.0000 0.0000 0.0000 0.6123 0.1490 0.2387 
190      190   (0)      7 :  0.0000 0.0078 0.0842 0.5989 0.0079 0.3013 
191      191   (0)      7 :  0.0120 0.0012 0.0155 0.7765 0.0000 0.1948 
192      192   (0)      7 :  0.0665 0.0011 0.0076 0.6519 0.1561 0.1168 
193      193   (0)      7 :  0.0524 0.0000 0.0000 0.7624 0.0000 0.1852 
194      194   (0)      7 :  0.0000 0.0013 0.0000 0.3642 0.6344 0.0000 
195      195   (0)      7 :  0.0000 0.0000 0.0000 0.6138 0.0000 0.3862 
196      196   (0)      7 :  0.0000 0.0068 0.0000 0.3125 0.6806 0.0000 
197      197   (0)      7 :  0.0000 0.0000 0.0000 0.4139 0.5861 0.0000 
