  1        1   (0)      1 :  0.0000 1.0000 0.0000 
  2        2   (0)      1 :  0.0381 0.0000 0.9619 
  3        3   (0)      1 :  0.0000 1.0000 0.0000 
  4        4   (0)      1 :  0.1879 0.0000 0.8121 
  5        5   (0)      1 :  0.0000 1.0000 0.0000 
  6        6   (0)      1 :  0.0000 1.0000 0.0000 
  7        7   (0)      1 :  0.0514 0.0490 0.8996 
  8        8   (0)      1 :  0.0389 0.0000 0.9611 
  9        9   (0)      1 :  0.0000 1.0000 0.0000 
 10       10   (0)      2 :  0.0000 0.0000 1.0000 
 11       11   (0)      2 :  0.0000 0.0000 1.0000 
 12       12   (0)      2 :  0.0000 0.0000 1.0000 
 13       13   (0)      3 :  0.0027 0.9973 0.0000 
 14       14   (0)      3 :  0.0728 0.9272 0.0000 
 15       15   (0)      3 :  0.0000 0.9726 0.0274 
 16       16   (0)      3 :  0.0000 0.9824 0.0176 
 17       17   (0)      3 :  0.0000 1.0000 0.0000 
 18       18   (0)      3 :  0.0000 1.0000 0.0000 
 19       19   (0)      3 :  0.2776 0.0027 0.7197 
 20       20   (0)      3 :  0.5299 0.0000 0.4701 
 21       21   (0)      2 :  0.0000 0.1515 0.8485 
 22       22   (0)      2 :  0.0000 0.0003 0.9997 
 23       23   (0)      2 :  0.0000 0.0000 1.0000 
 24       24   (0)      2 :  0.0000 0.0000 1.0000 
 25       25   (0)      2 :  0.0000 0.0000 1.0000 
 26       26   (0)      2 :  0.0000 0.0000 1.0000 
 27       27   (0)      2 :  0.0000 0.0220 0.9780 
 28       28   (0)      2 :  0.0000 0.0000 1.0000 
 29       29   (0)      2 :  0.0598 0.0420 0.8982 
 30       30   (0)      2 :  0.0000 0.0000 1.0000 
 31       31   (0)      2 :  0.0000 0.3333 0.6667 
 32       32   (0)      2 :  0.0210 0.2442 0.7349 
 33       33   (0)      2 :  0.0000 0.0051 0.9949 
 34       34   (0)      2 :  0.0000 0.0000 1.0000 
 35       35   (0)      2 :  0.0000 0.0000 1.0000 
 36       36   (0)      2 :  0.0000 0.0000 1.0000 
 37       37   (0)      2 :  0.0000 0.9263 0.0737 
 38       38   (0)      2 :  0.0473 0.0000 0.9527 
 39       39   (0)      2 :  0.0531 0.0548 0.8920 
 40       40   (0)      2 :  0.0000 0.0286 0.9714 
 41       41   (0)      2 :  0.0000 0.0871 0.9129 
 42       42   (0)      2 :  0.0000 0.0000 1.0000 
 43       43   (0)      4 :  1.0000 0.0000 0.0000 
 44       44   (0)      4 :  0.9097 0.0903 0.0000 
 45       45   (0)      4 :  1.0000 0.0000 0.0000 
 46       46   (0)      4 :  0.9710 0.0000 0.0290 
 47       47   (0)      4 :  0.8354 0.1365 0.0282 
 48       48   (0)      4 :  0.2720 0.7280 0.0000 
 49       49   (0)      4 :  0.1431 0.8569 0.0000 
 50       50   (0)      4 :  0.9451 0.0549 0.0000 
 51       51   (0)      4 :  0.9800 0.0000 0.0200 
 52       52   (0)      4 :  0.8354 0.1060 0.0585 
 53       53   (0)      4 :  0.8852 0.1148 0.0000 
 54       54   (0)      4 :  0.1324 0.8676 0.0000 
 55       55   (0)      4 :  0.0874 0.9126 0.0000 
 56       56   (0)      4 :  0.2537 0.7463 0.0000 
 57       57   (0)      4 :  0.9796 0.0000 0.0204 
 58       58   (0)      4 :  0.9607 0.0000 0.0393 
 59       59   (0)      4 :  1.0000 0.0000 0.0000 
 60       60   (0)      4 :  1.0000 0.0000 0.0000 
 61       61   (0)      4 :  1.0000 0.0000 0.0000 
 62       62   (0)      4 :  0.9572 0.0251 0.0177 
 63       63   (0)      4 :  1.0000 0.0000 0.0000 
 64       64   (0)      4 :  0.9996 0.0004 0.0000 
 65       65   (0)      4 :  0.0664 0.9336 0.0000 
 66       66   (0)      4 :  0.9511 0.0001 0.0488 
 67       67   (0)      4 :  1.0000 0.0000 0.0000 
 68       68   (0)      4 :  0.2025 0.7975 0.0000 
 69       69   (0)      4 :  0.9999 0.0000 0.0001 
 70       70   (0)      4 :  0.9248 0.0751 0.0000 
 71       71   (0)      4 :  0.0707 0.9293 0.0000 
 72       72   (0)      5 :  0.7989 0.0000 0.2011 
 73       73   (0)      5 :  0.8278 0.0000 0.1721 
 74       74   (0)      5 :  0.9307 0.0000 0.0693 
 75       75   (0)      5 :  0.8864 0.0000 0.1136 
 76       76   (0)      5 :  0.7214 0.0359 0.2427 
 77       77   (0)      5 :  0.9419 0.0000 0.0581 
 78       78   (0)      5 :  0.9999 0.0000 0.0001 
 79       79   (0)      5 :  0.7792 0.0000 0.2208 
 80       80   (0)      5 :  0.1903 0.8097 0.0000 
 81       81   (0)      5 :  0.4930 0.5065 0.0005 
 82       82   (0)      5 :  0.9737 0.0000 0.0263 
 83       83   (0)      5 :  0.8681 0.0168 0.1150 
 84       84   (0)      5 :  0.9251 0.0000 0.0749 
 85       85   (0)      5 :  0.9985 0.0000 0.0015 
 86       86   (0)      5 :  0.9224 0.0000 0.0776 
 87       87   (0)      5 :  0.7977 0.0000 0.2023 
 88       88   (0)      5 :  0.7523 0.0000 0.2477 
 89       89   (0)      5 :  0.8291 0.0000 0.1709 
 90       90   (0)      5 :  0.8249 0.0000 0.1751 
 91       91   (0)      5 :  0.8495 0.0000 0.1505 
 92       92   (0)      5 :  0.2524 0.7476 0.0000 
 93       93   (0)      5 :  0.8912 0.0000 0.1088 
 94       94   (0)      5 :  0.9859 0.0000 0.0141 
 95       95   (0)      5 :  1.0000 0.0000 0.0000 
 96       96   (0)      5 :  0.9002 0.0000 0.0998 
 97       97   (0)      6 :  0.5760 0.0003 0.4237 
 98       98   (0)      6 :  0.0990 0.0000 0.9010 
 99       99   (0)      6 :  0.0000 1.0000 0.0000 
100      100   (0)      6 :  0.3381 0.0036 0.6583 
101      101   (0)      6 :  0.0000 1.0000 0.0000 
102      102   (0)      6 :  0.0000 0.9690 0.0310 
103      103   (0)      6 :  0.0000 0.9989 0.0011 
104      104   (0)      6 :  0.4052 0.1487 0.4460 
105      105   (0)      6 :  0.0000 1.0000 0.0000 
106      106   (0)      6 :  0.2149 0.0000 0.7851 
107      107   (0)      3 :  0.0000 1.0000 0.0000 
108      108   (0)      3 :  0.5959 0.0000 0.4041 
109      109   (0)      3 :  0.0000 1.0000 0.0000 
110      110   (0)      2 :  0.0000 0.0000 1.0000 
111      111   (0)      2 :  0.0000 0.9958 0.0042 
112      112   (0)      3 :  0.0466 0.9534 0.0000 
113      113   (0)      2 :  0.0000 0.0000 1.0000 
114      114   (0)      2 :  0.0000 0.9932 0.0068 
115      115   (0)      3 :  0.0000 1.0000 0.0000 
116      116   (0)      3 :  0.0000 0.9856 0.0144 
117      117   (0)      3 :  0.0274 0.9726 0.0000 
118      118   (0)      3 :  0.0000 1.0000 0.0000 
119      119   (0)      3 :  0.0000 1.0000 0.0000 
120      120   (0)      3 :  0.4117 0.0000 0.5883 
121      121   (0)      3 :  0.0000 1.0000 0.0000 
122      122   (0)      3 :  0.0000 0.9884 0.0116 
123      123   (0)      3 :  0.1142 0.8858 0.0000 
124      124   (0)      3 :  0.0000 1.0000 0.0000 
125      125   (0)      3 :  0.2625 0.0094 0.7281 
126      126   (0)      3 :  0.0000 1.0000 0.0000 
127      127   (0)      3 :  0.1504 0.0000 0.8496 
128      128   (0)      3 :  0.0000 1.0000 0.0000 
129      129   (0)      6 :  0.0020 0.8922 0.1058 
130      130   (0)      6 :  0.4266 0.0000 0.5734 
131      131   (0)      6 :  0.0000 1.0000 0.0000 
132      132   (0)      6 :  0.2387 0.0000 0.7613 
133      133   (0)      6 :  0.0000 1.0000 0.0000 
134      134   (0)      6 :  0.0000 0.9594 0.0406 
135      135   (0)      6 :  0.0000 1.0000 0.0000 
136      136   (0)      6 :  0.0000 1.0000 0.0000 
137      137   (0)      6 :  0.0000 1.0000 0.0000 
138      138   (0)      6 :  0.0000 1.0000 0.0000 
139      139   (0)      6 :  0.0865 0.9132 0.0003 
140      140   (0)      6 :  0.3339 0.0059 0.6602 
141      141   (0)      1 :  0.0009 0.0000 0.9991 
142      142   (0)      1 :  0.0000 0.8975 0.1025 
143      143   (0)      1 :  0.1382 0.0000 0.8618 
144      144   (0)      1 :  0.0000 0.0480 0.9520 
145      145   (0)      1 :  0.0000 0.0000 1.0000 
146      146   (0)      1 :  0.0000 1.0000 0.0000 
147      147   (0)      6 :  0.0000 1.0000 0.0000 
148      148   (0)      6 :  0.1136 0.0000 0.8864 
149      149   (0)      6 :  0.0000 0.9570 0.0430 
150      150   (0)      6 :  0.0001 0.9235 0.0764 
151      151   (0)      6 :  0.0000 0.9991 0.0009 
152      152   (0)      6 :  0.0000 1.0000 0.0000 
153      153   (0)      6 :  0.3156 0.0000 0.6844 
154      154   (0)      1 :  0.0000 0.0000 1.0000 
155      155   (0)      1 :  0.0000 1.0000 0.0000 
156      156   (0)      1 :  0.0000 1.0000 0.0000 
157      157   (0)      1 :  0.0000 0.9966 0.0034 
158      158   (0)      1 :  0.0000 0.0000 1.0000 
159      159   (0)      1 :  0.0000 0.0000 1.0000 
160      160   (0)      1 :  0.0001 0.0000 0.9999 
161      161   (0)      1 :  0.0000 1.0000 0.0000 
162      162   (0)      1 :  0.0307 0.0000 0.9693 
163      163   (0)      1 :  0.0000 0.0000 1.0000 
164      164   (0)      1 :  0.0000 1.0000 0.0000 
165      165   (0)      1 :  0.0000 1.0000 0.0000 
166      166   (0)      1 :  0.0000 0.0000 1.0000 
167      167   (0)      1 :  0.0000 1.0000 0.0000 
168      168   (0)      7 :  0.6404 0.0186 0.3410 
169      169   (0)      7 :  0.6981 0.0012 0.3008 
170      170   (0)      7 :  0.7435 0.2565 0.0000 
171      171   (0)      7 :  0.7771 0.2223 0.0006 
172      172   (0)      7 :  0.9998 0.0002 0.0000 
173      173   (0)      7 :  0.9683 0.0034 0.0283 
174      174   (0)      7 :  0.9683 0.0317 0.0000 
175      175   (0)      7 :  0.0301 0.9699 0.0000 
176      176   (0)      7 :  0.9277 0.0000 0.0723 
177      177   (0)      7 :  0.9182 0.0413 0.0405 
178      178   (0)      7 :  0.1347 0.8653 0.0000 
179      179   (0)      7 :  0.0000 1.0000 0.0000 
180      180   (0)      7 :  0.8805 0.0226 0.0969 
181      181   (0)      7 :  0.9269 0.0473 0.0257 
182      182   (0)      7 :  0.9652 0.0348 0.0000 
183      183   (0)      7 :  0.7393 0.2553 0.0053 
184      184   (0)      7 :  0.0762 0.9238 0.0000 
185      185   (0)      7 :  0.8966 0.1034 0.0000 
186      186   (0)      7 :  0.1078 0.8922 0.0000 
187      187   (0)      7 :  0.9767 0.0018 0.0215 
188      188   (0)      7 :  0.0177 0.9823 0.0000 
189      189   (0)      7 :  0.7356 0.2644 0.0000 
190      190   (0)      7 :  0.7595 0.0881 0.1525 
191      191   (0)      7 :  0.8730 0.0160 0.1110 
192      192   (0)      7 :  0.7034 0.2838 0.0128 
193      193   (0)      7 :  0.9478 0.0522 0.0000 
194      194   (0)      7 :  0.0853 0.9147 0.0000 
195      195   (0)      7 :  0.9829 0.0169 0.0002 
196      196   (0)      7 :  0.0000 1.0000 0.0000 
197      197   (0)      7 :  0.1342 0.8658 0.0000 
