1        1   (0)      1  : 0.2258 0.2471 0.1278 0.1824 0.2169
2        2   (0)      1  : 0.3695 0.0171 0.2665 0.2286 0.1184
3        3   (0)      1  : 0.5671 0.0174 0.0908 0.1497 0.1751
4        4   (0)      1  : 0.1987 0.0152 0.5477 0.1339 0.1045
5        5   (0)      1  : 0.1487 0.1773 0.0733 0.3664 0.2342
6        6   (0)      1  : 0.3117 0.0017 0.3073 0.2601 0.1192
7        7   (0)      1  : 0.1674 0.2524 0.0588 0.3457 0.1756
8        8   (0)      1  : 0.5676 0.0176 0.0000 0.2666 0.1483
9        9   (0)      1  : 0.0313 0.5917 0.0435 0.2023 0.1312
10       10   (0)      1  : 0.1199 0.2313 0.3538 0.0447 0.2503
11       11   (0)      1  : 0.0000 0.9672 0.0000 0.0000 0.0328
12       12   (0)      1  : 0.2032 0.3665 0.0585 0.0638 0.3080
13       13   (0)      2  : 0.3736 0.3703 0.0286 0.0569 0.1705
14       14   (0)      2  : 0.0000 0.9822 0.0000 0.0000 0.0178
15       15   (0)      2  : 0.0000 0.9259 0.0000 0.0036 0.0704
16       16   (0)      2  : 0.0037 0.8863 0.0000 0.0006 0.1094
17       17   (0)      2  : 0.1949 0.5086 0.0671 0.1966 0.0328
18       18   (0)      2  : 0.0000 0.7583 0.0085 0.0117 0.2215
19       19   (0)      2  : 0.0116 0.7771 0.0000 0.0175 0.1938
20       20   (0)      2  : 0.3781 0.2136 0.0771 0.1480 0.1832
21       21   (0)      2  : 0.2977 0.0000 0.1410 0.4812 0.0801
22       22   (0)      2  : 0.1701 0.3533 0.1024 0.0839 0.2902
23       23   (0)      2  : 0.2573 0.6027 0.0089 0.0726 0.0585
24       24   (0)      2  : 0.5128 0.0061 0.0847 0.3243 0.0721
25       25   (0)      2  : 0.2243 0.3865 0.0488 0.2124 0.1279
26       26   (0)      2  : 0.3490 0.1758 0.1139 0.0237 0.3377
27       27   (0)      2  : 0.3460 0.0947 0.1515 0.1410 0.2668
28       28   (0)      2  : 0.0735 0.7260 0.0065 0.0389 0.1551
29       29   (0)      2  : 0.4005 0.0048 0.0789 0.3239 0.1919
30       30   (0)      2  : 0.0916 0.4494 0.0350 0.2526 0.1714
31       31   (0)      2  : 0.0250 0.2639 0.3260 0.2503 0.1348
32       32   (0)      2  : 0.0448 0.2434 0.5002 0.0492 0.1623
33       33   (0)      2  : 0.0000 0.8906 0.0000 0.0000 0.1094
34       34   (0)      3  : 0.3486 0.0039 0.0990 0.4152 0.1332
35       35   (0)      3  : 0.0484 0.0002 0.0715 0.8308 0.0490
36       36   (0)      3  : 0.0912 0.0437 0.4302 0.3518 0.0831
37       37   (0)      3  : 0.2682 0.0493 0.3317 0.1999 0.1509
38       38   (0)      3  : 0.4348 0.0110 0.3418 0.0222 0.1901
39       39   (0)      3  : 0.2505 0.0204 0.4798 0.1298 0.1195
40       40   (0)      3  : 0.2760 0.0128 0.2668 0.1850 0.2594
41       41   (0)      3  : 0.2747 0.1012 0.1848 0.2588 0.1806
42       42   (0)      3  : 0.0893 0.1895 0.0830 0.4855 0.1527
43       43   (0)      3  : 0.0609 0.0135 0.4354 0.3988 0.0913
44       44   (0)      3  : 0.2968 0.0733 0.0470 0.4589 0.1241
45       45   (0)      3  : 0.4030 0.0000 0.1915 0.3708 0.0347
46       46   (0)      3  : 0.3542 0.0280 0.4444 0.0304 0.1431
47       47   (0)      3  : 0.1602 0.1551 0.3000 0.2339 0.1508
48       48   (0)      3  : 0.1609 0.0001 0.0968 0.7113 0.0309
49       49   (0)      3  : 0.6228 0.0000 0.0459 0.2882 0.0432
50       50   (0)      3  : 0.1547 0.0229 0.5001 0.2366 0.0858
51       51   (0)      3  : 0.1362 0.0162 0.6682 0.0908 0.0885
52       52   (0)      3  : 0.1670 0.2829 0.2254 0.1445 0.1803
53       53   (0)      3  : 0.1343 0.0916 0.2355 0.4501 0.0884
54       54   (0)      3  : 0.3326 0.0437 0.2698 0.0466 0.3073
55       55   (0)      3  : 0.4916 0.1051 0.0314 0.2684 0.1034
56       56   (0)      3  : 0.3333 0.0007 0.4085 0.1189 0.1386
57       57   (0)      3  : 0.2589 0.0058 0.4183 0.2637 0.0533
58       58   (0)      3  : 0.6583 0.0000 0.0922 0.0942 0.1553
59       59   (0)      3  : 0.0441 0.0721 0.6806 0.1293 0.0740
60       60   (0)      4  : 0.1579 0.4492 0.1361 0.0107 0.2461
61       61   (0)      4  : 0.0149 0.5737 0.0977 0.1824 0.1313
62       62   (0)      4  : 0.0606 0.1679 0.3771 0.2556 0.1388
63       63   (0)      4  : 0.2625 0.0655 0.1047 0.3686 0.1986
64       64   (0)      4  : 0.0502 0.1414 0.5537 0.1735 0.0812
65       65   (0)      4  : 0.0899 0.0907 0.4409 0.2689 0.1095
66       66   (0)      4  : 0.0195 0.0176 0.6552 0.2591 0.0486
67       67   (0)      4  : 0.1975 0.2630 0.2743 0.1251 0.1401
68       68   (0)      4  : 0.2855 0.0783 0.2802 0.1578 0.1981
69       69   (0)      4  : 0.2455 0.0065 0.1218 0.5283 0.0979
70       70   (0)      4  : 0.1387 0.4962 0.0839 0.0598 0.2213
71       71   (0)      4  : 0.2580 0.0079 0.4369 0.1699 0.1273
72       72   (0)      4  : 0.1610 0.5360 0.0528 0.1687 0.0816
73       73   (0)      4  : 0.3783 0.0122 0.0532 0.3785 0.1778
74       74   (0)      4  : 0.1588 0.0044 0.1127 0.6701 0.0539
75       75   (0)      4  : 0.0651 0.0000 0.0859 0.8406 0.0084
76       76   (0)      4  : 0.2846 0.0184 0.1371 0.4825 0.0774
77       77   (0)      4  : 0.3003 0.0439 0.1288 0.2874 0.2396
78       78   (0)      4  : 0.3333 0.0413 0.2118 0.2512 0.1624
79       79   (0)      4  : 0.4018 0.0000 0.1399 0.3933 0.0650
80       80   (0)      4  : 0.2570 0.0274 0.4387 0.1936 0.0834
81       81   (0)      4  : 0.0433 0.5339 0.1468 0.1300 0.1460
82       82   (0)      4  : 0.4016 0.0553 0.0884 0.2775 0.1771
83       83   (0)      4  : 0.3026 0.0027 0.4695 0.1554 0.0698
84       84   (0)      4  : 0.2103 0.0924 0.4488 0.1377 0.1109
85       85   (0)      4  : 0.1560 0.5010 0.0358 0.1023 0.2049
86       86   (0)      5  : 0.2516 0.0859 0.3835 0.0265 0.2525
87       87   (0)      5  : 0.2736 0.1083 0.1103 0.3490 0.1589
88       88   (0)      5  : 0.2076 0.0933 0.4119 0.1184 0.1688
89       89   (0)      5  : 0.6481 0.0109 0.0761 0.1260 0.1390
90       90   (0)      5  : 0.5283 0.0425 0.1645 0.1158 0.1489
91       91   (0)      5  : 0.4919 0.0756 0.1621 0.0471 0.2232
92       92   (0)      5  : 0.1487 0.0052 0.4697 0.3032 0.0732
93       93   (0)      5  : 0.9354 0.0000 0.0223 0.0000 0.0422
94       94   (0)      5  : 0.1285 0.0363 0.5315 0.1822 0.1215
95       95   (0)      5  : 0.2090 0.4757 0.0297 0.0433 0.2423
96       96   (0)      5  : 0.4644 0.0000 0.2740 0.1323 0.1293
97       97   (0)      5  : 0.2563 0.1616 0.1790 0.1829 0.2202
98       98   (0)      5  : 0.0525 0.1194 0.5124 0.1463 0.1694
99       99   (0)      5  : 0.5160 0.0034 0.1212 0.3014 0.0579
100      100   (0)      5  : 0.1089 0.0487 0.4514 0.2674 0.1236
101      101   (0)      5  : 0.3314 0.0084 0.2872 0.2165 0.1565
102      102   (0)      5  : 0.3774 0.0002 0.1490 0.3486 0.1248
103      103   (0)      5  : 0.2034 0.0131 0.4009 0.1596 0.2230
104      104   (0)      5  : 0.2576 0.1730 0.1864 0.1753 0.2076
105      105   (0)      5  : 0.3579 0.0003 0.5008 0.1030 0.0380
106      106   (0)      5  : 0.2352 0.1230 0.0886 0.4777 0.0754
107      107   (0)      5  : 0.3580 0.0770 0.2593 0.1292 0.1765
108      108   (0)      5  : 0.3682 0.1380 0.1357 0.2240 0.1341
109      109   (0)      5  : 0.4814 0.2749 0.0163 0.1091 0.1183
110      110   (0)      5  : 0.2854 0.1202 0.1824 0.2493 0.1627
111      111   (0)      5  : 0.1286 0.0000 0.3890 0.4460 0.0364
112      112   (0)      5  : 0.4959 0.0000 0.0910 0.4072 0.0059
113      113   (0)      4  : 0.3148 0.0000 0.1468 0.4220 0.1164
114      114   (0)      6  : 0.2934 0.1156 0.1857 0.2488 0.1565
115      115   (0)      6  : 0.0437 0.3426 0.5059 0.0892 0.0185
116      116   (0)      6  : 0.0707 0.3996 0.0936 0.1115 0.3247
117      117   (0)      6  : 0.1017 0.5323 0.0332 0.0426 0.2902
118      118   (0)      6  : 0.2947 0.3924 0.0354 0.1042 0.1732
119      119   (0)      6  : 0.0078 0.7432 0.0086 0.0508 0.1896
120      120   (0)      6  : 0.2273 0.0003 0.2292 0.4453 0.0979
121      121   (0)      6  : 0.1039 0.1532 0.4313 0.2705 0.0411
122      122   (0)      6  : 0.4085 0.0038 0.1525 0.3944 0.0408
123      123   (0)      6  : 0.1430 0.3148 0.1745 0.2514 0.1163
124      124   (0)      6  : 0.1853 0.0055 0.4409 0.2824 0.0859
125      125   (0)      6  : 0.4875 0.0869 0.0295 0.2489 0.1472
126      126   (0)      6  : 0.4359 0.0133 0.0459 0.3905 0.1144
127      127   (0)      6  : 0.1589 0.4013 0.1433 0.0539 0.2426
128      128   (0)      6  : 0.5148 0.0011 0.2363 0.1751 0.0726
129      129   (0)      6  : 0.1086 0.0006 0.5144 0.3321 0.0443
130      130   (0)      6  : 0.2270 0.1667 0.0617 0.3896 0.1550
131      131   (0)      6  : 0.2211 0.4973 0.0318 0.0898 0.1600
132      132   (0)      6  : 0.2966 0.0722 0.2575 0.3036 0.0700
133      133   (0)      6  : 0.8118 0.0001 0.0407 0.1329 0.0145
134      134   (0)      6  : 0.2539 0.0906 0.3427 0.1608 0.1520
135      135   (0)      6  : 0.0260 0.5836 0.0653 0.1649 0.1602
136      136   (0)      6  : 0.1995 0.1616 0.3469 0.1786 0.1133
137      137   (0)      6  : 0.3362 0.0863 0.1329 0.2670 0.1776
138      138   (0)      6  : 0.2060 0.0182 0.2447 0.4739 0.0572
139      139   (0)      6  : 0.1356 0.0773 0.4941 0.1274 0.1655
140      140   (0)      6  : 0.0670 0.2973 0.2419 0.1537 0.2403
141      141   (0)      6  : 0.2776 0.1933 0.0808 0.0731 0.3752
142      142   (0)      7  : 0.2686 0.0012 0.2467 0.4115 0.0720
143      143   (0)      7  : 0.0348 0.8362 0.0000 0.0087 0.1203
144      144   (0)      7  : 0.1701 0.1052 0.3443 0.2711 0.1093
145      145   (0)      7  : 0.1263 0.0397 0.5290 0.2652 0.0397
146      146   (0)      7  : 0.2115 0.2068 0.1189 0.0708 0.3921
147      147   (0)      7  : 0.5920 0.0000 0.2458 0.0147 0.1475
148      148   (0)      7  : 0.1295 0.0002 0.5210 0.2270 0.1222
149      149   (0)      7  : 0.0845 0.5737 0.0534 0.0523 0.2361
150      150   (0)      7  : 0.2789 0.2433 0.0982 0.0797 0.2999
151      151   (0)      7  : 0.0425 0.5009 0.1490 0.0587 0.2489
152      152   (0)      7  : 0.2367 0.0093 0.3581 0.1865 0.2093
153      153   (0)      7  : 0.0000 0.9643 0.0000 0.0000 0.0357
154      154   (0)      7  : 0.5375 0.0345 0.1779 0.0582 0.1919
155      155   (0)      7  : 0.0635 0.4258 0.0330 0.1510 0.3268
156      156   (0)      7  : 0.0550 0.0025 0.8562 0.0167 0.0696
157      157   (0)      7  : 0.2234 0.0000 0.5942 0.0225 0.1598
158      158   (0)      7  : 0.2045 0.0628 0.2780 0.2608 0.1938
159      159   (0)      7  : 0.0232 0.6059 0.1572 0.0334 0.1803
160      160   (0)      7  : 0.3453 0.3448 0.0847 0.0639 0.1613
161      161   (0)      7  : 0.0692 0.5668 0.0000 0.0357 0.3283
162      162   (0)      7  : 0.1153 0.1244 0.0909 0.5242 0.1452
163      163   (0)      7  : 0.0593 0.0129 0.6220 0.1462 0.1596
164      164   (0)      7  : 0.0800 0.2831 0.1996 0.3344 0.1029
165      165   (0)      7  : 0.0947 0.3430 0.0185 0.3717 0.1722
166      166   (0)      7  : 0.0580 0.1984 0.2480 0.4216 0.0740
167      167   (0)      7  : 0.3245 0.0000 0.3949 0.0942 0.1864
168      168   (0)      7  : 0.0895 0.0731 0.3499 0.3205 0.1669
169      169   (0)      7  : 0.0621 0.6885 0.0100 0.1167 0.1227
