1        1   (0)      1  : 0.0000 0.1859 0.0000 0.2047 0.0706 0.3815 0.0000 0.1572
2        2   (0)      1  : 0.0938 0.3567 0.0000 0.0000 0.0667 0.0894 0.0000 0.3934
3        3   (0)      2  : 0.0000 0.0000 0.2678 0.0000 0.0000 0.3333 0.0000 0.3989
4        4   (0)      2  : 0.0000 0.0000 0.0000 0.0000 0.0000 1.0000 0.0000 0.0000
5        5   (0)      2  : 0.0076 0.2418 0.2422 0.2129 0.0000 0.0000 0.2630 0.0326
6        6   (0)      2  : 0.0553 0.2894 0.0000 0.0736 0.2230 0.1363 0.0000 0.2224
7        7   (0)      2  : 0.3487 0.1025 0.0000 0.3524 0.0000 0.0000 0.0324 0.1640
8        8   (0)      2  : 0.0950 0.1931 0.1275 0.0862 0.2654 0.0760 0.0378 0.1189
9        9   (0)      2  : 0.0531 0.0929 0.0900 0.7640 0.0000 0.0000 0.0000 0.0000
10       10   (0)      2  : 0.2191 0.0489 0.2945 0.0100 0.1697 0.0000 0.2014 0.0565
11       11   (0)      2  : 0.7484 0.0430 0.0000 0.0000 0.0267 0.1243 0.0259 0.0317
12       12   (0)      2  : 0.0482 0.2011 0.0989 0.0000 0.2481 0.1821 0.1656 0.0560
13       13   (0)      2  : 0.1030 0.0365 0.1952 0.1077 0.0000 0.0000 0.5576 0.0000
14       14   (0)      2  : 0.0667 0.7743 0.0766 0.0824 0.0000 0.0000 0.0000 0.0000
15       15   (0)      2  : 0.1191 0.1219 0.2057 0.0791 0.0234 0.0000 0.4507 0.0000
16       16   (0)      2  : 0.0026 0.0548 0.2766 0.0000 0.0000 0.2568 0.2385 0.1707
17       17   (0)      2  : 0.2218 0.0333 0.1003 0.3149 0.0000 0.0681 0.0921 0.1696
18       18   (0)      2  : 0.1571 0.0000 0.1055 0.0944 0.2328 0.2816 0.1286 0.0000
19       19   (0)      2  : 0.0908 0.0207 0.1582 0.2436 0.1330 0.1411 0.0968 0.1158
20       20   (0)      2  : 0.0000 0.0000 0.1331 0.0000 0.6667 0.1233 0.0408 0.0361
21       21   (0)      2  : 0.0000 0.4698 0.0000 0.3754 0.0000 0.0000 0.0000 0.1548
22       22   (0)      2  : 0.0000 0.1283 0.0000 0.3399 0.2206 0.0000 0.3112 0.0000
23       23   (0)      2  : 0.1173 0.1207 0.1949 0.2059 0.0000 0.0000 0.3333 0.0278
24       24   (0)      2  : 0.3835 0.0000 0.0652 0.1001 0.3969 0.0000 0.0000 0.0543
25       25   (0)      2  : 0.1678 0.0000 0.0898 0.2330 0.1346 0.3549 0.0000 0.0199
26       26   (0)      2  : 0.0000 0.0000 0.3333 0.0000 0.2145 0.0000 0.4521 0.0000
27       27   (0)      2  : 0.0000 0.2097 0.2727 0.2854 0.0316 0.0000 0.1139 0.0866
28       28   (0)      2  : 0.1086 0.4121 0.1788 0.0000 0.1081 0.0919 0.1004 0.0000
29       29   (0)      2  : 0.0000 0.0000 0.0000 0.5224 0.0776 0.0000 0.4001 0.0000
30       30   (0)      3  : 0.0000 0.1373 0.0000 0.0000 0.3050 0.3353 0.0887 0.1337
31       31   (0)      3  : 0.0883 0.1471 0.0000 0.2806 0.1473 0.0000 0.2309 0.1058
32       32   (0)      3  : 0.0414 0.2014 0.1223 0.0077 0.1234 0.4456 0.0582 0.0000
33       33   (0)      3  : 0.2120 0.0000 0.5819 0.0666 0.0249 0.0287 0.0000 0.0860
34       34   (0)      3  : 0.0000 0.0231 0.2082 0.5004 0.0000 0.0103 0.1175 0.1405
35       35   (0)      3  : 0.0000 0.1348 0.0000 0.0000 0.0000 0.1715 0.0000 0.6937
36       36   (0)      3  : 0.0000 0.3232 0.3342 0.0254 0.0000 0.0000 0.2640 0.0532
37       37   (0)      3  : 0.1302 0.2325 0.0742 0.1947 0.1045 0.0713 0.0771 0.1155
38       38   (0)      3  : 0.0717 0.0000 0.0000 0.1268 0.1094 0.2249 0.0000 0.4673
39       39   (0)      3  : 0.0746 0.5299 0.0829 0.0400 0.2726 0.0000 0.0000 0.0000
40       40   (0)      3  : 0.0987 0.0214 0.0000 0.2016 0.0919 0.1984 0.1949 0.1932
41       41   (0)      3  : 0.0901 0.1677 0.1636 0.0461 0.0475 0.2669 0.0000 0.2181
42       42   (0)      3  : 0.0000 0.4620 0.0101 0.2929 0.1149 0.1200 0.0000 0.0000
43       43   (0)      3  : 0.0168 0.3030 0.0844 0.0000 0.1797 0.0748 0.1559 0.1854
44       44   (0)      3  : 0.0000 0.1099 0.2745 0.0646 0.0000 0.1114 0.4397 0.0000
45       45   (0)      3  : 0.0699 0.0000 0.4617 0.0000 0.0000 0.2049 0.1769 0.0866
46       46   (0)      3  : 0.0044 0.0000 0.1752 0.0008 0.2899 0.3333 0.0000 0.1964
47       47   (0)      3  : 0.2253 0.0619 0.0191 0.2501 0.1833 0.0183 0.2421 0.0000
48       48   (0)      3  : 0.0000 0.0000 0.6667 0.0000 0.0000 0.2158 0.1175 0.0000
49       49   (0)      3  : 0.0000 0.1294 0.0000 0.4052 0.2969 0.0325 0.0000 0.1360
50       50   (0)      3  : 0.0705 0.4008 0.0838 0.0000 0.2270 0.0015 0.0221 0.1943
51       51   (0)      3  : 0.0000 0.1737 0.1538 0.2949 0.0000 0.0106 0.2078 0.1591
52       52   (0)      3  : 0.0606 0.0672 0.0001 0.0000 0.0000 0.0000 0.1653 0.7066
53       53   (0)      3  : 0.0000 0.0000 0.7325 0.0400 0.0490 0.0182 0.1009 0.0594
54       54   (0)      3  : 0.0255 0.2394 0.0012 0.2407 0.0823 0.2844 0.1254 0.0011
55       55   (0)      3  : 0.0000 0.0000 0.6672 0.1390 0.0000 0.0000 0.0000 0.1938
56       56   (0)      3  : 0.0420 0.1060 0.3169 0.1406 0.1179 0.1254 0.0630 0.0883
57       57   (0)      3  : 0.0951 0.1756 0.0933 0.0276 0.0745 0.2996 0.1720 0.0624
58       58   (0)      3  : 0.0000 0.0000 0.0000 0.0000 0.0000 0.0000 0.0000 1.0000
59       59   (0)      3  : 0.0000 0.0000 0.3099 0.0000 0.4709 0.2192 0.0000 0.0000
60       60   (0)      4  : 0.0665 0.0080 0.0667 0.0921 0.6667 0.0658 0.0000 0.0343
61       61   (0)      4  : 0.0000 0.0000 0.0364 0.0000 0.0000 0.0000 0.8075 0.1561
62       62   (0)      4  : 0.0421 0.1635 0.2217 0.0000 0.1549 0.3037 0.0000 0.1141
63       63   (0)      4  : 0.1446 0.3577 0.1479 0.0000 0.0000 0.0000 0.1194 0.2303
64       64   (0)      4  : 0.0226 0.0000 0.0228 0.7859 0.0000 0.0357 0.0820 0.0510
65       65   (0)      4  : 0.1479 0.0000 0.6667 0.0000 0.0395 0.0000 0.1459 0.0000
66       66   (0)      4  : 0.1596 0.0000 0.4027 0.0000 0.0906 0.0952 0.1911 0.0608
67       67   (0)      4  : 0.0000 0.0000 0.0000 0.6358 0.2367 0.0000 0.0000 0.1275
68       68   (0)      4  : 0.3340 0.0000 0.2244 0.0000 0.2023 0.0344 0.1207 0.0843
69       69   (0)      4  : 0.0388 0.0000 0.0797 0.0618 0.0424 0.1106 0.6667 0.0000
70       70   (0)      4  : 0.1359 0.5693 0.0000 0.0839 0.0620 0.0000 0.0000 0.1488
71       71   (0)      1  : 0.0000 0.0000 0.0000 0.6797 0.0881 0.0000 0.2322 0.0000
72       72   (0)      1  : 0.1709 0.0000 0.0000 0.2081 0.0000 0.2876 0.0000 0.3333
73       73   (0)      1  : 0.0606 0.1888 0.2617 0.0435 0.1558 0.1096 0.0000 0.1801
74       74   (0)      1  : 0.0242 0.0654 0.0776 0.0000 0.7766 0.0000 0.0341 0.0221
75       75   (0)      1  : 0.0000 0.0840 0.0015 0.0000 0.0338 0.0981 0.7825 0.0000
76       76   (0)      1  : 0.3990 0.3689 0.0000 0.0000 0.0000 0.2321 0.0000 0.0000
77       77   (0)      1  : 0.0359 0.0000 0.0688 0.0784 0.7266 0.0195 0.0000 0.0708
78       78   (0)      1  : 0.1157 0.3705 0.0867 0.0232 0.2076 0.0000 0.1203 0.0759
79       79   (0)      1  : 0.2398 0.0088 0.3070 0.0541 0.0799 0.1399 0.0157 0.1547
80       80   (0)      1  : 0.1412 0.1094 0.1261 0.3328 0.0000 0.0000 0.2904 0.0000
81       81   (0)      1  : 0.0000 0.7939 0.0000 0.0000 0.0000 0.0899 0.0000 0.1161
82       82   (0)      1  : 0.0016 0.3285 0.0000 0.3092 0.0000 0.0000 0.1213 0.2394
83       83   (0)      1  : 0.3157 0.1874 0.0002 0.1805 0.1672 0.1491 0.0000 0.0000
84       84   (0)      1  : 0.8404 0.0000 0.0000 0.1596 0.0000 0.0000 0.0000 0.0000
85       85   (0)      1  : 0.1233 0.2033 0.0001 0.1014 0.1452 0.1612 0.2656 0.0000
86       86   (0)      1  : 0.1560 0.0000 0.5929 0.0000 0.2512 0.0000 0.0000 0.0000
87       87   (0)      1  : 0.0302 0.1041 0.0441 0.0000 0.0753 0.3654 0.0000 0.3810
88       88   (0)      1  : 0.4869 0.0017 0.0000 0.0000 0.1332 0.1116 0.1650 0.1016
89       89   (0)      1  : 0.1519 0.0000 0.0000 0.1028 0.3463 0.3474 0.0000 0.0516
90       90   (0)      1  : 0.0000 0.0000 0.0000 0.0000 0.0000 0.0000 1.0000 0.0000
91       91   (0)      1  : 1.0000 0.0000 0.0000 0.0000 0.0000 0.0000 0.0000 0.0000
92       92   (0)      1  : 0.0000 0.3720 0.1201 0.0761 0.0821 0.0965 0.2307 0.0225
93       93   (0)      1  : 0.0286 0.1820 0.1157 0.1914 0.0980 0.1880 0.1118 0.0845
94       94   (0)      1  : 0.1942 0.0001 0.0256 0.3262 0.1025 0.2506 0.0000 0.1009
95       95   (0)      1  : 0.0000 0.0000 0.0000 0.8128 0.0000 0.0000 0.1872 0.0000
96       96   (0)      1  : 0.1332 0.0000 0.2354 0.6314 0.0000 0.0000 0.0000 0.0000
97       97   (0)      1  : 0.1282 0.3362 0.0713 0.1774 0.0942 0.0000 0.1317 0.0611
98       98   (0)      1  : 0.1571 0.0831 0.1618 0.1572 0.4013 0.0350 0.0045 0.0000
99       99   (0)      4  : 0.0000 0.0000 0.0000 1.0000 0.0000 0.0000 0.0000 0.0000
100      100   (0)      4  : 0.0000 0.2619 0.1165 0.1860 0.1486 0.0554 0.2059 0.0258
101      101   (0)      5  : 0.2227 0.1048 0.0448 0.3203 0.1346 0.0000 0.1728 0.0000
102      102   (0)      5  : 0.0793 0.3534 0.0000 0.0000 0.1414 0.0000 0.1985 0.2274
103      103   (0)      5  : 0.0000 0.0000 0.0763 0.3558 0.2575 0.0770 0.0000 0.2334
104      104   (0)      5  : 0.1746 0.3886 0.1155 0.0902 0.0592 0.0946 0.0000 0.0773
105      105   (0)      5  : 0.2472 0.0000 0.2837 0.1642 0.3050 0.0000 0.0000 0.0000
106      106   (0)      4  : 0.2025 0.0000 0.0000 0.0000 0.0000 0.4762 0.3213 0.0000
107      107   (0)      4  : 0.5974 0.0000 0.0000 0.0000 0.0000 0.0000 0.0000 0.4026
108      108   (0)      4  : 0.0000 0.2657 0.1638 0.0000 0.2371 0.0000 0.0000 0.3333
109      109   (0)      4  : 0.1218 0.0928 0.1742 0.0837 0.2518 0.0851 0.1530 0.0375
110      110   (0)      4  : 0.0051 0.2052 0.0000 0.0825 0.4578 0.1418 0.1076 0.0000
111      111   (0)      5  : 0.0086 0.0000 0.1829 0.2950 0.1045 0.1542 0.1594 0.0955
112      112   (0)      5  : 0.2845 0.0000 0.2890 0.1224 0.1375 0.0000 0.0776 0.0889
113      113   (0)      5  : 0.2062 0.0294 0.1955 0.1096 0.0000 0.0735 0.2860 0.0999
114      114   (0)      5  : 0.0000 0.4630 0.1412 0.0159 0.0772 0.0000 0.3027 0.0000
115      115   (0)      5  : 0.0000 0.0000 0.0000 0.0000 0.6497 0.3503 0.0000 0.0000
116      116   (0)      5  : 0.6667 0.0000 0.0000 0.3333 0.0000 0.0000 0.0000 0.0000
117      117   (0)      4  : 0.3006 0.1793 0.2565 0.0854 0.0000 0.0000 0.0000 0.1783
118      118   (0)      4  : 0.0626 0.0000 0.1061 0.0000 0.0817 0.7279 0.0000 0.0216
119      119   (0)      4  : 0.0000 0.3333 0.0000 0.3462 0.0000 0.0000 0.1643 0.1562
120      120   (0)      4  : 0.0516 0.1060 0.3653 0.0008 0.2090 0.0000 0.0996 0.1677
121      121   (0)      4  : 0.2047 0.3040 0.1539 0.0000 0.0966 0.1839 0.0308 0.0260
122      122   (0)      4  : 0.1340 0.0000 0.1614 0.0874 0.0000 0.6171 0.0000 0.0000
123      123   (0)      4  : 0.0000 0.0000 0.1169 0.4363 0.3654 0.0000 0.0000 0.0814
124      124   (0)      4  : 0.2066 0.0815 0.1726 0.1910 0.0000 0.0597 0.1528 0.1358
125      125   (0)      5  : 0.6667 0.1492 0.0000 0.0991 0.0000 0.0000 0.0850 0.0000
126      126   (0)      5  : 0.0000 0.2271 0.2303 0.0000 0.0000 0.3560 0.0973 0.0894
127      127   (0)      5  : 0.1998 0.0000 0.0000 0.0000 0.0000 0.0000 0.0000 0.8002
128      128   (0)      5  : 0.1026 0.0199 0.1321 0.1566 0.1072 0.3724 0.0085 0.1008
129      129   (0)      5  : 0.0000 0.1194 0.2560 0.0000 0.3327 0.0000 0.2409 0.0510
130      130   (0)      5  : 0.0000 0.0234 0.1694 0.0000 0.0444 0.2560 0.2368 0.2700
131      131   (0)      5  : 0.0000 0.0564 0.4002 0.1910 0.1618 0.0000 0.1906 0.0000
132      132   (0)      5  : 0.1716 0.0000 0.8284 0.0000 0.0000 0.0000 0.0000 0.0000
133      133   (0)      5  : 0.1271 0.2326 0.0000 0.0000 0.0000 0.4465 0.0000 0.1939
134      134   (0)      5  : 0.0890 0.0000 0.0000 0.3304 0.0000 0.2022 0.2890 0.0894
135      135   (0)      5  : 0.0000 0.8768 0.0000 0.0000 0.1232 0.0000 0.0000 0.0000
136      136   (0)      5  : 0.1108 0.0000 0.0000 0.0000 0.2225 0.6667 0.0000 0.0000
137      137   (0)      5  : 0.0000 0.1371 0.1829 0.1081 0.0000 0.0000 0.4716 0.1003
138      138   (0)      5  : 0.0943 0.0705 0.0000 0.2376 0.0655 0.0000 0.3487 0.1833
139      139   (0)      5  : 0.0000 0.3169 0.0000 0.0457 0.1248 0.1921 0.0000 0.3205
140      140   (0)      5  : 0.0854 0.0000 0.0000 0.0000 0.7751 0.0939 0.0000 0.0456
141      141   (0)      5  : 0.0000 0.0653 0.0000 0.4047 0.1670 0.0177 0.0447 0.3005
142      142   (0)      5  : 0.0428 0.0000 0.0000 0.0576 0.0751 0.7607 0.0557 0.0080
143      143   (0)      5  : 0.2526 0.2702 0.2728 0.0065 0.0340 0.0338 0.0000 0.1299
144      144   (0)      6  : 0.0111 0.0643 0.0460 0.3248 0.0310 0.2068 0.1048 0.2112
145      145   (0)      6  : 0.1199 0.1342 0.0276 0.0669 0.1978 0.1174 0.0305 0.3058
146      146   (0)      6  : 0.2149 0.0335 0.4138 0.0255 0.2186 0.0935 0.0000 0.0000
147      147   (0)      6  : 0.0000 0.0000 0.3589 0.0000 0.5343 0.1068 0.0000 0.0000
148      148   (0)      6  : 0.0404 0.2963 0.2235 0.0000 0.0000 0.0000 0.1065 0.3333
149      149   (0)      6  : 0.0000 0.0313 0.0000 0.7915 0.0195 0.0000 0.0773 0.0804
150      150   (0)      6  : 0.0000 0.0000 0.0000 0.0000 0.3333 0.3663 0.0000 0.3004
151      151   (0)      6  : 0.0000 0.1088 0.5734 0.0000 0.1632 0.0000 0.1546 0.0000
152      152   (0)      6  : 0.2149 0.2283 0.0000 0.2502 0.0803 0.0000 0.2076 0.0186
153      153   (0)      6  : 0.0000 0.0000 0.0768 0.0813 0.1527 0.0000 0.6667 0.0225
154      154   (0)      6  : 0.1752 0.0601 0.2853 0.0000 0.0867 0.1443 0.0663 0.1820
155      155   (0)      6  : 0.0052 0.0725 0.0000 0.0403 0.0963 0.2939 0.0000 0.4919
156      156   (0)      6  : 0.1156 0.3102 0.0000 0.0461 0.1166 0.2549 0.1060 0.0506
157      157   (0)      6  : 0.1984 0.0000 0.4144 0.0911 0.0000 0.1189 0.1772 0.0001
158      158   (0)      6  : 0.0177 0.1826 0.1768 0.1751 0.2375 0.0428 0.0932 0.0743
159      159   (0)      6  : 0.1433 0.0722 0.2750 0.1319 0.0348 0.0802 0.2191 0.0435
160      160   (0)      6  : 0.1836 0.0000 0.0000 0.0000 0.0985 0.3718 0.3461 0.0000
161      161   (0)      6  : 0.0362 0.4504 0.0334 0.4449 0.0351 0.0000 0.0000 0.0000
162      162   (0)      6  : 0.0000 0.6667 0.3333 0.0000 0.0000 0.0000 0.0000 0.0000
163      163   (0)      6  : 0.0508 0.0000 0.0000 0.0000 0.0286 0.7608 0.0609 0.0989
164      164   (0)      6  : 0.0000 0.4396 0.3214 0.0401 0.1094 0.0000 0.0000 0.0894
165      165   (0)      6  : 0.1641 0.1080 0.0185 0.1420 0.1231 0.1919 0.2524 0.0000
166      166   (0)      6  : 0.0000 0.0000 0.8048 0.1029 0.0000 0.0000 0.0923 0.0000
167      167   (0)      6  : 0.1410 0.0001 0.2311 0.0869 0.0000 0.2722 0.1135 0.1553
168      168   (0)      6  : 0.3029 0.0155 0.0996 0.0560 0.4590 0.0672 0.0000 0.0000
169      169   (0)      6  : 0.5153 0.0512 0.0000 0.1758 0.0462 0.1510 0.0000 0.0604
170      170   (0)      6  : 0.0000 0.1133 0.0000 0.4437 0.1129 0.2701 0.0599 0.0000
171      171   (0)      6  : 0.2587 0.0599 0.0000 0.0000 0.0819 0.3162 0.0000 0.2833
172      172   (0)      4  : 0.0000 0.0000 0.0004 0.3432 0.1938 0.2915 0.0547 0.1164
173      173   (0)      4  : 0.3837 0.3333 0.0000 0.0000 0.0000 0.0000 0.0000 0.2829
174      174   (0)      7  : 0.0000 0.0724 0.5369 0.0000 0.0464 0.0000 0.3443 0.0000
175      175   (0)      7  : 1.0000 0.0000 0.0000 0.0000 0.0000 0.0000 0.0000 0.0000
176      176   (0)      7  : 0.1981 0.1970 0.0330 0.0000 0.0692 0.1626 0.1999 0.1401
177      177   (0)      7  : 0.1776 0.0518 0.1566 0.2835 0.0764 0.0280 0.1662 0.0599
178      178   (0)      7  : 0.2271 0.3575 0.0000 0.1386 0.0242 0.1166 0.0983 0.0377
179      179   (0)      7  : 0.0000 0.0332 0.1760 0.0000 0.0000 0.1242 0.0000 0.6667
180      180   (0)      7  : 0.0000 0.0000 0.5464 0.0000 0.2754 0.1205 0.0000 0.0577
181      181   (0)      7  : 0.0921 0.3086 0.0000 0.1170 0.1179 0.1737 0.0000 0.1907
182      182   (0)      7  : 0.3892 0.3138 0.0025 0.1088 0.0000 0.0000 0.1244 0.0612
183      183   (0)      7  : 0.2708 0.4030 0.0447 0.0866 0.1569 0.0000 0.0000 0.0380
184      184   (0)      7  : 0.2579 0.0000 0.1933 0.0000 0.0000 0.4664 0.0000 0.0824
185      185   (0)      7  : 0.1557 0.0000 0.2225 0.0000 0.0000 0.2738 0.3481 0.0000
186      186   (0)      7  : 0.0602 0.3016 0.1111 0.0570 0.2109 0.0720 0.1872 0.0000
187      187   (0)      7  : 0.1780 0.2463 0.0258 0.0000 0.3628 0.1107 0.0765 0.0000
188      188   (0)      7  : 0.0358 0.7501 0.0000 0.0954 0.0000 0.0000 0.1095 0.0093
189      189   (0)      7  : 0.0000 0.0000 0.6028 0.0000 0.0000 0.0709 0.0822 0.2441
190      190   (0)      7  : 0.0096 0.0000 0.0000 0.3103 0.0548 0.5659 0.0024 0.0570
191      191   (0)      7  : 0.0970 0.2909 0.1209 0.0437 0.1836 0.0000 0.0000 0.2640
192      192   (0)      7  : 0.0000 0.0000 0.0000 0.3215 0.6785 0.0000 0.0000 0.0000
193      193   (0)      7  : 0.0938 0.1931 0.1119 0.3479 0.0180 0.0000 0.0839 0.1514
194      194   (0)      7  : 0.0665 0.0000 0.3220 0.0000 0.2067 0.1022 0.2995 0.0030
195      195   (0)      7  : 0.2631 0.0779 0.1458 0.0325 0.0558 0.0420 0.2719 0.1109
196      196   (0)      7  : 0.4019 0.0752 0.0007 0.0784 0.1673 0.0432 0.1265 0.1067
197      197   (0)      7  : 0.0796 0.0000 0.3920 0.2445 0.0875 0.0743 0.0387 0.0833
198      198   (0)      7  : 0.0000 1.0000 0.0000 0.0000 0.0000 0.0000 0.0000 0.0000
199      199   (0)      7  : 0.1585 0.0173 0.2970 0.1673 0.0261 0.0007 0.0832 0.2500
200      200   (0)      7  : 0.1516 0.2324 0.2674 0.0000 0.0032 0.1749 0.1147 0.0558
201      201   (0)      7  : 0.2842 0.0000 0.2071 0.1262 0.1588 0.0000 0.2237 0.0000
202      202   (0)      7  : 0.0000 0.3333 0.0000 0.0000 0.0000 0.0000 0.6667 0.0000
203      203   (0)      7  : 0.3076 0.0000 0.0000 0.4187 0.0000 0.0000 0.1078 0.1659
