1        1   (0)      1  : 0.6142 0.3858
2        2   (0)      1  : 0.9091 0.0909
3        3   (0)      1  : 0.8802 0.1198
4        4   (0)      1  : 0.8871 0.1129
5        5   (0)      1  : 0.6981 0.3019
6        6   (0)      1  : 0.9451 0.0549
7        7   (0)      1  : 0.5904 0.4096
8        8   (0)      1  : 0.8342 0.1658
9        9   (0)      1  : 0.2533 0.7467
10       10   (0)      1  : 0.5314 0.4686
11       11   (0)      1  : 0.0000 1.0000
12       12   (0)      1  : 0.4611 0.5389
13       13   (0)      2  : 0.5287 0.4713
14       14   (0)      2  : 0.0000 1.0000
15       15   (0)      2  : 0.0000 1.0000
16       16   (0)      2  : 0.0000 1.0000
17       17   (0)      2  : 0.4299 0.5701
18       18   (0)      2  : 0.0000 1.0000
19       19   (0)      2  : 0.0000 1.0000
20       20   (0)      2  : 0.6857 0.3143
21       21   (0)      2  : 0.9981 0.0019
22       22   (0)      2  : 0.4585 0.5415
23       23   (0)      2  : 0.3251 0.6749
24       24   (0)      2  : 0.9011 0.0989
25       25   (0)      2  : 0.5268 0.4732
26       26   (0)      2  : 0.6630 0.3370
27       27   (0)      2  : 0.7677 0.2323
28       28   (0)      2  : 0.1413 0.8587
29       29   (0)      2  : 0.9021 0.0979
30       30   (0)      2  : 0.3965 0.6035
31       31   (0)      2  : 0.6230 0.3770
32       32   (0)      2  : 0.6469 0.3531
33       33   (0)      2  : 0.0000 1.0000
34       34   (0)      3  : 0.9135 0.0865
35       35   (0)      3  : 0.8611 0.1389
36       36   (0)      3  : 0.8695 0.1305
37       37   (0)      3  : 0.8421 0.1579
38       38   (0)      3  : 0.9161 0.0839
39       39   (0)      3  : 0.8957 0.1043
40       40   (0)      3  : 0.9150 0.0850
41       41   (0)      3  : 0.7845 0.2155
42       42   (0)      3  : 0.6674 0.3326
43       43   (0)      3  : 0.9142 0.0858
44       44   (0)      3  : 0.8389 0.1611
45       45   (0)      3  : 1.0000 0.0000
46       46   (0)      3  : 0.9127 0.0873
47       47   (0)      3  : 0.7099 0.2901
48       48   (0)      3  : 0.9075 0.0925
49       49   (0)      3  : 1.0000 0.0000
50       50   (0)      3  : 0.8995 0.1005
51       51   (0)      3  : 0.8904 0.1096
52       52   (0)      3  : 0.6237 0.3763
53       53   (0)      3  : 0.8105 0.1895
54       54   (0)      3  : 0.8431 0.1569
55       55   (0)      3  : 0.8068 0.1932
56       56   (0)      3  : 0.9802 0.0198
57       57   (0)      3  : 0.9443 0.0557
58       58   (0)      3  : 0.9966 0.0034
59       59   (0)      3  : 0.8176 0.1824
60       60   (0)      4  : 0.3499 0.6501
61       61   (0)      4  : 0.2891 0.7109
62       62   (0)      4  : 0.7240 0.2760
63       63   (0)      4  : 0.8438 0.1562
64       64   (0)      4  : 0.7837 0.2163
65       65   (0)      4  : 0.8365 0.1635
66       66   (0)      4  : 0.8937 0.1063
67       67   (0)      4  : 0.6523 0.3477
68       68   (0)      4  : 0.8145 0.1855
69       69   (0)      4  : 0.9043 0.0957
70       70   (0)      4  : 0.3643 0.6357
71       71   (0)      4  : 0.9289 0.0711
72       72   (0)      4  : 0.3758 0.6242
73       73   (0)      4  : 0.9078 0.0922
74       74   (0)      4  : 0.9331 0.0669
75       75   (0)      4  : 0.9203 0.0797
76       76   (0)      4  : 0.8868 0.1132
77       77   (0)      4  : 0.8561 0.1439
78       78   (0)      4  : 0.8819 0.1181
79       79   (0)      4  : 1.0000 0.0000
80       80   (0)      4  : 0.9095 0.0905
81       81   (0)      4  : 0.3199 0.6801
82       82   (0)      4  : 0.8605 0.1395
83       83   (0)      4  : 0.9719 0.0281
84       84   (0)      4  : 0.8184 0.1816
85       85   (0)      4  : 0.3566 0.6434
86       86   (0)      5  : 0.8250 0.1750
87       87   (0)      5  : 0.8111 0.1889
88       88   (0)      5  : 0.7991 0.2009
89       89   (0)      5  : 0.9213 0.0787
90       90   (0)      5  : 0.8645 0.1355
91       91   (0)      5  : 0.8522 0.1478
92       92   (0)      5  : 0.9455 0.0545
93       93   (0)      5  : 0.9641 0.0359
94       94   (0)      5  : 0.8716 0.1284
95       95   (0)      5  : 0.4190 0.5810
96       96   (0)      5  : 0.9990 0.0010
97       97   (0)      5  : 0.6882 0.3118
98       98   (0)      5  : 0.7450 0.2550
99       99   (0)      5  : 0.9343 0.0657
100      100   (0)      5  : 0.8633 0.1367
101      101   (0)      5  : 0.9439 0.0561
102      102   (0)      5  : 0.9787 0.0213
103      103   (0)      5  : 0.9171 0.0829
104      104   (0)      5  : 0.7189 0.2811
105      105   (0)      5  : 0.9584 0.0416
106      106   (0)      5  : 0.7602 0.2398
107      107   (0)      5  : 0.8572 0.1428
108      108   (0)      5  : 0.7506 0.2494
109      109   (0)      5  : 0.6230 0.3770
110      110   (0)      5  : 0.7563 0.2437
111      111   (0)      5  : 1.0000 0.0000
112      112   (0)      5  : 1.0000 0.0000
113      113   (0)      4  : 0.9826 0.0174
114      114   (0)      6  : 0.8028 0.1972
115      115   (0)      6  : 0.6159 0.3841
116      116   (0)      6  : 0.3964 0.6036
117      117   (0)      6  : 0.2340 0.7660
118      118   (0)      6  : 0.5184 0.4816
119      119   (0)      6  : 0.0536 0.9464
120      120   (0)      6  : 0.9996 0.0004
121      121   (0)      6  : 0.7772 0.2228
122      122   (0)      6  : 0.9564 0.0436
123      123   (0)      6  : 0.5638 0.4362
124      124   (0)      6  : 0.9454 0.0546
125      125   (0)      6  : 0.8151 0.1849
126      126   (0)      6  : 0.8951 0.1049
127      127   (0)      6  : 0.4161 0.5839
128      128   (0)      6  : 0.9773 0.0227
129      129   (0)      6  : 0.9309 0.0691
130      130   (0)      6  : 0.6916 0.3084
131      131   (0)      6  : 0.3844 0.6156
132      132   (0)      6  : 0.8596 0.1404
133      133   (0)      6  : 1.0000 0.0000
134      134   (0)      6  : 0.8139 0.1861
135      135   (0)      6  : 0.2632 0.7368
136      136   (0)      6  : 0.7472 0.2528
137      137   (0)      6  : 0.8078 0.1922
138      138   (0)      6  : 0.8869 0.1131
139      139   (0)      6  : 0.8478 0.1522
140      140   (0)      6  : 0.5082 0.4918
141      141   (0)      6  : 0.6092 0.3908
142      142   (0)      7  : 0.9785 0.0215
143      143   (0)      7  : 0.0000 1.0000
144      144   (0)      7  : 0.8165 0.1835
145      145   (0)      7  : 0.8845 0.1155
146      146   (0)      7  : 0.6349 0.3651
147      147   (0)      7  : 1.0000 0.0000
148      148   (0)      7  : 0.9615 0.0385
149      149   (0)      7  : 0.2703 0.7297
150      150   (0)      7  : 0.6023 0.3977
151      151   (0)      7  : 0.3309 0.6691
152      152   (0)      7  : 0.9235 0.0765
153      153   (0)      7  : 0.0000 1.0000
154      154   (0)      7  : 0.8684 0.1316
155      155   (0)      7  : 0.3242 0.6758
156      156   (0)      7  : 0.9340 0.0660
157      157   (0)      7  : 0.9985 0.0015
158      158   (0)      7  : 0.8410 0.1590
159      159   (0)      7  : 0.2527 0.7473
160      160   (0)      7  : 0.5809 0.4191
161      161   (0)      7  : 0.1371 0.8629
162      162   (0)      7  : 0.7521 0.2479
163      163   (0)      7  : 0.9259 0.0741
164      164   (0)      7  : 0.6150 0.3850
165      165   (0)      7  : 0.4887 0.5113
166      166   (0)      7  : 0.7166 0.2834
167      167   (0)      7  : 0.9984 0.0016
168      168   (0)      7  : 0.8052 0.1948
169      169   (0)      7  : 0.1688 0.8312
