1        1   (0)      1  : 0.2229 0.2516 0.3908 0.1298 0.0048
2        2   (0)      1  : 0.2675 0.1013 0.2425 0.3881 0.0005
3        3   (0)      2  : 0.0000 0.0000 0.0745 0.9255 0.0000
4        4   (0)      2  : 0.0000 0.2787 0.3605 0.3042 0.0566
5        5   (0)      2  : 0.1021 0.3400 0.2082 0.2540 0.0957
6        6   (0)      2  : 0.2223 0.3488 0.3136 0.0000 0.1153
7        7   (0)      2  : 0.3468 0.0000 0.1861 0.0000 0.4671
8        8   (0)      2  : 0.0371 0.3044 0.0242 0.2800 0.3543
9        9   (0)      2  : 0.1510 0.0072 0.0000 0.5075 0.3343
10       10   (0)      2  : 0.3348 0.0905 0.0318 0.1726 0.3704
11       11   (0)      2  : 0.2758 0.1720 0.2562 0.1115 0.1846
12       12   (0)      2  : 0.0000 0.5257 0.3907 0.0542 0.0294
13       13   (0)      2  : 0.1722 0.2445 0.0384 0.3321 0.2129
14       14   (0)      2  : 0.0000 0.3638 0.0380 0.2607 0.3375
15       15   (0)      2  : 0.2891 0.1596 0.0464 0.2475 0.2574
16       16   (0)      2  : 0.1819 0.1423 0.3045 0.3163 0.0550
17       17   (0)      2  : 0.3400 0.0000 0.2222 0.1808 0.2571
18       18   (0)      2  : 0.0566 0.2306 0.2265 0.2061 0.2802
19       19   (0)      2  : 0.0704 0.0000 0.0000 0.5429 0.3867
20       20   (0)      2  : 0.0000 0.0000 0.3537 0.2892 0.3571
21       21   (0)      2  : 0.1425 0.4514 0.0000 0.0000 0.4061
22       22   (0)      2  : 0.0000 0.2671 0.3358 0.0816 0.3154
23       23   (0)      2  : 0.2440 0.2031 0.1070 0.0904 0.3556
24       24   (0)      2  : 0.1484 0.0852 0.0000 0.3479 0.4185
25       25   (0)      2  : 0.1369 0.0297 0.2903 0.2958 0.2473
26       26   (0)      2  : 0.0893 0.0604 0.2405 0.3249 0.2849
27       27   (0)      2  : 0.0000 0.4300 0.0000 0.2348 0.3351
28       28   (0)      2  : 0.0904 0.6680 0.0000 0.0000 0.2416
29       29   (0)      2  : 0.0963 0.1564 0.1688 0.1645 0.4139
30       30   (0)      3  : 0.0000 0.2633 0.4926 0.2441 0.0000
31       31   (0)      3  : 0.2532 0.0453 0.0000 0.2298 0.4717
32       32   (0)      3  : 0.0174 0.2531 0.1732 0.3427 0.2136
33       33   (0)      3  : 0.3943 0.0294 0.0310 0.3495 0.1958
34       34   (0)      3  : 0.2145 0.0000 0.0520 0.3567 0.3767
35       35   (0)      3  : 0.1600 0.1941 0.0611 0.5414 0.0434
36       36   (0)      3  : 0.0003 0.2354 0.0000 0.4211 0.3431
37       37   (0)      3  : 0.2161 0.2749 0.0000 0.2560 0.2529
38       38   (0)      3  : 0.7500 0.0000 0.2500 0.0000 0.0000
39       39   (0)      3  : 0.2198 0.5009 0.1530 0.0049 0.1214
40       40   (0)      3  : 0.0909 0.0000 0.8558 0.0000 0.0533
41       41   (0)      3  : 0.0648 0.3268 0.1674 0.2624 0.1786
42       42   (0)      3  : 0.0000 0.5619 0.0701 0.0880 0.2800
43       43   (0)      3  : 0.1308 0.3618 0.0283 0.4185 0.0605
44       44   (0)      3  : 0.0001 0.3206 0.1852 0.2787 0.2153
45       45   (0)      3  : 0.0903 0.4919 0.2648 0.0000 0.1530
46       46   (0)      3  : 0.0000 0.0000 0.0000 0.8855 0.1145
47       47   (0)      3  : 0.1729 0.1920 0.1690 0.0893 0.3768
48       48   (0)      3  : 0.0000 0.1549 0.0000 0.6624 0.1827
49       49   (0)      3  : 0.1362 0.1376 0.0330 0.1963 0.4968
50       50   (0)      3  : 0.0000 0.5322 0.0000 0.4678 0.0000
51       51   (0)      3  : 0.1294 0.1727 0.1289 0.0833 0.4857
52       52   (0)      3  : 0.0000 0.0000 0.0000 0.7500 0.2500
53       53   (0)      3  : 0.0172 0.2308 0.0338 0.5015 0.2168
54       54   (0)      3  : 0.0000 0.4995 0.3098 0.0605 0.1301
55       55   (0)      3  : 0.0000 0.0056 0.0799 0.6247 0.2898
56       56   (0)      3  : 0.2107 0.1528 0.0000 0.5539 0.0826
57       57   (0)      3  : 0.0800 0.1806 0.2820 0.2567 0.2007
58       58   (0)      3  : 0.4163 0.0000 0.1021 0.3337 0.1479
59       59   (0)      3  : 0.0653 0.2193 0.3684 0.3470 0.0000
60       60   (0)      4  : 0.1741 0.1628 0.0618 0.2878 0.3135
61       61   (0)      4  : 0.7822 0.0000 0.0370 0.1180 0.0628
62       62   (0)      4  : 0.0435 0.1407 0.1882 0.6277 0.0000
63       63   (0)      4  : 0.2621 0.3115 0.0198 0.4066 0.0000
64       64   (0)      4  : 0.3829 0.0000 0.1684 0.0361 0.4125
65       65   (0)      4  : 0.2131 0.2649 0.1357 0.2234 0.1628
66       66   (0)      4  : 0.1971 0.3000 0.1804 0.2195 0.1030
67       67   (0)      4  : 0.2346 0.0000 0.0114 0.1529 0.6012
68       68   (0)      4  : 0.3762 0.0983 0.1331 0.1151 0.2772
69       69   (0)      4  : 0.0092 0.0000 0.0000 0.9227 0.0681
70       70   (0)      4  : 0.0000 0.8061 0.0000 0.0000 0.1939
71       71   (0)      1  : 0.2500 0.0000 0.0000 0.0000 0.7500
72       72   (0)      1  : 0.7500 0.0000 0.2500 0.0000 0.0000
73       73   (0)      1  : 0.0369 0.0498 0.0271 0.8426 0.0437
74       74   (0)      1  : 0.0454 0.3796 0.0000 0.2914 0.2836
75       75   (0)      1  : 0.1716 0.1493 0.0873 0.3924 0.1993
76       76   (0)      1  : 0.0000 1.0000 0.0000 0.0000 0.0000
77       77   (0)      1  : 0.1016 0.0000 0.2267 0.2532 0.4185
78       78   (0)      1  : 0.2799 0.3899 0.0000 0.0000 0.3302
79       79   (0)      1  : 0.2698 0.1757 0.1280 0.1812 0.2453
80       80   (0)      1  : 0.0341 0.0963 0.0000 0.0480 0.8217
81       81   (0)      1  : 0.0000 0.9238 0.0762 0.0000 0.0000
82       82   (0)      1  : 0.1940 0.3506 0.1237 0.0000 0.3317
83       83   (0)      1  : 0.8791 0.0543 0.0511 0.0155 0.0000
84       84   (0)      1  : 0.4874 0.1944 0.0000 0.0000 0.3182
85       85   (0)      1  : 0.2440 0.3343 0.2518 0.0000 0.1698
86       86   (0)      1  : 0.1530 0.0000 0.0889 0.4500 0.3081
87       87   (0)      1  : 0.1125 0.1649 0.3402 0.2669 0.1155
88       88   (0)      1  : 0.4736 0.0791 0.2248 0.2224 0.0000
89       89   (0)      1  : 0.0703 0.0786 0.4722 0.1796 0.1993
90       90   (0)      1  : 0.2058 0.3350 0.3363 0.0632 0.0597
91       91   (0)      1  : 1.0000 0.0000 0.0000 0.0000 0.0000
92       92   (0)      1  : 0.1220 0.3775 0.3204 0.1801 0.0000
93       93   (0)      1  : 0.0000 0.6316 0.1817 0.0000 0.1867
94       94   (0)      1  : 0.0577 0.0000 0.8076 0.0522 0.0825
95       95   (0)      1  : 0.0000 0.0000 0.3485 0.0621 0.5895
96       96   (0)      1  : 0.2192 0.0710 0.1582 0.1592 0.3924
97       97   (0)      1  : 0.2680 0.3526 0.0000 0.1631 0.2164
98       98   (0)      1  : 0.1567 0.0000 0.2455 0.2660 0.3319
99       99   (0)      4  : 0.1417 0.0000 0.0000 0.0000 0.8583
100      100   (0)      4  : 0.1428 0.3558 0.0107 0.1909 0.2998
101      101   (0)      5  : 0.3915 0.1897 0.0802 0.0778 0.2608
102      102   (0)      5  : 0.1958 0.4115 0.0400 0.3523 0.0004
103      103   (0)      5  : 0.0000 0.0351 0.1801 0.4294 0.3554
104      104   (0)      5  : 0.0000 1.0000 0.0000 0.0000 0.0000
105      105   (0)      5  : 0.0940 0.0000 0.0000 0.0729 0.8332
106      106   (0)      4  : 0.1034 0.0001 0.8480 0.0485 0.0000
107      107   (0)      4  : 0.3449 0.2410 0.0540 0.3601 0.0000
108      108   (0)      4  : 0.1566 0.4668 0.2662 0.0472 0.0631
109      109   (0)      4  : 0.0582 0.3210 0.1114 0.1208 0.3885
110      110   (0)      4  : 0.2491 0.5007 0.0420 0.1864 0.0218
111      111   (0)      5  : 0.1924 0.0000 0.2502 0.2018 0.3557
112      112   (0)      5  : 0.3605 0.0291 0.1598 0.3629 0.0877
113      113   (0)      5  : 0.2425 0.3292 0.0521 0.1806 0.1955
114      114   (0)      5  : 0.2483 0.4489 0.0000 0.1374 0.1654
115      115   (0)      5  : 0.0000 0.0042 0.4023 0.4859 0.1077
116      116   (0)      5  : 0.1023 0.4002 0.2098 0.1115 0.1763
117      117   (0)      4  : 0.3568 0.0000 0.0000 0.3481 0.2951
118      118   (0)      4  : 0.2313 0.0673 0.3509 0.3505 0.0000
119      119   (0)      4  : 0.1648 0.1450 0.0503 0.2368 0.4032
120      120   (0)      4  : 0.1038 0.2059 0.0195 0.3551 0.3158
121      121   (0)      4  : 0.0000 0.6628 0.0000 0.3372 0.0000
122      122   (0)      4  : 0.0813 0.0000 0.4486 0.3133 0.1567
123      123   (0)      4  : 0.0000 0.0000 0.0000 0.0000 1.0000
124      124   (0)      4  : 0.3388 0.0522 0.0000 0.4994 0.1096
125      125   (0)      5  : 0.5999 0.0000 0.0000 0.0000 0.4001
126      126   (0)      5  : 0.0009 0.5723 0.3532 0.0736 0.0000
127      127   (0)      5  : 0.3502 0.3998 0.2500 0.0000 0.0000
128      128   (0)      5  : 0.0175 0.0001 0.6777 0.0824 0.2222
129      129   (0)      5  : 0.0037 0.3143 0.0335 0.3091 0.3395
130      130   (0)      5  : 0.0651 0.1822 0.5800 0.1727 0.0000
131      131   (0)      5  : 0.0000 0.2931 0.1063 0.3166 0.2841
132      132   (0)      5  : 0.5921 0.0000 0.0537 0.3542 0.0000
133      133   (0)      5  : 0.1353 0.3241 0.2482 0.2883 0.0041
134      134   (0)      5  : 0.0495 0.0292 0.8074 0.0490 0.0648
135      135   (0)      5  : 0.0000 1.0000 0.0000 0.0000 0.0000
136      136   (0)      5  : 0.2313 0.3724 0.3963 0.0000 0.0000
137      137   (0)      5  : 0.1334 0.2388 0.0000 0.4692 0.1586
138      138   (0)      5  : 0.1777 0.1293 0.1457 0.2003 0.3470
139      139   (0)      5  : 0.0000 0.5301 0.2572 0.0308 0.1819
140      140   (0)      5  : 0.2460 0.0000 0.0995 0.5568 0.0977
141      141   (0)      5  : 0.1585 0.0000 0.1847 0.1925 0.4643
142      142   (0)      5  : 0.0000 0.0615 0.6562 0.0404 0.2419
143      143   (0)      5  : 0.2780 0.6503 0.0021 0.0696 0.0000
144      144   (0)      6  : 0.2106 0.1573 0.3376 0.0836 0.2109
145      145   (0)      6  : 0.1994 0.2397 0.1732 0.3200 0.0678
146      146   (0)      6  : 0.1037 0.0104 0.0069 0.5312 0.3478
147      147   (0)      6  : 0.0000 0.0190 0.2727 0.6219 0.0864
148      148   (0)      6  : 0.0601 0.6697 0.0000 0.1980 0.0722
149      149   (0)      6  : 0.1747 0.0000 0.0000 0.3528 0.4725
150      150   (0)      6  : 0.0000 0.2551 0.4677 0.2772 0.0000
151      151   (0)      6  : 0.0019 0.3033 0.1439 0.4210 0.1300
152      152   (0)      6  : 0.1928 0.3115 0.0345 0.2144 0.2468
153      153   (0)      6  : 0.0718 0.2876 0.2812 0.1606 0.1988
154      154   (0)      6  : 0.2939 0.2173 0.0499 0.4389 0.0000
155      155   (0)      6  : 0.1050 0.2569 0.4914 0.1467 0.0000
156      156   (0)      6  : 0.1877 0.4667 0.1518 0.0000 0.1938
157      157   (0)      6  : 0.1601 0.0000 0.1319 0.3233 0.3848
158      158   (0)      6  : 0.0384 0.4072 0.1441 0.0000 0.4103
159      159   (0)      6  : 0.1909 0.2330 0.1311 0.2310 0.2139
160      160   (0)      6  : 0.0000 0.0000 1.0000 0.0000 0.0000
161      161   (0)      6  : 0.0837 0.4757 0.0000 0.0922 0.3484
162      162   (0)      6  : 0.0000 0.9020 0.0242 0.0737 0.0000
163      163   (0)      6  : 0.2309 0.0000 0.7691 0.0000 0.0000
164      164   (0)      6  : 0.0003 0.4322 0.1619 0.0897 0.3159
165      165   (0)      6  : 0.1843 0.2415 0.2802 0.0653 0.2287
166      166   (0)      6  : 0.0425 0.1529 0.0001 0.3476 0.4570
167      167   (0)      6  : 0.3513 0.0000 0.5418 0.1068 0.0000
168      168   (0)      6  : 0.1216 0.0000 0.0000 0.5775 0.3009
169      169   (0)      6  : 0.3760 0.0998 0.3485 0.0747 0.1010
170      170   (0)      6  : 0.0000 0.4056 0.4098 0.0000 0.1845
171      171   (0)      6  : 0.2115 0.1634 0.2575 0.3135 0.0541
172      172   (0)      4  : 0.0000 0.0000 0.8228 0.0000 0.1772
173      173   (0)      4  : 0.0846 0.2965 0.0000 0.2794 0.3395
174      174   (0)      7  : 0.1685 0.2428 0.0000 0.3986 0.1901
175      175   (0)      7  : 1.0000 0.0000 0.0000 0.0000 0.0000
176      176   (0)      7  : 0.2283 0.2924 0.1687 0.3106 0.0000
177      177   (0)      7  : 0.2996 0.0000 0.0000 0.2857 0.4147
178      178   (0)      7  : 0.1405 0.4424 0.0385 0.0961 0.2826
179      179   (0)      7  : 0.0000 0.0000 0.0311 0.8421 0.1268
180      180   (0)      7  : 0.0000 0.0000 0.0000 1.0000 0.0000
181      181   (0)      7  : 0.1426 0.3079 0.2616 0.0159 0.2720
182      182   (0)      7  : 0.4636 0.2539 0.0052 0.0348 0.2424
183      183   (0)      7  : 0.4230 0.3412 0.0001 0.1927 0.0431
184      184   (0)      7  : 0.2027 0.0000 0.3278 0.4695 0.0000
185      185   (0)      7  : 0.2070 0.2678 0.2529 0.0424 0.2299
186      186   (0)      7  : 0.0000 0.4273 0.1459 0.2871 0.1396
187      187   (0)      7  : 0.1057 0.5381 0.3401 0.0000 0.0161
188      188   (0)      7  : 0.0000 0.5822 0.0000 0.1494 0.2684
189      189   (0)      7  : 0.1896 0.1607 0.0000 0.4948 0.1549
190      190   (0)      7  : 0.0452 0.0448 0.8626 0.0153 0.0320
191      191   (0)      7  : 0.1442 0.3547 0.0335 0.2527 0.2149
192      192   (0)      7  : 0.0062 0.0000 0.2022 0.4141 0.3774
193      193   (0)      7  : 0.3814 0.2141 0.0416 0.0511 0.3117
194      194   (0)      7  : 0.0000 0.0000 0.8395 0.1605 0.0000
195      195   (0)      7  : 0.8976 0.0352 0.0544 0.0128 0.0000
196      196   (0)      7  : 0.2886 0.1828 0.0000 0.3472 0.1813
197      197   (0)      7  : 0.4097 0.0000 0.0258 0.5645 0.0000
198      198   (0)      7  : 0.0844 0.1363 0.0000 0.0000 0.7793
199      199   (0)      7  : 0.3943 0.0457 0.2931 0.1061 0.1608
200      200   (0)      7  : 0.0664 0.4199 0.4543 0.0594 0.0000
201      201   (0)      7  : 0.2500 0.0000 0.0000 0.0000 0.7500
202      202   (0)      7  : 0.0677 0.4070 0.1356 0.0729 0.3169
203      203   (0)      7  : 0.3366 0.0647 0.0466 0.2712 0.2809
