1        1   (0)      1  : 0.4467 0.3576 0.1957
2        2   (0)      1  : 0.5331 0.0477 0.4192
3        3   (0)      1  : 0.7675 0.0752 0.1573
4        4   (0)      1  : 0.8177 0.0922 0.0901
5        5   (0)      1  : 0.3355 0.2612 0.4033
6        6   (0)      1  : 0.5619 0.0176 0.4205
7        7   (0)      1  : 0.2908 0.3775 0.3316
8        8   (0)      1  : 0.9046 0.0909 0.0045
9        9   (0)      1  : 0.0108 0.7131 0.2761
10       10   (0)      1  : 0.5750 0.4211 0.0039
11       11   (0)      1  : 0.0000 1.0000 0.0000
12       12   (0)      1  : 0.4722 0.5178 0.0099
13       13   (0)      2  : 0.5021 0.4570 0.0410
14       14   (0)      2  : 0.0000 1.0000 0.0000
15       15   (0)      2  : 0.0000 1.0000 0.0000
16       16   (0)      2  : 0.0000 1.0000 0.0000
17       17   (0)      2  : 0.0644 0.5316 0.4040
18       18   (0)      2  : 0.0000 0.9577 0.0423
19       19   (0)      2  : 0.0049 0.9951 0.0000
20       20   (0)      2  : 0.5519 0.2821 0.1660
21       21   (0)      2  : 0.5923 0.0000 0.4077
22       22   (0)      2  : 0.3368 0.5235 0.1397
23       23   (0)      2  : 0.2698 0.6495 0.0807
24       24   (0)      2  : 0.4949 0.0613 0.4439
25       25   (0)      2  : 0.3129 0.4404 0.2466
26       26   (0)      2  : 0.6997 0.3003 0.0000
27       27   (0)      2  : 0.6483 0.2049 0.1469
28       28   (0)      2  : 0.0198 0.8207 0.1596
29       29   (0)      2  : 0.4131 0.0476 0.5393
30       30   (0)      2  : 0.2488 0.5770 0.1742
31       31   (0)      2  : 0.0104 0.3297 0.6599
32       32   (0)      2  : 0.2204 0.3170 0.4626
33       33   (0)      2  : 0.0000 1.0000 0.0000
34       34   (0)      3  : 0.5734 0.0389 0.3878
35       35   (0)      3  : 0.0290 0.0293 0.9417
36       36   (0)      3  : 0.1638 0.0609 0.7752
37       37   (0)      3  : 0.4035 0.1134 0.4831
38       38   (0)      3  : 0.8534 0.0492 0.0974
39       39   (0)      3  : 0.6400 0.0708 0.2891
40       40   (0)      3  : 0.5149 0.0377 0.4473
41       41   (0)      3  : 0.3515 0.1723 0.4762
42       42   (0)      3  : 0.3060 0.2912 0.4028
43       43   (0)      3  : 0.0459 0.0044 0.9496
44       44   (0)      3  : 0.4827 0.1305 0.3869
45       45   (0)      3  : 0.4461 0.0000 0.5539
46       46   (0)      3  : 0.6690 0.0583 0.2727
47       47   (0)      3  : 0.3377 0.2543 0.4081
48       48   (0)      3  : 0.1306 0.0148 0.8546
49       49   (0)      3  : 0.8701 0.0000 0.1299
50       50   (0)      3  : 0.3258 0.0503 0.6239
51       51   (0)      3  : 0.5399 0.0694 0.3908
52       52   (0)      3  : 0.2837 0.3391 0.3771
53       53   (0)      3  : 0.2104 0.1360 0.6536
54       54   (0)      3  : 0.7887 0.1293 0.0820
55       55   (0)      3  : 0.6029 0.1641 0.2331
56       56   (0)      3  : 0.6150 0.0000 0.3850
57       57   (0)      3  : 0.5119 0.0272 0.4610
58       58   (0)      3  : 0.7475 0.0000 0.2525
59       59   (0)      3  : 0.3150 0.1294 0.5557
60       60   (0)      4  : 0.3778 0.6222 0.0000
61       61   (0)      4  : 0.0000 0.6664 0.3336
62       62   (0)      4  : 0.1187 0.2202 0.6612
63       63   (0)      4  : 0.4971 0.1206 0.3823
64       64   (0)      4  : 0.1750 0.1693 0.6557
65       65   (0)      4  : 0.0877 0.0994 0.8129
66       66   (0)      4  : 0.0417 0.0073 0.9510
67       67   (0)      4  : 0.3527 0.3149 0.3324
68       68   (0)      4  : 0.5486 0.1567 0.2948
69       69   (0)      4  : 0.4737 0.0473 0.4790
70       70   (0)      4  : 0.1287 0.6068 0.2645
71       71   (0)      4  : 0.4444 0.0230 0.5326
72       72   (0)      4  : 0.0868 0.6016 0.3116
73       73   (0)      4  : 0.6076 0.0467 0.3457
74       74   (0)      4  : 0.2113 0.0146 0.7741
75       75   (0)      4  : 0.0000 0.0000 1.0000
76       76   (0)      4  : 0.2816 0.0515 0.6669
77       77   (0)      4  : 0.6216 0.1125 0.2659
78       78   (0)      4  : 0.5851 0.0815 0.3334
79       79   (0)      4  : 0.5895 0.0000 0.4105
80       80   (0)      4  : 0.5287 0.0521 0.4192
81       81   (0)      4  : 0.1456 0.6562 0.1982
82       82   (0)      4  : 0.7316 0.1271 0.1413
83       83   (0)      4  : 0.5621 0.0000 0.4379
84       84   (0)      4  : 0.3891 0.1457 0.4651
85       85   (0)      4  : 0.3222 0.6304 0.0474
86       86   (0)      5  : 0.5400 0.1430 0.3170
87       87   (0)      5  : 0.4325 0.1515 0.4160
88       88   (0)      5  : 0.4012 0.1598 0.4390
89       89   (0)      5  : 0.8320 0.0548 0.1132
90       90   (0)      5  : 0.6808 0.0926 0.2266
91       91   (0)      5  : 0.7759 0.1286 0.0955
92       92   (0)      5  : 0.3534 0.0154 0.6312
93       93   (0)      5  : 1.0000 0.0000 0.0000
94       94   (0)      5  : 0.3805 0.0861 0.5334
95       95   (0)      5  : 0.4353 0.5647 0.0000
96       96   (0)      5  : 0.8090 0.0000 0.1910
97       97   (0)      5  : 0.4868 0.2863 0.2269
98       98   (0)      5  : 0.1079 0.1701 0.7220
99       99   (0)      5  : 0.7834 0.0294 0.1872
100      100   (0)      5  : 0.0698 0.0430 0.8871
101      101   (0)      5  : 0.6232 0.0108 0.3660
102      102   (0)      5  : 0.5183 0.0000 0.4817
103      103   (0)      5  : 0.3337 0.0307 0.6357
104      104   (0)      5  : 0.2820 0.2372 0.4807
105      105   (0)      5  : 0.6875 0.0000 0.3125
106      106   (0)      5  : 0.2646 0.1869 0.5485
107      107   (0)      5  : 0.5875 0.1134 0.2991
108      108   (0)      5  : 0.4327 0.2180 0.3493
109      109   (0)      5  : 0.6472 0.3527 0.0001
110      110   (0)      5  : 0.5792 0.2121 0.2087
111      111   (0)      5  : 0.1464 0.0000 0.8536
112      112   (0)      5  : 0.4694 0.0000 0.5306
113      113   (0)      4  : 0.1663 0.0000 0.8337
114      114   (0)      6  : 0.4082 0.1586 0.4332
115      115   (0)      6  : 0.1758 0.3455 0.4787
116      116   (0)      6  : 0.1685 0.5748 0.2567
117      117   (0)      6  : 0.2646 0.7354 0.0000
118      118   (0)      6  : 0.4905 0.4687 0.0407
119      119   (0)      6  : 0.0000 0.8878 0.1122
120      120   (0)      6  : 0.5240 0.0000 0.4760
121      121   (0)      6  : 0.2819 0.1841 0.5340
122      122   (0)      6  : 0.5990 0.0052 0.3958
123      123   (0)      6  : 0.1618 0.3978 0.4404
124      124   (0)      6  : 0.4241 0.0073 0.5686
125      125   (0)      6  : 0.6886 0.1455 0.1659
126      126   (0)      6  : 0.6377 0.0622 0.3002
127      127   (0)      6  : 0.3683 0.5674 0.0644
128      128   (0)      6  : 0.7305 0.0000 0.2695
129      129   (0)      6  : 0.2691 0.0056 0.7253
130      130   (0)      6  : 0.2499 0.2659 0.4842
131      131   (0)      6  : 0.2435 0.5906 0.1659
132      132   (0)      6  : 0.3856 0.0887 0.5258
133      133   (0)      6  : 0.7884 0.0000 0.2116
134      134   (0)      6  : 0.4258 0.1512 0.4230
135      135   (0)      6  : 0.0000 0.7036 0.2964
136      136   (0)      6  : 0.3575 0.2152 0.4273
137      137   (0)      6  : 0.5288 0.1596 0.3116
138      138   (0)      6  : 0.1998 0.0399 0.7603
139      139   (0)      6  : 0.4702 0.1172 0.4126
140      140   (0)      6  : 0.1405 0.4539 0.4056
141      141   (0)      6  : 0.5560 0.3703 0.0737
142      142   (0)      7  : 0.4114 0.0000 0.5886
143      143   (0)      7  : 0.0059 0.9941 0.0000
144      144   (0)      7  : 0.3697 0.1355 0.4948
145      145   (0)      7  : 0.2010 0.0429 0.7561
146      146   (0)      7  : 0.3465 0.3284 0.3251
147      147   (0)      7  : 0.9489 0.0000 0.0511
148      148   (0)      7  : 0.3964 0.0000 0.6036
149      149   (0)      7  : 0.1804 0.7134 0.1062
150      150   (0)      7  : 0.4888 0.3748 0.1363
151      151   (0)      7  : 0.1247 0.6426 0.2327
152      152   (0)      7  : 0.4805 0.0276 0.4919
153      153   (0)      7  : 0.0000 1.0000 0.0000
154      154   (0)      7  : 0.7566 0.1037 0.1397
155      155   (0)      7  : 0.2499 0.6487 0.1014
156      156   (0)      7  : 0.4130 0.0157 0.5713
157      157   (0)      7  : 0.7279 0.0000 0.2721
158      158   (0)      7  : 0.3838 0.1148 0.5014
159      159   (0)      7  : 0.1902 0.7215 0.0883
160      160   (0)      7  : 0.5262 0.3971 0.0767
161      161   (0)      7  : 0.1320 0.8246 0.0435
162      162   (0)      7  : 0.3021 0.2099 0.4880
163      163   (0)      7  : 0.4174 0.0323 0.5503
164      164   (0)      7  : 0.0437 0.3380 0.6183
165      165   (0)      7  : 0.1383 0.4748 0.3869
166      166   (0)      7  : 0.1287 0.2360 0.6353
167      167   (0)      7  : 0.6229 0.0000 0.3771
168      168   (0)      7  : 0.1515 0.1276 0.7210
169      169   (0)      7  : 0.1866 0.8100 0.0034
