1        1   (0)      1  : 0.1131 0.0000 0.0593 0.0000 0.3501 0.1691 0.3085
2        2   (0)      1  : 0.1635 0.0000 0.0614 0.0000 0.4683 0.0971 0.2096
3        3   (0)      1  : 0.0000 0.0000 1.0000 0.0000 0.0000 0.0000 0.0000
4        4   (0)      1  : 0.1924 0.0000 0.0142 0.0000 0.7933 0.0001 0.0000
5        5   (0)      1  : 0.4068 0.0000 0.0000 0.0000 0.2341 0.2323 0.1269
6        6   (0)      1  : 0.2761 0.0000 0.2018 0.0000 0.4284 0.0129 0.0808
7        7   (0)      1  : 0.4087 0.0000 0.0000 0.0000 0.1210 0.0105 0.4597
8        8   (0)      1  : 0.0000 0.0000 0.0000 0.0000 0.8862 0.1138 0.0000
9        9   (0)      1  : 0.0000 0.0000 1.0000 0.0000 0.0000 0.0000 0.0000
10       10   (0)      1  : 0.0000 0.0000 0.0098 0.0000 0.1110 0.0230 0.8562
11       11   (0)      1  : 0.5659 0.0000 0.0000 0.0000 0.1164 0.0224 0.2953
12       12   (0)      1  : 0.0000 0.0000 0.0000 0.0000 0.6218 0.0000 0.3782
13       13   (0)      1  : 0.4059 0.0000 0.0000 0.0000 0.0857 0.0000 0.5084
14       14   (0)      1  : 0.3534 0.0000 0.0000 0.0000 0.2145 0.3863 0.0457
15       15   (0)      2  : 0.0000 0.0000 0.0000 0.0000 0.7436 0.0000 0.2564
16       16   (0)      2  : 0.0000 0.9333 0.0000 0.0667 0.0000 0.0000 0.0000
17       17   (0)      2  : 0.0000 0.7487 0.0000 0.2513 0.0000 0.0000 0.0000
18       18   (0)      2  : 0.0000 0.8414 0.0000 0.1586 0.0000 0.0000 0.0000
19       19   (0)      2  : 0.0000 0.6816 0.0000 0.3184 0.0000 0.0000 0.0000
20       20   (0)      2  : 0.0000 0.8316 0.0000 0.1540 0.0000 0.0117 0.0027
21       21   (0)      2  : 0.0000 0.7006 0.0000 0.2994 0.0000 0.0000 0.0000
22       22   (0)      2  : 0.0000 0.7531 0.0000 0.2469 0.0000 0.0000 0.0000
23       23   (0)      1  : 0.3136 0.0000 0.0000 0.0162 0.3961 0.1512 0.1230
24       24   (0)      1  : 0.1520 0.0030 0.0000 0.0000 0.0000 0.0000 0.8449
25       25   (0)      1  : 0.0000 0.0000 1.0000 0.0000 0.0000 0.0000 0.0000
26       26   (0)      1  : 0.3576 0.0000 0.0000 0.0000 0.4984 0.1252 0.0188
27       27   (0)      2  : 0.0000 0.0000 0.0000 1.0000 0.0000 0.0000 0.0000
28       28   (0)      2  : 0.0000 1.0000 0.0000 0.0000 0.0000 0.0000 0.0000
29       29   (0)      2  : 0.0000 0.4179 0.0000 0.5821 0.0000 0.0000 0.0000
30       30   (0)      2  : 0.0000 1.0000 0.0000 0.0000 0.0000 0.0000 0.0000
31       31   (0)      2  : 0.0152 0.9232 0.0000 0.0187 0.0429 0.0000 0.0000
32       32   (0)      2  : 0.0000 0.6726 0.1384 0.1890 0.0000 0.0000 0.0000
33       33   (0)      2  : 0.0000 0.6128 0.0000 0.3872 0.0000 0.0000 0.0000
34       34   (0)      1  : 1.0000 0.0000 0.0000 0.0000 0.0000 0.0000 0.0000
35       35   (0)      2  : 0.0000 0.8740 0.0000 0.1260 0.0000 0.0000 0.0000
36       36   (0)      2  : 0.0000 0.8058 0.0000 0.1942 0.0000 0.0000 0.0000
37       37   (0)      2  : 0.0000 0.6654 0.0000 0.3346 0.0000 0.0000 0.0000
38       38   (0)      2  : 0.0000 0.8533 0.0000 0.1467 0.0000 0.0000 0.0000
39       39   (0)      2  : 0.3583 0.0000 0.0000 0.0000 0.0920 0.0095 0.5402
40       40   (0)      2  : 0.1695 0.0000 0.0000 0.0000 0.3362 0.2298 0.2645
41       41   (0)      2  : 0.0753 0.0000 0.0000 0.0000 0.0978 0.0947 0.7322
42       42   (0)      2  : 0.4519 0.0000 0.0018 0.0000 0.4253 0.0774 0.0435
43       43   (0)      2  : 0.2968 0.0000 0.0000 0.0000 0.3118 0.1777 0.2137
44       44   (0)      2  : 0.0000 1.0000 0.0000 0.0000 0.0000 0.0000 0.0000
45       45   (0)      2  : 0.0000 0.7731 0.0000 0.1762 0.0000 0.0507 0.0000
46       46   (0)      2  : 0.0000 1.0000 0.0000 0.0000 0.0000 0.0000 0.0000
47       47   (0)      2  : 0.3553 0.0000 0.0000 0.0000 0.2428 0.1435 0.2583
48       48   (0)      2  : 0.0000 0.8264 0.0000 0.1736 0.0000 0.0000 0.0000
49       49   (0)      1  : 0.1102 0.0000 0.0027 0.0000 0.2473 0.0000 0.6398
50       50   (0)      1  : 0.1241 0.0000 0.0000 0.0000 0.7368 0.0517 0.0874
51       51   (0)      1  : 0.0000 0.0000 0.0000 0.0000 0.1547 0.8453 0.0000
52       52   (0)      1  : 0.4091 0.0000 0.0000 0.0000 0.1565 0.2470 0.1875
53       53   (0)      1  : 0.2603 0.0000 0.0098 0.0000 0.0000 0.5259 0.2040
54       54   (0)      1  : 0.1946 0.0000 0.0006 0.0000 0.3173 0.1025 0.3850
55       55   (0)      1  : 0.3469 0.0000 0.0005 0.0000 0.4634 0.0163 0.1729
56       56   (0)      3  : 0.0000 0.4049 0.0000 0.5951 0.0000 0.0000 0.0000
57       57   (0)      3  : 0.0000 0.8801 0.0000 0.1199 0.0000 0.0000 0.0000
58       58   (0)      3  : 0.0000 1.0000 0.0000 0.0000 0.0000 0.0000 0.0000
59       59   (0)      3  : 0.0000 0.8406 0.0000 0.1594 0.0000 0.0000 0.0000
60       60   (0)      3  : 0.0000 0.6706 0.0000 0.3294 0.0000 0.0000 0.0000
61       61   (0)      3  : 0.0000 1.0000 0.0000 0.0000 0.0000 0.0000 0.0000
62       62   (0)      3  : 0.0000 0.9164 0.0000 0.0836 0.0000 0.0000 0.0000
63       63   (0)      4  : 0.0000 0.0000 1.0000 0.0000 0.0000 0.0000 0.0000
64       64   (0)      4  : 0.2347 0.0000 0.0000 0.0000 0.5720 0.1403 0.0530
65       65   (0)      4  : 0.2291 0.0000 0.0030 0.0000 0.0000 0.6095 0.1585
66       66   (0)      3  : 0.0000 0.9196 0.0000 0.0804 0.0000 0.0000 0.0000
67       67   (0)      3  : 0.0000 0.8342 0.0000 0.1658 0.0000 0.0000 0.0000
68       68   (0)      3  : 0.0000 0.0000 0.0000 1.0000 0.0000 0.0000 0.0000
69       69   (0)      3  : 0.0000 0.6394 0.0000 0.3606 0.0000 0.0000 0.0000
70       70   (0)      3  : 0.0000 1.0000 0.0000 0.0000 0.0000 0.0000 0.0000
71       71   (0)      3  : 0.0000 0.6764 0.0000 0.3236 0.0000 0.0000 0.0000
72       72   (0)      4  : 0.7470 0.0000 0.0138 0.0000 0.1918 0.0000 0.0474
73       73   (0)      4  : 0.2585 0.0431 0.0000 0.0031 0.2833 0.0000 0.4121
74       74   (0)      4  : 0.0000 0.0000 0.0000 0.0000 0.8842 0.0000 0.1158
75       75   (0)      4  : 0.2008 0.0000 0.0000 0.0000 0.0000 0.0806 0.7186
76       76   (0)      4  : 0.2500 0.0000 0.0000 0.0000 0.7500 0.0000 0.0000
77       77   (0)      4  : 0.0864 0.0000 0.0000 0.0000 0.2857 0.1605 0.4674
78       78   (0)      4  : 0.1919 0.0000 0.0000 0.0000 0.6408 0.1674 0.0000
79       79   (0)      3  : 0.2596 0.0000 0.0000 0.0000 0.0000 0.5517 0.1887
80       80   (0)      3  : 0.0000 0.6541 0.0000 0.3459 0.0000 0.0000 0.0000
81       81   (0)      3  : 0.0000 0.9970 0.0030 0.0000 0.0000 0.0000 0.0000
82       82   (0)      3  : 0.0000 0.7119 0.0000 0.2881 0.0000 0.0000 0.0000
83       83   (0)      3  : 0.2005 0.0000 0.0000 0.0000 0.7995 0.0000 0.0000
84       84   (0)      3  : 0.0000 0.0000 0.0000 0.0000 0.0000 1.0000 0.0000
85       85   (0)      3  : 0.0000 1.0000 0.0000 0.0000 0.0000 0.0000 0.0000
86       86   (0)      3  : 0.0000 0.9001 0.0000 0.0999 0.0000 0.0000 0.0000
87       87   (0)      3  : 0.0000 0.8105 0.0000 0.1294 0.0000 0.0601 0.0000
88       88   (0)      3  : 0.0000 0.7947 0.0000 0.2053 0.0000 0.0000 0.0000
89       89   (0)      4  : 0.2500 0.0000 0.0000 0.0000 0.0000 0.0000 0.7500
90       90   (0)      3  : 0.0000 0.9180 0.0000 0.0820 0.0000 0.0000 0.0000
91       91   (0)      3  : 0.0000 0.9846 0.0000 0.0154 0.0000 0.0000 0.0000
92       92   (0)      3  : 0.0000 0.4826 0.0000 0.5174 0.0000 0.0000 0.0000
93       93   (0)      3  : 0.0000 0.6610 0.0000 0.3390 0.0000 0.0000 0.0000
94       94   (0)      3  : 0.0000 0.7906 0.0000 0.0177 0.0000 0.1603 0.0314
95       95   (0)      4  : 0.2190 0.0882 0.0095 0.0257 0.2891 0.0645 0.3040
96       96   (0)      4  : 0.0000 0.0000 0.0000 0.0000 0.6061 0.1134 0.2805
97       97   (0)      4  : 0.0000 0.0000 0.0000 0.0000 0.7111 0.2889 0.0000
98       98   (0)      4  : 0.4429 0.0079 0.0171 0.0000 0.0357 0.0564 0.4399
99       99   (0)      4  : 0.2535 0.0000 0.0272 0.0000 0.0993 0.2836 0.3363
100      100   (0)      4  : 0.3779 0.0000 0.0000 0.0000 0.0000 0.0000 0.6221
101      101   (0)      4  : 0.2410 0.0000 0.0000 0.0000 0.2490 0.0377 0.4723
102      102   (0)      4  : 0.2500 0.0000 0.0000 0.0000 0.6696 0.0804 0.0000
103      103   (0)      4  : 0.0000 0.0000 1.0000 0.0000 0.0000 0.0000 0.0000
104      104   (0)      4  : 0.6764 0.0000 0.0000 0.0000 0.3236 0.0000 0.0000
105      105   (0)      4  : 0.2029 0.0000 0.0015 0.0000 0.7179 0.0776 0.0000
106      106   (0)      4  : 0.5000 0.0000 0.0000 0.0000 0.0000 0.0440 0.4560
107      107   (0)      4  : 0.3643 0.0000 0.0575 0.0000 0.2987 0.0541 0.2254
108      108   (0)      4  : 0.0000 0.0000 0.0000 0.0000 0.0000 1.0000 0.0000
109      109   (0)      4  : 0.2500 0.0000 0.0000 0.0000 0.3670 0.0825 0.3005
110      110   (0)      4  : 0.6278 0.0000 0.0683 0.0000 0.0655 0.0672 0.1711
111      111   (0)      4  : 0.0000 0.0000 1.0000 0.0000 0.0000 0.0000 0.0000
112      112   (0)      4  : 0.0000 0.0000 1.0000 0.0000 0.0000 0.0000 0.0000
113      113   (0)      4  : 0.0000 0.8485 0.0000 0.1515 0.0000 0.0000 0.0000
114      114   (0)      4  : 0.4150 0.0000 0.0004 0.0000 0.3919 0.1277 0.0649
115      115   (0)      4  : 0.7418 0.0000 0.0000 0.0000 0.2164 0.0000 0.0418
116      116   (0)      4  : 0.7500 0.0000 0.0000 0.0000 0.2500 0.0000 0.0000
