1        1   (0)      1  : 0.1624 0.2749 0.0283 0.0560 0.1604 0.0924 0.0969 0.1288 0.0000
2        2   (0)      1  : 0.0486 0.0000 0.1229 0.0336 0.0651 0.0000 0.6668 0.0000 0.0629
3        3   (0)      1  : 0.3714 0.0000 0.0006 0.0328 0.0000 0.0000 0.0887 0.4312 0.0752
4        4   (0)      1  : 0.0000 0.0000 0.0000 0.0000 0.0000 0.3991 0.6009 0.0000 0.0000
5        5   (0)      1  : 0.0000 0.0000 0.0000 0.1105 0.0000 0.0000 0.0000 0.1278 0.7617
6        6   (0)      1  : 0.0811 0.0000 0.0000 0.1530 0.0000 0.2846 0.1655 0.1646 0.1512
7        7   (0)      1  : 0.0000 0.0848 0.0000 0.0000 0.9152 0.0000 0.0000 0.0000 0.0000
8        8   (0)      1  : 0.0000 0.0000 0.0000 0.0000 0.0000 0.0000 0.3333 0.3856 0.2811
9        9   (0)      1  : 0.0000 0.5923 0.0000 0.0000 0.0000 0.0209 0.3447 0.0421 0.0000
10       10   (0)      1  : 0.0000 0.1396 0.3591 0.0000 0.0000 0.0000 0.3784 0.0014 0.1215
11       11   (0)      1  : 0.0000 1.0000 0.0000 0.0000 0.0000 0.0000 0.0000 0.0000 0.0000
12       12   (0)      1  : 0.0000 0.2046 0.0000 0.0000 0.0000 0.0000 0.2647 0.0000 0.5307
13       13   (0)      2  : 0.1944 0.4013 0.0001 0.0106 0.0000 0.0000 0.3936 0.0000 0.0000
14       14   (0)      2  : 0.0000 1.0000 0.0000 0.0000 0.0000 0.0000 0.0000 0.0000 0.0000
15       15   (0)      2  : 0.0000 0.9502 0.0000 0.0000 0.0000 0.0363 0.0000 0.0000 0.0135
16       16   (0)      2  : 0.0267 0.9733 0.0000 0.0000 0.0000 0.0000 0.0000 0.0000 0.0000
17       17   (0)      2  : 0.1949 0.4430 0.0000 0.0435 0.1965 0.0000 0.1222 0.0000 0.0000
18       18   (0)      2  : 0.0000 0.7935 0.0000 0.0000 0.1330 0.0000 0.0000 0.0736 0.0000
19       19   (0)      2  : 0.0000 0.8574 0.0000 0.0358 0.0108 0.0000 0.0856 0.0000 0.0103
20       20   (0)      2  : 0.0000 0.1371 0.0000 0.0000 0.0000 0.0000 0.0000 0.8629 0.0000
21       21   (0)      2  : 0.0001 0.0000 0.0000 0.0122 0.0036 0.1460 0.6667 0.1714 0.0000
22       22   (0)      2  : 0.1565 0.4015 0.0005 0.0027 0.0765 0.1337 0.0000 0.0000 0.2287
23       23   (0)      2  : 0.0000 0.5794 0.0000 0.0000 0.0000 0.0000 0.0666 0.3540 0.0000
24       24   (0)      2  : 1.0000 0.0000 0.0000 0.0000 0.0000 0.0000 0.0000 0.0000 0.0000
25       25   (0)      2  : 0.0956 0.2937 0.0887 0.0163 0.1307 0.1021 0.0239 0.1110 0.1381
26       26   (0)      2  : 0.0000 0.0000 0.0000 0.0000 0.0000 0.0000 0.0000 0.0000 1.0000
27       27   (0)      2  : 0.5750 0.0916 0.0000 0.0000 0.0000 0.0000 0.0000 0.0000 0.3333
28       28   (0)      2  : 0.0000 0.6774 0.0000 0.0000 0.2473 0.0000 0.0690 0.0000 0.0064
29       29   (0)      2  : 0.2572 0.0000 0.0000 0.0443 0.1017 0.0602 0.0402 0.4091 0.0873
30       30   (0)      2  : 0.0534 0.4540 0.0000 0.0974 0.2370 0.0941 0.0508 0.0133 0.0000
31       31   (0)      2  : 0.0000 0.2904 0.1605 0.3620 0.0000 0.0000 0.0000 0.1563 0.0308
32       32   (0)      2  : 0.0637 0.2423 0.4610 0.0000 0.0516 0.0225 0.1573 0.0000 0.0016
33       33   (0)      2  : 0.0000 1.0000 0.0000 0.0000 0.0000 0.0000 0.0000 0.0000 0.0000
34       34   (0)      3  : 0.2397 0.0000 0.1420 0.1603 0.1715 0.0000 0.0120 0.1657 0.1088
35       35   (0)      3  : 0.0000 0.0000 0.0000 1.0000 0.0000 0.0000 0.0000 0.0000 0.0000
36       36   (0)      3  : 0.0000 0.0000 0.9264 0.0000 0.0000 0.0172 0.0000 0.0564 0.0000
37       37   (0)      3  : 0.0000 0.0000 0.0000 0.0000 0.5090 0.0000 0.2643 0.2267 0.0000
38       38   (0)      3  : 0.1206 0.0000 0.0000 0.0000 0.0000 0.3745 0.1464 0.3585 0.0000
39       39   (0)      3  : 0.1364 0.0000 0.0000 0.0000 0.1969 0.6667 0.0000 0.0000 0.0000
40       40   (0)      3  : 0.2710 0.0000 0.0000 0.3603 0.0000 0.0000 0.0629 0.0228 0.2830
41       41   (0)      3  : 0.3075 0.0851 0.1009 0.2996 0.0344 0.0000 0.0000 0.0000 0.1725
42       42   (0)      3  : 0.0000 0.1514 0.0000 0.2136 0.2973 0.0271 0.0756 0.1751 0.0599
43       43   (0)      3  : 0.0000 0.0000 0.1081 0.6021 0.0000 0.2898 0.0000 0.0000 0.0000
44       44   (0)      3  : 0.0000 0.0068 0.0000 0.2617 0.0000 0.0517 0.1469 0.3341 0.1988
45       45   (0)      3  : 0.2699 0.0000 0.1388 0.2766 0.0735 0.0710 0.1180 0.0521 0.0000
46       46   (0)      3  : 0.4270 0.0136 0.3543 0.0000 0.0000 0.1609 0.0441 0.0000 0.0000
47       47   (0)      3  : 0.0526 0.1857 0.0000 0.2028 0.0000 0.3025 0.1610 0.0723 0.0230
48       48   (0)      3  : 0.0000 0.0000 0.0000 1.0000 0.0000 0.0000 0.0000 0.0000 0.0000
49       49   (0)      3  : 0.0808 0.0000 0.0000 0.0881 0.0000 0.0000 0.8311 0.0000 0.0000
50       50   (0)      3  : 0.0098 0.0000 0.4082 0.1303 0.0000 0.1681 0.0370 0.0798 0.1667
51       51   (0)      3  : 0.0000 0.0000 0.0752 0.0001 0.0000 0.7848 0.0266 0.0000 0.1133
52       52   (0)      3  : 0.0000 0.1751 0.0000 0.0805 0.0000 0.0000 0.0000 0.5916 0.1528
53       53   (0)      3  : 0.0000 0.0000 0.0000 0.0000 0.0000 0.3333 0.6667 0.0000 0.0000
54       54   (0)      3  : 0.1780 0.0000 0.0000 0.0000 0.0000 0.0000 0.0000 0.0764 0.7456
55       55   (0)      3  : 0.0000 0.0000 0.0000 0.0000 0.3519 0.0000 0.1370 0.5110 0.0000
56       56   (0)      3  : 0.1369 0.0000 0.0710 0.0001 0.0000 0.2330 0.3866 0.1538 0.0185
57       57   (0)      3  : 0.0000 0.0000 0.3639 0.0000 0.2127 0.0000 0.2915 0.1319 0.0000
58       58   (0)      3  : 0.4200 0.0000 0.1224 0.0093 0.0000 0.0000 0.1575 0.2246 0.0661
59       59   (0)      3  : 0.0000 0.0000 0.0000 0.0000 0.0000 1.0000 0.0000 0.0000 0.0000
60       60   (0)      4  : 0.0962 0.5676 0.0000 0.0000 0.0000 0.1988 0.1374 0.0000 0.0000
61       61   (0)      4  : 0.0000 0.6438 0.0000 0.2317 0.0000 0.1246 0.0000 0.0000 0.0000
62       62   (0)      4  : 0.0739 0.1353 0.1366 0.1938 0.0485 0.4119 0.0000 0.0000 0.0000
63       63   (0)      4  : 0.0000 0.0000 0.1111 0.0000 0.3615 0.0000 0.0444 0.2705 0.2125
64       64   (0)      4  : 0.0000 0.0361 0.9639 0.0000 0.0000 0.0000 0.0000 0.0000 0.0000
65       65   (0)      4  : 0.1223 0.0591 0.0484 0.2746 0.0000 0.4138 0.0000 0.0817 0.0000
66       66   (0)      4  : 0.0000 0.0000 0.1319 0.7678 0.0000 0.1003 0.0000 0.0000 0.0000
67       67   (0)      4  : 0.1860 0.2743 0.4066 0.0106 0.0000 0.0000 0.1225 0.0000 0.0000
68       68   (0)      4  : 0.0000 0.0000 0.0000 0.0000 0.4992 0.3323 0.0000 0.1685 0.0000
69       69   (0)      4  : 0.1107 0.0000 0.0000 0.1207 0.5879 0.1800 0.0006 0.0000 0.0000
70       70   (0)      4  : 0.0509 0.4962 0.1100 0.0335 0.0000 0.0430 0.0000 0.0496 0.2168
71       71   (0)      4  : 0.0675 0.0000 0.0047 0.1875 0.1052 0.2702 0.0749 0.2223 0.0677
72       72   (0)      4  : 0.1517 0.5265 0.0000 0.0534 0.1226 0.1005 0.0454 0.0000 0.0000
73       73   (0)      4  : 0.0000 0.0000 0.0346 0.0663 0.0000 0.0000 0.1085 0.0611 0.7295
74       74   (0)      4  : 0.0000 0.0000 0.0000 1.0000 0.0000 0.0000 0.0000 0.0000 0.0000
75       75   (0)      4  : 0.0000 0.0000 0.0000 1.0000 0.0000 0.0000 0.0000 0.0000 0.0000
76       76   (0)      4  : 0.0253 0.0000 0.0000 0.4407 0.0165 0.0501 0.0000 0.4675 0.0000
77       77   (0)      4  : 0.0000 0.0024 0.0033 0.1415 0.0078 0.0000 0.1562 0.0000 0.6887
78       78   (0)      4  : 0.3938 0.0000 0.0774 0.0074 0.3526 0.0000 0.0000 0.1240 0.0448
79       79   (0)      4  : 0.1925 0.0000 0.0870 0.1513 0.0000 0.1159 0.2373 0.1132 0.1027
80       80   (0)      4  : 0.1818 0.0103 0.2326 0.0000 0.1737 0.2259 0.1757 0.0000 0.0000
81       81   (0)      4  : 0.0000 0.5949 0.0000 0.0577 0.0000 0.2617 0.0635 0.0000 0.0222
82       82   (0)      4  : 0.3071 0.0594 0.0000 0.0772 0.0000 0.0000 0.2230 0.0000 0.3333
83       83   (0)      4  : 0.0000 0.0000 0.4765 0.0000 0.0000 0.1213 0.4021 0.0000 0.0000
84       84   (0)      4  : 0.1363 0.0556 0.3233 0.0088 0.0385 0.0975 0.0760 0.1411 0.1230
85       85   (0)      4  : 0.0125 0.4602 0.1075 0.0000 0.0719 0.0426 0.0023 0.0814 0.2215
86       86   (0)      5  : 0.0000 0.0000 0.3569 0.0000 0.0000 0.0000 0.0000 0.0000 0.6431
87       87   (0)      5  : 0.0000 0.0370 0.0000 0.3328 0.0941 0.0467 0.2793 0.0000 0.2100
88       88   (0)      5  : 0.1430 0.1198 0.2795 0.1209 0.0000 0.0748 0.1376 0.0930 0.0314
89       89   (0)      5  : 0.1924 0.0000 0.1168 0.0000 0.0908 0.1309 0.0000 0.2556 0.2135
90       90   (0)      5  : 0.6667 0.0000 0.0000 0.0000 0.0000 0.0000 0.0000 0.0000 0.3333
91       91   (0)      5  : 0.2861 0.0600 0.0000 0.1228 0.0000 0.0439 0.1863 0.0848 0.2161
92       92   (0)      5  : 0.1507 0.0000 0.4738 0.3048 0.0000 0.0000 0.0000 0.0000 0.0708
93       93   (0)      5  : 0.3659 0.0000 0.0000 0.0000 0.0000 0.0000 0.3335 0.3006 0.0000
94       94   (0)      5  : 0.0688 0.0129 0.0855 0.0674 0.0988 0.2842 0.3825 0.0000 0.0000
95       95   (0)      5  : 0.0000 0.3968 0.0000 0.0000 0.0000 0.0000 0.0049 0.3449 0.2533
96       96   (0)      5  : 0.4102 0.0000 0.0000 0.0000 0.0010 0.3403 0.1193 0.1078 0.0214
97       97   (0)      5  : 0.0596 0.0797 0.0381 0.0000 0.4322 0.0000 0.1031 0.0000 0.2874
98       98   (0)      5  : 0.0000 0.0416 0.6552 0.0000 0.3033 0.0000 0.0000 0.0000 0.0000
99       99   (0)      5  : 0.0000 0.0000 0.0000 0.0000 0.0000 0.8427 0.1573 0.0000 0.0000
100      100   (0)      5  : 0.0000 0.0000 0.8753 0.0000 0.0000 0.0000 0.0000 0.1247 0.0000
101      101   (0)      5  : 0.1450 0.0000 0.0668 0.1488 0.0000 0.1206 0.2421 0.0998 0.1769
102      102   (0)      5  : 0.0000 0.0000 0.0000 0.4175 0.0000 0.0027 0.1563 0.2385 0.1850
103      103   (0)      5  : 0.0160 0.0000 0.0725 0.2519 0.0000 0.4312 0.0000 0.1320 0.0964
104      104   (0)      5  : 0.1662 0.1571 0.0001 0.1655 0.0000 0.0117 0.4078 0.0423 0.0493
105      105   (0)      5  : 0.0000 0.0000 0.6940 0.0000 0.0000 0.0000 0.3060 0.0000 0.0000
106      106   (0)      5  : 0.0000 0.0815 0.0507 0.4303 0.1115 0.0000 0.2826 0.0435 0.0000
107      107   (0)      5  : 0.8181 0.0033 0.0000 0.0861 0.0000 0.0000 0.0000 0.0000 0.0925
108      108   (0)      5  : 0.2244 0.1211 0.0000 0.1711 0.2057 0.0116 0.0839 0.1821 0.0000
109      109   (0)      5  : 0.2421 0.2450 0.1826 0.0000 0.0966 0.0000 0.2336 0.0000 0.0000
110      110   (0)      5  : 0.0029 0.0268 0.0000 0.0000 0.1449 0.0000 0.1198 0.7056 0.0000
111      111   (0)      5  : 0.0000 0.0000 0.0000 0.4782 0.0000 0.2704 0.2514 0.0000 0.0000
112      112   (0)      5  : 0.3268 0.0000 0.0000 0.1808 0.0838 0.1314 0.1286 0.1486 0.0000
113      113   (0)      4  : 0.0000 0.0000 0.0002 0.4188 0.0348 0.0000 0.1384 0.4078 0.0000
114      114   (0)      6  : 0.1143 0.0000 0.0000 0.0000 0.0636 0.0000 0.0000 0.8221 0.0000
115      115   (0)      6  : 0.0000 0.3152 0.4599 0.0000 0.0000 0.0044 0.2205 0.0000 0.0000
116      116   (0)      6  : 0.0516 0.4375 0.0410 0.0299 0.2660 0.0000 0.0000 0.1514 0.0226
117      117   (0)      6  : 0.0000 0.6742 0.0000 0.0000 0.0000 0.0000 0.1079 0.2179 0.0000
118      118   (0)      6  : 0.0000 0.2011 0.0000 0.0000 0.0000 0.0000 0.0000 0.3333 0.4656
119      119   (0)      6  : 0.0000 0.7621 0.0000 0.0945 0.0738 0.0000 0.0000 0.0000 0.0696
120      120   (0)      6  : 0.0000 0.0000 0.1260 0.0000 0.0000 0.0000 0.4638 0.4102 0.0000
121      121   (0)      6  : 0.0467 0.1506 0.0733 0.2895 0.0000 0.0000 0.3561 0.0838 0.0000
122      122   (0)      6  : 0.0000 0.0000 0.0000 0.3944 0.0000 0.0000 0.1954 0.4101 0.0000
123      123   (0)      6  : 0.0000 0.1021 0.0841 0.0000 0.8138 0.0000 0.0000 0.0000 0.0000
124      124   (0)      6  : 0.0000 0.0000 0.0000 0.1559 0.0726 0.0000 0.7715 0.0000 0.0000
125      125   (0)      6  : 0.1397 0.0221 0.0000 0.0316 0.1302 0.0501 0.3023 0.0614 0.2626
126      126   (0)      6  : 0.1281 0.0000 0.0000 0.2493 0.1361 0.0000 0.1171 0.3007 0.0687
127      127   (0)      6  : 0.0000 0.4463 0.0585 0.0000 0.2292 0.1326 0.0591 0.0709 0.0034
128      128   (0)      6  : 0.0000 0.0000 0.0000 0.0000 0.0000 0.0000 0.3333 0.6667 0.0000
129      129   (0)      6  : 0.0000 0.0000 0.8361 0.0000 0.1639 0.0000 0.0000 0.0000 0.0000
130      130   (0)      6  : 0.0000 0.0650 0.0000 0.0000 0.8423 0.0927 0.0000 0.0000 0.0000
131      131   (0)      6  : 0.0920 0.4907 0.0702 0.0000 0.0000 0.0806 0.1021 0.0754 0.0891
132      132   (0)      6  : 0.0000 0.0000 0.0000 0.2262 0.1639 0.4998 0.1101 0.0000 0.0000
133      133   (0)      6  : 0.1498 0.0000 0.0000 0.0000 0.0000 0.0000 0.5195 0.3307 0.0000
134      134   (0)      6  : 0.4230 0.1103 0.0000 0.2294 0.0000 0.2370 0.0000 0.0005 0.0000
135      135   (0)      6  : 0.0000 0.6618 0.0000 0.2167 0.0000 0.1215 0.0000 0.0000 0.0000
136      136   (0)      6  : 0.1534 0.1653 0.1657 0.1984 0.0230 0.0910 0.1875 0.0000 0.0158
137      137   (0)      6  : 0.0000 0.0234 0.0000 0.0948 0.0935 0.0758 0.0000 0.4149 0.2976
138      138   (0)      6  : 0.0000 0.0000 0.0663 0.5548 0.0593 0.0798 0.1555 0.0843 0.0000
139      139   (0)      6  : 0.0000 0.0000 0.3990 0.0000 0.1470 0.1045 0.0195 0.2771 0.0529
140      140   (0)      6  : 0.0000 0.3473 0.0133 0.1043 0.1410 0.2463 0.0261 0.0000 0.1217
141      141   (0)      6  : 0.0000 0.0972 0.0000 0.0000 0.0000 0.0000 0.0000 0.0000 0.9028
142      142   (0)      7  : 0.0000 0.0000 0.1825 0.3011 0.0000 0.2008 0.0871 0.1919 0.0366
143      143   (0)      7  : 0.0000 0.7895 0.0000 0.0000 0.1449 0.0000 0.0000 0.0657 0.0000
144      144   (0)      7  : 0.0000 0.0109 0.8719 0.0000 0.1135 0.0000 0.0000 0.0038 0.0000
145      145   (0)      7  : 0.0000 0.0000 0.2018 0.0996 0.2031 0.0774 0.2600 0.1582 0.0000
146      146   (0)      7  : 0.1783 0.2093 0.0000 0.0796 0.0000 0.0000 0.1616 0.0000 0.3713
147      147   (0)      7  : 1.0000 0.0000 0.0000 0.0000 0.0000 0.0000 0.0000 0.0000 0.0000
148      148   (0)      7  : 0.0000 0.0000 0.1304 0.0000 0.1056 0.0500 0.0000 0.6667 0.0474
149      149   (0)      7  : 0.0000 0.6308 0.1286 0.0268 0.0000 0.0640 0.0000 0.1497 0.0000
150      150   (0)      7  : 0.0000 0.2459 0.0000 0.0000 0.0000 0.1526 0.0000 0.3937 0.2078
151      151   (0)      7  : 0.0164 0.5867 0.0392 0.0000 0.0858 0.0000 0.2718 0.0000 0.0000
152      152   (0)      7  : 0.3301 0.0000 0.0454 0.2449 0.0000 0.0386 0.0000 0.2241 0.1169
153      153   (0)      7  : 0.0000 1.0000 0.0000 0.0000 0.0000 0.0000 0.0000 0.0000 0.0000
154      154   (0)      7  : 1.0000 0.0000 0.0000 0.0000 0.0000 0.0000 0.0000 0.0000 0.0000
155      155   (0)      7  : 0.0000 0.4947 0.0000 0.0000 0.3776 0.1278 0.0000 0.0000 0.0000
156      156   (0)      7  : 0.0000 0.0000 1.0000 0.0000 0.0000 0.0000 0.0000 0.0000 0.0000
157      157   (0)      7  : 0.3333 0.0000 0.3692 0.0000 0.0000 0.2974 0.0000 0.0000 0.0000
158      158   (0)      7  : 0.0000 0.0000 0.3019 0.3549 0.0030 0.0000 0.0000 0.1051 0.2350
159      159   (0)      7  : 0.0000 0.6230 0.0000 0.0000 0.0000 0.1255 0.0810 0.1055 0.0650
160      160   (0)      7  : 0.1696 0.2702 0.0000 0.0000 0.0000 0.0034 0.0712 0.2575 0.2280
161      161   (0)      7  : 0.2029 0.7557 0.0000 0.0000 0.0000 0.0000 0.0000 0.0000 0.0414
162      162   (0)      7  : 0.0000 0.0898 0.0092 0.2847 0.2693 0.0000 0.1924 0.0000 0.1545
163      163   (0)      7  : 0.0000 0.0000 0.6911 0.0000 0.0000 0.0000 0.0000 0.0000 0.3089
164      164   (0)      7  : 0.1776 0.2566 0.0000 0.2017 0.2071 0.0870 0.0000 0.0699 0.0000
165      165   (0)      7  : 0.0000 0.1093 0.0000 0.0000 0.8907 0.0000 0.0000 0.0000 0.0000
166      166   (0)      7  : 0.0000 0.1257 0.1617 0.1422 0.2875 0.2301 0.0528 0.0000 0.0000
167      167   (0)      7  : 0.3851 0.0000 0.0000 0.0777 0.0000 0.1784 0.1600 0.1988 0.0000
168      168   (0)      7  : 0.3499 0.0309 0.0338 0.3447 0.1617 0.0789 0.0000 0.0000 0.0002
169      169   (0)      7  : 0.0010 0.7355 0.0000 0.0000 0.0965 0.0000 0.0000 0.1670 0.0000
