1        1   (0)      1  : 0.0000 1.0000 0.0000 0.0000 0.0000 0.0000 0.0000 0.0000 0.0000
2        2   (0)      1  : 0.0000 0.0471 0.0896 0.0000 0.0000 0.0161 0.0000 0.8473 0.0000
3        3   (0)      1  : 0.0000 0.9065 0.0000 0.0000 0.0931 0.0000 0.0000 0.0000 0.0004
4        4   (0)      1  : 0.0000 0.0000 0.1676 0.0310 0.0166 0.1620 0.0000 0.6227 0.0000
5        5   (0)      1  : 0.0000 0.9057 0.0000 0.0000 0.0943 0.0000 0.0000 0.0000 0.0000
6        6   (0)      1  : 0.0000 0.8319 0.0000 0.0000 0.0177 0.0000 0.0000 0.0000 0.1504
7        7   (0)      1  : 0.0744 0.0481 0.3749 0.0000 0.0000 0.0000 0.0000 0.5026 0.0000
8        8   (0)      1  : 0.0000 0.0000 0.3845 0.0000 0.0000 0.1134 0.0000 0.5021 0.0000
9        9   (0)      1  : 0.0000 1.0000 0.0000 0.0000 0.0000 0.0000 0.0000 0.0000 0.0000
10       10   (0)      2  : 0.0000 0.0000 1.0000 0.0000 0.0000 0.0000 0.0000 0.0000 0.0000
11       11   (0)      2  : 0.0000 0.0000 0.9676 0.0000 0.0000 0.0000 0.0000 0.0324 0.0000
12       12   (0)      2  : 0.0000 0.0000 0.5663 0.0000 0.0000 0.0000 0.0000 0.4337 0.0000
13       13   (0)      3  : 0.0000 0.0000 0.0000 0.0000 0.8082 0.0000 0.1918 0.0000 0.0000
14       14   (0)      3  : 0.0000 0.0000 0.0000 0.0000 1.0000 0.0000 0.0000 0.0000 0.0000
15       15   (0)      3  : 0.0000 0.0000 0.0000 0.0000 1.0000 0.0000 0.0000 0.0000 0.0000
16       16   (0)      3  : 0.0000 0.0000 0.0000 0.0000 1.0000 0.0000 0.0000 0.0000 0.0000
17       17   (0)      3  : 0.0000 0.3747 0.0000 0.0000 0.3772 0.0000 0.1493 0.0000 0.0989
18       18   (0)      3  : 0.0000 0.0000 0.0000 0.0000 1.0000 0.0000 0.0000 0.0000 0.0000
19       19   (0)      3  : 0.0000 0.0000 0.5139 0.0180 0.0308 0.3050 0.0000 0.1322 0.0000
20       20   (0)      3  : 0.1698 0.0000 0.4271 0.0003 0.0000 0.3806 0.0000 0.0223 0.0000
21       21   (0)      2  : 0.0000 0.1324 0.7571 0.0000 0.0000 0.0000 0.0000 0.1105 0.0000
22       22   (0)      2  : 0.0000 0.0000 0.7271 0.0000 0.0000 0.0000 0.0000 0.2729 0.0000
23       23   (0)      2  : 0.0000 0.0000 0.3849 0.0000 0.0000 0.0000 0.0000 0.6151 0.0000
24       24   (0)      2  : 0.0000 0.0000 0.7154 0.0000 0.0000 0.0000 0.0000 0.2846 0.0000
25       25   (0)      2  : 0.0000 0.0000 1.0000 0.0000 0.0000 0.0000 0.0000 0.0000 0.0000
26       26   (0)      2  : 0.0000 0.0000 1.0000 0.0000 0.0000 0.0000 0.0000 0.0000 0.0000
27       27   (0)      2  : 0.0000 0.0000 0.6068 0.0000 0.0125 0.0000 0.0000 0.3807 0.0000
28       28   (0)      2  : 0.0000 0.0000 0.7948 0.0000 0.0000 0.0000 0.0000 0.2052 0.0000
29       29   (0)      2  : 0.0000 0.0000 1.0000 0.0000 0.0000 0.0000 0.0000 0.0000 0.0000
30       30   (0)      2  : 0.0000 0.0000 0.8618 0.0000 0.0000 0.0000 0.0000 0.1382 0.0000
31       31   (0)      2  : 0.0000 0.2315 0.6914 0.0000 0.0771 0.0000 0.0000 0.0000 0.0000
32       32   (0)      2  : 0.0000 0.0064 0.7736 0.0000 0.1148 0.0000 0.0000 0.0097 0.0956
33       33   (0)      2  : 0.0000 0.0000 1.0000 0.0000 0.0000 0.0000 0.0000 0.0000 0.0000
34       34   (0)      2  : 0.0000 0.0000 1.0000 0.0000 0.0000 0.0000 0.0000 0.0000 0.0000
35       35   (0)      2  : 0.0000 0.0000 1.0000 0.0000 0.0000 0.0000 0.0000 0.0000 0.0000
36       36   (0)      2  : 0.0000 0.0000 0.6132 0.0247 0.0000 0.0000 0.0000 0.3621 0.0000
37       37   (0)      2  : 0.0000 0.7054 0.0870 0.0000 0.2076 0.0000 0.0000 0.0000 0.0000
38       38   (0)      2  : 0.0000 0.0000 1.0000 0.0000 0.0000 0.0000 0.0000 0.0000 0.0000
39       39   (0)      2  : 0.0106 0.0002 0.7673 0.0000 0.0000 0.0609 0.0299 0.1311 0.0000
40       40   (0)      2  : 0.0000 0.0000 0.7962 0.0000 0.0000 0.0000 0.0000 0.2038 0.0000
41       41   (0)      2  : 0.0000 0.0000 0.7787 0.0000 0.0000 0.0027 0.0838 0.1348 0.0000
42       42   (0)      2  : 0.0000 0.0000 0.6123 0.0000 0.0000 0.0000 0.0000 0.3877 0.0000
43       43   (0)      4  : 1.0000 0.0000 0.0000 0.0000 0.0000 0.0000 0.0000 0.0000 0.0000
44       44   (0)      4  : 0.8477 0.0000 0.0000 0.0000 0.0000 0.0000 0.0000 0.0000 0.1523
45       45   (0)      4  : 0.9054 0.0000 0.0000 0.0946 0.0000 0.0000 0.0000 0.0000 0.0000
46       46   (0)      4  : 0.8075 0.0000 0.0000 0.0809 0.0000 0.1116 0.0000 0.0000 0.0000
47       47   (0)      4  : 0.8293 0.0000 0.0000 0.0000 0.0000 0.0000 0.0000 0.0000 0.1707
48       48   (0)      4  : 0.0000 0.0000 0.0000 0.0000 0.0000 0.0000 0.0000 0.0000 1.0000
49       49   (0)      4  : 0.0000 0.0000 0.0000 0.0000 0.0000 0.0000 0.0000 0.0000 1.0000
50       50   (0)      4  : 0.9370 0.0000 0.0000 0.0000 0.0000 0.0000 0.0000 0.0000 0.0630
51       51   (0)      4  : 1.0000 0.0000 0.0000 0.0000 0.0000 0.0000 0.0000 0.0000 0.0000
52       52   (0)      4  : 0.6025 0.0000 0.0031 0.2308 0.0000 0.0000 0.0000 0.0399 0.1236
53       53   (0)      4  : 0.6946 0.0000 0.0000 0.1660 0.0000 0.0000 0.0000 0.0000 0.1394
54       54   (0)      4  : 0.0000 0.0000 0.0000 0.0000 0.0000 0.0000 0.0000 0.0000 1.0000
55       55   (0)      4  : 0.0000 0.0000 0.0000 0.0000 0.0000 0.0000 0.0000 0.0000 1.0000
56       56   (0)      4  : 0.0000 0.0000 0.0000 0.0000 0.0000 0.0000 0.0000 0.0000 1.0000
57       57   (0)      4  : 0.8487 0.0000 0.0000 0.1513 0.0000 0.0000 0.0000 0.0000 0.0000
58       58   (0)      4  : 0.9976 0.0000 0.0000 0.0000 0.0000 0.0024 0.0000 0.0000 0.0000
59       59   (0)      4  : 1.0000 0.0000 0.0000 0.0000 0.0000 0.0000 0.0000 0.0000 0.0000
60       60   (0)      4  : 1.0000 0.0000 0.0000 0.0000 0.0000 0.0000 0.0000 0.0000 0.0000
61       61   (0)      4  : 1.0000 0.0000 0.0000 0.0000 0.0000 0.0000 0.0000 0.0000 0.0000
62       62   (0)      4  : 0.9060 0.0000 0.0000 0.0000 0.0000 0.0000 0.0000 0.0075 0.0865
63       63   (0)      4  : 1.0000 0.0000 0.0000 0.0000 0.0000 0.0000 0.0000 0.0000 0.0000
64       64   (0)      4  : 0.9284 0.0000 0.0000 0.0000 0.0000 0.0000 0.0000 0.0000 0.0716
65       65   (0)      4  : 0.0000 0.0000 0.0000 0.0000 0.0000 0.0000 0.0000 0.0000 1.0000
66       66   (0)      4  : 0.9923 0.0000 0.0000 0.0000 0.0000 0.0019 0.0057 0.0000 0.0000
67       67   (0)      4  : 0.8658 0.0000 0.0000 0.1342 0.0000 0.0000 0.0000 0.0000 0.0000
68       68   (0)      4  : 0.0000 0.0000 0.0000 0.0000 0.0000 0.0000 0.0000 0.0000 1.0000
69       69   (0)      4  : 0.9065 0.0000 0.0000 0.0000 0.0000 0.0001 0.0000 0.0934 0.0000
70       70   (0)      4  : 0.9337 0.0000 0.0000 0.0000 0.0000 0.0000 0.0000 0.0000 0.0663
71       71   (0)      4  : 0.0000 0.0000 0.0000 0.0000 0.0000 0.0000 0.0000 0.0000 1.0000
72       72   (0)      5  : 0.0000 0.0000 0.0000 0.0000 0.0000 1.0000 0.0000 0.0000 0.0000
73       73   (0)      5  : 0.0000 0.0000 0.0096 0.3742 0.0000 0.5433 0.0000 0.0081 0.0648
74       74   (0)      5  : 0.0756 0.0000 0.0000 0.1886 0.0000 0.7358 0.0000 0.0000 0.0000
75       75   (0)      5  : 0.0053 0.0000 0.0000 0.0000 0.0000 0.9037 0.0000 0.0910 0.0000
76       76   (0)      5  : 0.1504 0.0795 0.1022 0.1942 0.0000 0.4447 0.0000 0.0290 0.0000
77       77   (0)      5  : 0.0000 0.0000 0.0000 0.0713 0.0000 0.9287 0.0000 0.0000 0.0000
78       78   (0)      5  : 0.0000 0.0000 0.0000 0.0000 0.0000 1.0000 0.0000 0.0000 0.0000
79       79   (0)      5  : 0.0000 0.0000 0.0000 0.0000 0.0000 1.0000 0.0000 0.0000 0.0000
80       80   (0)      5  : 0.0000 0.0000 0.0000 0.0034 0.6797 0.1021 0.1502 0.0000 0.0647
81       81   (0)      5  : 0.0000 0.0000 0.0000 0.0000 0.5035 0.4965 0.0000 0.0000 0.0000
82       82   (0)      5  : 0.2768 0.0000 0.0000 0.2344 0.0000 0.4888 0.0000 0.0000 0.0000
83       83   (0)      5  : 0.0000 0.0000 0.0000 0.0000 0.0000 1.0000 0.0000 0.0000 0.0000
84       84   (0)      5  : 0.0000 0.0000 0.0000 0.0000 0.0000 1.0000 0.0000 0.0000 0.0000
85       85   (0)      5  : 0.0000 0.0000 0.0000 0.0000 0.0000 1.0000 0.0000 0.0000 0.0000
86       86   (0)      5  : 0.0000 0.0000 0.0000 0.0000 0.0000 1.0000 0.0000 0.0000 0.0000
87       87   (0)      5  : 0.0000 0.0000 0.0000 0.0000 0.0000 0.9569 0.0000 0.0431 0.0000
88       88   (0)      5  : 0.0000 0.0000 0.0000 0.0000 0.0000 1.0000 0.0000 0.0000 0.0000
89       89   (0)      5  : 0.0000 0.0000 0.0000 0.0000 0.0000 1.0000 0.0000 0.0000 0.0000
90       90   (0)      5  : 0.0000 0.0000 0.0000 0.0000 0.0000 1.0000 0.0000 0.0000 0.0000
91       91   (0)      5  : 0.0000 0.0000 0.0000 0.0000 0.0000 1.0000 0.0000 0.0000 0.0000
92       92   (0)      5  : 0.0000 0.0000 0.0000 0.0000 0.6802 0.1953 0.1244 0.0000 0.0000
93       93   (0)      5  : 0.0000 0.0000 0.0116 0.0002 0.0000 0.9456 0.0000 0.0000 0.0427
94       94   (0)      5  : 0.0134 0.0000 0.0000 0.2811 0.0000 0.7055 0.0000 0.0000 0.0000
95       95   (0)      5  : 0.1629 0.0000 0.0000 0.0526 0.0000 0.7846 0.0000 0.0000 0.0000
96       96   (0)      5  : 0.1369 0.0000 0.0225 0.1687 0.0000 0.6719 0.0000 0.0000 0.0000
97       97   (0)      6  : 0.1434 0.0000 0.0073 0.0000 0.0000 0.4157 0.0000 0.3803 0.0534
98       98   (0)      6  : 0.0000 0.0000 0.0000 0.0730 0.0000 0.0651 0.0000 0.8619 0.0000
99       99   (0)      6  : 0.0000 0.7283 0.0000 0.0000 0.1085 0.0000 0.1632 0.0000 0.0000
100      100   (0)      6  : 0.1809 0.0000 0.0828 0.0000 0.0000 0.1757 0.0000 0.5603 0.0002
101      101   (0)      6  : 0.0000 0.2268 0.0000 0.0000 0.7732 0.0000 0.0000 0.0000 0.0000
102      102   (0)      6  : 0.0000 0.8255 0.0000 0.0000 0.0001 0.0000 0.0837 0.0000 0.0906
103      103   (0)      6  : 0.0000 0.3872 0.0000 0.0000 0.4814 0.0000 0.0000 0.0000 0.1314
104      104   (0)      6  : 0.0694 0.0701 0.0798 0.0635 0.0366 0.2831 0.0000 0.2933 0.1042
105      105   (0)      6  : 0.0000 0.7087 0.0000 0.0000 0.2913 0.0000 0.0000 0.0000 0.0000
106      106   (0)      6  : 0.0000 0.0000 0.0000 0.0000 0.0000 0.1955 0.0000 0.8045 0.0000
107      107   (0)      3  : 0.0000 0.2138 0.0000 0.0000 0.7862 0.0000 0.0000 0.0000 0.0000
108      108   (0)      3  : 0.1857 0.0000 0.0000 0.0992 0.0146 0.2878 0.0000 0.4127 0.0000
109      109   (0)      3  : 0.0000 0.0000 0.0000 0.0000 1.0000 0.0000 0.0000 0.0000 0.0000
110      110   (0)      2  : 0.0000 0.0000 0.0000 0.0000 0.0000 0.0000 0.0000 1.0000 0.0000
111      111   (0)      2  : 0.0000 0.3816 0.0000 0.0000 0.6057 0.0000 0.0128 0.0000 0.0000
112      112   (0)      3  : 0.0000 0.0000 0.0000 0.0000 1.0000 0.0000 0.0000 0.0000 0.0000
113      113   (0)      2  : 0.0000 0.0000 0.9027 0.0000 0.0000 0.0000 0.0000 0.0973 0.0000
114      114   (0)      2  : 0.0000 0.3532 0.0000 0.0000 0.6434 0.0000 0.0000 0.0034 0.0000
115      115   (0)      3  : 0.0000 0.1218 0.0000 0.0000 0.8782 0.0000 0.0000 0.0000 0.0000
116      116   (0)      3  : 0.0000 0.0000 0.0000 0.0000 0.9927 0.0000 0.0073 0.0000 0.0000
117      117   (0)      3  : 0.0000 0.0000 0.0000 0.0000 0.8833 0.0000 0.1167 0.0000 0.0000
118      118   (0)      3  : 0.0000 0.1355 0.0000 0.0000 0.8645 0.0000 0.0000 0.0000 0.0000
119      119   (0)      3  : 0.0000 0.1039 0.0000 0.0000 0.8961 0.0000 0.0000 0.0000 0.0000
120      120   (0)      3  : 0.1002 0.0000 0.2152 0.0074 0.0000 0.3416 0.0000 0.3356 0.0000
121      121   (0)      3  : 0.0000 0.0000 0.0000 0.0000 1.0000 0.0000 0.0000 0.0000 0.0000
122      122   (0)      3  : 0.0000 0.1428 0.0000 0.0000 0.7450 0.0000 0.1122 0.0000 0.0000
123      123   (0)      3  : 0.0000 0.0001 0.0000 0.1165 0.7717 0.0000 0.0886 0.0000 0.0231
124      124   (0)      3  : 0.0000 0.0000 0.0000 0.0000 0.9999 0.0000 0.0000 0.0000 0.0001
125      125   (0)      3  : 0.1119 0.0000 0.4701 0.0185 0.0248 0.1350 0.0000 0.2396 0.0000
126      126   (0)      3  : 0.0000 0.0000 0.0000 0.0000 1.0000 0.0000 0.0000 0.0000 0.0000
127      127   (0)      3  : 0.0000 0.0000 0.2387 0.0000 0.0000 0.1977 0.0000 0.5635 0.0000
128      128   (0)      3  : 0.0000 0.0000 0.0000 0.0000 1.0000 0.0000 0.0000 0.0000 0.0000
129      129   (0)      6  : 0.0115 0.2197 0.0000 0.0000 0.6986 0.0000 0.0000 0.0702 0.0000
130      130   (0)      6  : 0.0000 0.0000 0.0000 0.1929 0.0000 0.1935 0.0000 0.6136 0.0000
131      131   (0)      6  : 0.0000 0.3352 0.0000 0.0000 0.5868 0.0000 0.0780 0.0000 0.0000
132      132   (0)      6  : 0.0000 0.0000 0.1897 0.0000 0.0000 0.2689 0.0000 0.5414 0.0000
133      133   (0)      6  : 0.0000 1.0000 0.0000 0.0000 0.0000 0.0000 0.0000 0.0000 0.0000
134      134   (0)      6  : 0.0000 0.3590 0.0000 0.0000 0.6158 0.0000 0.0000 0.0251 0.0000
135      135   (0)      6  : 0.0000 0.3450 0.0000 0.0000 0.6550 0.0000 0.0000 0.0000 0.0000
136      136   (0)      6  : 0.0000 0.3749 0.0000 0.0000 0.5815 0.0000 0.0436 0.0000 0.0000
137      137   (0)      6  : 0.0000 0.4101 0.0000 0.0000 0.5899 0.0000 0.0000 0.0000 0.0000
138      138   (0)      6  : 0.0000 0.3950 0.0000 0.0000 0.6050 0.0000 0.0000 0.0000 0.0000
139      139   (0)      6  : 0.0000 0.1237 0.0000 0.0000 0.7515 0.0389 0.0000 0.0000 0.0859
140      140   (0)      6  : 0.1197 0.0000 0.3256 0.1214 0.0274 0.1044 0.0000 0.3015 0.0000
141      141   (0)      1  : 0.0000 0.0000 0.0000 0.0000 0.0000 0.0000 0.0000 1.0000 0.0000
142      142   (0)      1  : 0.0000 0.3015 0.0000 0.0000 0.5905 0.0000 0.0000 0.1080 0.0000
143      143   (0)      1  : 0.0000 0.0000 0.1258 0.1579 0.0000 0.0000 0.0000 0.7163 0.0000
144      144   (0)      1  : 0.0000 0.0000 0.0000 0.0000 0.0000 0.0000 0.0000 0.9081 0.0919
145      145   (0)      1  : 0.0000 0.0000 0.0000 0.0000 0.0000 0.0000 0.0000 1.0000 0.0000
146      146   (0)      1  : 0.0000 1.0000 0.0000 0.0000 0.0000 0.0000 0.0000 0.0000 0.0000
147      147   (0)      6  : 0.0000 0.5156 0.0000 0.0000 0.4840 0.0000 0.0000 0.0000 0.0004
148      148   (0)      6  : 0.0000 0.0000 0.0000 0.0000 0.0000 0.0716 0.0000 0.9284 0.0000
149      149   (0)      6  : 0.0000 0.7332 0.0465 0.0000 0.1155 0.0000 0.1048 0.0000 0.0000
150      150   (0)      6  : 0.0470 0.5355 0.0000 0.0000 0.3952 0.0000 0.0000 0.0223 0.0000
151      151   (0)      6  : 0.0000 0.8037 0.0000 0.0000 0.1963 0.0000 0.0000 0.0000 0.0000
152      152   (0)      6  : 0.0000 0.3760 0.0000 0.0000 0.6240 0.0000 0.0000 0.0000 0.0000
153      153   (0)      6  : 0.0488 0.0000 0.0000 0.0000 0.0000 0.1878 0.0000 0.7634 0.0000
154      154   (0)      1  : 0.0000 0.0000 0.0000 0.0000 0.0000 0.0000 0.0000 1.0000 0.0000
155      155   (0)      1  : 0.0000 1.0000 0.0000 0.0000 0.0000 0.0000 0.0000 0.0000 0.0000
156      156   (0)      1  : 0.0000 1.0000 0.0000 0.0000 0.0000 0.0000 0.0000 0.0000 0.0000
157      157   (0)      1  : 0.0000 1.0000 0.0000 0.0000 0.0000 0.0000 0.0000 0.0000 0.0000
158      158   (0)      1  : 0.0000 0.0167 0.3038 0.0000 0.0000 0.0000 0.0000 0.6795 0.0000
159      159   (0)      1  : 0.0000 0.0000 0.0000 0.0000 0.0000 0.0000 0.0000 1.0000 0.0000
160      160   (0)      1  : 0.0000 0.0000 0.3352 0.0000 0.0000 0.0000 0.0000 0.6648 0.0000
161      161   (0)      1  : 0.0000 1.0000 0.0000 0.0000 0.0000 0.0000 0.0000 0.0000 0.0000
162      162   (0)      1  : 0.0000 0.0000 0.1322 0.0000 0.0000 0.0228 0.0000 0.8450 0.0000
163      163   (0)      1  : 0.0000 0.0000 0.3745 0.0000 0.0000 0.0000 0.0000 0.6255 0.0000
164      164   (0)      1  : 0.0000 1.0000 0.0000 0.0000 0.0000 0.0000 0.0000 0.0000 0.0000
165      165   (0)      1  : 0.0000 1.0000 0.0000 0.0000 0.0000 0.0000 0.0000 0.0000 0.0000
166      166   (0)      1  : 0.0000 0.0000 0.0000 0.0000 0.0000 0.0000 0.0000 1.0000 0.0000
167      167   (0)      1  : 0.0000 1.0000 0.0000 0.0000 0.0000 0.0000 0.0000 0.0000 0.0000
168      168   (0)      7  : 0.0000 0.0000 0.0000 0.6717 0.0000 0.0000 0.0000 0.3283 0.0000
169      169   (0)      7  : 0.0000 0.0000 0.2208 0.6526 0.0000 0.1266 0.0000 0.0000 0.0000
170      170   (0)      7  : 0.0000 0.0694 0.0000 0.8074 0.0000 0.0000 0.1232 0.0000 0.0000
171      171   (0)      7  : 0.0000 0.0111 0.0000 0.8295 0.0000 0.0000 0.1594 0.0000 0.0000
172      172   (0)      7  : 0.0000 0.0000 0.0000 1.0000 0.0000 0.0000 0.0000 0.0000 0.0000
173      173   (0)      7  : 0.0000 0.0000 0.0000 0.8083 0.0000 0.1917 0.0000 0.0000 0.0000
174      174   (0)      7  : 0.0000 0.0000 0.0000 1.0000 0.0000 0.0000 0.0000 0.0000 0.0000
175      175   (0)      7  : 0.0000 0.0000 0.0000 0.0000 0.0000 0.0000 1.0000 0.0000 0.0000
176      176   (0)      7  : 0.0000 0.0000 0.0000 1.0000 0.0000 0.0000 0.0000 0.0000 0.0000
177      177   (0)      7  : 0.0000 0.0000 0.0000 1.0000 0.0000 0.0000 0.0000 0.0000 0.0000
178      178   (0)      7  : 0.0000 0.0000 0.0000 0.0000 0.0000 0.0000 1.0000 0.0000 0.0000
179      179   (0)      7  : 0.0000 0.0000 0.0000 0.0000 0.0000 0.0000 1.0000 0.0000 0.0000
180      180   (0)      7  : 0.0000 0.0000 0.0000 1.0000 0.0000 0.0000 0.0000 0.0000 0.0000
181      181   (0)      7  : 0.0003 0.0000 0.0000 0.9438 0.0000 0.0559 0.0000 0.0000 0.0000
182      182   (0)      7  : 0.0000 0.0000 0.0000 0.9101 0.0000 0.0899 0.0000 0.0000 0.0000
183      183   (0)      7  : 0.0000 0.0000 0.0000 0.7441 0.0000 0.0000 0.2559 0.0000 0.0000
184      184   (0)      7  : 0.0000 0.0000 0.0000 0.0000 0.0000 0.0000 1.0000 0.0000 0.0000
185      185   (0)      7  : 0.0000 0.0000 0.0000 0.9753 0.0000 0.0000 0.0247 0.0000 0.0000
186      186   (0)      7  : 0.0000 0.0000 0.0000 0.0000 0.0000 0.0000 1.0000 0.0000 0.0000
187      187   (0)      7  : 0.0000 0.0000 0.0000 0.8676 0.0000 0.1324 0.0000 0.0000 0.0000
188      188   (0)      7  : 0.0000 0.0000 0.0000 0.0000 0.0000 0.0000 1.0000 0.0000 0.0000
189      189   (0)      7  : 0.0000 0.0000 0.0000 0.5749 0.0000 0.1533 0.2717 0.0000 0.0000
190      190   (0)      7  : 0.0000 0.0000 0.1216 0.6464 0.0000 0.1391 0.0769 0.0000 0.0160
191      191   (0)      7  : 0.0000 0.0000 0.0000 1.0000 0.0000 0.0000 0.0000 0.0000 0.0000
192      192   (0)      7  : 0.0658 0.0000 0.0000 0.5942 0.0000 0.0000 0.3242 0.0157 0.0000
193      193   (0)      7  : 0.0407 0.0000 0.0000 0.9374 0.0000 0.0000 0.0219 0.0000 0.0000
194      194   (0)      7  : 0.0000 0.0000 0.0000 0.0000 0.0000 0.0000 1.0000 0.0000 0.0000
195      195   (0)      7  : 0.0000 0.0000 0.0000 0.7319 0.0000 0.2272 0.0410 0.0000 0.0000
196      196   (0)      7  : 0.0000 0.0000 0.0000 0.0000 0.0000 0.0000 1.0000 0.0000 0.0000
197      197   (0)      7  : 0.0000 0.0000 0.0000 0.0000 0.0000 0.0000 1.0000 0.0000 0.0000
