1        1   (0)      1  : 0.3518 0.0000 0.0557 0.0000 0.2648 0.0000 0.2338 0.0939
2        2   (0)      1  : 0.5286 0.0000 0.0615 0.0000 0.0000 0.0000 0.2820 0.1279
3        3   (0)      1  : 0.0000 0.0000 1.0000 0.0000 0.0000 0.0000 0.0000 0.0000
4        4   (0)      1  : 0.0000 0.0000 0.0000 0.0000 0.5962 0.0000 0.4038 0.0000
5        5   (0)      1  : 0.0000 0.0000 0.0000 0.0000 0.5692 0.0000 0.4308 0.0000
6        6   (0)      1  : 0.0000 0.0000 0.1821 0.0000 0.8179 0.0000 0.0000 0.0000
7        7   (0)      1  : 0.0000 0.0000 0.0000 0.0000 1.0000 0.0000 0.0000 0.0000
8        8   (0)      1  : 0.0000 0.0000 0.0000 0.0000 0.0000 0.0000 1.0000 0.0000
9        9   (0)      1  : 0.0000 0.0000 1.0000 0.0000 0.0000 0.0000 0.0000 0.0000
10       10   (0)      1  : 0.0000 0.0000 0.0000 0.0000 0.0000 0.0000 0.0000 1.0000
11       11   (0)      1  : 0.3179 0.0000 0.0000 0.0000 0.4161 0.0000 0.0861 0.1799
12       12   (0)      1  : 0.2423 0.0000 0.0000 0.0000 0.4013 0.0000 0.1482 0.2083
13       13   (0)      1  : 0.4306 0.0000 0.0000 0.0000 0.5694 0.0000 0.0000 0.0000
14       14   (0)      1  : 1.0000 0.0000 0.0000 0.0000 0.0000 0.0000 0.0000 0.0000
15       15   (0)      2  : 0.0000 0.0000 0.0000 0.0000 0.0000 0.0000 0.0000 1.0000
16       16   (0)      2  : 0.0000 0.8375 0.0000 0.0000 0.0000 0.1625 0.0000 0.0000
17       17   (0)      2  : 0.0000 1.0000 0.0000 0.0000 0.0000 0.0000 0.0000 0.0000
18       18   (0)      2  : 0.0000 0.5185 0.0000 0.0000 0.0000 0.4815 0.0000 0.0000
19       19   (0)      2  : 0.0000 0.0000 0.0000 0.8293 0.0000 0.1707 0.0000 0.0000
20       20   (0)      2  : 0.0000 0.3727 0.0000 0.2146 0.0000 0.4127 0.0000 0.0000
21       21   (0)      2  : 0.0000 0.0000 0.0000 1.0000 0.0000 0.0000 0.0000 0.0000
22       22   (0)      2  : 0.0000 0.0000 0.0000 0.0000 0.0000 1.0000 0.0000 0.0000
23       23   (0)      1  : 0.4257 0.0000 0.0000 0.0000 0.0000 0.0268 0.3328 0.2148
24       24   (0)      1  : 0.0000 0.0000 0.0000 0.0000 0.0000 0.0000 0.0000 1.0000
25       25   (0)      1  : 0.0000 0.0000 1.0000 0.0000 0.0000 0.0000 0.0000 0.0000
26       26   (0)      1  : 0.4301 0.0000 0.0000 0.0000 0.3780 0.0000 0.1919 0.0000
27       27   (0)      2  : 0.0000 0.0000 0.0000 0.0000 0.0000 1.0000 0.0000 0.0000
28       28   (0)      2  : 0.0000 1.0000 0.0000 0.0000 0.0000 0.0000 0.0000 0.0000
29       29   (0)      2  : 0.0000 0.0000 0.0000 0.0000 0.0000 1.0000 0.0000 0.0000
30       30   (0)      2  : 0.0000 0.7627 0.0000 0.0000 0.0000 0.2373 0.0000 0.0000
31       31   (0)      2  : 0.0000 0.0000 0.0000 0.9986 0.0000 0.0000 0.0014 0.0000
32       32   (0)      2  : 0.0000 0.0016 0.1402 0.6136 0.0000 0.2447 0.0000 0.0000
33       33   (0)      2  : 0.0000 0.2515 0.0000 0.5624 0.0000 0.1861 0.0000 0.0000
34       34   (0)      1  : 1.0000 0.0000 0.0000 0.0000 0.0000 0.0000 0.0000 0.0000
35       35   (0)      2  : 0.0000 0.3537 0.0000 0.5702 0.0000 0.0761 0.0000 0.0000
36       36   (0)      2  : 0.0000 0.2256 0.0000 0.5295 0.0000 0.2448 0.0000 0.0000
37       37   (0)      2  : 0.0000 0.1756 0.0000 0.3805 0.0000 0.4439 0.0000 0.0000
38       38   (0)      2  : 0.0000 1.0000 0.0000 0.0000 0.0000 0.0000 0.0000 0.0000
39       39   (0)      2  : 0.0000 0.0000 0.0000 0.0000 0.4511 0.0000 0.0000 0.5489
40       40   (0)      2  : 0.2690 0.0000 0.0000 0.0000 0.0992 0.0000 0.2953 0.3364
41       41   (0)      2  : 0.0000 0.0000 0.0000 0.0000 0.3674 0.0000 0.2822 0.3505
42       42   (0)      2  : 0.0000 0.0000 0.0000 0.0000 1.0000 0.0000 0.0000 0.0000
43       43   (0)      2  : 0.3203 0.0000 0.0000 0.0000 0.2597 0.0000 0.2373 0.1827
44       44   (0)      2  : 0.0000 1.0000 0.0000 0.0000 0.0000 0.0000 0.0000 0.0000
45       45   (0)      2  : 0.0000 1.0000 0.0000 0.0000 0.0000 0.0000 0.0000 0.0000
46       46   (0)      2  : 0.0000 1.0000 0.0000 0.0000 0.0000 0.0000 0.0000 0.0000
47       47   (0)      2  : 0.0000 0.0000 0.0000 0.0000 0.0002 0.0000 0.7010 0.2988
48       48   (0)      2  : 0.0000 0.4389 0.0000 0.2239 0.0000 0.3372 0.0000 0.0000
49       49   (0)      1  : 0.0000 0.0000 0.0000 0.0000 0.2446 0.0000 0.0000 0.7554
50       50   (0)      1  : 0.0000 0.0000 0.0000 0.0000 0.3255 0.0000 0.5114 0.1631
51       51   (0)      1  : 0.2901 0.0000 0.0000 0.0000 0.0000 0.0000 0.7099 0.0000
52       52   (0)      1  : 1.0000 0.0000 0.0000 0.0000 0.0000 0.0000 0.0000 0.0000
53       53   (0)      1  : 0.5401 0.0000 0.0423 0.0000 0.0000 0.0000 0.4176 0.0000
54       54   (0)      1  : 1.0000 0.0000 0.0000 0.0000 0.0000 0.0000 0.0000 0.0000
55       55   (0)      1  : 0.4537 0.0000 0.0000 0.0000 0.1708 0.0000 0.2431 0.1324
56       56   (0)      3  : 0.0000 0.0000 0.0000 1.0000 0.0000 0.0000 0.0000 0.0000
57       57   (0)      3  : 0.0000 0.0000 0.0000 0.5653 0.0000 0.4347 0.0000 0.0000
58       58   (0)      3  : 0.0000 0.0000 0.0000 0.0000 0.0000 1.0000 0.0000 0.0000
59       59   (0)      3  : 0.0000 0.0000 0.0000 1.0000 0.0000 0.0000 0.0000 0.0000
60       60   (0)      3  : 0.0000 0.6482 0.0000 0.0000 0.0000 0.3518 0.0000 0.0000
61       61   (0)      3  : 0.0000 0.0011 0.0000 0.7260 0.0000 0.2729 0.0000 0.0000
62       62   (0)      3  : 0.0000 0.0000 0.0000 1.0000 0.0000 0.0000 0.0000 0.0000
63       63   (0)      4  : 0.0000 0.0000 1.0000 0.0000 0.0000 0.0000 0.0000 0.0000
64       64   (0)      4  : 0.3468 0.0000 0.0000 0.0000 0.2535 0.0000 0.3996 0.0000
65       65   (0)      4  : 0.3698 0.0000 0.0269 0.0000 0.2277 0.0000 0.3082 0.0674
66       66   (0)      3  : 0.0000 0.0000 0.0000 1.0000 0.0000 0.0000 0.0000 0.0000
67       67   (0)      3  : 0.0000 1.0000 0.0000 0.0000 0.0000 0.0000 0.0000 0.0000
68       68   (0)      3  : 0.0000 0.0000 0.0000 0.0000 0.0000 1.0000 0.0000 0.0000
69       69   (0)      3  : 0.0000 0.0000 0.0000 0.7763 0.0000 0.2237 0.0000 0.0000
70       70   (0)      3  : 0.0000 0.0000 0.0000 1.0000 0.0000 0.0000 0.0000 0.0000
71       71   (0)      3  : 0.0000 0.5438 0.0000 0.0000 0.0000 0.4562 0.0000 0.0000
72       72   (0)      4  : 0.0000 0.0000 0.0000 0.0000 1.0000 0.0000 0.0000 0.0000
73       73   (0)      4  : 0.0000 0.0000 0.0000 0.0533 0.3530 0.0000 0.1963 0.3975
74       74   (0)      4  : 0.0000 0.0000 0.0000 0.0000 0.5097 0.0000 0.4903 0.0000
75       75   (0)      4  : 0.0000 0.0000 0.0000 0.0000 0.0000 0.0000 0.0000 1.0000
76       76   (0)      4  : 0.0000 0.0000 0.0000 0.0000 0.0000 0.0000 1.0000 0.0000
77       77   (0)      4  : 0.0000 0.0000 0.0000 0.0000 0.0000 0.0000 0.3735 0.6265
78       78   (0)      4  : 0.0000 0.0000 0.0000 0.0000 0.0000 0.0000 1.0000 0.0000
79       79   (0)      3  : 0.3277 0.0000 0.0000 0.0000 0.4072 0.0000 0.2651 0.0000
80       80   (0)      3  : 0.0000 0.0000 0.0000 1.0000 0.0000 0.0000 0.0000 0.0000
81       81   (0)      3  : 0.0000 1.0000 0.0000 0.0000 0.0000 0.0000 0.0000 0.0000
82       82   (0)      3  : 0.0000 0.0000 0.0000 1.0000 0.0000 0.0000 0.0000 0.0000
83       83   (0)      3  : 0.0000 0.0000 0.0000 0.0000 0.1857 0.0000 0.5318 0.2826
84       84   (0)      3  : 0.0000 0.0000 0.0000 0.0000 0.0000 0.0000 1.0000 0.0000
85       85   (0)      3  : 0.0000 0.3460 0.0000 0.6540 0.0000 0.0000 0.0000 0.0000
86       86   (0)      3  : 0.0000 1.0000 0.0000 0.0000 0.0000 0.0000 0.0000 0.0000
87       87   (0)      3  : 0.0000 0.2473 0.0000 0.3803 0.0000 0.3162 0.0562 0.0000
88       88   (0)      3  : 0.0000 0.0000 0.0000 1.0000 0.0000 0.0000 0.0000 0.0000
89       89   (0)      4  : 0.2757 0.0287 0.0353 0.0000 0.2995 0.0000 0.0000 0.3607
90       90   (0)      3  : 0.0000 0.0000 0.0000 1.0000 0.0000 0.0000 0.0000 0.0000
91       91   (0)      3  : 0.0000 1.0000 0.0000 0.0000 0.0000 0.0000 0.0000 0.0000
92       92   (0)      3  : 0.0000 0.0000 0.0000 0.5072 0.0000 0.4928 0.0000 0.0000
93       93   (0)      3  : 0.0000 0.0000 0.0000 0.8455 0.0000 0.1545 0.0000 0.0000
94       94   (0)      3  : 0.1043 0.3230 0.0000 0.4415 0.0263 0.0503 0.0547 0.0000
95       95   (0)      4  : 0.2410 0.0000 0.0118 0.1188 0.2267 0.0000 0.1276 0.2741
96       96   (0)      4  : 0.2672 0.0000 0.0000 0.0000 0.0000 0.0000 0.0000 0.7328
97       97   (0)      4  : 0.0000 0.0000 0.0000 0.0000 0.3125 0.0000 0.6875 0.0000
98       98   (0)      4  : 0.2878 0.0216 0.0443 0.0000 0.0000 0.0000 0.1715 0.4748
99       99   (0)      4  : 0.4490 0.0000 0.0360 0.0000 0.2504 0.0000 0.0000 0.2646
100      100   (0)      4  : 0.0000 0.0000 0.0000 0.0000 0.0000 0.0000 0.0000 1.0000
101      101   (0)      4  : 0.5765 0.0000 0.0000 0.0000 0.4235 0.0000 0.0000 0.0000
102      102   (0)      4  : 0.0000 0.0000 0.0000 0.0000 0.0000 0.0000 0.5522 0.4478
103      103   (0)      4  : 0.0000 0.0000 1.0000 0.0000 0.0000 0.0000 0.0000 0.0000
104      104   (0)      4  : 0.0000 0.0000 0.0008 0.0000 0.4424 0.0000 0.0000 0.5568
105      105   (0)      4  : 0.6169 0.0000 0.0000 0.0000 0.0000 0.0000 0.3831 0.0000
106      106   (0)      4  : 0.3319 0.0000 0.0115 0.0219 0.2350 0.0000 0.1939 0.2058
107      107   (0)      4  : 0.0000 0.0000 0.0519 0.0000 0.0000 0.0000 0.2440 0.7041
108      108   (0)      4  : 0.0000 0.0000 0.0000 0.0000 0.0000 0.0000 1.0000 0.0000
109      109   (0)      4  : 0.0000 0.0000 0.0000 0.0000 1.0000 0.0000 0.0000 0.0000
110      110   (0)      4  : 0.2999 0.0000 0.0928 0.0000 0.2494 0.0000 0.0000 0.3579
111      111   (0)      4  : 0.0000 0.0000 1.0000 0.0000 0.0000 0.0000 0.0000 0.0000
112      112   (0)      4  : 0.0000 0.0000 1.0000 0.0000 0.0000 0.0000 0.0000 0.0000
113      113   (0)      4  : 0.0000 0.4829 0.0000 0.4220 0.0000 0.0951 0.0000 0.0000
114      114   (0)      4  : 0.5371 0.0000 0.0000 0.0000 0.4629 0.0000 0.0000 0.0000
115      115   (0)      4  : 1.0000 0.0000 0.0000 0.0000 0.0000 0.0000 0.0000 0.0000
116      116   (0)      4  : 1.0000 0.0000 0.0000 0.0000 0.0000 0.0000 0.0000 0.0000
