1        1   (0)      1  : 0.0000 0.0014 0.0576 0.0000 0.2752 0.2661 0.1992 0.1053 0.0905 0.0047
2        2   (0)      1  : 0.0000 0.0000 0.0000 0.0000 0.0000 0.0000 0.0000 1.0000 0.0000 0.0000
3        3   (0)      2  : 0.0000 0.0000 0.0041 0.0000 0.0000 0.0000 0.1500 0.5098 0.0000 0.3362
4        4   (0)      2  : 0.0629 0.0612 0.0000 0.2414 0.1821 0.1473 0.0014 0.3038 0.0000 0.0000
5        5   (0)      2  : 0.1493 0.1250 0.3582 0.0000 0.0000 0.0000 0.0003 0.0000 0.2562 0.1110
6        6   (0)      2  : 0.0343 0.0000 0.0000 0.1880 0.3475 0.2256 0.2047 0.0000 0.0000 0.0000
7        7   (0)      2  : 0.1618 0.1001 0.2466 0.1432 0.0000 0.0000 0.0944 0.2539 0.0000 0.0000
8        8   (0)      2  : 0.0000 0.0000 0.0000 0.3262 0.0000 0.0000 0.1619 0.0000 0.3034 0.2085
9        9   (0)      2  : 0.0911 0.4242 0.1173 0.0003 0.0000 0.0000 0.0000 0.2003 0.1669 0.0000
10       10   (0)      2  : 0.0000 0.0000 0.0000 1.0000 0.0000 0.0000 0.0000 0.0000 0.0000 0.0000
11       11   (0)      2  : 0.3775 0.1716 0.0000 0.0000 0.1241 0.1292 0.0000 0.0000 0.0000 0.1977
12       12   (0)      2  : 0.0000 0.0000 0.0480 0.2206 0.0000 0.1426 0.1417 0.0701 0.0000 0.3771
13       13   (0)      2  : 0.1719 0.1119 0.0000 0.0000 0.0000 0.0000 0.0000 0.0000 0.4466 0.2696
14       14   (0)      2  : 0.0000 0.2291 0.0000 0.0000 0.0000 0.0000 0.0000 0.0000 0.7709 0.0000
15       15   (0)      2  : 0.0974 0.0000 0.0000 0.1066 0.0000 0.0000 0.0159 0.1869 0.2406 0.3527
16       16   (0)      2  : 0.0000 0.0000 0.3485 0.0000 0.0000 0.2649 0.0000 0.3867 0.0000 0.0000
17       17   (0)      2  : 0.2489 0.0000 0.3931 0.0000 0.0000 0.0000 0.0000 0.3579 0.0000 0.0000
18       18   (0)      2  : 0.0875 0.0733 0.0000 0.2196 0.0797 0.0000 0.2689 0.0884 0.0000 0.1826
19       19   (0)      2  : 0.0000 0.2535 0.0000 0.0000 0.0000 0.0000 0.1413 0.4072 0.0000 0.1979
20       20   (0)      2  : 0.0000 0.2588 0.1582 0.1974 0.1013 0.1213 0.0000 0.1631 0.0000 0.0000
21       21   (0)      2  : 0.0000 0.3861 0.1180 0.0000 0.1503 0.0000 0.2177 0.0000 0.0000 0.1279
22       22   (0)      2  : 0.0000 0.3321 0.2313 0.0000 0.0000 0.2834 0.0000 0.0000 0.0000 0.1531
23       23   (0)      2  : 0.1672 0.0000 0.0000 0.2338 0.0000 0.2651 0.0000 0.0000 0.3338 0.0000
24       24   (0)      2  : 0.0000 0.0000 0.0000 0.0000 0.2316 0.0000 0.0000 0.0000 0.3555 0.4128
25       25   (0)      2  : 0.0000 0.1475 0.0000 0.0000 0.0802 0.0000 0.1569 0.1907 0.0000 0.4249
26       26   (0)      2  : 0.1124 0.0000 0.2210 0.0000 0.0000 0.2377 0.0630 0.0000 0.0000 0.3659
27       27   (0)      2  : 0.0000 0.3161 0.0000 0.0686 0.0657 0.0000 0.0000 0.0000 0.2912 0.2585
28       28   (0)      2  : 0.0000 0.0000 0.0685 0.1048 0.0000 0.0000 0.2354 0.0000 0.1859 0.4054
29       29   (0)      2  : 0.0000 0.0000 0.0000 0.4046 0.0000 0.0000 0.0000 0.0000 0.0000 0.5954
30       30   (0)      3  : 0.0000 0.0000 0.0000 0.0000 0.0046 0.4753 0.0000 0.0000 0.0000 0.5202
31       31   (0)      3  : 0.1575 0.1944 0.0550 0.0000 0.0464 0.1155 0.0000 0.0796 0.3516 0.0000
32       32   (0)      3  : 0.2051 0.0000 0.0000 0.3060 0.0000 0.0879 0.0000 0.0001 0.2521 0.1487
33       33   (0)      3  : 0.1038 0.0380 0.0000 0.2144 0.0000 0.0000 0.1001 0.2606 0.1362 0.1470
34       34   (0)      3  : 0.0000 0.4883 0.3541 0.0000 0.0000 0.0000 0.0000 0.0000 0.0000 0.1576
35       35   (0)      3  : 0.0000 0.0000 0.0000 0.0000 0.0000 0.5630 0.0000 0.4370 0.0000 0.0000
36       36   (0)      3  : 0.0000 0.2000 0.3652 0.3070 0.0000 0.0000 0.1278 0.0000 0.0000 0.0000
37       37   (0)      3  : 0.0000 0.0000 0.0000 0.1784 0.0000 0.0308 0.3542 0.1489 0.0001 0.2876
38       38   (0)      3  : 0.0000 0.0000 0.0000 0.0000 1.0000 0.0000 0.0000 0.0000 0.0000 0.0000
39       39   (0)      3  : 0.0513 0.0000 0.1994 0.0292 0.0000 0.1212 0.2596 0.0616 0.2775 0.0001
40       40   (0)      3  : 0.0000 0.0000 0.5860 0.0000 0.0000 0.4140 0.0000 0.0000 0.0000 0.0000
41       41   (0)      3  : 0.0000 0.0000 0.0000 0.1993 0.1514 0.0000 0.1005 0.1677 0.2669 0.1141
42       42   (0)      3  : 0.0000 1.0000 0.0000 0.0000 0.0000 0.0000 0.0000 0.0000 0.0000 0.0000
43       43   (0)      3  : 0.0000 0.0000 0.0000 0.2399 0.0000 0.2429 0.1295 0.0000 0.2624 0.1253
44       44   (0)      3  : 0.0000 0.3001 0.6999 0.0000 0.0000 0.0000 0.0000 0.0000 0.0000 0.0000
45       45   (0)      3  : 0.0000 0.0000 1.0000 0.0000 0.0000 0.0000 0.0000 0.0000 0.0000 0.0000
46       46   (0)      3  : 0.0000 0.2031 0.0000 0.0193 0.0000 0.2433 0.1731 0.3611 0.0000 0.0000
47       47   (0)      3  : 0.1779 0.2030 0.3500 0.1854 0.0000 0.0000 0.0836 0.0000 0.0000 0.0000
48       48   (0)      3  : 0.0000 0.0000 0.0000 0.3086 0.0000 0.0000 0.0000 0.6914 0.0000 0.0000
49       49   (0)      3  : 0.0000 1.0000 0.0000 0.0000 0.0000 0.0000 0.0000 0.0000 0.0000 0.0000
50       50   (0)      3  : 0.0000 0.0000 0.0000 0.0000 0.0000 0.3839 0.0000 0.0000 0.6161 0.0000
51       51   (0)      3  : 0.0827 0.3583 0.2583 0.0000 0.0000 0.0000 0.0000 0.3005 0.0002 0.0000
52       52   (0)      3  : 0.1772 0.0000 0.0000 0.1531 0.0000 0.2872 0.0000 0.0000 0.3825 0.0000
53       53   (0)      3  : 0.0176 0.0508 0.3095 0.1524 0.0000 0.0000 0.0000 0.1215 0.1914 0.1568
54       54   (0)      3  : 0.0000 0.1807 0.1881 0.0000 0.0559 0.1497 0.2380 0.0000 0.1875 0.0000
55       55   (0)      3  : 0.0000 0.3587 0.2422 0.0000 0.0000 0.0000 0.0918 0.0000 0.2592 0.0481
56       56   (0)      3  : 0.0000 0.3021 0.0000 0.0000 0.0000 0.0000 0.0000 0.0112 0.2796 0.4071
57       57   (0)      3  : 0.2509 0.1195 0.1243 0.0620 0.0527 0.0000 0.1150 0.2756 0.0000 0.0000
58       58   (0)      3  : 0.0000 0.0000 0.0000 0.0000 1.0000 0.0000 0.0000 0.0000 0.0000 0.0000
59       59   (0)      3  : 0.0000 0.0000 0.0000 0.0000 0.0000 0.0000 0.0000 0.0000 0.0000 1.0000
60       60   (0)      4  : 0.0000 0.0000 0.0000 0.0000 0.0000 0.0000 1.0000 0.0000 0.0000 0.0000
61       61   (0)      4  : 0.0000 0.0000 1.0000 0.0000 0.0000 0.0000 0.0000 0.0000 0.0000 0.0000
62       62   (0)      4  : 0.1161 0.2336 0.0000 0.0005 0.0000 0.0000 0.0014 0.6482 0.0000 0.0000
63       63   (0)      4  : 0.0511 0.0000 0.2531 0.0000 0.0000 0.0958 0.1469 0.4531 0.0000 0.0000
64       64   (0)      4  : 0.0000 0.0760 0.1722 0.0000 0.1269 0.0000 0.0000 0.2352 0.0000 0.3896
65       65   (0)      4  : 0.0000 0.0000 0.0000 0.0000 0.0000 0.0000 0.0000 0.4709 0.5291 0.0000
66       66   (0)      4  : 0.1066 0.0917 0.2744 0.0514 0.0000 0.0000 0.0000 0.2168 0.0493 0.2099
67       67   (0)      4  : 0.1095 0.3177 0.1718 0.2188 0.1338 0.0000 0.0000 0.0484 0.0000 0.0000
68       68   (0)      4  : 0.2766 0.0488 0.2641 0.1286 0.0662 0.0020 0.0000 0.1924 0.0215 0.0000
69       69   (0)      4  : 0.0000 0.2965 0.0000 0.0000 0.0000 0.2805 0.0000 0.3236 0.0000 0.0995
70       70   (0)      4  : 0.0000 0.0000 0.0000 0.3387 0.0000 0.2715 0.3898 0.0000 0.0000 0.0000
71       71   (0)      1  : 0.0000 0.4843 0.5157 0.0000 0.0000 0.0000 0.0000 0.0000 0.0000 0.0000
72       72   (0)      1  : 0.0000 0.0000 0.0000 0.0000 1.0000 0.0000 0.0000 0.0000 0.0000 0.0000
73       73   (0)      1  : 0.0000 0.0000 0.0000 0.0000 0.0000 0.0000 1.0000 0.0000 0.0000 0.0000
74       74   (0)      1  : 0.0000 0.0000 0.0000 1.0000 0.0000 0.0000 0.0000 0.0000 0.0000 0.0000
75       75   (0)      1  : 0.1861 0.0540 0.3564 0.0000 0.0000 0.1379 0.0000 0.0433 0.0001 0.2221
76       76   (0)      1  : 0.0000 0.0000 0.0000 0.0000 0.0000 0.0000 1.0000 0.0000 0.0000 0.0000
77       77   (0)      1  : 0.0000 0.0000 0.0000 0.4818 0.5182 0.0000 0.0000 0.0000 0.0000 0.0000
78       78   (0)      1  : 0.0081 0.0000 0.0000 0.2658 0.4006 0.0000 0.0000 0.0000 0.0691 0.2564
79       79   (0)      1  : 0.2879 0.0000 0.0000 0.2403 0.1568 0.0000 0.0001 0.3149 0.0000 0.0000
80       80   (0)      1  : 0.2753 0.4220 0.0000 0.3026 0.0000 0.0000 0.0000 0.0000 0.0000 0.0000
81       81   (0)      1  : 0.0000 0.0000 0.0000 0.0000 0.1153 0.1996 0.2271 0.0000 0.4580 0.0000
82       82   (0)      1  : 0.0000 0.0000 0.0000 0.0000 0.3823 0.0000 0.0000 0.0000 0.6177 0.0000
83       83   (0)      1  : 0.1533 0.1982 0.1354 0.0000 0.1726 0.0000 0.0000 0.1591 0.0000 0.1813
84       84   (0)      1  : 0.0000 0.0000 0.0000 0.0000 0.0000 0.0000 0.0000 0.0000 0.6934 0.3066
85       85   (0)      1  : 0.2705 0.1663 0.1724 0.0000 0.0000 0.0537 0.1429 0.0000 0.0000 0.1941
86       86   (0)      1  : 0.0000 0.0000 0.0000 0.3505 0.0184 0.0000 0.0000 0.3110 0.0000 0.3201
87       87   (0)      1  : 0.0000 0.0000 0.0000 0.0000 0.5354 0.0035 0.0000 0.0000 0.4611 0.0000
88       88   (0)      1  : 0.7058 0.0000 0.0000 0.0000 0.0000 0.0000 0.0000 0.0000 0.0000 0.2942
89       89   (0)      1  : 0.0978 0.0000 0.2343 0.2180 0.0044 0.2219 0.2235 0.0000 0.0000 0.0000
90       90   (0)      1  : 0.3925 0.0000 0.0000 0.0000 0.0000 0.4487 0.0000 0.0000 0.1588 0.0000
91       91   (0)      1  : 1.0000 0.0000 0.0000 0.0000 0.0000 0.0000 0.0000 0.0000 0.0000 0.0000
92       92   (0)      1  : 0.0000 0.0000 0.0000 0.0000 0.0000 0.1764 0.0000 0.2387 0.2975 0.2874
93       93   (0)      1  : 0.0000 0.0000 0.0000 0.0000 0.0000 0.0000 1.0000 0.0000 0.0000 0.0000
94       94   (0)      1  : 0.0973 0.0858 0.3837 0.0000 0.0000 0.1227 0.1103 0.2001 0.0000 0.0000
95       95   (0)      1  : 0.0000 0.4278 0.3198 0.0191 0.0000 0.0000 0.0000 0.0000 0.0000 0.2333
96       96   (0)      1  : 0.0048 0.4053 0.1620 0.0000 0.0000 0.0000 0.1931 0.1429 0.0000 0.0919
97       97   (0)      1  : 0.0000 0.0000 0.0000 0.1904 0.0000 0.3150 0.1699 0.0000 0.3247 0.0000
98       98   (0)      1  : 0.2102 0.1894 0.0000 0.3469 0.0000 0.0939 0.0426 0.0000 0.0116 0.1053
99       99   (0)      4  : 0.0000 1.0000 0.0000 0.0000 0.0000 0.0000 0.0000 0.0000 0.0000 0.0000
100      100   (0)      4  : 0.0000 1.0000 0.0000 0.0000 0.0000 0.0000 0.0000 0.0000 0.0000 0.0000
101      101   (0)      5  : 0.2290 0.0838 0.0000 0.1438 0.0000 0.0000 0.1653 0.1327 0.0000 0.2454
102      102   (0)      5  : 0.0000 0.0000 0.0000 0.0000 0.0000 1.0000 0.0000 0.0000 0.0000 0.0000
103      103   (0)      5  : 0.0000 1.0000 0.0000 0.0000 0.0000 0.0000 0.0000 0.0000 0.0000 0.0000
104      104   (0)      5  : 0.0000 0.1199 0.0000 0.0000 0.1893 0.0000 0.1149 0.1227 0.1494 0.3038
105      105   (0)      5  : 0.1489 0.0000 0.0000 0.4339 0.0004 0.0000 0.2301 0.1867 0.0000 0.0000
106      106   (0)      4  : 0.0000 0.0000 0.0000 0.0000 0.0000 0.0000 0.0000 0.0000 0.0000 1.0000
107      107   (0)      4  : 0.3893 0.0008 0.0000 0.0000 0.0000 0.0000 0.1307 0.0000 0.4793 0.0000
108      108   (0)      4  : 0.0000 0.0000 0.1518 0.0945 0.3711 0.1412 0.0539 0.0000 0.1057 0.0818
109      109   (0)      4  : 0.0000 0.0000 0.0000 0.6849 0.0000 0.0000 0.3151 0.0000 0.0000 0.0000
110      110   (0)      4  : 0.0000 0.0000 0.0000 0.0000 0.0000 0.0000 0.0000 0.0000 0.0000 1.0000
111      111   (0)      5  : 0.1756 0.0000 0.1762 0.2026 0.1211 0.0000 0.0000 0.0000 0.0000 0.3245
112      112   (0)      5  : 0.0000 0.0000 0.0000 0.0000 0.0000 0.0000 0.0000 1.0000 0.0000 0.0000
113      113   (0)      5  : 0.0714 0.0002 0.1866 0.1815 0.0766 0.0865 0.1020 0.0884 0.2068 0.0000
114      114   (0)      5  : 0.0000 0.0000 0.0000 0.3264 0.0000 0.0000 0.0000 0.0000 0.0000 0.6736
115      115   (0)      5  : 0.0000 0.0000 0.0000 0.0000 0.0000 1.0000 0.0000 0.0000 0.0000 0.0000
116      116   (0)      5  : 0.1186 0.0000 0.0000 0.0769 0.0000 0.0578 0.1517 0.0000 0.2856 0.3093
117      117   (0)      4  : 0.0000 0.0000 0.0000 0.0000 0.0000 0.0000 0.0000 0.4837 0.5163 0.0000
118      118   (0)      4  : 0.0000 0.0014 0.3418 0.0000 0.3085 0.0000 0.1426 0.0000 0.0000 0.2056
119      119   (0)      4  : 0.0562 0.2261 0.1197 0.0000 0.0869 0.0000 0.0771 0.0000 0.2792 0.1548
120      120   (0)      4  : 0.0000 0.5621 0.0000 0.0000 0.4379 0.0000 0.0000 0.0000 0.0000 0.0000
121      121   (0)      4  : 0.2662 0.1637 0.0000 0.0000 0.0000 0.0808 0.1581 0.0000 0.2238 0.1076
122      122   (0)      4  : 0.0000 0.0000 0.0000 0.0000 0.0000 0.0000 0.0000 1.0000 0.0000 0.0000
123      123   (0)      4  : 0.0000 0.0000 0.0000 0.5960 0.4040 0.0000 0.0000 0.0000 0.0000 0.0000
124      124   (0)      4  : 0.0000 0.0000 0.0000 0.0000 0.0000 0.0000 0.0000 1.0000 0.0000 0.0000
125      125   (0)      5  : 0.2046 0.1234 0.0000 0.0000 0.0000 0.0000 0.0000 0.0848 0.2895 0.2977
126      126   (0)      5  : 0.0461 0.0000 0.0000 0.2130 0.3017 0.0000 0.0000 0.0267 0.4125 0.0000
127      127   (0)      5  : 0.0000 0.0000 0.0000 0.0000 1.0000 0.0000 0.0000 0.0000 0.0000 0.0000
128      128   (0)      5  : 0.3485 0.0489 0.0637 0.0451 0.0583 0.0000 0.0000 0.2055 0.0000 0.2299
129      129   (0)      5  : 0.0000 0.0000 0.0000 1.0000 0.0000 0.0000 0.0000 0.0000 0.0000 0.0000
130      130   (0)      5  : 0.0000 0.0000 0.1929 0.0000 0.0523 0.3591 0.0000 0.2292 0.1666 0.0000
131      131   (0)      5  : 0.0000 0.0000 0.5736 0.0000 0.0000 0.0000 0.4264 0.0000 0.0000 0.0000
132      132   (0)      5  : 0.0000 0.0000 0.3416 0.0000 0.0000 0.0000 0.0000 0.3780 0.0000 0.2804
133      133   (0)      5  : 0.0003 0.0000 0.0000 0.0000 0.1198 0.1385 0.1617 0.1778 0.0855 0.3164
134      134   (0)      5  : 0.0000 0.0000 1.0000 0.0000 0.0000 0.0000 0.0000 0.0000 0.0000 0.0000
135      135   (0)      5  : 0.0000 0.2404 0.0000 0.0033 0.1021 0.1806 0.1598 0.0000 0.0791 0.2346
136      136   (0)      5  : 0.1453 0.0000 0.0000 0.0000 0.2662 0.2518 0.0645 0.0000 0.0000 0.2721
137      137   (0)      5  : 0.0000 0.0000 0.0000 0.0000 0.0000 0.0000 0.0000 0.0000 1.0000 0.0000
138      138   (0)      5  : 0.0000 0.0000 0.0000 0.0000 0.0000 1.0000 0.0000 0.0000 0.0000 0.0000
139      139   (0)      5  : 0.0000 0.0000 0.0000 0.2488 0.2152 0.1507 0.2230 0.0000 0.0000 0.1623
140      140   (0)      5  : 0.0000 0.0000 0.0000 0.0000 0.0000 1.0000 0.0000 0.0000 0.0000 0.0000
141      141   (0)      5  : 0.0000 0.1910 0.0000 0.0751 0.1268 0.2165 0.0000 0.0000 0.1952 0.1953
142      142   (0)      5  : 0.0207 0.1196 0.2219 0.0000 0.2188 0.2287 0.0000 0.0109 0.0000 0.1794
143      143   (0)      5  : 0.0000 0.0000 0.3542 0.0000 0.0000 0.1471 0.0000 0.0000 0.4987 0.0000
144      144   (0)      6  : 0.0000 0.0000 0.4378 0.0000 0.5622 0.0000 0.0000 0.0000 0.0000 0.0000
145      145   (0)      6  : 0.0000 0.0000 0.0000 0.0000 0.1880 0.0907 0.0000 0.1895 0.2592 0.2726
146      146   (0)      6  : 0.1727 0.0000 0.0000 0.2947 0.0000 0.0000 0.0000 0.3604 0.0000 0.1722
147      147   (0)      6  : 0.0572 0.0000 0.0000 0.3620 0.0000 0.2920 0.0000 0.2846 0.0000 0.0042
148      148   (0)      6  : 0.0000 0.0000 0.0000 0.0000 0.0000 0.0000 0.0000 0.0000 1.0000 0.0000
149      149   (0)      6  : 0.0000 1.0000 0.0000 0.0000 0.0000 0.0000 0.0000 0.0000 0.0000 0.0000
150      150   (0)      6  : 0.0000 0.0000 0.0000 0.0000 0.0000 0.6731 0.0000 0.3269 0.0000 0.0000
151      151   (0)      6  : 0.0000 0.0000 1.0000 0.0000 0.0000 0.0000 0.0000 0.0000 0.0000 0.0000
152      152   (0)      6  : 0.2776 0.3449 0.0272 0.0000 0.0000 0.0000 0.1413 0.0424 0.1666 0.0000
153      153   (0)      6  : 0.0000 0.0000 0.0000 0.0000 0.0000 0.0000 0.0000 0.0000 0.0000 1.0000
154      154   (0)      6  : 0.1012 0.0000 0.1476 0.0830 0.0405 0.0807 0.0594 0.2847 0.2029 0.0000
155      155   (0)      6  : 0.0000 0.0000 0.0000 0.0000 0.5321 0.4301 0.0378 0.0000 0.0000 0.0000
156      156   (0)      6  : 0.0549 0.1443 0.0000 0.1201 0.2897 0.0000 0.0000 0.0000 0.1029 0.2882
157      157   (0)      6  : 0.2311 0.0000 0.2021 0.3366 0.0000 0.0000 0.0000 0.2112 0.0000 0.0191
158      158   (0)      6  : 0.0000 0.0000 0.0000 1.0000 0.0000 0.0000 0.0000 0.0000 0.0000 0.0000
159      159   (0)      6  : 0.1119 0.2009 0.1266 0.0000 0.0000 0.0455 0.0399 0.2382 0.2315 0.0055
160      160   (0)      6  : 1.0000 0.0000 0.0000 0.0000 0.0000 0.0000 0.0000 0.0000 0.0000 0.0000
161      161   (0)      6  : 0.0000 0.2415 0.0000 0.0000 0.2200 0.0026 0.1001 0.0168 0.1208 0.2982
162      162   (0)      6  : 0.0000 0.0000 0.0648 0.1729 0.0000 0.1344 0.0000 0.0000 0.4690 0.1590
163      163   (0)      6  : 0.4140 0.0000 0.0205 0.0000 0.4309 0.1347 0.0000 0.0000 0.0000 0.0000
164      164   (0)      6  : 0.0000 0.1374 0.0000 0.2609 0.1497 0.0739 0.0000 0.0000 0.0000 0.3782
165      165   (0)      6  : 0.2880 0.1402 0.1496 0.0677 0.0000 0.0990 0.1377 0.0000 0.0001 0.1178
166      166   (0)      6  : 0.1206 0.2949 0.2038 0.0617 0.0000 0.0000 0.0635 0.0626 0.1166 0.0764
167      167   (0)      6  : 0.1565 0.0000 0.2988 0.0599 0.2076 0.0000 0.0000 0.1310 0.0724 0.0738
168      168   (0)      6  : 0.0000 0.0000 0.0000 0.0000 0.0000 0.0000 0.0000 0.6468 0.0000 0.3532
169      169   (0)      6  : 0.2561 0.0000 0.0000 0.0000 0.4125 0.0000 0.0000 0.0000 0.3313 0.0000
170      170   (0)      6  : 0.0000 0.5291 0.0000 0.0000 0.0650 0.0000 0.2533 0.0000 0.0000 0.1526
171      171   (0)      6  : 0.5411 0.0000 0.0000 0.0000 0.4589 0.0000 0.0000 0.0000 0.0000 0.0000
172      172   (0)      4  : 0.0000 0.0000 0.0000 0.0000 0.0000 1.0000 0.0000 0.0000 0.0000 0.0000
173      173   (0)      4  : 0.0000 0.0000 0.0000 0.0000 0.0000 0.0000 1.0000 0.0000 0.0000 0.0000
174      174   (0)      7  : 0.0000 0.0000 0.0000 0.0000 0.0000 0.0000 0.0000 0.0000 0.5133 0.4867
175      175   (0)      7  : 1.0000 0.0000 0.0000 0.0000 0.0000 0.0000 0.0000 0.0000 0.0000 0.0000
176      176   (0)      7  : 0.2588 0.0000 0.0000 0.0000 0.0675 0.2103 0.2010 0.1068 0.1556 0.0000
177      177   (0)      7  : 0.0002 0.0927 0.2439 0.0838 0.0326 0.0482 0.1139 0.0777 0.0307 0.2764
178      178   (0)      7  : 1.0000 0.0000 0.0000 0.0000 0.0000 0.0000 0.0000 0.0000 0.0000 0.0000
179      179   (0)      7  : 0.0000 0.2183 0.0000 0.0000 0.0878 0.3193 0.2043 0.1703 0.0000 0.0000
180      180   (0)      7  : 0.0000 0.0000 0.2514 0.0000 0.0000 0.1032 0.1742 0.1999 0.2262 0.0451
181      181   (0)      7  : 0.0000 0.0000 0.0000 0.0000 1.0000 0.0000 0.0000 0.0000 0.0000 0.0000
182      182   (0)      7  : 0.2265 0.0000 0.1405 0.1150 0.0616 0.0413 0.1279 0.0000 0.2843 0.0029
183      183   (0)      7  : 0.1440 0.0000 0.0000 0.0000 0.2222 0.1314 0.0611 0.0008 0.2276 0.2129
184      184   (0)      7  : 0.2508 0.0000 0.2286 0.0000 0.0133 0.0000 0.0000 0.3099 0.1974 0.0000
185      185   (0)      7  : 0.3843 0.0000 0.0000 0.6157 0.0000 0.0000 0.0000 0.0000 0.0000 0.0000
186      186   (0)      7  : 0.2278 0.2278 0.0000 0.0000 0.0000 0.0000 0.2736 0.1501 0.1207 0.0000
187      187   (0)      7  : 0.2023 0.0000 0.0250 0.0000 0.0000 0.2065 0.2374 0.0000 0.0774 0.2513
188      188   (0)      7  : 0.0000 0.0000 0.0000 0.0000 0.0000 0.0000 0.0000 0.0000 1.0000 0.0000
189      189   (0)      7  : 0.0000 0.2105 0.2183 0.1012 0.0295 0.0000 0.0000 0.4405 0.0000 0.0000
190      190   (0)      7  : 0.1465 0.2333 0.0000 0.0000 0.2258 0.0000 0.0000 0.0350 0.0000 0.3594
191      191   (0)      7  : 0.0000 0.0820 0.0413 0.0000 0.1013 0.2197 0.1810 0.1891 0.1857 0.0000
192      192   (0)      7  : 0.1162 0.3791 0.0000 0.0000 0.0000 0.2750 0.0000 0.0000 0.0000 0.2298
193      193   (0)      7  : 0.0000 0.0000 0.4462 0.0079 0.1906 0.0000 0.0000 0.3554 0.0000 0.0000
194      194   (0)      7  : 0.0000 0.0000 1.0000 0.0000 0.0000 0.0000 0.0000 0.0000 0.0000 0.0000
195      195   (0)      7  : 0.2566 0.0000 0.0515 0.1079 0.1311 0.0000 0.0000 0.2474 0.2055 0.0000
196      196   (0)      7  : 0.5994 0.4006 0.0000 0.0000 0.0000 0.0000 0.0000 0.0000 0.0000 0.0000
197      197   (0)      7  : 0.0000 0.0000 0.0000 0.0000 0.0000 0.0000 0.0000 1.0000 0.0000 0.0000
198      198   (0)      7  : 0.0000 0.0000 0.0000 1.0000 0.0000 0.0000 0.0000 0.0000 0.0000 0.0000
199      199   (0)      7  : 0.0014 0.0000 0.3615 0.0000 0.1910 0.2295 0.0000 0.0344 0.1822 0.0000
200      200   (0)      7  : 0.0000 0.0000 0.3951 0.0000 0.0000 0.0000 0.2856 0.0000 0.3194 0.0000
201      201   (0)      7  : 0.0000 0.0000 1.0000 0.0000 0.0000 0.0000 0.0000 0.0000 0.0000 0.0000
202      202   (0)      7  : 0.0000 0.0000 0.0000 0.0000 0.0000 0.0000 1.0000 0.0000 0.0000 0.0000
203      203   (0)      7  : 0.0000 0.0000 0.0000 0.0000 0.0000 0.0000 0.0000 0.0000 1.0000 0.0000
