1        1   (0)      1  : 0.7759 0.0000 0.0675 0.1566
2        2   (0)      1  : 0.8495 0.0000 0.0685 0.0820
3        3   (0)      1  : 0.0000 0.0000 1.0000 0.0000
4        4   (0)      1  : 0.8273 0.0000 0.0368 0.1360
5        5   (0)      1  : 0.7708 0.0000 0.0000 0.2292
6        6   (0)      1  : 0.7063 0.0000 0.2082 0.0854
7        7   (0)      1  : 0.8752 0.0000 0.0000 0.1248
8        8   (0)      1  : 0.8758 0.0000 0.0000 0.1242
9        9   (0)      1  : 0.0000 0.0000 1.0000 0.0000
10       10   (0)      1  : 0.7787 0.0000 0.0668 0.1545
11       11   (0)      1  : 0.8395 0.0000 0.0000 0.1605
12       12   (0)      1  : 0.8834 0.0000 0.0000 0.1166
13       13   (0)      1  : 0.9344 0.0000 0.0310 0.0345
14       14   (0)      1  : 0.8053 0.0000 0.0000 0.1947
15       15   (0)      2  : 0.8794 0.0000 0.0000 0.1206
16       16   (0)      2  : 0.0000 0.9896 0.0000 0.0104
17       17   (0)      2  : 0.0000 0.9670 0.0000 0.0330
18       18   (0)      2  : 0.0000 0.9660 0.0000 0.0340
19       19   (0)      2  : 0.0000 0.9780 0.0000 0.0220
20       20   (0)      2  : 0.0016 0.9582 0.0000 0.0403
21       21   (0)      2  : 0.0000 0.9843 0.0000 0.0157
22       22   (0)      2  : 0.0000 0.9502 0.0000 0.0498
23       23   (0)      1  : 0.7849 0.0154 0.0034 0.1963
24       24   (0)      1  : 0.7122 0.0230 0.0394 0.2254
25       25   (0)      1  : 0.0000 0.0000 1.0000 0.0000
26       26   (0)      1  : 0.9167 0.0000 0.0052 0.0781
27       27   (0)      2  : 0.0000 0.7778 0.0000 0.2222
28       28   (0)      2  : 0.0000 1.0000 0.0000 0.0000
29       29   (0)      2  : 0.0000 0.9591 0.0000 0.0409
30       30   (0)      2  : 0.0000 1.0000 0.0000 0.0000
31       31   (0)      2  : 0.0261 0.9400 0.0000 0.0340
32       32   (0)      2  : 0.0000 0.8244 0.1392 0.0364
33       33   (0)      2  : 0.0000 0.9767 0.0000 0.0233
34       34   (0)      1  : 0.6018 0.0000 0.0082 0.3900
35       35   (0)      2  : 0.0000 0.9955 0.0000 0.0045
36       36   (0)      2  : 0.0000 0.9976 0.0000 0.0024
37       37   (0)      2  : 0.0000 0.9530 0.0000 0.0470
38       38   (0)      2  : 0.0000 0.9626 0.0000 0.0374
39       39   (0)      2  : 0.8275 0.0000 0.0023 0.1702
40       40   (0)      2  : 0.7419 0.0000 0.0000 0.2581
41       41   (0)      2  : 0.7059 0.0000 0.0000 0.2941
42       42   (0)      2  : 0.8778 0.0000 0.0032 0.1190
43       43   (0)      2  : 0.7981 0.0000 0.0006 0.2014
44       44   (0)      2  : 0.0000 1.0000 0.0000 0.0000
45       45   (0)      2  : 0.0161 0.9358 0.0000 0.0481
46       46   (0)      2  : 0.0000 1.0000 0.0000 0.0000
47       47   (0)      2  : 0.5899 0.0000 0.0007 0.4095
48       48   (0)      2  : 0.0000 0.9902 0.0000 0.0098
49       49   (0)      1  : 0.8382 0.0000 0.0123 0.1495
50       50   (0)      1  : 0.7676 0.0000 0.0000 0.2324
51       51   (0)      1  : 0.6968 0.0000 0.0000 0.3032
52       52   (0)      1  : 0.7789 0.0000 0.0000 0.2211
53       53   (0)      1  : 0.5818 0.0000 0.0496 0.3685
54       54   (0)      1  : 0.8659 0.0000 0.0217 0.1124
55       55   (0)      1  : 0.8963 0.0000 0.0068 0.0968
56       56   (0)      3  : 0.0000 0.9562 0.0000 0.0438
57       57   (0)      3  : 0.0000 0.9891 0.0000 0.0109
58       58   (0)      3  : 0.0000 1.0000 0.0000 0.0000
59       59   (0)      3  : 0.0000 0.9798 0.0000 0.0202
60       60   (0)      3  : 0.0000 0.9619 0.0000 0.0381
61       61   (0)      3  : 0.0000 0.9910 0.0090 0.0000
62       62   (0)      3  : 0.0000 1.0000 0.0000 0.0000
63       63   (0)      4  : 0.0000 0.0000 1.0000 0.0000
64       64   (0)      4  : 0.8343 0.0000 0.0000 0.1657
65       65   (0)      4  : 0.5696 0.0000 0.0266 0.4037
66       66   (0)      3  : 0.0000 1.0000 0.0000 0.0000
67       67   (0)      3  : 0.0000 0.9829 0.0000 0.0171
68       68   (0)      3  : 0.0000 0.7778 0.0000 0.2222
69       69   (0)      3  : 0.0000 0.9583 0.0000 0.0417
70       70   (0)      3  : 0.0000 1.0000 0.0000 0.0000
71       71   (0)      3  : 0.0000 0.9567 0.0000 0.0433
72       72   (0)      4  : 0.9011 0.0033 0.0333 0.0624
73       73   (0)      4  : 0.7859 0.0609 0.0000 0.1532
74       74   (0)      4  : 0.8812 0.0000 0.0000 0.1188
75       75   (0)      4  : 0.7260 0.0000 0.0246 0.2494
76       76   (0)      4  : 0.7634 0.0000 0.0391 0.1975
77       77   (0)      4  : 0.7312 0.0000 0.0000 0.2688
78       78   (0)      4  : 0.8354 0.0000 0.0000 0.1646
79       79   (0)      3  : 0.7457 0.0000 0.0000 0.2543
80       80   (0)      3  : 0.0000 0.9990 0.0000 0.0010
81       81   (0)      3  : 0.0000 0.9876 0.0124 0.0000
82       82   (0)      3  : 0.0000 0.9760 0.0000 0.0240
83       83   (0)      3  : 0.8049 0.0000 0.0000 0.1950
84       84   (0)      3  : 0.3333 0.0000 0.0000 0.6667
85       85   (0)      3  : 0.0000 1.0000 0.0000 0.0000
86       86   (0)      3  : 0.0000 1.0000 0.0000 0.0000
87       87   (0)      3  : 0.0190 0.9231 0.0000 0.0579
88       88   (0)      3  : 0.0000 1.0000 0.0000 0.0000
89       89   (0)      4  : 0.7687 0.0375 0.0496 0.1442
90       90   (0)      3  : 0.0000 1.0000 0.0000 0.0000
91       91   (0)      3  : 0.0000 0.9929 0.0000 0.0071
92       92   (0)      3  : 0.0000 0.9451 0.0000 0.0549
93       93   (0)      3  : 0.0000 0.9612 0.0000 0.0388
94       94   (0)      3  : 0.0989 0.8111 0.0000 0.0900
95       95   (0)      4  : 0.7292 0.1161 0.0169 0.1378
96       96   (0)      4  : 0.8499 0.0000 0.0000 0.1501
97       97   (0)      4  : 0.8193 0.0000 0.0000 0.1807
98       98   (0)      4  : 0.6371 0.0367 0.0524 0.2738
99       99   (0)      4  : 0.7357 0.0000 0.0533 0.2110
100      100   (0)      4  : 0.7407 0.0000 0.0170 0.2423
101      101   (0)      4  : 0.8328 0.0000 0.0000 0.1672
102      102   (0)      4  : 0.7893 0.0000 0.0000 0.2107
103      103   (0)      4  : 0.0000 0.0000 1.0000 0.0000
104      104   (0)      4  : 0.9472 0.0000 0.0527 0.0000
105      105   (0)      4  : 0.8263 0.0000 0.0193 0.1545
106      106   (0)      4  : 0.6236 0.0194 0.0222 0.3348
107      107   (0)      4  : 0.7434 0.0000 0.0580 0.1986
108      108   (0)      4  : 0.3319 0.0000 0.0014 0.6667
109      109   (0)      4  : 0.8864 0.0000 0.0025 0.1111
110      110   (0)      4  : 0.6985 0.0000 0.1040 0.1975
111      111   (0)      4  : 0.0000 0.0000 1.0000 0.0000
112      112   (0)      4  : 0.0000 0.0000 1.0000 0.0000
113      113   (0)      4  : 0.0000 0.9984 0.0000 0.0016
114      114   (0)      4  : 0.9268 0.0000 0.0042 0.0691
115      115   (0)      4  : 0.9270 0.0000 0.0000 0.0730
116      116   (0)      4  : 0.9056 0.0000 0.0013 0.0931
