1        1   (0)      1  : 0.0000 0.0000 0.0000 0.0000 0.1099 0.0680 0.2877 0.3144 0.0747 0.1453
2        2   (0)      1  : 0.0000 0.0000 0.2423 0.0000 0.0000 0.3587 0.3990 0.0000 0.0000 0.0000
3        3   (0)      1  : 0.0000 0.0000 0.0000 0.0000 0.0000 0.0000 1.0000 0.0000 0.0000 0.0000
4        4   (0)      1  : 0.0000 0.0000 1.0000 0.0000 0.0000 0.0000 0.0000 0.0000 0.0000 0.0000
5        5   (0)      1  : 0.0000 0.1319 0.0000 0.5134 0.0000 0.0000 0.0000 0.0000 0.0000 0.3548
6        6   (0)      1  : 0.0000 0.0000 0.0000 0.0000 0.0000 0.0000 0.0000 0.0000 1.0000 0.0000
7        7   (0)      1  : 0.0000 0.3362 0.2914 0.0000 0.0000 0.2535 0.0107 0.0000 0.0000 0.1082
8        8   (0)      1  : 0.0000 0.0000 0.0000 0.0000 0.4840 0.0000 0.5160 0.0000 0.0000 0.0000
9        9   (0)      1  : 0.0000 0.6041 0.0000 0.3945 0.0000 0.0000 0.0000 0.0013 0.0000 0.0000
10       10   (0)      1  : 0.0964 0.3467 0.5569 0.0000 0.0000 0.0000 0.0000 0.0000 0.0000 0.0000
11       11   (0)      1  : 0.0000 1.0000 0.0000 0.0000 0.0000 0.0000 0.0000 0.0000 0.0000 0.0000
12       12   (0)      1  : 0.0000 0.4522 0.4768 0.0000 0.0000 0.0000 0.0000 0.0000 0.0000 0.0710
13       13   (0)      2  : 0.1622 0.0000 0.0000 0.0000 0.0000 0.0000 0.1638 0.4623 0.2117 0.0000
14       14   (0)      2  : 0.0000 1.0000 0.0000 0.0000 0.0000 0.0000 0.0000 0.0000 0.0000 0.0000
15       15   (0)      2  : 0.0000 0.6740 0.0000 0.0028 0.0000 0.0000 0.0000 0.3233 0.0000 0.0000
16       16   (0)      2  : 0.0000 0.0000 0.0000 0.0000 0.0000 0.0000 0.0000 1.0000 0.0000 0.0000
17       17   (0)      2  : 0.0000 0.5935 0.0000 0.0000 0.0000 0.4065 0.0000 0.0000 0.0000 0.0000
18       18   (0)      2  : 0.0000 1.0000 0.0000 0.0000 0.0000 0.0000 0.0000 0.0000 0.0000 0.0000
19       19   (0)      2  : 0.0000 0.4295 0.0000 0.0000 0.0000 0.0000 0.1039 0.4665 0.0000 0.0000
20       20   (0)      2  : 0.0000 0.0000 0.0035 0.0000 0.4290 0.0000 0.4039 0.1635 0.0000 0.0000
21       21   (0)      2  : 0.6164 0.0000 0.0000 0.0032 0.0000 0.3804 0.0000 0.0000 0.0000 0.0000
22       22   (0)      2  : 0.0000 0.3133 0.0000 0.0000 0.0170 0.1980 0.0000 0.1450 0.1650 0.1617
23       23   (0)      2  : 0.0000 0.3042 0.0000 0.1560 0.0000 0.0000 0.0000 0.3843 0.1521 0.0034
24       24   (0)      2  : 0.0000 0.0000 0.0000 0.0000 0.0000 1.0000 0.0000 0.0000 0.0000 0.0000
25       25   (0)      2  : 0.0000 0.4586 0.0000 0.0000 0.0000 0.5414 0.0000 0.0000 0.0000 0.0000
26       26   (0)      2  : 0.0000 0.2334 0.0000 0.0000 0.7552 0.0000 0.0000 0.0000 0.0114 0.0000
27       27   (0)      2  : 0.0923 0.0000 0.0000 0.1843 0.0545 0.1853 0.2374 0.1555 0.0000 0.0909
28       28   (0)      2  : 0.0000 0.8996 0.1004 0.0000 0.0000 0.0000 0.0000 0.0000 0.0000 0.0000
29       29   (0)      2  : 0.0000 0.0000 0.0000 0.3600 0.2644 0.0000 0.0000 0.0000 0.0000 0.3756
30       30   (0)      2  : 0.0000 0.1846 0.0638 0.1751 0.0000 0.0000 0.0000 0.3677 0.0000 0.2088
31       31   (0)      2  : 0.0000 0.0000 0.0000 0.0000 0.0000 0.0000 0.0000 0.0000 0.0000 1.0000
32       32   (0)      2  : 0.0000 0.2658 0.7342 0.0000 0.0000 0.0000 0.0000 0.0000 0.0000 0.0000
33       33   (0)      2  : 0.0000 0.0000 0.0000 0.0000 0.0000 0.0000 0.0000 1.0000 0.0000 0.0000
34       34   (0)      3  : 0.0000 0.0000 0.0000 0.0000 0.0000 0.0000 1.0000 0.0000 0.0000 0.0000
35       35   (0)      3  : 0.0000 0.0000 0.0000 1.0000 0.0000 0.0000 0.0000 0.0000 0.0000 0.0000
36       36   (0)      3  : 0.0000 0.0140 0.1766 0.0000 0.0000 0.2370 0.3666 0.0000 0.0706 0.1352
37       37   (0)      3  : 0.0000 0.0000 0.0000 0.0000 0.6623 0.0000 0.0000 0.0000 0.3377 0.0000
38       38   (0)      3  : 0.0000 0.0000 0.0000 0.0000 1.0000 0.0000 0.0000 0.0000 0.0000 0.0000
39       39   (0)      3  : 0.4606 0.0000 0.0000 0.0000 0.3471 0.0000 0.0000 0.0000 0.1923 0.0000
40       40   (0)      3  : 0.3953 0.0000 0.0000 0.0000 0.0000 0.3628 0.0000 0.0000 0.2419 0.0000
41       41   (0)      3  : 0.0000 0.0000 0.4094 0.0015 0.0000 0.1645 0.2587 0.1660 0.0000 0.0000
42       42   (0)      3  : 0.0000 0.0000 0.0000 0.4255 0.0000 0.0000 0.3022 0.2723 0.0000 0.0000
43       43   (0)      3  : 0.0000 0.0000 0.0000 0.5185 0.0000 0.4815 0.0000 0.0000 0.0000 0.0000
44       44   (0)      3  : 0.0880 0.0000 0.0000 0.3595 0.2872 0.1330 0.0000 0.0529 0.0795 0.0000
45       45   (0)      3  : 0.0000 0.0000 0.0000 0.0000 0.0000 1.0000 0.0000 0.0000 0.0000 0.0000
46       46   (0)      3  : 0.3859 0.0000 0.4443 0.0000 0.1698 0.0000 0.0000 0.0000 0.0000 0.0000
47       47   (0)      3  : 0.0000 0.0000 0.0046 0.1581 0.0000 0.1896 0.1433 0.2473 0.2570 0.0000
48       48   (0)      3  : 0.0000 0.0000 0.0000 0.0000 0.0000 0.0000 0.0000 0.0000 1.0000 0.0000
49       49   (0)      3  : 0.0000 0.0000 1.0000 0.0000 0.0000 0.0000 0.0000 0.0000 0.0000 0.0000
50       50   (0)      3  : 0.0000 0.0000 0.0000 0.0000 0.0000 0.5194 0.0000 0.0000 0.4806 0.0000
51       51   (0)      3  : 0.0000 0.0000 0.5720 0.0000 0.0000 0.0000 0.0000 0.0317 0.3963 0.0000
52       52   (0)      3  : 0.0000 0.2616 0.0000 0.0000 0.3292 0.4092 0.0000 0.0000 0.0000 0.0000
53       53   (0)      3  : 0.0000 0.0000 0.0000 0.6322 0.0000 0.0000 0.0000 0.1234 0.2444 0.0000
54       54   (0)      3  : 1.0000 0.0000 0.0000 0.0000 0.0000 0.0000 0.0000 0.0000 0.0000 0.0000
55       55   (0)      3  : 0.0000 0.1222 0.0000 0.0001 0.4875 0.0000 0.1823 0.0000 0.2080 0.0000
56       56   (0)      3  : 1.0000 0.0000 0.0000 0.0000 0.0000 0.0000 0.0000 0.0000 0.0000 0.0000
57       57   (0)      3  : 0.0000 0.0000 0.5025 0.0000 0.0000 0.0000 0.0000 0.0000 0.4975 0.0000
58       58   (0)      3  : 0.4295 0.0000 0.0000 0.0000 0.0000 0.2790 0.2915 0.0000 0.0000 0.0000
59       59   (0)      3  : 0.0000 0.0000 0.0000 0.0000 0.0000 0.0000 0.0000 0.0000 1.0000 0.0000
60       60   (0)      4  : 0.0000 0.0000 0.0011 0.0000 0.3499 0.0000 0.0000 0.6490 0.0000 0.0000
61       61   (0)      4  : 0.0000 0.0000 0.0000 0.0000 0.0000 0.2128 0.0000 0.7872 0.0000 0.0000
62       62   (0)      4  : 0.2189 0.0000 0.0000 0.0000 0.0000 0.2033 0.0000 0.2131 0.3647 0.0000
63       63   (0)      4  : 0.0000 0.0000 0.0000 0.3604 0.3386 0.0000 0.0000 0.0000 0.0000 0.3011
64       64   (0)      4  : 0.1741 0.0932 0.1289 0.2984 0.0000 0.2550 0.0000 0.0503 0.0000 0.0000
65       65   (0)      4  : 0.0000 0.0000 0.0000 0.0000 0.0000 0.0000 0.0000 0.0000 1.0000 0.0000
66       66   (0)      4  : 0.1390 0.0000 0.2685 0.1146 0.0000 0.0769 0.0000 0.0563 0.3447 0.0000
67       67   (0)      4  : 0.1382 0.2671 0.2319 0.0000 0.1220 0.2407 0.0000 0.0000 0.0000 0.0000
68       68   (0)      4  : 0.0000 0.0000 0.0000 0.0000 0.4513 0.0000 0.0000 0.0000 0.0000 0.5487
69       69   (0)      4  : 0.0000 0.0000 0.0000 0.0000 0.0000 0.0000 0.0000 0.0000 0.0000 1.0000
70       70   (0)      4  : 0.1590 0.2919 0.0000 0.0000 0.0000 0.1586 0.0753 0.3152 0.0000 0.0000
71       71   (0)      4  : 0.1789 0.0000 0.0000 0.0000 0.0000 0.0861 0.1528 0.0000 0.3503 0.2321
72       72   (0)      4  : 0.0000 0.6062 0.0000 0.0000 0.0000 0.3938 0.0000 0.0000 0.0000 0.0000
73       73   (0)      4  : 0.0000 0.0103 0.0000 0.3132 0.3021 0.1830 0.1122 0.0000 0.0792 0.0000
74       74   (0)      4  : 0.0000 0.0000 0.0000 0.5506 0.0000 0.0000 0.4494 0.0000 0.0000 0.0000
75       75   (0)      4  : 0.0000 0.0000 0.0000 1.0000 0.0000 0.0000 0.0000 0.0000 0.0000 0.0000
76       76   (0)      4  : 0.0000 0.0000 0.0000 0.2958 0.0000 0.1779 0.1230 0.0000 0.0000 0.4033
77       77   (0)      4  : 0.2144 0.0646 0.0000 0.3392 0.0000 0.0000 0.0000 0.0000 0.0000 0.3818
78       78   (0)      4  : 0.3954 0.0000 0.0000 0.0000 0.0000 0.0000 0.6046 0.0000 0.0000 0.0000
79       79   (0)      4  : 0.0000 0.0000 0.0000 0.3384 0.0000 0.0000 0.6616 0.0000 0.0000 0.0000
80       80   (0)      4  : 0.0000 0.0000 0.3024 0.0921 0.0000 0.2028 0.0000 0.0000 0.1154 0.2874
81       81   (0)      4  : 0.0000 0.3713 0.0183 0.0697 0.0346 0.0000 0.1001 0.2945 0.1114 0.0000
82       82   (0)      4  : 0.0000 0.0000 0.0000 0.0000 0.0000 0.0000 1.0000 0.0000 0.0000 0.0000
83       83   (0)      4  : 0.0647 0.0000 0.4093 0.0000 0.0000 0.0000 0.2862 0.0000 0.2399 0.0000
84       84   (0)      4  : 0.0000 0.0716 0.3256 0.0000 0.1547 0.1483 0.0000 0.0037 0.2961 0.0000
85       85   (0)      4  : 0.0000 0.5921 0.1609 0.1332 0.0000 0.1138 0.0000 0.0000 0.0000 0.0000
86       86   (0)      5  : 0.3324 0.1049 0.1673 0.0000 0.1360 0.0000 0.2513 0.0000 0.0000 0.0081
87       87   (0)      5  : 0.0000 0.0351 0.0000 0.9649 0.0000 0.0000 0.0000 0.0000 0.0000 0.0000
88       88   (0)      5  : 0.0000 0.0000 0.0000 0.0000 1.0000 0.0000 0.0000 0.0000 0.0000 0.0000
89       89   (0)      5  : 0.0000 0.0000 0.0000 0.0000 0.2829 0.0000 0.3466 0.0000 0.0000 0.3705
90       90   (0)      5  : 0.0407 0.0002 0.6384 0.0000 0.0000 0.0000 0.3191 0.0016 0.0000 0.0000
91       91   (0)      5  : 0.5380 0.0000 0.0000 0.0000 0.3729 0.0000 0.0000 0.0891 0.0000 0.0000
92       92   (0)      5  : 0.0000 0.0000 0.5265 0.4735 0.0000 0.0000 0.0000 0.0000 0.0000 0.0000
93       93   (0)      5  : 0.0000 0.0000 0.4811 0.0000 0.5189 0.0000 0.0000 0.0000 0.0000 0.0000
94       94   (0)      5  : 0.2903 0.0000 0.2604 0.0821 0.0000 0.1290 0.0000 0.0833 0.1415 0.0133
95       95   (0)      5  : 0.0726 0.3880 0.0000 0.0000 0.3342 0.0000 0.0000 0.0825 0.0000 0.1228
96       96   (0)      5  : 0.4005 0.0000 0.0859 0.0000 0.0000 0.3202 0.1240 0.0000 0.0000 0.0694
97       97   (0)      5  : 0.0000 0.1907 0.4060 0.0000 0.0000 0.0000 0.0000 0.0000 0.0000 0.4034
98       98   (0)      5  : 0.0000 0.0000 0.0000 0.0000 0.0000 0.2894 0.5378 0.1727 0.0000 0.0000
99       99   (0)      5  : 0.0000 0.0000 0.0000 0.0000 0.0000 1.0000 0.0000 0.0000 0.0000 0.0000
100      100   (0)      5  : 0.0000 0.0000 0.0000 0.0000 0.0000 1.0000 0.0000 0.0000 0.0000 0.0000
101      101   (0)      5  : 0.6858 0.0000 0.0000 0.0000 0.0000 0.0000 0.0000 0.0000 0.3142 0.0000
102      102   (0)      5  : 0.1482 0.0000 0.1072 0.3991 0.0000 0.0000 0.0000 0.0000 0.1189 0.2266
103      103   (0)      5  : 0.2812 0.0000 0.0000 0.0000 0.0000 0.3032 0.0000 0.0000 0.4156 0.0000
104      104   (0)      5  : 0.0000 0.1647 0.0000 0.1260 0.0000 0.3147 0.2062 0.0111 0.0000 0.1773
105      105   (0)      5  : 0.0000 0.0000 0.6537 0.3463 0.0000 0.0000 0.0000 0.0000 0.0000 0.0000
106      106   (0)      5  : 0.0000 0.0000 0.0000 0.0000 0.0000 0.0000 1.0000 0.0000 0.0000 0.0000
107      107   (0)      5  : 1.0000 0.0000 0.0000 0.0000 0.0000 0.0000 0.0000 0.0000 0.0000 0.0000
108      108   (0)      5  : 0.0000 0.0000 0.2423 0.0000 0.0000 0.1742 0.2653 0.1983 0.1199 0.0000
109      109   (0)      5  : 0.0000 0.1627 0.3637 0.0000 0.0000 0.0000 0.3418 0.1317 0.0000 0.0000
110      110   (0)      5  : 0.0000 0.0000 0.0000 0.0000 0.6630 0.0835 0.0002 0.0917 0.0000 0.1616
111      111   (0)      5  : 0.0000 0.0000 0.0000 1.0000 0.0000 0.0000 0.0000 0.0000 0.0000 0.0000
112      112   (0)      5  : 0.0604 0.0000 0.0004 0.0000 0.0000 0.2827 0.3382 0.0000 0.2311 0.0872
113      113   (0)      4  : 0.0000 0.0000 0.0000 0.2603 0.3086 0.2547 0.0000 0.0000 0.0069 0.1695
114      114   (0)      6  : 0.0000 0.0794 0.0000 0.1371 0.1564 0.2272 0.2288 0.0000 0.0000 0.1710
115      115   (0)      6  : 0.0000 0.3443 0.5062 0.0000 0.0000 0.0000 0.0000 0.0000 0.1495 0.0000
116      116   (0)      6  : 0.0000 0.0000 0.0000 0.0000 0.0000 0.0000 0.0000 0.4420 0.0000 0.5580
117      117   (0)      6  : 0.0000 0.6359 0.0000 0.0000 0.3641 0.0000 0.0000 0.0000 0.0000 0.0000
118      118   (0)      6  : 0.0000 0.4558 0.1619 0.2579 0.1087 0.0000 0.0158 0.0000 0.0000 0.0000
119      119   (0)      6  : 0.0000 0.4051 0.0000 0.0000 0.0000 0.0000 0.1608 0.4341 0.0000 0.0000
120      120   (0)      6  : 0.0000 0.0000 0.0000 1.0000 0.0000 0.0000 0.0000 0.0000 0.0000 0.0000
121      121   (0)      6  : 0.0000 0.0000 0.3195 0.5054 0.0000 0.0000 0.0000 0.1752 0.0000 0.0000
122      122   (0)      6  : 0.0000 0.0000 0.2665 0.1655 0.1285 0.0000 0.1239 0.0000 0.3156 0.0000
123      123   (0)      6  : 0.0000 0.3427 0.3685 0.0000 0.0000 0.1509 0.0000 0.0000 0.0000 0.1379
124      124   (0)      6  : 0.2358 0.0000 0.0777 0.1917 0.0000 0.0000 0.2520 0.0000 0.0000 0.2428
125      125   (0)      6  : 0.0471 0.1027 0.3227 0.2699 0.0000 0.0000 0.2384 0.0000 0.0000 0.0192
126      126   (0)      6  : 0.0000 0.0000 0.0000 0.0000 0.0000 0.0000 1.0000 0.0000 0.0000 0.0000
127      127   (0)      6  : 0.0000 0.1518 0.0000 0.0000 0.3874 0.0000 0.0000 0.3520 0.1089 0.0000
128      128   (0)      6  : 0.0000 0.0000 0.1904 0.0000 0.4879 0.0000 0.0001 0.0000 0.3216 0.0000
129      129   (0)      6  : 0.0000 0.0000 0.6628 0.0000 0.0000 0.0000 0.0000 0.0000 0.0000 0.3372
130      130   (0)      6  : 0.0000 0.0616 0.0000 0.0000 0.0000 0.2100 0.2043 0.1790 0.2578 0.0873
131      131   (0)      6  : 0.0000 0.3033 0.0000 0.0144 0.1175 0.0279 0.2739 0.2629 0.0000 0.0000
132      132   (0)      6  : 0.0988 0.0000 0.0736 0.0000 0.0000 0.1265 0.1905 0.0346 0.3303 0.1458
133      133   (0)      6  : 0.0000 0.0000 0.0000 0.0000 0.0000 0.0000 1.0000 0.0000 0.0000 0.0000
134      134   (0)      6  : 0.2346 0.0000 0.0000 0.2730 0.2445 0.0000 0.0000 0.1310 0.1169 0.0000
135      135   (0)      6  : 0.0000 0.0000 0.0000 0.0000 0.0000 0.0000 0.0000 1.0000 0.0000 0.0000
136      136   (0)      6  : 0.0000 0.0581 0.6659 0.1662 0.0000 0.0000 0.0000 0.1098 0.0000 0.0000
137      137   (0)      6  : 0.0000 0.0000 0.0000 0.0000 1.0000 0.0000 0.0000 0.0000 0.0000 0.0000
138      138   (0)      6  : 0.0000 0.0000 0.0000 0.0000 0.0000 0.0000 1.0000 0.0000 0.0000 0.0000
139      139   (0)      6  : 0.0000 0.0000 0.0000 0.0000 0.3447 0.0000 0.0000 0.0000 0.4394 0.2159
140      140   (0)      6  : 0.0000 0.0000 0.0000 0.0000 0.0000 0.2264 0.0000 0.4542 0.1988 0.1206
141      141   (0)      6  : 0.1107 0.0000 0.0000 0.0000 0.0000 0.0000 0.3903 0.2660 0.0000 0.2330
142      142   (0)      7  : 0.0000 0.0000 0.0000 0.0000 0.0000 0.0000 0.5417 0.0000 0.4583 0.0000
143      143   (0)      7  : 0.0000 0.0000 0.0000 0.0000 0.0000 0.0000 0.0000 1.0000 0.0000 0.0000
144      144   (0)      7  : 0.1501 0.1321 0.3376 0.1647 0.0000 0.0633 0.1522 0.0000 0.0000 0.0000
145      145   (0)      7  : 0.0000 0.0000 0.2515 0.1771 0.0000 0.0650 0.2405 0.0561 0.2098 0.0000
146      146   (0)      7  : 0.3325 0.2863 0.0000 0.1970 0.0000 0.0000 0.0000 0.0000 0.0000 0.1842
147      147   (0)      7  : 1.0000 0.0000 0.0000 0.0000 0.0000 0.0000 0.0000 0.0000 0.0000 0.0000
148      148   (0)      7  : 0.0000 0.0000 0.0000 0.0696 0.3460 0.0000 0.2064 0.0000 0.2911 0.0869
149      149   (0)      7  : 0.1214 0.3447 0.0000 0.0000 0.0000 0.0000 0.0000 0.3611 0.1729 0.0000
150      150   (0)      7  : 0.0000 0.0000 0.0000 0.0000 0.0000 0.0000 0.0000 0.0000 0.0000 1.0000
151      151   (0)      7  : 0.0000 0.3102 0.1577 0.0182 0.0000 0.0000 0.0000 0.2641 0.0000 0.2498
152      152   (0)      7  : 0.1749 0.0000 0.0000 0.3460 0.1616 0.3175 0.0000 0.0000 0.0000 0.0000
153      153   (0)      7  : 0.0000 1.0000 0.0000 0.0000 0.0000 0.0000 0.0000 0.0000 0.0000 0.0000
154      154   (0)      7  : 0.0000 0.0000 0.0000 0.0000 0.0000 1.0000 0.0000 0.0000 0.0000 0.0000
155      155   (0)      7  : 0.0000 0.3306 0.0000 0.0000 0.1571 0.0000 0.0001 0.2355 0.0000 0.2767
156      156   (0)      7  : 0.0000 0.0000 1.0000 0.0000 0.0000 0.0000 0.0000 0.0000 0.0000 0.0000
157      157   (0)      7  : 1.0000 0.0000 0.0000 0.0000 0.0000 0.0000 0.0000 0.0000 0.0000 0.0000
158      158   (0)      7  : 0.0000 0.0000 0.0000 0.3467 0.6533 0.0000 0.0000 0.0000 0.0000 0.0000
159      159   (0)      7  : 0.0000 0.4527 0.0000 0.0000 0.0796 0.0000 0.2086 0.2591 0.0000 0.0000
160      160   (0)      7  : 0.2247 0.2293 0.0000 0.0000 0.3349 0.0862 0.0000 0.0943 0.0307 0.0000
161      161   (0)      7  : 0.0000 0.0000 0.0000 0.0000 0.1973 0.0000 0.0000 0.8027 0.0000 0.0000
162      162   (0)      7  : 0.2015 0.1277 0.0000 0.3316 0.0000 0.0712 0.0538 0.0000 0.0000 0.2143
163      163   (0)      7  : 0.0765 0.0000 0.3324 0.2731 0.1382 0.0000 0.0248 0.0000 0.1408 0.0142
164      164   (0)      7  : 0.0646 0.3308 0.0000 0.0000 0.0000 0.1690 0.3497 0.0000 0.0860 0.0000
165      165   (0)      7  : 0.0000 0.4075 0.0000 0.0000 0.0000 0.0000 0.5925 0.0000 0.0000 0.0000
166      166   (0)      7  : 0.0000 0.2034 0.0803 0.1835 0.0000 0.2658 0.0000 0.0000 0.1047 0.1623
167      167   (0)      7  : 0.3171 0.0000 0.0000 0.1467 0.1333 0.1604 0.1446 0.0000 0.0979 0.0000
168      168   (0)      7  : 0.1683 0.0234 0.1003 0.1970 0.0000 0.2832 0.0000 0.1093 0.1184 0.0000
169      169   (0)      7  : 0.0000 0.4094 0.0000 0.0000 0.0000 0.0000 0.1255 0.3511 0.1140 0.0000
