  1        1   (0)      1 :  0.1031 0.0000 0.0000 0.3739 0.1961 0.0000 0.0000 0.1270 0.1607 0.0392 
  2        2   (0)      1 :  0.1772 0.0000 0.0000 0.3295 0.3094 0.0000 0.0000 0.1178 0.0259 0.0402 
  3        3   (0)      1 :  0.0500 0.0000 0.0000 0.0000 0.0000 0.0000 0.0000 0.0500 0.0000 0.9000 
  4        4   (0)      1 :  0.1657 0.0000 0.0000 0.1835 0.6191 0.0000 0.0000 0.0240 0.0000 0.0078 
  5        5   (0)      1 :  0.0826 0.0000 0.0000 0.1149 0.6151 0.0000 0.0000 0.1178 0.0696 0.0000 
  6        6   (0)      1 :  0.0684 0.0000 0.0000 0.6709 0.0769 0.0000 0.0000 0.0008 0.0107 0.1723 
  7        7   (0)      1 :  0.0473 0.0000 0.0000 0.4736 0.1888 0.0000 0.0000 0.0667 0.2236 0.0000 
  8        8   (0)      1 :  0.1000 0.0000 0.0000 0.0846 0.8154 0.0000 0.0000 0.0000 0.0000 0.0000 
  9        9   (0)      1 :  0.1000 0.0000 0.0000 0.0000 0.0000 0.0000 0.0000 0.0500 0.0000 0.8500 
 10       10   (0)      1 :  0.0710 0.0000 0.0000 0.4760 0.0672 0.0000 0.0000 0.0793 0.2722 0.0343 
 11       11   (0)      1 :  0.0611 0.0000 0.0000 0.5651 0.0735 0.0000 0.0000 0.1082 0.1916 0.0004 
 12       12   (0)      1 :  0.0173 0.0000 0.0000 0.7467 0.1470 0.0000 0.0000 0.0206 0.0683 0.0000 
 13       13   (0)      1 :  0.0500 0.0000 0.0000 0.6693 0.0606 0.0000 0.0000 0.1345 0.0847 0.0008 
 14       14   (0)      1 :  0.0568 0.0000 0.0000 0.2147 0.1115 0.0000 0.0000 0.2265 0.3904 0.0000 
 15       15   (0)      2 :  0.0844 0.0000 0.0000 0.0924 0.2924 0.0000 0.0000 0.0500 0.4808 0.0000 
 16       16   (0)      2 :  0.0168 0.5323 0.1931 0.0000 0.0000 0.0093 0.2485 0.0000 0.0000 0.0000 
 17       17   (0)      2 :  0.0000 0.0000 0.9000 0.0000 0.0000 0.0500 0.0000 0.0500 0.0000 0.0000 
 18       18   (0)      2 :  0.0579 0.6721 0.0752 0.0000 0.0000 0.0703 0.1246 0.0000 0.0000 0.0000 
 19       19   (0)      2 :  0.0721 0.0272 0.4284 0.0000 0.0000 0.0347 0.4304 0.0072 0.0000 0.0000 
 20       20   (0)      2 :  0.1230 0.4396 0.0936 0.0000 0.0000 0.0605 0.2833 0.0000 0.0000 0.0000 
 21       21   (0)      2 :  0.0336 0.0118 0.3255 0.0000 0.0000 0.0074 0.6119 0.0099 0.0000 0.0000 
 22       22   (0)      2 :  0.0500 0.5713 0.1262 0.0000 0.0000 0.1663 0.0862 0.0000 0.0000 0.0000 
 23       23   (0)      1 :  0.1040 0.0000 0.0000 0.0710 0.3131 0.0129 0.0000 0.1504 0.3473 0.0012 
 24       24   (0)      1 :  0.0000 0.0000 0.0000 0.0154 0.0000 0.0000 0.0000 0.0301 0.9523 0.0023 
 25       25   (0)      1 :  0.0500 0.0000 0.0000 0.0000 0.0000 0.0000 0.0000 0.0000 0.0000 0.9500 
 26       26   (0)      1 :  0.1823 0.0000 0.0000 0.5438 0.0388 0.0000 0.0000 0.2246 0.0104 0.0000 
 27       27   (0)      2 :  0.0000 0.0000 0.0000 0.0000 0.0000 1.0000 0.0000 0.0000 0.0000 0.0000 
 28       28   (0)      2 :  0.0612 0.5519 0.2500 0.0000 0.0000 0.0000 0.1369 0.0000 0.0000 0.0000 
 29       29   (0)      2 :  0.2959 0.0000 0.2256 0.0000 0.0000 0.1000 0.3784 0.0000 0.0000 0.0000 
 30       30   (0)      2 :  0.0596 0.7904 0.1000 0.0000 0.0000 0.0000 0.0500 0.0000 0.0000 0.0000 
 31       31   (0)      2 :  0.1500 0.2826 0.1441 0.0029 0.0118 0.0000 0.4074 0.0012 0.0000 0.0000 
 32       32   (0)      2 :  0.0531 0.2209 0.1920 0.0000 0.0000 0.0781 0.3148 0.0088 0.0000 0.1322 
 33       33   (0)      2 :  0.1000 0.1211 0.5412 0.0000 0.0000 0.0470 0.1907 0.0000 0.0000 0.0000 
 34       34   (0)      1 :  0.0547 0.0000 0.0000 0.1000 0.2219 0.0000 0.0000 0.2234 0.4000 0.0000 
 35       35   (0)      2 :  0.0729 0.2363 0.2592 0.0000 0.0000 0.0004 0.4312 0.0000 0.0000 0.0000 
 36       36   (0)      2 :  0.0958 0.2246 0.0541 0.0000 0.0000 0.0010 0.6245 0.0000 0.0000 0.0000 
 37       37   (0)      2 :  0.2273 0.2752 0.2695 0.0000 0.0000 0.0846 0.1434 0.0000 0.0000 0.0000 
 38       38   (0)      2 :  0.0000 0.0000 0.9000 0.0000 0.0000 0.0500 0.0000 0.0500 0.0000 0.0000 
 39       39   (0)      2 :  0.0214 0.0000 0.0000 0.0947 0.2018 0.0000 0.0000 0.0207 0.6614 0.0000 
 40       40   (0)      2 :  0.1056 0.0000 0.0000 0.1193 0.3051 0.0000 0.0000 0.1289 0.3398 0.0014 
 41       41   (0)      2 :  0.0801 0.0000 0.0000 0.1655 0.3269 0.0000 0.0000 0.1952 0.2323 0.0000 
 42       42   (0)      2 :  0.1328 0.0000 0.0000 0.5728 0.1469 0.0000 0.0000 0.0834 0.0641 0.0000 
 43       43   (0)      2 :  0.0955 0.0000 0.0000 0.3029 0.2004 0.0000 0.0000 0.1528 0.2474 0.0010 
 44       44   (0)      2 :  0.0756 0.7134 0.0644 0.0000 0.0000 0.0000 0.1466 0.0000 0.0000 0.0000 
 45       45   (0)      2 :  0.1890 0.1591 0.5791 0.0012 0.0029 0.0067 0.0580 0.0040 0.0000 0.0000 
 46       46   (0)      2 :  0.0483 0.2525 0.3425 0.0000 0.0000 0.0000 0.3567 0.0000 0.0000 0.0000 
 47       47   (0)      2 :  0.0610 0.0000 0.0000 0.0046 0.5989 0.0000 0.0000 0.1140 0.2215 0.0000 
 48       48   (0)      2 :  0.2537 0.3969 0.2852 0.0000 0.0000 0.0227 0.0415 0.0000 0.0000 0.0000 
 49       49   (0)      1 :  0.0194 0.0000 0.0000 0.1681 0.0168 0.0000 0.0000 0.0480 0.7477 0.0000 
 50       50   (0)      1 :  0.0500 0.0000 0.0000 0.1317 0.7024 0.0000 0.0000 0.0684 0.0475 0.0000 
 51       51   (0)      1 :  0.0628 0.0000 0.0000 0.0625 0.5997 0.0000 0.0000 0.2610 0.0139 0.0000 
 52       52   (0)      1 :  0.0390 0.0000 0.0000 0.3363 0.0528 0.0000 0.0000 0.1764 0.3955 0.0000 
 53       53   (0)      1 :  0.0711 0.0000 0.0000 0.2714 0.0609 0.0000 0.0000 0.3095 0.2618 0.0253 
 54       54   (0)      1 :  0.1138 0.0000 0.0000 0.3591 0.1156 0.0000 0.0000 0.0980 0.3124 0.0010 
 55       55   (0)      1 :  0.0897 0.0000 0.0000 0.2688 0.3364 0.0000 0.0000 0.0699 0.2347 0.0005 
 56       56   (0)      3 :  0.1108 0.0000 0.2402 0.0000 0.0000 0.1591 0.4899 0.0000 0.0000 0.0000 
 57       57   (0)      3 :  0.0145 0.3944 0.0419 0.0000 0.0000 0.0284 0.5209 0.0000 0.0000 0.0000 
 58       58   (0)      3 :  0.0294 0.7355 0.0500 0.0000 0.0000 0.0000 0.1851 0.0000 0.0000 0.0000 
 59       59   (0)      3 :  0.0724 0.1239 0.0000 0.0000 0.0000 0.0242 0.7796 0.0000 0.0000 0.0000 
 60       60   (0)      3 :  0.2244 0.1982 0.2984 0.0000 0.0000 0.0553 0.2238 0.0000 0.0000 0.0000 
 61       61   (0)      3 :  0.0398 0.5713 0.0906 0.0000 0.0000 0.0000 0.2983 0.0000 0.0000 0.0000 
 62       62   (0)      3 :  0.1183 0.2568 0.4288 0.0000 0.0000 0.0000 0.1961 0.0000 0.0000 0.0000 
 63       63   (0)      4 :  0.1000 0.0000 0.0000 0.0000 0.0000 0.0000 0.0000 0.0000 0.0000 0.9000 
 64       64   (0)      4 :  0.1223 0.0000 0.0000 0.2350 0.3866 0.0000 0.0000 0.1518 0.1042 0.0000 
 65       65   (0)      4 :  0.2095 0.0000 0.0000 0.2425 0.1230 0.0000 0.0000 0.3162 0.1028 0.0059 
 66       66   (0)      3 :  0.1541 0.4464 0.0472 0.0000 0.0000 0.0000 0.3523 0.0000 0.0000 0.0000 
 67       67   (0)      3 :  0.0743 0.0993 0.2238 0.0000 0.0000 0.0213 0.5813 0.0000 0.0000 0.0000 
 68       68   (0)      3 :  0.0000 0.0000 0.0000 0.0000 0.0000 1.0000 0.0000 0.0000 0.0000 0.0000 
 69       69   (0)      3 :  0.0950 0.0692 0.1473 0.0000 0.0000 0.0883 0.6002 0.0000 0.0000 0.0000 
 70       70   (0)      3 :  0.0743 0.1973 0.0000 0.0000 0.0000 0.0000 0.7284 0.0000 0.0000 0.0000 
 71       71   (0)      3 :  0.1875 0.2189 0.4720 0.0000 0.0000 0.0809 0.0408 0.0000 0.0000 0.0000 
 72       72   (0)      4 :  0.1671 0.0005 0.0000 0.3469 0.1929 0.0000 0.0000 0.0819 0.2015 0.0094 
 73       73   (0)      4 :  0.0774 0.0125 0.0000 0.2216 0.3065 0.0000 0.0417 0.0380 0.3024 0.0000 
 74       74   (0)      4 :  0.1559 0.0000 0.0000 0.3552 0.3786 0.0000 0.0000 0.0794 0.0309 0.0000 
 75       75   (0)      4 :  0.1165 0.0000 0.0000 0.2591 0.0000 0.0000 0.0000 0.1357 0.4878 0.0009 
 76       76   (0)      4 :  0.0525 0.0000 0.0000 0.0000 0.6815 0.0000 0.0000 0.0612 0.2049 0.0000 
 77       77   (0)      4 :  0.0101 0.0000 0.0000 0.0000 0.2916 0.0000 0.0000 0.0892 0.6091 0.0000 
 78       78   (0)      4 :  0.0926 0.0000 0.0000 0.2367 0.3667 0.0000 0.0000 0.2045 0.0995 0.0000 
 79       79   (0)      3 :  0.0687 0.0000 0.0000 0.5860 0.1060 0.0000 0.0000 0.1828 0.0565 0.0000 
 80       80   (0)      3 :  0.1443 0.1191 0.1735 0.0000 0.0000 0.0107 0.5524 0.0000 0.0000 0.0000 
 81       81   (0)      3 :  0.0891 0.4610 0.2430 0.0000 0.0000 0.0015 0.1938 0.0116 0.0000 0.0000 
 82       82   (0)      3 :  0.2051 0.0819 0.5546 0.0000 0.0000 0.0306 0.1098 0.0180 0.0000 0.0000 
 83       83   (0)      3 :  0.0275 0.0000 0.0000 0.0831 0.7240 0.0000 0.0000 0.0254 0.1396 0.0005 
 84       84   (0)      3 :  0.0000 0.0000 0.0000 0.0000 0.0500 0.0000 0.0000 0.8000 0.1500 0.0000 
 85       85   (0)      3 :  0.0279 0.3873 0.0042 0.0000 0.0000 0.0000 0.5806 0.0000 0.0000 0.0000 
 86       86   (0)      3 :  0.0128 0.4190 0.5053 0.0000 0.0000 0.0000 0.0423 0.0205 0.0000 0.0000 
 87       87   (0)      3 :  0.1704 0.4131 0.1781 0.0000 0.0000 0.0415 0.1543 0.0396 0.0029 0.0000 
 88       88   (0)      3 :  0.0772 0.1042 0.2704 0.0000 0.0000 0.0000 0.5443 0.0039 0.0000 0.0000 
 89       89   (0)      4 :  0.0380 0.0104 0.0057 0.5161 0.0285 0.0000 0.0020 0.0423 0.3274 0.0296 
 90       90   (0)      3 :  0.1911 0.3480 0.1561 0.0000 0.0000 0.0000 0.3047 0.0000 0.0000 0.0000 
 91       91   (0)      3 :  0.0500 0.5596 0.2348 0.0000 0.0000 0.0056 0.1500 0.0000 0.0000 0.0000 
 92       92   (0)      3 :  0.2288 0.3674 0.1622 0.0000 0.0000 0.2014 0.0402 0.0000 0.0000 0.0000 
 93       93   (0)      3 :  0.0612 0.0000 0.0593 0.0000 0.0000 0.0645 0.8149 0.0000 0.0000 0.0000 
 94       94   (0)      3 :  0.0795 0.2633 0.1106 0.0755 0.0093 0.0004 0.3959 0.0654 0.0001 0.0000 
 95       95   (0)      4 :  0.0947 0.0364 0.0067 0.2215 0.1953 0.0024 0.0603 0.0883 0.2867 0.0077 
 96       96   (0)      4 :  0.1000 0.0000 0.0000 0.0618 0.2009 0.0000 0.0000 0.1119 0.5254 0.0000 
 97       97   (0)      4 :  0.0948 0.0000 0.0000 0.0646 0.6867 0.0000 0.0000 0.0819 0.0720 0.0000 
 98       98   (0)      4 :  0.0338 0.0039 0.0040 0.1436 0.0579 0.0000 0.0090 0.0966 0.6204 0.0309 
 99       99   (0)      4 :  0.0612 0.0000 0.0000 0.3042 0.0800 0.0000 0.0000 0.1656 0.3592 0.0298 
100      100   (0)      4 :  0.0000 0.0000 0.0000 0.0000 0.0207 0.0000 0.0000 0.0000 0.9793 0.0000 
101      101   (0)      4 :  0.0381 0.0000 0.0000 0.7279 0.0631 0.0000 0.0000 0.0362 0.1347 0.0000 
102      102   (0)      4 :  0.0000 0.0000 0.0000 0.0593 0.8197 0.0000 0.0000 0.0076 0.1135 0.0000 
103      103   (0)      4 :  0.0000 0.0000 0.0000 0.0000 0.0000 0.0000 0.0000 0.0500 0.0000 0.9500 
104      104   (0)      4 :  0.1500 0.0000 0.0000 0.5209 0.1201 0.0000 0.0000 0.0547 0.1457 0.0086 
105      105   (0)      4 :  0.1170 0.0000 0.0000 0.1634 0.4898 0.0000 0.0000 0.0906 0.1333 0.0058 
106      106   (0)      4 :  0.0530 0.0016 0.0020 0.5743 0.0854 0.0000 0.0013 0.0984 0.1774 0.0066 
107      107   (0)      4 :  0.0252 0.0000 0.0000 0.0313 0.3932 0.0000 0.0000 0.0000 0.5088 0.0415 
108      108   (0)      4 :  0.0000 0.0000 0.0000 0.0000 0.0500 0.0000 0.0000 0.8000 0.1500 0.0000 
109      109   (0)      4 :  0.1657 0.0000 0.0000 0.6454 0.0644 0.0000 0.0000 0.0290 0.0956 0.0000 
110      110   (0)      4 :  0.0680 0.0000 0.0000 0.1888 0.0115 0.0000 0.0000 0.1223 0.5362 0.0731 
111      111   (0)      4 :  0.1000 0.0000 0.0000 0.0000 0.0000 0.0000 0.0000 0.0000 0.0000 0.9000 
112      112   (0)      4 :  0.0500 0.0000 0.0000 0.0000 0.0000 0.0000 0.0000 0.0166 0.0000 0.9334 
113      113   (0)      4 :  0.0291 0.2037 0.0778 0.0000 0.0000 0.0183 0.6650 0.0061 0.0000 0.0000 
114      114   (0)      4 :  0.1115 0.0000 0.0000 0.6423 0.1059 0.0000 0.0000 0.1004 0.0393 0.0006 
115      115   (0)      4 :  0.1500 0.0000 0.0000 0.5259 0.0000 0.0000 0.0000 0.1068 0.2174 0.0000 
116      116   (0)      4 :  0.0000 0.0000 0.0000 0.7993 0.0076 0.0000 0.0000 0.1154 0.0772 0.0005 
