1 0.0018
2 0.0017
3 0.0015
4 0.0016
5 0.0017
6 0.0018
7 0.0017
8 0.0016
9 0.0016
10 0.0018
11 0.0019
12 0.0017
13 0.0016
14 0.0016
15 0.0017
16 0.0019
17 0.0016
18 0.0016
19 0.002
20 0.0017
21 0.0017
22 0.0017
23 0.0017
24 0.0016
25 0.0016
26 0.0018
27 0.0016
28 0.0016
29 0.0016
30 0.0016
31 0.0017
32 0.0016
33 0.0023
34 0.0016
35 0.0017
36 0.0017
37 0.0017
38 0.0016
39 0.0016
40 0.0016
41 0.0017
42 0.0015
43 0.002
44 0.0016
45 0.0016
46 0.0016
47 0.0016
48 0.0016
49 0.0016
50 0.0017
51 0.0017
52 0.0016
53 0.0017
54 0.0017
55 0.0016
56 0.0016
57 0.0016
58 0.0017
59 0.0016
60 0.0016
61 0.0017
62 0.0016
63 0.0017
64 0.0017
65 0.0016
66 0.0017
67 0.0017
68 0.0018
69 0.0017
70 0.0016
71 0.0016
72 0.0016
73 0.0016
74 0.0016
75 0.0016
76 0.0015
77 0.0016
78 0.0016
79 0.0016
80 0.0016
81 0.0015
82 0.0016
83 0.0016
84 0.0016
85 0.0016
86 0.0016
87 0.0016
88 0.0017
89 0.0016
90 0.0015
91 0.0016
92 0.0016
93 0.0016
94 0.0017
95 0.0016
96 0.0017
97 0.0017
98 0.0017
99 0.0016
100 0.0017
101 0.0017
102 0.0016
103 0.0017
104 0.0017
105 0.0016
106 0.0015
107 0.0015
108 0.0016
109 0.0017
110 0.0016
111 0.0016
112 0.0017
113 0.0016
114 0.0016
115 0.0016
116 0.0016
117 0.0016
118 0.0017
119 0.0016
120 0.0016
121 0.0016
122 0.0015
123 0.0016
124 0.0016
125 0.0016
126 0.0015
127 0.0015
128 0.0022
129 0.0016
130 0.0016
131 0.0016
132 0.0016
133 0.0016
134 0.0016
135 0.0016
136 0.0016
137 0.0016
138 0.0016
139 0.0016
140 0.0016
141 0.0016
142 0.0016
143 0.0015
144 0.0016
145 0.0016
146 0.0024
147 0.0016
148 0.0015
149 0.0016
150 0.0016
151 0.0016
152 0.0016
153 0.0017
154 0.0018
155 0.0016
156 0.0016
157 0.002
158 0.0017
159 0.0023
160 0.0015
161 0.0018
162 0.0016
163 0.0018
164 0.0019
165 0.0018
166 0.0018
167 0.0017
168 0.0016
169 0.0016
170 0.0016
171 0.0016
172 0.0016
173 0.0016
174 0.0017
175 0.0016
176 0.0019
177 0.0019
178 0.0017
179 0.0016
180 0.0016
181 0.0017
182 0.0018
183 0.0016
184 0.0016
185 0.0017
186 0.0018
187 0.0018
188 0.0018
189 0.0017
190 0.002
191 0.0021
192 0.0017
193 0.0016
194 0.0016
195 0.0017
196 0.0016
197 0.0017
198 0.0016
199 0.0021
200 0.0017
201 0.0016
202 0.0016
203 0.0017
