1        1   (0)      1  : 0.7798 0.0000 0.0636 0.0000 0.1566
2        2   (0)      1  : 0.7419 0.0000 0.0567 0.0000 0.2015
3        3   (0)      1  : 0.0000 0.0000 0.8333 0.0000 0.1667
4        4   (0)      1  : 0.9631 0.0000 0.0230 0.0000 0.0138
5        5   (0)      1  : 0.8326 0.0000 0.0000 0.0000 0.1674
6        6   (0)      1  : 0.7241 0.0000 0.1989 0.0000 0.0769
7        7   (0)      1  : 0.8924 0.0000 0.0000 0.0000 0.1076
8        8   (0)      1  : 0.9976 0.0000 0.0000 0.0000 0.0024
9        9   (0)      1  : 0.0000 0.0000 0.8333 0.0000 0.1667
10       10   (0)      1  : 0.7185 0.0000 0.0580 0.0000 0.2235
11       11   (0)      1  : 0.7425 0.0000 0.0079 0.0000 0.2496
12       12   (0)      1  : 0.8675 0.0000 0.0000 0.0000 0.1325
13       13   (0)      1  : 0.8289 0.0000 0.0356 0.0000 0.1355
14       14   (0)      1  : 0.6781 0.0000 0.0000 0.0000 0.3219
15       15   (0)      2  : 1.0000 0.0000 0.0000 0.0000 0.0000
16       16   (0)      2  : 0.0000 0.9332 0.0000 0.0668 0.0000
17       17   (0)      2  : 0.0000 0.4967 0.0000 0.5033 0.0000
18       18   (0)      2  : 0.0000 0.8388 0.0000 0.1612 0.0000
19       19   (0)      2  : 0.0000 0.4731 0.0000 0.5269 0.0000
20       20   (0)      2  : 0.0000 0.7722 0.0000 0.2247 0.0031
21       21   (0)      2  : 0.0000 0.5706 0.0000 0.4294 0.0000
22       22   (0)      2  : 0.0000 0.7632 0.0000 0.2368 0.0000
23       23   (0)      1  : 0.7960 0.0000 0.0059 0.0254 0.1727
24       24   (0)      1  : 0.7237 0.0145 0.0390 0.0142 0.2085
25       25   (0)      1  : 0.0000 0.0000 1.0000 0.0000 0.0000
26       26   (0)      1  : 0.7106 0.0000 0.0075 0.0000 0.2819
27       27   (0)      2  : 0.0000 0.0000 0.0000 1.0000 0.0000
28       28   (0)      2  : 0.0000 0.9932 0.0000 0.0068 0.0000
29       29   (0)      2  : 0.0000 0.3704 0.0000 0.6296 0.0000
30       30   (0)      2  : 0.0000 1.0000 0.0000 0.0000 0.0000
31       31   (0)      2  : 0.0331 0.8992 0.0000 0.0497 0.0180
32       32   (0)      2  : 0.0000 0.6032 0.1167 0.2568 0.0234
33       33   (0)      2  : 0.0000 0.5200 0.0000 0.4800 0.0000
34       34   (0)      1  : 0.3775 0.0000 0.0070 0.0000 0.6156
35       35   (0)      2  : 0.0000 0.6869 0.0000 0.3131 0.0000
36       36   (0)      2  : 0.0000 0.6861 0.0000 0.3139 0.0000
37       37   (0)      2  : 0.0000 0.6331 0.0000 0.3669 0.0000
38       38   (0)      2  : 0.0000 0.5827 0.0000 0.4173 0.0000
39       39   (0)      2  : 0.9938 0.0000 0.0001 0.0000 0.0062
40       40   (0)      2  : 0.7596 0.0000 0.0071 0.0000 0.2334
41       41   (0)      2  : 0.8946 0.0000 0.0022 0.0000 0.1032
42       42   (0)      2  : 0.7874 0.0000 0.0027 0.0000 0.2100
43       43   (0)      2  : 0.7342 0.0000 0.0002 0.0000 0.2656
44       44   (0)      2  : 0.0000 0.9987 0.0000 0.0013 0.0000
45       45   (0)      2  : 0.0077 0.6944 0.0000 0.2587 0.0391
46       46   (0)      2  : 0.0000 0.9583 0.0000 0.0417 0.0000
47       47   (0)      2  : 0.8000 0.0000 0.0070 0.0000 0.1930
48       48   (0)      2  : 0.0000 0.7897 0.0000 0.2103 0.0000
49       49   (0)      1  : 0.9305 0.0000 0.0211 0.0000 0.0484
50       50   (0)      1  : 0.9590 0.0000 0.0037 0.0000 0.0373
51       51   (0)      1  : 0.7124 0.0000 0.0000 0.0000 0.2876
52       52   (0)      1  : 0.5542 0.0000 0.0000 0.0000 0.4458
53       53   (0)      1  : 0.4008 0.0000 0.0240 0.0000 0.5752
54       54   (0)      1  : 0.6341 0.0000 0.0162 0.0000 0.3498
55       55   (0)      1  : 0.8851 0.0000 0.0064 0.0000 0.1085
56       56   (0)      3  : 0.0000 0.3551 0.0000 0.6449 0.0000
57       57   (0)      3  : 0.0000 0.8175 0.0000 0.1825 0.0000
58       58   (0)      3  : 0.0000 0.9928 0.0000 0.0072 0.0000
59       59   (0)      3  : 0.0000 0.7281 0.0000 0.2719 0.0000
60       60   (0)      3  : 0.0000 0.5968 0.0000 0.4032 0.0000
61       61   (0)      3  : 0.0000 0.9688 0.0000 0.0312 0.0000
62       62   (0)      3  : 0.0000 0.8289 0.0000 0.1711 0.0000
63       63   (0)      4  : 0.0000 0.0000 1.0000 0.0000 0.0000
64       64   (0)      4  : 0.7939 0.0000 0.0000 0.0000 0.2061
65       65   (0)      4  : 0.3940 0.0000 0.0184 0.0000 0.5876
66       66   (0)      3  : 0.0000 0.9361 0.0000 0.0639 0.0000
67       67   (0)      3  : 0.0000 0.7082 0.0000 0.2918 0.0000
68       68   (0)      3  : 0.0000 0.0000 0.0000 1.0000 0.0000
69       69   (0)      3  : 0.0000 0.5523 0.0000 0.4477 0.0000
70       70   (0)      3  : 0.0000 0.8333 0.0000 0.1667 0.0000
71       71   (0)      3  : 0.0000 0.6616 0.0000 0.3384 0.0000
72       72   (0)      4  : 0.8030 0.0027 0.0341 0.0088 0.1514
73       73   (0)      4  : 0.9249 0.0503 0.0000 0.0116 0.0133
74       74   (0)      4  : 0.9386 0.0000 0.0000 0.0000 0.0614
75       75   (0)      4  : 0.6409 0.0000 0.0207 0.0000 0.3384
76       76   (0)      4  : 0.9736 0.0000 0.0126 0.0000 0.0138
77       77   (0)      4  : 0.9022 0.0000 0.0000 0.0000 0.0978
78       78   (0)      4  : 0.7629 0.0000 0.0000 0.0000 0.2371
79       79   (0)      3  : 0.4993 0.0000 0.0000 0.0000 0.5007
80       80   (0)      3  : 0.0000 0.6976 0.0000 0.3024 0.0000
81       81   (0)      3  : 0.0000 0.9978 0.0000 0.0000 0.0022
82       82   (0)      3  : 0.0000 0.5155 0.0000 0.4845 0.0000
83       83   (0)      3  : 0.9548 0.0000 0.0000 0.0000 0.0452
84       84   (0)      3  : 0.1597 0.0000 0.0000 0.0000 0.8403
85       85   (0)      3  : 0.0000 0.9124 0.0000 0.0876 0.0000
86       86   (0)      3  : 0.0000 0.8640 0.0000 0.1360 0.0000
87       87   (0)      3  : 0.0083 0.7974 0.0016 0.1453 0.0474
88       88   (0)      3  : 0.0000 0.6903 0.0000 0.3097 0.0000
89       89   (0)      4  : 0.5733 0.0236 0.0477 0.0083 0.3470
90       90   (0)      3  : 0.0000 0.8302 0.0000 0.1698 0.0000
91       91   (0)      3  : 0.0000 0.9897 0.0000 0.0103 0.0000
92       92   (0)      3  : 0.0000 0.4415 0.0000 0.5585 0.0000
93       93   (0)      3  : 0.0000 0.4093 0.0000 0.5907 0.0000
94       94   (0)      3  : 0.0592 0.7139 0.0015 0.0964 0.1290
95       95   (0)      4  : 0.7017 0.1049 0.0126 0.0134 0.1675
96       96   (0)      4  : 0.9241 0.0000 0.0000 0.0000 0.0759
97       97   (0)      4  : 0.9552 0.0000 0.0000 0.0000 0.0448
98       98   (0)      4  : 0.6376 0.0328 0.0701 0.0070 0.2525
99       99   (0)      4  : 0.6168 0.0000 0.0425 0.0000 0.3407
100      100   (0)      4  : 0.7949 0.0000 0.0239 0.0000 0.1812
101      101   (0)      4  : 0.7678 0.0000 0.0000 0.0000 0.2322
102      102   (0)      4  : 0.9676 0.0000 0.0000 0.0000 0.0324
103      103   (0)      4  : 0.0000 0.0000 0.8333 0.0000 0.1667
104      104   (0)      4  : 0.7975 0.0000 0.0762 0.0000 0.1263
105      105   (0)      4  : 0.7697 0.0000 0.0272 0.0000 0.2031
106      106   (0)      4  : 0.4072 0.0046 0.0137 0.0104 0.5641
107      107   (0)      4  : 0.8767 0.0000 0.0802 0.0000 0.0430
108      108   (0)      4  : 0.1597 0.0000 0.0000 0.0000 0.8403
109      109   (0)      4  : 0.8029 0.0000 0.0016 0.0000 0.1955
110      110   (0)      4  : 0.6177 0.0000 0.0878 0.0000 0.2945
111      111   (0)      4  : 0.0000 0.0000 1.0000 0.0000 0.0000
112      112   (0)      4  : 0.0000 0.0000 0.9495 0.0000 0.0505
113      113   (0)      4  : 0.0000 0.6732 0.0000 0.3268 0.0000
114      114   (0)      4  : 0.7452 0.0000 0.0070 0.0000 0.2479
115      115   (0)      4  : 0.5464 0.0000 0.0033 0.0000 0.4504
116      116   (0)      4  : 0.5169 0.0000 0.0000 0.0000 0.4831
