1        1   (0)      1  : 0.9327 0.0000 0.0673
2        2   (0)      1  : 0.9309 0.0002 0.0690
3        3   (0)      1  : 0.0457 0.0000 0.9543
4        4   (0)      1  : 0.9619 0.0000 0.0381
5        5   (0)      1  : 1.0000 0.0000 0.0000
6        6   (0)      1  : 0.8027 0.0000 0.1973
7        7   (0)      1  : 1.0000 0.0000 0.0000
8        8   (0)      1  : 1.0000 0.0000 0.0000
9        9   (0)      1  : 0.0460 0.0000 0.9540
10       10   (0)      1  : 0.9328 0.0000 0.0672
11       11   (0)      1  : 1.0000 0.0000 0.0000
12       12   (0)      1  : 1.0000 0.0000 0.0000
13       13   (0)      1  : 0.9604 0.0000 0.0396
14       14   (0)      1  : 1.0000 0.0000 0.0000
15       15   (0)      2  : 1.0000 0.0000 0.0000
16       16   (0)      2  : 0.0000 0.9983 0.0017
17       17   (0)      2  : 0.0000 0.9917 0.0083
18       18   (0)      2  : 0.0000 0.9919 0.0081
19       19   (0)      2  : 0.0000 0.9940 0.0060
20       20   (0)      2  : 0.0062 0.9907 0.0031
21       21   (0)      2  : 0.0000 0.9965 0.0035
22       22   (0)      2  : 0.0000 0.9881 0.0119
23       23   (0)      1  : 0.9677 0.0217 0.0105
24       24   (0)      1  : 0.9192 0.0289 0.0519
25       25   (0)      1  : 0.0419 0.0001 0.9580
26       26   (0)      1  : 0.9898 0.0000 0.0102
27       27   (0)      2  : 0.0000 0.9500 0.0500
28       28   (0)      2  : 0.0000 1.0000 0.0000
29       29   (0)      2  : 0.0000 0.9904 0.0096
30       30   (0)      2  : 0.0000 1.0000 0.0000
31       31   (0)      2  : 0.0586 0.9405 0.0009
32       32   (0)      2  : 0.0039 0.8494 0.1467
33       33   (0)      2  : 0.0000 0.9955 0.0045
34       34   (0)      1  : 0.9765 0.0000 0.0235
35       35   (0)      2  : 0.0000 0.9989 0.0011
36       36   (0)      2  : 0.0000 0.9987 0.0013
37       37   (0)      2  : 0.0000 0.9892 0.0108
38       38   (0)      2  : 0.0000 0.9907 0.0093
39       39   (0)      2  : 0.9907 0.0000 0.0093
40       40   (0)      2  : 1.0000 0.0000 0.0000
41       41   (0)      2  : 1.0000 0.0000 0.0000
42       42   (0)      2  : 0.9920 0.0000 0.0080
43       43   (0)      2  : 0.9966 0.0000 0.0034
44       44   (0)      2  : 0.0000 1.0000 0.0000
45       45   (0)      2  : 0.0474 0.9499 0.0027
46       46   (0)      2  : 0.0000 1.0000 0.0000
47       47   (0)      2  : 0.9991 0.0000 0.0009
48       48   (0)      2  : 0.0000 0.9970 0.0030
49       49   (0)      1  : 0.9860 0.0000 0.0140
50       50   (0)      1  : 0.9997 0.0000 0.0003
51       51   (0)      1  : 1.0000 0.0000 0.0000
52       52   (0)      1  : 1.0000 0.0000 0.0000
53       53   (0)      1  : 0.9381 0.0000 0.0619
54       54   (0)      1  : 0.9730 0.0000 0.0270
55       55   (0)      1  : 0.9872 0.0000 0.0128
56       56   (0)      3  : 0.0000 0.9895 0.0105
57       57   (0)      3  : 0.0000 0.9981 0.0019
58       58   (0)      3  : 0.0000 1.0000 0.0000
59       59   (0)      3  : 0.0000 0.9955 0.0045
60       60   (0)      3  : 0.0000 0.9914 0.0086
61       61   (0)      3  : 0.0000 0.9891 0.0109
62       62   (0)      3  : 0.0000 1.0000 0.0000
63       63   (0)      4  : 0.0452 0.0000 0.9548
64       64   (0)      4  : 1.0000 0.0000 0.0000
65       65   (0)      4  : 0.9673 0.0000 0.0327
66       66   (0)      3  : 0.0000 1.0000 0.0000
67       67   (0)      3  : 0.0000 0.9953 0.0047
68       68   (0)      3  : 0.0000 0.9500 0.0500
69       69   (0)      3  : 0.0000 0.9898 0.0102
70       70   (0)      3  : 0.0000 1.0000 0.0000
71       71   (0)      3  : 0.0000 0.9897 0.0103
72       72   (0)      4  : 0.9468 0.0115 0.0417
73       73   (0)      4  : 0.9358 0.0642 0.0000
74       74   (0)      4  : 0.9999 0.0000 0.0001
75       75   (0)      4  : 0.9720 0.0000 0.0280
76       76   (0)      4  : 0.9550 0.0000 0.0450
77       77   (0)      4  : 1.0000 0.0000 0.0000
78       78   (0)      4  : 1.0000 0.0000 0.0000
79       79   (0)      3  : 1.0000 0.0000 0.0000
80       80   (0)      3  : 0.0000 0.9986 0.0014
81       81   (0)      3  : 0.0000 0.9853 0.0147
82       82   (0)      3  : 0.0000 0.9971 0.0029
83       83   (0)      3  : 0.9991 0.0000 0.0009
84       84   (0)      3  : 1.0000 0.0000 0.0000
85       85   (0)      3  : 0.0000 1.0000 0.0000
86       86   (0)      3  : 0.0000 1.0000 0.0000
87       87   (0)      3  : 0.0571 0.9386 0.0043
88       88   (0)      3  : 0.0000 1.0000 0.0000
89       89   (0)      4  : 0.9104 0.0388 0.0508
90       90   (0)      3  : 0.0000 1.0000 0.0000
91       91   (0)      3  : 0.0000 0.9988 0.0012
92       92   (0)      3  : 0.0000 0.9869 0.0131
93       93   (0)      3  : 0.0000 0.9920 0.0080
94       94   (0)      3  : 0.1883 0.8117 0.0000
95       95   (0)      4  : 0.8631 0.1180 0.0189
96       96   (0)      4  : 1.0000 0.0000 0.0000
97       97   (0)      4  : 1.0000 0.0000 0.0000
98       98   (0)      4  : 0.9020 0.0415 0.0564
99       99   (0)      4  : 0.9412 0.0000 0.0588
100      100   (0)      4  : 0.9763 0.0000 0.0237
101      101   (0)      4  : 1.0000 0.0000 0.0000
102      102   (0)      4  : 1.0000 0.0000 0.0000
103      103   (0)      4  : 0.0452 0.0000 0.9548
104      104   (0)      4  : 0.9351 0.0000 0.0649
105      105   (0)      4  : 0.9805 0.0000 0.0195
106      106   (0)      4  : 0.9481 0.0258 0.0261
107      107   (0)      4  : 0.9313 0.0000 0.0687
108      108   (0)      4  : 0.9921 0.0000 0.0079
109      109   (0)      4  : 0.9884 0.0000 0.0116
110      110   (0)      4  : 0.8963 0.0000 0.1037
111      111   (0)      4  : 0.0462 0.0000 0.9538
112      112   (0)      4  : 0.0452 0.0000 0.9548
113      113   (0)      4  : 0.0000 1.0000 0.0000
114      114   (0)      4  : 0.9881 0.0000 0.0119
115      115   (0)      4  : 0.9998 0.0000 0.0002
116      116   (0)      4  : 0.9959 0.0000 0.0041
