1        1   (0)      1  : 0.5013 0.0000 0.0607 0.0000 0.4004 0.0375
2        2   (0)      1  : 0.6421 0.0000 0.0629 0.0004 0.2343 0.0603
3        3   (0)      1  : 0.0000 0.0000 1.0000 0.0000 0.0000 0.0000
4        4   (0)      1  : 0.5299 0.0000 0.0196 0.0000 0.3863 0.0642
5        5   (0)      1  : 0.2920 0.0000 0.0000 0.0000 0.6305 0.0775
6        6   (0)      1  : 0.6135 0.0000 0.2004 0.0000 0.1220 0.0642
7        7   (0)      1  : 0.6285 0.0000 0.0000 0.0000 0.2513 0.1203
8        8   (0)      1  : 0.3164 0.0000 0.0000 0.0000 0.6270 0.0566
9        9   (0)      1  : 0.0000 0.0000 1.0000 0.0000 0.0000 0.0000
10       10   (0)      1  : 0.5682 0.0000 0.0590 0.0000 0.2861 0.0866
11       11   (0)      1  : 0.6884 0.0000 0.0000 0.0000 0.2468 0.0647
12       12   (0)      1  : 0.5663 0.0000 0.0000 0.0000 0.3601 0.0735
13       13   (0)      1  : 0.7757 0.0000 0.0134 0.0000 0.1059 0.1051
14       14   (0)      1  : 0.5788 0.0000 0.0000 0.0000 0.3309 0.0904
15       15   (0)      2  : 0.5438 0.0000 0.0000 0.0000 0.4562 0.0000
16       16   (0)      2  : 0.0000 0.9125 0.0000 0.0696 0.0000 0.0179
17       17   (0)      2  : 0.0000 0.3467 0.0000 0.6518 0.0000 0.0015
18       18   (0)      2  : 0.0000 0.7715 0.0000 0.1588 0.0000 0.0696
19       19   (0)      2  : 0.0000 0.3266 0.0000 0.6409 0.0000 0.0326
20       20   (0)      2  : 0.0000 0.7603 0.0000 0.1671 0.0026 0.0700
21       21   (0)      2  : 0.0000 0.3732 0.0000 0.6184 0.0000 0.0083
22       22   (0)      2  : 0.0000 0.6474 0.0000 0.2211 0.0000 0.1315
23       23   (0)      1  : 0.5237 0.0000 0.0002 0.0081 0.4090 0.0590
24       24   (0)      1  : 0.5953 0.0058 0.0270 0.0119 0.2261 0.1339
25       25   (0)      1  : 0.0000 0.0000 1.0000 0.0000 0.0000 0.0000
26       26   (0)      1  : 0.7814 0.0000 0.0017 0.0000 0.1229 0.0940
27       27   (0)      2  : 0.0000 0.0500 0.0000 0.4000 0.0000 0.5500
28       28   (0)      2  : 0.0000 0.8756 0.0000 0.1244 0.0000 0.0000
29       29   (0)      2  : 0.0000 0.3007 0.0000 0.4922 0.0000 0.2071
30       30   (0)      2  : 0.0000 0.9318 0.0000 0.0682 0.0000 0.0000
31       31   (0)      2  : 0.0050 0.5789 0.0000 0.3822 0.0313 0.0027
32       32   (0)      2  : 0.0000 0.4202 0.1378 0.3835 0.0000 0.0584
33       33   (0)      2  : 0.0000 0.3657 0.0000 0.5814 0.0000 0.0530
34       34   (0)      1  : 0.6159 0.0000 0.0033 0.0000 0.2486 0.1322
35       35   (0)      2  : 0.0000 0.5174 0.0000 0.4823 0.0000 0.0003
36       36   (0)      2  : 0.0000 0.7435 0.0000 0.2244 0.0000 0.0322
37       37   (0)      2  : 0.0000 0.4889 0.0000 0.3977 0.0000 0.1133
38       38   (0)      2  : 0.0000 0.3833 0.0000 0.6167 0.0000 0.0000
39       39   (0)      2  : 0.6275 0.0000 0.0001 0.0000 0.3487 0.0237
40       40   (0)      2  : 0.4257 0.0000 0.0000 0.0000 0.5169 0.0574
41       41   (0)      2  : 0.3078 0.0000 0.0000 0.0000 0.6638 0.0283
42       42   (0)      2  : 0.7970 0.0000 0.0009 0.0000 0.1778 0.0244
43       43   (0)      2  : 0.5838 0.0000 0.0001 0.0000 0.3355 0.0806
44       44   (0)      2  : 0.0000 0.9553 0.0000 0.0447 0.0000 0.0000
45       45   (0)      2  : 0.0000 0.5255 0.0000 0.4290 0.0165 0.0289
46       46   (0)      2  : 0.0000 0.7056 0.0000 0.2944 0.0000 0.0000
47       47   (0)      2  : 0.1706 0.0000 0.0000 0.0000 0.7287 0.1007
48       48   (0)      2  : 0.0000 0.7112 0.0000 0.2431 0.0000 0.0457
49       49   (0)      1  : 0.7440 0.0000 0.0040 0.0000 0.1699 0.0821
50       50   (0)      1  : 0.2906 0.0000 0.0000 0.0000 0.6506 0.0587
51       51   (0)      1  : 0.1817 0.0000 0.0000 0.0000 0.7406 0.0777
52       52   (0)      1  : 0.7117 0.0000 0.0000 0.0000 0.2361 0.0522
53       53   (0)      1  : 0.3134 0.0000 0.0425 0.0000 0.4662 0.1779
54       54   (0)      1  : 0.6505 0.0000 0.0089 0.0000 0.3220 0.0186
55       55   (0)      1  : 0.6584 0.0000 0.0011 0.0000 0.2947 0.0458
56       56   (0)      3  : 0.0000 0.2385 0.0000 0.6686 0.0000 0.0929
57       57   (0)      3  : 0.0000 0.7829 0.0000 0.1768 0.0000 0.0403
58       58   (0)      3  : 0.0000 0.9212 0.0000 0.0788 0.0000 0.0000
59       59   (0)      3  : 0.0000 0.6902 0.0000 0.2711 0.0000 0.0387
60       60   (0)      3  : 0.0000 0.5155 0.0000 0.3904 0.0000 0.0941
61       61   (0)      3  : 0.0000 0.8424 0.0000 0.1572 0.0000 0.0003
62       62   (0)      3  : 0.0000 0.5558 0.0000 0.4442 0.0000 0.0000
63       63   (0)      4  : 0.0000 0.0000 1.0000 0.0000 0.0000 0.0000
64       64   (0)      4  : 0.5038 0.0000 0.0000 0.0000 0.4661 0.0302
65       65   (0)      4  : 0.3706 0.0000 0.0231 0.0000 0.5087 0.0977
66       66   (0)      3  : 0.0000 0.8209 0.0000 0.1791 0.0000 0.0000
67       67   (0)      3  : 0.0000 0.4505 0.0000 0.5373 0.0000 0.0122
68       68   (0)      3  : 0.0000 0.0500 0.0000 0.4000 0.0000 0.5500
69       69   (0)      3  : 0.0000 0.4226 0.0000 0.4855 0.0000 0.0919
70       70   (0)      3  : 0.0000 0.6976 0.0000 0.3024 0.0000 0.0000
71       71   (0)      3  : 0.0000 0.4120 0.0000 0.4717 0.0000 0.1163
72       72   (0)      4  : 0.8266 0.0000 0.0146 0.0007 0.1315 0.0266
73       73   (0)      4  : 0.5117 0.0431 0.0000 0.0123 0.3601 0.0728
74       74   (0)      4  : 0.5739 0.0000 0.0000 0.0000 0.3691 0.0570
75       75   (0)      4  : 0.6137 0.0000 0.0111 0.0000 0.3155 0.0596
76       76   (0)      4  : 0.2759 0.0000 0.0170 0.0000 0.6392 0.0679
77       77   (0)      4  : 0.3665 0.0000 0.0000 0.0000 0.5414 0.0921
78       78   (0)      4  : 0.4820 0.0000 0.0000 0.0000 0.4374 0.0806
79       79   (0)      3  : 0.4221 0.0000 0.0000 0.0000 0.4524 0.1255
80       80   (0)      3  : 0.0000 0.5516 0.0000 0.4325 0.0000 0.0160
81       81   (0)      3  : 0.0000 0.7846 0.0000 0.2154 0.0000 0.0000
82       82   (0)      3  : 0.0000 0.3468 0.0000 0.6209 0.0000 0.0323
83       83   (0)      3  : 0.3965 0.0000 0.0004 0.0000 0.5728 0.0303
84       84   (0)      3  : 0.0500 0.0000 0.0000 0.0000 0.6000 0.3500
85       85   (0)      3  : 0.0000 0.9135 0.0000 0.0865 0.0000 0.0000
86       86   (0)      3  : 0.0000 0.7670 0.0000 0.2330 0.0000 0.0000
87       87   (0)      3  : 0.0025 0.6761 0.0000 0.2249 0.0333 0.0633
88       88   (0)      3  : 0.0000 0.4877 0.0000 0.5123 0.0000 0.0000
89       89   (0)      4  : 0.6760 0.0198 0.0327 0.0054 0.1518 0.1143
90       90   (0)      3  : 0.0000 0.7170 0.0000 0.2829 0.0000 0.0002
91       91   (0)      3  : 0.0000 0.8669 0.0000 0.1275 0.0000 0.0056
92       92   (0)      3  : 0.0000 0.4371 0.0000 0.3741 0.0000 0.1888
93       93   (0)      3  : 0.0000 0.3920 0.0000 0.5511 0.0000 0.0568
94       94   (0)      3  : 0.0747 0.5973 0.0000 0.2145 0.0897 0.0239
95       95   (0)      4  : 0.4969 0.0826 0.0139 0.0332 0.3312 0.0421
96       96   (0)      4  : 0.5002 0.0000 0.0000 0.0000 0.4910 0.0088
97       97   (0)      4  : 0.3140 0.0000 0.0000 0.0000 0.6730 0.0131
98       98   (0)      4  : 0.4822 0.0320 0.0571 0.0058 0.3213 0.1016
99       99   (0)      4  : 0.5865 0.0000 0.0425 0.0000 0.2838 0.0873
100      100   (0)      4  : 0.4705 0.0000 0.0067 0.0000 0.4272 0.0957
101      101   (0)      4  : 0.5931 0.0000 0.0000 0.0000 0.3376 0.0694
102      102   (0)      4  : 0.2897 0.0000 0.0000 0.0000 0.6819 0.0284
103      103   (0)      4  : 0.0000 0.0000 1.0000 0.0000 0.0000 0.0000
104      104   (0)      4  : 0.8239 0.0000 0.0208 0.0000 0.0761 0.0792
105      105   (0)      4  : 0.5002 0.0000 0.0145 0.0000 0.4490 0.0363
106      106   (0)      4  : 0.5501 0.0010 0.0156 0.0129 0.3142 0.1062
107      107   (0)      4  : 0.4043 0.0000 0.0608 0.0000 0.4944 0.0405
108      108   (0)      4  : 0.0500 0.0000 0.0000 0.0000 0.6000 0.3500
109      109   (0)      4  : 0.8902 0.0000 0.0005 0.0000 0.0701 0.0392
110      110   (0)      4  : 0.6477 0.0000 0.0981 0.0000 0.1744 0.0797
111      111   (0)      4  : 0.0000 0.0000 1.0000 0.0000 0.0000 0.0000
112      112   (0)      4  : 0.0000 0.0000 1.0000 0.0000 0.0000 0.0000
113      113   (0)      4  : 0.0000 0.6670 0.0000 0.3200 0.0000 0.0130
114      114   (0)      4  : 0.7745 0.0000 0.0020 0.0000 0.1719 0.0515
115      115   (0)      4  : 0.9131 0.0000 0.0000 0.0000 0.0211 0.0658
116      116   (0)      4  : 0.7273 0.0000 0.0001 0.0000 0.1375 0.1350
