1        1   (0)      1  : 0.5000 0.0000 0.0616 0.0000 0.4383
2        2   (0)      1  : 0.7585 0.0000 0.0547 0.0000 0.1868
3        3   (0)      1  : 0.0000 0.0000 1.0000 0.0000 0.0000
4        4   (0)      1  : 0.4100 0.0000 0.0211 0.0000 0.5689
5        5   (0)      1  : 0.2464 0.0000 0.0000 0.0000 0.7536
6        6   (0)      1  : 0.6400 0.0000 0.1992 0.0000 0.1608
7        7   (0)      1  : 0.5545 0.0000 0.0000 0.0000 0.4455
8        8   (0)      1  : 0.3646 0.0000 0.0000 0.0000 0.6354
9        9   (0)      1  : 0.0000 0.0000 1.0000 0.0000 0.0000
10       10   (0)      1  : 0.5946 0.0000 0.0560 0.0000 0.3494
11       11   (0)      1  : 0.6455 0.0000 0.0000 0.0000 0.3545
12       12   (0)      1  : 0.6128 0.0000 0.0000 0.0000 0.3872
13       13   (0)      1  : 0.8259 0.0000 0.0158 0.0000 0.1583
14       14   (0)      1  : 0.6630 0.0000 0.0000 0.0000 0.3370
15       15   (0)      2  : 0.5672 0.0000 0.0000 0.0000 0.4328
16       16   (0)      2  : 0.0000 0.8427 0.0000 0.1573 0.0000
17       17   (0)      2  : 0.0000 0.8016 0.0000 0.1984 0.0000
18       18   (0)      2  : 0.0000 0.5102 0.0000 0.4898 0.0000
19       19   (0)      2  : 0.0000 0.8180 0.0000 0.1820 0.0000
20       20   (0)      2  : 0.0000 0.8033 0.0000 0.1903 0.0064
21       21   (0)      2  : 0.0000 0.8314 0.0000 0.1686 0.0000
22       22   (0)      2  : 0.0000 0.6223 0.0000 0.3777 0.0000
23       23   (0)      1  : 0.5274 0.0000 0.0008 0.0273 0.4444
24       24   (0)      1  : 0.6505 0.0236 0.0400 0.0014 0.2844
25       25   (0)      1  : 0.0000 0.0000 1.0000 0.0000 0.0000
26       26   (0)      1  : 0.7826 0.0000 0.0009 0.0000 0.2164
27       27   (0)      2  : 0.0000 0.0000 0.0000 1.0000 0.0000
28       28   (0)      2  : 0.0000 0.8827 0.0000 0.1173 0.0000
29       29   (0)      2  : 0.0000 0.5951 0.0000 0.4049 0.0000
30       30   (0)      2  : 0.0000 0.9091 0.0000 0.0909 0.0000
31       31   (0)      2  : 0.0093 0.8177 0.0000 0.1325 0.0405
32       32   (0)      2  : 0.0000 0.6440 0.1388 0.2172 0.0000
33       33   (0)      2  : 0.0000 0.7558 0.0000 0.2442 0.0000
34       34   (0)      1  : 0.6336 0.0000 0.0048 0.0000 0.3615
35       35   (0)      2  : 0.0000 0.8785 0.0000 0.1215 0.0000
36       36   (0)      2  : 0.0000 0.8569 0.0000 0.1431 0.0000
37       37   (0)      2  : 0.0000 0.5876 0.0000 0.4124 0.0000
38       38   (0)      2  : 0.0000 0.8151 0.0000 0.1849 0.0000
39       39   (0)      2  : 0.5361 0.0000 0.0009 0.0000 0.4630
40       40   (0)      2  : 0.3834 0.0000 0.0000 0.0000 0.6166
41       41   (0)      2  : 0.2992 0.0000 0.0000 0.0000 0.7008
42       42   (0)      2  : 0.6541 0.0000 0.0006 0.0000 0.3452
43       43   (0)      2  : 0.5813 0.0000 0.0001 0.0000 0.4186
44       44   (0)      2  : 0.0000 0.8991 0.0000 0.1009 0.0000
45       45   (0)      2  : 0.0144 0.8039 0.0000 0.1507 0.0310
46       46   (0)      2  : 0.0000 0.9791 0.0000 0.0209 0.0000
47       47   (0)      2  : 0.1431 0.0000 0.0000 0.0000 0.8569
48       48   (0)      2  : 0.0000 0.7926 0.0000 0.2074 0.0000
49       49   (0)      1  : 0.7181 0.0000 0.0033 0.0000 0.2786
50       50   (0)      1  : 0.1036 0.0000 0.0000 0.0000 0.8964
51       51   (0)      1  : 0.2640 0.0000 0.0000 0.0000 0.7360
52       52   (0)      1  : 0.7709 0.0000 0.0000 0.0000 0.2291
53       53   (0)      1  : 0.3859 0.0000 0.0557 0.0000 0.5583
54       54   (0)      1  : 0.8246 0.0000 0.0047 0.0000 0.1706
55       55   (0)      1  : 0.6245 0.0000 0.0015 0.0000 0.3740
56       56   (0)      3  : 0.0000 0.6857 0.0000 0.3143 0.0000
57       57   (0)      3  : 0.0000 0.8495 0.0000 0.1505 0.0000
58       58   (0)      3  : 0.0000 0.8725 0.0000 0.1275 0.0000
59       59   (0)      3  : 0.0000 0.8733 0.0000 0.1267 0.0000
60       60   (0)      3  : 0.0000 0.6731 0.0000 0.3269 0.0000
61       61   (0)      3  : 0.0000 0.9020 0.0000 0.0980 0.0000
62       62   (0)      3  : 0.0000 0.9418 0.0000 0.0582 0.0000
63       63   (0)      4  : 0.0000 0.0000 1.0000 0.0000 0.0000
64       64   (0)      4  : 0.4530 0.0000 0.0000 0.0000 0.5470
65       65   (0)      4  : 0.4817 0.0000 0.0297 0.0000 0.4886
66       66   (0)      3  : 0.0000 0.8769 0.0000 0.1231 0.0000
67       67   (0)      3  : 0.0000 0.9015 0.0000 0.0985 0.0000
68       68   (0)      3  : 0.0000 0.0000 0.0000 1.0000 0.0000
69       69   (0)      3  : 0.0000 0.6891 0.0000 0.3109 0.0000
70       70   (0)      3  : 0.0000 1.0000 0.0000 0.0000 0.0000
71       71   (0)      3  : 0.0000 0.5495 0.0000 0.4505 0.0000
72       72   (0)      4  : 0.6655 0.0027 0.0271 0.0048 0.2998
73       73   (0)      4  : 0.4626 0.0542 0.0000 0.0082 0.4750
74       74   (0)      4  : 0.5559 0.0000 0.0000 0.0000 0.4441
75       75   (0)      4  : 0.6047 0.0000 0.0121 0.0000 0.3831
76       76   (0)      4  : 0.0932 0.0000 0.0092 0.0000 0.8976
77       77   (0)      4  : 0.3520 0.0000 0.0000 0.0000 0.6480
78       78   (0)      4  : 0.4330 0.0000 0.0000 0.0000 0.5670
79       79   (0)      3  : 0.4576 0.0000 0.0000 0.0000 0.5424
80       80   (0)      3  : 0.0000 0.8725 0.0000 0.1275 0.0000
81       81   (0)      3  : 0.0000 0.9456 0.0010 0.0535 0.0000
82       82   (0)      3  : 0.0000 0.6487 0.0000 0.3513 0.0000
83       83   (0)      3  : 0.3502 0.0000 0.0000 0.0000 0.6498
84       84   (0)      3  : 0.1818 0.0000 0.0000 0.0000 0.8182
85       85   (0)      3  : 0.0000 0.8827 0.0000 0.1173 0.0000
86       86   (0)      3  : 0.0000 0.9194 0.0000 0.0806 0.0000
87       87   (0)      3  : 0.0150 0.7226 0.0000 0.2197 0.0428
88       88   (0)      3  : 0.0000 0.8686 0.0000 0.1314 0.0000
89       89   (0)      4  : 0.8069 0.0168 0.0362 0.0104 0.1297
90       90   (0)      3  : 0.0000 0.8665 0.0000 0.1335 0.0000
91       91   (0)      3  : 0.0000 0.9334 0.0000 0.0666 0.0000
92       92   (0)      3  : 0.0000 0.4161 0.0000 0.5839 0.0000
93       93   (0)      3  : 0.0000 0.8045 0.0000 0.1955 0.0000
94       94   (0)      3  : 0.0997 0.7811 0.0000 0.0306 0.0887
95       95   (0)      4  : 0.5061 0.0947 0.0145 0.0241 0.3606
96       96   (0)      4  : 0.4981 0.0000 0.0000 0.0000 0.5019
97       97   (0)      4  : 0.2594 0.0000 0.0000 0.0000 0.7406
98       98   (0)      4  : 0.5154 0.0370 0.0580 0.0037 0.3859
99       99   (0)      4  : 0.6561 0.0000 0.0413 0.0000 0.3027
100      100   (0)      4  : 0.5661 0.0000 0.0106 0.0000 0.4233
101      101   (0)      4  : 0.7038 0.0000 0.0000 0.0000 0.2962
102      102   (0)      4  : 0.2493 0.0000 0.0000 0.0000 0.7507
103      103   (0)      4  : 0.0000 0.0000 1.0000 0.0000 0.0000
104      104   (0)      4  : 0.8143 0.0000 0.0255 0.0000 0.1602
105      105   (0)      4  : 0.4989 0.0000 0.0147 0.0000 0.4864
106      106   (0)      4  : 0.5906 0.0160 0.0189 0.0024 0.3722
107      107   (0)      4  : 0.3972 0.0000 0.0687 0.0000 0.5341
108      108   (0)      4  : 0.1818 0.0000 0.0000 0.0000 0.8182
109      109   (0)      4  : 0.7880 0.0000 0.0012 0.0000 0.2108
110      110   (0)      4  : 0.6060 0.0000 0.1019 0.0000 0.2921
111      111   (0)      4  : 0.0000 0.0000 1.0000 0.0000 0.0000
112      112   (0)      4  : 0.0000 0.0000 1.0000 0.0000 0.0000
113      113   (0)      4  : 0.0000 0.9183 0.0000 0.0817 0.0000
114      114   (0)      4  : 0.7720 0.0000 0.0044 0.0000 0.2236
115      115   (0)      4  : 0.9585 0.0000 0.0000 0.0000 0.0415
116      116   (0)      4  : 0.8878 0.0000 0.0003 0.0000 0.1118
