1        1   (0)      1  : 1.0000 0.0000
2        2   (0)      1  : 0.9991 0.0009
3        3   (0)      1  : 0.9373 0.0627
4        4   (0)      1  : 1.0000 0.0000
5        5   (0)      1  : 1.0000 0.0000
6        6   (0)      1  : 1.0000 0.0000
7        7   (0)      1  : 1.0000 0.0000
8        8   (0)      1  : 1.0000 0.0000
9        9   (0)      1  : 0.9429 0.0571
10       10   (0)      1  : 1.0000 0.0000
11       11   (0)      1  : 1.0000 0.0000
12       12   (0)      1  : 1.0000 0.0000
13       13   (0)      1  : 1.0000 0.0000
14       14   (0)      1  : 1.0000 0.0000
15       15   (0)      2  : 1.0000 0.0000
16       16   (0)      2  : 0.0000 1.0000
17       17   (0)      2  : 0.0000 1.0000
18       18   (0)      2  : 0.0000 1.0000
19       19   (0)      2  : 0.0000 1.0000
20       20   (0)      2  : 0.0092 0.9908
21       21   (0)      2  : 0.0000 1.0000
22       22   (0)      2  : 0.0000 1.0000
23       23   (0)      1  : 0.9802 0.0198
24       24   (0)      1  : 0.9708 0.0292
25       25   (0)      1  : 0.8371 0.1629
26       26   (0)      1  : 1.0000 0.0000
27       27   (0)      2  : 0.0000 1.0000
28       28   (0)      2  : 0.0000 1.0000
29       29   (0)      2  : 0.0000 1.0000
30       30   (0)      2  : 0.0000 1.0000
31       31   (0)      2  : 0.0585 0.9415
32       32   (0)      2  : 0.1029 0.8971
33       33   (0)      2  : 0.0000 1.0000
34       34   (0)      1  : 1.0000 0.0000
35       35   (0)      2  : 0.0000 1.0000
36       36   (0)      2  : 0.0000 1.0000
37       37   (0)      2  : 0.0000 1.0000
38       38   (0)      2  : 0.0000 1.0000
39       39   (0)      2  : 1.0000 0.0000
40       40   (0)      2  : 1.0000 0.0000
41       41   (0)      2  : 1.0000 0.0000
42       42   (0)      2  : 1.0000 0.0000
43       43   (0)      2  : 1.0000 0.0000
44       44   (0)      2  : 0.0000 1.0000
45       45   (0)      2  : 0.0476 0.9524
46       46   (0)      2  : 0.0000 1.0000
47       47   (0)      2  : 1.0000 0.0000
48       48   (0)      2  : 0.0000 1.0000
49       49   (0)      1  : 1.0000 0.0000
50       50   (0)      1  : 1.0000 0.0000
51       51   (0)      1  : 1.0000 0.0000
52       52   (0)      1  : 1.0000 0.0000
53       53   (0)      1  : 1.0000 0.0000
54       54   (0)      1  : 1.0000 0.0000
55       55   (0)      1  : 1.0000 0.0000
56       56   (0)      3  : 0.0000 1.0000
57       57   (0)      3  : 0.0000 1.0000
58       58   (0)      3  : 0.0000 1.0000
59       59   (0)      3  : 0.0000 1.0000
60       60   (0)      3  : 0.0000 1.0000
61       61   (0)      3  : 0.0003 0.9997
62       62   (0)      3  : 0.0000 1.0000
63       63   (0)      4  : 0.9229 0.0771
64       64   (0)      4  : 1.0000 0.0000
65       65   (0)      4  : 1.0000 0.0000
66       66   (0)      3  : 0.0000 1.0000
67       67   (0)      3  : 0.0000 1.0000
68       68   (0)      3  : 0.0000 1.0000
69       69   (0)      3  : 0.0000 1.0000
70       70   (0)      3  : 0.0000 1.0000
71       71   (0)      3  : 0.0000 1.0000
72       72   (0)      4  : 0.9894 0.0106
73       73   (0)      4  : 0.9381 0.0619
74       74   (0)      4  : 1.0000 0.0000
75       75   (0)      4  : 1.0000 0.0000
76       76   (0)      4  : 1.0000 0.0000
77       77   (0)      4  : 1.0000 0.0000
78       78   (0)      4  : 1.0000 0.0000
79       79   (0)      3  : 1.0000 0.0000
80       80   (0)      3  : 0.0000 1.0000
81       81   (0)      3  : 0.0000 1.0000
82       82   (0)      3  : 0.0000 1.0000
83       83   (0)      3  : 1.0000 0.0000
84       84   (0)      3  : 1.0000 0.0000
85       85   (0)      3  : 0.0000 1.0000
86       86   (0)      3  : 0.0000 1.0000
87       87   (0)      3  : 0.0573 0.9427
88       88   (0)      3  : 0.0000 1.0000
89       89   (0)      4  : 0.9596 0.0404
90       90   (0)      3  : 0.0000 1.0000
91       91   (0)      3  : 0.0000 1.0000
92       92   (0)      3  : 0.0000 1.0000
93       93   (0)      3  : 0.0000 1.0000
94       94   (0)      3  : 0.1899 0.8101
95       95   (0)      4  : 0.8837 0.1163
96       96   (0)      4  : 1.0000 0.0000
97       97   (0)      4  : 1.0000 0.0000
98       98   (0)      4  : 0.9569 0.0431
99       99   (0)      4  : 1.0000 0.0000
100      100   (0)      4  : 1.0000 0.0000
101      101   (0)      4  : 1.0000 0.0000
102      102   (0)      4  : 1.0000 0.0000
103      103   (0)      4  : 0.9267 0.0733
104      104   (0)      4  : 1.0000 0.0000
105      105   (0)      4  : 1.0000 0.0000
106      106   (0)      4  : 0.9721 0.0279
107      107   (0)      4  : 1.0000 0.0000
108      108   (0)      4  : 1.0000 0.0000
109      109   (0)      4  : 1.0000 0.0000
110      110   (0)      4  : 1.0000 0.0000
111      111   (0)      4  : 0.9436 0.0564
112      112   (0)      4  : 0.9245 0.0755
113      113   (0)      4  : 0.0000 1.0000
114      114   (0)      4  : 1.0000 0.0000
115      115   (0)      4  : 1.0000 0.0000
116      116   (0)      4  : 1.0000 0.0000
