1        1   (0)      1  : 0.0000 1.0000 0.0000 0.0000 0.0000 0.0000
2        2   (0)      1  : 0.0000 0.0403 0.8463 0.0000 0.0000 0.1135
3        3   (0)      1  : 0.0000 0.9981 0.0000 0.0000 0.0019 0.0000
4        4   (0)      1  : 0.0000 0.0000 0.7463 0.0413 0.0000 0.2123
5        5   (0)      1  : 0.0000 1.0000 0.0000 0.0000 0.0000 0.0000
6        6   (0)      1  : 0.0000 1.0000 0.0000 0.0000 0.0000 0.0000
7        7   (0)      1  : 0.0840 0.0451 0.8708 0.0000 0.0000 0.0000
8        8   (0)      1  : 0.0000 0.0000 0.8753 0.0000 0.0000 0.1247
9        9   (0)      1  : 0.0000 1.0000 0.0000 0.0000 0.0000 0.0000
10       10   (0)      2  : 0.0000 0.0000 1.0000 0.0000 0.0000 0.0000
11       11   (0)      2  : 0.0000 0.0000 1.0000 0.0000 0.0000 0.0000
12       12   (0)      2  : 0.0000 0.0000 1.0000 0.0000 0.0000 0.0000
13       13   (0)      3  : 0.0000 0.0117 0.0000 0.0000 0.9883 0.0000
14       14   (0)      3  : 0.0000 0.0338 0.0000 0.0000 0.9662 0.0000
15       15   (0)      3  : 0.0000 0.0655 0.0166 0.0000 0.9178 0.0000
16       16   (0)      3  : 0.0000 0.1050 0.0004 0.0000 0.8946 0.0000
17       17   (0)      3  : 0.0000 0.4249 0.0000 0.0000 0.5751 0.0000
18       18   (0)      3  : 0.0000 0.0605 0.0000 0.0000 0.9395 0.0000
19       19   (0)      3  : 0.0000 0.0000 0.6266 0.0325 0.0276 0.3133
20       20   (0)      3  : 0.1559 0.0000 0.4340 0.0299 0.0000 0.3801
21       21   (0)      2  : 0.0000 0.1496 0.8504 0.0000 0.0000 0.0000
22       22   (0)      2  : 0.0000 0.0002 0.9998 0.0000 0.0000 0.0000
23       23   (0)      2  : 0.0000 0.0000 1.0000 0.0000 0.0000 0.0000
24       24   (0)      2  : 0.0000 0.0000 1.0000 0.0000 0.0000 0.0000
25       25   (0)      2  : 0.0000 0.0000 1.0000 0.0000 0.0000 0.0000
26       26   (0)      2  : 0.0000 0.0000 0.9355 0.0000 0.0186 0.0459
27       27   (0)      2  : 0.0000 0.0000 0.9763 0.0000 0.0237 0.0000
28       28   (0)      2  : 0.0045 0.0000 0.9955 0.0000 0.0000 0.0000
29       29   (0)      2  : 0.0563 0.0636 0.8632 0.0169 0.0000 0.0000
30       30   (0)      2  : 0.0000 0.0000 1.0000 0.0000 0.0000 0.0000
31       31   (0)      2  : 0.0000 0.3193 0.6655 0.0000 0.0153 0.0000
32       32   (0)      2  : 0.0247 0.0682 0.7218 0.0000 0.1767 0.0085
33       33   (0)      2  : 0.0000 0.0139 0.9861 0.0000 0.0000 0.0000
34       34   (0)      2  : 0.0000 0.0000 1.0000 0.0000 0.0000 0.0000
35       35   (0)      2  : 0.0000 0.0000 1.0000 0.0000 0.0000 0.0000
36       36   (0)      2  : 0.0000 0.0000 0.9656 0.0344 0.0000 0.0000
37       37   (0)      2  : 0.0000 0.7618 0.0655 0.0000 0.1728 0.0000
38       38   (0)      2  : 0.0464 0.0000 0.9410 0.0126 0.0000 0.0000
39       39   (0)      2  : 0.0387 0.0258 0.8481 0.0086 0.0366 0.0422
40       40   (0)      2  : 0.0000 0.0000 0.9781 0.0000 0.0219 0.0000
41       41   (0)      2  : 0.0000 0.0000 0.9126 0.0000 0.0874 0.0000
42       42   (0)      2  : 0.0000 0.0000 1.0000 0.0000 0.0000 0.0000
43       43   (0)      4  : 1.0000 0.0000 0.0000 0.0000 0.0000 0.0000
44       44   (0)      4  : 0.9732 0.0268 0.0000 0.0000 0.0000 0.0000
45       45   (0)      4  : 0.9187 0.0000 0.0000 0.0813 0.0000 0.0000
46       46   (0)      4  : 0.7889 0.0000 0.0000 0.0711 0.0000 0.1400
47       47   (0)      4  : 0.9409 0.0356 0.0000 0.0000 0.0234 0.0000
48       48   (0)      4  : 0.2484 0.0000 0.0000 0.0000 0.7516 0.0000
49       49   (0)      4  : 0.1090 0.0000 0.0000 0.0000 0.8910 0.0000
50       50   (0)      4  : 1.0000 0.0000 0.0000 0.0000 0.0000 0.0000
51       51   (0)      4  : 0.9413 0.0000 0.0000 0.0000 0.0000 0.0587
52       52   (0)      4  : 0.6559 0.0265 0.0466 0.2243 0.0467 0.0000
53       53   (0)      4  : 0.7790 0.0000 0.0000 0.1710 0.0500 0.0000
54       54   (0)      4  : 0.1345 0.0713 0.0000 0.0000 0.7942 0.0000
55       55   (0)      4  : 0.1167 0.0408 0.0000 0.0000 0.8426 0.0000
56       56   (0)      4  : 0.2487 0.0000 0.0000 0.0000 0.7513 0.0000
57       57   (0)      4  : 0.8393 0.0000 0.0000 0.1607 0.0000 0.0000
58       58   (0)      4  : 0.9625 0.0000 0.0000 0.0000 0.0000 0.0375
59       59   (0)      4  : 1.0000 0.0000 0.0000 0.0000 0.0000 0.0000
60       60   (0)      4  : 1.0000 0.0000 0.0000 0.0000 0.0000 0.0000
61       61   (0)      4  : 0.9267 0.0000 0.0000 0.0000 0.0000 0.0733
62       62   (0)      4  : 0.9863 0.0000 0.0034 0.0000 0.0000 0.0103
63       63   (0)      4  : 1.0000 0.0000 0.0000 0.0000 0.0000 0.0000
64       64   (0)      4  : 1.0000 0.0000 0.0000 0.0000 0.0000 0.0000
65       65   (0)      4  : 0.0030 0.0034 0.0000 0.0000 0.9936 0.0000
66       66   (0)      4  : 0.9255 0.0000 0.0000 0.0000 0.0000 0.0745
67       67   (0)      4  : 0.8724 0.0000 0.0000 0.1276 0.0000 0.0000
68       68   (0)      4  : 0.1701 0.0702 0.0000 0.0000 0.7597 0.0000
69       69   (0)      4  : 0.9118 0.0000 0.0000 0.0000 0.0000 0.0882
70       70   (0)      4  : 1.0000 0.0000 0.0000 0.0000 0.0000 0.0000
71       71   (0)      4  : 0.0453 0.0000 0.0000 0.0000 0.9547 0.0000
72       72   (0)      5  : 0.0000 0.0000 0.0000 0.0000 0.0000 1.0000
73       73   (0)      5  : 0.0442 0.0000 0.0351 0.3803 0.0000 0.5405
74       74   (0)      5  : 0.0866 0.0000 0.0000 0.1780 0.0000 0.7354
75       75   (0)      5  : 0.0495 0.0000 0.0000 0.0000 0.0000 0.9505
76       76   (0)      5  : 0.1543 0.0696 0.1250 0.1970 0.0000 0.4540
77       77   (0)      5  : 0.0000 0.0000 0.0000 0.0635 0.0000 0.9365
78       78   (0)      5  : 0.0000 0.0000 0.0000 0.0000 0.0000 1.0000
79       79   (0)      5  : 0.0000 0.0000 0.0000 0.0000 0.0000 1.0000
80       80   (0)      5  : 0.0000 0.0000 0.0000 0.0020 0.8765 0.1215
81       81   (0)      5  : 0.0000 0.1708 0.0000 0.0000 0.3032 0.5260
82       82   (0)      5  : 0.2674 0.0000 0.0000 0.2267 0.0000 0.5060
83       83   (0)      5  : 0.0000 0.0000 0.0000 0.0000 0.0000 1.0000
84       84   (0)      5  : 0.0000 0.0000 0.0000 0.0000 0.0000 1.0000
85       85   (0)      5  : 0.0000 0.0000 0.0000 0.0000 0.0000 1.0000
86       86   (0)      5  : 0.0000 0.0000 0.0000 0.0000 0.0000 1.0000
87       87   (0)      5  : 0.0000 0.0000 0.0000 0.0000 0.0000 1.0000
88       88   (0)      5  : 0.0000 0.0000 0.0000 0.0000 0.0000 1.0000
89       89   (0)      5  : 0.0000 0.0000 0.0000 0.0000 0.0000 1.0000
90       90   (0)      5  : 0.0000 0.0000 0.0000 0.0000 0.0000 1.0000
91       91   (0)      5  : 0.0000 0.0000 0.0000 0.0000 0.0000 1.0000
92       92   (0)      5  : 0.0000 0.0026 0.0000 0.0000 0.7965 0.2009
93       93   (0)      5  : 0.0723 0.0000 0.0000 0.0348 0.0001 0.8928
94       94   (0)      5  : 0.0321 0.0000 0.0000 0.2852 0.0000 0.6827
95       95   (0)      5  : 0.1725 0.0000 0.0000 0.0516 0.0000 0.7758
96       96   (0)      5  : 0.1430 0.0000 0.0039 0.1841 0.0000 0.6690
97       97   (0)      6  : 0.1558 0.0000 0.3934 0.0000 0.0065 0.4443
98       98   (0)      6  : 0.0000 0.0000 0.8311 0.0377 0.0000 0.1313
99       99   (0)      6  : 0.0000 0.7840 0.0000 0.0000 0.2160 0.0000
100      100   (0)      6  : 0.1652 0.0000 0.6052 0.0000 0.0077 0.2219
101      101   (0)      6  : 0.0000 0.4553 0.0000 0.0000 0.5447 0.0000
102      102   (0)      6  : 0.0000 0.8359 0.0000 0.0000 0.1641 0.0000
103      103   (0)      6  : 0.0000 0.5244 0.0000 0.0000 0.4688 0.0068
104      104   (0)      6  : 0.0983 0.1628 0.3310 0.0556 0.0019 0.3504
105      105   (0)      6  : 0.0000 0.8421 0.0000 0.0000 0.1579 0.0000
106      106   (0)      6  : 0.0000 0.0000 0.6895 0.0000 0.0000 0.3105
107      107   (0)      3  : 0.0041 0.4465 0.0000 0.0000 0.5494 0.0000
108      108   (0)      3  : 0.1813 0.0095 0.2892 0.0961 0.0000 0.4240
109      109   (0)      3  : 0.0000 0.1343 0.0000 0.0000 0.8657 0.0000
110      110   (0)      2  : 0.0000 0.0000 1.0000 0.0000 0.0000 0.0000
111      111   (0)      2  : 0.0000 0.6851 0.0000 0.0000 0.3149 0.0000
112      112   (0)      3  : 0.0000 0.2391 0.0000 0.0000 0.7271 0.0338
113      113   (0)      2  : 0.0000 0.0000 1.0000 0.0000 0.0000 0.0000
114      114   (0)      2  : 0.0000 0.6365 0.0000 0.0000 0.3635 0.0000
115      115   (0)      3  : 0.0000 0.3765 0.0000 0.0000 0.6235 0.0000
116      116   (0)      3  : 0.0000 0.0896 0.0151 0.0000 0.8953 0.0000
117      117   (0)      3  : 0.0000 0.1133 0.0000 0.0000 0.8867 0.0000
118      118   (0)      3  : 0.0000 0.1977 0.0000 0.0000 0.8023 0.0000
119      119   (0)      3  : 0.0000 0.3131 0.0000 0.0000 0.6869 0.0000
120      120   (0)      3  : 0.0708 0.0000 0.5209 0.0000 0.0000 0.4082
121      121   (0)      3  : 0.0000 0.1542 0.0000 0.0000 0.8458 0.0000
122      122   (0)      3  : 0.0000 0.1883 0.0161 0.0000 0.7957 0.0000
123      123   (0)      3  : 0.0000 0.1323 0.0000 0.1157 0.7521 0.0000
124      124   (0)      3  : 0.0000 0.0000 0.0000 0.0000 1.0000 0.0000
125      125   (0)      3  : 0.1036 0.0000 0.6798 0.0296 0.0169 0.1701
126      126   (0)      3  : 0.0000 0.1184 0.0000 0.0000 0.8816 0.0000
127      127   (0)      3  : 0.0000 0.0000 0.7168 0.0000 0.0000 0.2832
128      128   (0)      3  : 0.0000 0.0000 0.0000 0.0000 1.0000 0.0000
129      129   (0)      6  : 0.0463 0.5576 0.0735 0.0000 0.3226 0.0000
130      130   (0)      6  : 0.0000 0.0000 0.4936 0.1678 0.0000 0.3387
131      131   (0)      6  : 0.0000 0.4747 0.0000 0.0000 0.5253 0.0000
132      132   (0)      6  : 0.0000 0.0000 0.6968 0.0000 0.0000 0.3032
133      133   (0)      6  : 0.0000 1.0000 0.0000 0.0000 0.0000 0.0000
134      134   (0)      6  : 0.0000 0.5506 0.0050 0.0000 0.4155 0.0289
135      135   (0)      6  : 0.0000 0.4952 0.0000 0.0000 0.5048 0.0000
136      136   (0)      6  : 0.0000 0.5589 0.0000 0.0000 0.4411 0.0000
137      137   (0)      6  : 0.0000 0.6823 0.0000 0.0000 0.3177 0.0000
138      138   (0)      6  : 0.0000 0.6280 0.0000 0.0000 0.3720 0.0000
139      139   (0)      6  : 0.0000 0.3189 0.0000 0.0000 0.5931 0.0880
140      140   (0)      6  : 0.1290 0.0001 0.6232 0.1206 0.0000 0.1271
141      141   (0)      1  : 0.0000 0.0000 0.9375 0.0000 0.0000 0.0625
142      142   (0)      1  : 0.0000 0.8795 0.0916 0.0000 0.0288 0.0000
143      143   (0)      1  : 0.0000 0.0000 0.8526 0.1474 0.0000 0.0000
144      144   (0)      1  : 0.0000 0.0000 0.9532 0.0191 0.0278 0.0000
145      145   (0)      1  : 0.0000 0.0000 0.9494 0.0000 0.0000 0.0506
146      146   (0)      1  : 0.0000 1.0000 0.0000 0.0000 0.0000 0.0000
147      147   (0)      6  : 0.0000 0.7005 0.0000 0.0000 0.2995 0.0000
148      148   (0)      6  : 0.0000 0.0499 0.7153 0.0000 0.0000 0.2348
149      149   (0)      6  : 0.0002 0.7912 0.0001 0.0388 0.1697 0.0000
150      150   (0)      6  : 0.0803 0.7759 0.0003 0.0000 0.1435 0.0000
151      151   (0)      6  : 0.0000 1.0000 0.0000 0.0000 0.0000 0.0000
152      152   (0)      6  : 0.0000 0.5252 0.0000 0.0000 0.4748 0.0000
153      153   (0)      6  : 0.0706 0.0000 0.4590 0.0000 0.0000 0.4705
154      154   (0)      1  : 0.0000 0.0000 1.0000 0.0000 0.0000 0.0000
155      155   (0)      1  : 0.0000 1.0000 0.0000 0.0000 0.0000 0.0000
156      156   (0)      1  : 0.0000 1.0000 0.0000 0.0000 0.0000 0.0000
157      157   (0)      1  : 0.0000 1.0000 0.0000 0.0000 0.0000 0.0000
158      158   (0)      1  : 0.0000 0.0100 0.9900 0.0000 0.0000 0.0000
159      159   (0)      1  : 0.0000 0.0000 0.9753 0.0000 0.0000 0.0247
160      160   (0)      1  : 0.0000 0.0000 0.9697 0.0289 0.0000 0.0014
161      161   (0)      1  : 0.0000 1.0000 0.0000 0.0000 0.0000 0.0000
162      162   (0)      1  : 0.0000 0.0000 0.9067 0.0000 0.0000 0.0933
163      163   (0)      1  : 0.0000 0.0000 1.0000 0.0000 0.0000 0.0000
164      164   (0)      1  : 0.0000 1.0000 0.0000 0.0000 0.0000 0.0000
165      165   (0)      1  : 0.0000 1.0000 0.0000 0.0000 0.0000 0.0000
166      166   (0)      1  : 0.0000 0.0268 0.8339 0.0000 0.0000 0.1393
167      167   (0)      1  : 0.0000 1.0000 0.0000 0.0000 0.0000 0.0000
168      168   (0)      7  : 0.0000 0.0000 0.3431 0.6108 0.0000 0.0461
169      169   (0)      7  : 0.0000 0.0000 0.1660 0.6978 0.0000 0.1362
170      170   (0)      7  : 0.0000 0.1154 0.0000 0.8846 0.0000 0.0000
171      171   (0)      7  : 0.0000 0.0905 0.0000 0.9093 0.0002 0.0000
172      172   (0)      7  : 0.0000 0.0000 0.0000 1.0000 0.0000 0.0000
173      173   (0)      7  : 0.0000 0.0000 0.0000 0.8025 0.0000 0.1975
174      174   (0)      7  : 0.0000 0.0000 0.0000 0.9957 0.0000 0.0043
175      175   (0)      7  : 0.0000 0.0009 0.0000 0.0746 0.9245 0.0000
176      176   (0)      7  : 0.0000 0.0000 0.0000 1.0000 0.0000 0.0000
177      177   (0)      7  : 0.0000 0.0000 0.0000 1.0000 0.0000 0.0000
178      178   (0)      7  : 0.0000 0.0000 0.0000 0.1420 0.8580 0.0000
179      179   (0)      7  : 0.0000 0.0720 0.0000 0.0000 0.9280 0.0000
180      180   (0)      7  : 0.0000 0.0000 0.0000 1.0000 0.0000 0.0000
181      181   (0)      7  : 0.0181 0.0000 0.0000 0.9247 0.0000 0.0571
182      182   (0)      7  : 0.0000 0.0000 0.0000 0.9051 0.0000 0.0949
183      183   (0)      7  : 0.0000 0.0000 0.0000 0.8757 0.1243 0.0000
184      184   (0)      7  : 0.0000 0.0901 0.0000 0.0822 0.8278 0.0000
185      185   (0)      7  : 0.0000 0.0000 0.0000 1.0000 0.0000 0.0000
186      186   (0)      7  : 0.0000 0.0000 0.0000 0.0272 0.9728 0.0000
187      187   (0)      7  : 0.0000 0.0000 0.0000 0.8518 0.0000 0.1482
188      188   (0)      7  : 0.0000 0.0000 0.0000 0.0107 0.9893 0.0000
189      189   (0)      7  : 0.0000 0.0000 0.0000 0.6686 0.2192 0.1123
190      190   (0)      7  : 0.0000 0.0119 0.0922 0.7312 0.0121 0.1525
191      191   (0)      7  : 0.0000 0.0000 0.0000 1.0000 0.0000 0.0000
192      192   (0)      7  : 0.0600 0.0000 0.0000 0.7106 0.2294 0.0000
193      193   (0)      7  : 0.0442 0.0000 0.0000 0.9558 0.0000 0.0000
194      194   (0)      7  : 0.0000 0.0013 0.0000 0.0829 0.9158 0.0000
195      195   (0)      7  : 0.0000 0.0000 0.0000 0.7625 0.0000 0.2375
196      196   (0)      7  : 0.0000 0.0105 0.0000 0.0056 0.9839 0.0000
197      197   (0)      7  : 0.0000 0.0000 0.0000 0.1505 0.8495 0.0000
