1        1   (0)      1  : 0.0000 1.0000 0.0000 0.0000 0.0000 0.0000
2        2   (0)      1  : 0.0155 0.0432 0.8783 0.0630 0.0000 0.0000
3        3   (0)      1  : 0.0000 0.8940 0.0000 0.0000 0.1060 0.0000
4        4   (0)      1  : 0.0000 0.0000 0.7323 0.2331 0.0345 0.0000
5        5   (0)      1  : 0.0000 0.9921 0.0000 0.0000 0.0079 0.0000
6        6   (0)      1  : 0.0000 0.7846 0.0000 0.0000 0.2154 0.0000
7        7   (0)      1  : 0.0802 0.0488 0.8710 0.0000 0.0000 0.0000
8        8   (0)      1  : 0.0000 0.0000 0.8800 0.1200 0.0000 0.0000
9        9   (0)      1  : 0.0000 1.0000 0.0000 0.0000 0.0000 0.0000
10       10   (0)      2  : 0.0000 0.0000 1.0000 0.0000 0.0000 0.0000
11       11   (0)      2  : 0.0000 0.0000 1.0000 0.0000 0.0000 0.0000
12       12   (0)      2  : 0.0000 0.0000 1.0000 0.0000 0.0000 0.0000
13       13   (0)      3  : 0.0000 0.0000 0.0000 0.0000 0.8476 0.1524
14       14   (0)      3  : 0.0000 0.0000 0.0000 0.0000 1.0000 0.0000
15       15   (0)      3  : 0.0000 0.0000 0.0000 0.0000 1.0000 0.0000
16       16   (0)      3  : 0.0000 0.0000 0.0000 0.0000 1.0000 0.0000
17       17   (0)      3  : 0.0000 0.4095 0.0000 0.0000 0.4735 0.1170
18       18   (0)      3  : 0.0000 0.0000 0.0000 0.0000 1.0000 0.0000
19       19   (0)      3  : 0.0000 0.0000 0.6267 0.3141 0.0592 0.0000
20       20   (0)      3  : 0.1680 0.0000 0.4294 0.4026 0.0000 0.0000
21       21   (0)      2  : 0.0000 0.1266 0.8428 0.0000 0.0000 0.0306
22       22   (0)      2  : 0.0000 0.0000 0.9740 0.0000 0.0000 0.0260
23       23   (0)      2  : 0.0000 0.0000 1.0000 0.0000 0.0000 0.0000
24       24   (0)      2  : 0.0000 0.0000 1.0000 0.0000 0.0000 0.0000
25       25   (0)      2  : 0.0000 0.0000 1.0000 0.0000 0.0000 0.0000
26       26   (0)      2  : 0.0000 0.0000 0.9615 0.0000 0.0385 0.0000
27       27   (0)      2  : 0.0000 0.0000 0.9647 0.0000 0.0164 0.0189
28       28   (0)      2  : 0.0013 0.0000 0.9987 0.0000 0.0000 0.0000
29       29   (0)      2  : 0.0564 0.0631 0.8717 0.0088 0.0000 0.0000
30       30   (0)      2  : 0.0000 0.0000 0.9826 0.0174 0.0000 0.0000
31       31   (0)      2  : 0.0000 0.2402 0.6479 0.0000 0.1119 0.0000
32       32   (0)      2  : 0.0150 0.0150 0.7191 0.0000 0.2056 0.0452
33       33   (0)      2  : 0.0000 0.0000 0.9745 0.0000 0.0255 0.0000
34       34   (0)      2  : 0.0000 0.0000 1.0000 0.0000 0.0000 0.0000
35       35   (0)      2  : 0.0000 0.0000 1.0000 0.0000 0.0000 0.0000
36       36   (0)      2  : 0.0000 0.0000 1.0000 0.0000 0.0000 0.0000
37       37   (0)      2  : 0.0000 0.6989 0.0542 0.0000 0.2165 0.0304
38       38   (0)      2  : 0.0544 0.0000 0.9456 0.0000 0.0000 0.0000
39       39   (0)      2  : 0.0364 0.0307 0.8603 0.0360 0.0210 0.0156
40       40   (0)      2  : 0.0000 0.0000 0.9633 0.0000 0.0367 0.0000
41       41   (0)      2  : 0.0000 0.0000 0.9151 0.0000 0.0000 0.0849
42       42   (0)      2  : 0.0000 0.0000 1.0000 0.0000 0.0000 0.0000
43       43   (0)      4  : 1.0000 0.0000 0.0000 0.0000 0.0000 0.0000
44       44   (0)      4  : 0.9575 0.0254 0.0000 0.0000 0.0000 0.0171
45       45   (0)      4  : 1.0000 0.0000 0.0000 0.0000 0.0000 0.0000
46       46   (0)      4  : 0.7867 0.0000 0.0000 0.2133 0.0000 0.0000
47       47   (0)      4  : 0.9169 0.0202 0.0000 0.0000 0.0000 0.0629
48       48   (0)      4  : 0.2408 0.0000 0.0000 0.0000 0.4916 0.2676
49       49   (0)      4  : 0.0995 0.0000 0.0000 0.0000 0.6302 0.2703
50       50   (0)      4  : 1.0000 0.0000 0.0000 0.0000 0.0000 0.0000
51       51   (0)      4  : 1.0000 0.0000 0.0000 0.0000 0.0000 0.0000
52       52   (0)      4  : 0.6676 0.0305 0.0430 0.1654 0.0027 0.0908
53       53   (0)      4  : 0.8443 0.0000 0.0000 0.0000 0.0000 0.1557
54       54   (0)      4  : 0.1113 0.1101 0.0000 0.0000 0.3439 0.4346
55       55   (0)      4  : 0.1144 0.0974 0.0000 0.0000 0.4971 0.2912
56       56   (0)      4  : 0.2532 0.0000 0.0000 0.0000 0.5714 0.1754
57       57   (0)      4  : 0.9280 0.0000 0.0000 0.0000 0.0000 0.0720
58       58   (0)      4  : 0.9954 0.0000 0.0000 0.0046 0.0000 0.0000
59       59   (0)      4  : 1.0000 0.0000 0.0000 0.0000 0.0000 0.0000
60       60   (0)      4  : 1.0000 0.0000 0.0000 0.0000 0.0000 0.0000
61       61   (0)      4  : 1.0000 0.0000 0.0000 0.0000 0.0000 0.0000
62       62   (0)      4  : 0.9964 0.0035 0.0001 0.0000 0.0000 0.0000
63       63   (0)      4  : 1.0000 0.0000 0.0000 0.0000 0.0000 0.0000
64       64   (0)      4  : 0.9766 0.0000 0.0000 0.0000 0.0000 0.0234
65       65   (0)      4  : 0.0000 0.0789 0.0000 0.0000 0.5022 0.4188
66       66   (0)      4  : 1.0000 0.0000 0.0000 0.0000 0.0000 0.0000
67       67   (0)      4  : 0.8906 0.0000 0.0000 0.1094 0.0000 0.0000
68       68   (0)      4  : 0.1532 0.0648 0.0000 0.0000 0.4648 0.3172
69       69   (0)      4  : 0.8885 0.0000 0.0000 0.1115 0.0000 0.0000
70       70   (0)      4  : 0.9999 0.0000 0.0000 0.0000 0.0000 0.0001
71       71   (0)      4  : 0.0387 0.0003 0.0000 0.0000 0.5942 0.3668
72       72   (0)      5  : 0.1338 0.0000 0.0510 0.7886 0.0266 0.0000
73       73   (0)      5  : 0.0671 0.0000 0.0298 0.7874 0.1157 0.0000
74       74   (0)      5  : 0.1268 0.0000 0.0000 0.8732 0.0000 0.0000
75       75   (0)      5  : 0.1621 0.0000 0.0097 0.8281 0.0001 0.0000
76       76   (0)      5  : 0.1881 0.1157 0.1147 0.5816 0.0000 0.0000
77       77   (0)      5  : 0.0000 0.0000 0.0000 1.0000 0.0000 0.0000
78       78   (0)      5  : 0.0000 0.0000 0.0000 1.0000 0.0000 0.0000
79       79   (0)      5  : 0.0437 0.0000 0.0933 0.8630 0.0000 0.0000
80       80   (0)      5  : 0.0000 0.0000 0.0000 0.0848 0.7341 0.1811
81       81   (0)      5  : 0.1005 0.0000 0.0000 0.3229 0.5766 0.0000
82       82   (0)      5  : 0.3255 0.0000 0.0000 0.6745 0.0000 0.0000
83       83   (0)      5  : 0.0000 0.0151 0.0000 0.9472 0.0377 0.0000
84       84   (0)      5  : 0.0000 0.0000 0.0000 1.0000 0.0000 0.0000
85       85   (0)      5  : 0.0000 0.0000 0.0000 1.0000 0.0000 0.0000
86       86   (0)      5  : 0.0087 0.0000 0.0000 0.9141 0.0772 0.0000
87       87   (0)      5  : 0.0584 0.0000 0.0771 0.8645 0.0000 0.0000
88       88   (0)      5  : 0.0000 0.0000 0.0342 0.9657 0.0001 0.0000
89       89   (0)      5  : 0.2191 0.0000 0.0272 0.7120 0.0417 0.0000
90       90   (0)      5  : 0.0000 0.0000 0.0000 0.9996 0.0004 0.0000
91       91   (0)      5  : 0.0000 0.0030 0.0000 0.9537 0.0433 0.0000
92       92   (0)      5  : 0.0415 0.0000 0.0000 0.1007 0.7634 0.0944
93       93   (0)      5  : 0.1170 0.0000 0.0000 0.8084 0.0747 0.0000
94       94   (0)      5  : 0.1417 0.0000 0.0000 0.8583 0.0000 0.0000
95       95   (0)      5  : 0.1945 0.0000 0.0000 0.8055 0.0000 0.0000
96       96   (0)      5  : 0.1867 0.0000 0.0113 0.7821 0.0199 0.0000
97       97   (0)      6  : 0.1594 0.0000 0.3439 0.4437 0.0530 0.0000
98       98   (0)      6  : 0.0000 0.0000 0.8327 0.1673 0.0000 0.0000
99       99   (0)      6  : 0.0000 0.7532 0.0000 0.0000 0.1352 0.1116
100      100   (0)      6  : 0.1793 0.0000 0.6080 0.2020 0.0107 0.0000
101      101   (0)      6  : 0.0000 0.2220 0.0000 0.0000 0.7780 0.0000
102      102   (0)      6  : 0.0000 0.8278 0.0000 0.0000 0.0889 0.0834
103      103   (0)      6  : 0.0000 0.4063 0.0000 0.0000 0.5937 0.0000
104      104   (0)      6  : 0.1184 0.0930 0.3524 0.3279 0.1082 0.0000
105      105   (0)      6  : 0.0000 0.6940 0.0000 0.0000 0.3060 0.0000
106      106   (0)      6  : 0.0163 0.0000 0.7264 0.2390 0.0183 0.0000
107      107   (0)      3  : 0.0000 0.2641 0.0000 0.0000 0.7359 0.0000
108      108   (0)      3  : 0.2351 0.0158 0.3136 0.4258 0.0097 0.0000
109      109   (0)      3  : 0.0000 0.0000 0.0000 0.0000 1.0000 0.0000
110      110   (0)      2  : 0.0000 0.0000 1.0000 0.0000 0.0000 0.0000
111      111   (0)      2  : 0.0000 0.4609 0.0000 0.0000 0.5381 0.0010
112      112   (0)      3  : 0.0000 0.0000 0.0000 0.0000 1.0000 0.0000
113      113   (0)      2  : 0.0000 0.0000 1.0000 0.0000 0.0000 0.0000
114      114   (0)      2  : 0.0000 0.3910 0.0000 0.0000 0.6090 0.0000
115      115   (0)      3  : 0.0000 0.1701 0.0000 0.0000 0.8299 0.0000
116      116   (0)      3  : 0.0000 0.0000 0.0000 0.0000 0.9945 0.0055
117      117   (0)      3  : 0.0000 0.0218 0.0000 0.0000 0.8582 0.1200
118      118   (0)      3  : 0.0000 0.1401 0.0000 0.0000 0.8599 0.0000
119      119   (0)      3  : 0.0000 0.1637 0.0000 0.0000 0.8363 0.0000
120      120   (0)      3  : 0.0768 0.0000 0.5284 0.3948 0.0000 0.0000
121      121   (0)      3  : 0.0000 0.0124 0.0000 0.0000 0.9876 0.0000
122      122   (0)      3  : 0.0000 0.1576 0.0000 0.0000 0.7173 0.1251
123      123   (0)      3  : 0.0000 0.0000 0.0000 0.0015 0.7619 0.2366
124      124   (0)      3  : 0.0000 0.0000 0.0000 0.0000 1.0000 0.0000
125      125   (0)      3  : 0.1084 0.0000 0.6907 0.1571 0.0424 0.0014
126      126   (0)      3  : 0.0000 0.0000 0.0000 0.0000 1.0000 0.0000
127      127   (0)      3  : 0.0000 0.0000 0.8042 0.1958 0.0000 0.0000
128      128   (0)      3  : 0.0000 0.0000 0.0000 0.0000 1.0000 0.0000
129      129   (0)      6  : 0.0001 0.2150 0.0751 0.0000 0.7098 0.0000
130      130   (0)      6  : 0.0341 0.0000 0.5252 0.4407 0.0000 0.0000
131      131   (0)      6  : 0.0000 0.3692 0.0000 0.0000 0.6178 0.0131
132      132   (0)      6  : 0.0000 0.0021 0.6847 0.3132 0.0000 0.0000
133      133   (0)      6  : 0.0000 1.0000 0.0000 0.0000 0.0000 0.0000
134      134   (0)      6  : 0.0000 0.3657 0.0234 0.0003 0.6106 0.0000
135      135   (0)      6  : 0.0000 0.3442 0.0000 0.0000 0.6558 0.0000
136      136   (0)      6  : 0.0000 0.4039 0.0000 0.0000 0.5961 0.0000
137      137   (0)      6  : 0.0000 0.4337 0.0000 0.0000 0.5663 0.0000
138      138   (0)      6  : 0.0000 0.3836 0.0000 0.0000 0.6164 0.0000
139      139   (0)      6  : 0.0000 0.0978 0.0000 0.0000 0.9022 0.0000
140      140   (0)      6  : 0.1241 0.0000 0.6115 0.2154 0.0490 0.0000
141      141   (0)      1  : 0.0000 0.0000 0.9316 0.0684 0.0000 0.0000
142      142   (0)      1  : 0.0000 0.4127 0.0858 0.0000 0.5015 0.0000
143      143   (0)      1  : 0.0000 0.0000 0.8449 0.1544 0.0000 0.0006
144      144   (0)      1  : 0.0000 0.0000 0.9549 0.0000 0.0000 0.0451
145      145   (0)      1  : 0.0000 0.0000 1.0000 0.0000 0.0000 0.0000
146      146   (0)      1  : 0.0000 1.0000 0.0000 0.0000 0.0000 0.0000
147      147   (0)      6  : 0.0000 0.5353 0.0000 0.0000 0.4647 0.0000
148      148   (0)      6  : 0.0038 0.0455 0.7859 0.1648 0.0000 0.0000
149      149   (0)      6  : 0.0056 0.7551 0.0185 0.0000 0.1333 0.0875
150      150   (0)      6  : 0.0539 0.5548 0.0067 0.0000 0.3845 0.0000
151      151   (0)      6  : 0.0000 0.9945 0.0000 0.0000 0.0055 0.0000
152      152   (0)      6  : 0.0000 0.3820 0.0000 0.0000 0.6180 0.0000
153      153   (0)      6  : 0.1440 0.0000 0.5795 0.2766 0.0000 0.0000
154      154   (0)      1  : 0.0000 0.0000 1.0000 0.0000 0.0000 0.0000
155      155   (0)      1  : 0.0000 1.0000 0.0000 0.0000 0.0000 0.0000
156      156   (0)      1  : 0.0000 1.0000 0.0000 0.0000 0.0000 0.0000
157      157   (0)      1  : 0.0000 1.0000 0.0000 0.0000 0.0000 0.0000
158      158   (0)      1  : 0.0000 0.0173 0.9827 0.0000 0.0000 0.0000
159      159   (0)      1  : 0.0000 0.0000 1.0000 0.0000 0.0000 0.0000
160      160   (0)      1  : 0.0000 0.0000 0.9747 0.0253 0.0000 0.0000
161      161   (0)      1  : 0.0000 1.0000 0.0000 0.0000 0.0000 0.0000
162      162   (0)      1  : 0.0001 0.0000 0.9379 0.0620 0.0000 0.0000
163      163   (0)      1  : 0.0000 0.0000 1.0000 0.0000 0.0000 0.0000
164      164   (0)      1  : 0.0000 1.0000 0.0000 0.0000 0.0000 0.0000
165      165   (0)      1  : 0.0000 1.0000 0.0000 0.0000 0.0000 0.0000
166      166   (0)      1  : 0.0000 0.0126 0.9874 0.0000 0.0000 0.0000
167      167   (0)      1  : 0.0000 1.0000 0.0000 0.0000 0.0000 0.0000
168      168   (0)      7  : 0.0000 0.0000 0.2437 0.5460 0.0000 0.2102
169      169   (0)      7  : 0.0000 0.0000 0.1411 0.7114 0.0000 0.1475
170      170   (0)      7  : 0.0000 0.0013 0.0000 0.5192 0.0000 0.4795
171      171   (0)      7  : 0.0000 0.0000 0.0000 0.5491 0.0000 0.4509
172      172   (0)      7  : 0.0000 0.0000 0.0000 0.7622 0.0000 0.2378
173      173   (0)      7  : 0.0000 0.0000 0.0000 0.7352 0.0000 0.2648
174      174   (0)      7  : 0.0000 0.0000 0.0000 0.7341 0.0000 0.2659
175      175   (0)      7  : 0.0000 0.0000 0.0000 0.0000 0.0000 1.0000
176      176   (0)      7  : 0.0000 0.0000 0.0000 0.7584 0.0000 0.2416
177      177   (0)      7  : 0.0000 0.0000 0.0000 0.7468 0.0000 0.2532
178      178   (0)      7  : 0.0000 0.0000 0.0000 0.0000 0.1607 0.8393
179      179   (0)      7  : 0.0000 0.0847 0.0000 0.0000 0.0000 0.9153
180      180   (0)      7  : 0.0000 0.0000 0.0000 0.7929 0.0000 0.2071
181      181   (0)      7  : 0.0000 0.0000 0.0000 0.7201 0.0000 0.2798
182      182   (0)      7  : 0.0000 0.0000 0.0000 0.7180 0.0000 0.2820
183      183   (0)      7  : 0.0000 0.0000 0.0000 0.4884 0.0000 0.5116
184      184   (0)      7  : 0.0000 0.0858 0.0000 0.0000 0.0000 0.9142
185      185   (0)      7  : 0.0000 0.0000 0.0000 0.5901 0.0000 0.4099
186      186   (0)      7  : 0.0000 0.0000 0.0000 0.0000 0.0000 1.0000
187      187   (0)      7  : 0.0000 0.0000 0.0000 0.7851 0.0000 0.2149
188      188   (0)      7  : 0.0000 0.0000 0.0000 0.0000 0.0000 1.0000
189      189   (0)      7  : 0.0000 0.0000 0.0000 0.5247 0.0000 0.4753
190      190   (0)      7  : 0.0000 0.0000 0.0539 0.6468 0.0000 0.2993
191      191   (0)      7  : 0.0400 0.0000 0.0517 0.6493 0.0000 0.2590
192      192   (0)      7  : 0.0761 0.0000 0.0252 0.3893 0.0000 0.5095
193      193   (0)      7  : 0.0635 0.0000 0.0000 0.6174 0.0000 0.3191
194      194   (0)      7  : 0.0000 0.0017 0.0000 0.0000 0.0000 0.9983
195      195   (0)      7  : 0.0000 0.0000 0.0000 0.7280 0.0000 0.2720
196      196   (0)      7  : 0.0000 0.0000 0.0000 0.0000 0.0000 1.0000
197      197   (0)      7  : 0.0000 0.0000 0.0000 0.0000 0.0000 1.0000
