1        1   (0)      1  : 0.2129 0.2708 0.5163
2        2   (0)      1  : 0.3647 0.3833 0.2520
3        3   (0)      2  : 0.0000 0.5503 0.4497
4        4   (0)      2  : 0.0751 0.4066 0.5184
5        5   (0)      2  : 0.5044 0.3264 0.1693
6        6   (0)      2  : 0.1349 0.4608 0.4042
7        7   (0)      2  : 1.0000 0.0000 0.0000
8        8   (0)      2  : 0.2639 0.4743 0.2618
9        9   (0)      2  : 0.7665 0.2335 0.0000
10       10   (0)      2  : 0.5027 0.2996 0.1977
11       11   (0)      2  : 0.3859 0.4039 0.2102
12       12   (0)      2  : 0.0000 0.4939 0.5061
13       13   (0)      2  : 1.0000 0.0000 0.0000
14       14   (0)      2  : 0.5516 0.4484 0.0000
15       15   (0)      2  : 0.4932 0.3515 0.1553
16       16   (0)      2  : 0.4812 0.0000 0.5188
17       17   (0)      2  : 0.7360 0.0000 0.2640
18       18   (0)      2  : 0.2747 0.2811 0.4442
19       19   (0)      2  : 0.5279 0.3709 0.1012
20       20   (0)      2  : 0.5425 0.0000 0.4575
21       21   (0)      2  : 0.4971 0.5029 0.0000
22       22   (0)      2  : 0.4161 0.2895 0.2944
23       23   (0)      2  : 0.7169 0.2830 0.0001
24       24   (0)      2  : 0.4077 0.3191 0.2732
25       25   (0)      2  : 0.0000 0.0000 1.0000
26       26   (0)      2  : 0.2705 0.3464 0.3831
27       27   (0)      2  : 0.2285 0.4064 0.3651
28       28   (0)      2  : 0.1378 0.5125 0.3498
29       29   (0)      2  : 0.3747 0.3535 0.2718
30       30   (0)      3  : 0.0000 0.4793 0.5207
31       31   (0)      3  : 0.9999 0.0001 0.0000
32       32   (0)      3  : 0.2742 0.3653 0.3605
33       33   (0)      3  : 0.3260 0.3125 0.3615
34       34   (0)      3  : 0.6410 0.2232 0.1358
35       35   (0)      3  : 0.2109 0.4997 0.2894
36       36   (0)      3  : 0.4397 0.5603 0.0000
37       37   (0)      3  : 0.3613 0.4458 0.1929
38       38   (0)      3  : 0.0000 0.0000 1.0000
39       39   (0)      3  : 0.2424 0.5542 0.2034
40       40   (0)      3  : 0.3846 0.1651 0.4504
41       41   (0)      3  : 0.0000 0.4956 0.5044
42       42   (0)      3  : 0.3175 0.6020 0.0805
43       43   (0)      3  : 0.1119 0.6771 0.2110
44       44   (0)      3  : 0.3413 0.3190 0.3397
45       45   (0)      3  : 0.3213 0.1358 0.5429
46       46   (0)      3  : 0.5157 0.2799 0.2044
47       47   (0)      3  : 1.0000 0.0000 0.0000
48       48   (0)      3  : 0.2249 0.2898 0.4854
49       49   (0)      3  : 0.2112 0.2863 0.5025
50       50   (0)      3  : 0.0000 1.0000 0.0000
51       51   (0)      3  : 0.5668 0.2095 0.2237
52       52   (0)      3  : 0.5621 0.4232 0.0147
53       53   (0)      3  : 0.2507 0.2974 0.4518
54       54   (0)      3  : 0.3230 0.3184 0.3586
55       55   (0)      3  : 0.3722 0.3833 0.2445
56       56   (0)      3  : 0.4863 0.3599 0.1539
57       57   (0)      3  : 0.4816 0.1349 0.3835
58       58   (0)      3  : 0.0000 0.4437 0.5563
59       59   (0)      3  : 0.0000 0.4709 0.5291
60       60   (0)      4  : 0.3358 0.1519 0.5123
61       61   (0)      4  : 0.4869 0.1078 0.4053
62       62   (0)      4  : 0.0000 0.3500 0.6500
63       63   (0)      4  : 0.3409 0.4175 0.2416
64       64   (0)      4  : 0.6656 0.0000 0.3344
65       65   (0)      4  : 0.7001 0.1870 0.1128
66       66   (0)      4  : 0.4709 0.2842 0.2449
67       67   (0)      4  : 0.5736 0.0000 0.4264
68       68   (0)      4  : 0.5331 0.2613 0.2056
69       69   (0)      4  : 0.4301 0.3168 0.2532
70       70   (0)      4  : 0.0000 1.0000 0.0000
71       71   (0)      1  : 1.0000 0.0000 0.0000
72       72   (0)      1  : 0.0000 0.3010 0.6990
73       73   (0)      1  : 0.1237 0.5525 0.3238
74       74   (0)      1  : 0.4101 0.5899 0.0000
75       75   (0)      1  : 0.4559 0.3830 0.1611
76       76   (0)      1  : 0.1806 0.5726 0.2468
77       77   (0)      1  : 0.0000 0.0000 1.0000
78       78   (0)      1  : 0.2211 0.4941 0.2848
79       79   (0)      1  : 0.3655 0.2166 0.4179
80       80   (0)      1  : 1.0000 0.0000 0.0000
81       81   (0)      1  : 0.0000 0.8369 0.1631
82       82   (0)      1  : 0.5453 0.1693 0.2854
83       83   (0)      1  : 0.5010 0.2501 0.2489
84       84   (0)      1  : 0.5798 0.4202 0.0000
85       85   (0)      1  : 0.3690 0.3778 0.2533
86       86   (0)      1  : 0.3259 0.2325 0.4416
87       87   (0)      1  : 0.0000 0.5010 0.4990
88       88   (0)      1  : 0.4831 0.2558 0.2611
89       89   (0)      1  : 0.0000 0.0000 1.0000
90       90   (0)      1  : 0.3585 0.2631 0.3784
91       91   (0)      1  : 1.0000 0.0000 0.0000
92       92   (0)      1  : 0.4410 0.4719 0.0871
93       93   (0)      1  : 0.1641 0.4412 0.3946
94       94   (0)      1  : 0.7189 0.0000 0.2811
95       95   (0)      1  : 1.0000 0.0000 0.0000
96       96   (0)      1  : 0.6631 0.1229 0.2140
97       97   (0)      1  : 0.3601 0.4997 0.1402
98       98   (0)      1  : 0.3438 0.3413 0.3150
99       99   (0)      4  : 0.6320 0.2524 0.1155
100      100   (0)      4  : 0.4748 0.3901 0.1351
101      101   (0)      5  : 0.4539 0.3936 0.1525
102      102   (0)      5  : 0.0000 1.0000 0.0000
103      103   (0)      5  : 0.2795 0.3707 0.3498
104      104   (0)      5  : 0.0000 0.6798 0.3202
105      105   (0)      5  : 0.0000 0.0000 1.0000
106      106   (0)      4  : 0.1519 0.4423 0.4057
107      107   (0)      4  : 0.3917 0.4819 0.1263
108      108   (0)      4  : 0.0196 0.4543 0.5261
109      109   (0)      4  : 0.0000 0.4759 0.5241
110      110   (0)      4  : 0.0000 0.7713 0.2287
111      111   (0)      5  : 0.0000 0.0000 1.0000
112      112   (0)      5  : 0.4833 0.1969 0.3198
113      113   (0)      5  : 0.4028 0.3203 0.2770
114      114   (0)      5  : 0.2720 0.7280 0.0000
115      115   (0)      5  : 0.0320 0.5119 0.4561
116      116   (0)      5  : 0.2318 0.4704 0.2978
117      117   (0)      4  : 0.6347 0.3653 0.0000
118      118   (0)      4  : 0.0000 0.0000 1.0000
119      119   (0)      4  : 0.6737 0.3263 0.0000
120      120   (0)      4  : 0.2046 0.4738 0.3216
121      121   (0)      4  : 0.0684 0.6215 0.3101
122      122   (0)      4  : 0.5437 0.0000 0.4563
123      123   (0)      4  : 0.4567 0.0000 0.5433
124      124   (0)      4  : 0.9199 0.0000 0.0801
125      125   (0)      5  : 1.0000 0.0000 0.0000
126      126   (0)      5  : 0.1069 0.3700 0.5231
127      127   (0)      5  : 0.0000 0.6886 0.3114
128      128   (0)      5  : 0.2498 0.2791 0.4712
129      129   (0)      5  : 0.1245 0.5673 0.3083
130      130   (0)      5  : 0.2762 0.3633 0.3605
131      131   (0)      5  : 0.3828 0.2720 0.3452
132      132   (0)      5  : 0.3328 0.1915 0.4757
133      133   (0)      5  : 0.0000 0.5300 0.4700
134      134   (0)      5  : 0.5451 0.0000 0.4549
135      135   (0)      5  : 0.0000 1.0000 0.0000
136      136   (0)      5  : 0.0000 0.5275 0.4725
137      137   (0)      5  : 0.4029 0.3668 0.2302
138      138   (0)      5  : 0.4654 0.4111 0.1235
139      139   (0)      5  : 0.0000 0.5628 0.4372
140      140   (0)      5  : 0.1177 0.4929 0.3894
141      141   (0)      5  : 0.5775 0.3428 0.0797
142      142   (0)      5  : 0.0000 0.0000 1.0000
143      143   (0)      5  : 0.4248 0.5360 0.0392
144      144   (0)      6  : 0.3125 0.3004 0.3870
145      145   (0)      6  : 0.0799 0.5969 0.3232
146      146   (0)      6  : 0.3703 0.1907 0.4390
147      147   (0)      6  : 0.0618 0.5037 0.4345
148      148   (0)      6  : 0.1887 0.5888 0.2225
149      149   (0)      6  : 0.5296 0.1795 0.2909
150      150   (0)      6  : 0.0000 0.5976 0.4024
151      151   (0)      6  : 0.0000 0.0000 1.0000
152      152   (0)      6  : 0.6258 0.3742 0.0000
153      153   (0)      6  : 0.0927 0.5155 0.3918
154      154   (0)      6  : 0.4445 0.2775 0.2780
155      155   (0)      6  : 0.0000 0.5566 0.4434
156      156   (0)      6  : 0.2124 0.4546 0.3330
157      157   (0)      6  : 0.5759 0.2015 0.2225
158      158   (0)      6  : 0.1738 0.2664 0.5598
159      159   (0)      6  : 0.4867 0.3070 0.2063
160      160   (0)      6  : 0.2674 0.3043 0.4283
161      161   (0)      6  : 0.0000 1.0000 0.0000
162      162   (0)      6  : 0.0000 1.0000 0.0000
163      163   (0)      6  : 0.0000 0.0000 1.0000
164      164   (0)      6  : 0.1603 0.6048 0.2349
165      165   (0)      6  : 0.4621 0.2845 0.2534
166      166   (0)      6  : 0.5934 0.2719 0.1347
167      167   (0)      6  : 0.4709 0.0000 0.5291
168      168   (0)      6  : 0.5213 0.2782 0.2005
169      169   (0)      6  : 0.3238 0.2682 0.4080
170      170   (0)      6  : 0.1842 0.3093 0.5064
171      171   (0)      6  : 0.2353 0.3441 0.4206
172      172   (0)      4  : 0.3481 0.1870 0.4648
173      173   (0)      4  : 0.0000 1.0000 0.0000
174      174   (0)      7  : 0.3597 0.5568 0.0835
175      175   (0)      7  : 1.0000 0.0000 0.0000
176      176   (0)      7  : 0.0319 0.5178 0.4502
177      177   (0)      7  : 0.7638 0.2362 0.0000
178      178   (0)      7  : 0.5822 0.3253 0.0925
179      179   (0)      7  : 0.0600 0.6442 0.2958
180      180   (0)      7  : 0.0000 0.0000 1.0000
181      181   (0)      7  : 0.0711 0.4210 0.5079
182      182   (0)      7  : 0.5036 0.3620 0.1343
183      183   (0)      7  : 0.2997 0.7003 0.0000
184      184   (0)      7  : 0.3700 0.0998 0.5302
185      185   (0)      7  : 0.4628 0.1385 0.3986
186      186   (0)      7  : 0.3809 0.4610 0.1581
187      187   (0)      7  : 0.2210 0.5155 0.2635
188      188   (0)      7  : 0.4341 0.5659 0.0000
189      189   (0)      7  : 0.4165 0.2690 0.3145
190      190   (0)      7  : 0.3033 0.2061 0.4906
191      191   (0)      7  : 0.2624 0.6193 0.1183
192      192   (0)      7  : 0.3600 0.3358 0.3042
193      193   (0)      7  : 0.7147 0.0000 0.2853
194      194   (0)      7  : 0.5096 0.2040 0.2864
195      195   (0)      7  : 0.4919 0.2289 0.2791
196      196   (0)      7  : 0.4620 0.5380 0.0000
197      197   (0)      7  : 0.7779 0.0000 0.2221
198      198   (0)      7  : 0.0000 1.0000 0.0000
199      199   (0)      7  : 0.5337 0.3030 0.1633
200      200   (0)      7  : 0.2001 0.4034 0.3965
201      201   (0)      7  : 0.5519 0.3135 0.1346
202      202   (0)      7  : 0.3468 0.4964 0.1568
203      203   (0)      7  : 1.0000 0.0000 0.0000
