1        1   (0)      1  : 0.4341 0.0000 0.0426 0.0000 0.2084 0.0000 0.1598 0.0000 0.1480 0.0070
2        2   (0)      1  : 0.3784 0.0000 0.0500 0.0000 0.0339 0.0000 0.0370 0.0000 0.5007 0.0000
3        3   (0)      1  : 0.0000 0.0000 0.8889 0.0000 0.0000 0.0000 0.0000 0.0000 0.0000 0.1111
4        4   (0)      1  : 0.2503 0.0000 0.0121 0.0000 0.0000 0.0275 0.0009 0.0000 0.7092 0.0000
5        5   (0)      1  : 0.2128 0.0000 0.0000 0.0000 0.0020 0.0000 0.1164 0.0000 0.6688 0.0000
6        6   (0)      1  : 0.7436 0.0000 0.1775 0.0000 0.0237 0.0000 0.0000 0.0000 0.0444 0.0108
7        7   (0)      1  : 0.6618 0.0000 0.0000 0.0000 0.2353 0.0000 0.0054 0.0000 0.0975 0.0000
8        8   (0)      1  : 0.0443 0.0000 0.0000 0.0000 0.0000 0.0000 0.0000 0.0000 0.9557 0.0000
9        9   (0)      1  : 0.0000 0.0000 0.8889 0.0000 0.0000 0.0000 0.0000 0.0000 0.0000 0.1111
10       10   (0)      1  : 0.3749 0.0000 0.0434 0.0000 0.3405 0.0075 0.0934 0.0000 0.1385 0.0019
11       11   (0)      1  : 0.5588 0.0000 0.0000 0.0000 0.2799 0.0000 0.0902 0.0000 0.0710 0.0000
12       12   (0)      1  : 0.5563 0.0000 0.0000 0.0000 0.1235 0.0384 0.0459 0.0000 0.2358 0.0000
13       13   (0)      1  : 0.7007 0.0000 0.0000 0.0000 0.1882 0.0000 0.0000 0.0000 0.1111 0.0000
14       14   (0)      1  : 0.3284 0.0000 0.0000 0.0000 0.2682 0.0000 0.2257 0.0000 0.1777 0.0000
15       15   (0)      2  : 0.0941 0.0000 0.0000 0.0000 0.4421 0.0000 0.0000 0.0000 0.4637 0.0000
16       16   (0)      2  : 0.0000 0.5584 0.0000 0.0368 0.0000 0.0040 0.1111 0.1111 0.0000 0.1786
17       17   (0)      2  : 0.0000 0.0000 0.0000 0.0000 0.0000 0.0000 0.0000 1.0000 0.0000 0.0000
18       18   (0)      2  : 0.0000 0.6425 0.0000 0.0953 0.0000 0.0648 0.0000 0.0863 0.0000 0.1111
19       19   (0)      2  : 0.0000 0.0783 0.0000 0.4725 0.0000 0.0388 0.0000 0.3569 0.0000 0.0535
20       20   (0)      2  : 0.0000 0.6205 0.0000 0.0602 0.0000 0.0494 0.0288 0.0554 0.0000 0.1856
21       21   (0)      2  : 0.0000 0.0286 0.0000 0.7455 0.0000 0.0023 0.0000 0.1762 0.0000 0.0474
22       22   (0)      2  : 0.0000 0.6578 0.0000 0.0000 0.0000 0.1524 0.0345 0.1197 0.0000 0.0356
23       23   (0)      1  : 0.0810 0.0000 0.0000 0.0000 0.5179 0.0157 0.1455 0.0000 0.2399 0.0000
24       24   (0)      1  : 0.0000 0.0000 0.0000 0.0000 1.0000 0.0000 0.0000 0.0000 0.0000 0.0000
25       25   (0)      1  : 0.0000 0.0000 1.0000 0.0000 0.0000 0.0000 0.0000 0.0000 0.0000 0.0000
26       26   (0)      1  : 0.8084 0.0000 0.0000 0.0000 0.0000 0.0000 0.1441 0.0000 0.0476 0.0000
27       27   (0)      2  : 0.0000 0.0000 0.0000 0.0000 0.0000 0.8889 0.0000 0.1111 0.0000 0.0000
28       28   (0)      2  : 0.0000 0.3333 0.0000 0.1111 0.0000 0.0000 0.1111 0.1111 0.0000 0.3333
29       29   (0)      2  : 0.0000 0.0000 0.0000 0.2222 0.0000 0.1338 0.0000 0.2087 0.0000 0.4353
30       30   (0)      2  : 0.0000 0.7778 0.0000 0.0214 0.0000 0.0000 0.0000 0.0000 0.0000 0.2008
31       31   (0)      2  : 0.0000 0.4931 0.0000 0.3073 0.0000 0.0001 0.0000 0.1872 0.0122 0.0000
32       32   (0)      2  : 0.0000 0.2199 0.1389 0.3688 0.0000 0.0732 0.0000 0.1860 0.0000 0.0133
33       33   (0)      2  : 0.0000 0.1646 0.0000 0.2939 0.0000 0.0384 0.0000 0.3921 0.0000 0.1111
34       34   (0)      1  : 0.0000 0.0000 0.0000 0.0000 0.5556 0.0000 0.0000 0.0000 0.4444 0.0000
35       35   (0)      2  : 0.0000 0.3603 0.0000 0.2846 0.0000 0.0000 0.0000 0.3325 0.0000 0.0225
36       36   (0)      2  : 0.0000 0.3966 0.0000 0.4774 0.0000 0.0000 0.0000 0.0284 0.0000 0.0976
37       37   (0)      2  : 0.0000 0.2159 0.0000 0.1130 0.0000 0.0843 0.0515 0.0619 0.0000 0.4734
38       38   (0)      2  : 0.0000 0.0000 0.0000 0.0000 0.0000 0.0000 0.0000 1.0000 0.0000 0.0000
39       39   (0)      2  : 0.1383 0.0000 0.0000 0.0000 0.6712 0.0000 0.0000 0.0000 0.1905 0.0000
40       40   (0)      2  : 0.0652 0.0000 0.0000 0.0000 0.4573 0.0680 0.1732 0.0000 0.2363 0.0000
41       41   (0)      2  : 0.2127 0.0000 0.0000 0.0000 0.2988 0.0287 0.3419 0.0000 0.1179 0.0000
42       42   (0)      2  : 0.5940 0.0000 0.0000 0.0000 0.1424 0.0336 0.1141 0.0000 0.1160 0.0000
43       43   (0)      2  : 0.3485 0.0000 0.0000 0.0000 0.2811 0.0153 0.1509 0.0000 0.2038 0.0004
44       44   (0)      2  : 0.0000 0.6179 0.0000 0.1416 0.0000 0.0000 0.0000 0.0675 0.0000 0.1730
45       45   (0)      2  : 0.0000 0.0292 0.0000 0.0116 0.0000 0.0000 0.0000 0.4117 0.0000 0.5475
46       46   (0)      2  : 0.0000 0.1194 0.0000 0.2601 0.0000 0.0000 0.1111 0.2208 0.0000 0.2887
47       47   (0)      2  : 0.0000 0.0000 0.0000 0.0000 0.2890 0.1111 0.1383 0.0000 0.4616 0.0000
48       48   (0)      2  : 0.0000 0.2213 0.0000 0.0989 0.0000 0.0175 0.0453 0.1809 0.0000 0.4361
49       49   (0)      1  : 0.2624 0.0000 0.0000 0.0000 0.6665 0.0000 0.0338 0.0000 0.0373 0.0000
50       50   (0)      1  : 0.1534 0.0000 0.0000 0.0000 0.0860 0.1111 0.0903 0.0000 0.5592 0.0000
51       51   (0)      1  : 0.0000 0.0000 0.0000 0.0000 0.0000 0.0000 0.4601 0.0000 0.5399 0.0000
52       52   (0)      1  : 0.4231 0.0000 0.0000 0.0000 0.2874 0.0000 0.2570 0.0000 0.0325 0.0000
53       53   (0)      1  : 0.1974 0.0000 0.0297 0.0000 0.2429 0.1111 0.3385 0.0000 0.0804 0.0000
54       54   (0)      1  : 0.3282 0.0000 0.0018 0.0000 0.3732 0.0000 0.0813 0.0000 0.2138 0.0017
55       55   (0)      1  : 0.3420 0.0000 0.0011 0.0000 0.3184 0.0006 0.0432 0.0000 0.2947 0.0000
56       56   (0)      3  : 0.0000 0.0000 0.0000 0.6921 0.0000 0.0856 0.0000 0.1112 0.0000 0.1111
57       57   (0)      3  : 0.0000 0.6132 0.0000 0.3147 0.0000 0.0409 0.0000 0.0217 0.0000 0.0094
58       58   (0)      3  : 0.0000 1.0000 0.0000 0.0000 0.0000 0.0000 0.0000 0.0000 0.0000 0.0000
59       59   (0)      3  : 0.0000 0.2525 0.0000 0.7417 0.0000 0.0058 0.0000 0.0000 0.0000 0.0000
60       60   (0)      3  : 0.0000 0.1445 0.0000 0.1225 0.0000 0.0484 0.0000 0.2142 0.0000 0.4704
61       61   (0)      3  : 0.0000 0.7235 0.0000 0.2153 0.0000 0.0000 0.0000 0.0612 0.0000 0.0000
62       62   (0)      3  : 0.0000 0.3212 0.0000 0.2343 0.0000 0.0000 0.0000 0.3333 0.0000 0.1111
63       63   (0)      4  : 0.0000 0.0000 1.0000 0.0000 0.0000 0.0000 0.0000 0.0000 0.0000 0.0000
64       64   (0)      4  : 0.3066 0.0000 0.0000 0.0000 0.1789 0.0000 0.1639 0.0000 0.3506 0.0000
65       65   (0)      4  : 0.2093 0.0000 0.0083 0.0000 0.1078 0.0675 0.5243 0.0000 0.0829 0.0000
66       66   (0)      3  : 0.0000 0.4077 0.0000 0.3689 0.0000 0.0000 0.0000 0.0262 0.0000 0.1973
67       67   (0)      3  : 0.0000 0.0680 0.0000 0.4519 0.0000 0.0175 0.0000 0.2429 0.0000 0.2197
68       68   (0)      3  : 0.0000 0.0000 0.0000 0.0000 0.0000 0.8889 0.0000 0.1111 0.0000 0.0000
69       69   (0)      3  : 0.0000 0.1133 0.0000 0.7144 0.0000 0.0714 0.0000 0.0615 0.0000 0.0395
70       70   (0)      3  : 0.0000 0.3016 0.0000 0.6984 0.0000 0.0000 0.0000 0.0000 0.0000 0.0000
71       71   (0)      3  : 0.0000 0.1201 0.0000 0.0000 0.0000 0.1299 0.1111 0.1112 0.0000 0.5278
72       72   (0)      4  : 0.5342 0.0010 0.0077 0.0000 0.2851 0.0001 0.0105 0.0000 0.1613 0.0000
73       73   (0)      4  : 0.1920 0.0208 0.0000 0.0382 0.3857 0.0114 0.0208 0.0000 0.3311 0.0000
74       74   (0)      4  : 0.3576 0.0000 0.0000 0.0000 0.0518 0.0435 0.0641 0.0000 0.4829 0.0000
75       75   (0)      4  : 0.2681 0.0000 0.0020 0.0000 0.5500 0.0000 0.1799 0.0000 0.0000 0.0000
76       76   (0)      4  : 0.0000 0.0000 0.0000 0.0000 0.2745 0.1111 0.0000 0.0000 0.6144 0.0000
77       77   (0)      4  : 0.0000 0.0000 0.0000 0.0000 0.6608 0.0000 0.1277 0.0000 0.2115 0.0000
78       78   (0)      4  : 0.3322 0.0000 0.0000 0.0000 0.0929 0.0000 0.2208 0.0000 0.3541 0.0000
79       79   (0)      3  : 0.5250 0.0000 0.0000 0.0000 0.0517 0.0415 0.3647 0.0000 0.0172 0.0000
80       80   (0)      3  : 0.0000 0.1243 0.0000 0.5570 0.0000 0.0091 0.0668 0.0432 0.0000 0.1996
81       81   (0)      3  : 0.0000 0.4902 0.0000 0.0527 0.0000 0.0000 0.0366 0.3142 0.0000 0.1062
82       82   (0)      3  : 0.0000 0.0342 0.0000 0.1111 0.0000 0.0096 0.0000 0.4446 0.0000 0.4004
83       83   (0)      3  : 0.0486 0.0000 0.0000 0.0000 0.2507 0.0610 0.0000 0.0000 0.6396 0.0001
84       84   (0)      3  : 0.0000 0.0000 0.0000 0.0000 0.0000 0.0000 0.8889 0.0000 0.1111 0.0000
85       85   (0)      3  : 0.0000 0.5824 0.0000 0.4083 0.0000 0.0000 0.0000 0.0093 0.0000 0.0000
86       86   (0)      3  : 0.0000 0.3660 0.0000 0.0941 0.0000 0.0000 0.0655 0.2237 0.0000 0.2507
87       87   (0)      3  : 0.0000 0.3831 0.0000 0.1291 0.0000 0.0412 0.1545 0.0583 0.0000 0.2338
88       88   (0)      3  : 0.0000 0.1373 0.0000 0.5560 0.0000 0.0000 0.0000 0.1350 0.0000 0.1716
89       89   (0)      4  : 0.5243 0.0037 0.0286 0.0000 0.3624 0.0000 0.0332 0.0033 0.0314 0.0130
90       90   (0)      3  : 0.0000 0.3370 0.0000 0.2313 0.0000 0.0000 0.0000 0.0978 0.0000 0.3338
91       91   (0)      3  : 0.0000 0.3167 0.0000 0.1111 0.0000 0.0086 0.1111 0.1191 0.0000 0.3333
92       92   (0)      3  : 0.0000 0.2841 0.0000 0.0372 0.0000 0.1194 0.0000 0.0570 0.0000 0.5023
93       93   (0)      3  : 0.0000 0.0000 0.0000 0.8262 0.0000 0.1169 0.0000 0.0569 0.0000 0.0000
94       94   (0)      3  : 0.0667 0.2742 0.0000 0.3644 0.0000 0.0219 0.1244 0.0546 0.0000 0.0937
95       95   (0)      4  : 0.2395 0.0264 0.0060 0.0635 0.3654 0.0157 0.0614 0.0100 0.1945 0.0177
96       96   (0)      4  : 0.0000 0.0000 0.0000 0.0000 0.5915 0.0000 0.1372 0.0000 0.2713 0.0000
97       97   (0)      4  : 0.0742 0.0000 0.0000 0.0000 0.1600 0.0000 0.1271 0.0000 0.6387 0.0000
98       98   (0)      4  : 0.1633 0.0087 0.0343 0.0040 0.6292 0.0000 0.1063 0.0094 0.0448 0.0000
99       99   (0)      4  : 0.3098 0.0000 0.0373 0.0000 0.3321 0.0000 0.1832 0.0000 0.1376 0.0000
100      100   (0)      4  : 0.0000 0.0000 0.0000 0.0000 0.9541 0.0000 0.0000 0.0000 0.0459 0.0000
101      101   (0)      4  : 0.5437 0.0000 0.0000 0.0000 0.2394 0.0497 0.0804 0.0000 0.0868 0.0000
102      102   (0)      4  : 0.0206 0.0000 0.0000 0.0000 0.1688 0.0000 0.0168 0.0000 0.7938 0.0000
103      103   (0)      4  : 0.0000 0.0000 1.0000 0.0000 0.0000 0.0000 0.0000 0.0000 0.0000 0.0000
104      104   (0)      4  : 0.6546 0.0000 0.0000 0.0000 0.2180 0.0000 0.0000 0.0000 0.1274 0.0000
105      105   (0)      4  : 0.2037 0.0000 0.0057 0.0000 0.2056 0.0000 0.0734 0.0000 0.5075 0.0042
106      106   (0)      4  : 0.4016 0.0035 0.0143 0.0022 0.2727 0.0212 0.2114 0.0045 0.0653 0.0032
107      107   (0)      4  : 0.0000 0.0000 0.0386 0.0000 0.4990 0.0402 0.0000 0.0000 0.4222 0.0000
108      108   (0)      4  : 0.0000 0.0000 0.0000 0.0000 0.0000 0.0000 0.8889 0.0000 0.1111 0.0000
109      109   (0)      4  : 0.7249 0.0000 0.0000 0.0000 0.1035 0.0668 0.0644 0.0000 0.0404 0.0000
110      110   (0)      4  : 0.2653 0.0000 0.0713 0.0000 0.5542 0.0000 0.0856 0.0000 0.0121 0.0114
111      111   (0)      4  : 0.0000 0.0000 0.8889 0.0000 0.0000 0.0000 0.0000 0.0000 0.0000 0.1111
112      112   (0)      4  : 0.0000 0.0000 1.0000 0.0000 0.0000 0.0000 0.0000 0.0000 0.0000 0.0000
113      113   (0)      4  : 0.0000 0.3661 0.0000 0.5080 0.0000 0.0213 0.0000 0.1047 0.0000 0.0000
114      114   (0)      4  : 0.7518 0.0000 0.0000 0.0000 0.0617 0.0074 0.0547 0.0000 0.1240 0.0005
115      115   (0)      4  : 0.7386 0.0000 0.0000 0.0000 0.1921 0.0000 0.0693 0.0000 0.0000 0.0000
116      116   (0)      4  : 0.9232 0.0000 0.0000 0.0000 0.0388 0.0000 0.0211 0.0000 0.0169 0.0000
