  1        1   (0)      1 :  0.2495 0.1587 0.1592 0.2622 0.1705 
  2        2   (0)      1 :  0.2028 0.0545 0.3968 0.1564 0.1895 
  3        3   (0)      2 :  0.2242 0.0902 0.4281 0.2198 0.0378 
  4        4   (0)      2 :  0.2089 0.1086 0.1169 0.5612 0.0045 
  5        5   (0)      2 :  0.0708 0.3890 0.2258 0.2284 0.0860 
  6        6   (0)      2 :  0.1989 0.2870 0.0293 0.2000 0.2849 
  7        7   (0)      2 :  0.1721 0.0927 0.1032 0.1743 0.4578 
  8        8   (0)      2 :  0.1370 0.2279 0.2266 0.2364 0.1721 
  9        9   (0)      2 :  0.0916 0.1117 0.3711 0.0000 0.4257 
 10       10   (0)      2 :  0.1133 0.1436 0.1904 0.1440 0.4086 
 11       11   (0)      2 :  0.1021 0.1961 0.1126 0.2856 0.3036 
 12       12   (0)      2 :  0.1017 0.3563 0.1695 0.3152 0.0574 
 13       13   (0)      2 :  0.0926 0.1907 0.2725 0.2395 0.2047 
 14       14   (0)      2 :  0.1738 0.3894 0.2537 0.1210 0.0621 
 15       15   (0)      2 :  0.1740 0.2195 0.2734 0.0783 0.2548 
 16       16   (0)      2 :  0.2402 0.0717 0.2423 0.2931 0.1527 
 17       17   (0)      2 :  0.1674 0.0540 0.1963 0.0996 0.4827 
 18       18   (0)      2 :  0.1835 0.4444 0.1236 0.1584 0.0902 
 19       19   (0)      2 :  0.1861 0.1286 0.3965 0.0265 0.2623 
 20       20   (0)      2 :  0.3405 0.0641 0.3722 0.1976 0.0255 
 21       21   (0)      2 :  0.1190 0.4449 0.0785 0.0479 0.3097 
 22       22   (0)      2 :  0.1292 0.2963 0.2336 0.2275 0.1134 
 23       23   (0)      2 :  0.1118 0.2847 0.1771 0.0902 0.3362 
 24       24   (0)      2 :  0.2527 0.1535 0.3558 0.0134 0.2246 
 25       25   (0)      2 :  0.5754 0.0447 0.0999 0.1462 0.1338 
 26       26   (0)      2 :  0.1199 0.1068 0.4366 0.2108 0.1258 
 27       27   (0)      2 :  0.2350 0.4496 0.1080 0.0822 0.1252 
 28       28   (0)      2 :  0.1596 0.4014 0.1334 0.1731 0.1325 
 29       29   (0)      2 :  0.1863 0.3008 0.1546 0.1417 0.2166 
 30       30   (0)      3 :  0.1582 0.1222 0.1680 0.5516 0.0000 
 31       31   (0)      3 :  0.2061 0.1642 0.3157 0.0263 0.2876 
 32       32   (0)      3 :  0.1730 0.2838 0.1948 0.2679 0.0805 
 33       33   (0)      3 :  0.1319 0.1001 0.2206 0.1670 0.3804 
 34       34   (0)      3 :  0.1944 0.0964 0.3625 0.0632 0.2835 
 35       35   (0)      3 :  0.1343 0.1679 0.3847 0.1530 0.1602 
 36       36   (0)      3 :  0.0924 0.2752 0.2546 0.1528 0.2250 
 37       37   (0)      3 :  0.1831 0.2836 0.1629 0.0889 0.2814 
 38       38   (0)      3 :  0.3301 0.0000 0.0194 0.1892 0.4614 
 39       39   (0)      3 :  0.0776 0.3752 0.1284 0.1290 0.2898 
 40       40   (0)      3 :  0.1822 0.0344 0.3100 0.3726 0.1008 
 41       41   (0)      3 :  0.2912 0.2574 0.2111 0.1778 0.0625 
 42       42   (0)      3 :  0.1107 0.6663 0.1277 0.0663 0.0289 
 43       43   (0)      3 :  0.1152 0.3188 0.2671 0.2003 0.0986 
 44       44   (0)      3 :  0.0735 0.2658 0.0781 0.5603 0.0224 
 45       45   (0)      3 :  0.0833 0.1760 0.0008 0.6503 0.0896 
 46       46   (0)      3 :  0.2607 0.0552 0.5946 0.0703 0.0194 
 47       47   (0)      3 :  0.1312 0.1900 0.1599 0.2153 0.3036 
 48       48   (0)      3 :  0.4894 0.0802 0.2703 0.1526 0.0075 
 49       49   (0)      3 :  0.4160 0.1952 0.1133 0.0298 0.2458 
 50       50   (0)      3 :  0.0844 0.3479 0.3730 0.0890 0.1057 
 51       51   (0)      3 :  0.1456 0.2957 0.1519 0.1858 0.2209 
 52       52   (0)      3 :  0.1502 0.1080 0.4123 0.1592 0.1703 
 53       53   (0)      3 :  0.2380 0.1342 0.2474 0.2919 0.0885 
 54       54   (0)      3 :  0.1190 0.3056 0.0792 0.4190 0.0772 
 55       55   (0)      3 :  0.1100 0.0797 0.5639 0.1600 0.0864 
 56       56   (0)      3 :  0.1114 0.1541 0.3532 0.2111 0.1701 
 57       57   (0)      3 :  0.2178 0.2086 0.2373 0.2506 0.0856 
 58       58   (0)      3 :  0.3718 0.0113 0.4778 0.0204 0.1186 
 59       59   (0)      3 :  0.1862 0.1991 0.3088 0.2803 0.0256 
 60       60   (0)      4 :  0.1952 0.0756 0.1450 0.0495 0.5347 
 61       61   (0)      4 :  0.1421 0.0406 0.2280 0.1567 0.4326 
 62       62   (0)      4 :  0.4733 0.0699 0.3226 0.0990 0.0352 
 63       63   (0)      4 :  0.0450 0.2230 0.2757 0.1714 0.2848 
 64       64   (0)      4 :  0.2665 0.1084 0.1142 0.0532 0.4576 
 65       65   (0)      4 :  0.0847 0.2014 0.2503 0.2204 0.2431 
 66       66   (0)      4 :  0.0487 0.1215 0.2623 0.4642 0.1033 
 67       67   (0)      4 :  0.3561 0.1352 0.1184 0.0632 0.3271 
 68       68   (0)      4 :  0.1168 0.0563 0.2445 0.2097 0.3727 
 69       69   (0)      4 :  0.1276 0.1090 0.5941 0.0355 0.1338 
 70       70   (0)      4 :  0.1076 0.7485 0.0261 0.0323 0.0855 
 71       71   (0)      1 :  0.2578 0.1562 0.2088 0.0390 0.3382 
 72       72   (0)      1 :  0.2638 0.0410 0.0001 0.2633 0.4317 
 73       73   (0)      1 :  0.1656 0.1350 0.5412 0.0572 0.1010 
 74       74   (0)      1 :  0.1233 0.3571 0.4160 0.0392 0.0644 
 75       75   (0)      1 :  0.0759 0.2323 0.2687 0.3035 0.1196 
 76       76   (0)      1 :  0.1722 0.6258 0.0020 0.1541 0.0458 
 77       77   (0)      1 :  0.5988 0.0000 0.2701 0.0710 0.0601 
 78       78   (0)      1 :  0.2303 0.3625 0.1229 0.0291 0.2552 
 79       79   (0)      1 :  0.2968 0.1512 0.1466 0.1419 0.2634 
 80       80   (0)      1 :  0.2010 0.5026 0.0096 0.1344 0.1523 
 81       81   (0)      1 :  0.0977 0.5834 0.0499 0.1932 0.0757 
 82       82   (0)      1 :  0.2824 0.2555 0.0729 0.1498 0.2394 
 83       83   (0)      1 :  0.1073 0.1491 0.0756 0.1363 0.5318 
 84       84   (0)      1 :  0.1484 0.2800 0.0591 0.0193 0.4932 
 85       85   (0)      1 :  0.0800 0.2956 0.0318 0.3229 0.2697 
 86       86   (0)      1 :  0.1738 0.0202 0.5603 0.1111 0.1346 
 87       87   (0)      1 :  0.2701 0.1499 0.2742 0.1991 0.1068 
 88       88   (0)      1 :  0.0645 0.0729 0.2044 0.1186 0.5396 
 89       89   (0)      1 :  0.4267 0.0919 0.1537 0.2172 0.1104 
 90       90   (0)      1 :  0.0696 0.2403 0.0791 0.4470 0.1640 
 91       91   (0)      1 :  0.0216 0.0268 0.0468 0.0354 0.8694 
 92       92   (0)      1 :  0.0369 0.2956 0.3986 0.2075 0.0614 
 93       93   (0)      1 :  0.2301 0.4926 0.0215 0.1365 0.1194 
 94       94   (0)      1 :  0.1573 0.0221 0.3343 0.2832 0.2031 
 95       95   (0)      1 :  0.2020 0.1858 0.1566 0.1833 0.2722 
 96       96   (0)      1 :  0.1954 0.1971 0.1991 0.1424 0.2660 
 97       97   (0)      1 :  0.1293 0.3309 0.1941 0.0523 0.2935 
 98       98   (0)      1 :  0.2252 0.0980 0.2063 0.1557 0.3149 
 99       99   (0)      4 :  0.3185 0.2458 0.0208 0.0055 0.4095 
100      100   (0)      4 :  0.1168 0.3234 0.1433 0.1508 0.2657 
101      101   (0)      5 :  0.1168 0.2815 0.0617 0.0565 0.4835 
102      102   (0)      5 :  0.0142 0.2883 0.3474 0.1224 0.2277 
103      103   (0)      5 :  0.2748 0.1543 0.2673 0.1713 0.1323 
104      104   (0)      5 :  0.1498 0.4877 0.0128 0.2411 0.1087 
105      105   (0)      5 :  0.6049 0.0061 0.0601 0.0170 0.3120 
106      106   (0)      4 :  0.0833 0.1036 0.2823 0.4720 0.0589 
107      107   (0)      4 :  0.1119 0.1246 0.1868 0.0883 0.4884 
108      108   (0)      4 :  0.2047 0.3045 0.1000 0.2522 0.1386 
109      109   (0)      4 :  0.2381 0.3145 0.0840 0.1849 0.1786 
110      110   (0)      4 :  0.0593 0.4551 0.1215 0.1862 0.1779 
111      111   (0)      5 :  0.5882 0.0513 0.0923 0.1422 0.1261 
112      112   (0)      5 :  0.1388 0.0249 0.2715 0.1345 0.4304 
113      113   (0)      5 :  0.1787 0.2228 0.1267 0.2296 0.2421 
114      114   (0)      5 :  0.0805 0.5142 0.2206 0.0313 0.1534 
115      115   (0)      5 :  0.2547 0.0297 0.4445 0.2711 0.0000 
116      116   (0)      5 :  0.1748 0.4086 0.1795 0.1101 0.1270 
117      117   (0)      4 :  0.1435 0.1167 0.2852 0.0542 0.4003 
118      118   (0)      4 :  0.3273 0.0942 0.1591 0.2727 0.1468 
119      119   (0)      4 :  0.0887 0.1877 0.4292 0.0588 0.2356 
120      120   (0)      4 :  0.2293 0.2554 0.2165 0.1153 0.1836 
121      121   (0)      4 :  0.0535 0.3824 0.1767 0.2883 0.0991 
122      122   (0)      4 :  0.3208 0.0276 0.3289 0.1903 0.1325 
123      123   (0)      4 :  0.4474 0.0808 0.2080 0.0290 0.2349 
124      124   (0)      4 :  0.0998 0.0632 0.4004 0.0602 0.3764 
125      125   (0)      5 :  0.0986 0.1689 0.1837 0.0294 0.5194 
126      126   (0)      5 :  0.1010 0.2005 0.0384 0.6599 0.0002 
127      127   (0)      5 :  0.1575 0.1961 0.0000 0.3788 0.2676 
128      128   (0)      5 :  0.2544 0.1012 0.2183 0.3581 0.0680 
129      129   (0)      5 :  0.1463 0.2694 0.2641 0.2221 0.0981 
130      130   (0)      5 :  0.1224 0.0874 0.3138 0.4336 0.0428 
131      131   (0)      5 :  0.1377 0.1797 0.4362 0.1809 0.0655 
132      132   (0)      5 :  0.1533 0.0181 0.3432 0.1023 0.3831 
133      133   (0)      5 :  0.2482 0.2708 0.1338 0.2339 0.1134 
134      134   (0)      5 :  0.2099 0.1075 0.1969 0.3416 0.1441 
135      135   (0)      5 :  0.0422 0.8759 0.0326 0.0220 0.0273 
136      136   (0)      5 :  0.1809 0.2271 0.0705 0.4268 0.0946 
137      137   (0)      5 :  0.0672 0.2408 0.3151 0.1467 0.2303 
138      138   (0)      5 :  0.1081 0.2153 0.3477 0.0748 0.2541 
139      139   (0)      5 :  0.2638 0.5289 0.0269 0.1767 0.0038 
140      140   (0)      5 :  0.2802 0.0822 0.3672 0.1194 0.1510 
141      141   (0)      5 :  0.1962 0.0949 0.3499 0.0922 0.2667 
142      142   (0)      5 :  0.2247 0.1646 0.1308 0.4297 0.0502 
143      143   (0)      5 :  0.0286 0.3694 0.1630 0.1858 0.2533 
144      144   (0)      6 :  0.2929 0.1485 0.0719 0.2517 0.2349 
145      145   (0)      6 :  0.1318 0.2274 0.3044 0.1748 0.1616 
146      146   (0)      6 :  0.2280 0.0317 0.3641 0.1328 0.2434 
147      147   (0)      6 :  0.1804 0.0483 0.4030 0.3328 0.0355 
148      148   (0)      6 :  0.0823 0.3884 0.1939 0.2735 0.0618 
149      149   (0)      6 :  0.3233 0.0772 0.2108 0.0070 0.3817 
150      150   (0)      6 :  0.1970 0.1278 0.4038 0.2713 0.0000 
151      151   (0)      6 :  0.2469 0.1413 0.3355 0.2621 0.0142 
152      152   (0)      6 :  0.0760 0.3222 0.1385 0.0695 0.3938 
153      153   (0)      6 :  0.1003 0.1844 0.3409 0.3231 0.0512 
154      154   (0)      6 :  0.0868 0.1182 0.3574 0.2194 0.2182 
155      155   (0)      6 :  0.3646 0.2063 0.1006 0.2586 0.0700 
156      156   (0)      6 :  0.1123 0.3773 0.0012 0.3312 0.1780 
157      157   (0)      6 :  0.2334 0.0340 0.2722 0.2680 0.1924 
158      158   (0)      6 :  0.3752 0.2730 0.0392 0.1573 0.1553 
159      159   (0)      6 :  0.1482 0.2234 0.1807 0.2404 0.2073 
160      160   (0)      6 :  0.0491 0.0756 0.0457 0.8190 0.0105 
161      161   (0)      6 :  0.1484 0.4846 0.1450 0.0106 0.2113 
162      162   (0)      6 :  0.0357 0.5743 0.0872 0.2671 0.0357 
163      163   (0)      6 :  0.2593 0.0070 0.0455 0.4961 0.1921 
164      164   (0)      6 :  0.1559 0.4229 0.1748 0.2275 0.0188 
165      165   (0)      6 :  0.1316 0.2539 0.0489 0.2890 0.2767 
166      166   (0)      6 :  0.1726 0.1786 0.2931 0.2116 0.1442 
167      167   (0)      6 :  0.2460 0.0246 0.1031 0.4650 0.1613 
168      168   (0)      6 :  0.2833 0.0207 0.6224 0.0000 0.0735 
169      169   (0)      6 :  0.2825 0.0834 0.1212 0.1939 0.3190 
170      170   (0)      6 :  0.1975 0.5690 0.0442 0.1570 0.0323 
171      171   (0)      6 :  0.3182 0.1297 0.1471 0.2660 0.1391 
172      172   (0)      4 :  0.2384 0.1362 0.3374 0.2733 0.0147 
173      173   (0)      4 :  0.1443 0.4175 0.1824 0.0294 0.2264 
174      174   (0)      7 :  0.0444 0.2274 0.3587 0.1914 0.1781 
175      175   (0)      7 :  0.0202 0.0267 0.0464 0.0421 0.8646 
176      176   (0)      7 :  0.1265 0.2007 0.1857 0.2448 0.2423 
177      177   (0)      7 :  0.0984 0.0897 0.3457 0.0313 0.4349 
178      178   (0)      7 :  0.1246 0.3836 0.0936 0.1234 0.2748 
179      179   (0)      7 :  0.1327 0.0766 0.6536 0.0511 0.0859 
180      180   (0)      7 :  0.2814 0.0111 0.4788 0.1696 0.0592 
181      181   (0)      7 :  0.4314 0.3222 0.0646 0.0731 0.1087 
182      182   (0)      7 :  0.0703 0.2844 0.0976 0.1236 0.4241 
183      183   (0)      7 :  0.0521 0.3352 0.2404 0.0366 0.3357 
184      184   (0)      7 :  0.1099 0.0179 0.2002 0.5455 0.1266 
185      185   (0)      7 :  0.0879 0.2247 0.0085 0.5551 0.1238 
186      186   (0)      7 :  0.1213 0.3694 0.2167 0.2614 0.0312 
187      187   (0)      7 :  0.0928 0.4101 0.0831 0.2503 0.1637 
188      188   (0)      7 :  0.0872 0.4695 0.1650 0.1522 0.1261 
189      189   (0)      7 :  0.1336 0.1286 0.2440 0.2270 0.2667 
190      190   (0)      7 :  0.2068 0.1689 0.1326 0.4114 0.0802 
191      191   (0)      7 :  0.1236 0.2980 0.2911 0.0841 0.2032 
192      192   (0)      7 :  0.2256 0.0814 0.4318 0.0637 0.1976 
193      193   (0)      7 :  0.2926 0.1237 0.0913 0.0526 0.4398 
194      194   (0)      7 :  0.0790 0.0244 0.2347 0.4604 0.2016 
195      195   (0)      7 :  0.1068 0.0908 0.1101 0.1105 0.5817 
196      196   (0)      7 :  0.0987 0.2188 0.2282 0.0237 0.4306 
197      197   (0)      7 :  0.1267 0.0376 0.4688 0.0419 0.3250 
198      198   (0)      7 :  0.2069 0.4639 0.1160 0.0095 0.2037 
199      199   (0)      7 :  0.0961 0.1057 0.2271 0.2326 0.3385 
200      200   (0)      7 :  0.0887 0.2609 0.1536 0.4054 0.0913 
201      201   (0)      7 :  0.1505 0.0332 0.2594 0.0237 0.5332 
202      202   (0)      7 :  0.1056 0.4191 0.1423 0.1111 0.2219 
203      203   (0)      7 :  0.0806 0.1006 0.1291 0.0861 0.6037 
