  1        1   (0)      1 :  0.1147 0.0985 0.2444 0.1939 0.1196 0.0279 0.1049 0.0699 0.0262 
  2        2   (0)      1 :  0.0283 0.1220 0.0372 0.0106 0.6235 0.0441 0.0460 0.0000 0.0883 
  3        3   (0)      2 :  0.1309 0.0382 0.0105 0.0789 0.2891 0.2051 0.1466 0.0516 0.0492 
  4        4   (0)      2 :  0.2446 0.0213 0.3530 0.1802 0.1181 0.0010 0.0790 0.0028 0.0001 
  5        5   (0)      2 :  0.0920 0.1594 0.0183 0.0929 0.0308 0.2404 0.1328 0.1029 0.1304 
  6        6   (0)      2 :  0.0000 0.3235 0.2742 0.1050 0.0103 0.0502 0.0965 0.0942 0.0460 
  7        7   (0)      2 :  0.0126 0.0003 0.0390 0.0104 0.0344 0.0356 0.0547 0.6700 0.1431 
  8        8   (0)      2 :  0.1458 0.1467 0.0492 0.1104 0.0216 0.1459 0.0985 0.2615 0.0204 
  9        9   (0)      2 :  0.0162 0.0946 0.0739 0.0368 0.1672 0.3704 0.0111 0.0757 0.1541 
 10       10   (0)      2 :  0.0805 0.0958 0.1501 0.0225 0.0494 0.0430 0.0246 0.3242 0.2098 
 11       11   (0)      2 :  0.0339 0.0880 0.0666 0.1419 0.0141 0.0389 0.0665 0.3786 0.1715 
 12       12   (0)      2 :  0.0578 0.2437 0.0494 0.2700 0.0455 0.0782 0.1833 0.0267 0.0454 
 13       13   (0)      2 :  0.1017 0.0463 0.0000 0.0430 0.0507 0.3022 0.2006 0.0634 0.1921 
 14       14   (0)      2 :  0.0742 0.4305 0.0095 0.0431 0.1073 0.1446 0.0460 0.0857 0.0590 
 15       15   (0)      2 :  0.2183 0.0700 0.0101 0.0275 0.2682 0.1643 0.0663 0.1017 0.0736 
 16       16   (0)      2 :  0.1274 0.0083 0.1012 0.1363 0.2276 0.0873 0.1331 0.0636 0.1152 
 17       17   (0)      2 :  0.0256 0.0000 0.1214 0.0269 0.2673 0.0825 0.0026 0.3196 0.1540 
 18       18   (0)      2 :  0.0993 0.0681 0.0894 0.2816 0.1539 0.2002 0.0335 0.0372 0.0368 
 19       19   (0)      2 :  0.1686 0.0256 0.0115 0.0528 0.3372 0.1395 0.0450 0.1646 0.0552 
 20       20   (0)      2 :  0.0741 0.0090 0.2596 0.1705 0.1751 0.0480 0.0405 0.1993 0.0239 
 21       21   (0)      2 :  0.0097 0.2764 0.0426 0.0587 0.0062 0.0389 0.0755 0.3404 0.1516 
 22       22   (0)      2 :  0.0202 0.1274 0.0399 0.4006 0.0249 0.1750 0.1223 0.0669 0.0227 
 23       23   (0)      2 :  0.0415 0.0858 0.1079 0.0816 0.1236 0.1602 0.0178 0.2148 0.1667 
 24       24   (0)      2 :  0.0775 0.1741 0.0558 0.1572 0.1496 0.1069 0.0783 0.0672 0.1333 
 25       25   (0)      2 :  0.1473 0.0184 0.2032 0.2077 0.0708 0.0546 0.1511 0.0786 0.0683 
 26       26   (0)      2 :  0.2596 0.0292 0.0102 0.2045 0.1271 0.0705 0.0637 0.1978 0.0375 
 27       27   (0)      2 :  0.3183 0.1075 0.0175 0.0681 0.0274 0.1291 0.1291 0.1593 0.0436 
 28       28   (0)      2 :  0.2402 0.3481 0.0181 0.0122 0.0549 0.0539 0.2117 0.0503 0.0106 
 29       29   (0)      2 :  0.0670 0.0360 0.0204 0.1615 0.0462 0.2330 0.1415 0.2530 0.0415 
 30       30   (0)      3 :  0.1830 0.2484 0.0329 0.3433 0.0129 0.0395 0.1399 0.0000 0.0000 
 31       31   (0)      3 :  0.0479 0.0844 0.0156 0.0817 0.2051 0.2148 0.0259 0.1682 0.1565 
 32       32   (0)      3 :  0.4107 0.1231 0.0346 0.0862 0.0685 0.0778 0.0621 0.0788 0.0582 
 33       33   (0)      3 :  0.2455 0.0398 0.1869 0.0352 0.1308 0.0830 0.0362 0.0812 0.1613 
 34       34   (0)      3 :  0.1162 0.0183 0.0253 0.0965 0.2417 0.1126 0.0261 0.2731 0.0902 
 35       35   (0)      3 :  0.2081 0.1069 0.1343 0.0763 0.1580 0.1470 0.0822 0.0398 0.0473 
 36       36   (0)      3 :  0.1398 0.0550 0.0395 0.0000 0.0411 0.3397 0.0227 0.3202 0.0419 
 37       37   (0)      3 :  0.1420 0.1726 0.1303 0.0549 0.0783 0.1566 0.0838 0.1534 0.0281 
 38       38   (0)      3 :  0.0000 0.0250 0.9271 0.0000 0.0211 0.0000 0.0268 0.0000 0.0000 
 39       39   (0)      3 :  0.0393 0.3822 0.0800 0.0223 0.1607 0.0150 0.0507 0.0779 0.1718 
 40       40   (0)      3 :  0.0871 0.0083 0.0645 0.2035 0.0869 0.0534 0.1445 0.2448 0.1070 
 41       41   (0)      3 :  0.1584 0.0941 0.4371 0.0796 0.1136 0.0576 0.0527 0.0041 0.0027 
 42       42   (0)      3 :  0.0360 0.4016 0.0080 0.1895 0.1127 0.0984 0.0509 0.0461 0.0568 
 43       43   (0)      3 :  0.2194 0.2545 0.0500 0.0668 0.0965 0.1337 0.0831 0.0300 0.0660 
 44       44   (0)      3 :  0.0620 0.0159 0.0164 0.0096 0.0495 0.1861 0.3921 0.1361 0.1323 
 45       45   (0)      3 :  0.0842 0.0538 0.0745 0.0192 0.0207 0.0041 0.5052 0.1805 0.0578 
 46       46   (0)      3 :  0.2279 0.0152 0.0273 0.1135 0.3530 0.0802 0.0349 0.1005 0.0474 
 47       47   (0)      3 :  0.0229 0.0328 0.0679 0.0204 0.0635 0.1136 0.0977 0.4890 0.0923 
 48       48   (0)      3 :  0.1912 0.0148 0.0643 0.1110 0.5391 0.0589 0.0004 0.0183 0.0020 
 49       49   (0)      3 :  0.1246 0.0771 0.1357 0.1446 0.0419 0.0525 0.0305 0.2534 0.1397 
 50       50   (0)      3 :  0.1829 0.3077 0.0032 0.0291 0.1894 0.1813 0.0724 0.0000 0.0340 
 51       51   (0)      3 :  0.0336 0.0203 0.0129 0.0856 0.0722 0.3141 0.0897 0.2834 0.0883 
 52       52   (0)      3 :  0.1918 0.0006 0.0374 0.0472 0.0426 0.2369 0.1107 0.1616 0.1711 
 53       53   (0)      3 :  0.3076 0.0066 0.0606 0.0101 0.2147 0.0806 0.1317 0.1557 0.0324 
 54       54   (0)      3 :  0.1175 0.1653 0.0347 0.1242 0.0353 0.1460 0.2883 0.0612 0.0275 
 55       55   (0)      3 :  0.2064 0.0000 0.0000 0.0901 0.2287 0.2025 0.1345 0.1057 0.0322 
 56       56   (0)      3 :  0.4839 0.0165 0.0111 0.0730 0.0659 0.0950 0.0223 0.1537 0.0786 
 57       57   (0)      3 :  0.1058 0.0130 0.1887 0.1032 0.0823 0.2506 0.0538 0.1413 0.0612 
 58       58   (0)      3 :  0.0500 0.1070 0.0646 0.3604 0.1474 0.0157 0.1265 0.0000 0.1285 
 59       59   (0)      3 :  0.1126 0.1083 0.0303 0.1415 0.2511 0.1756 0.1746 0.0059 0.0000 
 60       60   (0)      4 :  0.1224 0.0146 0.2202 0.1138 0.0873 0.0289 0.0782 0.1983 0.1363 
 61       61   (0)      4 :  0.1640 0.0000 0.0662 0.0000 0.0464 0.1499 0.0287 0.0506 0.4942 
 62       62   (0)      4 :  0.3728 0.0231 0.0916 0.0903 0.3330 0.0292 0.0276 0.0009 0.0315 
 63       63   (0)      4 :  0.0506 0.0439 0.1180 0.0001 0.1916 0.2306 0.1630 0.1117 0.0904 
 64       64   (0)      4 :  0.0816 0.0004 0.1439 0.1067 0.1379 0.0328 0.0323 0.2126 0.2518 
 65       65   (0)      4 :  0.0188 0.0280 0.0254 0.0276 0.2232 0.1365 0.1908 0.0382 0.3115 
 66       66   (0)      4 :  0.0887 0.0532 0.0383 0.0270 0.1008 0.0407 0.5445 0.0587 0.0481 
 67       67   (0)      4 :  0.0290 0.0000 0.1678 0.1103 0.0742 0.1278 0.0281 0.2895 0.1734 
 68       68   (0)      4 :  0.0477 0.0153 0.0824 0.0500 0.0940 0.0630 0.1419 0.2004 0.3052 
 69       69   (0)      4 :  0.2313 0.0834 0.0166 0.0838 0.3396 0.0659 0.1010 0.0267 0.0518 
 70       70   (0)      4 :  0.0490 0.4868 0.0000 0.0657 0.0000 0.2622 0.0621 0.0275 0.0466 
 71       71   (0)      1 :  0.0218 0.0097 0.0186 0.0093 0.2942 0.0952 0.0101 0.4898 0.0514 
 72       72   (0)      1 :  0.0000 0.0667 0.8992 0.0000 0.0000 0.0000 0.0340 0.0000 0.0000 
 73       73   (0)      1 :  0.3153 0.0568 0.0109 0.0510 0.2887 0.1263 0.0702 0.0193 0.0615 
 74       74   (0)      1 :  0.0280 0.3453 0.0763 0.1429 0.1026 0.1151 0.0588 0.0722 0.0587 
 75       75   (0)      1 :  0.1546 0.0723 0.0001 0.0175 0.1058 0.4312 0.0823 0.0394 0.0968 
 76       76   (0)      1 :  0.0870 0.1999 0.0319 0.1426 0.0146 0.0588 0.4311 0.0214 0.0128 
 77       77   (0)      1 :  0.0804 0.0109 0.3306 0.2274 0.1437 0.0104 0.0134 0.1332 0.0500 
 78       78   (0)      1 :  0.0758 0.3135 0.1369 0.0130 0.0432 0.0095 0.0981 0.2319 0.0781 
 79       79   (0)      1 :  0.0447 0.0345 0.1554 0.0811 0.1734 0.0715 0.1702 0.1908 0.0784 
 80       80   (0)      1 :  0.0548 0.0633 0.0423 0.0608 0.0244 0.3881 0.0954 0.2196 0.0513 
 81       81   (0)      1 :  0.0580 0.5645 0.1610 0.0625 0.0000 0.0198 0.1342 0.0000 0.0000 
 82       82   (0)      1 :  0.0120 0.0374 0.4346 0.0619 0.0072 0.0667 0.1161 0.1832 0.0810 
 83       83   (0)      1 :  0.0410 0.1500 0.1939 0.0143 0.2198 0.0487 0.0861 0.0311 0.2150 
 84       84   (0)      1 :  0.0814 0.0661 0.0004 0.1215 0.0809 0.0334 0.0816 0.1002 0.4346 
 85       85   (0)      1 :  0.0212 0.2651 0.0311 0.0556 0.0944 0.1500 0.1742 0.1204 0.0880 
 86       86   (0)      1 :  0.2469 0.0006 0.0446 0.0310 0.4213 0.0115 0.0206 0.1876 0.0360 
 87       87   (0)      1 :  0.0223 0.1057 0.0459 0.3410 0.0466 0.2415 0.1492 0.0242 0.0235 
 88       88   (0)      1 :  0.0768 0.0927 0.1162 0.0603 0.1743 0.0865 0.0389 0.0371 0.3172 
 89       89   (0)      1 :  0.1296 0.0768 0.1941 0.1987 0.0734 0.0043 0.0762 0.1827 0.0642 
 90       90   (0)      1 :  0.0756 0.0125 0.0163 0.2016 0.0676 0.2659 0.1451 0.0644 0.1510 
 91       91   (0)      1 :  0.0000 0.0000 0.1500 0.0000 0.0000 0.0000 0.0184 0.0000 0.8316 
 92       92   (0)      1 :  0.1525 0.2742 0.0146 0.0685 0.2658 0.1239 0.0606 0.0266 0.0135 
 93       93   (0)      1 :  0.0531 0.1625 0.0378 0.0270 0.0093 0.4621 0.2030 0.0291 0.0162 
 94       94   (0)      1 :  0.0410 0.0000 0.0265 0.1608 0.3620 0.0436 0.0308 0.2211 0.1142 
 95       95   (0)      1 :  0.0408 0.0095 0.0936 0.1796 0.0961 0.1027 0.0283 0.3905 0.0588 
 96       96   (0)      1 :  0.1003 0.0295 0.0220 0.1081 0.1244 0.2338 0.0686 0.2233 0.0901 
 97       97   (0)      1 :  0.2045 0.2184 0.0524 0.0311 0.0770 0.0902 0.0096 0.1335 0.1833 
 98       98   (0)      1 :  0.1216 0.0711 0.1294 0.1024 0.1644 0.0651 0.0205 0.1967 0.1288 
 99       99   (0)      4 :  0.1234 0.1630 0.0104 0.0220 0.0153 0.0103 0.0197 0.3977 0.2381 
100      100   (0)      4 :  0.1452 0.1371 0.1413 0.0131 0.0708 0.1822 0.0695 0.1659 0.0750 
101      101   (0)      5 :  0.0204 0.0687 0.1379 0.0073 0.1212 0.2607 0.0387 0.2338 0.1112 
102      102   (0)      5 :  0.0097 0.3715 0.0000 0.0390 0.1308 0.1449 0.0789 0.0862 0.1390 
103      103   (0)      5 :  0.2286 0.0569 0.0496 0.2318 0.0546 0.1512 0.0286 0.1635 0.0353 
104      104   (0)      5 :  0.0369 0.4169 0.0536 0.0394 0.0185 0.0793 0.2524 0.0854 0.0175 
105      105   (0)      5 :  0.0306 0.0000 0.3431 0.0144 0.0917 0.0246 0.0500 0.4435 0.0020 
106      106   (0)      4 :  0.1131 0.1455 0.0000 0.4654 0.0377 0.0997 0.0594 0.0081 0.0711 
107      107   (0)      4 :  0.0831 0.0764 0.0174 0.0240 0.0597 0.1187 0.0741 0.0117 0.5348 
108      108   (0)      4 :  0.0380 0.2154 0.3845 0.0387 0.0759 0.0000 0.2360 0.0000 0.0115 
109      109   (0)      4 :  0.2349 0.0680 0.2010 0.0940 0.0052 0.0262 0.0619 0.2851 0.0237 
110      110   (0)      4 :  0.1920 0.3371 0.0375 0.1045 0.0144 0.0591 0.1274 0.0030 0.1251 
111      111   (0)      5 :  0.1702 0.0143 0.1489 0.0811 0.1072 0.0367 0.1163 0.2420 0.0833 
112      112   (0)      5 :  0.0429 0.0098 0.1477 0.0551 0.3727 0.0464 0.0891 0.0356 0.2006 
113      113   (0)      5 :  0.0594 0.0580 0.0960 0.0592 0.0463 0.2296 0.1856 0.0805 0.1854 
114      114   (0)      5 :  0.1962 0.4506 0.0000 0.0321 0.0733 0.1176 0.0115 0.0085 0.1100 
115      115   (0)      5 :  0.0187 0.1325 0.0121 0.3274 0.3541 0.0037 0.0893 0.0050 0.0573 
116      116   (0)      5 :  0.2611 0.2810 0.0150 0.1626 0.0395 0.1091 0.0413 0.0355 0.0550 
117      117   (0)      4 :  0.1811 0.0000 0.0427 0.0151 0.1288 0.2387 0.0326 0.1335 0.2276 
118      118   (0)      4 :  0.1348 0.0135 0.2506 0.1750 0.0426 0.0936 0.2612 0.0246 0.0042 
119      119   (0)      4 :  0.0964 0.1006 0.0000 0.1088 0.0079 0.3435 0.0091 0.2249 0.1089 
120      120   (0)      4 :  0.1837 0.1332 0.2527 0.0137 0.0840 0.1996 0.0453 0.0805 0.0072 
121      121   (0)      4 :  0.1966 0.3583 0.0057 0.0088 0.0223 0.1224 0.1864 0.0000 0.0995 
122      122   (0)      4 :  0.0370 0.0000 0.3657 0.1378 0.3277 0.0285 0.0588 0.0097 0.0348 
123      123   (0)      4 :  0.0050 0.0001 0.3165 0.2163 0.0744 0.0648 0.0000 0.3142 0.0087 
124      124   (0)      4 :  0.0336 0.0000 0.1012 0.0148 0.3602 0.2052 0.0164 0.0455 0.2231 
125      125   (0)      5 :  0.1223 0.0088 0.0137 0.0165 0.0381 0.3095 0.0000 0.1474 0.3437 
126      126   (0)      5 :  0.1932 0.0930 0.2155 0.1277 0.0331 0.0096 0.3032 0.0129 0.0118 
127      127   (0)      5 :  0.0000 0.0972 0.1239 0.1048 0.0000 0.0447 0.5272 0.0075 0.0948 
128      128   (0)      5 :  0.0854 0.0421 0.1106 0.2292 0.1592 0.1298 0.1145 0.0544 0.0748 
129      129   (0)      5 :  0.1774 0.0847 0.0078 0.0285 0.0228 0.2825 0.1640 0.1609 0.0712 
130      130   (0)      5 :  0.0620 0.0323 0.1402 0.3297 0.0668 0.1219 0.1551 0.0126 0.0795 
131      131   (0)      5 :  0.2067 0.0283 0.0108 0.0572 0.0878 0.2071 0.2069 0.1903 0.0050 
132      132   (0)      5 :  0.0697 0.0034 0.0637 0.0104 0.2966 0.0648 0.0360 0.0000 0.4553 
133      133   (0)      5 :  0.4619 0.0970 0.0284 0.1278 0.0618 0.0462 0.0859 0.0342 0.0569 
134      134   (0)      5 :  0.0743 0.0000 0.0118 0.2350 0.0805 0.0993 0.0945 0.3650 0.0396 
135      135   (0)      5 :  0.0106 0.9242 0.0000 0.0000 0.0000 0.0651 0.0000 0.0000 0.0000 
136      136   (0)      5 :  0.0340 0.2681 0.0264 0.2896 0.0385 0.0088 0.2524 0.0000 0.0822 
137      137   (0)      5 :  0.4405 0.0000 0.0002 0.0226 0.0675 0.3087 0.0116 0.0399 0.1089 
138      138   (0)      5 :  0.1669 0.0297 0.0094 0.2195 0.0360 0.1180 0.0187 0.2966 0.1052 
139      139   (0)      5 :  0.0979 0.3819 0.1700 0.1718 0.0309 0.0338 0.0965 0.0172 0.0000 
140      140   (0)      5 :  0.1462 0.1773 0.0134 0.1201 0.1293 0.0410 0.2105 0.0732 0.0889 
141      141   (0)      5 :  0.0898 0.0423 0.0742 0.2795 0.0777 0.1130 0.0177 0.2542 0.0515 
142      142   (0)      5 :  0.0042 0.0474 0.0219 0.7131 0.0429 0.0243 0.0619 0.0378 0.0466 
143      143   (0)      5 :  0.0156 0.2664 0.0383 0.0410 0.0385 0.0932 0.2636 0.0078 0.2355 
144      144   (0)      6 :  0.0219 0.1291 0.2415 0.0624 0.1148 0.0639 0.1249 0.1945 0.0469 
145      145   (0)      6 :  0.1394 0.1712 0.0127 0.2404 0.1276 0.0413 0.2279 0.0188 0.0207 
146      146   (0)      6 :  0.1787 0.0000 0.0923 0.0836 0.2317 0.0908 0.0626 0.1595 0.1009 
147      147   (0)      6 :  0.2123 0.0656 0.0588 0.0789 0.4440 0.0466 0.0589 0.0170 0.0178 
148      148   (0)      6 :  0.3307 0.1771 0.0477 0.0085 0.0000 0.0302 0.2616 0.0454 0.0988 
149      149   (0)      6 :  0.1610 0.0278 0.1056 0.0301 0.0863 0.2514 0.0040 0.2238 0.1102 
150      150   (0)      6 :  0.0566 0.2052 0.0799 0.2368 0.2299 0.0360 0.1221 0.0332 0.0002 
151      151   (0)      6 :  0.3357 0.0203 0.0454 0.0173 0.1998 0.1032 0.1082 0.1568 0.0134 
152      152   (0)      6 :  0.0304 0.1384 0.0639 0.0387 0.0944 0.2086 0.0826 0.0823 0.2607 
153      153   (0)      6 :  0.0908 0.1736 0.0018 0.2880 0.0303 0.0163 0.3656 0.0240 0.0095 
154      154   (0)      6 :  0.1751 0.0533 0.0719 0.0523 0.2168 0.1675 0.1195 0.0277 0.1159 
155      155   (0)      6 :  0.0043 0.2689 0.1054 0.2338 0.0253 0.0030 0.2593 0.0000 0.1000 
156      156   (0)      6 :  0.0216 0.1625 0.1982 0.0844 0.0155 0.0541 0.3422 0.0575 0.0639 
157      157   (0)      6 :  0.0860 0.0008 0.0630 0.0637 0.1866 0.1920 0.1091 0.2017 0.0970 
158      158   (0)      6 :  0.0000 0.0880 0.4595 0.0356 0.0522 0.0694 0.0279 0.2674 0.0000 
159      159   (0)      6 :  0.0979 0.0660 0.0606 0.0655 0.1613 0.1623 0.1605 0.0877 0.1383 
160      160   (0)      6 :  0.1393 0.0493 0.0000 0.2464 0.0000 0.1156 0.2947 0.0000 0.1547 
161      161   (0)      6 :  0.0453 0.3848 0.0107 0.0092 0.1863 0.1175 0.0501 0.1376 0.0586 
162      162   (0)      6 :  0.2787 0.4580 0.1000 0.0305 0.0341 0.0555 0.0073 0.0233 0.0125 
163      163   (0)      6 :  0.0175 0.0177 0.4172 0.1711 0.0253 0.0357 0.2250 0.0679 0.0226 
164      164   (0)      6 :  0.0417 0.3036 0.2215 0.1428 0.0495 0.0478 0.1437 0.0324 0.0171 
165      165   (0)      6 :  0.1231 0.1143 0.0940 0.0866 0.0830 0.1011 0.0727 0.1881 0.1372 
166      166   (0)      6 :  0.2019 0.0014 0.0075 0.0525 0.0432 0.1923 0.0935 0.3290 0.0787 
167      167   (0)      6 :  0.0762 0.0256 0.3410 0.0687 0.0653 0.0589 0.2600 0.0224 0.0821 
168      168   (0)      6 :  0.0909 0.0173 0.0455 0.0278 0.6728 0.0723 0.0120 0.0114 0.0500 
169      169   (0)      6 :  0.0427 0.0965 0.2554 0.1102 0.1191 0.0211 0.0962 0.0671 0.1917 
170      170   (0)      6 :  0.0059 0.2097 0.0149 0.3229 0.0170 0.1999 0.1317 0.0871 0.0108 
171      171   (0)      6 :  0.1676 0.0468 0.3474 0.0798 0.0713 0.1181 0.0471 0.0641 0.0578 
172      172   (0)      4 :  0.0000 0.0070 0.0105 0.7488 0.0663 0.0000 0.0115 0.0981 0.0578 
173      173   (0)      4 :  0.1107 0.1738 0.0096 0.0487 0.0020 0.4003 0.0259 0.1800 0.0489 
174      174   (0)      7 :  0.3362 0.0433 0.0009 0.0488 0.0713 0.2183 0.1304 0.1095 0.0413 
175      175   (0)      7 :  0.0000 0.0000 0.1500 0.0000 0.0155 0.0000 0.0231 0.0000 0.8114 
176      176   (0)      7 :  0.2242 0.1812 0.1239 0.1018 0.0591 0.1137 0.0968 0.0000 0.0993 
177      177   (0)      7 :  0.1029 0.0000 0.0206 0.0709 0.1335 0.0742 0.0556 0.2997 0.2426 
178      178   (0)      7 :  0.0041 0.1533 0.1596 0.0491 0.0058 0.2439 0.0486 0.1407 0.1950 
179      179   (0)      7 :  0.4887 0.0000 0.0061 0.1639 0.0321 0.0732 0.0586 0.1333 0.0441 
180      180   (0)      7 :  0.6224 0.0000 0.0576 0.0295 0.1655 0.0430 0.0261 0.0344 0.0217 
181      181   (0)      7 :  0.0183 0.2708 0.2169 0.2200 0.0697 0.0250 0.0744 0.0401 0.0648 
182      182   (0)      7 :  0.1819 0.1445 0.0499 0.0340 0.0353 0.0526 0.0935 0.1813 0.2271 
183      183   (0)      7 :  0.1204 0.4486 0.0309 0.0167 0.1230 0.0388 0.1318 0.0123 0.0776 
184      184   (0)      7 :  0.2775 0.0022 0.2047 0.0675 0.0788 0.0729 0.1552 0.0412 0.1000 
185      185   (0)      7 :  0.1180 0.0635 0.1642 0.1210 0.0357 0.0415 0.2294 0.1559 0.0707 
186      186   (0)      7 :  0.1268 0.2375 0.0138 0.1277 0.0836 0.1656 0.1353 0.0567 0.0530 
187      187   (0)      7 :  0.0434 0.3857 0.0465 0.0808 0.1552 0.0726 0.1552 0.0060 0.0546 
188      188   (0)      7 :  0.1410 0.2740 0.0994 0.0163 0.0554 0.2103 0.1218 0.0377 0.0439 
189      189   (0)      7 :  0.2053 0.0211 0.0790 0.0262 0.2073 0.1660 0.1391 0.0128 0.1433 
190      190   (0)      7 :  0.0409 0.1520 0.1023 0.4255 0.0453 0.0372 0.1150 0.0530 0.0288 
191      191   (0)      7 :  0.0820 0.2269 0.0436 0.0581 0.1927 0.0756 0.0858 0.1582 0.0771 
192      192   (0)      7 :  0.0186 0.0751 0.0158 0.2403 0.2126 0.0727 0.0784 0.0860 0.2006 
193      193   (0)      7 :  0.0052 0.0354 0.2494 0.0139 0.1227 0.1003 0.0733 0.2294 0.1704 
194      194   (0)      7 :  0.0383 0.0096 0.0934 0.0998 0.3870 0.1704 0.1395 0.0044 0.0577 
195      195   (0)      7 :  0.0583 0.0046 0.3145 0.0073 0.0931 0.1177 0.0096 0.0350 0.3598 
196      196   (0)      7 :  0.1408 0.0826 0.0174 0.0342 0.0935 0.1978 0.0602 0.0643 0.3092 
197      197   (0)      7 :  0.0215 0.0000 0.0765 0.0148 0.5878 0.0618 0.0003 0.0183 0.2190 
198      198   (0)      7 :  0.0377 0.3001 0.1731 0.0116 0.0174 0.1812 0.0276 0.2247 0.0266 
199      199   (0)      7 :  0.1228 0.0372 0.1596 0.1216 0.0612 0.0491 0.0588 0.1915 0.1983 
200      200   (0)      7 :  0.1703 0.1333 0.1810 0.0496 0.0723 0.1612 0.1152 0.0422 0.0750 
201      201   (0)      7 :  0.0831 0.0211 0.0111 0.0003 0.1087 0.0788 0.0903 0.5122 0.0944 
202      202   (0)      7 :  0.0388 0.1244 0.1000 0.0443 0.0000 0.4030 0.0611 0.1775 0.0509 
203      203   (0)      7 :  0.0288 0.0156 0.0850 0.0273 0.1626 0.2028 0.0684 0.1426 0.2669 
