1        1   (0)      1  : 0.0809 0.0668 0.0797 0.2760 0.2245 0.0495 0.0659 0.1566
2        2   (0)      1  : 0.4238 0.0000 0.1690 0.2685 0.0376 0.0000 0.0510 0.0501
3        3   (0)      1  : 0.3019 0.0000 0.0000 0.1937 0.0655 0.2321 0.1386 0.0681
4        4   (0)      1  : 0.0709 0.0000 0.0000 0.7090 0.0206 0.0000 0.1777 0.0219
5        5   (0)      1  : 0.0000 0.0561 0.0366 0.2293 0.1482 0.0616 0.3518 0.1164
6        6   (0)      1  : 0.0602 0.0000 0.0000 0.3184 0.0046 0.1592 0.4577 0.0000
7        7   (0)      1  : 0.0000 0.0000 0.0000 0.1209 0.1793 0.1997 0.0000 0.5000
8        8   (0)      1  : 0.2103 0.0000 0.0000 0.3573 0.0000 0.0000 0.0000 0.4325
9        9   (0)      1  : 0.0000 0.3383 0.0000 0.2119 0.3485 0.0000 0.1012 0.0000
10       10   (0)      1  : 0.0000 0.0000 0.2067 0.2486 0.5448 0.0000 0.0000 0.0000
11       11   (0)      1  : 0.0000 0.1867 0.0000 0.0000 0.8133 0.0000 0.0000 0.0000
12       12   (0)      1  : 0.2410 0.0230 0.0000 0.0000 0.4228 0.0000 0.0000 0.3132
13       13   (0)      2  : 0.4994 0.5006 0.0000 0.0000 0.0000 0.0000 0.0000 0.0000
14       14   (0)      2  : 0.0000 0.3524 0.0000 0.0000 0.6476 0.0000 0.0000 0.0000
15       15   (0)      2  : 0.0000 0.2731 0.0000 0.0000 0.7269 0.0000 0.0000 0.0000
16       16   (0)      2  : 0.0000 0.7470 0.0000 0.0000 0.2530 0.0000 0.0000 0.0000
17       17   (0)      2  : 0.0000 0.4621 0.0564 0.0000 0.0000 0.0000 0.2977 0.1838
18       18   (0)      2  : 0.0000 0.1656 0.0000 0.0000 0.8344 0.0000 0.0000 0.0000
19       19   (0)      2  : 0.0000 0.5000 0.0000 0.0000 0.5000 0.0000 0.0000 0.0000
20       20   (0)      2  : 0.1084 0.2407 0.0000 0.0000 0.0005 0.4313 0.1704 0.0487
21       21   (0)      2  : 0.3200 0.0000 0.0000 0.6024 0.0000 0.0000 0.0776 0.0000
22       22   (0)      2  : 0.0341 0.1998 0.0000 0.0000 0.2396 0.1619 0.1677 0.1968
23       23   (0)      2  : 0.2614 0.5254 0.0000 0.0882 0.1250 0.0000 0.0000 0.0000
24       24   (0)      2  : 0.1956 0.0000 0.1495 0.2323 0.0000 0.2677 0.0000 0.1550
25       25   (0)      2  : 0.1480 0.1447 0.2013 0.1258 0.2955 0.0000 0.0000 0.0848
26       26   (0)      2  : 0.0838 0.0501 0.0000 0.0000 0.1981 0.0000 0.5680 0.1000
27       27   (0)      2  : 0.2565 0.0361 0.0000 0.1302 0.0612 0.1882 0.1499 0.1780
28       28   (0)      2  : 0.0000 0.0000 0.0000 0.0000 1.0000 0.0000 0.0000 0.0000
29       29   (0)      2  : 0.0000 0.0000 0.0000 0.0000 0.0000 0.1145 0.8623 0.0232
30       30   (0)      2  : 0.0000 0.0000 0.0000 0.0000 0.2420 0.0000 0.0000 0.7580
31       31   (0)      2  : 0.0000 0.0590 0.1434 0.0215 0.2403 0.2080 0.1904 0.1374
32       32   (0)      2  : 0.0803 0.1275 0.3217 0.0001 0.1206 0.1654 0.0701 0.1143
33       33   (0)      2  : 0.0000 1.0000 0.0000 0.0000 0.0000 0.0000 0.0000 0.0000
34       34   (0)      3  : 0.0987 0.0000 0.0002 0.1485 0.0000 0.1810 0.3878 0.1837
35       35   (0)      3  : 0.0000 0.0055 0.0000 0.5655 0.0000 0.2680 0.0000 0.1610
36       36   (0)      3  : 0.0000 0.0000 1.0000 0.0000 0.0000 0.0000 0.0000 0.0000
37       37   (0)      3  : 0.0000 0.0384 0.0000 0.1085 0.0000 0.1725 0.5402 0.1404
38       38   (0)      3  : 0.4826 0.0108 0.0710 0.0000 0.0132 0.0000 0.4071 0.0154
39       39   (0)      3  : 0.0000 0.0000 0.0000 0.0000 0.0000 0.8552 0.0000 0.1448
40       40   (0)      3  : 0.3471 0.0012 0.1922 0.0000 0.0159 0.4435 0.0000 0.0000
41       41   (0)      3  : 0.0000 0.0415 0.1437 0.0000 0.0000 0.7426 0.0000 0.0722
42       42   (0)      3  : 0.0000 0.2448 0.0000 0.7552 0.0000 0.0000 0.0000 0.0000
43       43   (0)      3  : 0.0000 0.0000 1.0000 0.0000 0.0000 0.0000 0.0000 0.0000
44       44   (0)      3  : 0.4661 0.1328 0.0882 0.3099 0.0029 0.0000 0.0000 0.0000
45       45   (0)      3  : 0.4508 0.0000 0.2054 0.1993 0.0000 0.0000 0.1444 0.0000
46       46   (0)      3  : 0.7795 0.0000 0.1676 0.0000 0.0000 0.0000 0.0000 0.0529
47       47   (0)      3  : 0.1370 0.1291 0.0000 0.1822 0.0000 0.0000 0.2693 0.2825
48       48   (0)      3  : 0.0000 0.0000 0.0000 0.0000 0.0000 1.0000 0.0000 0.0000
49       49   (0)      3  : 1.0000 0.0000 0.0000 0.0000 0.0000 0.0000 0.0000 0.0000
50       50   (0)      3  : 0.0000 0.0000 0.1682 0.0000 0.0000 0.1382 0.6936 0.0000
51       51   (0)      3  : 0.0000 0.0000 0.0000 0.0000 0.0000 1.0000 0.0000 0.0000
52       52   (0)      3  : 0.1242 0.1324 0.3120 0.0000 0.2110 0.1014 0.1098 0.0090
53       53   (0)      3  : 0.0782 0.0342 0.0000 0.1872 0.0368 0.1637 0.5000 0.0000
54       54   (0)      3  : 0.4380 0.1246 0.0000 0.0947 0.0000 0.0000 0.3427 0.0000
55       55   (0)      3  : 0.3505 0.0904 0.0623 0.2786 0.0289 0.0231 0.0379 0.1283
56       56   (0)      3  : 0.0791 0.0000 0.1361 0.0392 0.0000 0.0956 0.6499 0.0000
57       57   (0)      3  : 0.1478 0.0000 0.0256 0.0762 0.0000 0.0693 0.6178 0.0633
58       58   (0)      3  : 0.8376 0.0000 0.1624 0.0000 0.0000 0.0000 0.0000 0.0000
59       59   (0)      3  : 0.0000 0.0000 0.3404 0.0000 0.0532 0.1846 0.2970 0.1248
60       60   (0)      4  : 0.1744 0.1563 0.0000 0.0000 0.1682 0.0000 0.0000 0.5011
61       61   (0)      4  : 0.0000 0.6946 0.0000 0.1556 0.0000 0.1499 0.0000 0.0000
62       62   (0)      4  : 0.0050 0.0941 0.3366 0.0000 0.0962 0.2390 0.0625 0.1665
63       63   (0)      4  : 0.0000 0.0000 0.0000 1.0000 0.0000 0.0000 0.0000 0.0000
64       64   (0)      4  : 0.0000 0.0000 0.9035 0.0000 0.0965 0.0000 0.0000 0.0000
65       65   (0)      4  : 0.0000 0.0522 0.2394 0.0341 0.0526 0.6217 0.0000 0.0000
66       66   (0)      4  : 0.0000 0.0062 0.7180 0.1391 0.0000 0.1367 0.0000 0.0000
67       67   (0)      4  : 0.2464 0.0626 0.3186 0.0000 0.2348 0.0000 0.0549 0.0826
68       68   (0)      4  : 0.0000 0.0000 0.0000 0.0030 0.0000 0.1779 0.5291 0.2899
69       69   (0)      4  : 0.0000 0.0000 0.0000 1.0000 0.0000 0.0000 0.0000 0.0000
70       70   (0)      4  : 0.0342 0.3355 0.2734 0.0000 0.2863 0.0706 0.0000 0.0000
71       71   (0)      4  : 0.0649 0.0000 0.1637 0.1194 0.0000 0.3585 0.1216 0.1718
72       72   (0)      4  : 0.0000 0.1457 0.1140 0.0000 0.4512 0.1618 0.0000 0.1272
73       73   (0)      4  : 0.2386 0.0000 0.0670 0.2057 0.0397 0.0470 0.3164 0.0857
74       74   (0)      4  : 0.0000 0.0000 0.2934 0.2049 0.0000 0.5017 0.0000 0.0000
75       75   (0)      4  : 0.0000 0.0000 0.2701 0.3756 0.0000 0.2057 0.0661 0.0826
76       76   (0)      4  : 0.2331 0.0000 0.0586 0.3190 0.0889 0.0000 0.3004 0.0000
77       77   (0)      4  : 0.0670 0.0018 0.0147 0.3692 0.0856 0.0000 0.3574 0.1042
78       78   (0)      4  : 0.1675 0.0000 0.0791 0.1135 0.0000 0.2874 0.0816 0.2709
79       79   (0)      4  : 0.3592 0.0000 0.0444 0.1361 0.0000 0.0833 0.3770 0.0000
80       80   (0)      4  : 0.0000 0.0000 0.0000 0.4882 0.0000 0.0000 0.4488 0.0631
81       81   (0)      4  : 0.0000 0.2642 0.0203 0.0000 0.3512 0.1674 0.0633 0.1335
82       82   (0)      4  : 0.2075 0.0000 0.0000 0.3159 0.0959 0.2109 0.0027 0.1672
83       83   (0)      4  : 0.3016 0.0000 0.1323 0.0000 0.0121 0.1418 0.4121 0.0001
84       84   (0)      4  : 0.2263 0.0000 0.2255 0.0000 0.1216 0.0644 0.3032 0.0590
85       85   (0)      4  : 0.0000 0.2402 0.1584 0.1359 0.3416 0.0000 0.0000 0.1239
86       86   (0)      5  : 0.1384 0.0587 0.1903 0.0000 0.0000 0.0000 0.5768 0.0357
87       87   (0)      5  : 0.1686 0.0000 0.0016 0.1875 0.1354 0.2250 0.2339 0.0480
88       88   (0)      5  : 0.2715 0.0649 0.3332 0.0000 0.0000 0.0000 0.1783 0.1521
89       89   (0)      5  : 0.1741 0.0000 0.1509 0.2251 0.0322 0.2428 0.1749 0.0000
90       90   (0)      5  : 0.2248 0.0498 0.0000 0.0000 0.0000 0.6902 0.0352 0.0000
91       91   (0)      5  : 0.5092 0.0438 0.0000 0.0000 0.0692 0.1240 0.2032 0.0505
92       92   (0)      5  : 0.1712 0.0030 0.2837 0.2684 0.0000 0.0796 0.1056 0.0886
93       93   (0)      5  : 1.0000 0.0000 0.0000 0.0000 0.0000 0.0000 0.0000 0.0000
94       94   (0)      5  : 0.0000 0.0336 0.1479 0.2965 0.0356 0.3197 0.1666 0.0000
95       95   (0)      5  : 0.0850 0.4343 0.0000 0.0000 0.1268 0.0000 0.3540 0.0000
96       96   (0)      5  : 0.4542 0.0000 0.0783 0.3662 0.0000 0.0512 0.0000 0.0502
97       97   (0)      5  : 0.0000 0.0000 0.0000 0.1804 0.1670 0.0000 0.1526 0.5000
98       98   (0)      5  : 0.0000 0.2059 0.5157 0.0994 0.0000 0.0000 0.1789 0.0000
99       99   (0)      5  : 0.4943 0.0000 0.0000 0.4313 0.0000 0.0000 0.0000 0.0744
100      100   (0)      5  : 0.0000 0.0000 1.0000 0.0000 0.0000 0.0000 0.0000 0.0000
101      101   (0)      5  : 0.3345 0.0000 0.1655 0.0000 0.0000 0.5000 0.0000 0.0000
102      102   (0)      5  : 0.2246 0.0000 0.0302 0.0000 0.0000 0.7452 0.0000 0.0000
103      103   (0)      5  : 0.1896 0.0000 0.5026 0.0000 0.0000 0.3078 0.0000 0.0000
104      104   (0)      5  : 0.1143 0.0396 0.2385 0.0000 0.2261 0.2086 0.1570 0.0158
105      105   (0)      5  : 0.4104 0.0000 0.3489 0.0800 0.0000 0.0000 0.1601 0.0006
106      106   (0)      5  : 0.1937 0.0305 0.1106 0.1455 0.0885 0.2897 0.0000 0.1415
107      107   (0)      5  : 0.3683 0.0525 0.0000 0.0680 0.0230 0.4257 0.0000 0.0625
108      108   (0)      5  : 0.4012 0.1765 0.0691 0.0000 0.0000 0.2092 0.0000 0.1439
109      109   (0)      5  : 0.6527 0.1329 0.0000 0.0000 0.2144 0.0000 0.0000 0.0000
110      110   (0)      5  : 0.0000 0.0031 0.0000 0.3211 0.0000 0.0000 0.1662 0.5097
111      111   (0)      5  : 0.1138 0.0000 0.3247 0.2405 0.0000 0.2028 0.1182 0.0000
112      112   (0)      5  : 0.3859 0.0000 0.0000 0.2471 0.0000 0.2265 0.1404 0.0000
113      113   (0)      4  : 0.0048 0.0000 0.7964 0.0469 0.0000 0.1515 0.0000 0.0004
114      114   (0)      6  : 0.0853 0.1320 0.3854 0.2341 0.0000 0.0000 0.1269 0.0362
115      115   (0)      6  : 0.0000 0.0900 0.4596 0.0941 0.2823 0.0000 0.0741 0.0000
116      116   (0)      6  : 0.0000 0.2256 0.1230 0.0000 0.2433 0.0000 0.1356 0.2725
117      117   (0)      6  : 0.0000 0.0000 0.0000 0.0000 0.8297 0.0000 0.0000 0.1703
118      118   (0)      6  : 0.1923 0.2246 0.0000 0.2754 0.3077 0.0000 0.0000 0.0000
119      119   (0)      6  : 0.0000 0.5316 0.0000 0.0000 0.2538 0.0000 0.0000 0.2146
120      120   (0)      6  : 0.0000 0.0000 0.0000 0.8618 0.0000 0.0000 0.1382 0.0000
121      121   (0)      6  : 0.0003 0.1025 0.1746 0.3252 0.0663 0.1762 0.1548 0.0000
122      122   (0)      6  : 0.3990 0.0000 0.0000 0.0707 0.0181 0.2837 0.2113 0.0172
123      123   (0)      6  : 0.0365 0.0378 0.1523 0.0935 0.1799 0.0000 0.0000 0.5000
124      124   (0)      6  : 0.0939 0.0000 0.1126 0.3796 0.0000 0.2907 0.0961 0.0270
125      125   (0)      6  : 0.4890 0.0605 0.0000 0.2713 0.0747 0.0000 0.0508 0.0536
126      126   (0)      6  : 0.3580 0.0000 0.0000 0.0964 0.0000 0.3796 0.0000 0.1660
127      127   (0)      6  : 0.1023 0.4720 0.0000 0.0000 0.0000 0.0000 0.2419 0.1837
128      128   (0)      6  : 0.2250 0.0000 0.2323 0.2793 0.0000 0.0352 0.1468 0.0813
129      129   (0)      6  : 0.0000 0.0000 0.3625 0.3492 0.0000 0.0554 0.2261 0.0068
130      130   (0)      6  : 0.0471 0.0000 0.1011 0.1162 0.1569 0.0787 0.0000 0.5000
131      131   (0)      6  : 0.0354 0.4313 0.0076 0.2286 0.2019 0.0000 0.0951 0.0000
132      132   (0)      6  : 0.3318 0.0541 0.1665 0.0697 0.0000 0.2408 0.0020 0.1350
133      133   (0)      6  : 0.8469 0.0000 0.0000 0.0000 0.0000 0.0000 0.1531 0.0000
134      134   (0)      6  : 0.1982 0.0342 0.1621 0.0000 0.0633 0.1888 0.2682 0.0853
135      135   (0)      6  : 0.0000 0.6115 0.0750 0.1843 0.1292 0.0000 0.0000 0.0000
136      136   (0)      6  : 0.1835 0.0101 0.2110 0.0202 0.1369 0.2720 0.0335 0.1329
137      137   (0)      6  : 0.3001 0.1234 0.0000 0.1218 0.0000 0.0548 0.3313 0.0687
138      138   (0)      6  : 0.0000 0.0000 0.1202 0.0000 0.0093 0.7514 0.1191 0.0000
139      139   (0)      6  : 0.0000 0.0491 0.2018 0.0000 0.0000 0.0000 0.7491 0.0000
140      140   (0)      6  : 0.0000 0.1754 0.0453 0.0402 0.2436 0.1530 0.2164 0.1261
141      141   (0)      6  : 0.1312 0.1095 0.0000 0.0000 0.0748 0.0000 0.1845 0.5000
142      142   (0)      7  : 0.0861 0.0000 0.1347 0.0768 0.0000 0.3124 0.3900 0.0000
143      143   (0)      7  : 0.0000 1.0000 0.0000 0.0000 0.0000 0.0000 0.0000 0.0000
144      144   (0)      7  : 0.0504 0.0953 0.2766 0.0442 0.0000 0.0632 0.3662 0.1042
145      145   (0)      7  : 0.0000 0.0230 0.2558 0.7212 0.0000 0.0000 0.0000 0.0000
146      146   (0)      7  : 0.0000 0.0000 0.0000 0.0000 0.3594 0.6406 0.0000 0.0000
147      147   (0)      7  : 1.0000 0.0000 0.0000 0.0000 0.0000 0.0000 0.0000 0.0000
148      148   (0)      7  : 0.0000 0.0000 0.1878 0.2254 0.0000 0.0434 0.5351 0.0084
149      149   (0)      7  : 0.0834 0.4344 0.1395 0.0000 0.2913 0.0000 0.0515 0.0000
150      150   (0)      7  : 0.0000 0.0000 0.0000 0.0000 0.1813 0.0000 0.3187 0.5000
151      151   (0)      7  : 0.0000 0.2682 0.0000 0.0000 0.3532 0.0585 0.2611 0.0590
152      152   (0)      7  : 0.1474 0.0000 0.3866 0.3304 0.0045 0.0285 0.0599 0.0428
153      153   (0)      7  : 0.0000 1.0000 0.0000 0.0000 0.0000 0.0000 0.0000 0.0000
154      154   (0)      7  : 0.7042 0.0467 0.1697 0.0000 0.0794 0.0000 0.0000 0.0000
155      155   (0)      7  : 0.0000 0.0000 0.0000 0.0000 0.5037 0.0000 0.0000 0.4963
156      156   (0)      7  : 0.0000 0.0000 0.7547 0.0000 0.0000 0.2352 0.0101 0.0000
157      157   (0)      7  : 0.1753 0.0000 0.7513 0.0000 0.0000 0.0734 0.0000 0.0000
158      158   (0)      7  : 0.2621 0.1197 0.2733 0.0394 0.0000 0.2273 0.0642 0.0139
159      159   (0)      7  : 0.0000 0.4673 0.0000 0.0000 0.1393 0.0146 0.1573 0.2216
160      160   (0)      7  : 0.3278 0.2823 0.0138 0.1286 0.1163 0.0000 0.1311 0.0000
161      161   (0)      7  : 0.0000 0.2485 0.0000 0.0000 0.6077 0.0000 0.0000 0.1438
162      162   (0)      7  : 0.0000 0.0000 0.0000 0.8213 0.1787 0.0000 0.0000 0.0000
163      163   (0)      7  : 0.0000 0.0000 0.2313 0.0000 0.0000 0.0000 0.7687 0.0000
164      164   (0)      7  : 0.0000 0.0739 0.1314 0.0000 0.2266 0.4420 0.0000 0.1262
165      165   (0)      7  : 0.0000 0.2119 0.0000 0.2881 0.0000 0.0000 0.0000 0.5000
166      166   (0)      7  : 0.0000 0.0000 0.1138 0.5999 0.1941 0.0000 0.0000 0.0922
167      167   (0)      7  : 0.3617 0.0000 0.4154 0.0552 0.0000 0.0378 0.1296 0.0003
168      168   (0)      7  : 0.1240 0.0540 0.1727 0.1666 0.0373 0.2258 0.0654 0.1541
169      169   (0)      7  : 0.0000 0.8219 0.0000 0.0922 0.0000 0.0000 0.0859 0.0000
