1        1   (0)      1  : 0.1344 0.0000 0.0588 0.0000 0.1500 0.2263 0.1177 0.1444 0.1682
2        2   (0)      1  : 0.2294 0.0274 0.3295 0.0891 0.0000 0.0544 0.0654 0.0561 0.1487
3        3   (0)      1  : 0.2075 0.0000 0.0000 0.0988 0.0000 0.3060 0.2272 0.0734 0.0870
4        4   (0)      1  : 0.0922 0.0000 0.2215 0.1206 0.0000 0.0000 0.0000 0.0000 0.5657
5        5   (0)      1  : 0.0569 0.1019 0.0000 0.3365 0.0381 0.1162 0.1786 0.1718 0.0000
6        6   (0)      1  : 0.0937 0.0000 0.1124 0.2556 0.0000 0.2406 0.2239 0.0369 0.0368
7        7   (0)      1  : 0.0000 0.1930 0.0000 0.0000 0.1123 0.0000 0.1819 0.2058 0.3070
8        8   (0)      1  : 0.0000 0.0000 0.0000 0.0000 0.0000 0.0000 1.0000 0.0000 0.0000
9        9   (0)      1  : 0.0000 0.2058 0.0952 0.0743 0.3577 0.0000 0.0000 0.0471 0.2198
10       10   (0)      1  : 0.0011 0.0000 0.0001 0.0000 0.2705 0.2836 0.0000 0.0000 0.4448
11       11   (0)      1  : 0.0000 0.3593 0.0000 0.0000 0.6407 0.0000 0.0000 0.0000 0.0000
12       12   (0)      1  : 0.0000 0.1792 0.1681 0.0000 0.0000 0.0000 0.0000 0.0974 0.5554
13       13   (0)      2  : 0.0000 0.0000 0.0000 0.0000 0.0000 0.0000 0.1554 0.6512 0.1934
14       14   (0)      2  : 0.0000 0.5000 0.0000 0.0000 0.5000 0.0000 0.0000 0.0000 0.0000
15       15   (0)      2  : 0.0000 0.5000 0.0000 0.0000 0.5000 0.0000 0.0000 0.0000 0.0000
16       16   (0)      2  : 0.0000 1.0000 0.0000 0.0000 0.0000 0.0000 0.0000 0.0000 0.0000
17       17   (0)      2  : 0.2541 0.2510 0.0562 0.1568 0.1879 0.0000 0.0000 0.0940 0.0000
18       18   (0)      2  : 0.0000 0.2846 0.0000 0.0000 0.2154 0.0000 0.0000 0.0000 0.5000
19       19   (0)      2  : 0.0000 0.4925 0.0451 0.0000 0.2209 0.0000 0.0000 0.1414 0.1001
20       20   (0)      2  : 0.0709 0.2058 0.1184 0.1169 0.0000 0.0000 0.3542 0.1338 0.0000
21       21   (0)      2  : 0.7414 0.0000 0.0000 0.0000 0.0000 0.0000 0.0000 0.0164 0.2422
22       22   (0)      2  : 0.0878 0.1439 0.0000 0.0613 0.1532 0.0793 0.0000 0.2701 0.2044
23       23   (0)      2  : 0.0000 0.3683 0.1049 0.0000 0.1335 0.0000 0.2070 0.1863 0.0000
24       24   (0)      2  : 1.0000 0.0000 0.0000 0.0000 0.0000 0.0000 0.0000 0.0000 0.0000
25       25   (0)      2  : 0.2249 0.0000 0.0000 0.0000 0.6085 0.0000 0.0000 0.1666 0.0000
26       26   (0)      2  : 0.0000 0.1408 0.2003 0.0000 0.0000 0.1208 0.2181 0.1705 0.1494
27       27   (0)      2  : 0.2670 0.0000 0.1678 0.0962 0.0923 0.2399 0.0000 0.1367 0.0000
28       28   (0)      2  : 0.0000 0.5000 0.0000 0.0000 0.0000 0.0000 0.0000 0.0000 0.5000
29       29   (0)      2  : 0.0000 0.0000 0.1044 0.4475 0.1144 0.0000 0.2507 0.0831 0.0000
30       30   (0)      2  : 0.0000 0.0000 0.0000 0.0296 0.2891 0.0000 0.1814 0.0000 0.5000
31       31   (0)      2  : 0.0000 0.1657 0.1320 0.5461 0.1562 0.0000 0.0000 0.0000 0.0000
32       32   (0)      2  : 0.0396 0.1061 0.3219 0.0000 0.0000 0.1305 0.0000 0.2955 0.1064
33       33   (0)      2  : 0.0000 0.5000 0.0000 0.0000 0.5000 0.0000 0.0000 0.0000 0.0000
34       34   (0)      3  : 0.1571 0.0276 0.0000 0.3039 0.0000 0.2197 0.1753 0.0376 0.0789
35       35   (0)      3  : 0.0000 0.0000 0.0000 1.0000 0.0000 0.0000 0.0000 0.0000 0.0000
36       36   (0)      3  : 0.2831 0.0001 0.1612 0.0486 0.0000 0.2770 0.1136 0.0546 0.0618
37       37   (0)      3  : 0.0000 0.0320 0.3461 0.1471 0.0000 0.0000 0.1742 0.1126 0.1879
38       38   (0)      3  : 0.6635 0.0000 0.1307 0.0000 0.0000 0.0000 0.1532 0.0285 0.0241
39       39   (0)      3  : 0.1408 0.0000 0.1464 0.0551 0.0092 0.2643 0.0642 0.0934 0.2265
40       40   (0)      3  : 0.1373 0.0000 0.0582 0.0739 0.0144 0.4185 0.2768 0.0000 0.0210
41       41   (0)      3  : 0.1089 0.0000 0.2175 0.0566 0.0905 0.2016 0.0574 0.2675 0.0000
42       42   (0)      3  : 0.0000 0.0794 0.1673 0.1253 0.1112 0.0646 0.3835 0.0000 0.0687
43       43   (0)      3  : 0.1933 0.0000 0.0894 0.1234 0.0000 0.5939 0.0000 0.0000 0.0000
44       44   (0)      3  : 0.0000 0.0000 0.0000 0.0000 0.0000 0.0000 1.0000 0.0000 0.0000
45       45   (0)      3  : 0.6223 0.0000 0.1020 0.0075 0.0000 0.0897 0.1784 0.0000 0.0000
46       46   (0)      3  : 0.5000 0.0360 0.0000 0.0000 0.0000 0.4640 0.0000 0.0000 0.0000
47       47   (0)      3  : 0.0474 0.0000 0.2077 0.3378 0.1316 0.1110 0.0000 0.0000 0.1645
48       48   (0)      3  : 0.0000 0.0000 0.0000 1.0000 0.0000 0.0000 0.0000 0.0000 0.0000
49       49   (0)      3  : 0.0000 0.0000 0.0000 0.0000 0.0000 0.0000 0.5000 0.0000 0.5000
50       50   (0)      3  : 0.1684 0.0000 0.1169 0.2360 0.0274 0.3879 0.0307 0.0000 0.0327
51       51   (0)      3  : 0.0000 0.0000 0.5000 0.0000 0.0043 0.2521 0.0000 0.0000 0.2436
52       52   (0)      3  : 0.1337 0.2235 0.0478 0.0733 0.0000 0.3361 0.0000 0.0703 0.1153
53       53   (0)      3  : 0.0000 0.0752 0.6470 0.2777 0.0000 0.0000 0.0000 0.0000 0.0000
54       54   (0)      3  : 0.1393 0.0000 0.0000 0.0000 0.0000 0.3716 0.1576 0.1925 0.1389
55       55   (0)      3  : 0.0000 0.0000 0.1351 0.0000 0.0423 0.0000 0.8226 0.0000 0.0000
56       56   (0)      3  : 0.1860 0.0000 0.2907 0.0509 0.0000 0.3367 0.1246 0.0112 0.0000
57       57   (0)      3  : 0.0000 0.0000 0.3014 0.0000 0.0000 0.0000 0.5287 0.0000 0.1700
58       58   (0)      3  : 0.5143 0.0000 0.0000 0.0000 0.0000 0.1117 0.3741 0.0000 0.0000
59       59   (0)      3  : 0.0000 0.0097 0.1402 0.1154 0.1818 0.5530 0.0000 0.0000 0.0000
60       60   (0)      4  : 0.0000 0.0000 0.0000 0.0000 0.2908 0.0000 0.0000 0.0000 0.7092
61       61   (0)      4  : 0.0000 0.0000 0.0000 0.1545 0.8455 0.0000 0.0000 0.0000 0.0000
62       62   (0)      4  : 0.1586 0.0628 0.0532 0.3052 0.2186 0.2016 0.0000 0.0000 0.0000
63       63   (0)      4  : 0.1127 0.0000 0.0000 0.0000 0.0000 0.0610 0.7188 0.1076 0.0000
64       64   (0)      4  : 0.3067 0.0000 0.1178 0.0000 0.2250 0.3505 0.0000 0.0000 0.0000
65       65   (0)      4  : 0.0748 0.0373 0.0602 0.3179 0.0201 0.3672 0.0000 0.1224 0.0000
66       66   (0)      4  : 0.0000 0.0135 0.1768 0.6537 0.0000 0.1404 0.0000 0.0156 0.0000
67       67   (0)      4  : 0.4908 0.1222 0.1492 0.0000 0.0349 0.0000 0.0000 0.0000 0.2029
68       68   (0)      4  : 0.1551 0.0000 0.1312 0.0878 0.0780 0.2241 0.0737 0.1129 0.1371
69       69   (0)      4  : 0.2750 0.0000 0.0000 0.0575 0.0906 0.0000 0.1915 0.0000 0.3855
70       70   (0)      4  : 0.1214 0.1718 0.0000 0.0000 0.0000 0.0000 0.0000 0.7068 0.0000
71       71   (0)      4  : 0.0374 0.0073 0.1997 0.3193 0.0002 0.3527 0.0834 0.0000 0.0000
72       72   (0)      4  : 0.2177 0.0629 0.0000 0.0000 0.7194 0.0000 0.0000 0.0000 0.0000
73       73   (0)      4  : 0.0953 0.0000 0.1215 0.0322 0.0710 0.1625 0.5175 0.0000 0.0000
74       74   (0)      4  : 0.0000 0.0000 0.1893 0.5763 0.0000 0.1462 0.0881 0.0000 0.0000
75       75   (0)      4  : 0.0000 0.0000 0.1047 0.8953 0.0000 0.0000 0.0000 0.0000 0.0000
76       76   (0)      4  : 0.0000 0.0000 0.0000 1.0000 0.0000 0.0000 0.0000 0.0000 0.0000
77       77   (0)      4  : 0.1391 0.0051 0.0234 0.0174 0.1431 0.2063 0.3411 0.0000 0.1244
78       78   (0)      4  : 0.1565 0.1157 0.0000 0.0000 0.0000 0.3944 0.3333 0.0000 0.0000
79       79   (0)      4  : 0.1489 0.0000 0.1692 0.2242 0.0000 0.2093 0.0000 0.0000 0.2484
80       80   (0)      4  : 0.2956 0.0000 0.2582 0.0959 0.0604 0.0905 0.0000 0.0347 0.1646
81       81   (0)      4  : 0.0000 0.0000 0.0000 0.0000 0.3351 0.1479 0.0000 0.2542 0.2627
82       82   (0)      4  : 0.2749 0.0000 0.0000 0.0853 0.0759 0.2189 0.0553 0.0000 0.2896
83       83   (0)      4  : 0.0653 0.0000 0.5358 0.0002 0.0000 0.2165 0.1822 0.0000 0.0000
84       84   (0)      4  : 0.2894 0.0000 0.1760 0.0036 0.0932 0.1969 0.1626 0.0000 0.0784
85       85   (0)      4  : 0.1464 0.0000 0.0000 0.0000 0.5370 0.0000 0.0000 0.1085 0.2081
86       86   (0)      5  : 0.0000 0.0000 0.2153 0.0000 0.0000 0.5271 0.0000 0.2577 0.0000
87       87   (0)      5  : 0.0000 0.0000 0.5000 0.2040 0.0768 0.0711 0.1122 0.0147 0.0212
88       88   (0)      5  : 0.1088 0.0000 0.1238 0.2350 0.0000 0.2442 0.0000 0.2581 0.0302
89       89   (0)      5  : 0.2961 0.0000 0.0000 0.0000 0.0000 0.1297 0.3655 0.1529 0.0557
90       90   (0)      5  : 0.2193 0.0000 0.2131 0.0000 0.0000 0.2502 0.0000 0.1714 0.1460
91       91   (0)      5  : 0.1054 0.0082 0.0450 0.0000 0.0540 0.3282 0.3565 0.0865 0.0162
92       92   (0)      5  : 0.1224 0.0000 0.2376 0.3218 0.0292 0.1968 0.0000 0.0000 0.0923
93       93   (0)      5  : 0.2468 0.0000 0.0000 0.0000 0.0000 0.0000 0.4201 0.0000 0.3331
94       94   (0)      5  : 0.1300 0.0240 0.3549 0.0357 0.0000 0.1556 0.0000 0.1138 0.1860
95       95   (0)      5  : 0.0000 0.3181 0.0000 0.0000 0.0778 0.1353 0.2735 0.1954 0.0000
96       96   (0)      5  : 0.3863 0.0000 0.0571 0.0000 0.0000 0.3621 0.1945 0.0000 0.0000
97       97   (0)      5  : 0.2979 0.1405 0.0463 0.0000 0.2011 0.0000 0.0985 0.0694 0.1463
98       98   (0)      5  : 0.0044 0.0434 0.0000 0.1688 0.0000 0.4547 0.0819 0.2467 0.0000
99       99   (0)      5  : 0.7996 0.0000 0.0000 0.2004 0.0000 0.0000 0.0000 0.0000 0.0000
100      100   (0)      5  : 0.5000 0.0000 0.0000 0.0000 0.0000 0.5000 0.0000 0.0000 0.0000
101      101   (0)      5  : 0.0000 0.0000 0.0000 0.0000 0.0000 0.1924 0.8076 0.0000 0.0000
102      102   (0)      5  : 0.0000 0.0000 0.1199 0.2124 0.0000 0.1269 0.5408 0.0000 0.0000
103      103   (0)      5  : 0.0310 0.0249 0.0000 0.1358 0.0000 0.7331 0.0611 0.0140 0.0000
104      104   (0)      5  : 0.2383 0.1187 0.3076 0.1316 0.2038 0.0000 0.0000 0.0000 0.0000
105      105   (0)      5  : 0.0000 0.0000 0.7027 0.0000 0.0000 0.0814 0.1245 0.0000 0.0914
106      106   (0)      5  : 0.0476 0.0377 0.2042 0.3949 0.1366 0.0000 0.0000 0.0811 0.0979
107      107   (0)      5  : 0.4116 0.0501 0.0000 0.1618 0.0609 0.3124 0.0000 0.0031 0.0000
108      108   (0)      5  : 0.0626 0.1141 0.0955 0.1144 0.0837 0.0925 0.1856 0.0667 0.1849
109      109   (0)      5  : 0.1244 0.0000 0.0000 0.0000 0.0000 0.0000 0.4633 0.2356 0.1767
110      110   (0)      5  : 0.0000 0.0000 0.0691 0.1769 0.1539 0.0000 0.3254 0.1085 0.1662
111      111   (0)      5  : 0.1415 0.0000 0.1733 0.6588 0.0000 0.0000 0.0000 0.0000 0.0264
112      112   (0)      5  : 0.3299 0.0000 0.0000 0.3725 0.0000 0.0013 0.2479 0.0000 0.0483
113      113   (0)      4  : 0.0000 0.0000 0.1694 0.3519 0.0000 0.0000 0.4640 0.0000 0.0147
114      114   (0)      6  : 0.3062 0.1294 0.0000 0.1634 0.0000 0.1840 0.1720 0.0450 0.0000
115      115   (0)      6  : 0.0000 0.1183 0.4425 0.0367 0.2249 0.0496 0.0000 0.0402 0.0879
116      116   (0)      6  : 0.0000 0.5036 0.0000 0.1707 0.0000 0.1800 0.0000 0.0000 0.1456
117      117   (0)      6  : 0.0000 0.1544 0.0000 0.0000 0.2125 0.0000 0.1331 0.0000 0.5000
118      118   (0)      6  : 0.1356 0.2328 0.0000 0.0000 0.0000 0.1316 0.0000 0.5000 0.0000
119      119   (0)      6  : 0.0000 0.2659 0.0000 0.0000 0.2665 0.0000 0.0000 0.4676 0.0000
120      120   (0)      6  : 0.0000 0.0000 0.5000 0.0744 0.0000 0.2318 0.1938 0.0000 0.0000
121      121   (0)      6  : 0.0295 0.0000 0.6656 0.1975 0.0000 0.0000 0.0000 0.1074 0.0000
122      122   (0)      6  : 0.0000 0.0000 0.0000 0.5644 0.0000 0.0000 0.2814 0.0000 0.1541
123      123   (0)      6  : 0.0000 0.2064 0.0000 0.0000 0.5000 0.0000 0.0000 0.0000 0.2936
124      124   (0)      6  : 0.0915 0.0000 0.3633 0.1818 0.0217 0.0312 0.0369 0.0053 0.2683
125      125   (0)      6  : 0.0000 0.0000 0.0000 0.0000 0.0000 0.0000 0.5000 0.0000 0.5000
126      126   (0)      6  : 0.0542 0.0237 0.1207 0.0770 0.0000 0.0000 0.7244 0.0000 0.0000
127      127   (0)      6  : 0.0000 0.0000 0.0000 0.0000 0.2503 0.0000 0.1098 0.2105 0.4294
128      128   (0)      6  : 0.0000 0.0000 0.1493 0.0000 0.0000 0.0000 0.8507 0.0000 0.0000
129      129   (0)      6  : 0.1082 0.0000 0.4956 0.1197 0.1177 0.0000 0.0624 0.0000 0.0964
130      130   (0)      6  : 0.0606 0.1572 0.0642 0.1091 0.1998 0.0771 0.2436 0.0000 0.0884
131      131   (0)      6  : 0.0635 0.1845 0.0000 0.0738 0.0550 0.0000 0.0000 0.6232 0.0000
132      132   (0)      6  : 0.0759 0.0000 0.1978 0.3218 0.1682 0.0614 0.1059 0.0000 0.0690
133      133   (0)      6  : 0.1785 0.0000 0.2868 0.0000 0.0000 0.0000 0.3676 0.0000 0.1670
134      134   (0)      6  : 0.1929 0.0000 0.1174 0.2525 0.1175 0.1976 0.0000 0.1222 0.0000
135      135   (0)      6  : 0.0433 0.3314 0.0000 0.1133 0.0994 0.0000 0.0000 0.2940 0.1187
136      136   (0)      6  : 0.0991 0.1989 0.1948 0.0516 0.0000 0.1815 0.0628 0.0000 0.2111
137      137   (0)      6  : 0.2319 0.0728 0.1024 0.2083 0.0039 0.0382 0.2188 0.0297 0.0941
138      138   (0)      6  : 0.0752 0.0000 0.3116 0.4227 0.0563 0.0477 0.0000 0.0548 0.0316
139      139   (0)      6  : 0.0176 0.0704 0.1123 0.0985 0.0545 0.3660 0.2808 0.0000 0.0000
140      140   (0)      6  : 0.0691 0.0877 0.0000 0.0895 0.1319 0.0000 0.0000 0.5000 0.1217
141      141   (0)      6  : 0.0477 0.3494 0.2784 0.0000 0.0000 0.1532 0.0934 0.0000 0.0781
142      142   (0)      7  : 0.0000 0.0000 0.1204 0.3689 0.0000 0.3730 0.0469 0.0000 0.0908
143      143   (0)      7  : 0.0000 0.0000 0.0000 0.0000 0.0000 0.0000 0.0000 1.0000 0.0000
144      144   (0)      7  : 0.1616 0.0000 0.2261 0.0480 0.1664 0.1508 0.0823 0.0402 0.1245
145      145   (0)      7  : 0.0000 0.0000 0.6066 0.0543 0.0584 0.1590 0.1217 0.0000 0.0000
146      146   (0)      7  : 0.0919 0.2720 0.1609 0.0739 0.0464 0.1916 0.0353 0.1279 0.0000
147      147   (0)      7  : 0.5000 0.0000 0.0000 0.0000 0.0000 0.5000 0.0000 0.0000 0.0000
148      148   (0)      7  : 0.0000 0.0000 0.2214 0.3372 0.0000 0.3255 0.1158 0.0000 0.0000
149      149   (0)      7  : 0.0000 0.1801 0.0212 0.0000 0.3347 0.0759 0.1786 0.0000 0.2096
150      150   (0)      7  : 0.0833 0.3072 0.0533 0.4090 0.0000 0.0000 0.0481 0.0672 0.0320
151      151   (0)      7  : 0.0000 0.1539 0.0635 0.0000 0.1597 0.0000 0.0234 0.5000 0.0995
152      152   (0)      7  : 0.3026 0.0000 0.0682 0.0000 0.0319 0.5973 0.0000 0.0000 0.0000
153      153   (0)      7  : 0.0000 1.0000 0.0000 0.0000 0.0000 0.0000 0.0000 0.0000 0.0000
154      154   (0)      7  : 0.8168 0.0561 0.0000 0.0000 0.0000 0.1271 0.0000 0.0000 0.0000
155      155   (0)      7  : 0.0000 0.3866 0.0000 0.2267 0.1873 0.0000 0.0000 0.0000 0.1995
156      156   (0)      7  : 0.0000 0.0000 0.5000 0.0000 0.0000 0.5000 0.0000 0.0000 0.0000
157      157   (0)      7  : 0.1055 0.0000 0.1825 0.0000 0.0000 0.7120 0.0000 0.0000 0.0000
158      158   (0)      7  : 0.2069 0.0000 0.0559 0.1565 0.0000 0.2840 0.0906 0.2060 0.0001
159      159   (0)      7  : 0.0000 0.4291 0.2168 0.0504 0.1428 0.0000 0.0000 0.0347 0.1262
160      160   (0)      7  : 0.0515 0.0951 0.0000 0.0000 0.0427 0.0610 0.4389 0.3109 0.0000
161      161   (0)      7  : 0.1014 0.8986 0.0000 0.0000 0.0000 0.0000 0.0000 0.0000 0.0000
162      162   (0)      7  : 0.0520 0.0000 0.0986 0.0668 0.2122 0.1024 0.3925 0.0000 0.0755
163      163   (0)      7  : 0.0000 0.0000 0.3237 0.0000 0.0000 0.4161 0.1711 0.0891 0.0000
164      164   (0)      7  : 0.0650 0.1367 0.0875 0.1727 0.2334 0.2125 0.0000 0.0309 0.0613
165      165   (0)      7  : 0.0000 0.3899 0.2391 0.0875 0.0000 0.0000 0.1349 0.1036 0.0449
166      166   (0)      7  : 0.3160 0.0000 0.0000 0.0000 0.3479 0.2635 0.0000 0.0000 0.0726
167      167   (0)      7  : 0.0000 0.0000 0.1738 0.0000 0.0000 0.8259 0.0003 0.0000 0.0000
168      168   (0)      7  : 0.1958 0.0129 0.0475 0.2546 0.2166 0.2725 0.0000 0.0000 0.0000
169      169   (0)      7  : 0.0000 0.2958 0.0000 0.0000 0.5899 0.0000 0.1143 0.0000 0.0000
