1        1   (0)      1  : 0.4249 0.5751
2        2   (0)      1  : 0.5794 0.4206
3        3   (0)      2  : 0.1843 0.8157
4        4   (0)      2  : 0.1948 0.8052
5        5   (0)      2  : 0.4327 0.5673
6        6   (0)      2  : 0.4816 0.5184
7        7   (0)      2  : 0.8290 0.1710
8        8   (0)      2  : 0.5315 0.4685
9        9   (0)      2  : 0.9664 0.0336
10       10   (0)      2  : 0.7035 0.2965
11       11   (0)      2  : 0.4811 0.5189
12       12   (0)      2  : 0.2082 0.7918
13       13   (0)      2  : 0.5361 0.4639
14       14   (0)      2  : 0.5234 0.4766
15       15   (0)      2  : 0.5268 0.4732
16       16   (0)      2  : 0.3515 0.6485
17       17   (0)      2  : 0.7571 0.2429
18       18   (0)      2  : 0.4406 0.5594
19       19   (0)      2  : 0.6756 0.3244
20       20   (0)      2  : 0.5395 0.4605
21       21   (0)      2  : 0.6039 0.3961
22       22   (0)      2  : 0.4843 0.5157
23       23   (0)      2  : 0.6496 0.3504
24       24   (0)      2  : 0.7538 0.2462
25       25   (0)      2  : 0.4962 0.5038
26       26   (0)      2  : 0.5223 0.4777
27       27   (0)      2  : 0.4596 0.5404
28       28   (0)      2  : 0.3962 0.6038
29       29   (0)      2  : 0.5467 0.4533
30       30   (0)      3  : 0.1094 0.8906
31       31   (0)      3  : 0.7443 0.2557
32       32   (0)      3  : 0.3689 0.6311
33       33   (0)      3  : 0.6113 0.3887
34       34   (0)      3  : 0.7943 0.2057
35       35   (0)      3  : 0.2846 0.7154
36       36   (0)      3  : 0.5480 0.4520
37       37   (0)      3  : 0.5736 0.4264
38       38   (0)      3  : 0.7169 0.2831
39       39   (0)      3  : 0.4995 0.5005
40       40   (0)      3  : 0.5011 0.4989
41       41   (0)      3  : 0.3859 0.6141
42       42   (0)      3  : 0.4234 0.5766
43       43   (0)      3  : 0.2951 0.7049
44       44   (0)      3  : 0.2846 0.7154
45       45   (0)      3  : 0.2800 0.7200
46       46   (0)      3  : 0.5950 0.4050
47       47   (0)      3  : 0.7583 0.2417
48       48   (0)      3  : 0.4065 0.5935
49       49   (0)      3  : 0.6596 0.3404
50       50   (0)      3  : 0.2577 0.7423
51       51   (0)      3  : 0.5523 0.4477
52       52   (0)      3  : 0.5253 0.4747
53       53   (0)      3  : 0.4035 0.5965
54       54   (0)      3  : 0.3373 0.6627
55       55   (0)      3  : 0.5709 0.4291
56       56   (0)      3  : 0.4608 0.5392
57       57   (0)      3  : 0.4608 0.5392
58       58   (0)      3  : 0.6693 0.3307
59       59   (0)      3  : 0.2233 0.7767
60       60   (0)      4  : 0.7285 0.2715
61       61   (0)      4  : 0.5956 0.4044
62       62   (0)      4  : 0.4165 0.5835
63       63   (0)      4  : 0.4764 0.5236
64       64   (0)      4  : 0.8467 0.1533
65       65   (0)      4  : 0.5741 0.4259
66       66   (0)      4  : 0.3657 0.6343
67       67   (0)      4  : 0.8663 0.1337
68       68   (0)      4  : 0.6447 0.3553
69       69   (0)      4  : 0.5677 0.4323
70       70   (0)      4  : 0.3486 0.6514
71       71   (0)      1  : 0.8908 0.1092
72       72   (0)      1  : 0.5836 0.4164
73       73   (0)      1  : 0.4428 0.5572
74       74   (0)      1  : 0.5728 0.4272
75       75   (0)      1  : 0.4414 0.5586
76       76   (0)      1  : 0.2074 0.7926
77       77   (0)      1  : 0.8219 0.1781
78       78   (0)      1  : 0.6761 0.3239
79       79   (0)      1  : 0.5875 0.4125
80       80   (0)      1  : 0.7086 0.2914
81       81   (0)      1  : 0.0000 1.0000
82       82   (0)      1  : 0.7492 0.2508
83       83   (0)      1  : 0.6540 0.3460
84       84   (0)      1  : 0.7339 0.2661
85       85   (0)      1  : 0.4862 0.5138
86       86   (0)      1  : 0.7089 0.2911
87       87   (0)      1  : 0.4205 0.5795
88       88   (0)      1  : 0.5638 0.4362
89       89   (0)      1  : 0.5115 0.4885
90       90   (0)      1  : 0.2351 0.7649
91       91   (0)      1  : 1.0000 0.0000
92       92   (0)      1  : 0.3511 0.6489
93       93   (0)      1  : 0.3132 0.6868
94       94   (0)      1  : 0.7230 0.2770
95       95   (0)      1  : 0.7956 0.2044
96       96   (0)      1  : 0.6398 0.3602
97       97   (0)      1  : 0.5762 0.4238
98       98   (0)      1  : 0.6100 0.3900
99       99   (0)      4  : 0.9656 0.0344
100      100   (0)      4  : 0.5470 0.4530
101      101   (0)      5  : 0.6902 0.3098
102      102   (0)      5  : 0.4077 0.5923
103      103   (0)      5  : 0.5580 0.4420
104      104   (0)      5  : 0.4024 0.5976
105      105   (0)      5  : 1.0000 0.0000
106      106   (0)      4  : 0.1434 0.8566
107      107   (0)      4  : 0.5218 0.4782
108      108   (0)      4  : 0.3989 0.6011
109      109   (0)      4  : 0.5121 0.4879
110      110   (0)      4  : 0.2044 0.7956
111      111   (0)      5  : 0.5803 0.4197
112      112   (0)      5  : 0.6628 0.3372
113      113   (0)      5  : 0.4957 0.5043
114      114   (0)      5  : 0.4091 0.5909
115      115   (0)      5  : 0.3538 0.6462
116      116   (0)      5  : 0.4556 0.5444
117      117   (0)      4  : 0.7151 0.2849
118      118   (0)      4  : 0.4533 0.5467
119      119   (0)      4  : 0.7002 0.2998
120      120   (0)      4  : 0.5718 0.4282
121      121   (0)      4  : 0.1761 0.8239
122      122   (0)      4  : 0.5454 0.4546
123      123   (0)      4  : 1.0000 0.0000
124      124   (0)      4  : 0.7314 0.2686
125      125   (0)      5  : 0.8932 0.1068
126      126   (0)      5  : 0.1207 0.8793
127      127   (0)      5  : 0.1388 0.8612
128      128   (0)      5  : 0.4070 0.5930
129      129   (0)      5  : 0.4312 0.5688
130      130   (0)      5  : 0.0462 0.9538
131      131   (0)      5  : 0.5095 0.4905
132      132   (0)      5  : 0.8063 0.1937
133      133   (0)      5  : 0.1782 0.8218
134      134   (0)      5  : 0.7650 0.2350
135      135   (0)      5  : 0.1185 0.8815
136      136   (0)      5  : 0.1236 0.8764
137      137   (0)      5  : 0.4875 0.5125
138      138   (0)      5  : 0.6005 0.3995
139      139   (0)      5  : 0.1154 0.8846
140      140   (0)      5  : 0.4380 0.5620
141      141   (0)      5  : 0.6316 0.3684
142      142   (0)      5  : 0.3575 0.6425
143      143   (0)      5  : 0.4100 0.5900
144      144   (0)      6  : 0.5040 0.4960
145      145   (0)      6  : 0.2805 0.7195
146      146   (0)      6  : 0.6481 0.3519
147      147   (0)      6  : 0.3976 0.6024
148      148   (0)      6  : 0.1982 0.8018
149      149   (0)      6  : 0.8574 0.1426
150      150   (0)      6  : 0.1171 0.8829
151      151   (0)      6  : 0.4956 0.5044
152      152   (0)      6  : 0.6210 0.3790
153      153   (0)      6  : 0.3439 0.6561
154      154   (0)      6  : 0.4610 0.5390
155      155   (0)      6  : 0.2594 0.7406
156      156   (0)      6  : 0.3746 0.6254
157      157   (0)      6  : 0.5810 0.4190
158      158   (0)      6  : 0.7404 0.2596
159      159   (0)      6  : 0.4447 0.5553
160      160   (0)      6  : 0.0000 1.0000
161      161   (0)      6  : 0.5977 0.4023
162      162   (0)      6  : 0.0000 1.0000
163      163   (0)      6  : 0.4320 0.5680
164      164   (0)      6  : 0.3409 0.6591
165      165   (0)      6  : 0.5015 0.4985
166      166   (0)      6  : 0.5151 0.4849
167      167   (0)      6  : 0.3980 0.6020
168      168   (0)      6  : 0.7929 0.2071
169      169   (0)      6  : 0.5806 0.4194
170      170   (0)      6  : 0.3426 0.6574
171      171   (0)      6  : 0.4359 0.5641
172      172   (0)      4  : 0.4271 0.5729
173      173   (0)      4  : 0.5652 0.4348
174      174   (0)      7  : 0.2706 0.7294
175      175   (0)      7  : 1.0000 0.0000
176      176   (0)      7  : 0.2105 0.7895
177      177   (0)      7  : 0.9349 0.0651
178      178   (0)      7  : 0.6177 0.3823
179      179   (0)      7  : 0.4538 0.5462
180      180   (0)      7  : 0.5299 0.4701
181      181   (0)      7  : 0.5146 0.4854
182      182   (0)      7  : 0.6186 0.3814
183      183   (0)      7  : 0.5031 0.4969
184      184   (0)      7  : 0.3003 0.6997
185      185   (0)      7  : 0.3525 0.6475
186      186   (0)      7  : 0.3323 0.6677
187      187   (0)      7  : 0.2716 0.7284
188      188   (0)      7  : 0.4947 0.5053
189      189   (0)      7  : 0.4804 0.5196
190      190   (0)      7  : 0.3722 0.6278
191      191   (0)      7  : 0.5450 0.4550
192      192   (0)      7  : 0.7453 0.2547
193      193   (0)      7  : 0.8484 0.1516
194      194   (0)      7  : 0.4595 0.5405
195      195   (0)      7  : 0.6585 0.3415
196      196   (0)      7  : 0.6610 0.3390
197      197   (0)      7  : 0.6358 0.3642
198      198   (0)      7  : 0.6540 0.3460
199      199   (0)      7  : 0.5489 0.4511
200      200   (0)      7  : 0.3587 0.6413
201      201   (0)      7  : 1.0000 0.0000
202      202   (0)      7  : 0.4843 0.5157
203      203   (0)      7  : 0.8388 0.1612
