1        1   (0)      1  : 0.2039 0.1138 0.2439 0.1666 0.2717
2        2   (0)      1  : 0.2470 0.0472 0.1395 0.3294 0.2370
3        3   (0)      2  : 0.0687 0.1640 0.2376 0.2685 0.2612
4        4   (0)      2  : 0.0000 0.0771 0.7167 0.0322 0.1741
5        5   (0)      2  : 0.0894 0.3393 0.2880 0.2131 0.0703
6        6   (0)      2  : 0.3287 0.3266 0.1288 0.0436 0.1723
7        7   (0)      2  : 0.3980 0.1011 0.1860 0.1718 0.1430
8        8   (0)      2  : 0.2530 0.2204 0.1657 0.2878 0.0731
9        9   (0)      2  : 0.4972 0.1264 0.0000 0.3458 0.0305
10       10   (0)      2  : 0.3474 0.1923 0.1377 0.2604 0.0623
11       11   (0)      2  : 0.3264 0.2444 0.2604 0.0825 0.0863
12       12   (0)      2  : 0.0241 0.4172 0.2607 0.2555 0.0425
13       13   (0)      2  : 0.2808 0.1380 0.2815 0.2997 0.0000
14       14   (0)      2  : 0.0705 0.2905 0.1638 0.3197 0.1554
15       15   (0)      2  : 0.2511 0.2073 0.0837 0.2898 0.1681
16       16   (0)      2  : 0.1753 0.0388 0.3459 0.1427 0.2972
17       17   (0)      2  : 0.5654 0.0261 0.0670 0.2128 0.1287
18       18   (0)      2  : 0.0607 0.6368 0.1013 0.0940 0.1071
19       19   (0)      2  : 0.2972 0.1611 0.0482 0.3696 0.1239
20       20   (0)      2  : 0.0000 0.0806 0.2006 0.4783 0.2404
21       21   (0)      2  : 0.3245 0.4816 0.0236 0.1324 0.0379
22       22   (0)      2  : 0.1315 0.3040 0.2234 0.2885 0.0525
23       23   (0)      2  : 0.3968 0.2477 0.0918 0.2071 0.0565
24       24   (0)      2  : 0.2705 0.1375 0.0098 0.3766 0.2056
25       25   (0)      2  : 0.1025 0.0559 0.0600 0.0462 0.7354
26       26   (0)      2  : 0.0406 0.1166 0.2376 0.5671 0.0381
27       27   (0)      2  : 0.2002 0.3202 0.1080 0.0844 0.2872
28       28   (0)      2  : 0.0757 0.3575 0.1915 0.2425 0.1328
29       29   (0)      2  : 0.2010 0.3066 0.1435 0.2017 0.1472
30       30   (0)      3  : 0.0000 0.1264 0.6260 0.1221 0.1255
31       31   (0)      3  : 0.3395 0.1368 0.0479 0.3350 0.1408
32       32   (0)      3  : 0.1153 0.2593 0.3166 0.1416 0.1672
33       33   (0)      3  : 0.3447 0.1333 0.1989 0.1764 0.1467
34       34   (0)      3  : 0.3082 0.0486 0.0702 0.3992 0.1737
35       35   (0)      3  : 0.1910 0.1803 0.2144 0.2487 0.1656
36       36   (0)      3  : 0.2062 0.2969 0.2092 0.2445 0.0432
37       37   (0)      3  : 0.2700 0.2687 0.0959 0.1485 0.2169
38       38   (0)      3  : 0.4554 0.0000 0.1622 0.0353 0.3472
39       39   (0)      3  : 0.3018 0.3531 0.1090 0.1927 0.0434
40       40   (0)      3  : 0.1110 0.0346 0.2744 0.4190 0.1610
41       41   (0)      3  : 0.0400 0.2497 0.1802 0.2157 0.3143
42       42   (0)      3  : 0.0419 0.6724 0.0839 0.1457 0.0561
43       43   (0)      3  : 0.0862 0.3366 0.2321 0.2172 0.1280
44       44   (0)      3  : 0.0120 0.3584 0.5684 0.0406 0.0206
45       45   (0)      3  : 0.0547 0.0429 0.8512 0.0015 0.0497
46       46   (0)      3  : 0.0349 0.0094 0.1017 0.4997 0.3543
47       47   (0)      3  : 0.3369 0.1892 0.2123 0.2186 0.0430
48       48   (0)      3  : 0.0000 0.0424 0.2441 0.1177 0.5958
49       49   (0)      3  : 0.2494 0.2336 0.0270 0.0473 0.4426
50       50   (0)      3  : 0.1422 0.2950 0.1226 0.3531 0.0871
51       51   (0)      3  : 0.2183 0.3085 0.2574 0.1713 0.0445
52       52   (0)      3  : 0.2750 0.0479 0.2630 0.2318 0.1822
53       53   (0)      3  : 0.0848 0.0118 0.4242 0.1717 0.3075
54       54   (0)      3  : 0.1250 0.2162 0.4443 0.1166 0.0979
55       55   (0)      3  : 0.0851 0.0356 0.1378 0.7106 0.0308
56       56   (0)      3  : 0.2107 0.0964 0.2511 0.2999 0.1418
57       57   (0)      3  : 0.0782 0.1841 0.3285 0.1763 0.2329
58       58   (0)      3  : 0.0643 0.0084 0.0000 0.5315 0.3958
59       59   (0)      3  : 0.0228 0.2682 0.2097 0.3176 0.1816
60       60   (0)      4  : 0.7287 0.0385 0.0355 0.0967 0.1006
61       61   (0)      4  : 0.3911 0.0004 0.2270 0.1547 0.2268
62       62   (0)      4  : 0.0188 0.0460 0.0897 0.1773 0.6682
63       63   (0)      4  : 0.3030 0.1988 0.1933 0.2487 0.0563
64       64   (0)      4  : 0.4508 0.0644 0.0161 0.1545 0.3142
65       65   (0)      4  : 0.2857 0.1233 0.2749 0.2566 0.0596
66       66   (0)      4  : 0.0385 0.0499 0.5227 0.3773 0.0116
67       67   (0)      4  : 0.3876 0.1207 0.0889 0.0544 0.3484
68       68   (0)      4  : 0.3696 0.0419 0.2482 0.2973 0.0429
69       69   (0)      4  : 0.1659 0.1602 0.0493 0.5240 0.1006
70       70   (0)      4  : 0.0000 0.9089 0.0000 0.0000 0.0911
71       71   (0)      1  : 0.3326 0.1495 0.0708 0.3172 0.1299
72       72   (0)      1  : 0.4395 0.0595 0.2466 0.0002 0.2542
73       73   (0)      1  : 0.1507 0.1738 0.0814 0.3457 0.2484
74       74   (0)      1  : 0.0363 0.3594 0.0248 0.5260 0.0535
75       75   (0)      1  : 0.1211 0.2253 0.3853 0.2092 0.0591
76       76   (0)      1  : 0.0200 0.5895 0.1403 0.0037 0.2465
77       77   (0)      1  : 0.0292 0.0000 0.0467 0.3139 0.6102
78       78   (0)      1  : 0.2122 0.3691 0.0135 0.2036 0.2017
79       79   (0)      1  : 0.2483 0.1243 0.1640 0.1348 0.3287
80       80   (0)      1  : 0.1247 0.6285 0.2003 0.0000 0.0465
81       81   (0)      1  : 0.1088 0.5443 0.2531 0.0297 0.0641
82       82   (0)      1  : 0.3401 0.0690 0.1845 0.1292 0.2773
83       83   (0)      1  : 0.4888 0.2194 0.0766 0.0625 0.1527
84       84   (0)      1  : 0.5592 0.1442 0.0351 0.1074 0.1540
85       85   (0)      1  : 0.2742 0.3235 0.3164 0.0493 0.0365
86       86   (0)      1  : 0.0275 0.0367 0.1326 0.7325 0.0706
87       87   (0)      1  : 0.1078 0.1308 0.1755 0.3183 0.2677
88       88   (0)      1  : 0.6980 0.0757 0.0121 0.1549 0.0593
89       89   (0)      1  : 0.1056 0.1386 0.2030 0.1691 0.3836
90       90   (0)      1  : 0.1848 0.2064 0.5506 0.0112 0.0470
91       91   (0)      1  : 0.9091 0.0000 0.0032 0.0486 0.0392
92       92   (0)      1  : 0.0394 0.2049 0.2043 0.5227 0.0287
93       93   (0)      1  : 0.1772 0.3876 0.1318 0.0388 0.2645
94       94   (0)      1  : 0.1920 0.0000 0.1884 0.4733 0.1464
95       95   (0)      1  : 0.3530 0.1614 0.1563 0.2274 0.1020
96       96   (0)      1  : 0.2966 0.1245 0.1910 0.2120 0.1759
97       97   (0)      1  : 0.2925 0.2972 0.0813 0.2009 0.1281
98       98   (0)      1  : 0.3433 0.1407 0.1030 0.2056 0.2074
99       99   (0)      4  : 0.4526 0.2457 0.0100 0.0247 0.2669
100      100   (0)      4  : 0.3221 0.2940 0.1723 0.1439 0.0676
101      101   (0)      5  : 0.4966 0.3242 0.0513 0.0471 0.0809
102      102   (0)      5  : 0.2887 0.3257 0.0930 0.2809 0.0117
103      103   (0)      5  : 0.1409 0.2312 0.1590 0.2141 0.2546
104      104   (0)      5  : 0.1484 0.3685 0.2518 0.0232 0.2081
105      105   (0)      5  : 0.2356 0.0000 0.0309 0.0498 0.6837
106      106   (0)      4  : 0.0310 0.1522 0.3350 0.4352 0.0467
107      107   (0)      4  : 0.6384 0.0438 0.0558 0.0723 0.1898
108      108   (0)      4  : 0.1711 0.2510 0.2599 0.1172 0.2007
109      109   (0)      4  : 0.1608 0.3613 0.2137 0.0572 0.2070
110      110   (0)      4  : 0.1787 0.5385 0.1351 0.1220 0.0257
111      111   (0)      5  : 0.1261 0.0145 0.1193 0.0444 0.6957
112      112   (0)      5  : 0.3877 0.0268 0.1401 0.2494 0.1960
113      113   (0)      5  : 0.2419 0.1536 0.2997 0.1102 0.1946
114      114   (0)      5  : 0.0634 0.5259 0.0004 0.3282 0.0821
115      115   (0)      5  : 0.0000 0.0523 0.2906 0.4020 0.2552
116      116   (0)      5  : 0.0819 0.4290 0.0745 0.2560 0.1586
117      117   (0)      4  : 0.4095 0.0648 0.0986 0.2736 0.1535
118      118   (0)      4  : 0.1248 0.1167 0.2498 0.1075 0.4012
119      119   (0)      4  : 0.1628 0.1082 0.0883 0.6299 0.0108
120      120   (0)      4  : 0.1879 0.3123 0.1043 0.1922 0.2034
121      121   (0)      4  : 0.1252 0.3500 0.3419 0.1449 0.0379
122      122   (0)      4  : 0.2113 0.0000 0.1829 0.3094 0.2965
123      123   (0)      4  : 0.2139 0.1027 0.0406 0.3301 0.3127
124      124   (0)      4  : 0.4751 0.0104 0.1019 0.2906 0.1220
125      125   (0)      5  : 0.5473 0.1485 0.0398 0.2426 0.0219
126      126   (0)      5  : 0.0000 0.0659 0.8712 0.0203 0.0427
127      127   (0)      5  : 0.3176 0.2111 0.3244 0.0000 0.1469
128      128   (0)      5  : 0.0882 0.1576 0.2704 0.2498 0.2340
129      129   (0)      5  : 0.0584 0.2822 0.2777 0.3007 0.0810
130      130   (0)      5  : 0.0216 0.0568 0.5001 0.3324 0.0891
131      131   (0)      5  : 0.0114 0.0699 0.2207 0.6585 0.0396
132      132   (0)      5  : 0.3269 0.0328 0.1041 0.3279 0.2082
133      133   (0)      5  : 0.0677 0.3160 0.2237 0.0682 0.3244
134      134   (0)      5  : 0.1314 0.0549 0.2911 0.2697 0.2529
135      135   (0)      5  : 0.0000 0.9646 0.0000 0.0354 0.0000
136      136   (0)      5  : 0.0879 0.2775 0.3807 0.0801 0.1737
137      137   (0)      5  : 0.2684 0.1305 0.2386 0.3001 0.0623
138      138   (0)      5  : 0.2872 0.1347 0.0522 0.4767 0.0492
139      139   (0)      5  : 0.0000 0.5996 0.1759 0.0148 0.2096
140      140   (0)      5  : 0.1600 0.1170 0.0908 0.2860 0.3462
141      141   (0)      5  : 0.3286 0.0681 0.0462 0.4491 0.1081
142      142   (0)      5  : 0.0379 0.2681 0.4359 0.1321 0.1260
143      143   (0)      5  : 0.2892 0.3041 0.2131 0.1792 0.0144
144      144   (0)      6  : 0.2800 0.1048 0.2571 0.0477 0.3104
145      145   (0)      6  : 0.1777 0.2505 0.1683 0.2542 0.1493
146      146   (0)      6  : 0.2651 0.0278 0.1835 0.2865 0.2371
147      147   (0)      6  : 0.0340 0.0809 0.3717 0.2966 0.2167
148      148   (0)      6  : 0.0629 0.2630 0.3649 0.2164 0.0929
149      149   (0)      6  : 0.5123 0.0196 0.0123 0.1125 0.3433
150      150   (0)      6  : 0.0001 0.1126 0.2634 0.4702 0.1536
151      151   (0)      6  : 0.0031 0.0598 0.3510 0.3497 0.2363
152      152   (0)      6  : 0.5068 0.3187 0.0660 0.0792 0.0293
153      153   (0)      6  : 0.0256 0.1548 0.2865 0.5074 0.0257
154      154   (0)      6  : 0.2305 0.1229 0.2679 0.3154 0.0633
155      155   (0)      6  : 0.0890 0.2394 0.1940 0.0439 0.4337
156      156   (0)      6  : 0.2219 0.4291 0.2759 0.0022 0.0710
157      157   (0)      6  : 0.1431 0.0229 0.3325 0.2850 0.2165
158      158   (0)      6  : 0.1686 0.2806 0.1585 0.0659 0.3264
159      159   (0)      6  : 0.2451 0.1922 0.2832 0.1326 0.1470
160      160   (0)      6  : 0.0192 0.1375 0.7250 0.0830 0.0352
161      161   (0)      6  : 0.2133 0.4463 0.0130 0.2098 0.1176
162      162   (0)      6  : 0.0000 0.5702 0.3130 0.1006 0.0162
163      163   (0)      6  : 0.2563 0.0000 0.4447 0.0250 0.2740
164      164   (0)      6  : 0.0003 0.4993 0.2069 0.2520 0.0415
165      165   (0)      6  : 0.3075 0.2965 0.2798 0.0393 0.0770
166      166   (0)      6  : 0.1051 0.1383 0.3084 0.3005 0.1476
167      167   (0)      6  : 0.1311 0.0243 0.4546 0.0718 0.3181
168      168   (0)      6  : 0.0894 0.0000 0.0000 0.7122 0.1984
169      169   (0)      6  : 0.3843 0.0404 0.1549 0.0992 0.3212
170      170   (0)      6  : 0.0231 0.6414 0.1106 0.0804 0.1445
171      171   (0)      6  : 0.1236 0.1382 0.2670 0.0506 0.4206
172      172   (0)      4  : 0.0126 0.1716 0.1976 0.4574 0.1607
173      173   (0)      4  : 0.1104 0.5148 0.0468 0.2110 0.1171
174      174   (0)      7  : 0.1176 0.2196 0.2590 0.3922 0.0116
175      175   (0)      7  : 0.9091 0.0000 0.0000 0.0542 0.0367
176      176   (0)      7  : 0.2629 0.1931 0.2823 0.1168 0.1449
177      177   (0)      7  : 0.4142 0.0592 0.0383 0.4689 0.0193
178      178   (0)      7  : 0.3296 0.3598 0.1635 0.0424 0.1047
179      179   (0)      7  : 0.0201 0.1256 0.0667 0.6590 0.1286
180      180   (0)      7  : 0.0433 0.0000 0.2782 0.2882 0.3903
181      181   (0)      7  : 0.0790 0.3421 0.0239 0.0886 0.4665
182      182   (0)      7  : 0.4093 0.2509 0.1691 0.1310 0.0396
183      183   (0)      7  : 0.2896 0.3781 0.0000 0.2906 0.0417
184      184   (0)      7  : 0.1124 0.0042 0.7337 0.0524 0.0973
185      185   (0)      7  : 0.0558 0.3043 0.5917 0.0000 0.0482
186      186   (0)      7  : 0.0001 0.3887 0.3077 0.2091 0.0945
187      187   (0)      7  : 0.2033 0.4476 0.1916 0.1013 0.0563
188      188   (0)      7  : 0.1656 0.3687 0.2382 0.1923 0.0352
189      189   (0)      7  : 0.2729 0.1303 0.2912 0.1549 0.1507
190      190   (0)      7  : 0.0697 0.2092 0.3255 0.1900 0.2056
191      191   (0)      7  : 0.2294 0.2734 0.1190 0.2901 0.0881
192      192   (0)      7  : 0.2904 0.1388 0.0003 0.3827 0.1878
193      193   (0)      7  : 0.5065 0.0408 0.0506 0.0802 0.3219
194      194   (0)      7  : 0.3455 0.0242 0.4002 0.1688 0.0613
195      195   (0)      7  : 0.5047 0.1154 0.1050 0.1133 0.1616
196      196   (0)      7  : 0.4544 0.2890 0.0279 0.1151 0.1136
197      197   (0)      7  : 0.3937 0.0133 0.0605 0.3042 0.2282
198      198   (0)      7  : 0.0930 0.6262 0.0174 0.2110 0.0524
199      199   (0)      7  : 0.3394 0.0602 0.2450 0.2920 0.0634
200      200   (0)      7  : 0.0715 0.2479 0.4222 0.1848 0.0736
201      201   (0)      7  : 0.4531 0.0604 0.0140 0.4717 0.0009
202      202   (0)      7  : 0.1588 0.4921 0.0911 0.1949 0.0631
203      203   (0)      7  : 0.8326 0.0000 0.1007 0.0319 0.0348
