1        1   (0)      1  : 0.3062 0.1524 0.0792 0.1144 0.2005 0.1473
2        2   (0)      1  : 0.0725 0.0696 0.0155 0.0221 0.7072 0.1131
3        3   (0)      2  : 0.0493 0.0409 0.0116 0.0000 0.5797 0.3185
4        4   (0)      2  : 0.1978 0.0277 0.1651 0.0358 0.2945 0.2792
5        5   (0)      2  : 0.0591 0.2093 0.1704 0.3561 0.1038 0.1013
6        6   (0)      2  : 0.3808 0.2908 0.0405 0.0392 0.1619 0.0868
7        7   (0)      2  : 0.2563 0.0000 0.2962 0.4216 0.0000 0.0258
8        8   (0)      2  : 0.0720 0.2875 0.2002 0.1240 0.0577 0.2586
9        9   (0)      2  : 0.1354 0.3038 0.0720 0.4505 0.0384 0.0000
10       10   (0)      2  : 0.2916 0.1210 0.2600 0.2409 0.0193 0.0672
11       11   (0)      2  : 0.3299 0.0422 0.0687 0.2035 0.0642 0.2916
12       12   (0)      2  : 0.0844 0.2502 0.2379 0.1163 0.0234 0.2878
13       13   (0)      2  : 0.0263 0.0711 0.3272 0.4248 0.0137 0.1369
14       14   (0)      2  : 0.0000 0.3550 0.1107 0.2254 0.2354 0.0736
15       15   (0)      2  : 0.0000 0.2428 0.2688 0.2244 0.1091 0.1550
16       16   (0)      2  : 0.0878 0.0031 0.3101 0.1903 0.2443 0.1645
17       17   (0)      2  : 0.3324 0.0139 0.0971 0.3520 0.0749 0.1297
18       18   (0)      2  : 0.1493 0.2119 0.2586 0.0335 0.1433 0.2035
19       19   (0)      2  : 0.0916 0.1465 0.1226 0.2581 0.2692 0.1119
20       20   (0)      2  : 0.1505 0.0000 0.2294 0.1855 0.2826 0.1520
21       21   (0)      2  : 0.2362 0.3284 0.0626 0.2936 0.0300 0.0493
22       22   (0)      2  : 0.0870 0.1590 0.1351 0.3794 0.0812 0.1582
23       23   (0)      2  : 0.2567 0.0826 0.0386 0.5238 0.0326 0.0657
24       24   (0)      2  : 0.2230 0.0595 0.0498 0.0691 0.5093 0.0893
25       25   (0)      2  : 0.0564 0.0345 0.1221 0.0320 0.1489 0.6061
26       26   (0)      2  : 0.0321 0.0729 0.3217 0.2935 0.0862 0.1935
27       27   (0)      2  : 0.0254 0.2463 0.2637 0.3006 0.1092 0.0548
28       28   (0)      2  : 0.0286 0.4385 0.4410 0.0186 0.0000 0.0733
29       29   (0)      2  : 0.0150 0.2338 0.2038 0.3695 0.0613 0.1166
30       30   (0)      3  : 0.0620 0.0966 0.1496 0.0127 0.2526 0.4264
31       31   (0)      3  : 0.0705 0.1026 0.2332 0.2797 0.2346 0.0793
32       32   (0)      3  : 0.1230 0.3428 0.0604 0.0394 0.1183 0.3160
33       33   (0)      3  : 0.1774 0.1656 0.3478 0.1139 0.0584 0.1369
34       34   (0)      3  : 0.0234 0.0314 0.1045 0.6028 0.2285 0.0094
35       35   (0)      3  : 0.2659 0.1698 0.0114 0.1610 0.2495 0.1424
36       36   (0)      3  : 0.0381 0.1360 0.6490 0.1028 0.0377 0.0363
37       37   (0)      3  : 0.1502 0.3299 0.2000 0.1698 0.0387 0.1113
38       38   (0)      3  : 0.8804 0.0000 0.0272 0.0343 0.0376 0.0205
39       39   (0)      3  : 0.2266 0.4701 0.1278 0.0404 0.0527 0.0823
40       40   (0)      3  : 0.2833 0.0188 0.1803 0.1870 0.1465 0.1841
41       41   (0)      3  : 0.1496 0.3128 0.2131 0.0214 0.0648 0.2383
42       42   (0)      3  : 0.0313 0.2822 0.0000 0.0841 0.5536 0.0488
43       43   (0)      3  : 0.0683 0.3443 0.1573 0.1492 0.1953 0.0856
44       44   (0)      3  : 0.0410 0.0490 0.5689 0.0506 0.0435 0.2470
45       45   (0)      3  : 0.0720 0.0268 0.7641 0.0215 0.0000 0.1155
46       46   (0)      3  : 0.0873 0.0000 0.0358 0.2176 0.5215 0.1378
47       47   (0)      3  : 0.1920 0.0292 0.5154 0.1576 0.0364 0.0695
48       48   (0)      3  : 0.0365 0.0271 0.1780 0.0977 0.5193 0.1413
49       49   (0)      3  : 0.1491 0.1850 0.0682 0.2901 0.2354 0.0722
50       50   (0)      3  : 0.0067 0.4267 0.0946 0.0000 0.3688 0.1033
51       51   (0)      3  : 0.1026 0.1145 0.1487 0.4634 0.0587 0.1120
52       52   (0)      3  : 0.1642 0.0446 0.0456 0.5319 0.1213 0.0923
53       53   (0)      3  : 0.0239 0.0256 0.3561 0.3426 0.1844 0.0674
54       54   (0)      3  : 0.0688 0.1922 0.1949 0.2808 0.0571 0.2062
55       55   (0)      3  : 0.0000 0.0460 0.3333 0.4246 0.1033 0.0929
56       56   (0)      3  : 0.0440 0.1019 0.2274 0.3515 0.1056 0.1696
57       57   (0)      3  : 0.2123 0.0266 0.1974 0.2395 0.1096 0.2145
58       58   (0)      3  : 0.1728 0.0331 0.0347 0.0309 0.6661 0.0623
59       59   (0)      3  : 0.0000 0.1564 0.0531 0.0211 0.1360 0.6334
60       60   (0)      4  : 0.3785 0.1950 0.1258 0.0585 0.1980 0.0442
61       61   (0)      4  : 0.1421 0.0108 0.3019 0.3074 0.1998 0.0380
62       62   (0)      4  : 0.0258 0.0000 0.2347 0.0000 0.5081 0.2315
63       63   (0)      4  : 0.2843 0.2064 0.2143 0.0983 0.1138 0.0829
64       64   (0)      4  : 0.2148 0.0463 0.0880 0.5062 0.0430 0.1018
65       65   (0)      4  : 0.0513 0.0818 0.3319 0.2090 0.2379 0.0882
66       66   (0)      4  : 0.0754 0.0321 0.6978 0.0249 0.0186 0.1511
67       67   (0)      4  : 0.2659 0.0216 0.0632 0.3242 0.3223 0.0028
68       68   (0)      4  : 0.1704 0.0356 0.3869 0.0841 0.2499 0.0730
69       69   (0)      4  : 0.0311 0.1055 0.0634 0.0242 0.7660 0.0098
70       70   (0)      4  : 0.0522 0.8764 0.0000 0.0328 0.0131 0.0255
71       71   (0)      1  : 0.0527 0.1405 0.2665 0.3955 0.1342 0.0107
72       72   (0)      1  : 0.8808 0.0159 0.0289 0.0250 0.0237 0.0258
73       73   (0)      1  : 0.0357 0.2883 0.0366 0.0301 0.4386 0.1707
74       74   (0)      1  : 0.0869 0.4111 0.1340 0.0954 0.2209 0.0516
75       75   (0)      1  : 0.0483 0.0809 0.2791 0.2748 0.1958 0.1210
76       76   (0)      1  : 0.0478 0.5334 0.2860 0.0000 0.0000 0.1328
77       77   (0)      1  : 0.1175 0.0063 0.1079 0.0380 0.7250 0.0052
78       78   (0)      1  : 0.1954 0.3180 0.2047 0.0194 0.2028 0.0597
79       79   (0)      1  : 0.2300 0.1175 0.2762 0.0497 0.1365 0.1901
80       80   (0)      1  : 0.2153 0.1503 0.1774 0.3947 0.0178 0.0445
81       81   (0)      1  : 0.1064 0.6124 0.0109 0.0126 0.0000 0.2578
82       82   (0)      1  : 0.6360 0.0488 0.0323 0.1907 0.0165 0.0757
83       83   (0)      1  : 0.2311 0.2247 0.1720 0.0770 0.1405 0.1547
84       84   (0)      1  : 0.1333 0.3035 0.0546 0.2584 0.1243 0.1259
85       85   (0)      1  : 0.1531 0.2713 0.2466 0.0721 0.0120 0.2449
86       86   (0)      1  : 0.1452 0.0262 0.4175 0.1429 0.2460 0.0222
87       87   (0)      1  : 0.1378 0.2729 0.0301 0.0352 0.2354 0.2886
88       88   (0)      1  : 0.2989 0.1690 0.0461 0.0430 0.1107 0.3323
89       89   (0)      1  : 0.5621 0.0196 0.0590 0.0000 0.2759 0.0833
90       90   (0)      1  : 0.0952 0.0452 0.0837 0.5979 0.0231 0.1548
91       91   (0)      1  : 0.7500 0.0000 0.1155 0.0149 0.0275 0.0921
92       92   (0)      1  : 0.0341 0.3803 0.0833 0.1809 0.1467 0.1747
93       93   (0)      1  : 0.0544 0.5946 0.0417 0.0553 0.0280 0.2259
94       94   (0)      1  : 0.2645 0.0000 0.1509 0.3327 0.1914 0.0605
95       95   (0)      1  : 0.1872 0.0140 0.0298 0.6539 0.0258 0.0893
96       96   (0)      1  : 0.0999 0.0459 0.0462 0.5329 0.1414 0.1338
97       97   (0)      1  : 0.1136 0.3828 0.1424 0.1969 0.1315 0.0328
98       98   (0)      1  : 0.1843 0.1664 0.0613 0.2001 0.2272 0.1607
99       99   (0)      4  : 0.1473 0.1339 0.0799 0.5023 0.0996 0.0369
100      100   (0)      4  : 0.1366 0.2379 0.1904 0.2489 0.1362 0.0499
101      101   (0)      5  : 0.2562 0.3428 0.0537 0.1582 0.0890 0.1001
102      102   (0)      5  : 0.0434 0.3895 0.0476 0.0136 0.3706 0.1353
103      103   (0)      5  : 0.0605 0.0734 0.0431 0.4235 0.3687 0.0308
104      104   (0)      5  : 0.0272 0.3410 0.2310 0.0000 0.0740 0.3267
105      105   (0)      5  : 0.2386 0.0000 0.5661 0.0563 0.1261 0.0129
106      106   (0)      4  : 0.0260 0.0701 0.0479 0.0267 0.0952 0.7342
107      107   (0)      4  : 0.2069 0.1841 0.0782 0.0767 0.2751 0.1789
108      108   (0)      4  : 0.2896 0.2489 0.1312 0.0312 0.2196 0.0795
109      109   (0)      4  : 0.1693 0.2476 0.3433 0.0374 0.1098 0.0927
110      110   (0)      4  : 0.0318 0.5559 0.0334 0.0673 0.0300 0.2816
111      111   (0)      5  : 0.1936 0.0178 0.1136 0.2310 0.2039 0.2401
112      112   (0)      5  : 0.2012 0.0246 0.2613 0.2025 0.1763 0.1341
113      113   (0)      5  : 0.1739 0.1233 0.2858 0.1815 0.1106 0.1249
114      114   (0)      5  : 0.0000 0.6573 0.0932 0.1675 0.0000 0.0821
115      115   (0)      5  : 0.0915 0.0158 0.0271 0.0266 0.7613 0.0777
116      116   (0)      5  : 0.0745 0.3803 0.2415 0.1100 0.0293 0.1644
117      117   (0)      4  : 0.1351 0.1966 0.3944 0.1680 0.0715 0.0343
118      118   (0)      4  : 0.2504 0.0106 0.3248 0.0194 0.1670 0.2277
119      119   (0)      4  : 0.0275 0.0827 0.0353 0.8152 0.0174 0.0220
120      120   (0)      4  : 0.1216 0.1936 0.2227 0.1789 0.1741 0.1091
121      121   (0)      4  : 0.0379 0.3565 0.2252 0.0000 0.0672 0.3131
122      122   (0)      4  : 0.0969 0.0000 0.0493 0.1296 0.1369 0.5874
123      123   (0)      4  : 0.2913 0.0000 0.3087 0.3611 0.0389 0.0000
124      124   (0)      4  : 0.2863 0.0339 0.1432 0.3409 0.1309 0.0649
125      125   (0)      5  : 0.3064 0.2466 0.0091 0.4298 0.0051 0.0030
126      126   (0)      5  : 0.1956 0.0609 0.2786 0.0000 0.2040 0.2610
127      127   (0)      5  : 0.2860 0.2533 0.0338 0.0000 0.2743 0.1525
128      128   (0)      5  : 0.0654 0.0246 0.0383 0.1005 0.1062 0.6651
129      129   (0)      5  : 0.0008 0.2594 0.4222 0.0503 0.0835 0.1837
130      130   (0)      5  : 0.1090 0.0317 0.1148 0.2430 0.2306 0.2710
131      131   (0)      5  : 0.0062 0.1799 0.3269 0.3574 0.0557 0.0739
132      132   (0)      5  : 0.0376 0.0248 0.4010 0.0539 0.4132 0.0695
133      133   (0)      5  : 0.0455 0.3141 0.0990 0.1389 0.0915 0.3111
134      134   (0)      5  : 0.1930 0.0171 0.2607 0.4243 0.0763 0.0286
135      135   (0)      5  : 0.0144 0.9468 0.0000 0.0159 0.0000 0.0229
136      136   (0)      5  : 0.0764 0.3114 0.0390 0.0000 0.1656 0.4077
137      137   (0)      5  : 0.0563 0.2414 0.2302 0.3698 0.0500 0.0523
138      138   (0)      5  : 0.1213 0.2310 0.0626 0.3791 0.1428 0.0632
139      139   (0)      5  : 0.1936 0.4030 0.0184 0.0032 0.1586 0.2232
140      140   (0)      5  : 0.1082 0.2442 0.0096 0.0197 0.4111 0.2072
141      141   (0)      5  : 0.2136 0.0274 0.0074 0.4597 0.2683 0.0236
142      142   (0)      5  : 0.1399 0.0258 0.1813 0.2784 0.1789 0.1957
143      143   (0)      5  : 0.1078 0.3368 0.3045 0.0516 0.0881 0.1112
144      144   (0)      6  : 0.1936 0.0969 0.1624 0.1885 0.1923 0.1664
145      145   (0)      6  : 0.0855 0.2071 0.0000 0.1482 0.3011 0.2581
146      146   (0)      6  : 0.1035 0.0212 0.3392 0.1660 0.2205 0.1497
147      147   (0)      6  : 0.0273 0.0000 0.2011 0.0687 0.5026 0.2003
148      148   (0)      6  : 0.0547 0.3422 0.3390 0.1001 0.0368 0.1272
149      149   (0)      6  : 0.0298 0.1848 0.0544 0.5090 0.1740 0.0480
150      150   (0)      6  : 0.1268 0.1718 0.0168 0.0107 0.3704 0.3035
151      151   (0)      6  : 0.0105 0.0376 0.8022 0.0282 0.1022 0.0194
152      152   (0)      6  : 0.0935 0.2803 0.1707 0.2429 0.0781 0.1344
153      153   (0)      6  : 0.0251 0.2545 0.2712 0.0125 0.1527 0.2839
154      154   (0)      6  : 0.0782 0.1835 0.2679 0.1151 0.2339 0.1214
155      155   (0)      6  : 0.1584 0.1128 0.0039 0.0150 0.6122 0.0978
156      156   (0)      6  : 0.1652 0.3409 0.1626 0.0089 0.0077 0.3147
157      157   (0)      6  : 0.1368 0.0191 0.4277 0.0965 0.0860 0.2338
158      158   (0)      6  : 0.2912 0.1870 0.3883 0.0372 0.0526 0.0437
159      159   (0)      6  : 0.1417 0.0797 0.2918 0.2185 0.1689 0.0994
160      160   (0)      6  : 0.0000 0.0149 0.0833 0.0000 0.0499 0.8519
161      161   (0)      6  : 0.0091 0.7370 0.0431 0.1093 0.0511 0.0505
162      162   (0)      6  : 0.0209 0.5221 0.1770 0.0879 0.0405 0.1516
163      163   (0)      6  : 0.4535 0.0000 0.0338 0.0527 0.0655 0.3946
164      164   (0)      6  : 0.1442 0.4213 0.0756 0.0536 0.1180 0.1873
165      165   (0)      6  : 0.2363 0.1902 0.1119 0.1711 0.0807 0.2098
166      166   (0)      6  : 0.0088 0.0503 0.1261 0.7122 0.0290 0.0736
167      167   (0)      6  : 0.2812 0.0000 0.2923 0.0646 0.0257 0.3361
168      168   (0)      6  : 0.0185 0.0705 0.3117 0.1051 0.3383 0.1558
169      169   (0)      6  : 0.3431 0.0722 0.0020 0.0285 0.3115 0.2428
170      170   (0)      6  : 0.0745 0.2435 0.0483 0.3893 0.0300 0.2143
171      171   (0)      6  : 0.2534 0.0994 0.1315 0.0732 0.1927 0.2498
172      172   (0)      4  : 0.1299 0.0410 0.0169 0.4734 0.2780 0.0607
173      173   (0)      4  : 0.1606 0.4211 0.1558 0.1411 0.0549 0.0664
174      174   (0)      7  : 0.0269 0.2241 0.3579 0.2297 0.0321 0.1292
175      175   (0)      7  : 0.7500 0.0214 0.1221 0.0000 0.0159 0.0907
176      176   (0)      7  : 0.0889 0.4514 0.0396 0.0297 0.0917 0.2987
177      177   (0)      7  : 0.2278 0.1613 0.0736 0.4275 0.0872 0.0226
178      178   (0)      7  : 0.1819 0.2853 0.1030 0.2528 0.0347 0.1423
179      179   (0)      7  : 0.0514 0.0542 0.0268 0.6496 0.1869 0.0311
180      180   (0)      7  : 0.0000 0.0000 0.3581 0.0877 0.4748 0.0794
181      181   (0)      7  : 0.1328 0.3633 0.1248 0.0165 0.2819 0.0808
182      182   (0)      7  : 0.2082 0.2913 0.2136 0.1897 0.0129 0.0843
183      183   (0)      7  : 0.0567 0.7708 0.0207 0.0423 0.0343 0.0753
184      184   (0)      7  : 0.2093 0.0000 0.2979 0.0536 0.0998 0.3394
185      185   (0)      7  : 0.2704 0.0234 0.3957 0.0381 0.0000 0.2724
186      186   (0)      7  : 0.0158 0.3012 0.1541 0.1363 0.1781 0.2145
187      187   (0)      7  : 0.1367 0.3761 0.0386 0.1322 0.0725 0.2439
188      188   (0)      7  : 0.0571 0.4386 0.3548 0.0656 0.0108 0.0731
189      189   (0)      7  : 0.0869 0.0068 0.4509 0.2145 0.1663 0.0747
190      190   (0)      7  : 0.1161 0.0457 0.0803 0.3093 0.0189 0.4295
191      191   (0)      7  : 0.0975 0.2508 0.1369 0.0915 0.3467 0.0765
192      192   (0)      7  : 0.1460 0.0298 0.0300 0.2097 0.5048 0.0797
193      193   (0)      7  : 0.2551 0.0673 0.3186 0.3235 0.0090 0.0265
194      194   (0)      7  : 0.0516 0.0000 0.2075 0.2419 0.3102 0.1887
195      195   (0)      7  : 0.2537 0.1805 0.2891 0.1263 0.0707 0.0797
196      196   (0)      7  : 0.1897 0.2745 0.1561 0.0977 0.1845 0.0976
197      197   (0)      7  : 0.0702 0.0707 0.2151 0.3096 0.2289 0.1056
198      198   (0)      7  : 0.0935 0.6652 0.2148 0.0265 0.0000 0.0000
199      199   (0)      7  : 0.3717 0.0370 0.2056 0.3067 0.0196 0.0595
200      200   (0)      7  : 0.0642 0.0674 0.6606 0.0519 0.0383 0.1175
201      201   (0)      7  : 0.0537 0.0638 0.7547 0.1113 0.0165 0.0000
202      202   (0)      7  : 0.0437 0.6827 0.0556 0.1251 0.0001 0.0928
203      203   (0)      7  : 0.2302 0.0318 0.0885 0.3362 0.1935 0.1198
