1        1   (0)      1  : 0.2949 0.1981 0.0509 0.0291 0.1161 0.2086 0.1021
2        2   (0)      1  : 0.1277 0.0321 0.0145 0.0058 0.0758 0.2574 0.4867
3        3   (0)      2  : 0.0216 0.0000 0.2039 0.0354 0.3336 0.2922 0.1133
4        4   (0)      2  : 0.2734 0.1148 0.0478 0.0000 0.0964 0.4096 0.0580
5        5   (0)      2  : 0.0118 0.1757 0.1493 0.2354 0.1091 0.0443 0.2743
6        6   (0)      2  : 0.4512 0.2883 0.0267 0.0728 0.0663 0.0946 0.0000
7        7   (0)      2  : 0.0606 0.1019 0.2685 0.3314 0.0307 0.0000 0.2069
8        8   (0)      2  : 0.0101 0.0771 0.4528 0.1259 0.1905 0.1261 0.0175
9        9   (0)      2  : 0.0428 0.1114 0.0563 0.1308 0.3016 0.0290 0.3282
10       10   (0)      2  : 0.2508 0.1172 0.3768 0.1575 0.0314 0.0355 0.0307
11       11   (0)      2  : 0.2217 0.1987 0.1636 0.1032 0.0761 0.1462 0.0904
12       12   (0)      2  : 0.0262 0.3721 0.2282 0.0261 0.0000 0.2892 0.0583
13       13   (0)      2  : 0.0000 0.1284 0.3301 0.0597 0.0496 0.0255 0.4067
14       14   (0)      2  : 0.0145 0.2474 0.2546 0.1606 0.1183 0.0234 0.1812
15       15   (0)      2  : 0.0000 0.1035 0.2450 0.1168 0.1418 0.0743 0.3187
16       16   (0)      2  : 0.0608 0.1206 0.0421 0.0536 0.1191 0.2370 0.3668
17       17   (0)      2  : 0.0566 0.0278 0.0475 0.0782 0.1244 0.0369 0.6286
18       18   (0)      2  : 0.0866 0.0829 0.1636 0.0817 0.3534 0.2166 0.0152
19       19   (0)      2  : 0.0000 0.0171 0.1219 0.1597 0.3214 0.0656 0.3143
20       20   (0)      2  : 0.0885 0.0000 0.2120 0.0759 0.5492 0.0491 0.0254
21       21   (0)      2  : 0.0832 0.3669 0.1474 0.2765 0.0542 0.0070 0.0648
22       22   (0)      2  : 0.0402 0.0467 0.1286 0.3399 0.0904 0.3044 0.0497
23       23   (0)      2  : 0.0652 0.1761 0.1071 0.2857 0.0756 0.0417 0.2484
24       24   (0)      2  : 0.2155 0.0546 0.1578 0.1403 0.3934 0.0384 0.0000
25       25   (0)      2  : 0.1362 0.0163 0.0765 0.1756 0.1789 0.3502 0.0663
26       26   (0)      2  : 0.0327 0.0815 0.3944 0.0681 0.1321 0.1924 0.0987
27       27   (0)      2  : 0.0291 0.1064 0.2271 0.4929 0.0900 0.0206 0.0339
28       28   (0)      2  : 0.0000 0.5305 0.2341 0.0428 0.0000 0.1317 0.0609
29       29   (0)      2  : 0.0222 0.0252 0.3313 0.1890 0.1103 0.0842 0.2378
30       30   (0)      3  : 0.0864 0.0419 0.1293 0.0000 0.0122 0.7301 0.0000
31       31   (0)      3  : 0.0276 0.0945 0.1931 0.3030 0.0533 0.0162 0.3123
32       32   (0)      3  : 0.0139 0.1700 0.1676 0.1161 0.2599 0.1995 0.0731
33       33   (0)      3  : 0.1552 0.1009 0.1482 0.1132 0.1882 0.0813 0.2129
34       34   (0)      3  : 0.0496 0.0000 0.2138 0.2994 0.1601 0.0533 0.2238
35       35   (0)      3  : 0.1103 0.1817 0.0739 0.0225 0.3091 0.2064 0.0960
36       36   (0)      3  : 0.0000 0.2039 0.2435 0.2622 0.1087 0.0189 0.1629
37       37   (0)      3  : 0.1046 0.3003 0.1733 0.1333 0.1100 0.0373 0.1413
38       38   (0)      3  : 1.0000 0.0000 0.0000 0.0000 0.0000 0.0000 0.0000
39       39   (0)      3  : 0.1365 0.3990 0.1696 0.0540 0.0854 0.0719 0.0836
40       40   (0)      3  : 0.1575 0.0574 0.1870 0.0613 0.0724 0.2067 0.2578
41       41   (0)      3  : 0.1221 0.2361 0.1122 0.0567 0.1662 0.2027 0.1041
42       42   (0)      3  : 0.0405 0.2870 0.0148 0.3154 0.1647 0.1450 0.0326
43       43   (0)      3  : 0.0791 0.3073 0.1142 0.0490 0.1806 0.2032 0.0666
44       44   (0)      3  : 0.0000 0.1635 0.3037 0.2713 0.0871 0.1283 0.0461
45       45   (0)      3  : 0.0670 0.0291 0.2890 0.4241 0.0000 0.0956 0.0951
46       46   (0)      3  : 0.0000 0.0000 0.0498 0.0105 0.8715 0.0424 0.0257
47       47   (0)      3  : 0.0583 0.1068 0.2046 0.2399 0.1593 0.0451 0.1861
48       48   (0)      3  : 0.0979 0.0009 0.0314 0.0413 0.3606 0.2345 0.2333
49       49   (0)      3  : 0.1460 0.0580 0.0879 0.4473 0.1475 0.0937 0.0196
50       50   (0)      3  : 0.0120 0.3410 0.1247 0.0227 0.2746 0.1486 0.0764
51       51   (0)      3  : 0.0249 0.0075 0.0971 0.5977 0.0052 0.0758 0.1918
52       52   (0)      3  : 0.0597 0.2420 0.0984 0.1330 0.2960 0.0343 0.1366
53       53   (0)      3  : 0.0531 0.0000 0.2438 0.4008 0.1607 0.0861 0.0555
54       54   (0)      3  : 0.1187 0.2375 0.1846 0.1173 0.0000 0.1886 0.1533
55       55   (0)      3  : 0.0000 0.0000 0.5986 0.0726 0.2940 0.0114 0.0235
56       56   (0)      3  : 0.0005 0.0512 0.3573 0.0729 0.2826 0.0877 0.1476
57       57   (0)      3  : 0.1094 0.1526 0.0886 0.2044 0.2009 0.0753 0.1688
58       58   (0)      3  : 0.4383 0.0000 0.0000 0.0744 0.0523 0.3691 0.0659
59       59   (0)      3  : 0.0000 0.0183 0.1962 0.0000 0.1556 0.5491 0.0807
60       60   (0)      4  : 0.2059 0.1353 0.0145 0.1476 0.3869 0.0353 0.0744
61       61   (0)      4  : 0.0887 0.1321 0.0229 0.2295 0.1192 0.0260 0.3816
62       62   (0)      4  : 0.0581 0.0628 0.0601 0.0107 0.5586 0.1441 0.1055
63       63   (0)      4  : 0.1402 0.2173 0.1682 0.0265 0.0695 0.0536 0.3248
64       64   (0)      4  : 0.0829 0.0474 0.0856 0.2971 0.0172 0.0603 0.4094
65       65   (0)      4  : 0.0147 0.0390 0.1618 0.1302 0.1259 0.0167 0.5117
66       66   (0)      4  : 0.0443 0.0511 0.5805 0.0759 0.0003 0.1446 0.1032
67       67   (0)      4  : 0.0648 0.0129 0.0252 0.7556 0.0619 0.0168 0.0628
68       68   (0)      4  : 0.1604 0.1256 0.1565 0.1644 0.0503 0.0877 0.2552
69       69   (0)      4  : 0.0000 0.0000 0.1763 0.0010 0.6196 0.0403 0.1630
70       70   (0)      4  : 0.0000 0.4316 0.0111 0.0000 0.1121 0.4119 0.0333
71       71   (0)      1  : 0.0000 0.0000 0.2144 0.5272 0.0713 0.0173 0.1697
72       72   (0)      1  : 1.0000 0.0000 0.0000 0.0000 0.0000 0.0000 0.0000
73       73   (0)      1  : 0.0033 0.0401 0.0736 0.0000 0.7635 0.0469 0.0726
74       74   (0)      1  : 0.0282 0.2656 0.2010 0.0800 0.3923 0.0001 0.0328
75       75   (0)      1  : 0.0349 0.1142 0.1910 0.2512 0.1384 0.0967 0.1736
76       76   (0)      1  : 0.0000 0.8150 0.0000 0.0000 0.0000 0.0000 0.1850
77       77   (0)      1  : 0.3982 0.0000 0.0000 0.1472 0.4145 0.0401 0.0000
78       78   (0)      1  : 0.2006 0.3818 0.0256 0.2533 0.0578 0.0205 0.0604
79       79   (0)      1  : 0.0953 0.0651 0.0508 0.4890 0.2043 0.0606 0.0349
80       80   (0)      1  : 0.0331 0.0979 0.2203 0.4746 0.1504 0.0000 0.0237
81       81   (0)      1  : 0.0856 0.7178 0.0000 0.0000 0.0000 0.1573 0.0392
82       82   (0)      1  : 0.3805 0.2185 0.0371 0.1099 0.0168 0.0225 0.2146
83       83   (0)      1  : 0.2498 0.2740 0.0150 0.0826 0.0501 0.0429 0.2856
84       84   (0)      1  : 0.0000 0.3117 0.1395 0.1433 0.1177 0.0165 0.2712
85       85   (0)      1  : 0.1715 0.2202 0.2586 0.0879 0.0000 0.1935 0.0682
86       86   (0)      1  : 0.1198 0.0000 0.3709 0.0911 0.2771 0.0708 0.0704
87       87   (0)      1  : 0.2604 0.0355 0.0134 0.0241 0.1269 0.5396 0.0000
88       88   (0)      1  : 0.2670 0.0367 0.0660 0.0176 0.1289 0.1517 0.3321
89       89   (0)      1  : 0.1570 0.0737 0.0557 0.1250 0.4405 0.1482 0.0000
90       90   (0)      1  : 0.0870 0.1982 0.0760 0.2101 0.0010 0.3031 0.1247
91       91   (0)      1  : 0.5078 0.1250 0.0506 0.0778 0.0154 0.0128 0.2105
92       92   (0)      1  : 0.0213 0.2253 0.2102 0.0000 0.0367 0.1902 0.3163
93       93   (0)      1  : 0.0614 0.3066 0.1225 0.1711 0.0959 0.1518 0.0907
94       94   (0)      1  : 0.0793 0.0000 0.2199 0.1250 0.3328 0.0800 0.1630
95       95   (0)      1  : 0.0099 0.0000 0.2480 0.4235 0.1042 0.0000 0.2144
96       96   (0)      1  : 0.0073 0.0046 0.0866 0.5576 0.1074 0.0630 0.1735
97       97   (0)      1  : 0.0694 0.3887 0.0691 0.1664 0.1647 0.0044 0.1373
98       98   (0)      1  : 0.0981 0.0926 0.1146 0.2076 0.2765 0.1193 0.0913
99       99   (0)      4  : 0.0000 0.1486 0.0885 0.6563 0.0817 0.0249 0.0000
100      100   (0)      4  : 0.1227 0.2034 0.2099 0.2535 0.0717 0.0201 0.1187
101      101   (0)      5  : 0.0744 0.1590 0.0344 0.2208 0.0604 0.1250 0.3261
102      102   (0)      5  : 0.0526 0.3647 0.0829 0.0433 0.1614 0.2152 0.0799
103      103   (0)      5  : 0.0759 0.0675 0.1877 0.1898 0.2416 0.2307 0.0069
104      104   (0)      5  : 0.0478 0.3519 0.1525 0.2067 0.0000 0.2097 0.0314
105      105   (0)      5  : 0.1702 0.0307 0.0636 0.6302 0.0813 0.0000 0.0239
106      106   (0)      4  : 0.0163 0.0777 0.3275 0.0168 0.0882 0.4335 0.0400
107      107   (0)      4  : 0.1190 0.2382 0.0434 0.0428 0.2146 0.0645 0.2775
108      108   (0)      4  : 0.2876 0.2510 0.0180 0.1652 0.1596 0.0792 0.0394
109      109   (0)      4  : 0.0364 0.2239 0.1548 0.3367 0.2029 0.0248 0.0206
110      110   (0)      4  : 0.0591 0.4796 0.1567 0.0355 0.0362 0.2330 0.0000
111      111   (0)      5  : 0.0956 0.0247 0.1710 0.3504 0.1341 0.1028 0.1214
112      112   (0)      5  : 0.1452 0.0192 0.0793 0.0379 0.1297 0.0885 0.5003
113      113   (0)      5  : 0.1256 0.1337 0.1451 0.1683 0.0858 0.0443 0.2971
114      114   (0)      5  : 0.0000 0.5272 0.2627 0.1117 0.0847 0.0137 0.0000
115      115   (0)      5  : 0.0735 0.0368 0.0483 0.0588 0.3092 0.4734 0.0000
116      116   (0)      5  : 0.0478 0.2227 0.2642 0.1241 0.1457 0.1474 0.0482
117      117   (0)      4  : 0.0129 0.2149 0.0571 0.0277 0.1014 0.0000 0.5860
118      118   (0)      4  : 0.3851 0.0243 0.0789 0.0643 0.2188 0.2010 0.0277
119      119   (0)      4  : 0.0366 0.1775 0.2537 0.2726 0.0544 0.0772 0.1280
120      120   (0)      4  : 0.2116 0.2071 0.1320 0.1968 0.1802 0.0297 0.0426
121      121   (0)      4  : 0.0212 0.3037 0.1508 0.0000 0.1167 0.3362 0.0713
122      122   (0)      4  : 0.0384 0.0000 0.0326 0.0157 0.2542 0.2215 0.4375
123      123   (0)      4  : 0.2323 0.0000 0.1598 0.4237 0.1718 0.0000 0.0124
124      124   (0)      4  : 0.1078 0.0193 0.0823 0.0000 0.0632 0.0000 0.7275
125      125   (0)      5  : 0.1441 0.1411 0.0735 0.1572 0.0614 0.0000 0.4228
126      126   (0)      5  : 0.3110 0.1593 0.1622 0.0000 0.0981 0.2504 0.0190
127      127   (0)      5  : 0.4738 0.3789 0.0000 0.0000 0.0000 0.1178 0.0295
128      128   (0)      5  : 0.0611 0.0636 0.1757 0.0610 0.1090 0.3488 0.1808
129      129   (0)      5  : 0.0155 0.1287 0.3351 0.2357 0.2025 0.0727 0.0098
130      130   (0)      5  : 0.1076 0.1813 0.0883 0.0000 0.0322 0.3337 0.2569
131      131   (0)      5  : 0.0000 0.0155 0.5642 0.1010 0.0604 0.0657 0.1933
132      132   (0)      5  : 0.1969 0.0420 0.0856 0.0378 0.0877 0.0649 0.4850
133      133   (0)      5  : 0.1019 0.3037 0.0634 0.0081 0.0634 0.2715 0.1880
134      134   (0)      5  : 0.0673 0.0000 0.3096 0.1245 0.1142 0.0665 0.3178
135      135   (0)      5  : 0.0000 0.7535 0.0000 0.0325 0.0000 0.2140 0.0000
136      136   (0)      5  : 0.1561 0.3033 0.0698 0.0000 0.0000 0.4708 0.0000
137      137   (0)      5  : 0.0055 0.1542 0.2256 0.1983 0.1158 0.0084 0.2922
138      138   (0)      5  : 0.0557 0.1728 0.2870 0.2099 0.0477 0.1574 0.0695
139      139   (0)      5  : 0.1244 0.3573 0.0292 0.1668 0.0114 0.2979 0.0129
140      140   (0)      5  : 0.0865 0.1281 0.0728 0.1250 0.1840 0.3225 0.0811
141      141   (0)      5  : 0.1222 0.0051 0.3001 0.2357 0.2194 0.0945 0.0230
142      142   (0)      5  : 0.1065 0.0710 0.0991 0.0488 0.0189 0.6463 0.0093
143      143   (0)      5  : 0.0772 0.4148 0.1439 0.0380 0.0421 0.0216 0.2624
144      144   (0)      6  : 0.2262 0.1320 0.0749 0.2562 0.0286 0.1021 0.1800
145      145   (0)      6  : 0.0645 0.2719 0.1065 0.1022 0.0322 0.2258 0.1970
146      146   (0)      6  : 0.0379 0.0048 0.1988 0.1958 0.2677 0.0566 0.2383
147      147   (0)      6  : 0.0062 0.0083 0.1348 0.0668 0.4711 0.3129 0.0000
148      148   (0)      6  : 0.0000 0.1880 0.5231 0.0487 0.0266 0.0169 0.1967
149      149   (0)      6  : 0.0679 0.0016 0.0397 0.4985 0.2342 0.0180 0.1400
150      150   (0)      6  : 0.1268 0.0698 0.0433 0.0000 0.0401 0.7128 0.0072
151      151   (0)      6  : 0.0131 0.0243 0.3130 0.0962 0.2956 0.0174 0.2404
152      152   (0)      6  : 0.0047 0.2829 0.0474 0.1247 0.1635 0.0556 0.3212
153      153   (0)      6  : 0.0060 0.0400 0.6478 0.0620 0.0164 0.1927 0.0351
154      154   (0)      6  : 0.0870 0.1109 0.1289 0.0006 0.2118 0.1426 0.3183
155      155   (0)      6  : 0.1973 0.2790 0.0403 0.1104 0.0674 0.2627 0.0429
156      156   (0)      6  : 0.1281 0.6622 0.0231 0.0723 0.0000 0.0750 0.0393
157      157   (0)      6  : 0.0034 0.0396 0.2742 0.2626 0.2102 0.0511 0.1589
158      158   (0)      6  : 0.1245 0.0692 0.0657 0.5325 0.1442 0.0437 0.0202
159      159   (0)      6  : 0.0599 0.1404 0.1498 0.1991 0.1059 0.0788 0.2662
160      160   (0)      6  : 0.0000 0.0000 0.3984 0.0000 0.0000 0.4759 0.1257
161      161   (0)      6  : 0.0481 0.3560 0.1758 0.1758 0.0965 0.0839 0.0638
162      162   (0)      6  : 0.0000 0.4400 0.2814 0.0141 0.0000 0.1823 0.0822
163      163   (0)      6  : 0.4828 0.0000 0.0701 0.0361 0.0389 0.3029 0.0691
164      164   (0)      6  : 0.1067 0.2243 0.2343 0.1393 0.0392 0.2359 0.0204
165      165   (0)      6  : 0.1069 0.1856 0.1723 0.1453 0.1309 0.1570 0.1021
166      166   (0)      6  : 0.0000 0.0110 0.3175 0.3818 0.0357 0.0642 0.1898
167      167   (0)      6  : 0.2259 0.0724 0.1305 0.1295 0.0073 0.1580 0.2764
168      168   (0)      6  : 0.0096 0.0000 0.1250 0.0631 0.6524 0.0759 0.0740
169      169   (0)      6  : 0.3445 0.1699 0.0110 0.1295 0.0355 0.1078 0.2018
170      170   (0)      6  : 0.1430 0.1132 0.1511 0.2867 0.0395 0.2665 0.0000
171      171   (0)      6  : 0.3879 0.1707 0.0725 0.0361 0.1161 0.1448 0.0719
172      172   (0)      4  : 0.0939 0.0307 0.1190 0.0920 0.1327 0.4985 0.0333
173      173   (0)      4  : 0.0747 0.4856 0.2340 0.0655 0.1402 0.0000 0.0000
174      174   (0)      7  : 0.0000 0.1550 0.3113 0.1255 0.0930 0.1083 0.2068
175      175   (0)      7  : 0.5000 0.1545 0.0305 0.1443 0.0000 0.0000 0.1707
176      176   (0)      7  : 0.1085 0.2980 0.0396 0.0223 0.0441 0.2473 0.2402
177      177   (0)      7  : 0.0953 0.0673 0.2396 0.1940 0.1954 0.0000 0.2084
178      178   (0)      7  : 0.0919 0.2862 0.0411 0.3012 0.1064 0.0391 0.1342
179      179   (0)      7  : 0.1494 0.0882 0.2133 0.0370 0.3600 0.1236 0.0286
180      180   (0)      7  : 0.0148 0.0000 0.2061 0.0525 0.5361 0.0779 0.1126
181      181   (0)      7  : 0.2586 0.2797 0.0000 0.1507 0.0502 0.1594 0.1014
182      182   (0)      7  : 0.1455 0.3418 0.1288 0.1076 0.0174 0.0160 0.2430
183      183   (0)      7  : 0.1319 0.4973 0.0758 0.0314 0.0458 0.0271 0.1907
184      184   (0)      7  : 0.1118 0.0000 0.0520 0.0456 0.2011 0.1643 0.4252
185      185   (0)      7  : 0.1299 0.0994 0.3175 0.2690 0.0000 0.1005 0.0838
186      186   (0)      7  : 0.0000 0.2809 0.2264 0.0998 0.2171 0.0851 0.0907
187      187   (0)      7  : 0.1033 0.2797 0.2371 0.0368 0.0509 0.2003 0.0920
188      188   (0)      7  : 0.0269 0.4336 0.1400 0.1258 0.1633 0.0001 0.1102
189      189   (0)      7  : 0.0752 0.0911 0.2063 0.1180 0.0888 0.0528 0.3678
190      190   (0)      7  : 0.1661 0.0520 0.2122 0.1385 0.0463 0.3351 0.0499
191      191   (0)      7  : 0.0921 0.2826 0.0844 0.1427 0.2007 0.0556 0.1419
192      192   (0)      7  : 0.0256 0.0150 0.1421 0.3008 0.4293 0.0871 0.0000
193      193   (0)      7  : 0.1842 0.1251 0.0604 0.1525 0.0171 0.0208 0.4401
194      194   (0)      7  : 0.0553 0.0000 0.0727 0.0615 0.1712 0.0730 0.5664
195      195   (0)      7  : 0.2549 0.1814 0.0027 0.0321 0.0000 0.0106 0.5183
196      196   (0)      7  : 0.0361 0.3371 0.0186 0.0700 0.3800 0.0012 0.1570
197      197   (0)      7  : 0.0093 0.0113 0.0111 0.0044 0.1898 0.0869 0.6872
198      198   (0)      7  : 0.0044 0.6524 0.1069 0.1906 0.0045 0.0009 0.0402
199      199   (0)      7  : 0.2252 0.1099 0.1671 0.1586 0.0571 0.0742 0.2079
200      200   (0)      7  : 0.1336 0.2551 0.2193 0.0630 0.0550 0.0797 0.1943
201      201   (0)      7  : 0.0665 0.2019 0.2660 0.2065 0.0065 0.0394 0.2131
202      202   (0)      7  : 0.0265 0.5359 0.1388 0.0415 0.0341 0.0317 0.1914
203      203   (0)      7  : 0.1451 0.0491 0.1311 0.1662 0.1441 0.0000 0.3644
