1        1   (0)      1  : 0.0000 1.0000 0.0000 0.0000 0.0000 0.0000 0.0000 0.0000 0.0000 0.0000
2        2   (0)      1  : 0.0000 0.0000 0.0000 0.0000 0.0000 0.0173 0.0000 0.4146 0.5681 0.0000
3        3   (0)      1  : 0.0000 0.8860 0.0000 0.0000 0.1140 0.0000 0.0000 0.0000 0.0000 0.0000
4        4   (0)      1  : 0.0000 0.0000 0.0000 0.0000 0.0000 0.0325 0.0000 0.2750 0.5941 0.0984
5        5   (0)      1  : 0.0000 0.9593 0.0000 0.0000 0.0407 0.0000 0.0000 0.0000 0.0000 0.0000
6        6   (0)      1  : 0.0000 0.7997 0.0000 0.0000 0.2003 0.0000 0.0000 0.0000 0.0000 0.0000
7        7   (0)      1  : 0.0585 0.0233 0.2145 0.0000 0.0000 0.0000 0.0000 0.4809 0.1758 0.0470
8        8   (0)      1  : 0.0000 0.0000 0.2664 0.0000 0.0000 0.0465 0.0000 0.4456 0.1927 0.0488
9        9   (0)      1  : 0.0000 1.0000 0.0000 0.0000 0.0000 0.0000 0.0000 0.0000 0.0000 0.0000
10       10   (0)      2  : 0.0000 0.0000 0.7500 0.0000 0.0000 0.0000 0.0000 0.0000 0.0000 0.2500
11       11   (0)      2  : 0.0000 0.0000 0.8961 0.0000 0.0000 0.0000 0.0000 0.1039 0.0000 0.0000
12       12   (0)      2  : 0.0000 0.0000 0.4828 0.0000 0.0000 0.0000 0.0000 0.2155 0.2352 0.0665
13       13   (0)      3  : 0.0000 0.0000 0.0000 0.0000 0.8000 0.0000 0.2000 0.0000 0.0000 0.0000
14       14   (0)      3  : 0.0000 0.0000 0.0000 0.0000 0.9993 0.0000 0.0007 0.0000 0.0000 0.0000
15       15   (0)      3  : 0.0000 0.0000 0.0000 0.0000 1.0000 0.0000 0.0000 0.0000 0.0000 0.0000
16       16   (0)      3  : 0.0000 0.0000 0.0000 0.0000 1.0000 0.0000 0.0000 0.0000 0.0000 0.0000
17       17   (0)      3  : 0.0000 0.3728 0.0000 0.0000 0.4295 0.0000 0.1977 0.0000 0.0000 0.0000
18       18   (0)      3  : 0.0000 0.0000 0.0000 0.0000 1.0000 0.0000 0.0000 0.0000 0.0000 0.0000
19       19   (0)      3  : 0.0000 0.0000 0.5119 0.0035 0.0001 0.1803 0.0000 0.0497 0.0451 0.2094
20       20   (0)      3  : 0.0932 0.0000 0.3296 0.0035 0.0000 0.2750 0.0000 0.0790 0.0000 0.2196
21       21   (0)      2  : 0.0000 0.1297 0.6409 0.0000 0.0000 0.0000 0.0000 0.1090 0.0990 0.0214
22       22   (0)      2  : 0.0000 0.0000 0.7311 0.0000 0.0000 0.0000 0.0000 0.2076 0.0000 0.0614
23       23   (0)      2  : 0.0000 0.0000 0.4043 0.0000 0.0000 0.0000 0.0000 0.5957 0.0000 0.0000
24       24   (0)      2  : 0.0000 0.0000 0.6909 0.0000 0.0000 0.0000 0.0000 0.3091 0.0000 0.0000
25       25   (0)      2  : 0.0000 0.0000 0.9187 0.0000 0.0000 0.0000 0.0000 0.0000 0.0000 0.0813
26       26   (0)      2  : 0.0000 0.0000 0.9717 0.0000 0.0000 0.0000 0.0000 0.0000 0.0000 0.0283
27       27   (0)      2  : 0.0000 0.0000 0.3816 0.0000 0.0000 0.0000 0.0000 0.2718 0.2100 0.1366
28       28   (0)      2  : 0.0000 0.0000 0.8482 0.0000 0.0000 0.0050 0.0000 0.1288 0.0000 0.0180
29       29   (0)      2  : 0.0000 0.0000 0.8395 0.0000 0.0000 0.0000 0.0000 0.0000 0.1341 0.0264
30       30   (0)      2  : 0.0000 0.0000 0.7762 0.0000 0.0000 0.0000 0.0000 0.1423 0.0427 0.0388
31       31   (0)      2  : 0.0000 0.0581 0.0000 0.0000 0.0000 0.0000 0.0000 0.0000 0.8387 0.1033
32       32   (0)      2  : 0.0000 0.0000 0.0000 0.0000 0.0000 0.0000 0.0000 0.0000 1.0000 0.0000
33       33   (0)      2  : 0.0000 0.0000 0.8455 0.0000 0.0000 0.0000 0.0000 0.0000 0.1545 0.0000
34       34   (0)      2  : 0.0000 0.0000 0.6853 0.0000 0.0000 0.0000 0.0000 0.0000 0.3147 0.0000
35       35   (0)      2  : 0.0000 0.0000 1.0000 0.0000 0.0000 0.0000 0.0000 0.0000 0.0000 0.0000
36       36   (0)      2  : 0.0000 0.0000 0.6317 0.0000 0.0000 0.0000 0.0000 0.3683 0.0000 0.0000
37       37   (0)      2  : 0.0000 0.6745 0.0233 0.0000 0.2097 0.0000 0.0000 0.0000 0.0925 0.0000
38       38   (0)      2  : 0.0000 0.0000 0.9543 0.0000 0.0000 0.0000 0.0000 0.0000 0.0000 0.0457
39       39   (0)      2  : 0.0000 0.0000 0.5819 0.0000 0.0000 0.0000 0.0000 0.0000 0.3853 0.0327
40       40   (0)      2  : 0.0000 0.0000 0.6321 0.0000 0.0023 0.0000 0.0000 0.2460 0.1196 0.0000
41       41   (0)      2  : 0.0000 0.0000 0.8693 0.0000 0.0000 0.0000 0.0809 0.0348 0.0000 0.0150
42       42   (0)      2  : 0.0000 0.0000 0.5935 0.0000 0.0000 0.0000 0.0000 0.4065 0.0000 0.0000
43       43   (0)      4  : 0.9650 0.0000 0.0000 0.0000 0.0000 0.0211 0.0000 0.0000 0.0000 0.0139
44       44   (0)      4  : 0.9554 0.0197 0.0000 0.0000 0.0000 0.0000 0.0020 0.0000 0.0000 0.0229
45       45   (0)      4  : 0.9026 0.0000 0.0000 0.0932 0.0000 0.0000 0.0000 0.0000 0.0000 0.0042
46       46   (0)      4  : 0.7603 0.0000 0.0000 0.0693 0.0000 0.0948 0.0000 0.0085 0.0000 0.0672
47       47   (0)      4  : 0.9240 0.0322 0.0000 0.0000 0.0000 0.0000 0.0357 0.0000 0.0000 0.0080
48       48   (0)      4  : 0.2568 0.0000 0.0000 0.0000 0.3967 0.0000 0.3466 0.0000 0.0000 0.0000
49       49   (0)      4  : 0.1243 0.0000 0.0000 0.0000 0.5163 0.0000 0.3593 0.0000 0.0000 0.0000
50       50   (0)      4  : 1.0000 0.0000 0.0000 0.0000 0.0000 0.0000 0.0000 0.0000 0.0000 0.0000
51       51   (0)      4  : 0.9219 0.0000 0.0000 0.0000 0.0000 0.0358 0.0000 0.0000 0.0000 0.0422
52       52   (0)      4  : 0.6412 0.0262 0.0011 0.2078 0.0204 0.0000 0.0183 0.0234 0.0335 0.0280
53       53   (0)      4  : 0.7685 0.0000 0.0000 0.1579 0.0000 0.0000 0.0736 0.0000 0.0000 0.0000
54       54   (0)      4  : 0.1223 0.0918 0.0000 0.0000 0.2440 0.0000 0.5419 0.0000 0.0000 0.0000
55       55   (0)      4  : 0.1241 0.0603 0.0000 0.0000 0.4046 0.0000 0.4110 0.0000 0.0000 0.0000
56       56   (0)      4  : 0.2676 0.0000 0.0000 0.0000 0.5071 0.0000 0.2254 0.0000 0.0000 0.0000
57       57   (0)      4  : 0.8397 0.0000 0.0000 0.1603 0.0000 0.0000 0.0000 0.0000 0.0000 0.0000
58       58   (0)      4  : 0.9074 0.0000 0.0000 0.0000 0.0000 0.0759 0.0000 0.0000 0.0000 0.0167
59       59   (0)      4  : 0.9645 0.0000 0.0000 0.0000 0.0000 0.0000 0.0000 0.0000 0.0000 0.0355
60       60   (0)      4  : 0.9504 0.0000 0.0000 0.0000 0.0000 0.0004 0.0000 0.0000 0.0000 0.0493
61       61   (0)      4  : 0.9086 0.0000 0.0000 0.0000 0.0000 0.0632 0.0000 0.0000 0.0000 0.0282
62       62   (0)      4  : 0.9171 0.0000 0.0000 0.0000 0.0000 0.0245 0.0000 0.0093 0.0216 0.0274
63       63   (0)      4  : 0.9433 0.0000 0.0000 0.0000 0.0000 0.0000 0.0000 0.0000 0.0000 0.0567
64       64   (0)      4  : 0.9854 0.0000 0.0000 0.0000 0.0000 0.0000 0.0146 0.0000 0.0000 0.0000
65       65   (0)      4  : 0.0016 0.0362 0.0000 0.0000 0.4126 0.0000 0.5495 0.0000 0.0000 0.0000
66       66   (0)      4  : 0.8784 0.0000 0.0000 0.0000 0.0000 0.0721 0.0000 0.0000 0.0000 0.0496
67       67   (0)      4  : 0.8516 0.0000 0.0000 0.1484 0.0000 0.0000 0.0000 0.0000 0.0000 0.0000
68       68   (0)      4  : 0.1535 0.0591 0.0000 0.0000 0.3796 0.0000 0.3625 0.0000 0.0453 0.0000
69       69   (0)      4  : 0.8022 0.0000 0.0000 0.0000 0.0000 0.0042 0.0000 0.1197 0.0000 0.0739
70       70   (0)      4  : 0.9989 0.0000 0.0000 0.0000 0.0000 0.0000 0.0011 0.0000 0.0000 0.0000
71       71   (0)      4  : 0.0511 0.0000 0.0000 0.0000 0.4516 0.0000 0.4972 0.0000 0.0000 0.0000
72       72   (0)      5  : 0.0000 0.0000 0.0000 0.0000 0.0000 0.8713 0.0000 0.0000 0.0808 0.0479
73       73   (0)      5  : 0.0126 0.0000 0.0000 0.3266 0.0188 0.4513 0.0000 0.0369 0.0000 0.1539
74       74   (0)      5  : 0.0184 0.0000 0.0000 0.1636 0.0000 0.7491 0.0000 0.0209 0.0000 0.0480
75       75   (0)      5  : 0.0000 0.0000 0.0000 0.0000 0.0000 0.8989 0.0000 0.0409 0.0000 0.0602
76       76   (0)      5  : 0.1194 0.0740 0.0892 0.1886 0.0000 0.4191 0.0000 0.0546 0.0000 0.0550
77       77   (0)      5  : 0.0000 0.0000 0.0000 0.0114 0.0000 0.4886 0.0000 0.0000 0.0000 0.5000
78       78   (0)      5  : 0.0000 0.0000 0.0000 0.0000 0.0000 0.5000 0.0000 0.0000 0.0000 0.5000
79       79   (0)      5  : 0.0000 0.0000 0.0000 0.0000 0.0000 1.0000 0.0000 0.0000 0.0000 0.0000
80       80   (0)      5  : 0.0000 0.0000 0.0000 0.0070 0.7161 0.0554 0.1552 0.0000 0.0000 0.0663
81       81   (0)      5  : 0.0000 0.0000 0.0000 0.0000 0.4809 0.5191 0.0000 0.0000 0.0000 0.0000
82       82   (0)      5  : 0.2441 0.0000 0.0000 0.2099 0.0000 0.3809 0.0000 0.0000 0.0000 0.1651
83       83   (0)      5  : 0.0000 0.0000 0.0000 0.0000 0.0000 0.6170 0.0000 0.0000 0.0000 0.3830
84       84   (0)      5  : 0.0000 0.0000 0.0000 0.0000 0.0000 0.7500 0.0000 0.0000 0.0000 0.2500
85       85   (0)      5  : 0.0000 0.0000 0.0000 0.0000 0.0000 0.7500 0.0000 0.0000 0.0000 0.2500
86       86   (0)      5  : 0.0000 0.0000 0.0000 0.0000 0.0000 0.9496 0.0000 0.0000 0.0000 0.0504
87       87   (0)      5  : 0.0000 0.0000 0.0000 0.0000 0.0000 0.8818 0.0000 0.0128 0.0000 0.1053
88       88   (0)      5  : 0.0000 0.0000 0.0000 0.0000 0.0000 0.7500 0.0000 0.0000 0.0000 0.2500
89       89   (0)      5  : 0.0000 0.0000 0.0000 0.0000 0.0000 0.9112 0.0000 0.0000 0.0375 0.0513
90       90   (0)      5  : 0.0000 0.0000 0.0000 0.0000 0.0000 1.0000 0.0000 0.0000 0.0000 0.0000
91       91   (0)      5  : 0.0000 0.0000 0.0000 0.0000 0.0000 0.5000 0.0000 0.0000 0.0000 0.5000
92       92   (0)      5  : 0.0000 0.0000 0.0000 0.0000 0.6865 0.2044 0.1063 0.0000 0.0000 0.0027
93       93   (0)      5  : 0.0002 0.0000 0.0248 0.0000 0.0000 0.8115 0.0000 0.0000 0.0000 0.1636
94       94   (0)      5  : 0.0000 0.0000 0.0000 0.1329 0.0000 0.3614 0.0000 0.0000 0.0057 0.5000
95       95   (0)      5  : 0.1045 0.0000 0.0000 0.0069 0.0000 0.8104 0.0000 0.0000 0.0000 0.0782
96       96   (0)      5  : 0.1086 0.0000 0.0146 0.1493 0.0000 0.5533 0.0000 0.0126 0.0000 0.1616
97       97   (0)      6  : 0.1221 0.0000 0.0128 0.0000 0.0145 0.2792 0.0000 0.3415 0.0078 0.2220
98       98   (0)      6  : 0.0000 0.0000 0.0000 0.0000 0.0000 0.0197 0.0000 0.8402 0.0000 0.1401
99       99   (0)      6  : 0.0000 0.7442 0.0000 0.0000 0.1170 0.0000 0.1388 0.0000 0.0000 0.0000
100      100   (0)      6  : 0.0979 0.0000 0.0219 0.0000 0.0000 0.1517 0.0000 0.5061 0.0000 0.2224
101      101   (0)      6  : 0.0000 0.2091 0.0000 0.0000 0.7909 0.0000 0.0000 0.0000 0.0000 0.0000
102      102   (0)      6  : 0.0000 0.7831 0.0000 0.0000 0.0478 0.0000 0.1157 0.0000 0.0423 0.0111
103      103   (0)      6  : 0.0000 0.4022 0.0000 0.0000 0.5644 0.0000 0.0111 0.0000 0.0222 0.0000
104      104   (0)      6  : 0.0186 0.0086 0.0000 0.0067 0.0176 0.2852 0.0000 0.0046 0.5600 0.0987
105      105   (0)      6  : 0.0000 0.6936 0.0000 0.0000 0.3064 0.0000 0.0000 0.0000 0.0000 0.0000
106      106   (0)      6  : 0.0000 0.0000 0.0000 0.0000 0.0000 0.1111 0.0000 0.5845 0.0000 0.3043
107      107   (0)      3  : 0.0000 0.2436 0.0000 0.0000 0.7564 0.0000 0.0000 0.0000 0.0000 0.0000
108      108   (0)      3  : 0.0842 0.0000 0.0000 0.0517 0.0000 0.1847 0.0000 0.3265 0.0000 0.3529
109      109   (0)      3  : 0.0000 0.0000 0.0000 0.0000 1.0000 0.0000 0.0000 0.0000 0.0000 0.0000
110      110   (0)      2  : 0.0000 0.0000 0.0000 0.0000 0.0000 0.0000 0.0000 0.8547 0.0000 0.1453
111      111   (0)      2  : 0.0000 0.4186 0.0000 0.0000 0.5132 0.0000 0.0000 0.0000 0.0682 0.0000
112      112   (0)      3  : 0.0000 0.0000 0.0000 0.0000 1.0000 0.0000 0.0000 0.0000 0.0000 0.0000
113      113   (0)      2  : 0.0000 0.0000 0.7500 0.0000 0.0000 0.0000 0.0000 0.0000 0.0000 0.2500
114      114   (0)      2  : 0.0000 0.3432 0.0000 0.0000 0.6112 0.0000 0.0000 0.0000 0.0456 0.0000
115      115   (0)      3  : 0.0000 0.1497 0.0000 0.0000 0.8503 0.0000 0.0000 0.0000 0.0000 0.0000
116      116   (0)      3  : 0.0000 0.0000 0.0000 0.0000 0.9802 0.0000 0.0073 0.0000 0.0000 0.0125
117      117   (0)      3  : 0.0000 0.0010 0.0000 0.0000 0.8752 0.0000 0.1217 0.0022 0.0000 0.0000
118      118   (0)      3  : 0.0000 0.1395 0.0000 0.0000 0.8605 0.0000 0.0000 0.0000 0.0000 0.0000
119      119   (0)      3  : 0.0000 0.1494 0.0000 0.0000 0.8506 0.0000 0.0000 0.0000 0.0000 0.0000
120      120   (0)      3  : 0.0441 0.0000 0.1302 0.0101 0.0000 0.2369 0.0000 0.2928 0.0000 0.2859
121      121   (0)      3  : 0.0000 0.0000 0.0000 0.0000 1.0000 0.0000 0.0000 0.0000 0.0000 0.0000
122      122   (0)      3  : 0.0000 0.1302 0.0000 0.0000 0.7278 0.0000 0.1072 0.0000 0.0275 0.0074
123      123   (0)      3  : 0.0000 0.0213 0.0000 0.1040 0.7232 0.0000 0.0945 0.0000 0.0569 0.0000
124      124   (0)      3  : 0.0000 0.0000 0.0000 0.0000 1.0000 0.0000 0.0000 0.0000 0.0000 0.0000
125      125   (0)      3  : 0.0823 0.0000 0.3723 0.0068 0.0001 0.0370 0.0000 0.1057 0.1673 0.2284
126      126   (0)      3  : 0.0000 0.0000 0.0000 0.0000 1.0000 0.0000 0.0000 0.0000 0.0000 0.0000
127      127   (0)      3  : 0.0000 0.0000 0.1727 0.0000 0.0000 0.1676 0.0000 0.3956 0.0141 0.2500
128      128   (0)      3  : 0.0000 0.0000 0.0000 0.0000 1.0000 0.0000 0.0000 0.0000 0.0000 0.0000
129      129   (0)      6  : 0.0000 0.1558 0.0000 0.0000 0.6309 0.0000 0.0000 0.0000 0.2133 0.0000
130      130   (0)      6  : 0.0000 0.0000 0.0000 0.1266 0.0000 0.0724 0.0000 0.4464 0.0150 0.3396
131      131   (0)      6  : 0.0000 0.3494 0.0000 0.0000 0.5931 0.0000 0.0576 0.0000 0.0000 0.0000
132      132   (0)      6  : 0.0000 0.0000 0.1050 0.0000 0.0000 0.2462 0.0000 0.5791 0.0319 0.0379
133      133   (0)      6  : 0.0000 1.0000 0.0000 0.0000 0.0000 0.0000 0.0000 0.0000 0.0000 0.0000
134      134   (0)      6  : 0.0000 0.3574 0.0000 0.0000 0.6034 0.0000 0.0000 0.0377 0.0000 0.0015
135      135   (0)      6  : 0.0000 0.3301 0.0000 0.0000 0.6365 0.0000 0.0000 0.0000 0.0334 0.0000
136      136   (0)      6  : 0.0000 0.3835 0.0000 0.0000 0.5663 0.0000 0.0388 0.0000 0.0114 0.0000
137      137   (0)      6  : 0.0000 0.4005 0.0000 0.0000 0.5995 0.0000 0.0000 0.0000 0.0000 0.0000
138      138   (0)      6  : 0.0000 0.3857 0.0000 0.0000 0.6143 0.0000 0.0000 0.0000 0.0000 0.0000
139      139   (0)      6  : 0.0000 0.1079 0.0000 0.0000 0.7370 0.0235 0.0000 0.0000 0.0972 0.0344
140      140   (0)      6  : 0.1003 0.0000 0.1890 0.1076 0.0128 0.1276 0.0000 0.3089 0.1120 0.0418
141      141   (0)      1  : 0.0000 0.0000 0.0000 0.0000 0.0000 0.0000 0.0000 0.9326 0.0000 0.0674
142      142   (0)      1  : 0.0000 0.3478 0.0000 0.0000 0.5381 0.0000 0.0000 0.1141 0.0000 0.0000
143      143   (0)      1  : 0.0000 0.0000 0.0589 0.1312 0.0000 0.0000 0.0000 0.7847 0.0000 0.0252
144      144   (0)      1  : 0.0000 0.0000 0.0000 0.0000 0.0000 0.0000 0.0000 0.4898 0.5102 0.0000
145      145   (0)      1  : 0.0000 0.0000 0.0000 0.0000 0.0000 0.0000 0.0000 0.9506 0.0494 0.0000
146      146   (0)      1  : 0.0000 1.0000 0.0000 0.0000 0.0000 0.0000 0.0000 0.0000 0.0000 0.0000
147      147   (0)      6  : 0.0000 0.5153 0.0000 0.0000 0.4847 0.0000 0.0000 0.0000 0.0000 0.0000
148      148   (0)      6  : 0.0000 0.0000 0.0000 0.0000 0.0000 0.0312 0.0000 0.8379 0.0000 0.1308
149      149   (0)      6  : 0.0000 0.7327 0.0000 0.0000 0.0696 0.0000 0.1088 0.0000 0.0697 0.0191
150      150   (0)      6  : 0.0392 0.5256 0.0000 0.0000 0.3690 0.0000 0.0000 0.0000 0.0639 0.0024
151      151   (0)      6  : 0.0000 0.9707 0.0000 0.0000 0.0293 0.0000 0.0000 0.0000 0.0000 0.0000
152      152   (0)      6  : 0.0000 0.3694 0.0000 0.0000 0.6306 0.0000 0.0000 0.0000 0.0000 0.0000
153      153   (0)      6  : 0.0000 0.0000 0.0000 0.0000 0.0000 0.1116 0.0000 0.6384 0.0000 0.2500
154      154   (0)      1  : 0.0000 0.0000 0.0000 0.0000 0.0000 0.0000 0.0000 1.0000 0.0000 0.0000
155      155   (0)      1  : 0.0000 1.0000 0.0000 0.0000 0.0000 0.0000 0.0000 0.0000 0.0000 0.0000
156      156   (0)      1  : 0.0000 1.0000 0.0000 0.0000 0.0000 0.0000 0.0000 0.0000 0.0000 0.0000
157      157   (0)      1  : 0.0000 1.0000 0.0000 0.0000 0.0000 0.0000 0.0000 0.0000 0.0000 0.0000
158      158   (0)      1  : 0.0000 0.0017 0.1271 0.0000 0.0000 0.0000 0.0000 0.6190 0.1730 0.0791
159      159   (0)      1  : 0.0000 0.0000 0.0000 0.0000 0.0000 0.0000 0.0000 1.0000 0.0000 0.0000
160      160   (0)      1  : 0.0000 0.0000 0.2220 0.0000 0.0000 0.0000 0.0000 0.7246 0.0364 0.0171
161      161   (0)      1  : 0.0000 1.0000 0.0000 0.0000 0.0000 0.0000 0.0000 0.0000 0.0000 0.0000
162      162   (0)      1  : 0.0000 0.0000 0.0000 0.0000 0.0000 0.0100 0.0000 0.5742 0.3683 0.0475
163      163   (0)      1  : 0.0000 0.0000 0.2807 0.0000 0.0000 0.0000 0.0000 0.5702 0.1490 0.0000
164      164   (0)      1  : 0.0000 1.0000 0.0000 0.0000 0.0000 0.0000 0.0000 0.0000 0.0000 0.0000
165      165   (0)      1  : 0.0000 1.0000 0.0000 0.0000 0.0000 0.0000 0.0000 0.0000 0.0000 0.0000
166      166   (0)      1  : 0.0000 0.0000 0.0000 0.0000 0.0000 0.0000 0.0000 0.0000 1.0000 0.0000
167      167   (0)      1  : 0.0000 1.0000 0.0000 0.0000 0.0000 0.0000 0.0000 0.0000 0.0000 0.0000
168      168   (0)      7  : 0.0000 0.0000 0.0000 0.6072 0.0000 0.0000 0.0000 0.2173 0.0000 0.1754
169      169   (0)      7  : 0.0000 0.0000 0.0891 0.4573 0.0000 0.0781 0.0000 0.0000 0.0573 0.3183
170      170   (0)      7  : 0.0000 0.0724 0.0000 0.8141 0.0000 0.0000 0.1135 0.0000 0.0000 0.0000
171      171   (0)      7  : 0.0000 0.0000 0.0000 0.7850 0.0000 0.0000 0.1483 0.0000 0.0285 0.0382
172      172   (0)      7  : 0.0000 0.0000 0.0000 1.0000 0.0000 0.0000 0.0000 0.0000 0.0000 0.0000
173      173   (0)      7  : 0.0000 0.0000 0.0000 0.7869 0.0000 0.1016 0.0000 0.0000 0.0000 0.1115
174      174   (0)      7  : 0.0000 0.0000 0.0000 0.9679 0.0000 0.0321 0.0000 0.0000 0.0000 0.0000
175      175   (0)      7  : 0.0000 0.0000 0.0000 0.0000 0.0000 0.0000 1.0000 0.0000 0.0000 0.0000
176      176   (0)      7  : 0.0000 0.0000 0.0000 1.0000 0.0000 0.0000 0.0000 0.0000 0.0000 0.0000
177      177   (0)      7  : 0.0000 0.0000 0.0000 1.0000 0.0000 0.0000 0.0000 0.0000 0.0000 0.0000
178      178   (0)      7  : 0.0000 0.0000 0.0000 0.0000 0.1087 0.0000 0.8913 0.0000 0.0000 0.0000
179      179   (0)      7  : 0.0000 0.0000 0.0000 0.0000 0.0000 0.0000 1.0000 0.0000 0.0000 0.0000
180      180   (0)      7  : 0.0000 0.0000 0.0000 0.9848 0.0000 0.0000 0.0000 0.0000 0.0000 0.0152
181      181   (0)      7  : 0.0000 0.0000 0.0000 0.9089 0.0000 0.0742 0.0000 0.0000 0.0000 0.0169
182      182   (0)      7  : 0.0000 0.0000 0.0000 0.8821 0.0000 0.0712 0.0000 0.0000 0.0000 0.0467
183      183   (0)      7  : 0.0000 0.0000 0.0000 0.7058 0.0000 0.0000 0.2137 0.0000 0.0527 0.0278
184      184   (0)      7  : 0.0000 0.0000 0.0000 0.0000 0.0000 0.0000 1.0000 0.0000 0.0000 0.0000
185      185   (0)      7  : 0.0000 0.0000 0.0000 1.0000 0.0000 0.0000 0.0000 0.0000 0.0000 0.0000
186      186   (0)      7  : 0.0000 0.0000 0.0000 0.0000 0.0000 0.0000 1.0000 0.0000 0.0000 0.0000
187      187   (0)      7  : 0.0000 0.0000 0.0000 0.8483 0.0000 0.1450 0.0000 0.0000 0.0000 0.0068
188      188   (0)      7  : 0.0000 0.0000 0.0000 0.0000 0.0000 0.0000 1.0000 0.0000 0.0000 0.0000
189      189   (0)      7  : 0.0000 0.0000 0.0000 0.5739 0.0000 0.0721 0.2736 0.0000 0.0000 0.0805
190      190   (0)      7  : 0.0000 0.0000 0.0879 0.6299 0.0000 0.0962 0.0802 0.0000 0.0000 0.1059
191      191   (0)      7  : 0.0000 0.0000 0.0000 1.0000 0.0000 0.0000 0.0000 0.0000 0.0000 0.0000
192      192   (0)      7  : 0.0302 0.0000 0.0000 0.5794 0.0000 0.0031 0.3182 0.0328 0.0000 0.0363
193      193   (0)      7  : 0.0226 0.0000 0.0000 0.9649 0.0000 0.0000 0.0105 0.0000 0.0000 0.0021
194      194   (0)      7  : 0.0000 0.0000 0.0000 0.0000 0.0000 0.0000 1.0000 0.0000 0.0000 0.0000
195      195   (0)      7  : 0.0000 0.0000 0.0000 0.7288 0.0000 0.1561 0.0273 0.0000 0.0000 0.0878
196      196   (0)      7  : 0.0000 0.0000 0.0000 0.0000 0.0000 0.0000 1.0000 0.0000 0.0000 0.0000
197      197   (0)      7  : 0.0000 0.0000 0.0000 0.0000 0.0000 0.0000 1.0000 0.0000 0.0000 0.0000
