1        1   (0)      1  : 0.0545 0.1969 0.4574 0.1425 0.1487
2        2   (0)      1  : 0.0011 0.0000 0.3617 0.5412 0.0960
3        3   (0)      2  : 0.0000 0.0000 0.2432 0.3857 0.3711
4        4   (0)      2  : 0.0000 0.0000 0.5089 0.0968 0.3943
5        5   (0)      2  : 0.0000 0.6287 0.0000 0.2604 0.1109
6        6   (0)      2  : 0.2983 0.1881 0.4051 0.0264 0.0821
7        7   (0)      2  : 0.7359 0.0984 0.0000 0.0435 0.1222
8        8   (0)      2  : 0.1275 0.1087 0.0000 0.0618 0.7020
9        9   (0)      2  : 0.5124 0.0905 0.0000 0.3971 0.0000
10       10   (0)      2  : 0.6549 0.0295 0.0000 0.0637 0.2519
11       11   (0)      2  : 0.3251 0.0443 0.0660 0.1779 0.3867
12       12   (0)      2  : 0.1575 0.1083 0.2883 0.0198 0.4261
13       13   (0)      2  : 0.0793 0.3296 0.0000 0.2062 0.3848
14       14   (0)      2  : 0.0195 0.6820 0.1019 0.0801 0.1166
15       15   (0)      2  : 0.2044 0.3105 0.0795 0.3028 0.1028
16       16   (0)      2  : 0.0109 0.0956 0.3288 0.3880 0.1769
17       17   (0)      2  : 0.4439 0.1328 0.2169 0.1773 0.0290
18       18   (0)      2  : 0.2273 0.1457 0.2407 0.0996 0.2867
19       19   (0)      2  : 0.3505 0.1219 0.1633 0.3643 0.0000
20       20   (0)      2  : 0.0610 0.0781 0.6027 0.1755 0.0826
21       21   (0)      2  : 0.4636 0.3356 0.0847 0.0000 0.1161
22       22   (0)      2  : 0.1608 0.3502 0.1094 0.2208 0.1588
23       23   (0)      2  : 0.2782 0.4344 0.0482 0.1845 0.0546
24       24   (0)      2  : 0.2311 0.1915 0.2120 0.3257 0.0397
25       25   (0)      2  : 0.2505 0.0400 0.3571 0.0770 0.2754
26       26   (0)      2  : 0.3345 0.1532 0.1267 0.2255 0.1601
27       27   (0)      2  : 0.0000 0.8860 0.0000 0.0083 0.1057
28       28   (0)      2  : 0.2927 0.3105 0.1142 0.0000 0.2826
29       29   (0)      2  : 0.3697 0.4579 0.0000 0.0273 0.1450
30       30   (0)      3  : 0.0000 0.0000 0.3710 0.1538 0.4751
31       31   (0)      3  : 0.1191 0.3997 0.1718 0.3094 0.0000
32       32   (0)      3  : 0.0682 0.2029 0.1917 0.2419 0.2953
33       33   (0)      3  : 0.4567 0.0371 0.0422 0.2686 0.1953
34       34   (0)      3  : 0.2896 0.2903 0.0667 0.2825 0.0708
35       35   (0)      3  : 0.0370 0.0843 0.1725 0.6326 0.0736
36       36   (0)      3  : 0.3076 0.3241 0.0000 0.1797 0.1887
37       37   (0)      3  : 0.3481 0.2926 0.0661 0.1385 0.1547
38       38   (0)      3  : 0.3045 0.0000 0.6955 0.0000 0.0000
39       39   (0)      3  : 0.3995 0.3002 0.0736 0.1073 0.1194
40       40   (0)      3  : 0.1079 0.0768 0.3417 0.3124 0.1612
41       41   (0)      3  : 0.1168 0.1693 0.3740 0.1523 0.1875
42       42   (0)      3  : 0.0292 0.7706 0.1193 0.0499 0.0309
43       43   (0)      3  : 0.0396 0.2668 0.1406 0.2742 0.2788
44       44   (0)      3  : 0.0000 0.0000 0.0000 0.0000 1.0000
45       45   (0)      3  : 0.1422 0.2701 0.0422 0.0000 0.5456
46       46   (0)      3  : 0.0007 0.0000 0.2145 0.7131 0.0717
47       47   (0)      3  : 0.3690 0.1751 0.0756 0.1089 0.2715
48       48   (0)      3  : 0.0000 0.0550 0.5685 0.3119 0.0646
49       49   (0)      3  : 0.3039 0.1770 0.3232 0.1544 0.0415
50       50   (0)      3  : 0.0838 0.3440 0.1144 0.3767 0.0811
51       51   (0)      3  : 0.2049 0.4576 0.1199 0.1251 0.0925
52       52   (0)      3  : 0.0000 0.3034 0.0000 0.6595 0.0372
53       53   (0)      3  : 0.0761 0.3653 0.1081 0.2330 0.2175
54       54   (0)      3  : 0.0420 0.4341 0.1958 0.0146 0.3136
55       55   (0)      3  : 0.1977 0.1698 0.0511 0.2406 0.3408
56       56   (0)      3  : 0.0000 0.2645 0.0241 0.3463 0.3651
57       57   (0)      3  : 0.0282 0.3035 0.2259 0.3816 0.0608
58       58   (0)      3  : 0.0000 0.0333 0.6228 0.3439 0.0000
59       59   (0)      3  : 0.0000 0.0000 0.3415 0.2021 0.4564
60       60   (0)      4  : 0.4327 0.0702 0.2813 0.1713 0.0445
61       61   (0)      4  : 0.0553 0.2019 0.0239 0.5966 0.1223
62       62   (0)      4  : 0.0000 0.0460 0.4799 0.4237 0.0505
63       63   (0)      4  : 0.2408 0.2231 0.0529 0.2874 0.1957
64       64   (0)      4  : 0.5913 0.2789 0.0560 0.0738 0.0000
65       65   (0)      4  : 0.1333 0.3647 0.0554 0.2673 0.1793
66       66   (0)      4  : 0.1589 0.1703 0.0223 0.0001 0.6483
67       67   (0)      4  : 0.2418 0.3080 0.2145 0.2076 0.0281
68       68   (0)      4  : 0.3641 0.0679 0.1482 0.2225 0.1973
69       69   (0)      4  : 0.1441 0.1046 0.1813 0.5281 0.0419
70       70   (0)      4  : 0.4277 0.1869 0.0932 0.1305 0.1617
71       71   (0)      1  : 0.4558 0.2335 0.1390 0.1717 0.0000
72       72   (0)      1  : 0.2001 0.0415 0.6202 0.0000 0.1383
73       73   (0)      1  : 0.0000 0.0791 0.0169 0.8692 0.0347
74       74   (0)      1  : 0.1767 0.1676 0.1859 0.3418 0.1280
75       75   (0)      1  : 0.0050 0.3466 0.0000 0.3170 0.3314
76       76   (0)      1  : 0.1405 0.4106 0.1463 0.0000 0.3025
77       77   (0)      1  : 0.1186 0.0000 0.6473 0.2341 0.0000
78       78   (0)      1  : 0.3527 0.2860 0.2668 0.0547 0.0398
79       79   (0)      1  : 0.3194 0.1465 0.2925 0.1546 0.0869
80       80   (0)      1  : 0.3036 0.5827 0.0000 0.0000 0.1136
81       81   (0)      1  : 0.0796 0.3517 0.3121 0.1677 0.0889
82       82   (0)      1  : 0.0678 0.6052 0.3178 0.0092 0.0000
83       83   (0)      1  : 0.3963 0.0166 0.1165 0.1555 0.3151
84       84   (0)      1  : 0.4409 0.5591 0.0000 0.0000 0.0000
85       85   (0)      1  : 0.3503 0.1849 0.0567 0.0235 0.3846
86       86   (0)      1  : 0.3350 0.0000 0.3272 0.2358 0.1020
87       87   (0)      1  : 0.1098 0.1834 0.4388 0.1368 0.1312
88       88   (0)      1  : 0.3048 0.0000 0.0829 0.3736 0.2386
89       89   (0)      1  : 0.1911 0.0000 0.6294 0.1240 0.0554
90       90   (0)      1  : 0.0083 0.2991 0.1591 0.2230 0.3105
91       91   (0)      1  : 0.8471 0.0000 0.0000 0.1003 0.0526
92       92   (0)      1  : 0.0109 0.5070 0.0619 0.2982 0.1220
93       93   (0)      1  : 0.0654 0.7113 0.1539 0.0000 0.0695
94       94   (0)      1  : 0.4297 0.0415 0.2441 0.2333 0.0514
95       95   (0)      1  : 0.3351 0.3967 0.1109 0.0769 0.0804
96       96   (0)      1  : 0.1942 0.5014 0.0642 0.2118 0.0284
97       97   (0)      1  : 0.2834 0.3968 0.0779 0.2418 0.0000
98       98   (0)      1  : 0.4365 0.0000 0.1356 0.1998 0.2282
99       99   (0)      4  : 0.6608 0.3034 0.0000 0.0358 0.0000
100      100   (0)      4  : 0.2362 0.3948 0.0295 0.1298 0.2097
101      101   (0)      5  : 0.5955 0.2565 0.0467 0.1014 0.0000
102      102   (0)      5  : 0.0945 0.0575 0.0384 0.5451 0.2645
103      103   (0)      5  : 0.1875 0.0783 0.2831 0.2290 0.2220
104      104   (0)      5  : 0.1048 0.3162 0.1311 0.0000 0.4479
105      105   (0)      5  : 0.6572 0.0304 0.2219 0.0905 0.0000
106      106   (0)      4  : 0.1060 0.0442 0.2024 0.0838 0.5636
107      107   (0)      4  : 0.2767 0.1794 0.0000 0.3696 0.1742
108      108   (0)      4  : 0.0659 0.2696 0.4086 0.1305 0.1255
109      109   (0)      4  : 0.2720 0.2108 0.1647 0.1270 0.2256
110      110   (0)      4  : 0.0959 0.2499 0.1409 0.0278 0.4855
111      111   (0)      5  : 0.0487 0.1569 0.5989 0.1039 0.0916
112      112   (0)      5  : 0.6684 0.0000 0.0075 0.2443 0.0798
113      113   (0)      5  : 0.1868 0.3135 0.1613 0.1492 0.1891
114      114   (0)      5  : 0.2548 0.5154 0.0114 0.0631 0.1553
115      115   (0)      5  : 0.0000 0.0005 0.4642 0.3813 0.1540
116      116   (0)      5  : 0.2628 0.3716 0.1813 0.0820 0.1023
117      117   (0)      4  : 0.2689 0.4055 0.0000 0.3256 0.0000
118      118   (0)      4  : 0.1227 0.0829 0.4650 0.0844 0.2450
119      119   (0)      4  : 0.4400 0.4369 0.0000 0.1230 0.0000
120      120   (0)      4  : 0.2055 0.1695 0.2050 0.1796 0.2403
121      121   (0)      4  : 0.1380 0.2279 0.0703 0.1474 0.4163
122      122   (0)      4  : 0.0000 0.0534 0.6318 0.3148 0.0000
123      123   (0)      4  : 0.5266 0.0638 0.3065 0.1031 0.0000
124      124   (0)      4  : 0.1125 0.1746 0.0542 0.6587 0.0000
125      125   (0)      5  : 0.4108 0.3427 0.0000 0.2465 0.0000
126      126   (0)      5  : 0.0000 0.2058 0.3103 0.0628 0.4211
127      127   (0)      5  : 0.1145 0.0000 0.3835 0.0000 0.5020
128      128   (0)      5  : 0.0469 0.0411 0.3374 0.2471 0.3275
129      129   (0)      5  : 0.1817 0.2564 0.0639 0.1848 0.3132
130      130   (0)      5  : 0.0000 0.0983 0.3673 0.3708 0.1636
131      131   (0)      5  : 0.2963 0.4131 0.0457 0.0535 0.1914
132      132   (0)      5  : 0.3479 0.0000 0.1222 0.3887 0.1413
133      133   (0)      5  : 0.1851 0.1064 0.2976 0.1394 0.2715
134      134   (0)      5  : 0.2751 0.3168 0.2055 0.1370 0.0656
135      135   (0)      5  : 0.1051 0.6369 0.2108 0.0000 0.0472
136      136   (0)      5  : 0.0000 0.0000 0.4269 0.0000 0.5731
137      137   (0)      5  : 0.0299 0.6062 0.0059 0.2808 0.0772
138      138   (0)      5  : 0.2336 0.4948 0.0388 0.1866 0.0462
139      139   (0)      5  : 0.0000 0.4064 0.5242 0.0000 0.0694
140      140   (0)      5  : 0.0692 0.0000 0.3458 0.3917 0.1933
141      141   (0)      5  : 0.2268 0.2396 0.1981 0.2442 0.0912
142      142   (0)      5  : 0.1470 0.0241 0.5352 0.0000 0.2937
143      143   (0)      5  : 0.1472 0.2571 0.0685 0.2452 0.2820
144      144   (0)      6  : 0.1354 0.2627 0.3584 0.1201 0.1233
145      145   (0)      6  : 0.1198 0.2086 0.1807 0.2528 0.2381
146      146   (0)      6  : 0.2600 0.0294 0.1009 0.4573 0.1525
147      147   (0)      6  : 0.0000 0.0000 0.1835 0.4701 0.3464
148      148   (0)      6  : 0.0000 0.4874 0.0000 0.1766 0.3360
149      149   (0)      6  : 0.2043 0.3320 0.1388 0.3249 0.0000
150      150   (0)      6  : 0.0000 0.0743 0.5626 0.2764 0.0866
151      151   (0)      6  : 0.0603 0.2389 0.2045 0.2949 0.2013
152      152   (0)      6  : 0.3024 0.3410 0.0000 0.2480 0.1086
153      153   (0)      6  : 0.1139 0.2088 0.1027 0.0278 0.5468
154      154   (0)      6  : 0.0660 0.0239 0.2011 0.4392 0.2697
155      155   (0)      6  : 0.0000 0.1162 0.6303 0.1120 0.1415
156      156   (0)      6  : 0.0921 0.0948 0.1726 0.0000 0.6405
157      157   (0)      6  : 0.2941 0.0602 0.0980 0.2539 0.2938
158      158   (0)      6  : 0.2213 0.1239 0.4974 0.0151 0.1423
159      159   (0)      6  : 0.0918 0.3076 0.1172 0.2454 0.2380
160      160   (0)      6  : 0.0000 0.0000 0.0000 0.0000 1.0000
161      161   (0)      6  : 0.3864 0.4701 0.0705 0.0558 0.0172
162      162   (0)      6  : 0.1194 0.3136 0.0873 0.0854 0.3943
163      163   (0)      6  : 0.0246 0.0351 0.5432 0.1586 0.2385
164      164   (0)      6  : 0.0828 0.2384 0.3062 0.0143 0.3583
165      165   (0)      6  : 0.3398 0.1356 0.1447 0.0712 0.3087
166      166   (0)      6  : 0.2526 0.2906 0.0000 0.2471 0.2098
167      167   (0)      6  : 0.0075 0.0558 0.3554 0.1596 0.4216
168      168   (0)      6  : 0.0000 0.0000 0.5000 0.5000 0.0000
169      169   (0)      6  : 0.1530 0.1661 0.4279 0.1832 0.0698
170      170   (0)      6  : 0.0980 0.6755 0.1555 0.0000 0.0709
171      171   (0)      6  : 0.0784 0.0329 0.3707 0.2827 0.2352
172      172   (0)      4  : 0.0390 0.2089 0.5727 0.1794 0.0000
173      173   (0)      4  : 0.6426 0.2871 0.0000 0.0521 0.0181
174      174   (0)      7  : 0.1485 0.2905 0.0000 0.3165 0.2445
175      175   (0)      7  : 0.8231 0.0000 0.0000 0.0826 0.0942
176      176   (0)      7  : 0.1480 0.1557 0.2338 0.2419 0.2207
177      177   (0)      7  : 0.6699 0.1630 0.0000 0.1292 0.0380
178      178   (0)      7  : 0.2662 0.3595 0.0526 0.2554 0.0664
179      179   (0)      7  : 0.2716 0.0000 0.1831 0.5041 0.0412
180      180   (0)      7  : 0.0506 0.0557 0.2096 0.6012 0.0829
181      181   (0)      7  : 0.1606 0.2878 0.5503 0.0013 0.0000
182      182   (0)      7  : 0.4402 0.3802 0.0000 0.0929 0.0867
183      183   (0)      7  : 0.4238 0.1702 0.1029 0.1959 0.1071
184      184   (0)      7  : 0.0309 0.0779 0.2258 0.3569 0.3085
185      185   (0)      7  : 0.1769 0.0000 0.0000 0.0000 0.8231
186      186   (0)      7  : 0.0897 0.2880 0.1221 0.1942 0.3059
187      187   (0)      7  : 0.1536 0.2287 0.2178 0.1032 0.2966
188      188   (0)      7  : 0.0745 0.6707 0.0020 0.1469 0.1058
189      189   (0)      7  : 0.2064 0.1243 0.0985 0.2995 0.2713
190      190   (0)      7  : 0.1642 0.2243 0.3506 0.0231 0.2379
191      191   (0)      7  : 0.1732 0.3055 0.1485 0.3435 0.0293
192      192   (0)      7  : 0.1833 0.0254 0.2340 0.4422 0.1152
193      193   (0)      7  : 0.3514 0.2534 0.2106 0.1846 0.0000
194      194   (0)      7  : 0.0186 0.0553 0.1906 0.4653 0.2702
195      195   (0)      7  : 0.4634 0.1013 0.0898 0.2261 0.1193
196      196   (0)      7  : 0.5107 0.0119 0.0000 0.4774 0.0000
197      197   (0)      7  : 0.0619 0.0620 0.0057 0.8704 0.0000
198      198   (0)      7  : 0.4281 0.4610 0.1109 0.0000 0.0000
199      199   (0)      7  : 0.2878 0.2562 0.1455 0.1984 0.1121
200      200   (0)      7  : 0.1280 0.1722 0.1727 0.2004 0.3267
201      201   (0)      7  : 0.9197 0.0000 0.0000 0.0000 0.0803
202      202   (0)      7  : 0.5173 0.2350 0.0179 0.1026 0.1272
203      203   (0)      7  : 0.3469 0.3432 0.0000 0.2850 0.0249
