1        1   (0)      1  : 0.0859 0.2059 0.0462 0.1191 0.1754 0.1532 0.2143
2        2   (0)      1  : 0.3563 0.0068 0.2565 0.0817 0.0721 0.1134 0.1131
3        3   (0)      1  : 0.4608 0.0140 0.0168 0.0533 0.0540 0.0732 0.3279
4        4   (0)      1  : 0.2343 0.0033 0.0783 0.1535 0.1002 0.1724 0.2580
5        5   (0)      1  : 0.0685 0.1273 0.0545 0.1721 0.1829 0.0723 0.3222
6        6   (0)      1  : 0.1329 0.0005 0.0978 0.2450 0.0319 0.3192 0.1727
7        7   (0)      1  : 0.0906 0.1590 0.0142 0.2413 0.2934 0.0174 0.1841
8        8   (0)      1  : 0.3045 0.0000 0.0042 0.2689 0.1843 0.0512 0.1868
9        9   (0)      1  : 0.0296 0.4761 0.0440 0.1512 0.2616 0.0001 0.0373
10       10   (0)      1  : 0.0725 0.1852 0.1483 0.0255 0.2179 0.1686 0.1820
11       11   (0)      1  : 0.0000 0.9195 0.0000 0.0000 0.0805 0.0000 0.0000
12       12   (0)      1  : 0.1822 0.3069 0.1145 0.0210 0.2154 0.0499 0.1101
13       13   (0)      2  : 0.3477 0.3383 0.0022 0.0364 0.1144 0.0612 0.0998
14       14   (0)      2  : 0.0000 0.9404 0.0000 0.0000 0.0596 0.0000 0.0000
15       15   (0)      2  : 0.0000 0.8698 0.0043 0.0025 0.1075 0.0056 0.0103
16       16   (0)      2  : 0.0093 0.7930 0.0000 0.0000 0.1846 0.0001 0.0130
17       17   (0)      2  : 0.1010 0.3475 0.0805 0.0823 0.3175 0.0500 0.0211
18       18   (0)      2  : 0.0000 0.7546 0.0342 0.0000 0.1674 0.0000 0.0438
19       19   (0)      2  : 0.0160 0.7464 0.0000 0.0070 0.1781 0.0048 0.0477
20       20   (0)      2  : 0.3292 0.1916 0.0381 0.0589 0.1004 0.0308 0.2510
21       21   (0)      2  : 0.2756 0.0000 0.1173 0.1899 0.0522 0.2712 0.0939
22       22   (0)      2  : 0.0689 0.3280 0.0113 0.0278 0.2463 0.1380 0.1798
23       23   (0)      2  : 0.2488 0.5435 0.0114 0.0591 0.0863 0.0066 0.0445
24       24   (0)      2  : 0.2533 0.0000 0.0139 0.2021 0.1925 0.2239 0.1144
25       25   (0)      2  : 0.0574 0.2575 0.0390 0.1536 0.3172 0.0518 0.1236
26       26   (0)      2  : 0.2597 0.1949 0.0308 0.0038 0.1322 0.0785 0.3002
27       27   (0)      2  : 0.2035 0.0522 0.0260 0.0539 0.1136 0.2248 0.3260
28       28   (0)      2  : 0.0555 0.7413 0.0280 0.0574 0.0984 0.0000 0.0195
29       29   (0)      2  : 0.2539 0.0000 0.0713 0.2414 0.0876 0.0362 0.3097
30       30   (0)      2  : 0.0534 0.3346 0.0106 0.2394 0.2816 0.0163 0.0641
31       31   (0)      2  : 0.0039 0.2404 0.2612 0.2012 0.1062 0.1137 0.0735
32       32   (0)      2  : 0.1158 0.2400 0.3489 0.0071 0.0651 0.1130 0.1101
33       33   (0)      2  : 0.0000 0.7863 0.0000 0.0000 0.2136 0.0000 0.0000
34       34   (0)      3  : 0.2521 0.0000 0.0423 0.2054 0.0686 0.0608 0.3708
35       35   (0)      3  : 0.0000 0.0000 0.1284 0.7394 0.0124 0.0401 0.0797
36       36   (0)      3  : 0.0603 0.0074 0.6191 0.1180 0.0348 0.1118 0.0486
37       37   (0)      3  : 0.1955 0.0397 0.1513 0.1427 0.1519 0.1218 0.1971
38       38   (0)      3  : 0.2758 0.0006 0.0221 0.0036 0.1166 0.4008 0.1804
39       39   (0)      3  : 0.1026 0.0000 0.0537 0.0503 0.1132 0.5132 0.1671
40       40   (0)      3  : 0.2090 0.0033 0.1233 0.1156 0.0401 0.3456 0.1631
41       41   (0)      3  : 0.2103 0.0671 0.0987 0.1607 0.0721 0.1303 0.2608
42       42   (0)      3  : 0.0471 0.1434 0.0456 0.4617 0.1303 0.0440 0.1279
43       43   (0)      3  : 0.0000 0.0000 0.4759 0.1126 0.0230 0.2956 0.0928
44       44   (0)      3  : 0.2766 0.0629 0.0467 0.3071 0.0829 0.1106 0.1132
45       45   (0)      3  : 0.3550 0.0000 0.2270 0.2158 0.0465 0.0869 0.0687
46       46   (0)      3  : 0.3770 0.0142 0.1523 0.0017 0.0190 0.3580 0.0777
47       47   (0)      3  : 0.1398 0.1076 0.1008 0.3334 0.1001 0.0481 0.1701
48       48   (0)      3  : 0.0580 0.0000 0.0000 0.6052 0.0199 0.1624 0.1544
49       49   (0)      3  : 0.7351 0.0000 0.0753 0.1123 0.0073 0.0208 0.0493
50       50   (0)      3  : 0.0408 0.0021 0.5027 0.1397 0.0438 0.2079 0.0630
51       51   (0)      3  : 0.0551 0.0134 0.2331 0.0374 0.0446 0.4748 0.1416
52       52   (0)      3  : 0.0772 0.2416 0.2391 0.0483 0.1351 0.1573 0.1015
53       53   (0)      3  : 0.1962 0.0588 0.2017 0.3336 0.0417 0.1329 0.0351
54       54   (0)      3  : 0.1940 0.0155 0.0184 0.0000 0.0720 0.5201 0.1800
55       55   (0)      3  : 0.3693 0.0631 0.0328 0.1402 0.1685 0.0781 0.1480
56       56   (0)      3  : 0.2165 0.0003 0.1933 0.0646 0.0172 0.2901 0.2182
57       57   (0)      3  : 0.2624 0.0000 0.4200 0.1654 0.0482 0.0370 0.0670
58       58   (0)      3  : 0.6304 0.0000 0.0546 0.0273 0.0226 0.1565 0.1086
59       59   (0)      3  : 0.0000 0.0294 0.3124 0.0917 0.0500 0.4292 0.0873
60       60   (0)      4  : 0.0648 0.4077 0.0242 0.0049 0.2787 0.1780 0.0417
61       61   (0)      4  : 0.0034 0.5459 0.0659 0.1653 0.1227 0.0445 0.0523
62       62   (0)      4  : 0.0316 0.1401 0.2562 0.1638 0.0961 0.2628 0.0494
63       63   (0)      4  : 0.1478 0.0480 0.0728 0.2774 0.1097 0.1403 0.2040
64       64   (0)      4  : 0.0000 0.0717 0.7008 0.0000 0.0233 0.1761 0.0281
65       65   (0)      4  : 0.0604 0.0408 0.2330 0.1382 0.0832 0.3941 0.0503
66       66   (0)      4  : 0.0089 0.0073 0.5742 0.1684 0.0003 0.1818 0.0591
67       67   (0)      4  : 0.1328 0.2056 0.3227 0.0224 0.1628 0.1300 0.0238
68       68   (0)      4  : 0.1262 0.0222 0.0652 0.0907 0.1971 0.2582 0.2404
69       69   (0)      4  : 0.1291 0.0000 0.0127 0.4060 0.1915 0.1547 0.1059
70       70   (0)      4  : 0.0487 0.4997 0.0777 0.0006 0.0970 0.1484 0.1279
71       71   (0)      4  : 0.0764 0.0000 0.2188 0.1656 0.0524 0.2834 0.2033
72       72   (0)      4  : 0.0622 0.4389 0.0381 0.0672 0.2432 0.1067 0.0436
73       73   (0)      4  : 0.2910 0.0000 0.0793 0.2755 0.0496 0.1063 0.1983
74       74   (0)      4  : 0.0663 0.0009 0.1108 0.3060 0.0367 0.1450 0.3343
75       75   (0)      4  : 0.0141 0.0000 0.1579 0.5901 0.0000 0.0664 0.1714
76       76   (0)      4  : 0.2379 0.0134 0.0998 0.3442 0.0633 0.0526 0.1887
77       77   (0)      4  : 0.2026 0.0182 0.0585 0.1854 0.1305 0.1303 0.2746
78       78   (0)      4  : 0.1971 0.0109 0.1006 0.1692 0.0616 0.1457 0.3149
79       79   (0)      4  : 0.3650 0.0000 0.0628 0.1173 0.0257 0.1046 0.3246
80       80   (0)      4  : 0.1427 0.0060 0.1833 0.2098 0.0842 0.1849 0.1890
81       81   (0)      4  : 0.0115 0.5104 0.0508 0.0450 0.1623 0.0748 0.1452
82       82   (0)      4  : 0.3944 0.0159 0.0000 0.1169 0.0457 0.0185 0.4087
83       83   (0)      4  : 0.2856 0.0025 0.5035 0.0553 0.0282 0.0565 0.0683
84       84   (0)      4  : 0.1664 0.0762 0.3533 0.0811 0.0768 0.1766 0.0697
85       85   (0)      4  : 0.0481 0.3775 0.0586 0.0783 0.2945 0.0753 0.0677
86       86   (0)      5  : 0.1690 0.0708 0.2105 0.0001 0.0358 0.2060 0.3077
87       87   (0)      5  : 0.2142 0.0658 0.0357 0.2935 0.0738 0.1412 0.1759
88       88   (0)      5  : 0.1210 0.0558 0.2970 0.0612 0.1231 0.2222 0.1196
89       89   (0)      5  : 0.3428 0.0059 0.0865 0.0415 0.0893 0.1599 0.2740
90       90   (0)      5  : 0.5118 0.0235 0.0000 0.0500 0.0412 0.1047 0.2688
91       91   (0)      5  : 0.4299 0.0375 0.0357 0.0151 0.1078 0.2428 0.1313
92       92   (0)      5  : 0.1432 0.0000 0.4113 0.1967 0.0071 0.0917 0.1499
93       93   (0)      5  : 0.8194 0.0000 0.0000 0.0000 0.0047 0.1170 0.0589
94       94   (0)      5  : 0.0683 0.0303 0.1969 0.1252 0.0689 0.3117 0.1988
95       95   (0)      5  : 0.1399 0.4265 0.0229 0.0000 0.1815 0.1012 0.1280
96       96   (0)      5  : 0.2786 0.0000 0.0902 0.1213 0.0741 0.2938 0.1419
97       97   (0)      5  : 0.0761 0.0722 0.0643 0.2600 0.2806 0.1167 0.1301
98       98   (0)      5  : 0.0292 0.0706 0.4880 0.1594 0.0738 0.0370 0.1420
99       99   (0)      5  : 0.2340 0.0000 0.0589 0.2671 0.0797 0.2729 0.0875
100      100   (0)      5  : 0.0057 0.0125 0.7256 0.0379 0.0179 0.1195 0.0810
101      101   (0)      5  : 0.2617 0.0001 0.1312 0.1085 0.0207 0.3281 0.1498
102      102   (0)      5  : 0.2437 0.0000 0.1154 0.0863 0.0500 0.2460 0.2587
103      103   (0)      5  : 0.0412 0.0002 0.3184 0.1373 0.0064 0.3609 0.1355
104      104   (0)      5  : 0.1338 0.1204 0.1916 0.0462 0.1158 0.1966 0.1955
105      105   (0)      5  : 0.3215 0.0000 0.3800 0.0177 0.0185 0.1396 0.1227
106      106   (0)      5  : 0.2274 0.0659 0.1069 0.2559 0.1068 0.0331 0.2041
107      107   (0)      5  : 0.3104 0.0328 0.0281 0.0579 0.1049 0.3561 0.1097
108      108   (0)      5  : 0.3468 0.1175 0.0577 0.1241 0.1206 0.0823 0.1509
109      109   (0)      5  : 0.5477 0.2283 0.0174 0.0601 0.0928 0.0289 0.0249
110      110   (0)      5  : 0.1795 0.0877 0.0130 0.2330 0.2289 0.0829 0.1750
111      111   (0)      5  : 0.1227 0.0000 0.2772 0.2741 0.0187 0.2246 0.0828
112      112   (0)      5  : 0.4237 0.0000 0.0440 0.2807 0.0356 0.1683 0.0477
113      113   (0)      4  : 0.1730 0.0001 0.2532 0.1727 0.1152 0.0548 0.2310
114      114   (0)      6  : 0.1616 0.0860 0.2749 0.1095 0.0849 0.1268 0.1562
115      115   (0)      6  : 0.0651 0.2811 0.3894 0.0349 0.0745 0.1093 0.0457
116      116   (0)      6  : 0.0156 0.3542 0.1031 0.0829 0.2873 0.0694 0.0875
117      117   (0)      6  : 0.0924 0.5092 0.0277 0.0285 0.2936 0.0280 0.0206
118      118   (0)      6  : 0.1417 0.2945 0.0192 0.0536 0.2565 0.1038 0.1307
119      119   (0)      6  : 0.0070 0.6800 0.0078 0.0361 0.1913 0.0000 0.0778
120      120   (0)      6  : 0.1862 0.0000 0.1539 0.3961 0.0220 0.0604 0.1814
121      121   (0)      6  : 0.0745 0.1021 0.2841 0.1981 0.0597 0.1566 0.1249
122      122   (0)      6  : 0.4520 0.0000 0.0417 0.2644 0.0224 0.0794 0.1401
123      123   (0)      6  : 0.1040 0.2479 0.1251 0.2773 0.1507 0.0623 0.0328
124      124   (0)      6  : 0.1882 0.0004 0.1095 0.1420 0.0854 0.2562 0.2183
125      125   (0)      6  : 0.4117 0.0453 0.0036 0.1003 0.0982 0.0804 0.2605
126      126   (0)      6  : 0.3702 0.0124 0.0079 0.2132 0.0791 0.0569 0.2603
127      127   (0)      6  : 0.1425 0.3258 0.0295 0.0511 0.3074 0.0668 0.0770
128      128   (0)      6  : 0.4055 0.0000 0.1107 0.1268 0.0827 0.0806 0.1937
129      129   (0)      6  : 0.0697 0.0010 0.5089 0.2299 0.0315 0.0551 0.1039
130      130   (0)      6  : 0.0885 0.1069 0.0388 0.4211 0.1789 0.0831 0.0827
131      131   (0)      6  : 0.1023 0.4035 0.0470 0.0359 0.2624 0.0576 0.0911
132      132   (0)      6  : 0.2500 0.0262 0.1550 0.2409 0.0360 0.1696 0.1223
133      133   (0)      6  : 0.7093 0.0000 0.0456 0.0628 0.0000 0.0322 0.1501
134      134   (0)      6  : 0.1266 0.0485 0.1174 0.0953 0.1081 0.3752 0.1288
135      135   (0)      6  : 0.0157 0.5533 0.0782 0.1116 0.1494 0.0305 0.0613
136      136   (0)      6  : 0.1870 0.1366 0.2470 0.0801 0.0751 0.1560 0.1181
137      137   (0)      6  : 0.2059 0.0765 0.1301 0.1883 0.1296 0.1227 0.1470
138      138   (0)      6  : 0.1912 0.0038 0.1686 0.3065 0.0159 0.0886 0.2254
139      139   (0)      6  : 0.0921 0.0366 0.4537 0.0779 0.0773 0.1640 0.0985
140      140   (0)      6  : 0.0224 0.2701 0.0787 0.1395 0.2607 0.1514 0.0772
141      141   (0)      6  : 0.1819 0.1417 0.0059 0.0882 0.1853 0.0193 0.3776
142      142   (0)      7  : 0.2194 0.0000 0.2293 0.2098 0.0194 0.1391 0.1829
143      143   (0)      7  : 0.0353 0.7086 0.0000 0.0058 0.2458 0.0000 0.0044
144      144   (0)      7  : 0.1418 0.0494 0.4614 0.1093 0.0651 0.0762 0.0968
145      145   (0)      7  : 0.0800 0.0083 0.4029 0.2686 0.0245 0.0662 0.1496
146      146   (0)      7  : 0.1140 0.1931 0.0000 0.0390 0.1072 0.2132 0.3337
147      147   (0)      7  : 0.3997 0.0000 0.0246 0.0000 0.0500 0.5138 0.0119
148      148   (0)      7  : 0.0884 0.0000 0.3487 0.1341 0.0711 0.1405 0.2171
149      149   (0)      7  : 0.0692 0.5515 0.0728 0.0272 0.1841 0.0401 0.0552
150      150   (0)      7  : 0.1618 0.2417 0.0133 0.0542 0.1330 0.0672 0.3287
151      151   (0)      7  : 0.0178 0.4857 0.0491 0.0383 0.1615 0.1268 0.1207
152      152   (0)      7  : 0.1738 0.0005 0.2332 0.0990 0.0390 0.2473 0.2073
153      153   (0)      7  : 0.0000 1.0000 0.0000 0.0000 0.0000 0.0000 0.0000
154      154   (0)      7  : 0.3566 0.0198 0.0494 0.0112 0.1157 0.3419 0.1054
155      155   (0)      7  : 0.0070 0.3909 0.0029 0.1640 0.3340 0.0164 0.0848
156      156   (0)      7  : 0.0312 0.0000 0.6559 0.0000 0.0049 0.2145 0.0935
157      157   (0)      7  : 0.1582 0.0000 0.2940 0.0000 0.0000 0.5120 0.0358
158      158   (0)      7  : 0.1535 0.0392 0.2098 0.0760 0.0799 0.2822 0.1594
159      159   (0)      7  : 0.0171 0.5538 0.0691 0.0126 0.1701 0.0746 0.1027
160      160   (0)      7  : 0.2477 0.3000 0.0252 0.0328 0.1191 0.1642 0.1110
161      161   (0)      7  : 0.0119 0.5557 0.0000 0.0285 0.3124 0.0632 0.0282
162      162   (0)      7  : 0.0684 0.0926 0.0881 0.5083 0.0859 0.0194 0.1372
163      163   (0)      7  : 0.0869 0.0061 0.5483 0.0311 0.0100 0.1767 0.1409
164      164   (0)      7  : 0.0452 0.2530 0.1011 0.2073 0.0863 0.1456 0.1616
165      165   (0)      7  : 0.0275 0.2338 0.0219 0.4261 0.1983 0.0000 0.0925
166      166   (0)      7  : 0.0131 0.1396 0.2232 0.3544 0.0954 0.1047 0.0696
167      167   (0)      7  : 0.2060 0.0000 0.1645 0.0147 0.0024 0.4077 0.2047
168      168   (0)      7  : 0.0624 0.0270 0.2215 0.2719 0.1230 0.1940 0.1001
169      169   (0)      7  : 0.0293 0.6103 0.0000 0.1888 0.1499 0.0027 0.0191
