  1        1   (0)      1 :  0.3858 0.6142 
  2        2   (0)      1 :  0.0909 0.9091 
  3        3   (0)      1 :  0.1198 0.8802 
  4        4   (0)      1 :  0.1129 0.8871 
  5        5   (0)      1 :  0.3019 0.6981 
  6        6   (0)      1 :  0.0549 0.9451 
  7        7   (0)      1 :  0.4096 0.5904 
  8        8   (0)      1 :  0.1658 0.8342 
  9        9   (0)      1 :  0.7467 0.2533 
 10       10   (0)      1 :  0.4686 0.5314 
 11       11   (0)      1 :  1.0000 0.0000 
 12       12   (0)      1 :  0.5389 0.4611 
 13       13   (0)      2 :  0.4713 0.5287 
 14       14   (0)      2 :  1.0000 0.0000 
 15       15   (0)      2 :  1.0000 0.0000 
 16       16   (0)      2 :  1.0000 0.0000 
 17       17   (0)      2 :  0.5701 0.4299 
 18       18   (0)      2 :  1.0000 0.0000 
 19       19   (0)      2 :  1.0000 0.0000 
 20       20   (0)      2 :  0.3143 0.6857 
 21       21   (0)      2 :  0.0019 0.9981 
 22       22   (0)      2 :  0.5415 0.4585 
 23       23   (0)      2 :  0.6749 0.3251 
 24       24   (0)      2 :  0.0989 0.9011 
 25       25   (0)      2 :  0.4732 0.5268 
 26       26   (0)      2 :  0.3370 0.6630 
 27       27   (0)      2 :  0.2323 0.7677 
 28       28   (0)      2 :  0.8587 0.1413 
 29       29   (0)      2 :  0.0979 0.9021 
 30       30   (0)      2 :  0.6035 0.3965 
 31       31   (0)      2 :  0.3770 0.6230 
 32       32   (0)      2 :  0.3531 0.6469 
 33       33   (0)      2 :  1.0000 0.0000 
 34       34   (0)      3 :  0.0865 0.9135 
 35       35   (0)      3 :  0.1389 0.8611 
 36       36   (0)      3 :  0.1305 0.8695 
 37       37   (0)      3 :  0.1579 0.8421 
 38       38   (0)      3 :  0.0839 0.9161 
 39       39   (0)      3 :  0.1043 0.8957 
 40       40   (0)      3 :  0.0850 0.9150 
 41       41   (0)      3 :  0.2155 0.7845 
 42       42   (0)      3 :  0.3326 0.6674 
 43       43   (0)      3 :  0.0858 0.9142 
 44       44   (0)      3 :  0.1611 0.8389 
 45       45   (0)      3 :  0.0000 1.0000 
 46       46   (0)      3 :  0.0873 0.9127 
 47       47   (0)      3 :  0.2901 0.7099 
 48       48   (0)      3 :  0.0925 0.9075 
 49       49   (0)      3 :  0.0000 1.0000 
 50       50   (0)      3 :  0.1005 0.8995 
 51       51   (0)      3 :  0.1096 0.8904 
 52       52   (0)      3 :  0.3763 0.6237 
 53       53   (0)      3 :  0.1895 0.8105 
 54       54   (0)      3 :  0.1569 0.8431 
 55       55   (0)      3 :  0.1932 0.8068 
 56       56   (0)      3 :  0.0198 0.9802 
 57       57   (0)      3 :  0.0557 0.9443 
 58       58   (0)      3 :  0.0034 0.9966 
 59       59   (0)      3 :  0.1824 0.8176 
 60       60   (0)      4 :  0.6501 0.3499 
 61       61   (0)      4 :  0.7109 0.2891 
 62       62   (0)      4 :  0.2760 0.7240 
 63       63   (0)      4 :  0.1562 0.8438 
 64       64   (0)      4 :  0.2163 0.7837 
 65       65   (0)      4 :  0.1635 0.8365 
 66       66   (0)      4 :  0.1063 0.8937 
 67       67   (0)      4 :  0.3477 0.6523 
 68       68   (0)      4 :  0.1855 0.8145 
 69       69   (0)      4 :  0.0957 0.9043 
 70       70   (0)      4 :  0.6357 0.3643 
 71       71   (0)      4 :  0.0711 0.9289 
 72       72   (0)      4 :  0.6242 0.3758 
 73       73   (0)      4 :  0.0922 0.9078 
 74       74   (0)      4 :  0.0669 0.9331 
 75       75   (0)      4 :  0.0797 0.9203 
 76       76   (0)      4 :  0.1132 0.8868 
 77       77   (0)      4 :  0.1439 0.8561 
 78       78   (0)      4 :  0.1181 0.8819 
 79       79   (0)      4 :  0.0000 1.0000 
 80       80   (0)      4 :  0.0905 0.9095 
 81       81   (0)      4 :  0.6801 0.3199 
 82       82   (0)      4 :  0.1395 0.8605 
 83       83   (0)      4 :  0.0281 0.9719 
 84       84   (0)      4 :  0.1816 0.8184 
 85       85   (0)      4 :  0.6434 0.3566 
 86       86   (0)      5 :  0.1750 0.8250 
 87       87   (0)      5 :  0.1889 0.8111 
 88       88   (0)      5 :  0.2009 0.7991 
 89       89   (0)      5 :  0.0787 0.9213 
 90       90   (0)      5 :  0.1355 0.8645 
 91       91   (0)      5 :  0.1478 0.8522 
 92       92   (0)      5 :  0.0545 0.9455 
 93       93   (0)      5 :  0.0359 0.9641 
 94       94   (0)      5 :  0.1284 0.8716 
 95       95   (0)      5 :  0.5810 0.4190 
 96       96   (0)      5 :  0.0010 0.9990 
 97       97   (0)      5 :  0.3118 0.6882 
 98       98   (0)      5 :  0.2550 0.7450 
 99       99   (0)      5 :  0.0657 0.9343 
100      100   (0)      5 :  0.1367 0.8633 
101      101   (0)      5 :  0.0561 0.9439 
102      102   (0)      5 :  0.0213 0.9787 
103      103   (0)      5 :  0.0829 0.9171 
104      104   (0)      5 :  0.2811 0.7189 
105      105   (0)      5 :  0.0416 0.9584 
106      106   (0)      5 :  0.2398 0.7602 
107      107   (0)      5 :  0.1428 0.8572 
108      108   (0)      5 :  0.2494 0.7506 
109      109   (0)      5 :  0.3770 0.6230 
110      110   (0)      5 :  0.2437 0.7563 
111      111   (0)      5 :  0.0000 1.0000 
112      112   (0)      5 :  0.0000 1.0000 
113      113   (0)      4 :  0.0174 0.9826 
114      114   (0)      6 :  0.1972 0.8028 
115      115   (0)      6 :  0.3841 0.6159 
116      116   (0)      6 :  0.6036 0.3964 
117      117   (0)      6 :  0.7660 0.2340 
118      118   (0)      6 :  0.4816 0.5184 
119      119   (0)      6 :  0.9464 0.0536 
120      120   (0)      6 :  0.0004 0.9996 
121      121   (0)      6 :  0.2228 0.7772 
122      122   (0)      6 :  0.0436 0.9564 
123      123   (0)      6 :  0.4362 0.5638 
124      124   (0)      6 :  0.0546 0.9454 
125      125   (0)      6 :  0.1849 0.8151 
126      126   (0)      6 :  0.1049 0.8951 
127      127   (0)      6 :  0.5839 0.4161 
128      128   (0)      6 :  0.0227 0.9773 
129      129   (0)      6 :  0.0691 0.9309 
130      130   (0)      6 :  0.3084 0.6916 
131      131   (0)      6 :  0.6156 0.3844 
132      132   (0)      6 :  0.1404 0.8596 
133      133   (0)      6 :  0.0000 1.0000 
134      134   (0)      6 :  0.1861 0.8139 
135      135   (0)      6 :  0.7368 0.2632 
136      136   (0)      6 :  0.2528 0.7472 
137      137   (0)      6 :  0.1922 0.8078 
138      138   (0)      6 :  0.1131 0.8869 
139      139   (0)      6 :  0.1522 0.8478 
140      140   (0)      6 :  0.4918 0.5082 
141      141   (0)      6 :  0.3908 0.6092 
142      142   (0)      7 :  0.0215 0.9785 
143      143   (0)      7 :  1.0000 0.0000 
144      144   (0)      7 :  0.1835 0.8165 
145      145   (0)      7 :  0.1155 0.8845 
146      146   (0)      7 :  0.3651 0.6349 
147      147   (0)      7 :  0.0000 1.0000 
148      148   (0)      7 :  0.0385 0.9615 
149      149   (0)      7 :  0.7297 0.2703 
150      150   (0)      7 :  0.3977 0.6023 
151      151   (0)      7 :  0.6691 0.3309 
152      152   (0)      7 :  0.0765 0.9235 
153      153   (0)      7 :  1.0000 0.0000 
154      154   (0)      7 :  0.1316 0.8684 
155      155   (0)      7 :  0.6758 0.3242 
156      156   (0)      7 :  0.0660 0.9340 
157      157   (0)      7 :  0.0015 0.9985 
158      158   (0)      7 :  0.1590 0.8410 
159      159   (0)      7 :  0.7473 0.2527 
160      160   (0)      7 :  0.4191 0.5809 
161      161   (0)      7 :  0.8629 0.1371 
162      162   (0)      7 :  0.2479 0.7521 
163      163   (0)      7 :  0.0741 0.9259 
164      164   (0)      7 :  0.3850 0.6150 
165      165   (0)      7 :  0.5113 0.4887 
166      166   (0)      7 :  0.2834 0.7166 
167      167   (0)      7 :  0.0016 0.9984 
168      168   (0)      7 :  0.1948 0.8052 
169      169   (0)      7 :  0.8312 0.1688 
