1        1   (0)      1  : 0.3729 0.6271
2        2   (0)      1  : 0.1020 0.8980
3        3   (0)      2  : 0.6033 0.3967
4        4   (0)      2  : 0.4828 0.5172
5        5   (0)      2  : 0.7199 0.2801
6        6   (0)      2  : 0.4892 0.5108
7        7   (0)      2  : 0.6445 0.3555
8        8   (0)      2  : 0.8552 0.1448
9        9   (0)      2  : 0.5707 0.4293
10       10   (0)      2  : 0.6116 0.3884
11       11   (0)      2  : 0.5157 0.4843
12       12   (0)      2  : 0.6143 0.3857
13       13   (0)      2  : 0.8552 0.1448
14       14   (0)      2  : 0.6615 0.3385
15       15   (0)      2  : 0.6781 0.3219
16       16   (0)      2  : 0.4665 0.5335
17       17   (0)      2  : 0.2856 0.7144
18       18   (0)      2  : 0.5675 0.4325
19       19   (0)      2  : 0.5452 0.4548
20       20   (0)      2  : 0.4062 0.5938
21       21   (0)      2  : 0.6699 0.3301
22       22   (0)      2  : 0.5484 0.4516
23       23   (0)      2  : 0.5523 0.4477
24       24   (0)      2  : 0.3625 0.6375
25       25   (0)      2  : 0.5067 0.4933
26       26   (0)      2  : 0.6060 0.3940
27       27   (0)      2  : 0.8574 0.1426
28       28   (0)      2  : 0.9553 0.0447
29       29   (0)      2  : 0.7105 0.2895
30       30   (0)      3  : 0.4375 0.5625
31       31   (0)      3  : 0.5338 0.4662
32       32   (0)      3  : 0.6565 0.3435
33       33   (0)      3  : 0.6015 0.3985
34       34   (0)      3  : 0.4473 0.5527
35       35   (0)      3  : 0.5652 0.4348
36       36   (0)      3  : 0.9324 0.0676
37       37   (0)      3  : 0.7041 0.2959
38       38   (0)      3  : 0.0000 1.0000
39       39   (0)      3  : 0.6520 0.3480
40       40   (0)      3  : 0.2038 0.7962
41       41   (0)      3  : 0.5868 0.4132
42       42   (0)      3  : 0.7459 0.2541
43       43   (0)      3  : 0.7662 0.2338
44       44   (0)      3  : 0.8931 0.1069
45       45   (0)      3  : 0.7624 0.2376
46       46   (0)      3  : 0.4610 0.5390
47       47   (0)      3  : 0.6084 0.3916
48       48   (0)      3  : 0.5059 0.4941
49       49   (0)      3  : 0.3398 0.6602
50       50   (0)      3  : 0.7010 0.2990
51       51   (0)      3  : 0.6263 0.3737
52       52   (0)      3  : 0.6308 0.3692
53       53   (0)      3  : 0.8208 0.1792
54       54   (0)      3  : 0.6810 0.3190
55       55   (0)      3  : 0.6624 0.3376
56       56   (0)      3  : 0.6648 0.3352
57       57   (0)      3  : 0.5788 0.4212
58       58   (0)      3  : 0.0000 1.0000
59       59   (0)      3  : 0.5614 0.4386
60       60   (0)      4  : 0.4814 0.5186
61       61   (0)      4  : 0.7117 0.2883
62       62   (0)      4  : 0.4865 0.5135
63       63   (0)      4  : 0.6163 0.3837
64       64   (0)      4  : 0.4446 0.5554
65       65   (0)      4  : 0.5628 0.4372
66       66   (0)      4  : 0.6531 0.3469
67       67   (0)      4  : 0.3146 0.6854
68       68   (0)      4  : 0.4982 0.5018
69       69   (0)      4  : 0.5227 0.4773
70       70   (0)      4  : 0.8712 0.1288
71       71   (0)      1  : 0.5997 0.4003
72       72   (0)      1  : 0.1154 0.8846
73       73   (0)      1  : 0.6165 0.3835
74       74   (0)      1  : 0.5550 0.4450
75       75   (0)      1  : 0.8006 0.1994
76       76   (0)      1  : 0.9530 0.0470
77       77   (0)      1  : 0.0641 0.9359
78       78   (0)      1  : 0.6162 0.3838
79       79   (0)      1  : 0.5117 0.4883
80       80   (0)      1  : 1.0000 0.0000
81       81   (0)      1  : 0.7769 0.2231
82       82   (0)      1  : 0.4734 0.5266
83       83   (0)      1  : 0.4407 0.5593
84       84   (0)      1  : 0.5803 0.4197
85       85   (0)      1  : 0.7698 0.2302
86       86   (0)      1  : 0.3252 0.6748
87       87   (0)      1  : 0.4049 0.5951
88       88   (0)      1  : 0.2860 0.7140
89       89   (0)      1  : 0.4123 0.5877
90       90   (0)      1  : 0.6470 0.3530
91       91   (0)      1  : 0.1592 0.8408
92       92   (0)      1  : 0.6345 0.3655
93       93   (0)      1  : 0.8304 0.1696
94       94   (0)      1  : 0.0776 0.9224
95       95   (0)      1  : 0.4772 0.5228
96       96   (0)      1  : 0.5703 0.4297
97       97   (0)      1  : 0.7340 0.2660
98       98   (0)      1  : 0.4391 0.5609
99       99   (0)      4  : 0.7218 0.2782
100      100   (0)      4  : 0.7623 0.2377
101      101   (0)      5  : 0.5551 0.4449
102      102   (0)      5  : 0.6851 0.3149
103      103   (0)      5  : 0.5584 0.4416
104      104   (0)      5  : 0.9561 0.0439
105      105   (0)      5  : 0.4826 0.5174
106      106   (0)      4  : 0.5527 0.4473
107      107   (0)      4  : 0.6292 0.3708
108      108   (0)      4  : 0.4648 0.5352
109      109   (0)      4  : 0.8316 0.1684
110      110   (0)      4  : 0.8056 0.1944
111      111   (0)      5  : 0.4735 0.5265
112      112   (0)      5  : 0.1921 0.8079
113      113   (0)      5  : 0.6139 0.3861
114      114   (0)      5  : 1.0000 0.0000
115      115   (0)      5  : 0.1855 0.8145
116      116   (0)      5  : 0.7240 0.2760
117      117   (0)      4  : 0.6580 0.3420
118      118   (0)      4  : 0.4063 0.5937
119      119   (0)      4  : 0.6837 0.3163
120      120   (0)      4  : 0.6573 0.3427
121      121   (0)      4  : 0.8924 0.1076
122      122   (0)      4  : 0.0000 1.0000
123      123   (0)      4  : 0.3078 0.6922
124      124   (0)      4  : 0.4410 0.5590
125      125   (0)      5  : 0.5191 0.4809
126      126   (0)      5  : 0.6018 0.3982
127      127   (0)      5  : 0.4445 0.5555
128      128   (0)      5  : 0.3986 0.6014
129      129   (0)      5  : 0.8888 0.1112
130      130   (0)      5  : 0.4423 0.5577
131      131   (0)      5  : 0.8550 0.1450
132      132   (0)      5  : 0.2780 0.7220
133      133   (0)      5  : 0.6123 0.3877
134      134   (0)      5  : 0.4127 0.5873
135      135   (0)      5  : 0.9272 0.0728
136      136   (0)      5  : 0.4934 0.5066
137      137   (0)      5  : 0.8991 0.1009
138      138   (0)      5  : 0.6520 0.3480
139      139   (0)      5  : 0.7226 0.2774
140      140   (0)      5  : 0.4057 0.5943
141      141   (0)      5  : 0.4508 0.5492
142      142   (0)      5  : 0.2787 0.7213
143      143   (0)      5  : 0.6913 0.3087
144      144   (0)      6  : 0.4945 0.5055
145      145   (0)      6  : 0.4502 0.5498
146      146   (0)      6  : 0.4676 0.5324
147      147   (0)      6  : 0.4704 0.5296
148      148   (0)      6  : 0.9237 0.0763
149      149   (0)      6  : 0.5051 0.4949
150      150   (0)      6  : 0.4123 0.5877
151      151   (0)      6  : 0.6866 0.3134
152      152   (0)      6  : 0.7004 0.2996
153      153   (0)      6  : 0.7389 0.2611
154      154   (0)      6  : 0.5205 0.4795
155      155   (0)      6  : 0.4789 0.5211
156      156   (0)      6  : 0.6538 0.3462
157      157   (0)      6  : 0.7112 0.2888
158      158   (0)      6  : 0.5877 0.4123
159      159   (0)      6  : 0.6587 0.3413
160      160   (0)      6  : 0.6951 0.3049
161      161   (0)      6  : 0.6786 0.3214
162      162   (0)      6  : 0.9716 0.0284
163      163   (0)      6  : 0.1005 0.8995
164      164   (0)      6  : 0.6656 0.3344
165      165   (0)      6  : 0.6288 0.3712
166      166   (0)      6  : 0.7503 0.2497
167      167   (0)      6  : 0.4883 0.5117
168      168   (0)      6  : 0.3374 0.6626
169      169   (0)      6  : 0.1798 0.8202
170      170   (0)      6  : 0.6787 0.3213
171      171   (0)      6  : 0.4895 0.5105
172      172   (0)      4  : 0.0916 0.9084
173      173   (0)      4  : 0.9375 0.0625
174      174   (0)      7  : 0.8750 0.1250
175      175   (0)      7  : 0.3572 0.6428
176      176   (0)      7  : 0.5653 0.4347
177      177   (0)      7  : 0.5241 0.4759
178      178   (0)      7  : 0.6452 0.3548
179      179   (0)      7  : 0.4778 0.5222
180      180   (0)      7  : 0.5315 0.4685
181      181   (0)      7  : 0.3029 0.6971
182      182   (0)      7  : 0.6626 0.3374
183      183   (0)      7  : 0.6053 0.3947
184      184   (0)      7  : 0.5051 0.4949
185      185   (0)      7  : 0.6984 0.3016
186      186   (0)      7  : 0.7429 0.2571
187      187   (0)      7  : 0.6322 0.3678
188      188   (0)      7  : 1.0000 0.0000
189      189   (0)      7  : 0.6659 0.3341
190      190   (0)      7  : 0.4236 0.5764
191      191   (0)      7  : 0.6024 0.3976
192      192   (0)      7  : 0.2106 0.7894
193      193   (0)      7  : 0.5122 0.4878
194      194   (0)      7  : 0.3131 0.6869
195      195   (0)      7  : 0.5116 0.4884
196      196   (0)      7  : 0.6778 0.3222
197      197   (0)      7  : 0.3411 0.6589
198      198   (0)      7  : 0.8793 0.1207
199      199   (0)      7  : 0.5236 0.4764
200      200   (0)      7  : 0.7171 0.2829
201      201   (0)      7  : 0.7036 0.2964
202      202   (0)      7  : 0.7818 0.2182
203      203   (0)      7  : 0.4918 0.5082
