  1        1   (0)      1 :  0.0469 0.2107 0.1089 0.2213 0.0413 0.1025 0.0642 0.2041 
  2        2   (0)      1 :  0.2739 0.0000 0.1023 0.1171 0.2406 0.0971 0.1275 0.0415 
  3        3   (0)      1 :  0.0455 0.0000 0.0588 0.4306 0.1198 0.1140 0.1070 0.1243 
  4        4   (0)      1 :  0.3136 0.0138 0.0087 0.0522 0.1440 0.1441 0.1694 0.1542 
  5        5   (0)      1 :  0.0533 0.1014 0.2057 0.1726 0.0553 0.0975 0.2012 0.1131 
  6        6   (0)      1 :  0.0523 0.0004 0.0857 0.1137 0.1930 0.2184 0.2273 0.1092 
  7        7   (0)      1 :  0.0242 0.1248 0.0479 0.2199 0.0928 0.0371 0.0677 0.3856 
  8        8   (0)      1 :  0.0212 0.0000 0.0448 0.1840 0.0685 0.0002 0.0000 0.6812 
  9        9   (0)      1 :  0.0520 0.4536 0.2719 0.0134 0.0153 0.0026 0.1176 0.0736 
 10       10   (0)      1 :  0.2230 0.1519 0.1853 0.0453 0.0309 0.1568 0.0104 0.1965 
 11       11   (0)      1 :  0.0000 0.6289 0.3649 0.0000 0.0000 0.0000 0.0000 0.0062 
 12       12   (0)      1 :  0.1411 0.2775 0.2746 0.0766 0.1162 0.0408 0.0301 0.0431 
 13       13   (0)      2 :  0.0269 0.4009 0.0298 0.0730 0.4017 0.0286 0.0053 0.0339 
 14       14   (0)      2 :  0.0000 0.6647 0.3353 0.0000 0.0000 0.0000 0.0000 0.0000 
 15       15   (0)      2 :  0.0058 0.7584 0.2294 0.0000 0.0000 0.0007 0.0057 0.0000 
 16       16   (0)      2 :  0.0058 0.7609 0.1886 0.0236 0.0000 0.0142 0.0000 0.0068 
 17       17   (0)      2 :  0.0355 0.3250 0.1716 0.1544 0.0496 0.0185 0.1598 0.0857 
 18       18   (0)      2 :  0.0180 0.7118 0.2229 0.0150 0.0000 0.0161 0.0000 0.0161 
 19       19   (0)      2 :  0.0072 0.7263 0.1898 0.0362 0.0000 0.0146 0.0057 0.0203 
 20       20   (0)      2 :  0.0581 0.1739 0.0896 0.2340 0.1574 0.1158 0.0740 0.0972 
 21       21   (0)      2 :  0.0521 0.0000 0.0438 0.0719 0.5582 0.0340 0.1496 0.0904 
 22       22   (0)      2 :  0.0098 0.3489 0.1405 0.1845 0.0688 0.1071 0.0814 0.0591 
 23       23   (0)      2 :  0.0000 0.4769 0.1537 0.0300 0.2483 0.0021 0.0388 0.0502 
 24       24   (0)      2 :  0.0360 0.0000 0.0606 0.2932 0.2608 0.0876 0.0350 0.2267 
 25       25   (0)      2 :  0.0408 0.1991 0.1393 0.0592 0.0987 0.0064 0.0038 0.4527 
 26       26   (0)      2 :  0.0468 0.1148 0.2834 0.1571 0.0966 0.1590 0.0648 0.0775 
 27       27   (0)      2 :  0.0266 0.0856 0.0512 0.3370 0.1014 0.2346 0.1167 0.0469 
 28       28   (0)      2 :  0.0186 0.6296 0.1999 0.0000 0.0524 0.0000 0.0097 0.0898 
 29       29   (0)      2 :  0.0629 0.0050 0.0481 0.3629 0.0952 0.0821 0.2372 0.1066 
 30       30   (0)      2 :  0.0029 0.3714 0.0801 0.0915 0.0347 0.0132 0.0160 0.3904 
 31       31   (0)      2 :  0.2267 0.1631 0.2055 0.0606 0.0089 0.0872 0.2382 0.0098 
 32       32   (0)      2 :  0.4084 0.1925 0.0970 0.0651 0.0405 0.1115 0.0646 0.0205 
 33       33   (0)      2 :  0.0000 0.9199 0.0801 0.0000 0.0000 0.0000 0.0000 0.0000 
 34       34   (0)      3 :  0.0185 0.0012 0.0412 0.3395 0.1250 0.1360 0.2015 0.1371 
 35       35   (0)      3 :  0.0225 0.0005 0.0596 0.0803 0.0493 0.0268 0.5936 0.1674 
 36       36   (0)      3 :  0.5935 0.0012 0.1378 0.0391 0.0474 0.0186 0.0750 0.0876 
 37       37   (0)      3 :  0.1721 0.0290 0.1638 0.1528 0.1324 0.1376 0.1377 0.0745 
 38       38   (0)      3 :  0.1005 0.0028 0.0678 0.0750 0.3427 0.3507 0.0325 0.0280 
 39       39   (0)      3 :  0.0435 0.0051 0.0312 0.0656 0.1823 0.5432 0.0611 0.0679 
 40       40   (0)      3 :  0.0850 0.0001 0.0131 0.1012 0.1577 0.3974 0.1943 0.0511 
 41       41   (0)      3 :  0.1246 0.0736 0.0496 0.2613 0.0728 0.1937 0.1264 0.0979 
 42       42   (0)      3 :  0.0167 0.1202 0.0782 0.0559 0.0478 0.0364 0.1596 0.4852 
 43       43   (0)      3 :  0.1953 0.0066 0.0188 0.0880 0.0333 0.2411 0.3855 0.0314 
 44       44   (0)      3 :  0.0552 0.0485 0.0520 0.0104 0.5339 0.0359 0.1531 0.1110 
 45       45   (0)      3 :  0.1492 0.0000 0.0065 0.0881 0.4361 0.0513 0.2100 0.0588 
 46       46   (0)      3 :  0.1573 0.0030 0.0033 0.0971 0.3056 0.3984 0.0161 0.0192 
 47       47   (0)      3 :  0.1154 0.1052 0.0964 0.1757 0.1066 0.0714 0.2999 0.0295 
 48       48   (0)      3 :  0.0097 0.0000 0.0022 0.0208 0.1796 0.1273 0.6327 0.0277 
 49       49   (0)      3 :  0.1726 0.0000 0.0098 0.0435 0.6713 0.0000 0.0712 0.0317 
 50       50   (0)      3 :  0.2434 0.0033 0.1138 0.1303 0.0426 0.1534 0.2961 0.0171 
 51       51   (0)      3 :  0.2351 0.0090 0.0215 0.0809 0.1273 0.4506 0.0727 0.0030 
 52       52   (0)      3 :  0.1676 0.1861 0.2134 0.0940 0.0823 0.1611 0.0631 0.0324 
 53       53   (0)      3 :  0.1408 0.0352 0.1683 0.0595 0.0481 0.0533 0.4778 0.0170 
 54       54   (0)      3 :  0.0250 0.0358 0.0884 0.0430 0.3079 0.4708 0.0196 0.0095 
 55       55   (0)      3 :  0.0127 0.0198 0.1432 0.1387 0.3284 0.0220 0.0611 0.2740 
 56       56   (0)      3 :  0.1170 0.0000 0.1209 0.0797 0.1054 0.3326 0.1913 0.0531 
 57       57   (0)      3 :  0.4494 0.0000 0.0829 0.0980 0.1922 0.0206 0.0760 0.0809 
 58       58   (0)      3 :  0.0591 0.0000 0.0000 0.0988 0.5330 0.1570 0.1021 0.0500 
 59       59   (0)      3 :  0.1484 0.0452 0.0470 0.1656 0.0078 0.2623 0.2691 0.0546 
 60       60   (0)      4 :  0.0715 0.4582 0.1287 0.1125 0.0962 0.1141 0.0000 0.0187 
 61       61   (0)      4 :  0.0765 0.5042 0.1760 0.0173 0.0145 0.0396 0.1720 0.0000 
 62       62   (0)      4 :  0.1561 0.1283 0.0828 0.0536 0.0515 0.1826 0.3100 0.0350 
 63       63   (0)      4 :  0.1004 0.0214 0.1730 0.0968 0.2181 0.0767 0.1740 0.1395 
 64       64   (0)      4 :  0.5446 0.0368 0.1206 0.0186 0.0240 0.1009 0.1224 0.0319 
 65       65   (0)      4 :  0.0610 0.0356 0.1117 0.0418 0.0864 0.2962 0.3451 0.0222 
 66       66   (0)      4 :  0.3931 0.0040 0.0064 0.0063 0.0143 0.1087 0.4628 0.0044 
 67       67   (0)      4 :  0.3760 0.1504 0.1809 0.0165 0.1425 0.0628 0.0208 0.0501 
 68       68   (0)      4 :  0.0343 0.0428 0.0797 0.2481 0.0587 0.2376 0.1130 0.1858 
 69       69   (0)      4 :  0.0072 0.0011 0.0709 0.0806 0.2736 0.0807 0.2185 0.2674 
 70       70   (0)      4 :  0.0432 0.4130 0.2144 0.0373 0.0815 0.1039 0.0926 0.0141 
 71       71   (0)      4 :  0.1116 0.0047 0.0361 0.1226 0.0586 0.4129 0.1724 0.0811 
 72       72   (0)      4 :  0.0572 0.3427 0.2320 0.0858 0.0704 0.0237 0.0674 0.1207 
 73       73   (0)      4 :  0.0725 0.0015 0.0916 0.1353 0.2337 0.0790 0.1514 0.2350 
 74       74   (0)      4 :  0.0692 0.0003 0.0036 0.1874 0.1119 0.1843 0.3869 0.0564 
 75       75   (0)      4 :  0.0704 0.0000 0.0008 0.1160 0.0877 0.0494 0.5797 0.0961 
 76       76   (0)      4 :  0.0911 0.0057 0.0504 0.1623 0.1970 0.0330 0.4091 0.0515 
 77       77   (0)      4 :  0.0512 0.0077 0.0963 0.1588 0.1318 0.1406 0.1111 0.3026 
 78       78   (0)      4 :  0.0348 0.0027 0.0066 0.3455 0.0986 0.2228 0.0222 0.2667 
 79       79   (0)      4 :  0.0887 0.0000 0.0165 0.3560 0.1667 0.1171 0.1986 0.0565 
 80       80   (0)      4 :  0.1672 0.0042 0.1684 0.1506 0.1031 0.1067 0.1489 0.1510 
 81       81   (0)      4 :  0.0402 0.4818 0.1426 0.1137 0.0197 0.0680 0.0983 0.0356 
 82       82   (0)      4 :  0.0325 0.0227 0.0497 0.4448 0.0649 0.1074 0.1785 0.0996 
 83       83   (0)      4 :  0.5395 0.0000 0.0082 0.1142 0.1051 0.0713 0.1085 0.0533 
 84       84   (0)      4 :  0.3395 0.0671 0.0934 0.0803 0.1980 0.0863 0.0885 0.0468 
 85       85   (0)      4 :  0.0540 0.3460 0.1784 0.0624 0.0326 0.0000 0.0000 0.3267 
 86       86   (0)      5 :  0.1755 0.0595 0.1324 0.1423 0.0469 0.3844 0.0506 0.0085 
 87       87   (0)      5 :  0.0292 0.0369 0.0859 0.1319 0.1453 0.1857 0.2127 0.1725 
 88       88   (0)      5 :  0.2807 0.0736 0.0847 0.1352 0.1067 0.1708 0.1393 0.0091 
 89       89   (0)      5 :  0.0651 0.0021 0.0727 0.3130 0.2629 0.1106 0.0483 0.1254 
 90       90   (0)      5 :  0.0683 0.0300 0.0196 0.3897 0.1773 0.2156 0.0912 0.0083 
 91       91   (0)      5 :  0.0149 0.0580 0.0220 0.0988 0.2569 0.3756 0.0472 0.1265 
 92       92   (0)      5 :  0.4523 0.0009 0.0212 0.1383 0.0772 0.0710 0.2035 0.0358 
 93       93   (0)      5 :  0.0168 0.0000 0.0000 0.1448 0.7101 0.0592 0.0000 0.0692 
 94       94   (0)      5 :  0.2478 0.0320 0.0582 0.0947 0.0740 0.3096 0.1332 0.0506 
 95       95   (0)      5 :  0.0368 0.3611 0.2768 0.0764 0.0889 0.1113 0.0221 0.0266 
 96       96   (0)      5 :  0.0303 0.0000 0.0075 0.1393 0.2236 0.3154 0.0304 0.2534 
 97       97   (0)      5 :  0.0491 0.0107 0.1075 0.0596 0.0818 0.0135 0.0153 0.6625 
 98       98   (0)      5 :  0.3965 0.0886 0.0322 0.1198 0.0000 0.1448 0.1929 0.0252 
 99       99   (0)      5 :  0.0500 0.0000 0.0508 0.1732 0.3266 0.0826 0.1294 0.1874 
100      100   (0)      5 :  0.5193 0.0024 0.0743 0.1079 0.0668 0.0354 0.1748 0.0192 
101      101   (0)      5 :  0.0597 0.0001 0.0392 0.0894 0.2276 0.3685 0.1532 0.0623 
102      102   (0)      5 :  0.0438 0.0000 0.0282 0.0776 0.3131 0.3569 0.1487 0.0318 
103      103   (0)      5 :  0.0802 0.0072 0.0330 0.1166 0.1493 0.3539 0.2404 0.0194 
104      104   (0)      5 :  0.1556 0.0977 0.1307 0.1733 0.0697 0.1097 0.1531 0.1102 
105      105   (0)      5 :  0.5668 0.0000 0.0186 0.0665 0.1429 0.1181 0.0408 0.0464 
106      106   (0)      5 :  0.1025 0.0458 0.0525 0.2334 0.1065 0.1420 0.1915 0.1257 
107      107   (0)      5 :  0.0350 0.0468 0.0180 0.1645 0.1423 0.4475 0.1115 0.0345 
108      108   (0)      5 :  0.0646 0.1274 0.0302 0.2311 0.3091 0.0809 0.0754 0.0813 
109      109   (0)      5 :  0.0708 0.2039 0.0934 0.0843 0.4603 0.0017 0.0082 0.0773 
110      110   (0)      5 :  0.0311 0.0512 0.0527 0.1425 0.0854 0.1066 0.0728 0.4578 
111      111   (0)      5 :  0.1556 0.0000 0.0309 0.0511 0.1334 0.1473 0.4523 0.0294 
112      112   (0)      5 :  0.0658 0.0000 0.0123 0.1526 0.3647 0.0570 0.2907 0.0569 
113      113   (0)      4 :  0.1817 0.0000 0.1000 0.1028 0.2457 0.0521 0.2555 0.0623 
114      114   (0)      6 :  0.2147 0.0620 0.1454 0.1180 0.2119 0.0593 0.1165 0.0721 
115      115   (0)      6 :  0.5001 0.2033 0.1596 0.0231 0.0000 0.0640 0.0494 0.0004 
116      116   (0)      6 :  0.1047 0.3566 0.2171 0.1094 0.0461 0.0672 0.0514 0.0477 
117      117   (0)      6 :  0.0262 0.3676 0.4184 0.0287 0.0360 0.0074 0.0113 0.1044 
118      118   (0)      6 :  0.0181 0.2413 0.2757 0.0870 0.1277 0.0508 0.0071 0.1923 
119      119   (0)      6 :  0.0000 0.6762 0.2156 0.0364 0.0000 0.0298 0.0181 0.0239 
120      120   (0)      6 :  0.1122 0.0000 0.2050 0.0634 0.1088 0.0713 0.2561 0.1832 
121      121   (0)      6 :  0.2730 0.0845 0.0618 0.1026 0.0465 0.1454 0.2406 0.0457 
122      122   (0)      6 :  0.0758 0.0000 0.0090 0.1111 0.4322 0.0629 0.2646 0.0444 
123      123   (0)      6 :  0.1832 0.1833 0.1024 0.0925 0.1003 0.0235 0.0428 0.2720 
124      124   (0)      6 :  0.1795 0.0000 0.0163 0.0547 0.1288 0.3440 0.2275 0.0493 
125      125   (0)      6 :  0.0447 0.0381 0.0534 0.1512 0.4606 0.0371 0.0442 0.1708 
126      126   (0)      6 :  0.0547 0.0007 0.0112 0.3387 0.2678 0.0499 0.0827 0.1943 
127      127   (0)      6 :  0.0603 0.4184 0.1518 0.0794 0.1700 0.0303 0.0363 0.0536 
128      128   (0)      6 :  0.0876 0.0000 0.0753 0.0884 0.3249 0.0926 0.0999 0.2314 
129      129   (0)      6 :  0.6664 0.0000 0.0278 0.1060 0.0104 0.0160 0.0911 0.0824 
130      130   (0)      6 :  0.0349 0.0821 0.0820 0.1469 0.1071 0.0357 0.1268 0.3845 
131      131   (0)      6 :  0.0343 0.4039 0.2444 0.1361 0.0401 0.0263 0.0755 0.0395 
132      132   (0)      6 :  0.0435 0.0406 0.0422 0.1052 0.2148 0.2390 0.2755 0.0392 
133      133   (0)      6 :  0.0808 0.0000 0.0443 0.2666 0.4207 0.0961 0.0418 0.0496 
134      134   (0)      6 :  0.0947 0.0628 0.0658 0.1677 0.1193 0.2388 0.2111 0.0397 
135      135   (0)      6 :  0.0373 0.5582 0.1334 0.0185 0.0525 0.0454 0.1363 0.0184 
136      136   (0)      6 :  0.2368 0.1127 0.0539 0.1106 0.1328 0.1394 0.1193 0.0946 
137      137   (0)      6 :  0.1300 0.0688 0.1481 0.1599 0.2517 0.0853 0.1085 0.0478 
138      138   (0)      6 :  0.1600 0.0012 0.0294 0.2027 0.0684 0.1409 0.3239 0.0737 
139      139   (0)      6 :  0.3215 0.0305 0.1285 0.0905 0.0878 0.1917 0.1015 0.0479 
140      140   (0)      6 :  0.0674 0.3195 0.1081 0.0889 0.0661 0.1159 0.1699 0.0641 
141      141   (0)      6 :  0.0059 0.1584 0.1816 0.3025 0.0384 0.1213 0.0380 0.1539 
142      142   (0)      7 :  0.1162 0.0000 0.0417 0.1925 0.1230 0.2028 0.2918 0.0320 
143      143   (0)      7 :  0.0000 0.8015 0.0743 0.0603 0.0282 0.0000 0.0000 0.0358 
144      144   (0)      7 :  0.4528 0.0403 0.0861 0.0955 0.1059 0.0337 0.1005 0.0850 
145      145   (0)      7 :  0.3062 0.0056 0.0269 0.0619 0.0581 0.1602 0.2444 0.1368 
146      146   (0)      7 :  0.0221 0.1260 0.1743 0.1814 0.0073 0.2420 0.1415 0.1054 
147      147   (0)      7 :  0.0000 0.0000 0.0000 0.0500 0.4322 0.4678 0.0000 0.0500 
148      148   (0)      7 :  0.2017 0.0019 0.1358 0.0950 0.0709 0.2228 0.2591 0.0127 
149      149   (0)      7 :  0.1037 0.5145 0.2284 0.0047 0.1014 0.0153 0.0312 0.0008 
150      150   (0)      7 :  0.0169 0.1929 0.2061 0.2423 0.0734 0.1294 0.1286 0.0104 
151      151   (0)      7 :  0.0526 0.3956 0.2135 0.1200 0.0124 0.0737 0.0725 0.0596 
152      152   (0)      7 :  0.1097 0.0057 0.0155 0.2095 0.1158 0.2846 0.1814 0.0780 
153      153   (0)      7 :  0.0000 0.7535 0.2465 0.0000 0.0000 0.0000 0.0000 0.0000 
154      154   (0)      7 :  0.0877 0.0207 0.0326 0.2260 0.3940 0.1352 0.0376 0.0663 
155      155   (0)      7 :  0.0000 0.3167 0.2768 0.0995 0.0098 0.0134 0.0592 0.2246 
156      156   (0)      7 :  0.7108 0.0000 0.0067 0.0269 0.0123 0.1826 0.0607 0.0000 
157      157   (0)      7 :  0.2508 0.0000 0.0000 0.0000 0.1303 0.5689 0.0000 0.0500 
158      158   (0)      7 :  0.2109 0.0601 0.0729 0.0703 0.1735 0.1771 0.2134 0.0219 
159      159   (0)      7 :  0.0639 0.4686 0.2394 0.0692 0.0195 0.0882 0.0072 0.0439 
160      160   (0)      7 :  0.0296 0.2435 0.1824 0.0657 0.2620 0.1200 0.0132 0.0836 
161      161   (0)      7 :  0.0000 0.5216 0.3249 0.0422 0.0260 0.0238 0.0000 0.0614 
162      162   (0)      7 :  0.0492 0.0529 0.1782 0.0559 0.0948 0.0049 0.1574 0.4067 
163      163   (0)      7 :  0.4661 0.0036 0.0878 0.0713 0.0145 0.2400 0.0890 0.0276 
164      164   (0)      7 :  0.0540 0.1875 0.1151 0.1888 0.0322 0.1289 0.1684 0.1252 
165      165   (0)      7 :  0.0000 0.2072 0.1196 0.1527 0.0596 0.0000 0.0970 0.3639 
166      166   (0)      7 :  0.1072 0.0777 0.1093 0.0636 0.0658 0.0318 0.1688 0.3758 
167      167   (0)      7 :  0.0989 0.0000 0.0099 0.1813 0.1710 0.3677 0.1255 0.0457 
168      168   (0)      7 :  0.1630 0.0239 0.0224 0.1553 0.0367 0.1437 0.3000 0.1549 
169      169   (0)      7 :  0.0029 0.5668 0.1736 0.0360 0.0427 0.0000 0.0494 0.1285 
