1        1   (0)      1  : 0.0000 1.0000 0.0000 0.0000
2        2   (0)      1  : 0.0738 0.0000 0.9262 0.0000
3        3   (0)      1  : 0.0000 1.0000 0.0000 0.0000
4        4   (0)      1  : 0.0934 0.0000 0.7973 0.1092
5        5   (0)      1  : 0.0000 1.0000 0.0000 0.0000
6        6   (0)      1  : 0.0000 1.0000 0.0000 0.0000
7        7   (0)      1  : 0.0664 0.0487 0.8850 0.0000
8        8   (0)      1  : 0.0767 0.0000 0.9233 0.0000
9        9   (0)      1  : 0.0000 1.0000 0.0000 0.0000
10       10   (0)      2  : 0.0000 0.0000 1.0000 0.0000
11       11   (0)      2  : 0.0000 0.0000 1.0000 0.0000
12       12   (0)      2  : 0.0000 0.0000 1.0000 0.0000
13       13   (0)      3  : 0.0321 0.9679 0.0000 0.0000
14       14   (0)      3  : 0.0577 0.8891 0.0000 0.0532
15       15   (0)      3  : 0.0000 0.9661 0.0339 0.0000
16       16   (0)      3  : 0.0000 0.9745 0.0255 0.0000
17       17   (0)      3  : 0.0000 1.0000 0.0000 0.0000
18       18   (0)      3  : 0.0131 0.9869 0.0000 0.0000
19       19   (0)      3  : 0.1643 0.0000 0.7163 0.1194
20       20   (0)      3  : 0.4411 0.0000 0.4796 0.0793
21       21   (0)      2  : 0.0000 0.1511 0.8489 0.0000
22       22   (0)      2  : 0.0000 0.0000 1.0000 0.0000
23       23   (0)      2  : 0.0000 0.0000 1.0000 0.0000
24       24   (0)      2  : 0.0000 0.0000 1.0000 0.0000
25       25   (0)      2  : 0.0000 0.0000 1.0000 0.0000
26       26   (0)      2  : 0.0000 0.0000 1.0000 0.0000
27       27   (0)      2  : 0.0000 0.0214 0.9786 0.0000
28       28   (0)      2  : 0.0000 0.0000 1.0000 0.0000
29       29   (0)      2  : 0.0502 0.0476 0.9009 0.0013
30       30   (0)      2  : 0.0000 0.0000 1.0000 0.0000
31       31   (0)      2  : 0.0000 0.3344 0.6656 0.0000
32       32   (0)      2  : 0.0506 0.2327 0.7167 0.0000
33       33   (0)      2  : 0.0000 0.0092 0.9908 0.0000
34       34   (0)      2  : 0.0000 0.0000 1.0000 0.0000
35       35   (0)      2  : 0.0000 0.0000 1.0000 0.0000
36       36   (0)      2  : 0.0000 0.0000 0.9928 0.0072
37       37   (0)      2  : 0.0000 0.9224 0.0776 0.0000
38       38   (0)      2  : 0.0316 0.0000 0.9497 0.0187
39       39   (0)      2  : 0.0438 0.0547 0.8821 0.0194
40       40   (0)      2  : 0.0000 0.0299 0.9701 0.0000
41       41   (0)      2  : 0.0000 0.0866 0.9134 0.0000
42       42   (0)      2  : 0.0000 0.0000 1.0000 0.0000
43       43   (0)      4  : 1.0000 0.0000 0.0000 0.0000
44       44   (0)      4  : 0.8916 0.1084 0.0000 0.0000
45       45   (0)      4  : 0.9038 0.0000 0.0000 0.0962
46       46   (0)      4  : 0.8976 0.0000 0.0000 0.1024
47       47   (0)      4  : 0.8413 0.1543 0.0000 0.0043
48       48   (0)      4  : 0.2999 0.6995 0.0000 0.0006
49       49   (0)      4  : 0.1764 0.8233 0.0000 0.0003
50       50   (0)      4  : 0.9649 0.0351 0.0000 0.0000
51       51   (0)      4  : 1.0000 0.0000 0.0000 0.0000
52       52   (0)      4  : 0.6315 0.0951 0.0471 0.2262
53       53   (0)      4  : 0.7133 0.1002 0.0000 0.1865
54       54   (0)      4  : 0.1647 0.8353 0.0000 0.0000
55       55   (0)      4  : 0.1323 0.8677 0.0000 0.0000
56       56   (0)      4  : 0.2960 0.7040 0.0000 0.0000
57       57   (0)      4  : 0.8078 0.0000 0.0000 0.1922
58       58   (0)      4  : 1.0000 0.0000 0.0000 0.0000
59       59   (0)      4  : 1.0000 0.0000 0.0000 0.0000
60       60   (0)      4  : 1.0000 0.0000 0.0000 0.0000
61       61   (0)      4  : 1.0000 0.0000 0.0000 0.0000
62       62   (0)      4  : 0.9401 0.0599 0.0000 0.0000
63       63   (0)      4  : 1.0000 0.0000 0.0000 0.0000
64       64   (0)      4  : 0.9763 0.0202 0.0000 0.0035
65       65   (0)      4  : 0.0980 0.9020 0.0000 0.0000
66       66   (0)      4  : 1.0000 0.0000 0.0000 0.0000
67       67   (0)      4  : 0.8772 0.0000 0.0000 0.1228
68       68   (0)      4  : 0.1442 0.7587 0.0000 0.0971
69       69   (0)      4  : 1.0000 0.0000 0.0000 0.0000
70       70   (0)      4  : 0.9256 0.0744 0.0000 0.0000
71       71   (0)      4  : 0.1039 0.8961 0.0000 0.0000
72       72   (0)      5  : 0.6287 0.0000 0.2063 0.1650
73       73   (0)      5  : 0.3798 0.0000 0.1547 0.4656
74       74   (0)      5  : 0.6899 0.0000 0.0555 0.2546
75       75   (0)      5  : 0.7500 0.0000 0.1122 0.1378
76       76   (0)      5  : 0.4721 0.0289 0.2418 0.2571
77       77   (0)      5  : 0.6948 0.0000 0.0320 0.2733
78       78   (0)      5  : 0.7632 0.0000 0.0000 0.2368
79       79   (0)      5  : 0.6871 0.0000 0.2063 0.1066
80       80   (0)      5  : 0.0582 0.7474 0.0000 0.1944
81       81   (0)      5  : 0.4805 0.5157 0.0000 0.0039
82       82   (0)      5  : 0.6771 0.0000 0.0064 0.3165
83       83   (0)      5  : 0.6402 0.0101 0.0980 0.2517
84       84   (0)      5  : 0.6135 0.0000 0.0797 0.3069
85       85   (0)      5  : 0.7245 0.0000 0.0000 0.2755
86       86   (0)      5  : 0.8438 0.0000 0.0645 0.0917
87       87   (0)      5  : 0.6327 0.0000 0.2088 0.1584
88       88   (0)      5  : 0.7418 0.0000 0.2582 0.0000
89       89   (0)      5  : 0.7949 0.0000 0.1962 0.0089
90       90   (0)      5  : 0.8235 0.0000 0.1764 0.0000
91       91   (0)      5  : 0.6904 0.0000 0.1641 0.1455
92       92   (0)      5  : 0.2261 0.7373 0.0000 0.0366
93       93   (0)      5  : 0.7165 0.0000 0.1041 0.1793
94       94   (0)      5  : 0.6305 0.0000 0.0000 0.3695
95       95   (0)      5  : 0.7606 0.0000 0.0000 0.2394
96       96   (0)      5  : 0.6756 0.0000 0.0895 0.2349
97       97   (0)      6  : 0.5490 0.0022 0.4420 0.0068
98       98   (0)      6  : 0.0000 0.0000 0.8877 0.1123
99       99   (0)      6  : 0.0000 1.0000 0.0000 0.0000
100      100   (0)      6  : 0.3432 0.0075 0.6493 0.0000
101      101   (0)      6  : 0.0000 1.0000 0.0000 0.0000
102      102   (0)      6  : 0.0000 0.9595 0.0405 0.0000
103      103   (0)      6  : 0.0111 0.9888 0.0001 0.0000
104      104   (0)      6  : 0.3054 0.1509 0.4354 0.1083
105      105   (0)      6  : 0.0000 1.0000 0.0000 0.0000
106      106   (0)      6  : 0.2129 0.0000 0.7843 0.0029
107      107   (0)      3  : 0.0144 0.9856 0.0000 0.0000
108      108   (0)      3  : 0.4927 0.0000 0.3842 0.1232
109      109   (0)      3  : 0.0000 0.9531 0.0000 0.0469
110      110   (0)      2  : 0.0000 0.0000 1.0000 0.0000
111      111   (0)      2  : 0.0000 0.9874 0.0126 0.0000
112      112   (0)      3  : 0.0295 0.9282 0.0000 0.0423
113      113   (0)      2  : 0.0000 0.0000 1.0000 0.0000
114      114   (0)      2  : 0.0000 0.9931 0.0069 0.0000
115      115   (0)      3  : 0.0000 1.0000 0.0000 0.0000
116      116   (0)      3  : 0.0121 0.9765 0.0114 0.0000
117      117   (0)      3  : 0.0339 0.9516 0.0000 0.0145
118      118   (0)      3  : 0.0000 0.9250 0.0000 0.0750
119      119   (0)      3  : 0.0000 1.0000 0.0000 0.0000
120      120   (0)      3  : 0.3569 0.0000 0.5976 0.0454
121      121   (0)      3  : 0.0000 1.0000 0.0000 0.0000
122      122   (0)      3  : 0.0000 0.9102 0.0000 0.0898
123      123   (0)      3  : 0.0000 0.7880 0.0000 0.2120
124      124   (0)      3  : 0.0003 0.9996 0.0000 0.0002
125      125   (0)      3  : 0.2097 0.0083 0.7209 0.0611
126      126   (0)      3  : 0.0000 0.9224 0.0000 0.0776
127      127   (0)      3  : 0.1754 0.0000 0.8246 0.0000
128      128   (0)      3  : 0.0000 1.0000 0.0000 0.0000
129      129   (0)      6  : 0.0441 0.8757 0.0803 0.0000
130      130   (0)      6  : 0.2340 0.0000 0.5748 0.1911
131      131   (0)      6  : 0.0000 1.0000 0.0000 0.0000
132      132   (0)      6  : 0.1454 0.0000 0.7610 0.0936
133      133   (0)      6  : 0.0000 1.0000 0.0000 0.0000
134      134   (0)      6  : 0.0000 0.9478 0.0522 0.0000
135      135   (0)      6  : 0.0000 1.0000 0.0000 0.0000
136      136   (0)      6  : 0.0000 1.0000 0.0000 0.0000
137      137   (0)      6  : 0.0000 1.0000 0.0000 0.0000
138      138   (0)      6  : 0.0000 1.0000 0.0000 0.0000
139      139   (0)      6  : 0.1097 0.8903 0.0000 0.0000
140      140   (0)      6  : 0.2175 0.0013 0.6565 0.1247
141      141   (0)      1  : 0.0000 0.0000 0.9992 0.0008
142      142   (0)      1  : 0.0000 0.8927 0.1073 0.0000
143      143   (0)      1  : 0.0000 0.0000 0.8522 0.1478
144      144   (0)      1  : 0.0000 0.0298 0.9457 0.0245
145      145   (0)      1  : 0.0000 0.0000 1.0000 0.0000
146      146   (0)      1  : 0.0000 1.0000 0.0000 0.0000
147      147   (0)      6  : 0.0000 1.0000 0.0000 0.0000
148      148   (0)      6  : 0.1841 0.0000 0.8159 0.0000
149      149   (0)      6  : 0.0000 0.9464 0.0536 0.0000
150      150   (0)      6  : 0.0414 0.9102 0.0484 0.0000
151      151   (0)      6  : 0.0000 1.0000 0.0000 0.0000
152      152   (0)      6  : 0.0000 1.0000 0.0000 0.0000
153      153   (0)      6  : 0.4012 0.0000 0.5988 0.0000
154      154   (0)      1  : 0.0000 0.0000 1.0000 0.0000
155      155   (0)      1  : 0.0000 1.0000 0.0000 0.0000
156      156   (0)      1  : 0.0000 1.0000 0.0000 0.0000
157      157   (0)      1  : 0.0000 0.9896 0.0104 0.0000
158      158   (0)      1  : 0.0000 0.0000 1.0000 0.0000
159      159   (0)      1  : 0.0000 0.0000 1.0000 0.0000
160      160   (0)      1  : 0.0000 0.0000 0.9828 0.0172
161      161   (0)      1  : 0.0000 1.0000 0.0000 0.0000
162      162   (0)      1  : 0.0608 0.0000 0.9392 0.0000
163      163   (0)      1  : 0.0000 0.0000 1.0000 0.0000
164      164   (0)      1  : 0.0000 1.0000 0.0000 0.0000
165      165   (0)      1  : 0.0000 1.0000 0.0000 0.0000
166      166   (0)      1  : 0.0027 0.0009 0.9964 0.0000
167      167   (0)      1  : 0.0000 1.0000 0.0000 0.0000
168      168   (0)      7  : 0.0000 0.0000 0.3851 0.6149
169      169   (0)      7  : 0.0000 0.0000 0.2128 0.7872
170      170   (0)      7  : 0.0000 0.1254 0.0000 0.8746
171      171   (0)      7  : 0.0000 0.1041 0.0000 0.8959
172      172   (0)      7  : 0.0000 0.0000 0.0000 1.0000
173      173   (0)      7  : 0.1433 0.0000 0.0000 0.8567
174      174   (0)      7  : 0.0071 0.0000 0.0000 0.9929
175      175   (0)      7  : 0.0000 0.8058 0.0000 0.1942
176      176   (0)      7  : 0.0000 0.0000 0.0000 1.0000
177      177   (0)      7  : 0.0000 0.0000 0.0000 1.0000
178      178   (0)      7  : 0.0000 0.6987 0.0000 0.3013
179      179   (0)      7  : 0.0000 0.9417 0.0000 0.0583
180      180   (0)      7  : 0.0000 0.0000 0.0000 1.0000
181      181   (0)      7  : 0.0789 0.0000 0.0000 0.9211
182      182   (0)      7  : 0.0005 0.0000 0.0000 0.9995
183      183   (0)      7  : 0.0000 0.0708 0.0000 0.9292
184      184   (0)      7  : 0.0000 0.7920 0.0000 0.2080
185      185   (0)      7  : 0.0000 0.0000 0.0000 1.0000
186      186   (0)      7  : 0.0000 0.7502 0.0000 0.2498
187      187   (0)      7  : 0.1219 0.0000 0.0000 0.8781
188      188   (0)      7  : 0.0000 0.8675 0.0000 0.1325
189      189   (0)      7  : 0.0349 0.1613 0.0000 0.8038
190      190   (0)      7  : 0.0316 0.0012 0.1546 0.8126
191      191   (0)      7  : 0.0000 0.0000 0.0000 1.0000
192      192   (0)      7  : 0.0336 0.1876 0.0000 0.7787
193      193   (0)      7  : 0.0346 0.0000 0.0000 0.9654
194      194   (0)      7  : 0.0000 0.8127 0.0000 0.1873
195      195   (0)      7  : 0.1912 0.0000 0.0000 0.8088
196      196   (0)      7  : 0.0000 0.8517 0.0000 0.1483
197      197   (0)      7  : 0.0000 0.7127 0.0000 0.2873
