1        1   (0)      1  : 0.0000 1.0000
2        2   (0)      1  : 0.9408 0.0592
3        3   (0)      1  : 0.0000 1.0000
4        4   (0)      1  : 0.9683 0.0317
5        5   (0)      1  : 0.0000 1.0000
6        6   (0)      1  : 0.0000 1.0000
7        7   (0)      1  : 0.9011 0.0989
8        8   (0)      1  : 0.9972 0.0028
9        9   (0)      1  : 0.0000 1.0000
10       10   (0)      2  : 0.9407 0.0593
11       11   (0)      2  : 0.9318 0.0682
12       12   (0)      2  : 0.9840 0.0160
13       13   (0)      3  : 0.0000 1.0000
14       14   (0)      3  : 0.0027 0.9973
15       15   (0)      3  : 0.0001 0.9999
16       16   (0)      3  : 0.0000 1.0000
17       17   (0)      3  : 0.0000 1.0000
18       18   (0)      3  : 0.0000 1.0000
19       19   (0)      3  : 0.9606 0.0394
20       20   (0)      3  : 1.0000 0.0000
21       21   (0)      2  : 0.7518 0.2482
22       22   (0)      2  : 0.9012 0.0988
23       23   (0)      2  : 1.0000 0.0000
24       24   (0)      2  : 0.9301 0.0699
25       25   (0)      2  : 0.9732 0.0268
26       26   (0)      2  : 0.9121 0.0879
27       27   (0)      2  : 0.9202 0.0798
28       28   (0)      2  : 0.9660 0.0340
29       29   (0)      2  : 0.8837 0.1163
30       30   (0)      2  : 0.9679 0.0321
31       31   (0)      2  : 0.5549 0.4451
32       32   (0)      2  : 0.6942 0.3058
33       33   (0)      2  : 0.8755 0.1245
34       34   (0)      2  : 0.9273 0.0727
35       35   (0)      2  : 0.9986 0.0014
36       36   (0)      2  : 1.0000 0.0000
37       37   (0)      2  : 0.0000 1.0000
38       38   (0)      2  : 0.9461 0.0539
39       39   (0)      2  : 0.8852 0.1148
40       40   (0)      2  : 0.8835 0.1165
41       41   (0)      2  : 0.8460 0.1540
42       42   (0)      2  : 1.0000 0.0000
43       43   (0)      4  : 1.0000 0.0000
44       44   (0)      4  : 0.8821 0.1179
45       45   (0)      4  : 0.9960 0.0040
46       46   (0)      4  : 1.0000 0.0000
47       47   (0)      4  : 0.8393 0.1607
48       48   (0)      4  : 0.1455 0.8545
49       49   (0)      4  : 0.0628 0.9372
50       50   (0)      4  : 0.8876 0.1124
51       51   (0)      4  : 1.0000 0.0000
52       52   (0)      4  : 0.8801 0.1199
53       53   (0)      4  : 0.8516 0.1484
54       54   (0)      4  : 0.0639 0.9361
55       55   (0)      4  : 0.0000 1.0000
56       56   (0)      4  : 0.1529 0.8471
57       57   (0)      4  : 0.9775 0.0225
58       58   (0)      4  : 0.9913 0.0087
59       59   (0)      4  : 1.0000 0.0000
60       60   (0)      4  : 1.0000 0.0000
61       61   (0)      4  : 1.0000 0.0000
62       62   (0)      4  : 0.9525 0.0475
63       63   (0)      4  : 0.9999 0.0001
64       64   (0)      4  : 0.9512 0.0488
65       65   (0)      4  : 0.0000 1.0000
66       66   (0)      4  : 0.9968 0.0032
67       67   (0)      4  : 1.0000 0.0000
68       68   (0)      4  : 0.1349 0.8651
69       69   (0)      4  : 1.0000 0.0000
70       70   (0)      4  : 0.9031 0.0969
71       71   (0)      4  : 0.0285 0.9715
72       72   (0)      5  : 1.0000 0.0000
73       73   (0)      5  : 0.9994 0.0006
74       74   (0)      5  : 1.0000 0.0000
75       75   (0)      5  : 1.0000 0.0000
76       76   (0)      5  : 0.9643 0.0357
77       77   (0)      5  : 1.0000 0.0000
78       78   (0)      5  : 1.0000 0.0000
79       79   (0)      5  : 1.0000 0.0000
80       80   (0)      5  : 0.1352 0.8648
81       81   (0)      5  : 0.4961 0.5039
82       82   (0)      5  : 1.0000 0.0000
83       83   (0)      5  : 0.9806 0.0194
84       84   (0)      5  : 1.0000 0.0000
85       85   (0)      5  : 1.0000 0.0000
86       86   (0)      5  : 0.9985 0.0015
87       87   (0)      5  : 1.0000 0.0000
88       88   (0)      5  : 1.0000 0.0000
89       89   (0)      5  : 1.0000 0.0000
90       90   (0)      5  : 0.9978 0.0022
91       91   (0)      5  : 1.0000 0.0000
92       92   (0)      5  : 0.1721 0.8279
93       93   (0)      5  : 1.0000 0.0000
94       94   (0)      5  : 1.0000 0.0000
95       95   (0)      5  : 1.0000 0.0000
96       96   (0)      5  : 1.0000 0.0000
97       97   (0)      6  : 0.9925 0.0075
98       98   (0)      6  : 0.9971 0.0029
99       99   (0)      6  : 0.0000 1.0000
100      100   (0)      6  : 0.9848 0.0152
101      101   (0)      6  : 0.0000 1.0000
102      102   (0)      6  : 0.0035 0.9965
103      103   (0)      6  : 0.0000 1.0000
104      104   (0)      6  : 0.8187 0.1813
105      105   (0)      6  : 0.0000 1.0000
106      106   (0)      6  : 1.0000 0.0000
107      107   (0)      3  : 0.0000 1.0000
108      108   (0)      3  : 0.9934 0.0066
109      109   (0)      3  : 0.0000 1.0000
110      110   (0)      2  : 1.0000 0.0000
111      111   (0)      2  : 0.0000 1.0000
112      112   (0)      3  : 0.0050 0.9950
113      113   (0)      2  : 0.9635 0.0365
114      114   (0)      2  : 0.0000 1.0000
115      115   (0)      3  : 0.0000 1.0000
116      116   (0)      3  : 0.0000 1.0000
117      117   (0)      3  : 0.0056 0.9944
118      118   (0)      3  : 0.0000 1.0000
119      119   (0)      3  : 0.0000 1.0000
120      120   (0)      3  : 1.0000 0.0000
121      121   (0)      3  : 0.0000 1.0000
122      122   (0)      3  : 0.0000 1.0000
123      123   (0)      3  : 0.0672 0.9328
124      124   (0)      3  : 0.0000 1.0000
125      125   (0)      3  : 0.9533 0.0467
126      126   (0)      3  : 0.0000 1.0000
127      127   (0)      3  : 1.0000 0.0000
128      128   (0)      3  : 0.0000 1.0000
129      129   (0)      6  : 0.0852 0.9148
130      130   (0)      6  : 1.0000 0.0000
131      131   (0)      6  : 0.0000 1.0000
132      132   (0)      6  : 0.9929 0.0071
133      133   (0)      6  : 0.0000 1.0000
134      134   (0)      6  : 0.0203 0.9797
135      135   (0)      6  : 0.0000 1.0000
136      136   (0)      6  : 0.0000 1.0000
137      137   (0)      6  : 0.0000 1.0000
138      138   (0)      6  : 0.0000 1.0000
139      139   (0)      6  : 0.0546 0.9454
140      140   (0)      6  : 0.9641 0.0359
141      141   (0)      1  : 0.9992 0.0008
142      142   (0)      1  : 0.0713 0.9287
143      143   (0)      1  : 0.9849 0.0151
144      144   (0)      1  : 0.8553 0.1447
145      145   (0)      1  : 0.9693 0.0307
146      146   (0)      1  : 0.0000 1.0000
147      147   (0)      6  : 0.0000 1.0000
148      148   (0)      6  : 0.9954 0.0046
149      149   (0)      6  : 0.0111 0.9889
150      150   (0)      6  : 0.0562 0.9438
151      151   (0)      6  : 0.0000 1.0000
152      152   (0)      6  : 0.0000 1.0000
153      153   (0)      6  : 1.0000 0.0000
154      154   (0)      1  : 0.9691 0.0309
155      155   (0)      1  : 0.0000 1.0000
156      156   (0)      1  : 0.0000 1.0000
157      157   (0)      1  : 0.0000 1.0000
158      158   (0)      1  : 0.9514 0.0486
159      159   (0)      1  : 1.0000 0.0000
160      160   (0)      1  : 1.0000 0.0000
161      161   (0)      1  : 0.0000 1.0000
162      162   (0)      1  : 0.9999 0.0001
163      163   (0)      1  : 0.9319 0.0681
164      164   (0)      1  : 0.0000 1.0000
165      165   (0)      1  : 0.0000 1.0000
166      166   (0)      1  : 0.9362 0.0638
167      167   (0)      1  : 0.0000 1.0000
168      168   (0)      7  : 0.9572 0.0428
169      169   (0)      7  : 0.9740 0.0260
170      170   (0)      7  : 0.6982 0.3018
171      171   (0)      7  : 0.7562 0.2438
172      172   (0)      7  : 0.9823 0.0177
173      173   (0)      7  : 0.9719 0.0281
174      174   (0)      7  : 0.9576 0.0424
175      175   (0)      7  : 0.0000 1.0000
176      176   (0)      7  : 1.0000 0.0000
177      177   (0)      7  : 0.9536 0.0464
178      178   (0)      7  : 0.0000 1.0000
179      179   (0)      7  : 0.0000 1.0000
180      180   (0)      7  : 0.9743 0.0257
181      181   (0)      7  : 0.9317 0.0683
182      182   (0)      7  : 0.9416 0.0584
183      183   (0)      7  : 0.7140 0.2860
184      184   (0)      7  : 0.0001 0.9999
185      185   (0)      7  : 0.8215 0.1785
186      186   (0)      7  : 0.0000 1.0000
187      187   (0)      7  : 0.9860 0.0140
188      188   (0)      7  : 0.0000 1.0000
189      189   (0)      7  : 0.6902 0.3098
190      190   (0)      7  : 0.8929 0.1071
191      191   (0)      7  : 0.9704 0.0296
192      192   (0)      7  : 0.6920 0.3080
193      193   (0)      7  : 0.9120 0.0880
194      194   (0)      7  : 0.0205 0.9795
195      195   (0)      7  : 0.9624 0.0376
196      196   (0)      7  : 0.0000 1.0000
197      197   (0)      7  : 0.0537 0.9463
