1        1   (0)      1  : 0.0000 1.0000 0.0000 0.0000 0.0000 0.0000 0.0000 0.0000 0.0000
2        2   (0)      1  : 0.0000 0.0482 0.0690 0.0000 0.0000 0.0141 0.0000 0.8687 0.0000
3        3   (0)      1  : 0.0000 0.8786 0.0000 0.0000 0.1214 0.0000 0.0000 0.0000 0.0000
4        4   (0)      1  : 0.0000 0.0000 0.1126 0.0001 0.0037 0.1388 0.0000 0.6655 0.0793
5        5   (0)      1  : 0.0000 0.9408 0.0000 0.0000 0.0592 0.0000 0.0000 0.0000 0.0000
6        6   (0)      1  : 0.0000 0.7909 0.0000 0.0000 0.2091 0.0000 0.0000 0.0000 0.0000
7        7   (0)      1  : 0.0626 0.0416 0.3632 0.0000 0.0000 0.0000 0.0000 0.5028 0.0298
8        8   (0)      1  : 0.0000 0.0000 0.3834 0.0000 0.0000 0.1117 0.0000 0.5049 0.0000
9        9   (0)      1  : 0.0000 1.0000 0.0000 0.0000 0.0000 0.0000 0.0000 0.0000 0.0000
10       10   (0)      2  : 0.0000 0.0000 1.0000 0.0000 0.0000 0.0000 0.0000 0.0000 0.0000
11       11   (0)      2  : 0.0000 0.0000 0.9940 0.0000 0.0000 0.0000 0.0000 0.0060 0.0000
12       12   (0)      2  : 0.0000 0.0000 0.5697 0.0000 0.0000 0.0000 0.0000 0.4303 0.0000
13       13   (0)      3  : 0.0000 0.0000 0.0000 0.0000 0.7881 0.0000 0.2119 0.0000 0.0000
14       14   (0)      3  : 0.0000 0.0000 0.0000 0.0000 1.0000 0.0000 0.0000 0.0000 0.0000
15       15   (0)      3  : 0.0000 0.0000 0.0000 0.0000 1.0000 0.0000 0.0000 0.0000 0.0000
16       16   (0)      3  : 0.0000 0.0000 0.0000 0.0000 1.0000 0.0000 0.0000 0.0000 0.0000
17       17   (0)      3  : 0.0000 0.3704 0.0000 0.0000 0.4228 0.0000 0.2067 0.0000 0.0000
18       18   (0)      3  : 0.0000 0.0000 0.0000 0.0000 1.0000 0.0000 0.0000 0.0000 0.0000
19       19   (0)      3  : 0.0000 0.0000 0.5167 0.0000 0.0109 0.2969 0.0000 0.1099 0.0656
20       20   (0)      3  : 0.1323 0.0000 0.4319 0.0410 0.0000 0.3800 0.0000 0.0148 0.0000
21       21   (0)      2  : 0.0000 0.1258 0.7157 0.0000 0.0000 0.0000 0.0000 0.1113 0.0472
22       22   (0)      2  : 0.0000 0.0000 0.7390 0.0000 0.0000 0.0000 0.0000 0.2610 0.0000
23       23   (0)      2  : 0.0000 0.0000 0.3994 0.0000 0.0000 0.0000 0.0000 0.6006 0.0000
24       24   (0)      2  : 0.0000 0.0000 0.7264 0.0000 0.0000 0.0000 0.0000 0.2736 0.0000
25       25   (0)      2  : 0.0000 0.0000 1.0000 0.0000 0.0000 0.0000 0.0000 0.0000 0.0000
26       26   (0)      2  : 0.0000 0.0000 1.0000 0.0000 0.0000 0.0000 0.0000 0.0000 0.0000
27       27   (0)      2  : 0.0000 0.0000 0.6115 0.0000 0.0063 0.0000 0.0000 0.3823 0.0000
28       28   (0)      2  : 0.0000 0.0000 0.8123 0.0000 0.0000 0.0000 0.0000 0.1877 0.0000
29       29   (0)      2  : 0.0000 0.0000 1.0000 0.0000 0.0000 0.0000 0.0000 0.0000 0.0000
30       30   (0)      2  : 0.0000 0.0000 0.8613 0.0000 0.0000 0.0000 0.0000 0.1387 0.0000
31       31   (0)      2  : 0.0000 0.2486 0.6883 0.0000 0.0631 0.0000 0.0000 0.0000 0.0000
32       32   (0)      2  : 0.0000 0.0341 0.6725 0.0000 0.1545 0.0000 0.0000 0.0321 0.1068
33       33   (0)      2  : 0.0000 0.0000 1.0000 0.0000 0.0000 0.0000 0.0000 0.0000 0.0000
34       34   (0)      2  : 0.0000 0.0000 1.0000 0.0000 0.0000 0.0000 0.0000 0.0000 0.0000
35       35   (0)      2  : 0.0000 0.0000 1.0000 0.0000 0.0000 0.0000 0.0000 0.0000 0.0000
36       36   (0)      2  : 0.0000 0.0000 0.6132 0.0444 0.0000 0.0000 0.0000 0.3424 0.0000
37       37   (0)      2  : 0.0000 0.7045 0.0872 0.0000 0.2064 0.0000 0.0019 0.0000 0.0000
38       38   (0)      2  : 0.0000 0.0000 1.0000 0.0000 0.0000 0.0000 0.0000 0.0000 0.0000
39       39   (0)      2  : 0.0070 0.0057 0.7292 0.0000 0.0000 0.0400 0.0195 0.1429 0.0558
40       40   (0)      2  : 0.0000 0.0000 0.7917 0.0000 0.0000 0.0000 0.0000 0.2083 0.0000
41       41   (0)      2  : 0.0000 0.0000 0.8003 0.0000 0.0000 0.0023 0.0842 0.1132 0.0000
42       42   (0)      2  : 0.0000 0.0000 0.6297 0.0000 0.0000 0.0000 0.0000 0.3703 0.0000
43       43   (0)      4  : 1.0000 0.0000 0.0000 0.0000 0.0000 0.0000 0.0000 0.0000 0.0000
44       44   (0)      4  : 0.9653 0.0303 0.0000 0.0000 0.0000 0.0000 0.0036 0.0000 0.0008
45       45   (0)      4  : 0.9166 0.0000 0.0000 0.0451 0.0000 0.0000 0.0000 0.0000 0.0383
46       46   (0)      4  : 0.7692 0.0000 0.0000 0.1254 0.0000 0.1054 0.0000 0.0000 0.0000
47       47   (0)      4  : 0.9221 0.0358 0.0000 0.0000 0.0000 0.0000 0.0337 0.0000 0.0084
48       48   (0)      4  : 0.2469 0.0000 0.0000 0.0000 0.3905 0.0000 0.3627 0.0000 0.0000
49       49   (0)      4  : 0.1121 0.0000 0.0000 0.0000 0.5057 0.0000 0.3822 0.0000 0.0000
50       50   (0)      4  : 1.0000 0.0000 0.0000 0.0000 0.0000 0.0000 0.0000 0.0000 0.0000
51       51   (0)      4  : 0.9452 0.0000 0.0000 0.0000 0.0000 0.0548 0.0000 0.0000 0.0000
52       52   (0)      4  : 0.6545 0.0195 0.0000 0.0309 0.0065 0.0000 0.0340 0.0365 0.2181
53       53   (0)      4  : 0.7537 0.0000 0.0000 0.0000 0.0000 0.0000 0.0384 0.0000 0.2079
54       54   (0)      4  : 0.1080 0.0827 0.0000 0.0000 0.2289 0.0000 0.5804 0.0000 0.0000
55       55   (0)      4  : 0.1138 0.0442 0.0000 0.0000 0.3873 0.0000 0.4547 0.0000 0.0000
56       56   (0)      4  : 0.2573 0.0000 0.0000 0.0000 0.4843 0.0000 0.2584 0.0000 0.0000
57       57   (0)      4  : 0.8391 0.0000 0.0000 0.0000 0.0000 0.0000 0.0000 0.0000 0.1609
58       58   (0)      4  : 0.9332 0.0000 0.0000 0.0000 0.0000 0.0668 0.0000 0.0000 0.0000
59       59   (0)      4  : 1.0000 0.0000 0.0000 0.0000 0.0000 0.0000 0.0000 0.0000 0.0000
60       60   (0)      4  : 1.0000 0.0000 0.0000 0.0000 0.0000 0.0000 0.0000 0.0000 0.0000
61       61   (0)      4  : 0.9325 0.0000 0.0000 0.0000 0.0000 0.0675 0.0000 0.0000 0.0000
62       62   (0)      4  : 0.9666 0.0000 0.0000 0.0000 0.0000 0.0043 0.0000 0.0291 0.0000
63       63   (0)      4  : 1.0000 0.0000 0.0000 0.0000 0.0000 0.0000 0.0000 0.0000 0.0000
64       64   (0)      4  : 0.9814 0.0000 0.0000 0.0000 0.0000 0.0000 0.0186 0.0000 0.0000
65       65   (0)      4  : 0.0000 0.0206 0.0000 0.0000 0.3860 0.0000 0.5934 0.0000 0.0000
66       66   (0)      4  : 0.9225 0.0000 0.0000 0.0000 0.0000 0.0775 0.0000 0.0000 0.0000
67       67   (0)      4  : 0.8666 0.0000 0.0000 0.0153 0.0000 0.0000 0.0000 0.0000 0.1180
68       68   (0)      4  : 0.1662 0.0608 0.0000 0.0000 0.3843 0.0000 0.3886 0.0000 0.0000
69       69   (0)      4  : 0.8791 0.0000 0.0000 0.0000 0.0000 0.0124 0.0000 0.1085 0.0000
70       70   (0)      4  : 0.9997 0.0000 0.0000 0.0000 0.0000 0.0000 0.0003 0.0000 0.0000
71       71   (0)      4  : 0.0262 0.0000 0.0000 0.0000 0.4192 0.0000 0.5546 0.0000 0.0000
72       72   (0)      5  : 0.0000 0.0000 0.0000 0.0000 0.0000 1.0000 0.0000 0.0000 0.0000
73       73   (0)      5  : 0.0000 0.0000 0.0000 0.0000 0.0000 0.5149 0.0000 0.0000 0.4851
74       74   (0)      5  : 0.0060 0.0000 0.0000 0.2718 0.0000 0.7222 0.0000 0.0000 0.0000
75       75   (0)      5  : 0.0005 0.0000 0.0000 0.0000 0.0000 0.9146 0.0000 0.0849 0.0000
76       76   (0)      5  : 0.1171 0.0783 0.1049 0.2632 0.0000 0.4046 0.0000 0.0319 0.0000
77       77   (0)      5  : 0.0000 0.0000 0.0000 0.0000 0.0000 0.8722 0.0000 0.0000 0.1278
78       78   (0)      5  : 0.0000 0.0000 0.0000 0.0000 0.0000 1.0000 0.0000 0.0000 0.0000
79       79   (0)      5  : 0.0000 0.0000 0.0000 0.0000 0.0000 1.0000 0.0000 0.0000 0.0000
80       80   (0)      5  : 0.0000 0.0000 0.0000 0.0221 0.7197 0.0855 0.1491 0.0000 0.0236
81       81   (0)      5  : 0.0000 0.0000 0.0000 0.0000 0.5048 0.4952 0.0000 0.0000 0.0000
82       82   (0)      5  : 0.2633 0.0000 0.0000 0.1533 0.0000 0.4802 0.0000 0.0000 0.1032
83       83   (0)      5  : 0.0000 0.0000 0.0000 0.0000 0.0000 0.9088 0.0000 0.0000 0.0912
84       84   (0)      5  : 0.0000 0.0000 0.0000 0.0000 0.0000 1.0000 0.0000 0.0000 0.0000
85       85   (0)      5  : 0.0000 0.0000 0.0000 0.0000 0.0000 1.0000 0.0000 0.0000 0.0000
86       86   (0)      5  : 0.0000 0.0000 0.0000 0.0000 0.0000 1.0000 0.0000 0.0000 0.0000
87       87   (0)      5  : 0.0000 0.0000 0.0000 0.0000 0.0000 0.9632 0.0000 0.0368 0.0000
88       88   (0)      5  : 0.0000 0.0000 0.0000 0.0000 0.0000 1.0000 0.0000 0.0000 0.0000
89       89   (0)      5  : 0.0000 0.0000 0.0000 0.0000 0.0000 1.0000 0.0000 0.0000 0.0000
90       90   (0)      5  : 0.0000 0.0000 0.0000 0.0000 0.0000 1.0000 0.0000 0.0000 0.0000
91       91   (0)      5  : 0.0000 0.0000 0.0000 0.0000 0.0000 1.0000 0.0000 0.0000 0.0000
92       92   (0)      5  : 0.0000 0.0000 0.0000 0.0000 0.6912 0.1987 0.1101 0.0000 0.0000
93       93   (0)      5  : 0.0000 0.0000 0.0006 0.1559 0.0000 0.8435 0.0000 0.0000 0.0000
94       94   (0)      5  : 0.0000 0.0000 0.0000 0.0000 0.0000 0.6255 0.0000 0.0000 0.3745
95       95   (0)      5  : 0.1290 0.0000 0.0000 0.1378 0.0000 0.7332 0.0000 0.0000 0.0000
96       96   (0)      5  : 0.1158 0.0000 0.0347 0.1945 0.0000 0.6550 0.0000 0.0000 0.0000
97       97   (0)      6  : 0.1563 0.0000 0.0238 0.0217 0.0099 0.4108 0.0000 0.3774 0.0000
98       98   (0)      6  : 0.0000 0.0000 0.0000 0.0000 0.0000 0.0144 0.0000 0.8439 0.1417
99       99   (0)      6  : 0.0000 0.7447 0.0000 0.0000 0.1272 0.0000 0.1281 0.0000 0.0000
100      100   (0)      6  : 0.1786 0.0000 0.0806 0.0000 0.0003 0.1700 0.0000 0.5705 0.0000
101      101   (0)      6  : 0.0000 0.2033 0.0000 0.0000 0.7967 0.0000 0.0000 0.0000 0.0000
102      102   (0)      6  : 0.0000 0.8152 0.0000 0.0000 0.0615 0.0000 0.1233 0.0000 0.0000
103      103   (0)      6  : 0.0000 0.4040 0.0000 0.0000 0.5781 0.0000 0.0179 0.0000 0.0000
104      104   (0)      6  : 0.0690 0.0546 0.0040 0.0000 0.0951 0.2108 0.0000 0.3000 0.2665
105      105   (0)      6  : 0.0000 0.6917 0.0000 0.0000 0.3083 0.0000 0.0000 0.0000 0.0000
106      106   (0)      6  : 0.0000 0.0000 0.0000 0.0015 0.0000 0.2036 0.0000 0.7949 0.0000
107      107   (0)      3  : 0.0000 0.2414 0.0000 0.0000 0.7586 0.0000 0.0000 0.0000 0.0000
108      108   (0)      3  : 0.1421 0.0000 0.0000 0.0000 0.0000 0.3026 0.0000 0.4076 0.1477
109      109   (0)      3  : 0.0000 0.0000 0.0000 0.0000 1.0000 0.0000 0.0000 0.0000 0.0000
110      110   (0)      2  : 0.0000 0.0000 0.0000 0.0000 0.0000 0.0000 0.0000 1.0000 0.0000
111      111   (0)      2  : 0.0000 0.4226 0.0000 0.0000 0.5774 0.0000 0.0000 0.0000 0.0000
112      112   (0)      3  : 0.0000 0.0000 0.0000 0.0000 1.0000 0.0000 0.0000 0.0000 0.0000
113      113   (0)      2  : 0.0000 0.0000 0.9133 0.0000 0.0000 0.0000 0.0000 0.0867 0.0000
114      114   (0)      2  : 0.0000 0.3534 0.0000 0.0000 0.6326 0.0000 0.0000 0.0140 0.0000
115      115   (0)      3  : 0.0000 0.1422 0.0000 0.0000 0.8578 0.0000 0.0000 0.0000 0.0000
116      116   (0)      3  : 0.0000 0.0000 0.0000 0.0000 0.9797 0.0000 0.0203 0.0000 0.0000
117      117   (0)      3  : 0.0000 0.0000 0.0000 0.0000 0.8681 0.0000 0.1319 0.0000 0.0000
118      118   (0)      3  : 0.0000 0.1476 0.0000 0.0000 0.8524 0.0000 0.0000 0.0000 0.0000
119      119   (0)      3  : 0.0000 0.1464 0.0000 0.0000 0.8536 0.0000 0.0000 0.0000 0.0000
120      120   (0)      3  : 0.0745 0.0000 0.2229 0.0000 0.0000 0.3605 0.0000 0.3243 0.0178
121      121   (0)      3  : 0.0000 0.0000 0.0000 0.0000 1.0000 0.0000 0.0000 0.0000 0.0000
122      122   (0)      3  : 0.0000 0.1485 0.0000 0.0000 0.7149 0.0000 0.0551 0.0000 0.0815
123      123   (0)      3  : 0.0000 0.0489 0.0000 0.0000 0.7330 0.0000 0.0071 0.0000 0.2110
124      124   (0)      3  : 0.0000 0.0000 0.0000 0.0000 1.0000 0.0000 0.0000 0.0000 0.0000
125      125   (0)      3  : 0.1062 0.0000 0.4715 0.0277 0.0201 0.1376 0.0000 0.2369 0.0000
126      126   (0)      3  : 0.0000 0.0000 0.0000 0.0000 1.0000 0.0000 0.0000 0.0000 0.0000
127      127   (0)      3  : 0.0000 0.0000 0.2502 0.0000 0.0000 0.2046 0.0000 0.5452 0.0000
128      128   (0)      3  : 0.0000 0.0000 0.0000 0.0000 1.0000 0.0000 0.0000 0.0000 0.0000
129      129   (0)      6  : 0.0000 0.2093 0.0000 0.0000 0.7117 0.0000 0.0000 0.0790 0.0000
130      130   (0)      6  : 0.0000 0.0000 0.0000 0.0000 0.0000 0.1903 0.0000 0.5907 0.2191
131      131   (0)      6  : 0.0000 0.3550 0.0000 0.0000 0.6029 0.0000 0.0420 0.0000 0.0000
132      132   (0)      6  : 0.0000 0.0000 0.1891 0.0099 0.0000 0.2554 0.0000 0.5456 0.0000
133      133   (0)      6  : 0.0000 1.0000 0.0000 0.0000 0.0000 0.0000 0.0000 0.0000 0.0000
134      134   (0)      6  : 0.0000 0.3575 0.0000 0.0000 0.6087 0.0000 0.0000 0.0338 0.0000
135      135   (0)      6  : 0.0000 0.3313 0.0000 0.0000 0.6687 0.0000 0.0000 0.0000 0.0000
136      136   (0)      6  : 0.0000 0.3904 0.0000 0.0000 0.5898 0.0000 0.0199 0.0000 0.0000
137      137   (0)      6  : 0.0000 0.4006 0.0000 0.0000 0.5994 0.0000 0.0000 0.0000 0.0000
138      138   (0)      6  : 0.0000 0.3745 0.0000 0.0000 0.6255 0.0000 0.0000 0.0000 0.0000
139      139   (0)      6  : 0.0000 0.1529 0.0000 0.0000 0.7840 0.0632 0.0000 0.0000 0.0000
140      140   (0)      6  : 0.1091 0.0000 0.3234 0.1417 0.0258 0.0928 0.0000 0.3072 0.0000
141      141   (0)      1  : 0.0000 0.0000 0.0000 0.0000 0.0000 0.0000 0.0000 1.0000 0.0000
142      142   (0)      1  : 0.0000 0.3469 0.0000 0.0000 0.5414 0.0000 0.0000 0.1116 0.0000
143      143   (0)      1  : 0.0000 0.0000 0.1387 0.0751 0.0000 0.0000 0.0000 0.7047 0.0816
144      144   (0)      1  : 0.0000 0.0000 0.0000 0.0000 0.0000 0.0000 0.0142 0.9858 0.0000
145      145   (0)      1  : 0.0000 0.0000 0.0000 0.0000 0.0000 0.0000 0.0000 1.0000 0.0000
146      146   (0)      1  : 0.0000 1.0000 0.0000 0.0000 0.0000 0.0000 0.0000 0.0000 0.0000
147      147   (0)      6  : 0.0000 0.5139 0.0000 0.0000 0.4861 0.0000 0.0000 0.0000 0.0000
148      148   (0)      6  : 0.0000 0.0000 0.0000 0.0000 0.0000 0.0779 0.0000 0.9221 0.0000
149      149   (0)      6  : 0.0000 0.7425 0.0338 0.0000 0.1130 0.0000 0.0959 0.0000 0.0149
150      150   (0)      6  : 0.0401 0.5395 0.0000 0.0000 0.3888 0.0000 0.0000 0.0315 0.0000
151      151   (0)      6  : 0.0000 0.8604 0.0000 0.0000 0.1396 0.0000 0.0000 0.0000 0.0000
152      152   (0)      6  : 0.0000 0.3693 0.0000 0.0000 0.6307 0.0000 0.0000 0.0000 0.0000
153      153   (0)      6  : 0.0271 0.0000 0.0000 0.0000 0.0000 0.2242 0.0000 0.7487 0.0000
154      154   (0)      1  : 0.0000 0.0000 0.0000 0.0000 0.0000 0.0000 0.0000 1.0000 0.0000
155      155   (0)      1  : 0.0000 1.0000 0.0000 0.0000 0.0000 0.0000 0.0000 0.0000 0.0000
156      156   (0)      1  : 0.0000 1.0000 0.0000 0.0000 0.0000 0.0000 0.0000 0.0000 0.0000
157      157   (0)      1  : 0.0000 1.0000 0.0000 0.0000 0.0000 0.0000 0.0000 0.0000 0.0000
158      158   (0)      1  : 0.0000 0.0172 0.3027 0.0000 0.0000 0.0000 0.0000 0.6802 0.0000
159      159   (0)      1  : 0.0000 0.0000 0.0000 0.0000 0.0000 0.0000 0.0000 1.0000 0.0000
160      160   (0)      1  : 0.0000 0.0000 0.3393 0.0000 0.0000 0.0000 0.0000 0.6607 0.0000
161      161   (0)      1  : 0.0000 1.0000 0.0000 0.0000 0.0000 0.0000 0.0000 0.0000 0.0000
162      162   (0)      1  : 0.0000 0.0000 0.1324 0.0000 0.0000 0.0258 0.0000 0.8418 0.0000
163      163   (0)      1  : 0.0000 0.0000 0.3737 0.0000 0.0000 0.0000 0.0000 0.6263 0.0000
164      164   (0)      1  : 0.0000 1.0000 0.0000 0.0000 0.0000 0.0000 0.0000 0.0000 0.0000
165      165   (0)      1  : 0.0000 1.0000 0.0000 0.0000 0.0000 0.0000 0.0000 0.0000 0.0000
166      166   (0)      1  : 0.0000 0.0000 0.0000 0.0000 0.0000 0.0000 0.0000 1.0000 0.0000
167      167   (0)      1  : 0.0000 1.0000 0.0000 0.0000 0.0000 0.0000 0.0000 0.0000 0.0000
168      168   (0)      7  : 0.0000 0.0000 0.0000 0.1483 0.0000 0.0000 0.0000 0.2696 0.5820
169      169   (0)      7  : 0.0000 0.0000 0.0000 0.0000 0.0000 0.0000 0.0000 0.0000 1.0000
170      170   (0)      7  : 0.0000 0.0421 0.0000 0.4020 0.0000 0.0000 0.1103 0.0000 0.4456
171      171   (0)      7  : 0.0000 0.0000 0.0000 0.0000 0.0000 0.0000 0.0000 0.0000 1.0000
172      172   (0)      7  : 0.0000 0.0000 0.0000 1.0000 0.0000 0.0000 0.0000 0.0000 0.0000
173      173   (0)      7  : 0.0000 0.0000 0.0000 0.4244 0.0000 0.1365 0.0000 0.0000 0.4390
174      174   (0)      7  : 0.0000 0.0000 0.0000 1.0000 0.0000 0.0000 0.0000 0.0000 0.0000
175      175   (0)      7  : 0.0000 0.0000 0.0000 0.0000 0.0000 0.0000 1.0000 0.0000 0.0000
176      176   (0)      7  : 0.0000 0.0000 0.0000 0.7299 0.0000 0.0000 0.0000 0.0000 0.2701
177      177   (0)      7  : 0.0000 0.0000 0.0000 1.0000 0.0000 0.0000 0.0000 0.0000 0.0000
178      178   (0)      7  : 0.0000 0.0000 0.0000 0.0000 0.1286 0.0000 0.8062 0.0000 0.0652
179      179   (0)      7  : 0.0000 0.0000 0.0000 0.0000 0.0000 0.0000 1.0000 0.0000 0.0000
180      180   (0)      7  : 0.0000 0.0000 0.0000 1.0000 0.0000 0.0000 0.0000 0.0000 0.0000
181      181   (0)      7  : 0.0000 0.0000 0.0000 1.0000 0.0000 0.0000 0.0000 0.0000 0.0000
182      182   (0)      7  : 0.0000 0.0000 0.0000 0.8544 0.0000 0.0260 0.0000 0.0000 0.1196
183      183   (0)      7  : 0.0000 0.0000 0.0000 0.0000 0.0000 0.0000 0.0000 0.0000 1.0000
184      184   (0)      7  : 0.0000 0.0000 0.0000 0.0000 0.0000 0.0000 1.0000 0.0000 0.0000
185      185   (0)      7  : 0.0000 0.0000 0.0000 0.9011 0.0000 0.0000 0.0000 0.0000 0.0989
186      186   (0)      7  : 0.0000 0.0000 0.0000 0.0000 0.0000 0.0000 1.0000 0.0000 0.0000
187      187   (0)      7  : 0.0000 0.0000 0.0000 1.0000 0.0000 0.0000 0.0000 0.0000 0.0000
188      188   (0)      7  : 0.0000 0.0000 0.0000 0.0000 0.0000 0.0000 1.0000 0.0000 0.0000
189      189   (0)      7  : 0.0000 0.0000 0.0000 0.2294 0.0000 0.1033 0.2395 0.0000 0.4278
190      190   (0)      7  : 0.0000 0.0000 0.0592 0.3268 0.0000 0.0856 0.0125 0.0000 0.5158
191      191   (0)      7  : 0.0000 0.0000 0.0000 0.0000 0.0000 0.0000 0.0000 0.0000 1.0000
192      192   (0)      7  : 0.0352 0.0000 0.0000 0.2383 0.0000 0.0000 0.2874 0.0021 0.4371
193      193   (0)      7  : 0.0000 0.0000 0.0000 1.0000 0.0000 0.0000 0.0000 0.0000 0.0000
194      194   (0)      7  : 0.0000 0.0000 0.0000 0.0000 0.0000 0.0000 1.0000 0.0000 0.0000
195      195   (0)      7  : 0.0000 0.0000 0.0000 0.6148 0.0000 0.1981 0.0229 0.0000 0.1641
196      196   (0)      7  : 0.0000 0.0000 0.0000 0.0000 0.0000 0.0000 1.0000 0.0000 0.0000
197      197   (0)      7  : 0.0000 0.0000 0.0000 0.0000 0.0000 0.0000 0.9848 0.0000 0.0152
