1        1   (0)      1  : 0.0000 1.0000 0.0000 0.0000 0.0000 0.0000 0.0000 0.0000 0.0000
2        2   (0)      1  : 0.0000 0.0155 0.0000 0.0000 0.0000 0.0000 0.0000 0.9173 0.0672
3        3   (0)      1  : 0.0000 0.6824 0.0000 0.0000 0.0501 0.0000 0.0000 0.0000 0.2674
4        4   (0)      1  : 0.0000 0.0000 0.1424 0.0315 0.0062 0.1573 0.0000 0.6398 0.0228
5        5   (0)      1  : 0.0000 0.7677 0.0000 0.0000 0.0390 0.0000 0.0000 0.0000 0.1933
6        6   (0)      1  : 0.0000 0.6690 0.0000 0.0000 0.0716 0.0000 0.0000 0.0000 0.2594
7        7   (0)      1  : 0.0648 0.0465 0.3708 0.0000 0.0139 0.0000 0.0000 0.5039 0.0000
8        8   (0)      1  : 0.0000 0.0000 0.3792 0.0000 0.0000 0.1124 0.0000 0.5084 0.0000
9        9   (0)      1  : 0.0000 1.0000 0.0000 0.0000 0.0000 0.0000 0.0000 0.0000 0.0000
10       10   (0)      2  : 0.0000 0.0000 1.0000 0.0000 0.0000 0.0000 0.0000 0.0000 0.0000
11       11   (0)      2  : 0.0000 0.0000 1.0000 0.0000 0.0000 0.0000 0.0000 0.0000 0.0000
12       12   (0)      2  : 0.0000 0.0000 0.5567 0.0000 0.0000 0.0000 0.0000 0.4433 0.0000
13       13   (0)      3  : 0.0000 0.0000 0.0000 0.0000 0.8283 0.0000 0.1626 0.0000 0.0091
14       14   (0)      3  : 0.0000 0.0000 0.0000 0.0000 0.8792 0.0000 0.0000 0.0000 0.1208
15       15   (0)      3  : 0.0000 0.0000 0.0000 0.0000 1.0000 0.0000 0.0000 0.0000 0.0000
16       16   (0)      3  : 0.0000 0.0000 0.0000 0.0000 1.0000 0.0000 0.0000 0.0000 0.0000
17       17   (0)      3  : 0.0000 0.3564 0.0000 0.0000 0.4353 0.0000 0.1703 0.0000 0.0380
18       18   (0)      3  : 0.0000 0.0000 0.0000 0.0000 1.0000 0.0000 0.0000 0.0000 0.0000
19       19   (0)      3  : 0.0000 0.0000 0.5344 0.0166 0.0172 0.3175 0.0000 0.1144 0.0000
20       20   (0)      3  : 0.1473 0.0000 0.4449 0.0000 0.0000 0.3959 0.0000 0.0119 0.0000
21       21   (0)      2  : 0.0000 0.1368 0.7556 0.0000 0.0000 0.0000 0.0000 0.1076 0.0000
22       22   (0)      2  : 0.0000 0.0000 0.7351 0.0000 0.0000 0.0000 0.0000 0.2649 0.0000
23       23   (0)      2  : 0.0000 0.0000 0.3938 0.0000 0.0000 0.0000 0.0000 0.6062 0.0000
24       24   (0)      2  : 0.0000 0.0000 0.7243 0.0000 0.0000 0.0000 0.0000 0.2757 0.0000
25       25   (0)      2  : 0.0000 0.0000 1.0000 0.0000 0.0000 0.0000 0.0000 0.0000 0.0000
26       26   (0)      2  : 0.0000 0.0000 1.0000 0.0000 0.0000 0.0000 0.0000 0.0000 0.0000
27       27   (0)      2  : 0.0000 0.0000 0.5914 0.0000 0.0083 0.0000 0.0000 0.3846 0.0158
28       28   (0)      2  : 0.0000 0.0000 0.8026 0.0000 0.0000 0.0000 0.0000 0.1974 0.0000
29       29   (0)      2  : 0.0000 0.0000 1.0000 0.0000 0.0000 0.0000 0.0000 0.0000 0.0000
30       30   (0)      2  : 0.0000 0.0000 0.8666 0.0000 0.0000 0.0000 0.0000 0.1334 0.0000
31       31   (0)      2  : 0.0000 0.0757 0.6494 0.0000 0.0287 0.0000 0.0000 0.0000 0.2463
32       32   (0)      2  : 0.0084 0.0000 0.6999 0.0000 0.0000 0.0000 0.0000 0.0007 0.2910
33       33   (0)      2  : 0.0000 0.0000 1.0000 0.0000 0.0000 0.0000 0.0000 0.0000 0.0000
34       34   (0)      2  : 0.0000 0.0000 1.0000 0.0000 0.0000 0.0000 0.0000 0.0000 0.0000
35       35   (0)      2  : 0.0000 0.0000 1.0000 0.0000 0.0000 0.0000 0.0000 0.0000 0.0000
36       36   (0)      2  : 0.0000 0.0000 0.6224 0.0246 0.0000 0.0000 0.0000 0.3530 0.0000
37       37   (0)      2  : 0.0000 0.2232 0.0275 0.0000 0.0827 0.0000 0.0000 0.0000 0.6667
38       38   (0)      2  : 0.0000 0.0000 1.0000 0.0000 0.0000 0.0000 0.0000 0.0000 0.0000
39       39   (0)      2  : 0.0199 0.0007 0.7476 0.0000 0.0037 0.0545 0.0290 0.1442 0.0004
40       40   (0)      2  : 0.0000 0.0000 0.7929 0.0000 0.0000 0.0000 0.0000 0.2071 0.0000
41       41   (0)      2  : 0.0000 0.0000 0.7965 0.0000 0.0000 0.0019 0.0862 0.1154 0.0000
42       42   (0)      2  : 0.0000 0.0000 0.6263 0.0000 0.0000 0.0000 0.0000 0.3737 0.0000
43       43   (0)      4  : 1.0000 0.0000 0.0000 0.0000 0.0000 0.0000 0.0000 0.0000 0.0000
44       44   (0)      4  : 0.9575 0.0410 0.0000 0.0000 0.0000 0.0000 0.0015 0.0000 0.0000
45       45   (0)      4  : 0.9073 0.0000 0.0000 0.0814 0.0000 0.0000 0.0000 0.0000 0.0113
46       46   (0)      4  : 0.7847 0.0000 0.0000 0.0797 0.0000 0.1356 0.0000 0.0000 0.0000
47       47   (0)      4  : 0.9200 0.0440 0.0000 0.0000 0.0000 0.0000 0.0205 0.0000 0.0156
48       48   (0)      4  : 0.2462 0.0000 0.0000 0.0000 0.3909 0.0000 0.3031 0.0000 0.0597
49       49   (0)      4  : 0.1131 0.0000 0.0000 0.0000 0.5433 0.0000 0.2951 0.0000 0.0484
50       50   (0)      4  : 0.9997 0.0000 0.0000 0.0000 0.0000 0.0000 0.0000 0.0000 0.0003
51       51   (0)      4  : 0.9520 0.0000 0.0000 0.0000 0.0000 0.0480 0.0000 0.0000 0.0000
52       52   (0)      4  : 0.6512 0.0269 0.0010 0.2306 0.0503 0.0000 0.0020 0.0375 0.0005
53       53   (0)      4  : 0.7705 0.0000 0.0000 0.1444 0.0000 0.0000 0.0680 0.0000 0.0172
54       54   (0)      4  : 0.1196 0.0919 0.0000 0.0000 0.2922 0.0000 0.4962 0.0000 0.0000
55       55   (0)      4  : 0.1040 0.0553 0.0000 0.0000 0.4933 0.0000 0.3474 0.0000 0.0000
56       56   (0)      4  : 0.2647 0.0000 0.0000 0.0000 0.5508 0.0000 0.1844 0.0000 0.0000
57       57   (0)      4  : 0.8415 0.0000 0.0000 0.1585 0.0000 0.0000 0.0000 0.0000 0.0000
58       58   (0)      4  : 0.9306 0.0000 0.0000 0.0000 0.0000 0.0694 0.0000 0.0000 0.0000
59       59   (0)      4  : 1.0000 0.0000 0.0000 0.0000 0.0000 0.0000 0.0000 0.0000 0.0000
60       60   (0)      4  : 1.0000 0.0000 0.0000 0.0000 0.0000 0.0000 0.0000 0.0000 0.0000
61       61   (0)      4  : 0.9341 0.0000 0.0000 0.0000 0.0000 0.0659 0.0000 0.0000 0.0000
62       62   (0)      4  : 0.9714 0.0000 0.0000 0.0000 0.0000 0.0000 0.0000 0.0281 0.0004
63       63   (0)      4  : 1.0000 0.0000 0.0000 0.0000 0.0000 0.0000 0.0000 0.0000 0.0000
64       64   (0)      4  : 0.9827 0.0000 0.0000 0.0000 0.0000 0.0000 0.0173 0.0000 0.0000
65       65   (0)      4  : 0.0000 0.0401 0.0000 0.0000 0.4788 0.0000 0.4811 0.0000 0.0000
66       66   (0)      4  : 0.9353 0.0000 0.0002 0.0000 0.0000 0.0645 0.0000 0.0000 0.0000
67       67   (0)      4  : 0.8598 0.0000 0.0000 0.1402 0.0000 0.0000 0.0000 0.0000 0.0000
68       68   (0)      4  : 0.1676 0.0773 0.0000 0.0000 0.4168 0.0000 0.2907 0.0000 0.0476
69       69   (0)      4  : 0.8766 0.0000 0.0000 0.0000 0.0000 0.0202 0.0000 0.1032 0.0000
70       70   (0)      4  : 0.9981 0.0000 0.0000 0.0000 0.0000 0.0000 0.0019 0.0000 0.0000
71       71   (0)      4  : 0.0463 0.0000 0.0000 0.0000 0.5137 0.0000 0.4400 0.0000 0.0000
72       72   (0)      5  : 0.0000 0.0000 0.0000 0.0000 0.0000 1.0000 0.0000 0.0000 0.0000
73       73   (0)      5  : 0.0310 0.0000 0.0223 0.3623 0.0218 0.5328 0.0000 0.0031 0.0267
74       74   (0)      5  : 0.0603 0.0000 0.0000 0.1939 0.0000 0.7457 0.0000 0.0000 0.0000
75       75   (0)      5  : 0.0004 0.0000 0.0000 0.0000 0.0000 0.9050 0.0000 0.0947 0.0000
76       76   (0)      5  : 0.1384 0.0814 0.1060 0.1929 0.0000 0.4533 0.0000 0.0281 0.0000
77       77   (0)      5  : 0.0000 0.0000 0.0000 0.0764 0.0000 0.9236 0.0000 0.0000 0.0000
78       78   (0)      5  : 0.0000 0.0000 0.0000 0.0000 0.0000 1.0000 0.0000 0.0000 0.0000
79       79   (0)      5  : 0.0000 0.0000 0.0000 0.0000 0.0000 1.0000 0.0000 0.0000 0.0000
80       80   (0)      5  : 0.0000 0.0000 0.0000 0.0289 0.3296 0.0624 0.0942 0.0000 0.4848
81       81   (0)      5  : 0.0000 0.0000 0.0000 0.0000 0.0000 0.3169 0.0000 0.0000 0.6831
82       82   (0)      5  : 0.2648 0.0000 0.0000 0.2334 0.0000 0.5018 0.0000 0.0000 0.0000
83       83   (0)      5  : 0.0000 0.0000 0.0000 0.0000 0.0000 0.9847 0.0000 0.0000 0.0153
84       84   (0)      5  : 0.0000 0.0000 0.0000 0.0000 0.0000 1.0000 0.0000 0.0000 0.0000
85       85   (0)      5  : 0.0000 0.0000 0.0000 0.0000 0.0000 1.0000 0.0000 0.0000 0.0000
86       86   (0)      5  : 0.0000 0.0000 0.0000 0.0000 0.0000 1.0000 0.0000 0.0000 0.0000
87       87   (0)      5  : 0.0000 0.0000 0.0000 0.0000 0.0000 0.9257 0.0000 0.0743 0.0000
88       88   (0)      5  : 0.0000 0.0000 0.0000 0.0000 0.0000 1.0000 0.0000 0.0000 0.0000
89       89   (0)      5  : 0.0000 0.0000 0.0000 0.0000 0.0000 1.0000 0.0000 0.0000 0.0000
90       90   (0)      5  : 0.0000 0.0000 0.0000 0.0000 0.0000 1.0000 0.0000 0.0000 0.0000
91       91   (0)      5  : 0.0000 0.0000 0.0000 0.0000 0.0000 1.0000 0.0000 0.0000 0.0000
92       92   (0)      5  : 0.0000 0.0000 0.0000 0.0000 0.2001 0.1349 0.0884 0.0000 0.5766
93       93   (0)      5  : 0.0042 0.0000 0.0413 0.0004 0.0000 0.9475 0.0066 0.0000 0.0000
94       94   (0)      5  : 0.0212 0.0000 0.0000 0.2661 0.0000 0.6873 0.0000 0.0000 0.0254
95       95   (0)      5  : 0.1680 0.0000 0.0000 0.0424 0.0000 0.7896 0.0000 0.0000 0.0000
96       96   (0)      5  : 0.1306 0.0000 0.0270 0.1714 0.0000 0.6710 0.0000 0.0000 0.0000
97       97   (0)      6  : 0.1560 0.0000 0.0247 0.0000 0.0093 0.4225 0.0000 0.3665 0.0210
98       98   (0)      6  : 0.0000 0.0039 0.0000 0.0692 0.0000 0.0665 0.0000 0.8604 0.0000
99       99   (0)      6  : 0.0000 0.6441 0.0000 0.0000 0.0187 0.0000 0.1519 0.0000 0.1852
100      100   (0)      6  : 0.1719 0.0000 0.0756 0.0000 0.0000 0.1768 0.0000 0.5686 0.0071
101      101   (0)      6  : 0.0000 0.0671 0.0000 0.0000 0.5918 0.0000 0.0000 0.0000 0.3411
102      102   (0)      6  : 0.0000 0.7395 0.0000 0.0000 0.0283 0.0000 0.1199 0.0000 0.1123
103      103   (0)      6  : 0.0000 0.2684 0.0000 0.0000 0.3161 0.0000 0.0000 0.0000 0.4154
104      104   (0)      6  : 0.1039 0.0004 0.0001 0.0615 0.0000 0.2518 0.0000 0.3264 0.2559
105      105   (0)      6  : 0.0000 0.2411 0.0000 0.0000 0.0000 0.0000 0.0000 0.0000 0.7589
106      106   (0)      6  : 0.0000 0.0000 0.0000 0.0000 0.0000 0.1962 0.0000 0.8038 0.0000
107      107   (0)      3  : 0.0000 0.2032 0.0000 0.0000 0.7968 0.0000 0.0000 0.0000 0.0000
108      108   (0)      3  : 0.1582 0.0000 0.0000 0.1003 0.0000 0.3143 0.0000 0.4203 0.0069
109      109   (0)      3  : 0.0000 0.0000 0.0000 0.0000 0.9417 0.0000 0.0000 0.0000 0.0583
110      110   (0)      2  : 0.0000 0.0000 0.0000 0.0000 0.0000 0.0000 0.0000 1.0000 0.0000
111      111   (0)      2  : 0.0000 0.1447 0.0000 0.0000 0.1521 0.0000 0.0000 0.0000 0.7032
112      112   (0)      3  : 0.0000 0.0000 0.0000 0.0000 0.6307 0.0000 0.0000 0.0000 0.3693
113      113   (0)      2  : 0.0000 0.0000 0.9103 0.0000 0.0000 0.0000 0.0000 0.0897 0.0000
114      114   (0)      2  : 0.0000 0.3092 0.0000 0.0000 0.4087 0.0000 0.0000 0.0012 0.2809
115      115   (0)      3  : 0.0000 0.0780 0.0000 0.0000 0.9220 0.0000 0.0000 0.0000 0.0000
116      116   (0)      3  : 0.0000 0.0000 0.0000 0.0000 1.0000 0.0000 0.0000 0.0000 0.0000
117      117   (0)      3  : 0.0000 0.0000 0.0000 0.0000 1.0000 0.0000 0.0000 0.0000 0.0000
118      118   (0)      3  : 0.0000 0.1126 0.0000 0.0000 0.8197 0.0000 0.0000 0.0000 0.0676
119      119   (0)      3  : 0.0000 0.1369 0.0000 0.0000 0.8631 0.0000 0.0000 0.0000 0.0000
120      120   (0)      3  : 0.0803 0.0000 0.2261 0.0109 0.0000 0.3517 0.0000 0.3310 0.0000
121      121   (0)      3  : 0.0000 0.0000 0.0000 0.0000 1.0000 0.0000 0.0000 0.0000 0.0000
122      122   (0)      3  : 0.0000 0.1418 0.0000 0.0048 0.6711 0.0000 0.0569 0.0000 0.1253
123      123   (0)      3  : 0.0000 0.0000 0.0000 0.0857 0.5125 0.0000 0.0433 0.0000 0.3584
124      124   (0)      3  : 0.0000 0.0000 0.0000 0.0000 1.0000 0.0000 0.0000 0.0000 0.0000
125      125   (0)      3  : 0.1073 0.0000 0.4747 0.0230 0.0193 0.1355 0.0000 0.2403 0.0000
126      126   (0)      3  : 0.0000 0.0000 0.0000 0.0000 0.9356 0.0000 0.0000 0.0000 0.0644
127      127   (0)      3  : 0.0000 0.0000 0.2364 0.0000 0.0000 0.1967 0.0000 0.5668 0.0000
128      128   (0)      3  : 0.0000 0.0000 0.0000 0.0000 1.0000 0.0000 0.0000 0.0000 0.0000
129      129   (0)      6  : 0.0000 0.0746 0.0000 0.0000 0.1478 0.0000 0.0000 0.0238 0.7538
130      130   (0)      6  : 0.0000 0.0000 0.0000 0.1906 0.0000 0.1947 0.0000 0.6147 0.0000
131      131   (0)      6  : 0.0000 0.2049 0.0000 0.0000 0.3432 0.0000 0.0356 0.0000 0.4162
132      132   (0)      6  : 0.0000 0.0000 0.1896 0.0000 0.0000 0.2634 0.0000 0.5464 0.0006
133      133   (0)      6  : 0.0000 1.0000 0.0000 0.0000 0.0000 0.0000 0.0000 0.0000 0.0000
134      134   (0)      6  : 0.0000 0.1242 0.0000 0.0000 0.1544 0.0000 0.0000 0.0041 0.7173
135      135   (0)      6  : 0.0000 0.1338 0.0000 0.0000 0.0362 0.0000 0.0000 0.0000 0.8300
136      136   (0)      6  : 0.0000 0.1374 0.0000 0.0000 0.1221 0.0000 0.0000 0.0000 0.7405
137      137   (0)      6  : 0.0000 0.2100 0.0000 0.0000 0.4229 0.0000 0.0000 0.0000 0.3671
138      138   (0)      6  : 0.0000 0.1285 0.0000 0.0000 0.1448 0.0000 0.0000 0.0000 0.7266
139      139   (0)      6  : 0.0000 0.0000 0.0000 0.0000 0.0000 0.0000 0.0000 0.0000 1.0000
140      140   (0)      6  : 0.1159 0.0000 0.3191 0.1231 0.0086 0.1061 0.0000 0.3041 0.0231
141      141   (0)      1  : 0.0000 0.0000 0.0000 0.0000 0.0000 0.0000 0.0000 1.0000 0.0000
142      142   (0)      1  : 0.0000 0.1667 0.0000 0.0000 0.1763 0.0000 0.0000 0.0800 0.5770
143      143   (0)      1  : 0.0000 0.0000 0.1359 0.1549 0.0000 0.0000 0.0000 0.7092 0.0000
144      144   (0)      1  : 0.0000 0.0000 0.0000 0.0000 0.0000 0.0000 0.0000 0.9262 0.0738
145      145   (0)      1  : 0.0000 0.0000 0.0000 0.0000 0.0000 0.0000 0.0000 1.0000 0.0000
146      146   (0)      1  : 0.0000 1.0000 0.0000 0.0000 0.0000 0.0000 0.0000 0.0000 0.0000
147      147   (0)      6  : 0.0000 0.5054 0.0000 0.0000 0.4940 0.0000 0.0000 0.0000 0.0007
148      148   (0)      6  : 0.0000 0.0004 0.0000 0.0000 0.0000 0.0736 0.0000 0.9260 0.0000
149      149   (0)      6  : 0.0000 0.6602 0.0238 0.0000 0.0250 0.0000 0.1100 0.0000 0.1810
150      150   (0)      6  : 0.0000 0.3569 0.0000 0.0000 0.0047 0.0000 0.0000 0.0002 0.6382
151      151   (0)      6  : 0.0000 0.9990 0.0000 0.0000 0.0007 0.0000 0.0000 0.0000 0.0003
152      152   (0)      6  : 0.0000 0.2917 0.0000 0.0000 0.5471 0.0000 0.0000 0.0000 0.1613
153      153   (0)      6  : 0.0281 0.0000 0.0000 0.0000 0.0000 0.2136 0.0000 0.7583 0.0000
154      154   (0)      1  : 0.0000 0.0000 0.0000 0.0000 0.0000 0.0000 0.0000 1.0000 0.0000
155      155   (0)      1  : 0.0000 1.0000 0.0000 0.0000 0.0000 0.0000 0.0000 0.0000 0.0000
156      156   (0)      1  : 0.0000 1.0000 0.0000 0.0000 0.0000 0.0000 0.0000 0.0000 0.0000
157      157   (0)      1  : 0.0000 1.0000 0.0000 0.0000 0.0000 0.0000 0.0000 0.0000 0.0000
158      158   (0)      1  : 0.0000 0.0172 0.2944 0.0000 0.0000 0.0000 0.0000 0.6884 0.0000
159      159   (0)      1  : 0.0000 0.0000 0.0000 0.0000 0.0000 0.0000 0.0000 1.0000 0.0000
160      160   (0)      1  : 0.0000 0.0000 0.3327 0.0000 0.0000 0.0000 0.0000 0.6673 0.0000
161      161   (0)      1  : 0.0000 1.0000 0.0000 0.0000 0.0000 0.0000 0.0000 0.0000 0.0000
162      162   (0)      1  : 0.0000 0.0000 0.1014 0.0000 0.0000 0.0067 0.0000 0.8919 0.0000
163      163   (0)      1  : 0.0000 0.0000 0.3713 0.0000 0.0000 0.0000 0.0000 0.6287 0.0000
164      164   (0)      1  : 0.0000 1.0000 0.0000 0.0000 0.0000 0.0000 0.0000 0.0000 0.0000
165      165   (0)      1  : 0.0000 0.8556 0.0000 0.0000 0.0156 0.0000 0.0000 0.0000 0.1288
166      166   (0)      1  : 0.0000 0.0000 0.0000 0.0000 0.0000 0.0000 0.0000 1.0000 0.0000
167      167   (0)      1  : 0.0000 0.9247 0.0000 0.0000 0.0000 0.0000 0.0000 0.0000 0.0753
168      168   (0)      7  : 0.0000 0.0000 0.0000 0.6723 0.0000 0.0000 0.0000 0.3277 0.0000
169      169   (0)      7  : 0.0000 0.0000 0.2178 0.6497 0.0000 0.1325 0.0000 0.0000 0.0000
170      170   (0)      7  : 0.0000 0.0650 0.0000 0.8069 0.0000 0.0000 0.1281 0.0000 0.0000
171      171   (0)      7  : 0.0000 0.0207 0.0000 0.8183 0.0000 0.0000 0.1381 0.0000 0.0229
172      172   (0)      7  : 0.0000 0.0000 0.0000 1.0000 0.0000 0.0000 0.0000 0.0000 0.0000
173      173   (0)      7  : 0.0000 0.0000 0.0000 0.8091 0.0000 0.1909 0.0000 0.0000 0.0000
174      174   (0)      7  : 0.0000 0.0000 0.0000 1.0000 0.0000 0.0000 0.0000 0.0000 0.0000
175      175   (0)      7  : 0.0000 0.0000 0.0000 0.0000 0.0000 0.0000 1.0000 0.0000 0.0000
176      176   (0)      7  : 0.0000 0.0000 0.0000 1.0000 0.0000 0.0000 0.0000 0.0000 0.0000
177      177   (0)      7  : 0.0000 0.0000 0.0000 1.0000 0.0000 0.0000 0.0000 0.0000 0.0000
178      178   (0)      7  : 0.0000 0.0000 0.0000 0.0000 0.0000 0.0000 0.8466 0.0000 0.1534
179      179   (0)      7  : 0.0000 0.0000 0.0000 0.0000 0.0000 0.0000 1.0000 0.0000 0.0000
180      180   (0)      7  : 0.0000 0.0000 0.0000 1.0000 0.0000 0.0000 0.0000 0.0000 0.0000
181      181   (0)      7  : 0.0053 0.0000 0.0000 0.9364 0.0000 0.0583 0.0000 0.0000 0.0000
182      182   (0)      7  : 0.0000 0.0000 0.0000 0.9047 0.0000 0.0953 0.0000 0.0000 0.0000
183      183   (0)      7  : 0.0000 0.0000 0.0000 0.7546 0.0000 0.0000 0.2153 0.0000 0.0302
184      184   (0)      7  : 0.0000 0.0000 0.0000 0.0000 0.0000 0.0000 1.0000 0.0000 0.0000
185      185   (0)      7  : 0.0000 0.0000 0.0000 0.9855 0.0000 0.0000 0.0047 0.0000 0.0099
186      186   (0)      7  : 0.0000 0.0000 0.0000 0.0000 0.0000 0.0000 1.0000 0.0000 0.0000
187      187   (0)      7  : 0.0000 0.0000 0.0000 0.8641 0.0000 0.1359 0.0000 0.0000 0.0000
188      188   (0)      7  : 0.0000 0.0000 0.0000 0.0000 0.0000 0.0000 1.0000 0.0000 0.0000
189      189   (0)      7  : 0.0000 0.0000 0.0000 0.5741 0.0000 0.1482 0.2777 0.0000 0.0000
190      190   (0)      7  : 0.0000 0.0000 0.1248 0.6397 0.0000 0.1402 0.0953 0.0000 0.0000
191      191   (0)      7  : 0.0000 0.0000 0.0000 1.0000 0.0000 0.0000 0.0000 0.0000 0.0000
192      192   (0)      7  : 0.0544 0.0000 0.0000 0.5978 0.0000 0.0000 0.3240 0.0238 0.0000
193      193   (0)      7  : 0.0305 0.0000 0.0000 0.9428 0.0000 0.0000 0.0267 0.0000 0.0000
194      194   (0)      7  : 0.0000 0.0000 0.0000 0.0000 0.0000 0.0000 1.0000 0.0000 0.0000
195      195   (0)      7  : 0.0000 0.0000 0.0000 0.7312 0.0000 0.2270 0.0418 0.0000 0.0000
196      196   (0)      7  : 0.0000 0.0000 0.0000 0.0000 0.0000 0.0000 1.0000 0.0000 0.0000
197      197   (0)      7  : 0.0000 0.0000 0.0000 0.0000 0.0000 0.0000 0.9679 0.0000 0.0321
