1        1   (0)      1  : 0.0614 0.2392 0.0487 0.0035 0.1377 0.1377 0.2544 0.1175
2        2   (0)      1  : 0.1323 0.0009 0.3157 0.0606 0.0251 0.1571 0.1603 0.1481
3        3   (0)      1  : 0.0428 0.0076 0.0598 0.0204 0.0623 0.1687 0.5823 0.0562
4        4   (0)      1  : 0.0888 0.0117 0.4576 0.1401 0.0933 0.1916 0.0080 0.0090
5        5   (0)      1  : 0.0424 0.1021 0.0128 0.1218 0.1068 0.0835 0.2628 0.2677
6        6   (0)      1  : 0.1912 0.0000 0.0803 0.1822 0.0835 0.2867 0.1217 0.0543
7        7   (0)      1  : 0.0000 0.1084 0.0372 0.0758 0.4208 0.0264 0.2459 0.0855
8        8   (0)      1  : 0.0004 0.0000 0.0326 0.0306 0.7021 0.0000 0.1614 0.0730
9        9   (0)      1  : 0.0000 0.4803 0.0455 0.1004 0.1025 0.0042 0.0493 0.2177
10       10   (0)      1  : 0.0281 0.1949 0.2633 0.0000 0.2149 0.1345 0.0855 0.0788
11       11   (0)      1  : 0.0000 0.9667 0.0000 0.0000 0.0096 0.0000 0.0000 0.0237
12       12   (0)      1  : 0.0234 0.3287 0.1600 0.0158 0.0606 0.0905 0.0579 0.2631
13       13   (0)      2  : 0.2993 0.3138 0.0414 0.1226 0.0000 0.0112 0.0751 0.1366
14       14   (0)      2  : 0.0000 0.9684 0.0000 0.0000 0.0000 0.0000 0.0000 0.0316
15       15   (0)      2  : 0.0000 0.8299 0.0090 0.0088 0.0000 0.0010 0.0000 0.1513
16       16   (0)      2  : 0.0000 0.7455 0.0089 0.0000 0.0104 0.0219 0.0150 0.1982
17       17   (0)      2  : 0.0092 0.3833 0.0200 0.1999 0.0955 0.0623 0.1107 0.1191
18       18   (0)      2  : 0.0000 0.6988 0.0184 0.0000 0.0248 0.0358 0.0121 0.2101
19       19   (0)      2  : 0.0000 0.6744 0.0111 0.0247 0.0269 0.0225 0.0208 0.2196
20       20   (0)      2  : 0.0670 0.1353 0.0684 0.0614 0.0602 0.0560 0.3835 0.1682
21       21   (0)      2  : 0.3441 0.0000 0.0181 0.2796 0.0356 0.1856 0.0284 0.1087
22       22   (0)      2  : 0.0375 0.3464 0.0150 0.0986 0.0813 0.1388 0.1408 0.1416
23       23   (0)      2  : 0.1492 0.5166 0.0000 0.1124 0.0000 0.0023 0.0615 0.1579
24       24   (0)      2  : 0.1625 0.0000 0.0324 0.0223 0.2395 0.1198 0.2436 0.1799
25       25   (0)      2  : 0.0134 0.2002 0.0089 0.0059 0.5174 0.0734 0.0468 0.1341
26       26   (0)      2  : 0.0837 0.1351 0.0543 0.0370 0.0942 0.0706 0.2192 0.3060
27       27   (0)      2  : 0.1738 0.0769 0.0410 0.1045 0.0250 0.2171 0.2818 0.0799
28       28   (0)      2  : 0.0170 0.6008 0.0286 0.0127 0.1381 0.0177 0.0001 0.1851
29       29   (0)      2  : 0.0155 0.0000 0.0211 0.1664 0.1002 0.2376 0.3913 0.0679
30       30   (0)      2  : 0.0346 0.3229 0.0044 0.0583 0.4457 0.0056 0.0102 0.1182
31       31   (0)      2  : 0.0059 0.2684 0.2226 0.2089 0.0150 0.0910 0.0835 0.1047
32       32   (0)      2  : 0.0617 0.1906 0.4138 0.0439 0.0227 0.1361 0.0281 0.1031
33       33   (0)      2  : 0.0000 0.7692 0.0000 0.0000 0.0000 0.0000 0.0000 0.2308
34       34   (0)      3  : 0.1034 0.0000 0.0122 0.0660 0.0620 0.0867 0.5922 0.0775
35       35   (0)      3  : 0.0000 0.0000 0.0184 0.6582 0.1679 0.0551 0.0858 0.0147
36       36   (0)      3  : 0.0097 0.0112 0.5383 0.0470 0.0409 0.1919 0.0643 0.0967
37       37   (0)      3  : 0.0334 0.0000 0.1905 0.0418 0.0795 0.1329 0.2282 0.2937
38       38   (0)      3  : 0.5065 0.0000 0.0952 0.0123 0.0176 0.2100 0.0412 0.1171
39       39   (0)      3  : 0.5098 0.0067 0.0670 0.0889 0.0508 0.1293 0.0776 0.0700
40       40   (0)      3  : 0.2797 0.0000 0.1012 0.2117 0.0459 0.2666 0.0728 0.0220
41       41   (0)      3  : 0.1173 0.0598 0.1310 0.1148 0.0934 0.0600 0.3327 0.0910
42       42   (0)      3  : 0.0342 0.0813 0.0257 0.1472 0.4975 0.0453 0.0586 0.1102
43       43   (0)      3  : 0.0966 0.0002 0.0513 0.3351 0.0483 0.4520 0.0000 0.0166
44       44   (0)      3  : 0.3189 0.0190 0.0172 0.3564 0.0482 0.0406 0.0368 0.1629
45       45   (0)      3  : 0.1931 0.0000 0.1387 0.3348 0.0374 0.1607 0.0916 0.0435
46       46   (0)      3  : 0.5196 0.0086 0.2093 0.0000 0.0145 0.1178 0.1301 0.0000
47       47   (0)      3  : 0.0000 0.1280 0.1537 0.5267 0.0000 0.1525 0.0098 0.0294
48       48   (0)      3  : 0.0322 0.0034 0.0149 0.7496 0.0427 0.0477 0.1096 0.0000
49       49   (0)      3  : 0.3333 0.0000 0.2388 0.3136 0.0000 0.0000 0.1143 0.0000
50       50   (0)      3  : 0.0448 0.0101 0.2142 0.2563 0.0113 0.3671 0.0380 0.0581
51       51   (0)      3  : 0.2073 0.0036 0.3187 0.0912 0.0047 0.2926 0.0597 0.0221
52       52   (0)      3  : 0.1805 0.2323 0.1182 0.0511 0.0239 0.1305 0.0467 0.2167
53       53   (0)      3  : 0.0152 0.0691 0.1185 0.4410 0.0262 0.1910 0.0490 0.0900
54       54   (0)      3  : 0.7207 0.0291 0.0204 0.0275 0.0000 0.0858 0.0232 0.0934
55       55   (0)      3  : 0.1708 0.0202 0.0099 0.1103 0.1837 0.0054 0.2276 0.2722
56       56   (0)      3  : 0.2850 0.0000 0.1217 0.2486 0.0139 0.2109 0.0381 0.0818
57       57   (0)      3  : 0.0490 0.0029 0.4739 0.1100 0.0586 0.0360 0.1603 0.1093
58       58   (0)      3  : 0.5004 0.0000 0.0397 0.1050 0.0000 0.2075 0.0704 0.0769
59       59   (0)      3  : 0.0768 0.0527 0.1526 0.2722 0.0530 0.3451 0.0186 0.0290
60       60   (0)      4  : 0.1198 0.4694 0.1101 0.0121 0.0033 0.1126 0.0400 0.1328
61       61   (0)      4  : 0.0000 0.5859 0.0868 0.2016 0.0000 0.0378 0.0067 0.0812
62       62   (0)      4  : 0.0982 0.1748 0.1232 0.2846 0.0405 0.2502 0.0000 0.0285
63       63   (0)      4  : 0.1751 0.0334 0.0621 0.0856 0.0891 0.0366 0.2214 0.2969
64       64   (0)      4  : 0.0794 0.0503 0.4470 0.0765 0.0338 0.2009 0.0000 0.1121
65       65   (0)      4  : 0.1279 0.0671 0.0377 0.2497 0.0289 0.3145 0.0410 0.1331
66       66   (0)      4  : 0.0105 0.0070 0.3632 0.4231 0.0068 0.1845 0.0000 0.0049
67       67   (0)      4  : 0.1467 0.2529 0.3937 0.0151 0.0501 0.0232 0.0253 0.0929
68       68   (0)      4  : 0.1113 0.0290 0.0421 0.0538 0.1815 0.2007 0.2586 0.1230
69       69   (0)      4  : 0.1582 0.0000 0.0000 0.1521 0.3242 0.0931 0.1431 0.1292
70       70   (0)      4  : 0.1166 0.4123 0.0013 0.0341 0.0217 0.1109 0.0569 0.2463
71       71   (0)      4  : 0.2363 0.0000 0.1267 0.0882 0.0751 0.3039 0.0808 0.0891
72       72   (0)      4  : 0.0409 0.4474 0.0618 0.0804 0.1381 0.0536 0.0358 0.1418
73       73   (0)      4  : 0.1450 0.0022 0.0637 0.1689 0.2016 0.2091 0.1339 0.0755
74       74   (0)      4  : 0.0587 0.0000 0.0012 0.5028 0.0000 0.1595 0.2724 0.0055
75       75   (0)      4  : 0.0000 0.0000 0.0000 0.6064 0.0855 0.0680 0.2209 0.0192
76       76   (0)      4  : 0.0556 0.0174 0.0693 0.3543 0.0178 0.1372 0.2699 0.0786
77       77   (0)      4  : 0.1360 0.0039 0.0360 0.1184 0.3215 0.1324 0.1999 0.0518
78       78   (0)      4  : 0.1735 0.0000 0.0413 0.0000 0.2272 0.0538 0.4230 0.0811
79       79   (0)      4  : 0.0966 0.0000 0.0750 0.0513 0.0000 0.1190 0.6436 0.0145
80       80   (0)      4  : 0.0922 0.0010 0.2058 0.1672 0.1326 0.2077 0.0883 0.1052
81       81   (0)      4  : 0.0040 0.5122 0.0571 0.1092 0.0240 0.0724 0.1186 0.1026
82       82   (0)      4  : 0.0807 0.0234 0.0500 0.0894 0.0638 0.0017 0.6422 0.0487
83       83   (0)      4  : 0.0384 0.0000 0.5818 0.0845 0.0700 0.0880 0.1266 0.0108
84       84   (0)      4  : 0.1271 0.0858 0.3430 0.0980 0.0271 0.1821 0.0515 0.0854
85       85   (0)      4  : 0.0000 0.3783 0.0317 0.0000 0.3788 0.0559 0.0341 0.1213
86       86   (0)      5  : 0.2159 0.0538 0.1610 0.0024 0.0130 0.2606 0.1172 0.1761
87       87   (0)      5  : 0.1738 0.0594 0.0346 0.2407 0.1432 0.1356 0.1782 0.0346
88       88   (0)      5  : 0.1128 0.0561 0.2928 0.1487 0.0000 0.1686 0.0853 0.1357
89       89   (0)      5  : 0.1806 0.0043 0.0493 0.0640 0.0537 0.1693 0.4092 0.0694
90       90   (0)      5  : 0.1710 0.0201 0.0966 0.0149 0.0000 0.1430 0.5050 0.0492
91       91   (0)      5  : 0.5684 0.0498 0.0230 0.0572 0.0898 0.1037 0.0851 0.0229
92       92   (0)      5  : 0.0373 0.0001 0.4740 0.2458 0.0102 0.1307 0.0910 0.0108
93       93   (0)      5  : 0.5682 0.0000 0.0258 0.0686 0.0295 0.0670 0.2409 0.0000
94       94   (0)      5  : 0.1862 0.0259 0.2843 0.1201 0.0407 0.1857 0.0705 0.0866
95       95   (0)      5  : 0.1331 0.4168 0.0206 0.0109 0.0121 0.0764 0.0589 0.2713
96       96   (0)      5  : 0.3469 0.0000 0.0346 0.0000 0.2271 0.2588 0.1024 0.0302
97       97   (0)      5  : 0.0174 0.0141 0.0586 0.0247 0.7445 0.0522 0.0427 0.0458
98       98   (0)      5  : 0.0000 0.0309 0.3908 0.0452 0.0387 0.3624 0.0199 0.1120
99       99   (0)      5  : 0.3106 0.0000 0.0769 0.1214 0.1650 0.2074 0.0769 0.0418
100      100   (0)      5  : 0.0208 0.0137 0.3590 0.0325 0.0000 0.2902 0.1038 0.1800
101      101   (0)      5  : 0.3490 0.0000 0.0570 0.1884 0.0352 0.2296 0.0754 0.0654
102      102   (0)      5  : 0.2547 0.0000 0.0202 0.2997 0.0201 0.2347 0.1155 0.0551
103      103   (0)      5  : 0.2701 0.0027 0.0327 0.1949 0.0180 0.4251 0.0000 0.0565
104      104   (0)      5  : 0.0194 0.1254 0.1442 0.1308 0.1392 0.2391 0.0733 0.1287
105      105   (0)      5  : 0.1674 0.0000 0.5864 0.0345 0.0000 0.1162 0.0806 0.0149
106      106   (0)      5  : 0.0201 0.0209 0.1066 0.1841 0.1205 0.1928 0.2839 0.0711
107      107   (0)      5  : 0.3947 0.0395 0.0539 0.0792 0.0252 0.2204 0.1646 0.0225
108      108   (0)      5  : 0.1590 0.0875 0.0552 0.1109 0.0642 0.0538 0.3782 0.0911
109      109   (0)      5  : 0.2843 0.2332 0.1085 0.0761 0.0765 0.0000 0.1466 0.0747
110      110   (0)      5  : 0.0834 0.0351 0.0186 0.1169 0.4865 0.0563 0.1161 0.0870
111      111   (0)      5  : 0.0764 0.0000 0.1471 0.4275 0.0194 0.2930 0.0265 0.0102
112      112   (0)      5  : 0.2149 0.0000 0.1010 0.2659 0.0310 0.1684 0.1828 0.0360
113      113   (0)      4  : 0.0518 0.0000 0.0326 0.3493 0.0543 0.0844 0.2581 0.1695
114      114   (0)      6  : 0.1379 0.0625 0.1023 0.0521 0.0313 0.1420 0.1885 0.2833
115      115   (0)      6  : 0.0000 0.3103 0.4949 0.0344 0.0006 0.0760 0.0241 0.0596
116      116   (0)      6  : 0.0208 0.3389 0.0844 0.0173 0.0505 0.1422 0.0814 0.2646
117      117   (0)      6  : 0.0285 0.6142 0.0404 0.0000 0.0862 0.0000 0.0761 0.1546
118      118   (0)      6  : 0.1227 0.2671 0.0071 0.0000 0.1721 0.0769 0.0891 0.2650
119      119   (0)      6  : 0.0000 0.6156 0.0000 0.0194 0.0243 0.0459 0.0237 0.2712
120      120   (0)      6  : 0.0894 0.0000 0.1017 0.1539 0.1081 0.1670 0.1726 0.2073
121      121   (0)      6  : 0.0378 0.0713 0.3263 0.2221 0.0262 0.1744 0.0665 0.0755
122      122   (0)      6  : 0.2161 0.0000 0.0991 0.3814 0.0240 0.0540 0.2172 0.0083
123      123   (0)      6  : 0.0208 0.2376 0.1791 0.0228 0.2841 0.0362 0.1479 0.0716
124      124   (0)      6  : 0.1591 0.0000 0.2566 0.1833 0.0229 0.3225 0.0489 0.0067
125      125   (0)      6  : 0.2821 0.0144 0.0512 0.0832 0.1797 0.0245 0.2596 0.1051
126      126   (0)      6  : 0.0731 0.0011 0.0842 0.1206 0.1145 0.0229 0.5192 0.0643
127      127   (0)      6  : 0.1227 0.3708 0.0852 0.1228 0.0489 0.0455 0.0531 0.1509
128      128   (0)      6  : 0.2208 0.0000 0.0851 0.1418 0.1635 0.0979 0.1505 0.1403
129      129   (0)      6  : 0.0000 0.0004 0.6368 0.0638 0.0865 0.0338 0.1363 0.0423
130      130   (0)      6  : 0.0362 0.0983 0.0241 0.1367 0.4114 0.0489 0.1498 0.0946
131      131   (0)      6  : 0.0227 0.3968 0.0308 0.0110 0.0335 0.1078 0.1411 0.2562
132      132   (0)      6  : 0.1854 0.0223 0.0213 0.2871 0.0416 0.3324 0.0404 0.0694
133      133   (0)      6  : 0.2801 0.0000 0.1099 0.0531 0.0154 0.0933 0.3709 0.0772
134      134   (0)      6  : 0.1817 0.0649 0.1207 0.1796 0.0198 0.2684 0.0939 0.0710
135      135   (0)      6  : 0.0230 0.5496 0.0309 0.1758 0.0200 0.0699 0.0000 0.1308
136      136   (0)      6  : 0.1263 0.1025 0.2516 0.1240 0.1158 0.1260 0.0928 0.0610
137      137   (0)      6  : 0.1564 0.0768 0.1272 0.1123 0.0186 0.1294 0.1682 0.2111
138      138   (0)      6  : 0.0175 0.0000 0.1712 0.2525 0.0571 0.1406 0.2981 0.0629
139      139   (0)      6  : 0.1680 0.0530 0.2907 0.0678 0.0420 0.2014 0.0597 0.1174
140      140   (0)      6  : 0.0077 0.2863 0.0865 0.2338 0.0790 0.1891 0.0101 0.1074
141      141   (0)      6  : 0.0628 0.1172 0.0002 0.0712 0.2053 0.1010 0.2585 0.1838
142      142   (0)      7  : 0.0920 0.0000 0.0821 0.2094 0.0081 0.2471 0.3188 0.0426
143      143   (0)      7  : 0.0000 0.6247 0.0000 0.0860 0.0551 0.0000 0.0147 0.2194
144      144   (0)      7  : 0.0560 0.0504 0.3750 0.1062 0.0851 0.0745 0.1630 0.0897
145      145   (0)      7  : 0.0213 0.0000 0.3208 0.2054 0.0984 0.2803 0.0085 0.0653
146      146   (0)      7  : 0.1051 0.2042 0.0339 0.0972 0.1621 0.1115 0.1934 0.0925
147      147   (0)      7  : 0.8358 0.0000 0.0000 0.0000 0.0000 0.0872 0.0769 0.0000
148      148   (0)      7  : 0.0759 0.0000 0.1667 0.0805 0.0046 0.2601 0.2075 0.2048
149      149   (0)      7  : 0.0620 0.6451 0.0603 0.0913 0.0000 0.0000 0.0072 0.1341
150      150   (0)      7  : 0.0744 0.2243 0.0060 0.0270 0.0160 0.1852 0.2477 0.2194
151      151   (0)      7  : 0.0263 0.4942 0.0572 0.0786 0.0734 0.0561 0.0949 0.1193
152      152   (0)      7  : 0.2790 0.0010 0.0869 0.1897 0.0685 0.2799 0.0657 0.0293
153      153   (0)      7  : 0.0000 0.8807 0.0000 0.0000 0.0000 0.0000 0.0000 0.1193
154      154   (0)      7  : 0.4395 0.0229 0.1020 0.0780 0.0583 0.1524 0.0923 0.0545
155      155   (0)      7  : 0.0128 0.4000 0.0000 0.0760 0.2377 0.0078 0.1196 0.1461
156      156   (0)      7  : 0.0994 0.0000 0.7130 0.0550 0.0000 0.1101 0.0122 0.0103
157      157   (0)      7  : 0.6350 0.0000 0.2358 0.0000 0.0000 0.1292 0.0000 0.0000
158      158   (0)      7  : 0.1767 0.0261 0.2119 0.1121 0.0134 0.2347 0.0857 0.1393
159      159   (0)      7  : 0.0538 0.5250 0.0711 0.0277 0.0270 0.0784 0.0238 0.1932
160      160   (0)      7  : 0.2858 0.2659 0.0247 0.0510 0.0396 0.0649 0.0635 0.2045
161      161   (0)      7  : 0.0565 0.6077 0.0000 0.0401 0.0724 0.0202 0.0213 0.1818
162      162   (0)      7  : 0.0076 0.0654 0.0380 0.2629 0.3784 0.0719 0.0452 0.1306
163      163   (0)      7  : 0.0470 0.0000 0.4283 0.0209 0.0166 0.4118 0.0172 0.0582
164      164   (0)      7  : 0.0488 0.2262 0.0382 0.1143 0.1253 0.1027 0.2530 0.0916
165      165   (0)      7  : 0.0000 0.1719 0.0000 0.0290 0.3836 0.0000 0.2332 0.1822
166      166   (0)      7  : 0.0162 0.1025 0.1029 0.1100 0.3902 0.1471 0.0582 0.0730
167      167   (0)      7  : 0.3713 0.0000 0.0768 0.1140 0.0014 0.3451 0.0913 0.0001
168      168   (0)      7  : 0.0307 0.0143 0.1614 0.3201 0.1916 0.2065 0.0472 0.0282
169      169   (0)      7  : 0.0045 0.6155 0.0044 0.0742 0.1471 0.0000 0.0394 0.1149
