  1        1   (0)      1 :  0.1405 0.1893 0.3092 0.0983 0.1119 0.1507 
  2        2   (0)      1 :  0.0655 0.1149 0.2123 0.0359 0.0326 0.5389 
  3        3   (0)      2 :  0.0539 0.0416 0.3169 0.0635 0.0344 0.4896 
  4        4   (0)      2 :  0.0691 0.0975 0.4323 0.1584 0.0284 0.2142 
  5        5   (0)      2 :  0.1393 0.0260 0.1058 0.2108 0.4234 0.0948 
  6        6   (0)      2 :  0.2740 0.3055 0.1673 0.0710 0.0644 0.1179 
  7        7   (0)      2 :  0.0427 0.4003 0.0070 0.1732 0.3542 0.0226 
  8        8   (0)      2 :  0.2979 0.0952 0.0714 0.3430 0.1193 0.0733 
  9        9   (0)      2 :  0.1385 0.2178 0.0069 0.0506 0.3933 0.1929 
 10       10   (0)      2 :  0.2481 0.3431 0.0009 0.1799 0.1866 0.0414 
 11       11   (0)      2 :  0.1103 0.3396 0.1774 0.0677 0.2012 0.1038 
 12       12   (0)      2 :  0.3482 0.0522 0.2768 0.1963 0.0858 0.0406 
 13       13   (0)      2 :  0.1013 0.0551 0.0070 0.3392 0.3765 0.1209 
 14       14   (0)      2 :  0.2375 0.0093 0.0387 0.1625 0.3423 0.2096 
 15       15   (0)      2 :  0.2210 0.0657 0.0709 0.2644 0.1752 0.2027 
 16       16   (0)      2 :  0.0214 0.0843 0.2894 0.2594 0.1412 0.2043 
 17       17   (0)      2 :  0.0402 0.4020 0.1137 0.0432 0.2112 0.1897 
 18       18   (0)      2 :  0.2073 0.1305 0.2679 0.1878 0.1126 0.0940 
 19       19   (0)      2 :  0.1264 0.1476 0.0992 0.1083 0.2185 0.3001 
 20       20   (0)      2 :  0.0086 0.0885 0.3103 0.1714 0.1938 0.2274 
 21       21   (0)      2 :  0.3618 0.2314 0.0085 0.0400 0.2993 0.0590 
 22       22   (0)      2 :  0.1762 0.0794 0.1526 0.1126 0.3482 0.1310 
 23       23   (0)      2 :  0.0746 0.2490 0.0151 0.0652 0.4353 0.1607 
 24       24   (0)      2 :  0.0835 0.2228 0.1143 0.0825 0.1333 0.3637 
 25       25   (0)      2 :  0.0785 0.1841 0.4964 0.1157 0.0598 0.0655 
 26       26   (0)      2 :  0.2133 0.0535 0.1521 0.2705 0.2308 0.0797 
 27       27   (0)      2 :  0.1629 0.0152 0.0182 0.4008 0.2794 0.1234 
 28       28   (0)      2 :  0.5238 0.0136 0.0363 0.3580 0.0212 0.0470 
 29       29   (0)      2 :  0.1911 0.0276 0.0687 0.2231 0.4283 0.0612 
 30       30   (0)      3 :  0.1812 0.0301 0.4556 0.1596 0.0232 0.1502 
 31       31   (0)      3 :  0.0877 0.1520 0.0219 0.1807 0.3092 0.2484 
 32       32   (0)      3 :  0.3270 0.1114 0.2668 0.1432 0.0601 0.0916 
 33       33   (0)      3 :  0.1569 0.2797 0.0892 0.3155 0.0778 0.0810 
 34       34   (0)      3 :  0.0344 0.0848 0.0253 0.0875 0.5205 0.2476 
 35       35   (0)      3 :  0.1451 0.1419 0.2305 0.0513 0.1363 0.2949 
 36       36   (0)      3 :  0.1159 0.0861 0.0045 0.4563 0.2125 0.1247 
 37       37   (0)      3 :  0.3439 0.1832 0.0487 0.1747 0.1495 0.1001 
 38       38   (0)      3 :  0.0000 0.7272 0.2359 0.0163 0.0206 0.0000 
 39       39   (0)      3 :  0.4546 0.2552 0.0403 0.0935 0.0575 0.0989 
 40       40   (0)      3 :  0.0447 0.1668 0.3492 0.1620 0.1457 0.1318 
 41       41   (0)      3 :  0.1850 0.0920 0.2613 0.3087 0.0425 0.1104 
 42       42   (0)      3 :  0.1876 0.0000 0.0987 0.0475 0.2594 0.4069 
 43       43   (0)      3 :  0.2967 0.0478 0.1031 0.1850 0.1632 0.2042 
 44       44   (0)      3 :  0.1458 0.0919 0.1379 0.3758 0.2018 0.0467 
 45       45   (0)      3 :  0.0965 0.1058 0.0456 0.7017 0.0488 0.0016 
 46       46   (0)      3 :  0.0061 0.0813 0.1722 0.0499 0.1529 0.5376 
 47       47   (0)      3 :  0.1181 0.2541 0.0058 0.3611 0.1782 0.0827 
 48       48   (0)      3 :  0.0298 0.0424 0.2457 0.1978 0.0590 0.4254 
 49       49   (0)      3 :  0.1054 0.1700 0.1496 0.0971 0.3441 0.1338 
 50       50   (0)      3 :  0.3073 0.0055 0.0370 0.1357 0.0000 0.5144 
 51       51   (0)      3 :  0.0663 0.1213 0.0826 0.1504 0.5370 0.0424 
 52       52   (0)      3 :  0.0328 0.1226 0.0752 0.1430 0.3881 0.2381 
 53       53   (0)      3 :  0.0522 0.0553 0.0761 0.4366 0.2552 0.1247 
 54       54   (0)      3 :  0.2198 0.0088 0.1785 0.2741 0.2416 0.0772 
 55       55   (0)      3 :  0.0307 0.0336 0.0675 0.2623 0.3283 0.2775 
 56       56   (0)      3 :  0.1245 0.0781 0.0543 0.2628 0.2758 0.2046 
 57       57   (0)      3 :  0.0258 0.1138 0.2642 0.1867 0.2885 0.1210 
 58       58   (0)      3 :  0.0220 0.1102 0.3350 0.0594 0.0550 0.4183 
 59       59   (0)      3 :  0.2556 0.0000 0.4858 0.1387 0.0355 0.0844 
 60       60   (0)      4 :  0.1738 0.4291 0.0505 0.1214 0.0477 0.1774 
 61       61   (0)      4 :  0.0124 0.2127 0.0697 0.2721 0.2779 0.1552 
 62       62   (0)      4 :  0.0317 0.0618 0.3184 0.2154 0.0158 0.3568 
 63       63   (0)      4 :  0.1723 0.2973 0.0678 0.1707 0.1182 0.1737 
 64       64   (0)      4 :  0.0503 0.2063 0.1979 0.0923 0.3840 0.0691 
 65       65   (0)      4 :  0.0536 0.0711 0.0567 0.3682 0.2255 0.2249 
 66       66   (0)      4 :  0.2184 0.1161 0.0538 0.5527 0.0301 0.0289 
 67       67   (0)      4 :  0.0208 0.3164 0.0977 0.0761 0.3149 0.1741 
 68       68   (0)      4 :  0.0466 0.2618 0.1202 0.2567 0.0897 0.2250 
 69       69   (0)      4 :  0.0859 0.0914 0.0510 0.0726 0.0465 0.6526 
 70       70   (0)      4 :  0.6215 0.0258 0.0797 0.0135 0.1115 0.1480 
 71       71   (0)      1 :  0.1082 0.1992 0.0000 0.1520 0.3258 0.2149 
 72       72   (0)      1 :  0.0240 0.7007 0.2010 0.0173 0.0260 0.0309 
 73       73   (0)      1 :  0.1923 0.0481 0.1336 0.1619 0.0632 0.4010 
 74       74   (0)      1 :  0.3571 0.0811 0.0429 0.1483 0.0573 0.3134 
 75       75   (0)      1 :  0.0992 0.0694 0.0622 0.2535 0.3157 0.2000 
 76       76   (0)      1 :  0.5104 0.0417 0.0601 0.2772 0.0098 0.1008 
 77       77   (0)      1 :  0.0038 0.1582 0.2275 0.0891 0.0480 0.4733 
 78       78   (0)      1 :  0.3454 0.2433 0.0401 0.1532 0.0384 0.1795 
 79       79   (0)      1 :  0.1045 0.2987 0.1898 0.2575 0.0368 0.1126 
 80       80   (0)      1 :  0.1312 0.2147 0.0002 0.1162 0.5001 0.0375 
 81       81   (0)      1 :  0.4951 0.0001 0.2765 0.0565 0.1285 0.0432 
 82       82   (0)      1 :  0.0779 0.4413 0.1216 0.0738 0.2090 0.0763 
 83       83   (0)      1 :  0.1857 0.3281 0.1042 0.1135 0.1370 0.1315 
 84       84   (0)      1 :  0.2319 0.3069 0.0045 0.0955 0.1735 0.1876 
 85       85   (0)      1 :  0.4891 0.1616 0.0848 0.1179 0.1150 0.0316 
 86       86   (0)      1 :  0.0893 0.1572 0.0967 0.3419 0.1393 0.1756 
 87       87   (0)      1 :  0.1453 0.0323 0.5207 0.0439 0.0766 0.1812 
 88       88   (0)      1 :  0.2022 0.3393 0.1977 0.0248 0.0375 0.1985 
 89       89   (0)      1 :  0.0408 0.4484 0.2741 0.1097 0.0000 0.1269 
 90       90   (0)      1 :  0.1032 0.0580 0.1803 0.1539 0.4676 0.0371 
 91       91   (0)      1 :  0.0304 0.9163 0.0000 0.0193 0.0089 0.0251 
 92       92   (0)      1 :  0.3202 0.0040 0.1732 0.1136 0.1799 0.2091 
 93       93   (0)      1 :  0.4027 0.0254 0.1853 0.2413 0.1034 0.0419 
 94       94   (0)      1 :  0.0278 0.2393 0.1931 0.1172 0.2682 0.1543 
 95       95   (0)      1 :  0.0745 0.1599 0.0734 0.0469 0.6145 0.0307 
 96       96   (0)      1 :  0.0515 0.1339 0.1159 0.0734 0.5044 0.1209 
 97       97   (0)      1 :  0.3255 0.1446 0.0379 0.1528 0.1817 0.1576 
 98       98   (0)      1 :  0.1565 0.2265 0.1345 0.0646 0.1474 0.2705 
 99       99   (0)      4 :  0.1678 0.3006 0.0000 0.0525 0.3904 0.0887 
100      100   (0)      4 :  0.1932 0.1451 0.0015 0.1781 0.2400 0.2421 
101      101   (0)      5 :  0.2542 0.3239 0.0532 0.0750 0.1704 0.1234 
102      102   (0)      5 :  0.3606 0.0509 0.0236 0.0408 0.0082 0.5161 
103      103   (0)      5 :  0.0610 0.0445 0.1413 0.0680 0.3927 0.2925 
104      104   (0)      5 :  0.4392 0.0521 0.0904 0.3127 0.0264 0.0792 
105      105   (0)      5 :  0.0000 0.4698 0.0140 0.4068 0.0338 0.0756 
106      106   (0)      4 :  0.1704 0.0759 0.5144 0.0153 0.0864 0.1376 
107      107   (0)      4 :  0.1035 0.3023 0.0773 0.1116 0.0736 0.3317 
108      108   (0)      4 :  0.1875 0.2236 0.1474 0.1969 0.0606 0.1839 
109      109   (0)      4 :  0.2352 0.2193 0.0813 0.2851 0.0651 0.1141 
110      110   (0)      4 :  0.5473 0.0519 0.1328 0.0689 0.1047 0.0945 
111      111   (0)      5 :  0.0445 0.1900 0.2222 0.2612 0.1878 0.0944 
112      112   (0)      5 :  0.0532 0.3340 0.0875 0.1834 0.1389 0.2030 
113      113   (0)      5 :  0.1100 0.1796 0.1556 0.2882 0.1846 0.0820 
114      114   (0)      5 :  0.6005 0.0285 0.0000 0.0998 0.1650 0.1062 
115      115   (0)      5 :  0.0240 0.0181 0.3522 0.0779 0.0341 0.4937 
116      116   (0)      5 :  0.3384 0.1152 0.1263 0.2107 0.1352 0.0742 
117      117   (0)      4 :  0.0940 0.2293 0.0203 0.3041 0.1996 0.1527 
118      118   (0)      4 :  0.0681 0.1110 0.5119 0.2095 0.0202 0.0794 
119      119   (0)      4 :  0.0721 0.0828 0.0000 0.0856 0.7017 0.0578 
120      120   (0)      4 :  0.1878 0.1678 0.0581 0.1616 0.2181 0.2065 
121      121   (0)      4 :  0.3350 0.0407 0.2075 0.2937 0.0114 0.1117 
122      122   (0)      4 :  0.0107 0.0554 0.6426 0.0330 0.1321 0.1262 
123      123   (0)      4 :  0.0070 0.3021 0.0949 0.2419 0.3040 0.0501 
124      124   (0)      4 :  0.0077 0.3224 0.0833 0.1002 0.2802 0.2063 
125      125   (0)      5 :  0.1480 0.3449 0.0018 0.0166 0.4070 0.0817 
126      126   (0)      5 :  0.1039 0.1250 0.2608 0.3817 0.0096 0.1191 
127      127   (0)      5 :  0.2149 0.2160 0.2053 0.0617 0.0000 0.3021 
128      128   (0)      5 :  0.0821 0.0391 0.6712 0.0435 0.0860 0.0781 
129      129   (0)      5 :  0.2561 0.0334 0.0730 0.4049 0.1117 0.1209 
130      130   (0)      5 :  0.0246 0.0000 0.4627 0.1166 0.1965 0.1996 
131      131   (0)      5 :  0.1860 0.0500 0.0252 0.3557 0.2730 0.1101 
132      132   (0)      5 :  0.0328 0.1850 0.0753 0.3366 0.0356 0.3347 
133      133   (0)      5 :  0.2785 0.0752 0.3018 0.1240 0.1116 0.1089 
134      134   (0)      5 :  0.0228 0.1021 0.1746 0.2913 0.3423 0.0668 
135      135   (0)      5 :  0.7321 0.0041 0.0086 0.0000 0.1934 0.0618 
136      136   (0)      5 :  0.3313 0.0501 0.4241 0.0695 0.0026 0.1224 
137      137   (0)      5 :  0.1583 0.0466 0.0157 0.2892 0.3764 0.1137 
138      138   (0)      5 :  0.2179 0.1278 0.0198 0.0642 0.2528 0.3175 
139      139   (0)      5 :  0.3879 0.0733 0.3073 0.0622 0.0638 0.1055 
140      140   (0)      5 :  0.2446 0.0361 0.2795 0.0315 0.0307 0.3776 
141      141   (0)      5 :  0.0351 0.1875 0.0601 0.0439 0.3941 0.2792 
142      142   (0)      5 :  0.0217 0.0574 0.4775 0.1211 0.2366 0.0857 
143      143   (0)      5 :  0.2875 0.1320 0.0315 0.2918 0.0751 0.1823 
144      144   (0)      6 :  0.1142 0.1566 0.2345 0.1407 0.1738 0.1802 
145      145   (0)      6 :  0.2376 0.0165 0.2300 0.0647 0.1180 0.3332 
146      146   (0)      6 :  0.0296 0.2081 0.0785 0.3254 0.1103 0.2480 
147      147   (0)      6 :  0.0540 0.0345 0.2739 0.2543 0.0613 0.3219 
148      148   (0)      6 :  0.3076 0.0466 0.0269 0.4387 0.1248 0.0555 
149      149   (0)      6 :  0.0795 0.0648 0.0369 0.0991 0.4857 0.2340 
150      150   (0)      6 :  0.1327 0.0000 0.5164 0.0361 0.0064 0.3083 
151      151   (0)      6 :  0.1282 0.0348 0.0435 0.6230 0.0580 0.1126 
152      152   (0)      6 :  0.2443 0.1688 0.0434 0.1278 0.2422 0.1735 
153      153   (0)      6 :  0.4778 0.0279 0.1267 0.2580 0.0075 0.1021 
154      154   (0)      6 :  0.1245 0.1052 0.1525 0.2480 0.0918 0.2779 
155      155   (0)      6 :  0.1061 0.0280 0.3525 0.0490 0.0452 0.4193 
156      156   (0)      6 :  0.3593 0.1017 0.2322 0.1931 0.0661 0.0476 
157      157   (0)      6 :  0.0620 0.2309 0.1233 0.3614 0.1208 0.1015 
158      158   (0)      6 :  0.2215 0.2961 0.0610 0.2944 0.0418 0.0853 
159      159   (0)      6 :  0.0628 0.1589 0.0648 0.3138 0.2126 0.1872 
160      160   (0)      6 :  0.2089 0.1000 0.5988 0.0507 0.0000 0.0415 
161      161   (0)      6 :  0.5458 0.0638 0.0039 0.0662 0.1474 0.1731 
162      162   (0)      6 :  0.4311 0.0126 0.1031 0.2100 0.1334 0.1099 
163      163   (0)      6 :  0.0305 0.1779 0.6783 0.0596 0.0481 0.0055 
164      164   (0)      6 :  0.4119 0.1078 0.1599 0.1137 0.1021 0.1046 
165      165   (0)      6 :  0.2701 0.2640 0.1550 0.0754 0.1544 0.0811 
166      166   (0)      6 :  0.0596 0.0578 0.0179 0.2175 0.5848 0.0624 
167      167   (0)      6 :  0.0314 0.2177 0.4322 0.2219 0.0917 0.0050 
168      168   (0)      6 :  0.0966 0.1081 0.1244 0.2102 0.0787 0.3821 
169      169   (0)      6 :  0.0377 0.2914 0.3423 0.0400 0.0569 0.2318 
170      170   (0)      6 :  0.1945 0.0095 0.2780 0.0732 0.4313 0.0136 
171      171   (0)      6 :  0.0990 0.2288 0.3194 0.1297 0.0566 0.1666 
172      172   (0)      4 :  0.0328 0.0000 0.3833 0.0588 0.3100 0.2151 
173      173   (0)      4 :  0.3934 0.1839 0.0294 0.0803 0.2485 0.0645 
174      174   (0)      7 :  0.1707 0.0451 0.0475 0.4244 0.2119 0.1004 
175      175   (0)      7 :  0.0305 0.9082 0.0000 0.0232 0.0000 0.0381 
176      176   (0)      7 :  0.3569 0.1140 0.2806 0.0839 0.0557 0.1089 
177      177   (0)      7 :  0.1320 0.3245 0.0000 0.1021 0.2900 0.1514 
178      178   (0)      7 :  0.2440 0.2154 0.1107 0.0570 0.2608 0.1121 
179      179   (0)      7 :  0.0470 0.0169 0.1298 0.0694 0.4484 0.2884 
180      180   (0)      7 :  0.0052 0.0617 0.1165 0.4934 0.0847 0.2385 
181      181   (0)      7 :  0.2390 0.1231 0.2429 0.0895 0.0698 0.2357 
182      182   (0)      7 :  0.2623 0.2666 0.0242 0.2057 0.1874 0.0537 
183      183   (0)      7 :  0.5996 0.0557 0.0433 0.0664 0.0652 0.1700 
184      184   (0)      7 :  0.0115 0.1319 0.4655 0.2524 0.0888 0.0499 
185      185   (0)      7 :  0.1799 0.3078 0.1077 0.3106 0.0815 0.0125 
186      186   (0)      7 :  0.3134 0.0224 0.1555 0.1582 0.1667 0.1838 
187      187   (0)      7 :  0.4981 0.0977 0.1284 0.0507 0.1230 0.1020 
188      188   (0)      7 :  0.2915 0.0716 0.0000 0.3747 0.1583 0.1038 
189      189   (0)      7 :  0.0109 0.1530 0.0903 0.3523 0.1965 0.1971 
190      190   (0)      7 :  0.0929 0.0562 0.4730 0.0463 0.3206 0.0111 
191      191   (0)      7 :  0.2189 0.1313 0.0667 0.1496 0.1071 0.3265 
192      192   (0)      7 :  0.0624 0.1732 0.1255 0.0370 0.2168 0.3851 
193      193   (0)      7 :  0.0529 0.3274 0.0582 0.2039 0.2710 0.0866 
194      194   (0)      7 :  0.0244 0.0409 0.1831 0.1628 0.1503 0.4384 
195      195   (0)      7 :  0.1131 0.4128 0.0872 0.1597 0.1038 0.1235 
196      196   (0)      7 :  0.1983 0.2825 0.0360 0.0969 0.0885 0.2978 
197      197   (0)      7 :  0.0478 0.1092 0.1180 0.1691 0.1993 0.3567 
198      198   (0)      7 :  0.4464 0.1651 0.0000 0.1504 0.1582 0.0799 
199      199   (0)      7 :  0.0377 0.3119 0.1271 0.1755 0.2592 0.0886 
200      200   (0)      7 :  0.1260 0.0811 0.1402 0.5114 0.0911 0.0502 
201      201   (0)      7 :  0.1439 0.2686 0.0000 0.4448 0.0668 0.0759 
202      202   (0)      7 :  0.5884 0.0635 0.0770 0.0783 0.1635 0.0293 
203      203   (0)      7 :  0.0177 0.2825 0.0137 0.1347 0.3010 0.2503 
