1        1   (0)      1  : 0.0000 1.0000 0.0000 0.0000 0.0000 0.0000 0.0000 0.0000 0.0000 0.0000
2        2   (0)      1  : 0.0000 0.0262 0.0181 0.0000 0.0000 0.0068 0.0000 0.7471 0.0900 0.1117
3        3   (0)      1  : 0.0000 0.8538 0.0000 0.0000 0.0870 0.0000 0.0000 0.0000 0.0000 0.0592
4        4   (0)      1  : 0.0000 0.0000 0.0801 0.0135 0.0115 0.1349 0.0000 0.5307 0.0865 0.1429
5        5   (0)      1  : 0.0000 0.8700 0.0000 0.0000 0.1085 0.0000 0.0000 0.0000 0.0000 0.0216
6        6   (0)      1  : 0.0000 0.7597 0.0000 0.0000 0.0308 0.0000 0.0000 0.0000 0.1116 0.0979
7        7   (0)      1  : 0.0653 0.0298 0.3277 0.0000 0.0180 0.0000 0.0000 0.4742 0.0370 0.0480
8        8   (0)      1  : 0.0000 0.0000 0.3452 0.0000 0.0000 0.1070 0.0000 0.4561 0.0487 0.0431
9        9   (0)      1  : 0.0000 1.0000 0.0000 0.0000 0.0000 0.0000 0.0000 0.0000 0.0000 0.0000
10       10   (0)      2  : 0.0000 0.0000 0.9375 0.0000 0.0000 0.0000 0.0000 0.0000 0.0000 0.0625
11       11   (0)      2  : 0.0000 0.0000 0.9873 0.0000 0.0000 0.0000 0.0000 0.0127 0.0000 0.0000
12       12   (0)      2  : 0.0000 0.0000 0.5283 0.0000 0.0000 0.0000 0.0000 0.3942 0.0265 0.0510
13       13   (0)      3  : 0.0000 0.0000 0.0000 0.0000 0.8257 0.0000 0.1725 0.0000 0.0000 0.0018
14       14   (0)      3  : 0.0000 0.0000 0.0000 0.0000 0.8441 0.0000 0.0000 0.0000 0.0000 0.1559
15       15   (0)      3  : 0.0000 0.0000 0.0000 0.0000 1.0000 0.0000 0.0000 0.0000 0.0000 0.0000
16       16   (0)      3  : 0.0000 0.0000 0.0000 0.0000 1.0000 0.0000 0.0000 0.0000 0.0000 0.0000
17       17   (0)      3  : 0.0000 0.3638 0.0000 0.0000 0.3844 0.0000 0.1508 0.0000 0.0914 0.0095
18       18   (0)      3  : 0.0000 0.0000 0.0000 0.0000 0.9375 0.0000 0.0000 0.0000 0.0000 0.0625
19       19   (0)      3  : 0.0000 0.0000 0.5093 0.0067 0.0335 0.2900 0.0000 0.1278 0.0055 0.0273
20       20   (0)      3  : 0.1399 0.0000 0.4095 0.0019 0.0000 0.3602 0.0000 0.0614 0.0000 0.0271
21       21   (0)      2  : 0.0000 0.1317 0.7164 0.0000 0.0014 0.0000 0.0000 0.1061 0.0094 0.0349
22       22   (0)      2  : 0.0000 0.0000 0.7360 0.0000 0.0000 0.0000 0.0000 0.2640 0.0000 0.0000
23       23   (0)      2  : 0.0000 0.0000 0.4089 0.0000 0.0000 0.0000 0.0000 0.5687 0.0224 0.0000
24       24   (0)      2  : 0.0000 0.0000 0.7344 0.0000 0.0000 0.0000 0.0000 0.2491 0.0165 0.0000
25       25   (0)      2  : 0.0000 0.0000 0.9765 0.0000 0.0000 0.0000 0.0000 0.0000 0.0000 0.0235
26       26   (0)      2  : 0.0000 0.0000 0.9964 0.0000 0.0000 0.0000 0.0000 0.0000 0.0000 0.0036
27       27   (0)      2  : 0.0000 0.0000 0.5243 0.0000 0.0141 0.0000 0.0000 0.3581 0.0235 0.0799
28       28   (0)      2  : 0.0000 0.0000 0.8243 0.0000 0.0000 0.0016 0.0000 0.1741 0.0000 0.0000
29       29   (0)      2  : 0.0000 0.0000 0.9154 0.0000 0.0000 0.0000 0.0000 0.0000 0.0144 0.0702
30       30   (0)      2  : 0.0000 0.0000 0.8472 0.0000 0.0000 0.0000 0.0000 0.1281 0.0052 0.0196
31       31   (0)      2  : 0.0000 0.1507 0.4699 0.0000 0.0596 0.0000 0.0000 0.0000 0.0625 0.2573
32       32   (0)      2  : 0.0000 0.0024 0.4899 0.0000 0.0200 0.0000 0.0000 0.0050 0.0928 0.3900
33       33   (0)      2  : 0.0000 0.0000 0.9349 0.0000 0.0000 0.0000 0.0000 0.0000 0.0132 0.0519
34       34   (0)      2  : 0.0000 0.0000 0.8875 0.0000 0.0000 0.0000 0.0000 0.0000 0.0218 0.0907
35       35   (0)      2  : 0.0000 0.0000 0.9788 0.0000 0.0000 0.0000 0.0000 0.0050 0.0000 0.0162
36       36   (0)      2  : 0.0000 0.0000 0.6342 0.0171 0.0000 0.0000 0.0000 0.3357 0.0130 0.0000
37       37   (0)      2  : 0.0000 0.6679 0.0570 0.0000 0.2205 0.0000 0.0000 0.0000 0.0066 0.0480
38       38   (0)      2  : 0.0000 0.0000 0.9883 0.0000 0.0000 0.0000 0.0000 0.0000 0.0000 0.0117
39       39   (0)      2  : 0.0129 0.0025 0.6839 0.0002 0.0114 0.0366 0.0084 0.0913 0.0438 0.1091
40       40   (0)      2  : 0.0012 0.0000 0.7447 0.0000 0.0014 0.0000 0.0000 0.1957 0.0217 0.0354
41       41   (0)      2  : 0.0000 0.0000 0.8226 0.0000 0.0005 0.0046 0.0837 0.0752 0.0123 0.0011
42       42   (0)      2  : 0.0000 0.0000 0.6362 0.0000 0.0000 0.0000 0.0000 0.3502 0.0136 0.0000
43       43   (0)      4  : 0.9578 0.0000 0.0000 0.0000 0.0000 0.0000 0.0000 0.0029 0.0000 0.0393
44       44   (0)      4  : 0.8740 0.0039 0.0000 0.0000 0.0000 0.0000 0.0001 0.0000 0.1217 0.0004
45       45   (0)      4  : 0.9111 0.0000 0.0000 0.0838 0.0000 0.0000 0.0000 0.0000 0.0000 0.0051
46       46   (0)      4  : 0.7744 0.0000 0.0012 0.0739 0.0000 0.1055 0.0000 0.0097 0.0000 0.0353
47       47   (0)      4  : 0.8503 0.0040 0.0000 0.0000 0.0000 0.0000 0.0017 0.0000 0.1386 0.0054
48       48   (0)      4  : 0.0292 0.0000 0.0000 0.0000 0.0436 0.0000 0.0336 0.0000 0.8694 0.0243
49       49   (0)      4  : 0.0132 0.0000 0.0000 0.0000 0.0639 0.0000 0.0338 0.0000 0.8750 0.0140
50       50   (0)      4  : 0.9285 0.0000 0.0000 0.0000 0.0000 0.0000 0.0000 0.0000 0.0497 0.0217
51       51   (0)      4  : 0.9264 0.0000 0.0000 0.0000 0.0000 0.0031 0.0000 0.0063 0.0000 0.0642
52       52   (0)      4  : 0.6262 0.0024 0.0030 0.2033 0.0055 0.0000 0.0004 0.0283 0.1046 0.0264
53       53   (0)      4  : 0.7230 0.0000 0.0000 0.1440 0.0000 0.0000 0.0078 0.0000 0.1099 0.0154
54       54   (0)      4  : 0.0144 0.0092 0.0000 0.0000 0.0417 0.0000 0.0597 0.0000 0.8750 0.0000
55       55   (0)      4  : 0.0112 0.0000 0.0000 0.0000 0.0732 0.0000 0.0406 0.0000 0.8750 0.0000
56       56   (0)      4  : 0.0321 0.0000 0.0000 0.0000 0.0728 0.0000 0.0201 0.0000 0.8750 0.0000
57       57   (0)      4  : 0.8576 0.0000 0.0000 0.1326 0.0000 0.0000 0.0000 0.0000 0.0000 0.0098
58       58   (0)      4  : 0.9194 0.0000 0.0001 0.0000 0.0000 0.0180 0.0000 0.0000 0.0000 0.0625
59       59   (0)      4  : 0.9375 0.0000 0.0000 0.0000 0.0000 0.0000 0.0000 0.0000 0.0000 0.0625
60       60   (0)      4  : 0.9313 0.0000 0.0000 0.0000 0.0000 0.0000 0.0000 0.0062 0.0000 0.0625
61       61   (0)      4  : 0.9293 0.0000 0.0000 0.0000 0.0000 0.0082 0.0000 0.0000 0.0000 0.0625
62       62   (0)      4  : 0.9097 0.0000 0.0000 0.0000 0.0000 0.0023 0.0000 0.0121 0.0684 0.0075
63       63   (0)      4  : 0.9375 0.0000 0.0000 0.0000 0.0000 0.0000 0.0000 0.0000 0.0000 0.0625
64       64   (0)      4  : 0.9226 0.0000 0.0000 0.0000 0.0000 0.0000 0.0024 0.0000 0.0583 0.0168
65       65   (0)      4  : 0.0000 0.0000 0.0000 0.0000 0.0670 0.0000 0.0580 0.0000 0.8750 0.0000
66       66   (0)      4  : 0.9440 0.0000 0.0000 0.0000 0.0000 0.0132 0.0033 0.0081 0.0000 0.0314
67       67   (0)      4  : 0.8635 0.0000 0.0000 0.1190 0.0000 0.0000 0.0000 0.0000 0.0000 0.0175
68       68   (0)      4  : 0.0190 0.0068 0.0000 0.0000 0.0468 0.0000 0.0341 0.0000 0.8777 0.0156
69       69   (0)      4  : 0.8638 0.0000 0.0000 0.0000 0.0000 0.0020 0.0000 0.1124 0.0000 0.0218
70       70   (0)      4  : 0.9463 0.0000 0.0000 0.0000 0.0000 0.0000 0.0001 0.0000 0.0536 0.0000
71       71   (0)      4  : 0.0029 0.0000 0.0000 0.0000 0.0732 0.0000 0.0489 0.0000 0.8750 0.0000
72       72   (0)      5  : 0.0000 0.0000 0.0000 0.0000 0.0000 0.9509 0.0000 0.0000 0.0121 0.0370
73       73   (0)      5  : 0.0111 0.0000 0.0076 0.3371 0.0000 0.5161 0.0000 0.0298 0.0437 0.0547
74       74   (0)      5  : 0.0535 0.0000 0.0000 0.1876 0.0000 0.7185 0.0000 0.0258 0.0000 0.0146
75       75   (0)      5  : 0.0023 0.0000 0.0000 0.0000 0.0000 0.8802 0.0000 0.1114 0.0000 0.0060
76       76   (0)      5  : 0.1337 0.0797 0.1088 0.1952 0.0000 0.4408 0.0000 0.0270 0.0032 0.0116
77       77   (0)      5  : 0.0000 0.0000 0.0000 0.0516 0.0000 0.8780 0.0000 0.0000 0.0000 0.0704
78       78   (0)      5  : 0.0000 0.0000 0.0000 0.0000 0.0000 0.9375 0.0000 0.0000 0.0000 0.0625
79       79   (0)      5  : 0.0000 0.0000 0.0000 0.0000 0.0000 1.0000 0.0000 0.0000 0.0000 0.0000
80       80   (0)      5  : 0.0000 0.0000 0.0000 0.0036 0.3595 0.0526 0.0831 0.0000 0.0266 0.4746
81       81   (0)      5  : 0.0000 0.0000 0.0000 0.0000 0.2254 0.3376 0.0000 0.0000 0.0000 0.4371
82       82   (0)      5  : 0.2536 0.0000 0.0000 0.2269 0.0000 0.4832 0.0000 0.0040 0.0000 0.0323
83       83   (0)      5  : 0.0000 0.0000 0.0000 0.0000 0.0000 0.9294 0.0000 0.0000 0.0000 0.0706
84       84   (0)      5  : 0.0000 0.0000 0.0000 0.0000 0.0000 0.9375 0.0000 0.0000 0.0000 0.0625
85       85   (0)      5  : 0.0000 0.0000 0.0000 0.0000 0.0000 0.9375 0.0000 0.0000 0.0000 0.0625
86       86   (0)      5  : 0.0000 0.0000 0.0000 0.0000 0.0000 0.9921 0.0000 0.0079 0.0000 0.0000
87       87   (0)      5  : 0.0000 0.0000 0.0000 0.0000 0.0000 0.9190 0.0000 0.0810 0.0000 0.0000
88       88   (0)      5  : 0.0000 0.0000 0.0000 0.0000 0.0000 1.0000 0.0000 0.0000 0.0000 0.0000
89       89   (0)      5  : 0.0000 0.0000 0.0000 0.0000 0.0000 0.9547 0.0000 0.0000 0.0082 0.0370
90       90   (0)      5  : 0.0000 0.0000 0.0000 0.0000 0.0000 1.0000 0.0000 0.0000 0.0000 0.0000
91       91   (0)      5  : 0.0000 0.0000 0.0000 0.0000 0.0000 0.9375 0.0000 0.0000 0.0000 0.0625
92       92   (0)      5  : 0.0000 0.0000 0.0000 0.0000 0.3215 0.1092 0.0719 0.0000 0.0000 0.4973
93       93   (0)      5  : 0.0026 0.0000 0.0293 0.0104 0.0000 0.9211 0.0000 0.0000 0.0293 0.0073
94       94   (0)      5  : 0.0168 0.0000 0.0000 0.2354 0.0000 0.6513 0.0000 0.0000 0.0000 0.0966
95       95   (0)      5  : 0.1544 0.0000 0.0000 0.0518 0.0000 0.7736 0.0000 0.0000 0.0000 0.0202
96       96   (0)      5  : 0.1303 0.0000 0.0251 0.1695 0.0000 0.6736 0.0000 0.0000 0.0010 0.0005
97       97   (0)      6  : 0.1220 0.0000 0.0106 0.0003 0.0053 0.4042 0.0000 0.3715 0.0561 0.0300
98       98   (0)      6  : 0.0000 0.0002 0.0001 0.0412 0.0000 0.0382 0.0000 0.8541 0.0410 0.0253
99       99   (0)      6  : 0.0000 0.7070 0.0000 0.0000 0.0639 0.0000 0.1592 0.0000 0.0000 0.0699
100      100   (0)      6  : 0.1550 0.0000 0.0579 0.0000 0.0000 0.1601 0.0000 0.5993 0.0001 0.0277
101      101   (0)      6  : 0.0000 0.1642 0.0000 0.0000 0.6115 0.0000 0.0000 0.0000 0.0000 0.2242
102      102   (0)      6  : 0.0000 0.7887 0.0000 0.0000 0.0206 0.0000 0.0934 0.0000 0.0644 0.0329
103      103   (0)      6  : 0.0000 0.3460 0.0000 0.0000 0.3425 0.0000 0.0000 0.0000 0.1153 0.1961
104      104   (0)      6  : 0.0590 0.0140 0.0101 0.0385 0.0066 0.2599 0.0000 0.2348 0.0866 0.2905
105      105   (0)      6  : 0.0000 0.5702 0.0000 0.0000 0.1253 0.0000 0.0000 0.0000 0.0000 0.3045
106      106   (0)      6  : 0.0000 0.0000 0.0000 0.0005 0.0000 0.1774 0.0000 0.8192 0.0000 0.0029
107      107   (0)      3  : 0.0000 0.1824 0.0000 0.0000 0.8176 0.0000 0.0000 0.0000 0.0000 0.0000
108      108   (0)      3  : 0.1519 0.0000 0.0000 0.0806 0.0137 0.2739 0.0000 0.4504 0.0000 0.0295
109      109   (0)      3  : 0.0000 0.0000 0.0000 0.0000 0.8930 0.0000 0.0000 0.0000 0.0000 0.1070
110      110   (0)      2  : 0.0000 0.0000 0.0103 0.0000 0.0000 0.0000 0.0000 0.9800 0.0097 0.0000
111      111   (0)      2  : 0.0000 0.3184 0.0000 0.0000 0.4043 0.0000 0.0054 0.0000 0.0000 0.2719
112      112   (0)      3  : 0.0000 0.0000 0.0000 0.0000 0.6021 0.0000 0.0000 0.0000 0.0000 0.3979
113      113   (0)      2  : 0.0000 0.0000 0.8788 0.0000 0.0000 0.0000 0.0000 0.0587 0.0000 0.0625
114      114   (0)      2  : 0.0000 0.3397 0.0000 0.0000 0.4946 0.0000 0.0000 0.0023 0.0010 0.1623
115      115   (0)      3  : 0.0000 0.0741 0.0000 0.0000 0.9259 0.0000 0.0000 0.0000 0.0000 0.0000
116      116   (0)      3  : 0.0000 0.0000 0.0000 0.0000 0.9966 0.0000 0.0015 0.0000 0.0000 0.0019
117      117   (0)      3  : 0.0000 0.0000 0.0000 0.0000 0.9484 0.0000 0.0516 0.0000 0.0000 0.0000
118      118   (0)      3  : 0.0000 0.1191 0.0000 0.0000 0.8022 0.0000 0.0000 0.0000 0.0000 0.0787
119      119   (0)      3  : 0.0000 0.0904 0.0000 0.0000 0.9005 0.0000 0.0000 0.0000 0.0000 0.0091
120      120   (0)      3  : 0.0829 0.0000 0.2004 0.0076 0.0000 0.3115 0.0000 0.3876 0.0000 0.0098
121      121   (0)      3  : 0.0000 0.0000 0.0000 0.0000 1.0000 0.0000 0.0000 0.0000 0.0000 0.0000
122      122   (0)      3  : 0.0000 0.1377 0.0000 0.0000 0.6735 0.0000 0.0786 0.0000 0.0021 0.1081
123      123   (0)      3  : 0.0000 0.0000 0.0000 0.0612 0.5577 0.0000 0.0725 0.0000 0.0083 0.3003
124      124   (0)      3  : 0.0000 0.0000 0.0000 0.0000 1.0000 0.0000 0.0000 0.0000 0.0000 0.0000
125      125   (0)      3  : 0.1024 0.0000 0.4306 0.0160 0.0183 0.1164 0.0000 0.2339 0.0136 0.0688
126      126   (0)      3  : 0.0000 0.0000 0.0000 0.0000 0.9108 0.0000 0.0000 0.0000 0.0000 0.0892
127      127   (0)      3  : 0.0000 0.0000 0.2254 0.0000 0.0000 0.1868 0.0000 0.5844 0.0021 0.0013
128      128   (0)      3  : 0.0000 0.0000 0.0000 0.0000 1.0000 0.0000 0.0000 0.0000 0.0000 0.0000
129      129   (0)      6  : 0.0002 0.1345 0.0000 0.0000 0.3961 0.0019 0.0000 0.0249 0.0131 0.4294
130      130   (0)      6  : 0.0003 0.0000 0.0000 0.1641 0.0000 0.1740 0.0000 0.6390 0.0000 0.0225
131      131   (0)      6  : 0.0000 0.2948 0.0000 0.0000 0.4241 0.0000 0.0443 0.0000 0.0000 0.2368
132      132   (0)      6  : 0.0000 0.0000 0.1837 0.0005 0.0000 0.2605 0.0000 0.5107 0.0380 0.0066
133      133   (0)      6  : 0.0000 1.0000 0.0000 0.0000 0.0000 0.0000 0.0000 0.0000 0.0000 0.0000
134      134   (0)      6  : 0.0000 0.2935 0.0000 0.0000 0.4098 0.0000 0.0001 0.0141 0.0000 0.2825
135      135   (0)      6  : 0.0000 0.2820 0.0000 0.0000 0.3126 0.0000 0.0000 0.0000 0.0000 0.4053
136      136   (0)      6  : 0.0000 0.3079 0.0000 0.0000 0.3467 0.0000 0.0221 0.0000 0.0000 0.3234
137      137   (0)      6  : 0.0000 0.3671 0.0000 0.0000 0.5166 0.0000 0.0000 0.0000 0.0000 0.1163
138      138   (0)      6  : 0.0000 0.3198 0.0000 0.0000 0.3853 0.0000 0.0000 0.0000 0.0000 0.2949
139      139   (0)      6  : 0.0000 0.0618 0.0000 0.0000 0.2906 0.0125 0.0000 0.0000 0.0356 0.5994
140      140   (0)      6  : 0.1146 0.0000 0.2864 0.1205 0.0140 0.1045 0.0000 0.2870 0.0261 0.0469
141      141   (0)      1  : 0.0000 0.0000 0.0000 0.0000 0.0000 0.0000 0.0000 0.9610 0.0390 0.0000
142      142   (0)      1  : 0.0000 0.2493 0.0000 0.0000 0.3997 0.0000 0.0000 0.0915 0.0061 0.2535
143      143   (0)      1  : 0.0000 0.0000 0.1250 0.1477 0.0000 0.0000 0.0000 0.6701 0.0527 0.0046
144      144   (0)      1  : 0.0000 0.0000 0.0000 0.0000 0.0000 0.0000 0.0000 0.7674 0.1446 0.0880
145      145   (0)      1  : 0.0000 0.0000 0.0000 0.0000 0.0000 0.0000 0.0000 0.9513 0.0487 0.0000
146      146   (0)      1  : 0.0000 1.0000 0.0000 0.0000 0.0000 0.0000 0.0000 0.0000 0.0000 0.0000
147      147   (0)      6  : 0.0000 0.4701 0.0000 0.0000 0.3888 0.0000 0.0000 0.0000 0.0024 0.1387
148      148   (0)      6  : 0.0000 0.0000 0.0000 0.0000 0.0000 0.0490 0.0000 0.9317 0.0184 0.0009
149      149   (0)      6  : 0.0013 0.7183 0.0205 0.0000 0.0681 0.0000 0.1082 0.0000 0.0057 0.0780
150      150   (0)      6  : 0.0181 0.5134 0.0000 0.0000 0.1714 0.0000 0.0000 0.0079 0.0000 0.2892
151      151   (0)      6  : 0.0000 0.7822 0.0000 0.0000 0.1084 0.0000 0.0000 0.0000 0.0000 0.1094
152      152   (0)      6  : 0.0000 0.3536 0.0000 0.0000 0.5570 0.0000 0.0000 0.0000 0.0000 0.0894
153      153   (0)      6  : 0.0322 0.0000 0.0000 0.0000 0.0000 0.1693 0.0000 0.7906 0.0000 0.0080
154      154   (0)      1  : 0.0000 0.0000 0.0000 0.0000 0.0000 0.0000 0.0000 0.9375 0.0625 0.0000
155      155   (0)      1  : 0.0000 1.0000 0.0000 0.0000 0.0000 0.0000 0.0000 0.0000 0.0000 0.0000
156      156   (0)      1  : 0.0000 1.0000 0.0000 0.0000 0.0000 0.0000 0.0000 0.0000 0.0000 0.0000
157      157   (0)      1  : 0.0000 1.0000 0.0000 0.0000 0.0000 0.0000 0.0000 0.0000 0.0000 0.0000
158      158   (0)      1  : 0.0000 0.0122 0.2464 0.0000 0.0000 0.0000 0.0000 0.6526 0.0413 0.0475
159      159   (0)      1  : 0.0000 0.0000 0.0000 0.0000 0.0000 0.0000 0.0000 0.9627 0.0373 0.0000
160      160   (0)      1  : 0.0000 0.0000 0.3241 0.0000 0.0000 0.0000 0.0000 0.6248 0.0447 0.0063
161      161   (0)      1  : 0.0000 1.0000 0.0000 0.0000 0.0000 0.0000 0.0000 0.0000 0.0000 0.0000
162      162   (0)      1  : 0.0000 0.0000 0.0659 0.0000 0.0000 0.0089 0.0000 0.7838 0.0639 0.0775
163      163   (0)      1  : 0.0000 0.0000 0.3628 0.0000 0.0000 0.0000 0.0000 0.5696 0.0436 0.0240
164      164   (0)      1  : 0.0000 1.0000 0.0000 0.0000 0.0000 0.0000 0.0000 0.0000 0.0000 0.0000
165      165   (0)      1  : 0.0000 0.9850 0.0000 0.0000 0.0023 0.0000 0.0000 0.0000 0.0000 0.0127
166      166   (0)      1  : 0.0000 0.0000 0.0000 0.0000 0.0000 0.0000 0.0000 0.6875 0.1250 0.1875
167      167   (0)      1  : 0.0000 0.9870 0.0000 0.0000 0.0000 0.0000 0.0000 0.0000 0.0000 0.0130
168      168   (0)      7  : 0.0000 0.0000 0.0000 0.6363 0.0000 0.0000 0.0000 0.3276 0.0000 0.0360
169      169   (0)      7  : 0.0000 0.0000 0.1555 0.6006 0.0000 0.1165 0.0000 0.0000 0.0085 0.1189
170      170   (0)      7  : 0.0000 0.0664 0.0000 0.7816 0.0000 0.0000 0.1238 0.0000 0.0000 0.0283
171      171   (0)      7  : 0.0000 0.0067 0.0000 0.7674 0.0000 0.0000 0.1398 0.0000 0.0021 0.0839
172      172   (0)      7  : 0.0000 0.0000 0.0000 1.0000 0.0000 0.0000 0.0000 0.0000 0.0000 0.0000
173      173   (0)      7  : 0.0000 0.0000 0.0000 0.7838 0.0000 0.1884 0.0000 0.0000 0.0000 0.0279
174      174   (0)      7  : 0.0000 0.0000 0.0000 0.9922 0.0000 0.0047 0.0000 0.0000 0.0000 0.0031
175      175   (0)      7  : 0.0000 0.0000 0.0000 0.0000 0.0000 0.0000 1.0000 0.0000 0.0000 0.0000
176      176   (0)      7  : 0.0000 0.0000 0.0000 0.9812 0.0000 0.0000 0.0000 0.0000 0.0000 0.0188
177      177   (0)      7  : 0.0000 0.0000 0.0000 1.0000 0.0000 0.0000 0.0000 0.0000 0.0000 0.0000
178      178   (0)      7  : 0.0000 0.0000 0.0000 0.0000 0.0000 0.0000 0.9109 0.0000 0.0000 0.0891
179      179   (0)      7  : 0.0000 0.0000 0.0000 0.0000 0.0000 0.0000 1.0000 0.0000 0.0000 0.0000
180      180   (0)      7  : 0.0000 0.0000 0.0000 1.0000 0.0000 0.0000 0.0000 0.0000 0.0000 0.0000
181      181   (0)      7  : 0.0000 0.0000 0.0024 0.9357 0.0000 0.0504 0.0000 0.0043 0.0000 0.0071
182      182   (0)      7  : 0.0000 0.0000 0.0000 0.8869 0.0000 0.0864 0.0000 0.0000 0.0000 0.0267
183      183   (0)      7  : 0.0000 0.0000 0.0000 0.6816 0.0000 0.0000 0.2258 0.0018 0.0046 0.0863
184      184   (0)      7  : 0.0000 0.0000 0.0000 0.0000 0.0000 0.0000 1.0000 0.0000 0.0000 0.0000
185      185   (0)      7  : 0.0000 0.0000 0.0000 0.9842 0.0000 0.0000 0.0157 0.0000 0.0000 0.0000
186      186   (0)      7  : 0.0000 0.0000 0.0000 0.0000 0.0000 0.0000 1.0000 0.0000 0.0000 0.0000
187      187   (0)      7  : 0.0000 0.0000 0.0000 0.8699 0.0000 0.1251 0.0000 0.0000 0.0000 0.0050
188      188   (0)      7  : 0.0000 0.0000 0.0000 0.0000 0.0000 0.0000 1.0000 0.0000 0.0000 0.0000
189      189   (0)      7  : 0.0000 0.0000 0.0000 0.5503 0.0000 0.1516 0.2710 0.0000 0.0000 0.0271
190      190   (0)      7  : 0.0000 0.0000 0.1081 0.6256 0.0000 0.1262 0.0731 0.0039 0.0139 0.0491
191      191   (0)      7  : 0.0029 0.0000 0.0000 0.9346 0.0000 0.0000 0.0000 0.0000 0.0000 0.0625
192      192   (0)      7  : 0.0612 0.0000 0.0000 0.5602 0.0000 0.0000 0.3210 0.0302 0.0000 0.0273
193      193   (0)      7  : 0.0310 0.0000 0.0000 0.9381 0.0000 0.0000 0.0192 0.0015 0.0000 0.0102
194      194   (0)      7  : 0.0000 0.0000 0.0000 0.0000 0.0000 0.0000 1.0000 0.0000 0.0000 0.0000
195      195   (0)      7  : 0.0000 0.0000 0.0000 0.7197 0.0000 0.2204 0.0412 0.0000 0.0000 0.0187
196      196   (0)      7  : 0.0000 0.0000 0.0000 0.0000 0.0000 0.0000 1.0000 0.0000 0.0000 0.0000
197      197   (0)      7  : 0.0000 0.0000 0.0000 0.0000 0.0000 0.0000 0.9943 0.0000 0.0000 0.0057
