  1        1   (0)      1 :  0.0000 0.0000 0.0000 0.0000 1.0000 0.0000 0.0000 0.0000 
  2        2   (0)      1 :  0.7792 0.0000 0.0259 0.0000 0.0426 0.1339 0.0000 0.0183 
  3        3   (0)      1 :  0.0000 0.1113 0.0000 0.0000 0.8887 0.0000 0.0000 0.0000 
  4        4   (0)      1 :  0.6185 0.0099 0.1627 0.0325 0.0000 0.1579 0.0000 0.0185 
  5        5   (0)      1 :  0.0000 0.0413 0.0000 0.0000 0.9587 0.0000 0.0000 0.0000 
  6        6   (0)      1 :  0.0000 0.2000 0.0000 0.0000 0.8000 0.0000 0.0000 0.0000 
  7        7   (0)      1 :  0.5043 0.0000 0.0000 0.0000 0.0439 0.3700 0.0723 0.0095 
  8        8   (0)      1 :  0.4932 0.0000 0.1131 0.0000 0.0000 0.3860 0.0000 0.0078 
  9        9   (0)      1 :  0.0000 0.0000 0.0000 0.0000 1.0000 0.0000 0.0000 0.0000 
 10       10   (0)      2 :  0.0000 0.0000 0.0000 0.0000 0.0000 0.9500 0.0000 0.0500 
 11       11   (0)      2 :  0.0472 0.0000 0.0000 0.0000 0.0000 0.9528 0.0000 0.0000 
 12       12   (0)      2 :  0.4298 0.0000 0.0000 0.0000 0.0000 0.5620 0.0000 0.0081 
 13       13   (0)      3 :  0.0000 0.8050 0.0000 0.0000 0.0000 0.0000 0.0000 0.1950 
 14       14   (0)      3 :  0.0000 0.9972 0.0000 0.0000 0.0019 0.0000 0.0000 0.0009 
 15       15   (0)      3 :  0.0000 0.9940 0.0000 0.0000 0.0030 0.0000 0.0000 0.0030 
 16       16   (0)      3 :  0.0000 0.9915 0.0000 0.0000 0.0062 0.0023 0.0000 0.0000 
 17       17   (0)      3 :  0.0000 0.4339 0.0000 0.0000 0.3797 0.0000 0.0000 0.1865 
 18       18   (0)      3 :  0.0000 0.9967 0.0000 0.0000 0.0033 0.0000 0.0000 0.0000 
 19       19   (0)      3 :  0.1288 0.0148 0.3101 0.0224 0.0000 0.5239 0.0000 0.0000 
 20       20   (0)      3 :  0.0374 0.0000 0.3888 0.0026 0.0000 0.4212 0.1500 0.0000 
 21       21   (0)      2 :  0.1109 0.0000 0.0000 0.0000 0.1310 0.7464 0.0000 0.0117 
 22       22   (0)      2 :  0.2663 0.0000 0.0000 0.0000 0.0000 0.7337 0.0000 0.0000 
 23       23   (0)      2 :  0.6125 0.0000 0.0000 0.0000 0.0000 0.3875 0.0000 0.0000 
 24       24   (0)      2 :  0.2826 0.0000 0.0000 0.0000 0.0000 0.7174 0.0000 0.0000 
 25       25   (0)      2 :  0.0000 0.0000 0.0000 0.0000 0.0000 0.9814 0.0000 0.0186 
 26       26   (0)      2 :  0.0000 0.0000 0.0000 0.0000 0.0000 1.0000 0.0000 0.0000 
 27       27   (0)      2 :  0.3784 0.0036 0.0000 0.0000 0.0000 0.5967 0.0000 0.0213 
 28       28   (0)      2 :  0.1989 0.0000 0.0000 0.0000 0.0000 0.8011 0.0000 0.0000 
 29       29   (0)      2 :  0.0000 0.0000 0.0000 0.0000 0.0000 0.9781 0.0000 0.0219 
 30       30   (0)      2 :  0.1453 0.0000 0.0000 0.0000 0.0000 0.8449 0.0000 0.0098 
 31       31   (0)      2 :  0.0000 0.0556 0.0000 0.0000 0.2333 0.6611 0.0000 0.0500 
 32       32   (0)      2 :  0.0053 0.1797 0.0000 0.0000 0.0142 0.7494 0.0004 0.0510 
 33       33   (0)      2 :  0.0000 0.0000 0.0000 0.0000 0.0000 0.9886 0.0000 0.0114 
 34       34   (0)      2 :  0.0000 0.0000 0.0000 0.0000 0.0000 0.9792 0.0000 0.0208 
 35       35   (0)      2 :  0.0000 0.0000 0.0000 0.0000 0.0000 0.9875 0.0000 0.0125 
 36       36   (0)      2 :  0.3619 0.0000 0.0000 0.0238 0.0000 0.6143 0.0000 0.0000 
 37       37   (0)      2 :  0.0000 0.2073 0.0000 0.0000 0.7043 0.0819 0.0000 0.0065 
 38       38   (0)      2 :  0.0000 0.0000 0.0000 0.0000 0.0000 0.9909 0.0000 0.0091 
 39       39   (0)      2 :  0.1321 0.0000 0.0553 0.0000 0.0003 0.7482 0.0138 0.0504 
 40       40   (0)      2 :  0.2090 0.0000 0.0000 0.0000 0.0000 0.7805 0.0000 0.0105 
 41       41   (0)      2 :  0.1354 0.0012 0.0016 0.0000 0.0000 0.7819 0.0000 0.0799 
 42       42   (0)      2 :  0.3874 0.0000 0.0000 0.0000 0.0000 0.6126 0.0000 0.0000 
 43       43   (0)      4 :  0.0000 0.0000 0.0000 0.0000 0.0000 0.0000 1.0000 0.0000 
 44       44   (0)      4 :  0.0000 0.0000 0.0000 0.0000 0.0318 0.0000 0.9631 0.0050 
 45       45   (0)      4 :  0.0000 0.0000 0.0000 0.0905 0.0000 0.0000 0.9095 0.0000 
 46       46   (0)      4 :  0.0000 0.0000 0.1294 0.0834 0.0000 0.0013 0.7858 0.0000 
 47       47   (0)      4 :  0.0000 0.0015 0.0000 0.0000 0.0332 0.0000 0.9244 0.0408 
 48       48   (0)      4 :  0.0000 0.4178 0.0000 0.0000 0.0000 0.0000 0.2487 0.3335 
 49       49   (0)      4 :  0.0000 0.5380 0.0000 0.0000 0.0000 0.0000 0.1126 0.3493 
 50       50   (0)      4 :  0.0000 0.0000 0.0000 0.0000 0.0000 0.0000 1.0000 0.0000 
 51       51   (0)      4 :  0.0000 0.0000 0.0440 0.0000 0.0000 0.0000 0.9560 0.0000 
 52       52   (0)      4 :  0.0401 0.0248 0.0000 0.2269 0.0325 0.0011 0.6524 0.0223 
 53       53   (0)      4 :  0.0000 0.0026 0.0000 0.1549 0.0000 0.0000 0.7700 0.0725 
 54       54   (0)      4 :  0.0000 0.2682 0.0000 0.0000 0.0892 0.0000 0.1155 0.5271 
 55       55   (0)      4 :  0.0000 0.4209 0.0000 0.0000 0.0564 0.0000 0.1183 0.4045 
 56       56   (0)      4 :  0.0000 0.5128 0.0000 0.0000 0.0000 0.0000 0.2608 0.2265 
 57       57   (0)      4 :  0.0000 0.0000 0.0000 0.1597 0.0000 0.0000 0.8403 0.0000 
 58       58   (0)      4 :  0.0000 0.0000 0.0657 0.0000 0.0000 0.0000 0.9343 0.0000 
 59       59   (0)      4 :  0.0000 0.0000 0.0000 0.0000 0.0000 0.0000 1.0000 0.0000 
 60       60   (0)      4 :  0.0000 0.0000 0.0000 0.0000 0.0000 0.0000 1.0000 0.0000 
 61       61   (0)      4 :  0.0000 0.0000 0.0634 0.0000 0.0000 0.0000 0.9366 0.0000 
 62       62   (0)      4 :  0.0261 0.0000 0.0002 0.0000 0.0000 0.0000 0.9712 0.0025 
 63       63   (0)      4 :  0.0000 0.0000 0.0000 0.0000 0.0000 0.0000 1.0000 0.0000 
 64       64   (0)      4 :  0.0000 0.0000 0.0000 0.0000 0.0000 0.0000 0.9823 0.0177 
 65       65   (0)      4 :  0.0000 0.4351 0.0000 0.0000 0.0325 0.0000 0.0000 0.5324 
 66       66   (0)      4 :  0.0000 0.0000 0.0713 0.0000 0.0000 0.0003 0.9265 0.0019 
 67       67   (0)      4 :  0.0000 0.0000 0.0000 0.1407 0.0000 0.0000 0.8593 0.0000 
 68       68   (0)      4 :  0.0000 0.4154 0.0000 0.0000 0.0668 0.0000 0.1656 0.3522 
 69       69   (0)      4 :  0.1094 0.0000 0.0102 0.0000 0.0000 0.0000 0.8804 0.0000 
 70       70   (0)      4 :  0.0000 0.0000 0.0000 0.0000 0.0000 0.0000 0.9977 0.0023 
 71       71   (0)      4 :  0.0000 0.4690 0.0000 0.0000 0.0000 0.0000 0.0405 0.4906 
 72       72   (0)      5 :  0.0000 0.0000 1.0000 0.0000 0.0000 0.0000 0.0000 0.0000 
 73       73   (0)      5 :  0.0146 0.0274 0.5341 0.3742 0.0000 0.0100 0.0353 0.0043 
 74       74   (0)      5 :  0.0000 0.0000 0.7445 0.1906 0.0000 0.0002 0.0647 0.0000 
 75       75   (0)      5 :  0.0908 0.0000 0.9065 0.0000 0.0000 0.0000 0.0027 0.0000 
 76       76   (0)      5 :  0.0307 0.0000 0.4537 0.1945 0.0792 0.1009 0.1411 0.0000 
 77       77   (0)      5 :  0.0000 0.0000 0.9257 0.0743 0.0000 0.0000 0.0000 0.0000 
 78       78   (0)      5 :  0.0000 0.0000 1.0000 0.0000 0.0000 0.0000 0.0000 0.0000 
 79       79   (0)      5 :  0.0000 0.0000 1.0000 0.0000 0.0000 0.0000 0.0000 0.0000 
 80       80   (0)      5 :  0.0000 0.7270 0.0976 0.0238 0.0000 0.0000 0.0000 0.1517 
 81       81   (0)      5 :  0.0000 0.4943 0.4954 0.0000 0.0102 0.0000 0.0000 0.0000 
 82       82   (0)      5 :  0.0000 0.0000 0.4981 0.2344 0.0000 0.0000 0.2675 0.0000 
 83       83   (0)      5 :  0.0000 0.0000 1.0000 0.0000 0.0000 0.0000 0.0000 0.0000 
 84       84   (0)      5 :  0.0000 0.0000 1.0000 0.0000 0.0000 0.0000 0.0000 0.0000 
 85       85   (0)      5 :  0.0000 0.0000 1.0000 0.0000 0.0000 0.0000 0.0000 0.0000 
 86       86   (0)      5 :  0.0000 0.0000 1.0000 0.0000 0.0000 0.0000 0.0000 0.0000 
 87       87   (0)      5 :  0.0404 0.0000 0.9596 0.0000 0.0000 0.0000 0.0000 0.0000 
 88       88   (0)      5 :  0.0000 0.0000 1.0000 0.0000 0.0000 0.0000 0.0000 0.0000 
 89       89   (0)      5 :  0.0000 0.0000 0.9910 0.0000 0.0000 0.0000 0.0000 0.0090 
 90       90   (0)      5 :  0.0000 0.0000 1.0000 0.0000 0.0000 0.0000 0.0000 0.0000 
 91       91   (0)      5 :  0.0000 0.0000 1.0000 0.0000 0.0000 0.0000 0.0000 0.0000 
 92       92   (0)      5 :  0.0000 0.6901 0.1987 0.0000 0.0000 0.0000 0.0000 0.1112 
 93       93   (0)      5 :  0.0000 0.0000 0.9478 0.0004 0.0000 0.0321 0.0115 0.0082 
 94       94   (0)      5 :  0.0000 0.0000 0.7035 0.2829 0.0000 0.0000 0.0123 0.0013 
 95       95   (0)      5 :  0.0000 0.0000 0.7947 0.0405 0.0000 0.0000 0.1648 0.0000 
 96       96   (0)      5 :  0.0000 0.0000 0.6716 0.1704 0.0000 0.0255 0.1325 0.0000 
 97       97   (0)      6 :  0.3744 0.0112 0.4222 0.0000 0.0000 0.0233 0.1623 0.0065 
 98       98   (0)      6 :  0.8568 0.0000 0.0680 0.0705 0.0000 0.0000 0.0000 0.0047 
 99       99   (0)      6 :  0.0000 0.1235 0.0000 0.0000 0.7468 0.0000 0.0000 0.1297 
100      100   (0)      6 :  0.5611 0.0003 0.1807 0.0000 0.0000 0.0814 0.1695 0.0070 
101      101   (0)      6 :  0.0000 0.7772 0.0000 0.0000 0.2228 0.0000 0.0000 0.0000 
102      102   (0)      6 :  0.0000 0.0671 0.0000 0.0000 0.8167 0.0000 0.0000 0.1162 
103      103   (0)      6 :  0.0000 0.5755 0.0000 0.0000 0.4127 0.0000 0.0000 0.0118 
104      104   (0)      6 :  0.2787 0.0971 0.2857 0.0665 0.0841 0.0700 0.1009 0.0170 
105      105   (0)      6 :  0.0000 0.2980 0.0000 0.0000 0.7020 0.0000 0.0000 0.0000 
106      106   (0)      6 :  0.7998 0.0000 0.2002 0.0000 0.0000 0.0000 0.0000 0.0000 
107      107   (0)      3 :  0.0000 0.7426 0.0000 0.0000 0.2567 0.0000 0.0006 0.0000 
108      108   (0)      3 :  0.4235 0.0000 0.3096 0.1060 0.0000 0.0000 0.1608 0.0000 
109      109   (0)      3 :  0.0000 0.9922 0.0000 0.0000 0.0078 0.0000 0.0000 0.0000 
110      110   (0)      2 :  0.9924 0.0000 0.0000 0.0000 0.0000 0.0076 0.0000 0.0000 
111      111   (0)      2 :  0.0000 0.5593 0.0000 0.0000 0.4365 0.0000 0.0000 0.0042 
112      112   (0)      3 :  0.0000 0.9851 0.0017 0.0000 0.0122 0.0000 0.0000 0.0010 
113      113   (0)      2 :  0.0880 0.0000 0.0000 0.0000 0.0000 0.8620 0.0000 0.0500 
114      114   (0)      2 :  0.0124 0.6129 0.0000 0.0000 0.3748 0.0000 0.0000 0.0000 
115      115   (0)      3 :  0.0000 0.8365 0.0000 0.0000 0.1635 0.0000 0.0000 0.0000 
116      116   (0)      3 :  0.0000 0.9781 0.0000 0.0000 0.0044 0.0000 0.0000 0.0175 
117      117   (0)      3 :  0.0013 0.8760 0.0000 0.0000 0.0095 0.0000 0.0000 0.1131 
118      118   (0)      3 :  0.0000 0.8498 0.0000 0.0000 0.1493 0.0000 0.0000 0.0009 
119      119   (0)      3 :  0.0000 0.8406 0.0000 0.0000 0.1594 0.0000 0.0000 0.0000 
120      120   (0)      3 :  0.3381 0.0000 0.3511 0.0138 0.0000 0.2174 0.0796 0.0000 
121      121   (0)      3 :  0.0000 0.9919 0.0000 0.0000 0.0081 0.0000 0.0000 0.0000 
122      122   (0)      3 :  0.0000 0.7351 0.0000 0.0175 0.1566 0.0000 0.0000 0.0908 
123      123   (0)      3 :  0.0000 0.7544 0.0000 0.1232 0.0407 0.0000 0.0000 0.0818 
124      124   (0)      3 :  0.0000 1.0000 0.0000 0.0000 0.0000 0.0000 0.0000 0.0000 
125      125   (0)      3 :  0.2355 0.0167 0.1399 0.0223 0.0000 0.4660 0.1053 0.0144 
126      126   (0)      3 :  0.0000 0.9926 0.0000 0.0000 0.0074 0.0000 0.0000 0.0000 
127      127   (0)      3 :  0.5576 0.0000 0.1994 0.0000 0.0000 0.2430 0.0000 0.0000 
128      128   (0)      3 :  0.0000 1.0000 0.0000 0.0000 0.0000 0.0000 0.0000 0.0000 
129      129   (0)      6 :  0.0730 0.6875 0.0000 0.0000 0.2295 0.0000 0.0001 0.0099 
130      130   (0)      6 :  0.6132 0.0000 0.1946 0.1922 0.0000 0.0000 0.0000 0.0000 
131      131   (0)      6 :  0.0000 0.5882 0.0000 0.0000 0.3590 0.0000 0.0000 0.0529 
132      132   (0)      6 :  0.5406 0.0000 0.2682 0.0000 0.0000 0.1872 0.0000 0.0040 
133      133   (0)      6 :  0.0000 0.0000 0.0000 0.0000 1.0000 0.0000 0.0000 0.0000 
134      134   (0)      6 :  0.0317 0.5963 0.0009 0.0000 0.3698 0.0000 0.0000 0.0013 
135      135   (0)      6 :  0.0000 0.6498 0.0000 0.0000 0.3462 0.0000 0.0000 0.0040 
136      136   (0)      6 :  0.0000 0.5736 0.0000 0.0000 0.3978 0.0000 0.0000 0.0286 
137      137   (0)      6 :  0.0000 0.5819 0.0000 0.0000 0.4181 0.0000 0.0000 0.0000 
138      138   (0)      6 :  0.0000 0.6074 0.0000 0.0000 0.3926 0.0000 0.0000 0.0000 
139      139   (0)      6 :  0.0000 0.7767 0.0589 0.0000 0.1557 0.0000 0.0000 0.0088 
140      140   (0)      6 :  0.2971 0.0251 0.1079 0.1215 0.0000 0.3249 0.1139 0.0096 
141      141   (0)      1 :  1.0000 0.0000 0.0000 0.0000 0.0000 0.0000 0.0000 0.0000 
142      142   (0)      1 :  0.1119 0.5026 0.0000 0.0000 0.3855 0.0000 0.0000 0.0000 
143      143   (0)      1 :  0.7135 0.0000 0.0000 0.1559 0.0000 0.1307 0.0000 0.0000 
144      144   (0)      1 :  0.9682 0.0000 0.0000 0.0000 0.0001 0.0000 0.0000 0.0317 
145      145   (0)      1 :  1.0000 0.0000 0.0000 0.0000 0.0000 0.0000 0.0000 0.0000 
146      146   (0)      1 :  0.0000 0.0000 0.0000 0.0000 1.0000 0.0000 0.0000 0.0000 
147      147   (0)      6 :  0.0000 0.4699 0.0000 0.0000 0.5301 0.0000 0.0000 0.0000 
148      148   (0)      6 :  0.9304 0.0000 0.0696 0.0000 0.0000 0.0000 0.0000 0.0000 
149      149   (0)      6 :  0.0000 0.1124 0.0000 0.0000 0.7379 0.0452 0.0000 0.1044 
150      150   (0)      6 :  0.0281 0.3746 0.0000 0.0000 0.5523 0.0000 0.0410 0.0040 
151      151   (0)      6 :  0.0000 0.0548 0.0000 0.0000 0.9452 0.0000 0.0000 0.0000 
152      152   (0)      6 :  0.0000 0.6203 0.0000 0.0000 0.3797 0.0000 0.0000 0.0000 
153      153   (0)      6 :  0.7704 0.0000 0.2080 0.0000 0.0000 0.0000 0.0216 0.0000 
154      154   (0)      1 :  1.0000 0.0000 0.0000 0.0000 0.0000 0.0000 0.0000 0.0000 
155      155   (0)      1 :  0.0000 0.0000 0.0000 0.0000 1.0000 0.0000 0.0000 0.0000 
156      156   (0)      1 :  0.0000 0.0000 0.0000 0.0000 1.0000 0.0000 0.0000 0.0000 
157      157   (0)      1 :  0.0000 0.0000 0.0000 0.0000 1.0000 0.0000 0.0000 0.0000 
158      158   (0)      1 :  0.6752 0.0000 0.0000 0.0000 0.0140 0.2951 0.0000 0.0156 
159      159   (0)      1 :  1.0000 0.0000 0.0000 0.0000 0.0000 0.0000 0.0000 0.0000 
160      160   (0)      1 :  0.6602 0.0000 0.0000 0.0000 0.0000 0.3348 0.0000 0.0050 
161      161   (0)      1 :  0.0000 0.0000 0.0000 0.0000 1.0000 0.0000 0.0000 0.0000 
162      162   (0)      1 :  0.8077 0.0000 0.0313 0.0000 0.0000 0.1480 0.0000 0.0130 
163      163   (0)      1 :  0.6233 0.0000 0.0000 0.0000 0.0000 0.3767 0.0000 0.0000 
164      164   (0)      1 :  0.0000 0.0000 0.0000 0.0000 1.0000 0.0000 0.0000 0.0000 
165      165   (0)      1 :  0.0000 0.0000 0.0000 0.0000 1.0000 0.0000 0.0000 0.0000 
166      166   (0)      1 :  1.0000 0.0000 0.0000 0.0000 0.0000 0.0000 0.0000 0.0000 
167      167   (0)      1 :  0.0000 0.0000 0.0000 0.0000 1.0000 0.0000 0.0000 0.0000 
168      168   (0)      7 :  0.3264 0.0000 0.0000 0.6736 0.0000 0.0000 0.0000 0.0000 
169      169   (0)      7 :  0.0000 0.0000 0.1234 0.6499 0.0000 0.2133 0.0000 0.0134 
170      170   (0)      7 :  0.0000 0.0000 0.0000 0.8126 0.0733 0.0000 0.0000 0.1142 
171      171   (0)      7 :  0.0000 0.0000 0.0000 0.8357 0.0255 0.0000 0.0000 0.1389 
172      172   (0)      7 :  0.0000 0.0000 0.0000 1.0000 0.0000 0.0000 0.0000 0.0000 
173      173   (0)      7 :  0.0000 0.0000 0.1907 0.8091 0.0000 0.0000 0.0000 0.0001 
174      174   (0)      7 :  0.0000 0.0000 0.0007 0.9993 0.0000 0.0000 0.0000 0.0000 
175      175   (0)      7 :  0.0000 0.0462 0.0000 0.0038 0.0000 0.0000 0.0000 0.9500 
176      176   (0)      7 :  0.0000 0.0000 0.0000 1.0000 0.0000 0.0000 0.0000 0.0000 
177      177   (0)      7 :  0.0000 0.0000 0.0000 1.0000 0.0000 0.0000 0.0000 0.0000 
178      178   (0)      7 :  0.0000 0.1509 0.0000 0.0070 0.0000 0.0000 0.0000 0.8421 
179      179   (0)      7 :  0.0000 0.0468 0.0000 0.0000 0.0032 0.0000 0.0000 0.9500 
180      180   (0)      7 :  0.0000 0.0000 0.0000 1.0000 0.0000 0.0000 0.0000 0.0000 
181      181   (0)      7 :  0.0000 0.0000 0.0576 0.9347 0.0000 0.0013 0.0065 0.0000 
182      182   (0)      7 :  0.0000 0.0000 0.0923 0.9077 0.0000 0.0000 0.0000 0.0000 
183      183   (0)      7 :  0.0000 0.0063 0.0000 0.7786 0.0000 0.0000 0.0000 0.2151 
184      184   (0)      7 :  0.0000 0.0417 0.0000 0.0042 0.0041 0.0000 0.0000 0.9500 
185      185   (0)      7 :  0.0000 0.0000 0.0000 1.0000 0.0000 0.0000 0.0000 0.0000 
186      186   (0)      7 :  0.0000 0.0482 0.0000 0.0018 0.0000 0.0000 0.0000 0.9500 
187      187   (0)      7 :  0.0000 0.0000 0.1372 0.8628 0.0000 0.0000 0.0000 0.0000 
188      188   (0)      7 :  0.0000 0.0500 0.0000 0.0000 0.0000 0.0000 0.0000 0.9500 
189      189   (0)      7 :  0.0000 0.0109 0.1431 0.5831 0.0000 0.0000 0.0000 0.2629 
190      190   (0)      7 :  0.0000 0.0000 0.1400 0.6446 0.0000 0.1173 0.0000 0.0981 
191      191   (0)      7 :  0.0000 0.0000 0.0000 1.0000 0.0000 0.0000 0.0000 0.0000 
192      192   (0)      7 :  0.0209 0.0114 0.0000 0.6084 0.0000 0.0000 0.0519 0.3074 
193      193   (0)      7 :  0.0000 0.0000 0.0000 0.9459 0.0000 0.0000 0.0325 0.0216 
194      194   (0)      7 :  0.0000 0.0458 0.0000 0.0042 0.0000 0.0000 0.0000 0.9500 
195      195   (0)      7 :  0.0000 0.0000 0.2284 0.7390 0.0000 0.0000 0.0000 0.0326 
196      196   (0)      7 :  0.0000 0.0500 0.0000 0.0000 0.0000 0.0000 0.0000 0.9500 
197      197   (0)      7 :  0.0000 0.0425 0.0000 0.0075 0.0000 0.0000 0.0000 0.9500 
